[2025-06-03T06:39:47.664+0000] {processor.py:157} INFO - Started process (PID=56) to work on /home/airflow/.local/lib/python3.10/site-packages/airflow/example_dags/tutorial_dag.py
[2025-06-03T06:39:47.666+0000] {processor.py:829} INFO - Processing file /home/airflow/.local/lib/python3.10/site-packages/airflow/example_dags/tutorial_dag.py for tasks to queue
[2025-06-03T06:39:47.678+0000] {logging_mixin.py:154} INFO - [2025-06-03T06:39:47.678+0000] {dagbag.py:536} INFO - Filling up the DagBag from /home/airflow/.local/lib/python3.10/site-packages/airflow/example_dags/tutorial_dag.py
[2025-06-03T06:39:47.701+0000] {processor.py:839} INFO - DAG(s) dict_keys(['tutorial_dag']) retrieved from /home/airflow/.local/lib/python3.10/site-packages/airflow/example_dags/tutorial_dag.py
[2025-06-03T06:39:47.781+0000] {logging_mixin.py:154} INFO - [2025-06-03T06:39:47.780+0000] {dag.py:2941} INFO - Sync 1 DAGs
[2025-06-03T06:39:47.815+0000] {logging_mixin.py:154} INFO - [2025-06-03T06:39:47.815+0000] {dag.py:3722} INFO - Setting next_dagrun for tutorial_dag to None, run_after=None
[2025-06-03T06:39:47.889+0000] {processor.py:179} INFO - Processing /home/airflow/.local/lib/python3.10/site-packages/airflow/example_dags/tutorial_dag.py took 0.251 seconds
[2025-06-03T06:40:18.685+0000] {processor.py:157} INFO - Started process (PID=111) to work on /home/airflow/.local/lib/python3.10/site-packages/airflow/example_dags/tutorial_dag.py
[2025-06-03T06:40:18.686+0000] {processor.py:829} INFO - Processing file /home/airflow/.local/lib/python3.10/site-packages/airflow/example_dags/tutorial_dag.py for tasks to queue
[2025-06-03T06:40:18.689+0000] {logging_mixin.py:154} INFO - [2025-06-03T06:40:18.689+0000] {dagbag.py:536} INFO - Filling up the DagBag from /home/airflow/.local/lib/python3.10/site-packages/airflow/example_dags/tutorial_dag.py
[2025-06-03T06:40:18.696+0000] {processor.py:839} INFO - DAG(s) dict_keys(['tutorial_dag']) retrieved from /home/airflow/.local/lib/python3.10/site-packages/airflow/example_dags/tutorial_dag.py
[2025-06-03T06:40:18.724+0000] {logging_mixin.py:154} INFO - [2025-06-03T06:40:18.723+0000] {dag.py:2941} INFO - Sync 1 DAGs
[2025-06-03T06:40:18.742+0000] {logging_mixin.py:154} INFO - [2025-06-03T06:40:18.742+0000] {dag.py:3722} INFO - Setting next_dagrun for tutorial_dag to None, run_after=None
[2025-06-03T06:40:18.767+0000] {processor.py:179} INFO - Processing /home/airflow/.local/lib/python3.10/site-packages/airflow/example_dags/tutorial_dag.py took 0.087 seconds
[2025-06-03T06:40:49.053+0000] {processor.py:157} INFO - Started process (PID=167) to work on /home/airflow/.local/lib/python3.10/site-packages/airflow/example_dags/tutorial_dag.py
[2025-06-03T06:40:49.055+0000] {processor.py:829} INFO - Processing file /home/airflow/.local/lib/python3.10/site-packages/airflow/example_dags/tutorial_dag.py for tasks to queue
[2025-06-03T06:40:49.059+0000] {logging_mixin.py:154} INFO - [2025-06-03T06:40:49.059+0000] {dagbag.py:536} INFO - Filling up the DagBag from /home/airflow/.local/lib/python3.10/site-packages/airflow/example_dags/tutorial_dag.py
[2025-06-03T06:40:49.066+0000] {processor.py:839} INFO - DAG(s) dict_keys(['tutorial_dag']) retrieved from /home/airflow/.local/lib/python3.10/site-packages/airflow/example_dags/tutorial_dag.py
[2025-06-03T06:40:49.091+0000] {logging_mixin.py:154} INFO - [2025-06-03T06:40:49.090+0000] {dag.py:2941} INFO - Sync 1 DAGs
[2025-06-03T06:40:49.108+0000] {logging_mixin.py:154} INFO - [2025-06-03T06:40:49.108+0000] {dag.py:3722} INFO - Setting next_dagrun for tutorial_dag to None, run_after=None
[2025-06-03T06:40:49.129+0000] {processor.py:179} INFO - Processing /home/airflow/.local/lib/python3.10/site-packages/airflow/example_dags/tutorial_dag.py took 0.081 seconds
[2025-06-03T06:41:19.722+0000] {processor.py:157} INFO - Started process (PID=223) to work on /home/airflow/.local/lib/python3.10/site-packages/airflow/example_dags/tutorial_dag.py
[2025-06-03T06:41:19.723+0000] {processor.py:829} INFO - Processing file /home/airflow/.local/lib/python3.10/site-packages/airflow/example_dags/tutorial_dag.py for tasks to queue
[2025-06-03T06:41:19.726+0000] {logging_mixin.py:154} INFO - [2025-06-03T06:41:19.726+0000] {dagbag.py:536} INFO - Filling up the DagBag from /home/airflow/.local/lib/python3.10/site-packages/airflow/example_dags/tutorial_dag.py
[2025-06-03T06:41:19.733+0000] {processor.py:839} INFO - DAG(s) dict_keys(['tutorial_dag']) retrieved from /home/airflow/.local/lib/python3.10/site-packages/airflow/example_dags/tutorial_dag.py
[2025-06-03T06:41:19.759+0000] {logging_mixin.py:154} INFO - [2025-06-03T06:41:19.758+0000] {dag.py:2941} INFO - Sync 1 DAGs
[2025-06-03T06:41:19.776+0000] {logging_mixin.py:154} INFO - [2025-06-03T06:41:19.776+0000] {dag.py:3722} INFO - Setting next_dagrun for tutorial_dag to None, run_after=None
[2025-06-03T06:41:19.801+0000] {processor.py:179} INFO - Processing /home/airflow/.local/lib/python3.10/site-packages/airflow/example_dags/tutorial_dag.py took 0.084 seconds
[2025-06-03T06:41:50.486+0000] {processor.py:157} INFO - Started process (PID=279) to work on /home/airflow/.local/lib/python3.10/site-packages/airflow/example_dags/tutorial_dag.py
[2025-06-03T06:41:50.488+0000] {processor.py:829} INFO - Processing file /home/airflow/.local/lib/python3.10/site-packages/airflow/example_dags/tutorial_dag.py for tasks to queue
[2025-06-03T06:41:50.491+0000] {logging_mixin.py:154} INFO - [2025-06-03T06:41:50.491+0000] {dagbag.py:536} INFO - Filling up the DagBag from /home/airflow/.local/lib/python3.10/site-packages/airflow/example_dags/tutorial_dag.py
[2025-06-03T06:41:50.498+0000] {processor.py:839} INFO - DAG(s) dict_keys(['tutorial_dag']) retrieved from /home/airflow/.local/lib/python3.10/site-packages/airflow/example_dags/tutorial_dag.py
[2025-06-03T06:41:50.524+0000] {logging_mixin.py:154} INFO - [2025-06-03T06:41:50.523+0000] {dag.py:2941} INFO - Sync 1 DAGs
[2025-06-03T06:41:50.542+0000] {logging_mixin.py:154} INFO - [2025-06-03T06:41:50.542+0000] {dag.py:3722} INFO - Setting next_dagrun for tutorial_dag to None, run_after=None
[2025-06-03T06:41:50.568+0000] {processor.py:179} INFO - Processing /home/airflow/.local/lib/python3.10/site-packages/airflow/example_dags/tutorial_dag.py took 0.090 seconds
[2025-06-03T06:42:21.327+0000] {processor.py:157} INFO - Started process (PID=335) to work on /home/airflow/.local/lib/python3.10/site-packages/airflow/example_dags/tutorial_dag.py
[2025-06-03T06:42:21.328+0000] {processor.py:829} INFO - Processing file /home/airflow/.local/lib/python3.10/site-packages/airflow/example_dags/tutorial_dag.py for tasks to queue
[2025-06-03T06:42:21.332+0000] {logging_mixin.py:154} INFO - [2025-06-03T06:42:21.331+0000] {dagbag.py:536} INFO - Filling up the DagBag from /home/airflow/.local/lib/python3.10/site-packages/airflow/example_dags/tutorial_dag.py
[2025-06-03T06:42:21.339+0000] {processor.py:839} INFO - DAG(s) dict_keys(['tutorial_dag']) retrieved from /home/airflow/.local/lib/python3.10/site-packages/airflow/example_dags/tutorial_dag.py
[2025-06-03T06:42:21.365+0000] {logging_mixin.py:154} INFO - [2025-06-03T06:42:21.365+0000] {dag.py:2941} INFO - Sync 1 DAGs
[2025-06-03T06:42:21.383+0000] {logging_mixin.py:154} INFO - [2025-06-03T06:42:21.382+0000] {dag.py:3722} INFO - Setting next_dagrun for tutorial_dag to None, run_after=None
[2025-06-03T06:42:21.403+0000] {processor.py:179} INFO - Processing /home/airflow/.local/lib/python3.10/site-packages/airflow/example_dags/tutorial_dag.py took 0.081 seconds
[2025-06-03T06:42:53.341+0000] {processor.py:157} INFO - Started process (PID=391) to work on /home/airflow/.local/lib/python3.10/site-packages/airflow/example_dags/tutorial_dag.py
[2025-06-03T06:42:53.353+0000] {processor.py:829} INFO - Processing file /home/airflow/.local/lib/python3.10/site-packages/airflow/example_dags/tutorial_dag.py for tasks to queue
[2025-06-03T06:42:53.365+0000] {logging_mixin.py:154} INFO - [2025-06-03T06:42:53.365+0000] {dagbag.py:536} INFO - Filling up the DagBag from /home/airflow/.local/lib/python3.10/site-packages/airflow/example_dags/tutorial_dag.py
[2025-06-03T06:42:53.381+0000] {processor.py:839} INFO - DAG(s) dict_keys(['tutorial_dag']) retrieved from /home/airflow/.local/lib/python3.10/site-packages/airflow/example_dags/tutorial_dag.py
[2025-06-03T06:42:53.475+0000] {logging_mixin.py:154} INFO - [2025-06-03T06:42:53.475+0000] {dag.py:2941} INFO - Sync 1 DAGs
[2025-06-03T06:42:53.531+0000] {logging_mixin.py:154} INFO - [2025-06-03T06:42:53.531+0000] {dag.py:3722} INFO - Setting next_dagrun for tutorial_dag to None, run_after=None
[2025-06-03T06:42:53.619+0000] {processor.py:179} INFO - Processing /home/airflow/.local/lib/python3.10/site-packages/airflow/example_dags/tutorial_dag.py took 0.284 seconds
[2025-06-03T06:43:23.805+0000] {processor.py:157} INFO - Started process (PID=445) to work on /home/airflow/.local/lib/python3.10/site-packages/airflow/example_dags/tutorial_dag.py
[2025-06-03T06:43:23.806+0000] {processor.py:829} INFO - Processing file /home/airflow/.local/lib/python3.10/site-packages/airflow/example_dags/tutorial_dag.py for tasks to queue
[2025-06-03T06:43:23.808+0000] {logging_mixin.py:154} INFO - [2025-06-03T06:43:23.808+0000] {dagbag.py:536} INFO - Filling up the DagBag from /home/airflow/.local/lib/python3.10/site-packages/airflow/example_dags/tutorial_dag.py
[2025-06-03T06:43:23.814+0000] {processor.py:839} INFO - DAG(s) dict_keys(['tutorial_dag']) retrieved from /home/airflow/.local/lib/python3.10/site-packages/airflow/example_dags/tutorial_dag.py
[2025-06-03T06:43:23.834+0000] {logging_mixin.py:154} INFO - [2025-06-03T06:43:23.834+0000] {dag.py:2941} INFO - Sync 1 DAGs
[2025-06-03T06:43:23.847+0000] {logging_mixin.py:154} INFO - [2025-06-03T06:43:23.847+0000] {dag.py:3722} INFO - Setting next_dagrun for tutorial_dag to None, run_after=None
[2025-06-03T06:43:23.867+0000] {processor.py:179} INFO - Processing /home/airflow/.local/lib/python3.10/site-packages/airflow/example_dags/tutorial_dag.py took 0.066 seconds
[2025-06-03T06:43:54.023+0000] {processor.py:157} INFO - Started process (PID=501) to work on /home/airflow/.local/lib/python3.10/site-packages/airflow/example_dags/tutorial_dag.py
[2025-06-03T06:43:54.024+0000] {processor.py:829} INFO - Processing file /home/airflow/.local/lib/python3.10/site-packages/airflow/example_dags/tutorial_dag.py for tasks to queue
[2025-06-03T06:43:54.026+0000] {logging_mixin.py:154} INFO - [2025-06-03T06:43:54.026+0000] {dagbag.py:536} INFO - Filling up the DagBag from /home/airflow/.local/lib/python3.10/site-packages/airflow/example_dags/tutorial_dag.py
[2025-06-03T06:43:54.032+0000] {processor.py:839} INFO - DAG(s) dict_keys(['tutorial_dag']) retrieved from /home/airflow/.local/lib/python3.10/site-packages/airflow/example_dags/tutorial_dag.py
[2025-06-03T06:43:54.052+0000] {logging_mixin.py:154} INFO - [2025-06-03T06:43:54.052+0000] {dag.py:2941} INFO - Sync 1 DAGs
[2025-06-03T06:43:54.064+0000] {logging_mixin.py:154} INFO - [2025-06-03T06:43:54.064+0000] {dag.py:3722} INFO - Setting next_dagrun for tutorial_dag to None, run_after=None
[2025-06-03T06:43:54.082+0000] {processor.py:179} INFO - Processing /home/airflow/.local/lib/python3.10/site-packages/airflow/example_dags/tutorial_dag.py took 0.062 seconds
[2025-06-03T06:44:24.249+0000] {processor.py:157} INFO - Started process (PID=558) to work on /home/airflow/.local/lib/python3.10/site-packages/airflow/example_dags/tutorial_dag.py
[2025-06-03T06:44:24.251+0000] {processor.py:829} INFO - Processing file /home/airflow/.local/lib/python3.10/site-packages/airflow/example_dags/tutorial_dag.py for tasks to queue
[2025-06-03T06:44:24.254+0000] {logging_mixin.py:154} INFO - [2025-06-03T06:44:24.253+0000] {dagbag.py:536} INFO - Filling up the DagBag from /home/airflow/.local/lib/python3.10/site-packages/airflow/example_dags/tutorial_dag.py
[2025-06-03T06:44:24.260+0000] {processor.py:839} INFO - DAG(s) dict_keys(['tutorial_dag']) retrieved from /home/airflow/.local/lib/python3.10/site-packages/airflow/example_dags/tutorial_dag.py
[2025-06-03T06:44:24.281+0000] {logging_mixin.py:154} INFO - [2025-06-03T06:44:24.280+0000] {dag.py:2941} INFO - Sync 1 DAGs
[2025-06-03T06:44:24.294+0000] {logging_mixin.py:154} INFO - [2025-06-03T06:44:24.294+0000] {dag.py:3722} INFO - Setting next_dagrun for tutorial_dag to None, run_after=None
[2025-06-03T06:44:24.313+0000] {processor.py:179} INFO - Processing /home/airflow/.local/lib/python3.10/site-packages/airflow/example_dags/tutorial_dag.py took 0.068 seconds
[2025-06-03T06:44:54.730+0000] {processor.py:157} INFO - Started process (PID=615) to work on /home/airflow/.local/lib/python3.10/site-packages/airflow/example_dags/tutorial_dag.py
[2025-06-03T06:44:54.730+0000] {processor.py:829} INFO - Processing file /home/airflow/.local/lib/python3.10/site-packages/airflow/example_dags/tutorial_dag.py for tasks to queue
[2025-06-03T06:44:54.733+0000] {logging_mixin.py:154} INFO - [2025-06-03T06:44:54.733+0000] {dagbag.py:536} INFO - Filling up the DagBag from /home/airflow/.local/lib/python3.10/site-packages/airflow/example_dags/tutorial_dag.py
[2025-06-03T06:44:54.739+0000] {processor.py:839} INFO - DAG(s) dict_keys(['tutorial_dag']) retrieved from /home/airflow/.local/lib/python3.10/site-packages/airflow/example_dags/tutorial_dag.py
[2025-06-03T06:44:54.760+0000] {logging_mixin.py:154} INFO - [2025-06-03T06:44:54.759+0000] {dag.py:2941} INFO - Sync 1 DAGs
[2025-06-03T06:44:54.772+0000] {logging_mixin.py:154} INFO - [2025-06-03T06:44:54.772+0000] {dag.py:3722} INFO - Setting next_dagrun for tutorial_dag to None, run_after=None
[2025-06-03T06:44:54.790+0000] {processor.py:179} INFO - Processing /home/airflow/.local/lib/python3.10/site-packages/airflow/example_dags/tutorial_dag.py took 0.065 seconds
[2025-06-03T06:45:25.403+0000] {processor.py:157} INFO - Started process (PID=671) to work on /home/airflow/.local/lib/python3.10/site-packages/airflow/example_dags/tutorial_dag.py
[2025-06-03T06:45:25.406+0000] {processor.py:829} INFO - Processing file /home/airflow/.local/lib/python3.10/site-packages/airflow/example_dags/tutorial_dag.py for tasks to queue
[2025-06-03T06:45:25.409+0000] {logging_mixin.py:154} INFO - [2025-06-03T06:45:25.409+0000] {dagbag.py:536} INFO - Filling up the DagBag from /home/airflow/.local/lib/python3.10/site-packages/airflow/example_dags/tutorial_dag.py
[2025-06-03T06:45:25.420+0000] {processor.py:839} INFO - DAG(s) dict_keys(['tutorial_dag']) retrieved from /home/airflow/.local/lib/python3.10/site-packages/airflow/example_dags/tutorial_dag.py
[2025-06-03T06:45:25.446+0000] {logging_mixin.py:154} INFO - [2025-06-03T06:45:25.445+0000] {dag.py:2941} INFO - Sync 1 DAGs
[2025-06-03T06:45:25.465+0000] {logging_mixin.py:154} INFO - [2025-06-03T06:45:25.464+0000] {dag.py:3722} INFO - Setting next_dagrun for tutorial_dag to None, run_after=None
[2025-06-03T06:45:25.490+0000] {processor.py:179} INFO - Processing /home/airflow/.local/lib/python3.10/site-packages/airflow/example_dags/tutorial_dag.py took 0.104 seconds
[2025-06-03T06:45:55.901+0000] {processor.py:157} INFO - Started process (PID=727) to work on /home/airflow/.local/lib/python3.10/site-packages/airflow/example_dags/tutorial_dag.py
[2025-06-03T06:45:55.903+0000] {processor.py:829} INFO - Processing file /home/airflow/.local/lib/python3.10/site-packages/airflow/example_dags/tutorial_dag.py for tasks to queue
[2025-06-03T06:45:55.906+0000] {logging_mixin.py:154} INFO - [2025-06-03T06:45:55.906+0000] {dagbag.py:536} INFO - Filling up the DagBag from /home/airflow/.local/lib/python3.10/site-packages/airflow/example_dags/tutorial_dag.py
[2025-06-03T06:45:55.912+0000] {processor.py:839} INFO - DAG(s) dict_keys(['tutorial_dag']) retrieved from /home/airflow/.local/lib/python3.10/site-packages/airflow/example_dags/tutorial_dag.py
[2025-06-03T06:45:55.931+0000] {logging_mixin.py:154} INFO - [2025-06-03T06:45:55.931+0000] {dag.py:2941} INFO - Sync 1 DAGs
[2025-06-03T06:45:55.944+0000] {logging_mixin.py:154} INFO - [2025-06-03T06:45:55.944+0000] {dag.py:3722} INFO - Setting next_dagrun for tutorial_dag to None, run_after=None
[2025-06-03T06:45:55.966+0000] {processor.py:179} INFO - Processing /home/airflow/.local/lib/python3.10/site-packages/airflow/example_dags/tutorial_dag.py took 0.069 seconds
[2025-06-03T06:46:26.471+0000] {processor.py:157} INFO - Started process (PID=783) to work on /home/airflow/.local/lib/python3.10/site-packages/airflow/example_dags/tutorial_dag.py
[2025-06-03T06:46:26.472+0000] {processor.py:829} INFO - Processing file /home/airflow/.local/lib/python3.10/site-packages/airflow/example_dags/tutorial_dag.py for tasks to queue
[2025-06-03T06:46:26.475+0000] {logging_mixin.py:154} INFO - [2025-06-03T06:46:26.474+0000] {dagbag.py:536} INFO - Filling up the DagBag from /home/airflow/.local/lib/python3.10/site-packages/airflow/example_dags/tutorial_dag.py
[2025-06-03T06:46:26.482+0000] {processor.py:839} INFO - DAG(s) dict_keys(['tutorial_dag']) retrieved from /home/airflow/.local/lib/python3.10/site-packages/airflow/example_dags/tutorial_dag.py
[2025-06-03T06:46:26.523+0000] {logging_mixin.py:154} INFO - [2025-06-03T06:46:26.522+0000] {dag.py:2941} INFO - Sync 1 DAGs
[2025-06-03T06:46:26.536+0000] {logging_mixin.py:154} INFO - [2025-06-03T06:46:26.536+0000] {dag.py:3722} INFO - Setting next_dagrun for tutorial_dag to None, run_after=None
[2025-06-03T06:46:26.554+0000] {processor.py:179} INFO - Processing /home/airflow/.local/lib/python3.10/site-packages/airflow/example_dags/tutorial_dag.py took 0.086 seconds
[2025-06-03T06:46:56.989+0000] {processor.py:157} INFO - Started process (PID=840) to work on /home/airflow/.local/lib/python3.10/site-packages/airflow/example_dags/tutorial_dag.py
[2025-06-03T06:46:56.991+0000] {processor.py:829} INFO - Processing file /home/airflow/.local/lib/python3.10/site-packages/airflow/example_dags/tutorial_dag.py for tasks to queue
[2025-06-03T06:46:56.994+0000] {logging_mixin.py:154} INFO - [2025-06-03T06:46:56.993+0000] {dagbag.py:536} INFO - Filling up the DagBag from /home/airflow/.local/lib/python3.10/site-packages/airflow/example_dags/tutorial_dag.py
[2025-06-03T06:46:57.001+0000] {processor.py:839} INFO - DAG(s) dict_keys(['tutorial_dag']) retrieved from /home/airflow/.local/lib/python3.10/site-packages/airflow/example_dags/tutorial_dag.py
[2025-06-03T06:46:57.023+0000] {logging_mixin.py:154} INFO - [2025-06-03T06:46:57.022+0000] {dag.py:2941} INFO - Sync 1 DAGs
[2025-06-03T06:46:57.036+0000] {logging_mixin.py:154} INFO - [2025-06-03T06:46:57.035+0000] {dag.py:3722} INFO - Setting next_dagrun for tutorial_dag to None, run_after=None
[2025-06-03T06:46:57.058+0000] {processor.py:179} INFO - Processing /home/airflow/.local/lib/python3.10/site-packages/airflow/example_dags/tutorial_dag.py took 0.074 seconds
[2025-06-03T06:47:27.369+0000] {processor.py:157} INFO - Started process (PID=897) to work on /home/airflow/.local/lib/python3.10/site-packages/airflow/example_dags/tutorial_dag.py
[2025-06-03T06:47:27.371+0000] {processor.py:829} INFO - Processing file /home/airflow/.local/lib/python3.10/site-packages/airflow/example_dags/tutorial_dag.py for tasks to queue
[2025-06-03T06:47:27.374+0000] {logging_mixin.py:154} INFO - [2025-06-03T06:47:27.374+0000] {dagbag.py:536} INFO - Filling up the DagBag from /home/airflow/.local/lib/python3.10/site-packages/airflow/example_dags/tutorial_dag.py
[2025-06-03T06:47:27.380+0000] {processor.py:839} INFO - DAG(s) dict_keys(['tutorial_dag']) retrieved from /home/airflow/.local/lib/python3.10/site-packages/airflow/example_dags/tutorial_dag.py
[2025-06-03T06:47:27.415+0000] {logging_mixin.py:154} INFO - [2025-06-03T06:47:27.415+0000] {dag.py:2941} INFO - Sync 1 DAGs
[2025-06-03T06:47:27.441+0000] {logging_mixin.py:154} INFO - [2025-06-03T06:47:27.441+0000] {dag.py:3722} INFO - Setting next_dagrun for tutorial_dag to None, run_after=None
[2025-06-03T06:47:27.465+0000] {processor.py:179} INFO - Processing /home/airflow/.local/lib/python3.10/site-packages/airflow/example_dags/tutorial_dag.py took 0.100 seconds
[2025-06-03T06:47:58.292+0000] {processor.py:157} INFO - Started process (PID=960) to work on /home/airflow/.local/lib/python3.10/site-packages/airflow/example_dags/tutorial_dag.py
[2025-06-03T06:47:58.294+0000] {processor.py:829} INFO - Processing file /home/airflow/.local/lib/python3.10/site-packages/airflow/example_dags/tutorial_dag.py for tasks to queue
[2025-06-03T06:47:58.297+0000] {logging_mixin.py:154} INFO - [2025-06-03T06:47:58.296+0000] {dagbag.py:536} INFO - Filling up the DagBag from /home/airflow/.local/lib/python3.10/site-packages/airflow/example_dags/tutorial_dag.py
[2025-06-03T06:47:58.304+0000] {processor.py:839} INFO - DAG(s) dict_keys(['tutorial_dag']) retrieved from /home/airflow/.local/lib/python3.10/site-packages/airflow/example_dags/tutorial_dag.py
[2025-06-03T06:47:58.332+0000] {logging_mixin.py:154} INFO - [2025-06-03T06:47:58.332+0000] {dag.py:2941} INFO - Sync 1 DAGs
[2025-06-03T06:47:58.350+0000] {logging_mixin.py:154} INFO - [2025-06-03T06:47:58.350+0000] {dag.py:3722} INFO - Setting next_dagrun for tutorial_dag to None, run_after=None
[2025-06-03T06:47:58.391+0000] {processor.py:179} INFO - Processing /home/airflow/.local/lib/python3.10/site-packages/airflow/example_dags/tutorial_dag.py took 0.104 seconds
[2025-06-03T06:48:29.052+0000] {processor.py:157} INFO - Started process (PID=1016) to work on /home/airflow/.local/lib/python3.10/site-packages/airflow/example_dags/tutorial_dag.py
[2025-06-03T06:48:29.053+0000] {processor.py:829} INFO - Processing file /home/airflow/.local/lib/python3.10/site-packages/airflow/example_dags/tutorial_dag.py for tasks to queue
[2025-06-03T06:48:29.056+0000] {logging_mixin.py:154} INFO - [2025-06-03T06:48:29.055+0000] {dagbag.py:536} INFO - Filling up the DagBag from /home/airflow/.local/lib/python3.10/site-packages/airflow/example_dags/tutorial_dag.py
[2025-06-03T06:48:29.063+0000] {processor.py:839} INFO - DAG(s) dict_keys(['tutorial_dag']) retrieved from /home/airflow/.local/lib/python3.10/site-packages/airflow/example_dags/tutorial_dag.py
[2025-06-03T06:48:29.086+0000] {logging_mixin.py:154} INFO - [2025-06-03T06:48:29.085+0000] {dag.py:2941} INFO - Sync 1 DAGs
[2025-06-03T06:48:29.099+0000] {logging_mixin.py:154} INFO - [2025-06-03T06:48:29.099+0000] {dag.py:3722} INFO - Setting next_dagrun for tutorial_dag to None, run_after=None
[2025-06-03T06:48:29.132+0000] {processor.py:179} INFO - Processing /home/airflow/.local/lib/python3.10/site-packages/airflow/example_dags/tutorial_dag.py took 0.085 seconds
[2025-06-03T06:49:01.658+0000] {processor.py:157} INFO - Started process (PID=1071) to work on /home/airflow/.local/lib/python3.10/site-packages/airflow/example_dags/tutorial_dag.py
[2025-06-03T06:49:01.679+0000] {processor.py:829} INFO - Processing file /home/airflow/.local/lib/python3.10/site-packages/airflow/example_dags/tutorial_dag.py for tasks to queue
[2025-06-03T06:49:01.682+0000] {logging_mixin.py:154} INFO - [2025-06-03T06:49:01.681+0000] {dagbag.py:536} INFO - Filling up the DagBag from /home/airflow/.local/lib/python3.10/site-packages/airflow/example_dags/tutorial_dag.py
[2025-06-03T06:49:01.777+0000] {processor.py:839} INFO - DAG(s) dict_keys(['tutorial_dag']) retrieved from /home/airflow/.local/lib/python3.10/site-packages/airflow/example_dags/tutorial_dag.py
[2025-06-03T06:49:01.908+0000] {logging_mixin.py:154} INFO - [2025-06-03T06:49:01.907+0000] {dag.py:2941} INFO - Sync 1 DAGs
[2025-06-03T06:49:02.001+0000] {logging_mixin.py:154} INFO - [2025-06-03T06:49:02.001+0000] {dag.py:3722} INFO - Setting next_dagrun for tutorial_dag to None, run_after=None
[2025-06-03T06:49:02.153+0000] {processor.py:179} INFO - Processing /home/airflow/.local/lib/python3.10/site-packages/airflow/example_dags/tutorial_dag.py took 0.541 seconds
[2025-06-03T06:49:32.950+0000] {processor.py:157} INFO - Started process (PID=1127) to work on /home/airflow/.local/lib/python3.10/site-packages/airflow/example_dags/tutorial_dag.py
[2025-06-03T06:49:32.951+0000] {processor.py:829} INFO - Processing file /home/airflow/.local/lib/python3.10/site-packages/airflow/example_dags/tutorial_dag.py for tasks to queue
[2025-06-03T06:49:32.955+0000] {logging_mixin.py:154} INFO - [2025-06-03T06:49:32.954+0000] {dagbag.py:536} INFO - Filling up the DagBag from /home/airflow/.local/lib/python3.10/site-packages/airflow/example_dags/tutorial_dag.py
[2025-06-03T06:49:32.962+0000] {processor.py:839} INFO - DAG(s) dict_keys(['tutorial_dag']) retrieved from /home/airflow/.local/lib/python3.10/site-packages/airflow/example_dags/tutorial_dag.py
[2025-06-03T06:49:32.991+0000] {logging_mixin.py:154} INFO - [2025-06-03T06:49:32.991+0000] {dag.py:2941} INFO - Sync 1 DAGs
[2025-06-03T06:49:33.009+0000] {logging_mixin.py:154} INFO - [2025-06-03T06:49:33.009+0000] {dag.py:3722} INFO - Setting next_dagrun for tutorial_dag to None, run_after=None
[2025-06-03T06:49:33.041+0000] {processor.py:179} INFO - Processing /home/airflow/.local/lib/python3.10/site-packages/airflow/example_dags/tutorial_dag.py took 0.096 seconds
[2025-06-03T06:50:03.910+0000] {processor.py:157} INFO - Started process (PID=1184) to work on /home/airflow/.local/lib/python3.10/site-packages/airflow/example_dags/tutorial_dag.py
[2025-06-03T06:50:03.925+0000] {processor.py:829} INFO - Processing file /home/airflow/.local/lib/python3.10/site-packages/airflow/example_dags/tutorial_dag.py for tasks to queue
[2025-06-03T06:50:03.928+0000] {logging_mixin.py:154} INFO - [2025-06-03T06:50:03.928+0000] {dagbag.py:536} INFO - Filling up the DagBag from /home/airflow/.local/lib/python3.10/site-packages/airflow/example_dags/tutorial_dag.py
[2025-06-03T06:50:03.937+0000] {processor.py:839} INFO - DAG(s) dict_keys(['tutorial_dag']) retrieved from /home/airflow/.local/lib/python3.10/site-packages/airflow/example_dags/tutorial_dag.py
[2025-06-03T06:50:03.961+0000] {logging_mixin.py:154} INFO - [2025-06-03T06:50:03.961+0000] {dag.py:2941} INFO - Sync 1 DAGs
[2025-06-03T06:50:03.980+0000] {logging_mixin.py:154} INFO - [2025-06-03T06:50:03.980+0000] {dag.py:3722} INFO - Setting next_dagrun for tutorial_dag to None, run_after=None
[2025-06-03T06:50:04.010+0000] {processor.py:179} INFO - Processing /home/airflow/.local/lib/python3.10/site-packages/airflow/example_dags/tutorial_dag.py took 0.107 seconds
[2025-06-03T06:50:34.113+0000] {processor.py:157} INFO - Started process (PID=1242) to work on /home/airflow/.local/lib/python3.10/site-packages/airflow/example_dags/tutorial_dag.py
[2025-06-03T06:50:34.114+0000] {processor.py:829} INFO - Processing file /home/airflow/.local/lib/python3.10/site-packages/airflow/example_dags/tutorial_dag.py for tasks to queue
[2025-06-03T06:50:34.117+0000] {logging_mixin.py:154} INFO - [2025-06-03T06:50:34.117+0000] {dagbag.py:536} INFO - Filling up the DagBag from /home/airflow/.local/lib/python3.10/site-packages/airflow/example_dags/tutorial_dag.py
[2025-06-03T06:50:34.125+0000] {processor.py:839} INFO - DAG(s) dict_keys(['tutorial_dag']) retrieved from /home/airflow/.local/lib/python3.10/site-packages/airflow/example_dags/tutorial_dag.py
[2025-06-03T06:50:34.154+0000] {logging_mixin.py:154} INFO - [2025-06-03T06:50:34.153+0000] {dag.py:2941} INFO - Sync 1 DAGs
[2025-06-03T06:50:34.172+0000] {logging_mixin.py:154} INFO - [2025-06-03T06:50:34.171+0000] {dag.py:3722} INFO - Setting next_dagrun for tutorial_dag to None, run_after=None
[2025-06-03T06:50:34.195+0000] {processor.py:179} INFO - Processing /home/airflow/.local/lib/python3.10/site-packages/airflow/example_dags/tutorial_dag.py took 0.086 seconds
[2025-06-03T06:51:04.220+0000] {processor.py:157} INFO - Started process (PID=1298) to work on /home/airflow/.local/lib/python3.10/site-packages/airflow/example_dags/tutorial_dag.py
[2025-06-03T06:51:04.221+0000] {processor.py:829} INFO - Processing file /home/airflow/.local/lib/python3.10/site-packages/airflow/example_dags/tutorial_dag.py for tasks to queue
[2025-06-03T06:51:04.224+0000] {logging_mixin.py:154} INFO - [2025-06-03T06:51:04.224+0000] {dagbag.py:536} INFO - Filling up the DagBag from /home/airflow/.local/lib/python3.10/site-packages/airflow/example_dags/tutorial_dag.py
[2025-06-03T06:51:04.230+0000] {processor.py:839} INFO - DAG(s) dict_keys(['tutorial_dag']) retrieved from /home/airflow/.local/lib/python3.10/site-packages/airflow/example_dags/tutorial_dag.py
[2025-06-03T06:51:04.251+0000] {logging_mixin.py:154} INFO - [2025-06-03T06:51:04.251+0000] {dag.py:2941} INFO - Sync 1 DAGs
[2025-06-03T06:51:04.264+0000] {logging_mixin.py:154} INFO - [2025-06-03T06:51:04.263+0000] {dag.py:3722} INFO - Setting next_dagrun for tutorial_dag to None, run_after=None
[2025-06-03T06:51:04.286+0000] {processor.py:179} INFO - Processing /home/airflow/.local/lib/python3.10/site-packages/airflow/example_dags/tutorial_dag.py took 0.070 seconds
[2025-06-03T06:51:34.652+0000] {processor.py:157} INFO - Started process (PID=1355) to work on /home/airflow/.local/lib/python3.10/site-packages/airflow/example_dags/tutorial_dag.py
[2025-06-03T06:51:34.654+0000] {processor.py:829} INFO - Processing file /home/airflow/.local/lib/python3.10/site-packages/airflow/example_dags/tutorial_dag.py for tasks to queue
[2025-06-03T06:51:34.657+0000] {logging_mixin.py:154} INFO - [2025-06-03T06:51:34.656+0000] {dagbag.py:536} INFO - Filling up the DagBag from /home/airflow/.local/lib/python3.10/site-packages/airflow/example_dags/tutorial_dag.py
[2025-06-03T06:51:34.664+0000] {processor.py:839} INFO - DAG(s) dict_keys(['tutorial_dag']) retrieved from /home/airflow/.local/lib/python3.10/site-packages/airflow/example_dags/tutorial_dag.py
[2025-06-03T06:51:34.692+0000] {logging_mixin.py:154} INFO - [2025-06-03T06:51:34.692+0000] {dag.py:2941} INFO - Sync 1 DAGs
[2025-06-03T06:51:34.710+0000] {logging_mixin.py:154} INFO - [2025-06-03T06:51:34.709+0000] {dag.py:3722} INFO - Setting next_dagrun for tutorial_dag to None, run_after=None
[2025-06-03T06:51:34.930+0000] {processor.py:179} INFO - Processing /home/airflow/.local/lib/python3.10/site-packages/airflow/example_dags/tutorial_dag.py took 0.284 seconds
[2025-06-03T06:52:04.964+0000] {processor.py:157} INFO - Started process (PID=1410) to work on /home/airflow/.local/lib/python3.10/site-packages/airflow/example_dags/tutorial_dag.py
[2025-06-03T06:52:04.965+0000] {processor.py:829} INFO - Processing file /home/airflow/.local/lib/python3.10/site-packages/airflow/example_dags/tutorial_dag.py for tasks to queue
[2025-06-03T06:52:04.968+0000] {logging_mixin.py:154} INFO - [2025-06-03T06:52:04.967+0000] {dagbag.py:536} INFO - Filling up the DagBag from /home/airflow/.local/lib/python3.10/site-packages/airflow/example_dags/tutorial_dag.py
[2025-06-03T06:52:04.973+0000] {processor.py:839} INFO - DAG(s) dict_keys(['tutorial_dag']) retrieved from /home/airflow/.local/lib/python3.10/site-packages/airflow/example_dags/tutorial_dag.py
[2025-06-03T06:52:04.994+0000] {logging_mixin.py:154} INFO - [2025-06-03T06:52:04.994+0000] {dag.py:2941} INFO - Sync 1 DAGs
[2025-06-03T06:52:05.007+0000] {logging_mixin.py:154} INFO - [2025-06-03T06:52:05.006+0000] {dag.py:3722} INFO - Setting next_dagrun for tutorial_dag to None, run_after=None
[2025-06-03T06:52:05.040+0000] {processor.py:179} INFO - Processing /home/airflow/.local/lib/python3.10/site-packages/airflow/example_dags/tutorial_dag.py took 0.080 seconds
[2025-06-03T06:52:35.872+0000] {processor.py:157} INFO - Started process (PID=1467) to work on /home/airflow/.local/lib/python3.10/site-packages/airflow/example_dags/tutorial_dag.py
[2025-06-03T06:52:35.873+0000] {processor.py:829} INFO - Processing file /home/airflow/.local/lib/python3.10/site-packages/airflow/example_dags/tutorial_dag.py for tasks to queue
[2025-06-03T06:52:35.875+0000] {logging_mixin.py:154} INFO - [2025-06-03T06:52:35.875+0000] {dagbag.py:536} INFO - Filling up the DagBag from /home/airflow/.local/lib/python3.10/site-packages/airflow/example_dags/tutorial_dag.py
[2025-06-03T06:52:35.881+0000] {processor.py:839} INFO - DAG(s) dict_keys(['tutorial_dag']) retrieved from /home/airflow/.local/lib/python3.10/site-packages/airflow/example_dags/tutorial_dag.py
[2025-06-03T06:52:35.900+0000] {logging_mixin.py:154} INFO - [2025-06-03T06:52:35.900+0000] {dag.py:2941} INFO - Sync 1 DAGs
[2025-06-03T06:52:35.913+0000] {logging_mixin.py:154} INFO - [2025-06-03T06:52:35.913+0000] {dag.py:3722} INFO - Setting next_dagrun for tutorial_dag to None, run_after=None
[2025-06-03T06:52:35.933+0000] {processor.py:179} INFO - Processing /home/airflow/.local/lib/python3.10/site-packages/airflow/example_dags/tutorial_dag.py took 0.065 seconds
[2025-06-03T06:53:06.840+0000] {processor.py:157} INFO - Started process (PID=1523) to work on /home/airflow/.local/lib/python3.10/site-packages/airflow/example_dags/tutorial_dag.py
[2025-06-03T06:53:06.841+0000] {processor.py:829} INFO - Processing file /home/airflow/.local/lib/python3.10/site-packages/airflow/example_dags/tutorial_dag.py for tasks to queue
[2025-06-03T06:53:06.844+0000] {logging_mixin.py:154} INFO - [2025-06-03T06:53:06.843+0000] {dagbag.py:536} INFO - Filling up the DagBag from /home/airflow/.local/lib/python3.10/site-packages/airflow/example_dags/tutorial_dag.py
[2025-06-03T06:53:06.851+0000] {processor.py:839} INFO - DAG(s) dict_keys(['tutorial_dag']) retrieved from /home/airflow/.local/lib/python3.10/site-packages/airflow/example_dags/tutorial_dag.py
[2025-06-03T06:53:06.877+0000] {logging_mixin.py:154} INFO - [2025-06-03T06:53:06.877+0000] {dag.py:2941} INFO - Sync 1 DAGs
[2025-06-03T06:53:07.082+0000] {logging_mixin.py:154} INFO - [2025-06-03T06:53:07.082+0000] {dag.py:3722} INFO - Setting next_dagrun for tutorial_dag to None, run_after=None
[2025-06-03T06:53:07.125+0000] {processor.py:179} INFO - Processing /home/airflow/.local/lib/python3.10/site-packages/airflow/example_dags/tutorial_dag.py took 0.290 seconds
[2025-06-03T06:53:37.991+0000] {processor.py:157} INFO - Started process (PID=1578) to work on /home/airflow/.local/lib/python3.10/site-packages/airflow/example_dags/tutorial_dag.py
[2025-06-03T06:53:37.993+0000] {processor.py:829} INFO - Processing file /home/airflow/.local/lib/python3.10/site-packages/airflow/example_dags/tutorial_dag.py for tasks to queue
[2025-06-03T06:53:37.996+0000] {logging_mixin.py:154} INFO - [2025-06-03T06:53:37.996+0000] {dagbag.py:536} INFO - Filling up the DagBag from /home/airflow/.local/lib/python3.10/site-packages/airflow/example_dags/tutorial_dag.py
[2025-06-03T06:53:38.003+0000] {processor.py:839} INFO - DAG(s) dict_keys(['tutorial_dag']) retrieved from /home/airflow/.local/lib/python3.10/site-packages/airflow/example_dags/tutorial_dag.py
[2025-06-03T06:53:38.030+0000] {logging_mixin.py:154} INFO - [2025-06-03T06:53:38.030+0000] {dag.py:2941} INFO - Sync 1 DAGs
[2025-06-03T06:53:38.047+0000] {logging_mixin.py:154} INFO - [2025-06-03T06:53:38.047+0000] {dag.py:3722} INFO - Setting next_dagrun for tutorial_dag to None, run_after=None
[2025-06-03T06:53:38.077+0000] {processor.py:179} INFO - Processing /home/airflow/.local/lib/python3.10/site-packages/airflow/example_dags/tutorial_dag.py took 0.090 seconds
[2025-06-03T06:54:08.621+0000] {processor.py:157} INFO - Started process (PID=1633) to work on /home/airflow/.local/lib/python3.10/site-packages/airflow/example_dags/tutorial_dag.py
[2025-06-03T06:54:08.622+0000] {processor.py:829} INFO - Processing file /home/airflow/.local/lib/python3.10/site-packages/airflow/example_dags/tutorial_dag.py for tasks to queue
[2025-06-03T06:54:08.625+0000] {logging_mixin.py:154} INFO - [2025-06-03T06:54:08.624+0000] {dagbag.py:536} INFO - Filling up the DagBag from /home/airflow/.local/lib/python3.10/site-packages/airflow/example_dags/tutorial_dag.py
[2025-06-03T06:54:08.830+0000] {processor.py:839} INFO - DAG(s) dict_keys(['tutorial_dag']) retrieved from /home/airflow/.local/lib/python3.10/site-packages/airflow/example_dags/tutorial_dag.py
[2025-06-03T06:54:08.857+0000] {logging_mixin.py:154} INFO - [2025-06-03T06:54:08.856+0000] {dag.py:2941} INFO - Sync 1 DAGs
[2025-06-03T06:54:08.882+0000] {logging_mixin.py:154} INFO - [2025-06-03T06:54:08.882+0000] {dag.py:3722} INFO - Setting next_dagrun for tutorial_dag to None, run_after=None
[2025-06-03T06:54:08.909+0000] {processor.py:179} INFO - Processing /home/airflow/.local/lib/python3.10/site-packages/airflow/example_dags/tutorial_dag.py took 0.293 seconds
[2025-06-03T06:54:39.235+0000] {processor.py:157} INFO - Started process (PID=1690) to work on /home/airflow/.local/lib/python3.10/site-packages/airflow/example_dags/tutorial_dag.py
[2025-06-03T06:54:39.236+0000] {processor.py:829} INFO - Processing file /home/airflow/.local/lib/python3.10/site-packages/airflow/example_dags/tutorial_dag.py for tasks to queue
[2025-06-03T06:54:39.239+0000] {logging_mixin.py:154} INFO - [2025-06-03T06:54:39.238+0000] {dagbag.py:536} INFO - Filling up the DagBag from /home/airflow/.local/lib/python3.10/site-packages/airflow/example_dags/tutorial_dag.py
[2025-06-03T06:54:39.246+0000] {processor.py:839} INFO - DAG(s) dict_keys(['tutorial_dag']) retrieved from /home/airflow/.local/lib/python3.10/site-packages/airflow/example_dags/tutorial_dag.py
[2025-06-03T06:54:39.279+0000] {logging_mixin.py:154} INFO - [2025-06-03T06:54:39.278+0000] {dag.py:2941} INFO - Sync 1 DAGs
[2025-06-03T06:54:39.304+0000] {logging_mixin.py:154} INFO - [2025-06-03T06:54:39.304+0000] {dag.py:3722} INFO - Setting next_dagrun for tutorial_dag to None, run_after=None
[2025-06-03T06:54:39.334+0000] {processor.py:179} INFO - Processing /home/airflow/.local/lib/python3.10/site-packages/airflow/example_dags/tutorial_dag.py took 0.104 seconds
[2025-06-03T06:55:09.981+0000] {processor.py:157} INFO - Started process (PID=1746) to work on /home/airflow/.local/lib/python3.10/site-packages/airflow/example_dags/tutorial_dag.py
[2025-06-03T06:55:09.982+0000] {processor.py:829} INFO - Processing file /home/airflow/.local/lib/python3.10/site-packages/airflow/example_dags/tutorial_dag.py for tasks to queue
[2025-06-03T06:55:09.985+0000] {logging_mixin.py:154} INFO - [2025-06-03T06:55:09.985+0000] {dagbag.py:536} INFO - Filling up the DagBag from /home/airflow/.local/lib/python3.10/site-packages/airflow/example_dags/tutorial_dag.py
[2025-06-03T06:55:09.992+0000] {processor.py:839} INFO - DAG(s) dict_keys(['tutorial_dag']) retrieved from /home/airflow/.local/lib/python3.10/site-packages/airflow/example_dags/tutorial_dag.py
[2025-06-03T06:55:10.019+0000] {logging_mixin.py:154} INFO - [2025-06-03T06:55:10.018+0000] {dag.py:2941} INFO - Sync 1 DAGs
[2025-06-03T06:55:10.036+0000] {logging_mixin.py:154} INFO - [2025-06-03T06:55:10.036+0000] {dag.py:3722} INFO - Setting next_dagrun for tutorial_dag to None, run_after=None
[2025-06-03T06:55:10.063+0000] {processor.py:179} INFO - Processing /home/airflow/.local/lib/python3.10/site-packages/airflow/example_dags/tutorial_dag.py took 0.087 seconds
[2025-06-03T06:55:40.630+0000] {processor.py:157} INFO - Started process (PID=1802) to work on /home/airflow/.local/lib/python3.10/site-packages/airflow/example_dags/tutorial_dag.py
[2025-06-03T06:55:40.632+0000] {processor.py:829} INFO - Processing file /home/airflow/.local/lib/python3.10/site-packages/airflow/example_dags/tutorial_dag.py for tasks to queue
[2025-06-03T06:55:40.643+0000] {logging_mixin.py:154} INFO - [2025-06-03T06:55:40.643+0000] {dagbag.py:536} INFO - Filling up the DagBag from /home/airflow/.local/lib/python3.10/site-packages/airflow/example_dags/tutorial_dag.py
[2025-06-03T06:55:40.657+0000] {processor.py:839} INFO - DAG(s) dict_keys(['tutorial_dag']) retrieved from /home/airflow/.local/lib/python3.10/site-packages/airflow/example_dags/tutorial_dag.py
[2025-06-03T06:55:40.685+0000] {logging_mixin.py:154} INFO - [2025-06-03T06:55:40.684+0000] {dag.py:2941} INFO - Sync 1 DAGs
[2025-06-03T06:55:40.703+0000] {logging_mixin.py:154} INFO - [2025-06-03T06:55:40.702+0000] {dag.py:3722} INFO - Setting next_dagrun for tutorial_dag to None, run_after=None
[2025-06-03T06:55:40.753+0000] {processor.py:179} INFO - Processing /home/airflow/.local/lib/python3.10/site-packages/airflow/example_dags/tutorial_dag.py took 0.139 seconds
[2025-06-03T06:56:11.230+0000] {processor.py:157} INFO - Started process (PID=1858) to work on /home/airflow/.local/lib/python3.10/site-packages/airflow/example_dags/tutorial_dag.py
[2025-06-03T06:56:11.232+0000] {processor.py:829} INFO - Processing file /home/airflow/.local/lib/python3.10/site-packages/airflow/example_dags/tutorial_dag.py for tasks to queue
[2025-06-03T06:56:11.234+0000] {logging_mixin.py:154} INFO - [2025-06-03T06:56:11.234+0000] {dagbag.py:536} INFO - Filling up the DagBag from /home/airflow/.local/lib/python3.10/site-packages/airflow/example_dags/tutorial_dag.py
[2025-06-03T06:56:11.241+0000] {processor.py:839} INFO - DAG(s) dict_keys(['tutorial_dag']) retrieved from /home/airflow/.local/lib/python3.10/site-packages/airflow/example_dags/tutorial_dag.py
[2025-06-03T06:56:11.266+0000] {logging_mixin.py:154} INFO - [2025-06-03T06:56:11.266+0000] {dag.py:2941} INFO - Sync 1 DAGs
[2025-06-03T06:56:11.284+0000] {logging_mixin.py:154} INFO - [2025-06-03T06:56:11.283+0000] {dag.py:3722} INFO - Setting next_dagrun for tutorial_dag to None, run_after=None
[2025-06-03T06:56:11.307+0000] {processor.py:179} INFO - Processing /home/airflow/.local/lib/python3.10/site-packages/airflow/example_dags/tutorial_dag.py took 0.082 seconds
[2025-06-03T06:56:42.296+0000] {processor.py:157} INFO - Started process (PID=1914) to work on /home/airflow/.local/lib/python3.10/site-packages/airflow/example_dags/tutorial_dag.py
[2025-06-03T06:56:42.302+0000] {processor.py:829} INFO - Processing file /home/airflow/.local/lib/python3.10/site-packages/airflow/example_dags/tutorial_dag.py for tasks to queue
[2025-06-03T06:56:42.306+0000] {logging_mixin.py:154} INFO - [2025-06-03T06:56:42.305+0000] {dagbag.py:536} INFO - Filling up the DagBag from /home/airflow/.local/lib/python3.10/site-packages/airflow/example_dags/tutorial_dag.py
[2025-06-03T06:56:42.317+0000] {processor.py:839} INFO - DAG(s) dict_keys(['tutorial_dag']) retrieved from /home/airflow/.local/lib/python3.10/site-packages/airflow/example_dags/tutorial_dag.py
[2025-06-03T06:56:42.371+0000] {logging_mixin.py:154} INFO - [2025-06-03T06:56:42.371+0000] {dag.py:2941} INFO - Sync 1 DAGs
[2025-06-03T06:56:42.404+0000] {logging_mixin.py:154} INFO - [2025-06-03T06:56:42.404+0000] {dag.py:3722} INFO - Setting next_dagrun for tutorial_dag to None, run_after=None
[2025-06-03T06:56:42.496+0000] {processor.py:179} INFO - Processing /home/airflow/.local/lib/python3.10/site-packages/airflow/example_dags/tutorial_dag.py took 0.208 seconds
[2025-06-03T06:57:13.358+0000] {processor.py:157} INFO - Started process (PID=1970) to work on /home/airflow/.local/lib/python3.10/site-packages/airflow/example_dags/tutorial_dag.py
[2025-06-03T06:57:13.360+0000] {processor.py:829} INFO - Processing file /home/airflow/.local/lib/python3.10/site-packages/airflow/example_dags/tutorial_dag.py for tasks to queue
[2025-06-03T06:57:13.363+0000] {logging_mixin.py:154} INFO - [2025-06-03T06:57:13.363+0000] {dagbag.py:536} INFO - Filling up the DagBag from /home/airflow/.local/lib/python3.10/site-packages/airflow/example_dags/tutorial_dag.py
[2025-06-03T06:57:13.371+0000] {processor.py:839} INFO - DAG(s) dict_keys(['tutorial_dag']) retrieved from /home/airflow/.local/lib/python3.10/site-packages/airflow/example_dags/tutorial_dag.py
[2025-06-03T06:57:13.399+0000] {logging_mixin.py:154} INFO - [2025-06-03T06:57:13.399+0000] {dag.py:2941} INFO - Sync 1 DAGs
[2025-06-03T06:57:13.418+0000] {logging_mixin.py:154} INFO - [2025-06-03T06:57:13.417+0000] {dag.py:3722} INFO - Setting next_dagrun for tutorial_dag to None, run_after=None
[2025-06-03T06:57:13.444+0000] {processor.py:179} INFO - Processing /home/airflow/.local/lib/python3.10/site-packages/airflow/example_dags/tutorial_dag.py took 0.091 seconds
[2025-06-03T06:57:43.519+0000] {processor.py:157} INFO - Started process (PID=2026) to work on /home/airflow/.local/lib/python3.10/site-packages/airflow/example_dags/tutorial_dag.py
[2025-06-03T06:57:43.520+0000] {processor.py:829} INFO - Processing file /home/airflow/.local/lib/python3.10/site-packages/airflow/example_dags/tutorial_dag.py for tasks to queue
[2025-06-03T06:57:43.523+0000] {logging_mixin.py:154} INFO - [2025-06-03T06:57:43.522+0000] {dagbag.py:536} INFO - Filling up the DagBag from /home/airflow/.local/lib/python3.10/site-packages/airflow/example_dags/tutorial_dag.py
[2025-06-03T06:57:43.529+0000] {processor.py:839} INFO - DAG(s) dict_keys(['tutorial_dag']) retrieved from /home/airflow/.local/lib/python3.10/site-packages/airflow/example_dags/tutorial_dag.py
[2025-06-03T06:57:43.551+0000] {logging_mixin.py:154} INFO - [2025-06-03T06:57:43.550+0000] {dag.py:2941} INFO - Sync 1 DAGs
[2025-06-03T06:57:43.564+0000] {logging_mixin.py:154} INFO - [2025-06-03T06:57:43.563+0000] {dag.py:3722} INFO - Setting next_dagrun for tutorial_dag to None, run_after=None
[2025-06-03T06:57:43.601+0000] {processor.py:179} INFO - Processing /home/airflow/.local/lib/python3.10/site-packages/airflow/example_dags/tutorial_dag.py took 0.086 seconds
[2025-06-03T06:58:13.695+0000] {processor.py:157} INFO - Started process (PID=2082) to work on /home/airflow/.local/lib/python3.10/site-packages/airflow/example_dags/tutorial_dag.py
[2025-06-03T06:58:13.696+0000] {processor.py:829} INFO - Processing file /home/airflow/.local/lib/python3.10/site-packages/airflow/example_dags/tutorial_dag.py for tasks to queue
[2025-06-03T06:58:13.698+0000] {logging_mixin.py:154} INFO - [2025-06-03T06:58:13.698+0000] {dagbag.py:536} INFO - Filling up the DagBag from /home/airflow/.local/lib/python3.10/site-packages/airflow/example_dags/tutorial_dag.py
[2025-06-03T06:58:13.704+0000] {processor.py:839} INFO - DAG(s) dict_keys(['tutorial_dag']) retrieved from /home/airflow/.local/lib/python3.10/site-packages/airflow/example_dags/tutorial_dag.py
[2025-06-03T06:58:13.726+0000] {logging_mixin.py:154} INFO - [2025-06-03T06:58:13.726+0000] {dag.py:2941} INFO - Sync 1 DAGs
[2025-06-03T06:58:13.740+0000] {logging_mixin.py:154} INFO - [2025-06-03T06:58:13.740+0000] {dag.py:3722} INFO - Setting next_dagrun for tutorial_dag to None, run_after=None
[2025-06-03T06:58:13.760+0000] {processor.py:179} INFO - Processing /home/airflow/.local/lib/python3.10/site-packages/airflow/example_dags/tutorial_dag.py took 0.069 seconds
[2025-06-03T06:58:44.721+0000] {processor.py:157} INFO - Started process (PID=2138) to work on /home/airflow/.local/lib/python3.10/site-packages/airflow/example_dags/tutorial_dag.py
[2025-06-03T06:58:44.723+0000] {processor.py:829} INFO - Processing file /home/airflow/.local/lib/python3.10/site-packages/airflow/example_dags/tutorial_dag.py for tasks to queue
[2025-06-03T06:58:44.726+0000] {logging_mixin.py:154} INFO - [2025-06-03T06:58:44.726+0000] {dagbag.py:536} INFO - Filling up the DagBag from /home/airflow/.local/lib/python3.10/site-packages/airflow/example_dags/tutorial_dag.py
[2025-06-03T06:58:44.732+0000] {processor.py:839} INFO - DAG(s) dict_keys(['tutorial_dag']) retrieved from /home/airflow/.local/lib/python3.10/site-packages/airflow/example_dags/tutorial_dag.py
[2025-06-03T06:58:44.753+0000] {logging_mixin.py:154} INFO - [2025-06-03T06:58:44.753+0000] {dag.py:2941} INFO - Sync 1 DAGs
[2025-06-03T06:58:44.766+0000] {logging_mixin.py:154} INFO - [2025-06-03T06:58:44.766+0000] {dag.py:3722} INFO - Setting next_dagrun for tutorial_dag to None, run_after=None
[2025-06-03T06:58:44.785+0000] {processor.py:179} INFO - Processing /home/airflow/.local/lib/python3.10/site-packages/airflow/example_dags/tutorial_dag.py took 0.068 seconds
[2025-06-03T06:59:14.967+0000] {processor.py:157} INFO - Started process (PID=2194) to work on /home/airflow/.local/lib/python3.10/site-packages/airflow/example_dags/tutorial_dag.py
[2025-06-03T06:59:14.969+0000] {processor.py:829} INFO - Processing file /home/airflow/.local/lib/python3.10/site-packages/airflow/example_dags/tutorial_dag.py for tasks to queue
[2025-06-03T06:59:14.972+0000] {logging_mixin.py:154} INFO - [2025-06-03T06:59:14.971+0000] {dagbag.py:536} INFO - Filling up the DagBag from /home/airflow/.local/lib/python3.10/site-packages/airflow/example_dags/tutorial_dag.py
[2025-06-03T06:59:14.980+0000] {processor.py:839} INFO - DAG(s) dict_keys(['tutorial_dag']) retrieved from /home/airflow/.local/lib/python3.10/site-packages/airflow/example_dags/tutorial_dag.py
[2025-06-03T06:59:15.006+0000] {logging_mixin.py:154} INFO - [2025-06-03T06:59:15.006+0000] {dag.py:2941} INFO - Sync 1 DAGs
[2025-06-03T06:59:15.024+0000] {logging_mixin.py:154} INFO - [2025-06-03T06:59:15.024+0000] {dag.py:3722} INFO - Setting next_dagrun for tutorial_dag to None, run_after=None
[2025-06-03T06:59:15.082+0000] {processor.py:179} INFO - Processing /home/airflow/.local/lib/python3.10/site-packages/airflow/example_dags/tutorial_dag.py took 0.120 seconds
[2025-06-03T06:59:45.257+0000] {processor.py:157} INFO - Started process (PID=2251) to work on /home/airflow/.local/lib/python3.10/site-packages/airflow/example_dags/tutorial_dag.py
[2025-06-03T06:59:45.259+0000] {processor.py:829} INFO - Processing file /home/airflow/.local/lib/python3.10/site-packages/airflow/example_dags/tutorial_dag.py for tasks to queue
[2025-06-03T06:59:45.262+0000] {logging_mixin.py:154} INFO - [2025-06-03T06:59:45.262+0000] {dagbag.py:536} INFO - Filling up the DagBag from /home/airflow/.local/lib/python3.10/site-packages/airflow/example_dags/tutorial_dag.py
[2025-06-03T06:59:45.275+0000] {processor.py:839} INFO - DAG(s) dict_keys(['tutorial_dag']) retrieved from /home/airflow/.local/lib/python3.10/site-packages/airflow/example_dags/tutorial_dag.py
[2025-06-03T06:59:45.303+0000] {logging_mixin.py:154} INFO - [2025-06-03T06:59:45.303+0000] {dag.py:2941} INFO - Sync 1 DAGs
[2025-06-03T06:59:45.322+0000] {logging_mixin.py:154} INFO - [2025-06-03T06:59:45.321+0000] {dag.py:3722} INFO - Setting next_dagrun for tutorial_dag to None, run_after=None
[2025-06-03T06:59:45.345+0000] {processor.py:179} INFO - Processing /home/airflow/.local/lib/python3.10/site-packages/airflow/example_dags/tutorial_dag.py took 0.094 seconds
[2025-06-03T07:00:15.869+0000] {processor.py:157} INFO - Started process (PID=2307) to work on /home/airflow/.local/lib/python3.10/site-packages/airflow/example_dags/tutorial_dag.py
[2025-06-03T07:00:15.871+0000] {processor.py:829} INFO - Processing file /home/airflow/.local/lib/python3.10/site-packages/airflow/example_dags/tutorial_dag.py for tasks to queue
[2025-06-03T07:00:15.874+0000] {logging_mixin.py:154} INFO - [2025-06-03T07:00:15.873+0000] {dagbag.py:536} INFO - Filling up the DagBag from /home/airflow/.local/lib/python3.10/site-packages/airflow/example_dags/tutorial_dag.py
[2025-06-03T07:00:15.881+0000] {processor.py:839} INFO - DAG(s) dict_keys(['tutorial_dag']) retrieved from /home/airflow/.local/lib/python3.10/site-packages/airflow/example_dags/tutorial_dag.py
[2025-06-03T07:00:15.908+0000] {logging_mixin.py:154} INFO - [2025-06-03T07:00:15.908+0000] {dag.py:2941} INFO - Sync 1 DAGs
[2025-06-03T07:00:15.926+0000] {logging_mixin.py:154} INFO - [2025-06-03T07:00:15.926+0000] {dag.py:3722} INFO - Setting next_dagrun for tutorial_dag to None, run_after=None
[2025-06-03T07:00:15.948+0000] {processor.py:179} INFO - Processing /home/airflow/.local/lib/python3.10/site-packages/airflow/example_dags/tutorial_dag.py took 0.084 seconds
[2025-06-03T07:00:46.227+0000] {processor.py:157} INFO - Started process (PID=2364) to work on /home/airflow/.local/lib/python3.10/site-packages/airflow/example_dags/tutorial_dag.py
[2025-06-03T07:00:46.229+0000] {processor.py:829} INFO - Processing file /home/airflow/.local/lib/python3.10/site-packages/airflow/example_dags/tutorial_dag.py for tasks to queue
[2025-06-03T07:00:46.231+0000] {logging_mixin.py:154} INFO - [2025-06-03T07:00:46.231+0000] {dagbag.py:536} INFO - Filling up the DagBag from /home/airflow/.local/lib/python3.10/site-packages/airflow/example_dags/tutorial_dag.py
[2025-06-03T07:00:46.236+0000] {processor.py:839} INFO - DAG(s) dict_keys(['tutorial_dag']) retrieved from /home/airflow/.local/lib/python3.10/site-packages/airflow/example_dags/tutorial_dag.py
[2025-06-03T07:00:46.257+0000] {logging_mixin.py:154} INFO - [2025-06-03T07:00:46.257+0000] {dag.py:2941} INFO - Sync 1 DAGs
[2025-06-03T07:00:46.270+0000] {logging_mixin.py:154} INFO - [2025-06-03T07:00:46.270+0000] {dag.py:3722} INFO - Setting next_dagrun for tutorial_dag to None, run_after=None
[2025-06-03T07:00:46.288+0000] {processor.py:179} INFO - Processing /home/airflow/.local/lib/python3.10/site-packages/airflow/example_dags/tutorial_dag.py took 0.065 seconds
[2025-06-03T07:01:16.652+0000] {processor.py:157} INFO - Started process (PID=2422) to work on /home/airflow/.local/lib/python3.10/site-packages/airflow/example_dags/tutorial_dag.py
[2025-06-03T07:01:16.654+0000] {processor.py:829} INFO - Processing file /home/airflow/.local/lib/python3.10/site-packages/airflow/example_dags/tutorial_dag.py for tasks to queue
[2025-06-03T07:01:16.657+0000] {logging_mixin.py:154} INFO - [2025-06-03T07:01:16.656+0000] {dagbag.py:536} INFO - Filling up the DagBag from /home/airflow/.local/lib/python3.10/site-packages/airflow/example_dags/tutorial_dag.py
[2025-06-03T07:01:16.664+0000] {processor.py:839} INFO - DAG(s) dict_keys(['tutorial_dag']) retrieved from /home/airflow/.local/lib/python3.10/site-packages/airflow/example_dags/tutorial_dag.py
[2025-06-03T07:01:16.689+0000] {logging_mixin.py:154} INFO - [2025-06-03T07:01:16.688+0000] {dag.py:2941} INFO - Sync 1 DAGs
[2025-06-03T07:01:16.702+0000] {logging_mixin.py:154} INFO - [2025-06-03T07:01:16.701+0000] {dag.py:3722} INFO - Setting next_dagrun for tutorial_dag to None, run_after=None
[2025-06-03T07:01:16.719+0000] {processor.py:179} INFO - Processing /home/airflow/.local/lib/python3.10/site-packages/airflow/example_dags/tutorial_dag.py took 0.070 seconds
[2025-06-03T07:01:47.064+0000] {processor.py:157} INFO - Started process (PID=2477) to work on /home/airflow/.local/lib/python3.10/site-packages/airflow/example_dags/tutorial_dag.py
[2025-06-03T07:01:47.065+0000] {processor.py:829} INFO - Processing file /home/airflow/.local/lib/python3.10/site-packages/airflow/example_dags/tutorial_dag.py for tasks to queue
[2025-06-03T07:01:47.068+0000] {logging_mixin.py:154} INFO - [2025-06-03T07:01:47.067+0000] {dagbag.py:536} INFO - Filling up the DagBag from /home/airflow/.local/lib/python3.10/site-packages/airflow/example_dags/tutorial_dag.py
[2025-06-03T07:01:47.074+0000] {processor.py:839} INFO - DAG(s) dict_keys(['tutorial_dag']) retrieved from /home/airflow/.local/lib/python3.10/site-packages/airflow/example_dags/tutorial_dag.py
[2025-06-03T07:01:47.094+0000] {logging_mixin.py:154} INFO - [2025-06-03T07:01:47.094+0000] {dag.py:2941} INFO - Sync 1 DAGs
[2025-06-03T07:01:47.107+0000] {logging_mixin.py:154} INFO - [2025-06-03T07:01:47.107+0000] {dag.py:3722} INFO - Setting next_dagrun for tutorial_dag to None, run_after=None
[2025-06-03T07:01:47.137+0000] {processor.py:179} INFO - Processing /home/airflow/.local/lib/python3.10/site-packages/airflow/example_dags/tutorial_dag.py took 0.077 seconds
[2025-06-03T07:02:17.722+0000] {processor.py:157} INFO - Started process (PID=2534) to work on /home/airflow/.local/lib/python3.10/site-packages/airflow/example_dags/tutorial_dag.py
[2025-06-03T07:02:17.724+0000] {processor.py:829} INFO - Processing file /home/airflow/.local/lib/python3.10/site-packages/airflow/example_dags/tutorial_dag.py for tasks to queue
[2025-06-03T07:02:17.727+0000] {logging_mixin.py:154} INFO - [2025-06-03T07:02:17.726+0000] {dagbag.py:536} INFO - Filling up the DagBag from /home/airflow/.local/lib/python3.10/site-packages/airflow/example_dags/tutorial_dag.py
[2025-06-03T07:02:17.734+0000] {processor.py:839} INFO - DAG(s) dict_keys(['tutorial_dag']) retrieved from /home/airflow/.local/lib/python3.10/site-packages/airflow/example_dags/tutorial_dag.py
[2025-06-03T07:02:17.762+0000] {logging_mixin.py:154} INFO - [2025-06-03T07:02:17.762+0000] {dag.py:2941} INFO - Sync 1 DAGs
[2025-06-03T07:02:17.780+0000] {logging_mixin.py:154} INFO - [2025-06-03T07:02:17.780+0000] {dag.py:3722} INFO - Setting next_dagrun for tutorial_dag to None, run_after=None
[2025-06-03T07:02:17.809+0000] {processor.py:179} INFO - Processing /home/airflow/.local/lib/python3.10/site-packages/airflow/example_dags/tutorial_dag.py took 0.092 seconds
[2025-06-03T07:02:48.358+0000] {processor.py:157} INFO - Started process (PID=2590) to work on /home/airflow/.local/lib/python3.10/site-packages/airflow/example_dags/tutorial_dag.py
[2025-06-03T07:02:48.360+0000] {processor.py:829} INFO - Processing file /home/airflow/.local/lib/python3.10/site-packages/airflow/example_dags/tutorial_dag.py for tasks to queue
[2025-06-03T07:02:48.362+0000] {logging_mixin.py:154} INFO - [2025-06-03T07:02:48.362+0000] {dagbag.py:536} INFO - Filling up the DagBag from /home/airflow/.local/lib/python3.10/site-packages/airflow/example_dags/tutorial_dag.py
[2025-06-03T07:02:48.368+0000] {processor.py:839} INFO - DAG(s) dict_keys(['tutorial_dag']) retrieved from /home/airflow/.local/lib/python3.10/site-packages/airflow/example_dags/tutorial_dag.py
[2025-06-03T07:02:48.388+0000] {logging_mixin.py:154} INFO - [2025-06-03T07:02:48.388+0000] {dag.py:2941} INFO - Sync 1 DAGs
[2025-06-03T07:02:48.401+0000] {logging_mixin.py:154} INFO - [2025-06-03T07:02:48.400+0000] {dag.py:3722} INFO - Setting next_dagrun for tutorial_dag to None, run_after=None
[2025-06-03T07:02:48.431+0000] {processor.py:179} INFO - Processing /home/airflow/.local/lib/python3.10/site-packages/airflow/example_dags/tutorial_dag.py took 0.077 seconds
[2025-06-03T07:03:18.950+0000] {processor.py:157} INFO - Started process (PID=2646) to work on /home/airflow/.local/lib/python3.10/site-packages/airflow/example_dags/tutorial_dag.py
[2025-06-03T07:03:18.958+0000] {processor.py:829} INFO - Processing file /home/airflow/.local/lib/python3.10/site-packages/airflow/example_dags/tutorial_dag.py for tasks to queue
[2025-06-03T07:03:18.963+0000] {logging_mixin.py:154} INFO - [2025-06-03T07:03:18.963+0000] {dagbag.py:536} INFO - Filling up the DagBag from /home/airflow/.local/lib/python3.10/site-packages/airflow/example_dags/tutorial_dag.py
[2025-06-03T07:03:18.971+0000] {processor.py:839} INFO - DAG(s) dict_keys(['tutorial_dag']) retrieved from /home/airflow/.local/lib/python3.10/site-packages/airflow/example_dags/tutorial_dag.py
[2025-06-03T07:03:19.001+0000] {logging_mixin.py:154} INFO - [2025-06-03T07:03:19.001+0000] {dag.py:2941} INFO - Sync 1 DAGs
[2025-06-03T07:03:19.019+0000] {logging_mixin.py:154} INFO - [2025-06-03T07:03:19.019+0000] {dag.py:3722} INFO - Setting next_dagrun for tutorial_dag to None, run_after=None
[2025-06-03T07:03:19.053+0000] {processor.py:179} INFO - Processing /home/airflow/.local/lib/python3.10/site-packages/airflow/example_dags/tutorial_dag.py took 0.110 seconds
[2025-06-03T07:03:49.440+0000] {processor.py:157} INFO - Started process (PID=2703) to work on /home/airflow/.local/lib/python3.10/site-packages/airflow/example_dags/tutorial_dag.py
[2025-06-03T07:03:49.441+0000] {processor.py:829} INFO - Processing file /home/airflow/.local/lib/python3.10/site-packages/airflow/example_dags/tutorial_dag.py for tasks to queue
[2025-06-03T07:03:49.444+0000] {logging_mixin.py:154} INFO - [2025-06-03T07:03:49.444+0000] {dagbag.py:536} INFO - Filling up the DagBag from /home/airflow/.local/lib/python3.10/site-packages/airflow/example_dags/tutorial_dag.py
[2025-06-03T07:03:49.450+0000] {processor.py:839} INFO - DAG(s) dict_keys(['tutorial_dag']) retrieved from /home/airflow/.local/lib/python3.10/site-packages/airflow/example_dags/tutorial_dag.py
[2025-06-03T07:03:49.469+0000] {logging_mixin.py:154} INFO - [2025-06-03T07:03:49.469+0000] {dag.py:2941} INFO - Sync 1 DAGs
[2025-06-03T07:03:49.482+0000] {logging_mixin.py:154} INFO - [2025-06-03T07:03:49.481+0000] {dag.py:3722} INFO - Setting next_dagrun for tutorial_dag to None, run_after=None
[2025-06-03T07:03:49.520+0000] {processor.py:179} INFO - Processing /home/airflow/.local/lib/python3.10/site-packages/airflow/example_dags/tutorial_dag.py took 0.085 seconds
[2025-06-03T07:04:20.215+0000] {processor.py:157} INFO - Started process (PID=2758) to work on /home/airflow/.local/lib/python3.10/site-packages/airflow/example_dags/tutorial_dag.py
[2025-06-03T07:04:20.221+0000] {processor.py:829} INFO - Processing file /home/airflow/.local/lib/python3.10/site-packages/airflow/example_dags/tutorial_dag.py for tasks to queue
[2025-06-03T07:04:20.224+0000] {logging_mixin.py:154} INFO - [2025-06-03T07:04:20.224+0000] {dagbag.py:536} INFO - Filling up the DagBag from /home/airflow/.local/lib/python3.10/site-packages/airflow/example_dags/tutorial_dag.py
[2025-06-03T07:04:20.232+0000] {processor.py:839} INFO - DAG(s) dict_keys(['tutorial_dag']) retrieved from /home/airflow/.local/lib/python3.10/site-packages/airflow/example_dags/tutorial_dag.py
[2025-06-03T07:04:20.261+0000] {logging_mixin.py:154} INFO - [2025-06-03T07:04:20.261+0000] {dag.py:2941} INFO - Sync 1 DAGs
[2025-06-03T07:04:20.278+0000] {logging_mixin.py:154} INFO - [2025-06-03T07:04:20.278+0000] {dag.py:3722} INFO - Setting next_dagrun for tutorial_dag to None, run_after=None
[2025-06-03T07:04:20.300+0000] {processor.py:179} INFO - Processing /home/airflow/.local/lib/python3.10/site-packages/airflow/example_dags/tutorial_dag.py took 0.090 seconds
[2025-06-03T07:04:50.604+0000] {processor.py:157} INFO - Started process (PID=2814) to work on /home/airflow/.local/lib/python3.10/site-packages/airflow/example_dags/tutorial_dag.py
[2025-06-03T07:04:50.606+0000] {processor.py:829} INFO - Processing file /home/airflow/.local/lib/python3.10/site-packages/airflow/example_dags/tutorial_dag.py for tasks to queue
[2025-06-03T07:04:50.609+0000] {logging_mixin.py:154} INFO - [2025-06-03T07:04:50.609+0000] {dagbag.py:536} INFO - Filling up the DagBag from /home/airflow/.local/lib/python3.10/site-packages/airflow/example_dags/tutorial_dag.py
[2025-06-03T07:04:50.618+0000] {processor.py:839} INFO - DAG(s) dict_keys(['tutorial_dag']) retrieved from /home/airflow/.local/lib/python3.10/site-packages/airflow/example_dags/tutorial_dag.py
[2025-06-03T07:04:50.644+0000] {logging_mixin.py:154} INFO - [2025-06-03T07:04:50.644+0000] {dag.py:2941} INFO - Sync 1 DAGs
[2025-06-03T07:04:50.697+0000] {logging_mixin.py:154} INFO - [2025-06-03T07:04:50.696+0000] {dag.py:3722} INFO - Setting next_dagrun for tutorial_dag to None, run_after=None
[2025-06-03T07:04:50.735+0000] {processor.py:179} INFO - Processing /home/airflow/.local/lib/python3.10/site-packages/airflow/example_dags/tutorial_dag.py took 0.136 seconds
[2025-06-03T07:05:21.702+0000] {processor.py:157} INFO - Started process (PID=2870) to work on /home/airflow/.local/lib/python3.10/site-packages/airflow/example_dags/tutorial_dag.py
[2025-06-03T07:05:21.711+0000] {processor.py:829} INFO - Processing file /home/airflow/.local/lib/python3.10/site-packages/airflow/example_dags/tutorial_dag.py for tasks to queue
[2025-06-03T07:05:21.715+0000] {logging_mixin.py:154} INFO - [2025-06-03T07:05:21.714+0000] {dagbag.py:536} INFO - Filling up the DagBag from /home/airflow/.local/lib/python3.10/site-packages/airflow/example_dags/tutorial_dag.py
[2025-06-03T07:05:21.730+0000] {processor.py:839} INFO - DAG(s) dict_keys(['tutorial_dag']) retrieved from /home/airflow/.local/lib/python3.10/site-packages/airflow/example_dags/tutorial_dag.py
[2025-06-03T07:05:21.778+0000] {logging_mixin.py:154} INFO - [2025-06-03T07:05:21.778+0000] {dag.py:2941} INFO - Sync 1 DAGs
[2025-06-03T07:05:21.812+0000] {logging_mixin.py:154} INFO - [2025-06-03T07:05:21.811+0000] {dag.py:3722} INFO - Setting next_dagrun for tutorial_dag to None, run_after=None
[2025-06-03T07:05:21.863+0000] {processor.py:179} INFO - Processing /home/airflow/.local/lib/python3.10/site-packages/airflow/example_dags/tutorial_dag.py took 0.166 seconds
[2025-06-03T07:05:52.708+0000] {processor.py:157} INFO - Started process (PID=2926) to work on /home/airflow/.local/lib/python3.10/site-packages/airflow/example_dags/tutorial_dag.py
[2025-06-03T07:05:52.709+0000] {processor.py:829} INFO - Processing file /home/airflow/.local/lib/python3.10/site-packages/airflow/example_dags/tutorial_dag.py for tasks to queue
[2025-06-03T07:05:52.712+0000] {logging_mixin.py:154} INFO - [2025-06-03T07:05:52.711+0000] {dagbag.py:536} INFO - Filling up the DagBag from /home/airflow/.local/lib/python3.10/site-packages/airflow/example_dags/tutorial_dag.py
[2025-06-03T07:05:52.718+0000] {processor.py:839} INFO - DAG(s) dict_keys(['tutorial_dag']) retrieved from /home/airflow/.local/lib/python3.10/site-packages/airflow/example_dags/tutorial_dag.py
[2025-06-03T07:05:52.739+0000] {logging_mixin.py:154} INFO - [2025-06-03T07:05:52.738+0000] {dag.py:2941} INFO - Sync 1 DAGs
[2025-06-03T07:05:52.751+0000] {logging_mixin.py:154} INFO - [2025-06-03T07:05:52.751+0000] {dag.py:3722} INFO - Setting next_dagrun for tutorial_dag to None, run_after=None
[2025-06-03T07:05:52.794+0000] {processor.py:179} INFO - Processing /home/airflow/.local/lib/python3.10/site-packages/airflow/example_dags/tutorial_dag.py took 0.089 seconds
[2025-06-03T07:06:23.079+0000] {processor.py:157} INFO - Started process (PID=2982) to work on /home/airflow/.local/lib/python3.10/site-packages/airflow/example_dags/tutorial_dag.py
[2025-06-03T07:06:23.081+0000] {processor.py:829} INFO - Processing file /home/airflow/.local/lib/python3.10/site-packages/airflow/example_dags/tutorial_dag.py for tasks to queue
[2025-06-03T07:06:23.083+0000] {logging_mixin.py:154} INFO - [2025-06-03T07:06:23.083+0000] {dagbag.py:536} INFO - Filling up the DagBag from /home/airflow/.local/lib/python3.10/site-packages/airflow/example_dags/tutorial_dag.py
[2025-06-03T07:06:23.089+0000] {processor.py:839} INFO - DAG(s) dict_keys(['tutorial_dag']) retrieved from /home/airflow/.local/lib/python3.10/site-packages/airflow/example_dags/tutorial_dag.py
[2025-06-03T07:06:23.110+0000] {logging_mixin.py:154} INFO - [2025-06-03T07:06:23.110+0000] {dag.py:2941} INFO - Sync 1 DAGs
[2025-06-03T07:06:23.123+0000] {logging_mixin.py:154} INFO - [2025-06-03T07:06:23.122+0000] {dag.py:3722} INFO - Setting next_dagrun for tutorial_dag to None, run_after=None
[2025-06-03T07:06:23.142+0000] {processor.py:179} INFO - Processing /home/airflow/.local/lib/python3.10/site-packages/airflow/example_dags/tutorial_dag.py took 0.067 seconds
[2025-06-03T07:06:53.407+0000] {processor.py:157} INFO - Started process (PID=3037) to work on /home/airflow/.local/lib/python3.10/site-packages/airflow/example_dags/tutorial_dag.py
[2025-06-03T07:06:53.408+0000] {processor.py:829} INFO - Processing file /home/airflow/.local/lib/python3.10/site-packages/airflow/example_dags/tutorial_dag.py for tasks to queue
[2025-06-03T07:06:53.411+0000] {logging_mixin.py:154} INFO - [2025-06-03T07:06:53.411+0000] {dagbag.py:536} INFO - Filling up the DagBag from /home/airflow/.local/lib/python3.10/site-packages/airflow/example_dags/tutorial_dag.py
[2025-06-03T07:06:53.418+0000] {processor.py:839} INFO - DAG(s) dict_keys(['tutorial_dag']) retrieved from /home/airflow/.local/lib/python3.10/site-packages/airflow/example_dags/tutorial_dag.py
[2025-06-03T07:06:53.443+0000] {logging_mixin.py:154} INFO - [2025-06-03T07:06:53.443+0000] {dag.py:2941} INFO - Sync 1 DAGs
[2025-06-03T07:06:53.461+0000] {logging_mixin.py:154} INFO - [2025-06-03T07:06:53.460+0000] {dag.py:3722} INFO - Setting next_dagrun for tutorial_dag to None, run_after=None
[2025-06-03T07:06:53.482+0000] {processor.py:179} INFO - Processing /home/airflow/.local/lib/python3.10/site-packages/airflow/example_dags/tutorial_dag.py took 0.080 seconds
[2025-06-03T07:07:24.154+0000] {processor.py:157} INFO - Started process (PID=3093) to work on /home/airflow/.local/lib/python3.10/site-packages/airflow/example_dags/tutorial_dag.py
[2025-06-03T07:07:24.155+0000] {processor.py:829} INFO - Processing file /home/airflow/.local/lib/python3.10/site-packages/airflow/example_dags/tutorial_dag.py for tasks to queue
[2025-06-03T07:07:24.158+0000] {logging_mixin.py:154} INFO - [2025-06-03T07:07:24.158+0000] {dagbag.py:536} INFO - Filling up the DagBag from /home/airflow/.local/lib/python3.10/site-packages/airflow/example_dags/tutorial_dag.py
[2025-06-03T07:07:24.166+0000] {processor.py:839} INFO - DAG(s) dict_keys(['tutorial_dag']) retrieved from /home/airflow/.local/lib/python3.10/site-packages/airflow/example_dags/tutorial_dag.py
[2025-06-03T07:07:24.192+0000] {logging_mixin.py:154} INFO - [2025-06-03T07:07:24.192+0000] {dag.py:2941} INFO - Sync 1 DAGs
[2025-06-03T07:07:24.210+0000] {logging_mixin.py:154} INFO - [2025-06-03T07:07:24.210+0000] {dag.py:3722} INFO - Setting next_dagrun for tutorial_dag to None, run_after=None
[2025-06-03T07:07:24.241+0000] {processor.py:179} INFO - Processing /home/airflow/.local/lib/python3.10/site-packages/airflow/example_dags/tutorial_dag.py took 0.091 seconds
[2025-06-03T07:07:54.478+0000] {processor.py:157} INFO - Started process (PID=3149) to work on /home/airflow/.local/lib/python3.10/site-packages/airflow/example_dags/tutorial_dag.py
[2025-06-03T07:07:54.479+0000] {processor.py:829} INFO - Processing file /home/airflow/.local/lib/python3.10/site-packages/airflow/example_dags/tutorial_dag.py for tasks to queue
[2025-06-03T07:07:54.482+0000] {logging_mixin.py:154} INFO - [2025-06-03T07:07:54.482+0000] {dagbag.py:536} INFO - Filling up the DagBag from /home/airflow/.local/lib/python3.10/site-packages/airflow/example_dags/tutorial_dag.py
[2025-06-03T07:07:54.490+0000] {processor.py:839} INFO - DAG(s) dict_keys(['tutorial_dag']) retrieved from /home/airflow/.local/lib/python3.10/site-packages/airflow/example_dags/tutorial_dag.py
[2025-06-03T07:07:54.517+0000] {logging_mixin.py:154} INFO - [2025-06-03T07:07:54.517+0000] {dag.py:2941} INFO - Sync 1 DAGs
[2025-06-03T07:07:54.535+0000] {logging_mixin.py:154} INFO - [2025-06-03T07:07:54.534+0000] {dag.py:3722} INFO - Setting next_dagrun for tutorial_dag to None, run_after=None
[2025-06-03T07:07:54.569+0000] {processor.py:179} INFO - Processing /home/airflow/.local/lib/python3.10/site-packages/airflow/example_dags/tutorial_dag.py took 0.095 seconds
[2025-06-03T07:08:24.845+0000] {processor.py:157} INFO - Started process (PID=3205) to work on /home/airflow/.local/lib/python3.10/site-packages/airflow/example_dags/tutorial_dag.py
[2025-06-03T07:08:24.847+0000] {processor.py:829} INFO - Processing file /home/airflow/.local/lib/python3.10/site-packages/airflow/example_dags/tutorial_dag.py for tasks to queue
[2025-06-03T07:08:24.849+0000] {logging_mixin.py:154} INFO - [2025-06-03T07:08:24.849+0000] {dagbag.py:536} INFO - Filling up the DagBag from /home/airflow/.local/lib/python3.10/site-packages/airflow/example_dags/tutorial_dag.py
[2025-06-03T07:08:24.857+0000] {processor.py:839} INFO - DAG(s) dict_keys(['tutorial_dag']) retrieved from /home/airflow/.local/lib/python3.10/site-packages/airflow/example_dags/tutorial_dag.py
[2025-06-03T07:08:24.885+0000] {logging_mixin.py:154} INFO - [2025-06-03T07:08:24.884+0000] {dag.py:2941} INFO - Sync 1 DAGs
[2025-06-03T07:08:24.903+0000] {logging_mixin.py:154} INFO - [2025-06-03T07:08:24.902+0000] {dag.py:3722} INFO - Setting next_dagrun for tutorial_dag to None, run_after=None
[2025-06-03T07:08:24.930+0000] {processor.py:179} INFO - Processing /home/airflow/.local/lib/python3.10/site-packages/airflow/example_dags/tutorial_dag.py took 0.090 seconds
[2025-06-03T07:08:55.761+0000] {processor.py:157} INFO - Started process (PID=3261) to work on /home/airflow/.local/lib/python3.10/site-packages/airflow/example_dags/tutorial_dag.py
[2025-06-03T07:08:55.762+0000] {processor.py:829} INFO - Processing file /home/airflow/.local/lib/python3.10/site-packages/airflow/example_dags/tutorial_dag.py for tasks to queue
[2025-06-03T07:08:55.765+0000] {logging_mixin.py:154} INFO - [2025-06-03T07:08:55.764+0000] {dagbag.py:536} INFO - Filling up the DagBag from /home/airflow/.local/lib/python3.10/site-packages/airflow/example_dags/tutorial_dag.py
[2025-06-03T07:08:55.771+0000] {processor.py:839} INFO - DAG(s) dict_keys(['tutorial_dag']) retrieved from /home/airflow/.local/lib/python3.10/site-packages/airflow/example_dags/tutorial_dag.py
[2025-06-03T07:08:55.792+0000] {logging_mixin.py:154} INFO - [2025-06-03T07:08:55.792+0000] {dag.py:2941} INFO - Sync 1 DAGs
[2025-06-03T07:08:55.805+0000] {logging_mixin.py:154} INFO - [2025-06-03T07:08:55.805+0000] {dag.py:3722} INFO - Setting next_dagrun for tutorial_dag to None, run_after=None
[2025-06-03T07:08:55.825+0000] {processor.py:179} INFO - Processing /home/airflow/.local/lib/python3.10/site-packages/airflow/example_dags/tutorial_dag.py took 0.068 seconds
[2025-06-03T07:09:26.578+0000] {processor.py:157} INFO - Started process (PID=3317) to work on /home/airflow/.local/lib/python3.10/site-packages/airflow/example_dags/tutorial_dag.py
[2025-06-03T07:09:26.580+0000] {processor.py:829} INFO - Processing file /home/airflow/.local/lib/python3.10/site-packages/airflow/example_dags/tutorial_dag.py for tasks to queue
[2025-06-03T07:09:26.583+0000] {logging_mixin.py:154} INFO - [2025-06-03T07:09:26.582+0000] {dagbag.py:536} INFO - Filling up the DagBag from /home/airflow/.local/lib/python3.10/site-packages/airflow/example_dags/tutorial_dag.py
[2025-06-03T07:09:26.590+0000] {processor.py:839} INFO - DAG(s) dict_keys(['tutorial_dag']) retrieved from /home/airflow/.local/lib/python3.10/site-packages/airflow/example_dags/tutorial_dag.py
[2025-06-03T07:09:26.615+0000] {logging_mixin.py:154} INFO - [2025-06-03T07:09:26.615+0000] {dag.py:2941} INFO - Sync 1 DAGs
[2025-06-03T07:09:26.633+0000] {logging_mixin.py:154} INFO - [2025-06-03T07:09:26.633+0000] {dag.py:3722} INFO - Setting next_dagrun for tutorial_dag to None, run_after=None
[2025-06-03T07:09:26.657+0000] {processor.py:179} INFO - Processing /home/airflow/.local/lib/python3.10/site-packages/airflow/example_dags/tutorial_dag.py took 0.084 seconds
[2025-06-03T07:09:57.520+0000] {processor.py:157} INFO - Started process (PID=3372) to work on /home/airflow/.local/lib/python3.10/site-packages/airflow/example_dags/tutorial_dag.py
[2025-06-03T07:09:57.521+0000] {processor.py:829} INFO - Processing file /home/airflow/.local/lib/python3.10/site-packages/airflow/example_dags/tutorial_dag.py for tasks to queue
[2025-06-03T07:09:57.523+0000] {logging_mixin.py:154} INFO - [2025-06-03T07:09:57.523+0000] {dagbag.py:536} INFO - Filling up the DagBag from /home/airflow/.local/lib/python3.10/site-packages/airflow/example_dags/tutorial_dag.py
[2025-06-03T07:09:57.529+0000] {processor.py:839} INFO - DAG(s) dict_keys(['tutorial_dag']) retrieved from /home/airflow/.local/lib/python3.10/site-packages/airflow/example_dags/tutorial_dag.py
[2025-06-03T07:09:57.550+0000] {logging_mixin.py:154} INFO - [2025-06-03T07:09:57.550+0000] {dag.py:2941} INFO - Sync 1 DAGs
[2025-06-03T07:09:57.563+0000] {logging_mixin.py:154} INFO - [2025-06-03T07:09:57.562+0000] {dag.py:3722} INFO - Setting next_dagrun for tutorial_dag to None, run_after=None
[2025-06-03T07:09:57.590+0000] {processor.py:179} INFO - Processing /home/airflow/.local/lib/python3.10/site-packages/airflow/example_dags/tutorial_dag.py took 0.074 seconds
[2025-06-03T07:10:28.081+0000] {processor.py:157} INFO - Started process (PID=3428) to work on /home/airflow/.local/lib/python3.10/site-packages/airflow/example_dags/tutorial_dag.py
[2025-06-03T07:10:28.082+0000] {processor.py:829} INFO - Processing file /home/airflow/.local/lib/python3.10/site-packages/airflow/example_dags/tutorial_dag.py for tasks to queue
[2025-06-03T07:10:28.085+0000] {logging_mixin.py:154} INFO - [2025-06-03T07:10:28.085+0000] {dagbag.py:536} INFO - Filling up the DagBag from /home/airflow/.local/lib/python3.10/site-packages/airflow/example_dags/tutorial_dag.py
[2025-06-03T07:10:28.093+0000] {processor.py:839} INFO - DAG(s) dict_keys(['tutorial_dag']) retrieved from /home/airflow/.local/lib/python3.10/site-packages/airflow/example_dags/tutorial_dag.py
[2025-06-03T07:10:28.121+0000] {logging_mixin.py:154} INFO - [2025-06-03T07:10:28.121+0000] {dag.py:2941} INFO - Sync 1 DAGs
[2025-06-03T07:10:28.140+0000] {logging_mixin.py:154} INFO - [2025-06-03T07:10:28.140+0000] {dag.py:3722} INFO - Setting next_dagrun for tutorial_dag to None, run_after=None
[2025-06-03T07:10:28.162+0000] {processor.py:179} INFO - Processing /home/airflow/.local/lib/python3.10/site-packages/airflow/example_dags/tutorial_dag.py took 0.086 seconds
[2025-06-03T07:10:58.873+0000] {processor.py:157} INFO - Started process (PID=3485) to work on /home/airflow/.local/lib/python3.10/site-packages/airflow/example_dags/tutorial_dag.py
[2025-06-03T07:10:58.875+0000] {processor.py:829} INFO - Processing file /home/airflow/.local/lib/python3.10/site-packages/airflow/example_dags/tutorial_dag.py for tasks to queue
[2025-06-03T07:10:58.877+0000] {logging_mixin.py:154} INFO - [2025-06-03T07:10:58.877+0000] {dagbag.py:536} INFO - Filling up the DagBag from /home/airflow/.local/lib/python3.10/site-packages/airflow/example_dags/tutorial_dag.py
[2025-06-03T07:10:58.884+0000] {processor.py:839} INFO - DAG(s) dict_keys(['tutorial_dag']) retrieved from /home/airflow/.local/lib/python3.10/site-packages/airflow/example_dags/tutorial_dag.py
[2025-06-03T07:10:58.913+0000] {logging_mixin.py:154} INFO - [2025-06-03T07:10:58.913+0000] {dag.py:2941} INFO - Sync 1 DAGs
[2025-06-03T07:10:58.930+0000] {logging_mixin.py:154} INFO - [2025-06-03T07:10:58.930+0000] {dag.py:3722} INFO - Setting next_dagrun for tutorial_dag to None, run_after=None
[2025-06-03T07:10:58.954+0000] {processor.py:179} INFO - Processing /home/airflow/.local/lib/python3.10/site-packages/airflow/example_dags/tutorial_dag.py took 0.085 seconds
[2025-06-03T07:11:29.904+0000] {processor.py:157} INFO - Started process (PID=3541) to work on /home/airflow/.local/lib/python3.10/site-packages/airflow/example_dags/tutorial_dag.py
[2025-06-03T07:11:29.906+0000] {processor.py:829} INFO - Processing file /home/airflow/.local/lib/python3.10/site-packages/airflow/example_dags/tutorial_dag.py for tasks to queue
[2025-06-03T07:11:29.909+0000] {logging_mixin.py:154} INFO - [2025-06-03T07:11:29.908+0000] {dagbag.py:536} INFO - Filling up the DagBag from /home/airflow/.local/lib/python3.10/site-packages/airflow/example_dags/tutorial_dag.py
[2025-06-03T07:11:29.916+0000] {processor.py:839} INFO - DAG(s) dict_keys(['tutorial_dag']) retrieved from /home/airflow/.local/lib/python3.10/site-packages/airflow/example_dags/tutorial_dag.py
[2025-06-03T07:11:29.946+0000] {logging_mixin.py:154} INFO - [2025-06-03T07:11:29.945+0000] {dag.py:2941} INFO - Sync 1 DAGs
[2025-06-03T07:11:29.963+0000] {logging_mixin.py:154} INFO - [2025-06-03T07:11:29.962+0000] {dag.py:3722} INFO - Setting next_dagrun for tutorial_dag to None, run_after=None
[2025-06-03T07:11:29.985+0000] {processor.py:179} INFO - Processing /home/airflow/.local/lib/python3.10/site-packages/airflow/example_dags/tutorial_dag.py took 0.086 seconds
[2025-06-03T07:12:00.079+0000] {processor.py:157} INFO - Started process (PID=3598) to work on /home/airflow/.local/lib/python3.10/site-packages/airflow/example_dags/tutorial_dag.py
[2025-06-03T07:12:00.081+0000] {processor.py:829} INFO - Processing file /home/airflow/.local/lib/python3.10/site-packages/airflow/example_dags/tutorial_dag.py for tasks to queue
[2025-06-03T07:12:00.084+0000] {logging_mixin.py:154} INFO - [2025-06-03T07:12:00.083+0000] {dagbag.py:536} INFO - Filling up the DagBag from /home/airflow/.local/lib/python3.10/site-packages/airflow/example_dags/tutorial_dag.py
[2025-06-03T07:12:00.090+0000] {processor.py:839} INFO - DAG(s) dict_keys(['tutorial_dag']) retrieved from /home/airflow/.local/lib/python3.10/site-packages/airflow/example_dags/tutorial_dag.py
[2025-06-03T07:12:00.110+0000] {logging_mixin.py:154} INFO - [2025-06-03T07:12:00.110+0000] {dag.py:2941} INFO - Sync 1 DAGs
[2025-06-03T07:12:00.123+0000] {logging_mixin.py:154} INFO - [2025-06-03T07:12:00.122+0000] {dag.py:3722} INFO - Setting next_dagrun for tutorial_dag to None, run_after=None
[2025-06-03T07:12:00.146+0000] {processor.py:179} INFO - Processing /home/airflow/.local/lib/python3.10/site-packages/airflow/example_dags/tutorial_dag.py took 0.071 seconds
[2025-06-03T07:12:30.456+0000] {processor.py:157} INFO - Started process (PID=3654) to work on /home/airflow/.local/lib/python3.10/site-packages/airflow/example_dags/tutorial_dag.py
[2025-06-03T07:12:30.457+0000] {processor.py:829} INFO - Processing file /home/airflow/.local/lib/python3.10/site-packages/airflow/example_dags/tutorial_dag.py for tasks to queue
[2025-06-03T07:12:30.460+0000] {logging_mixin.py:154} INFO - [2025-06-03T07:12:30.459+0000] {dagbag.py:536} INFO - Filling up the DagBag from /home/airflow/.local/lib/python3.10/site-packages/airflow/example_dags/tutorial_dag.py
[2025-06-03T07:12:30.465+0000] {processor.py:839} INFO - DAG(s) dict_keys(['tutorial_dag']) retrieved from /home/airflow/.local/lib/python3.10/site-packages/airflow/example_dags/tutorial_dag.py
[2025-06-03T07:12:30.487+0000] {logging_mixin.py:154} INFO - [2025-06-03T07:12:30.486+0000] {dag.py:2941} INFO - Sync 1 DAGs
[2025-06-03T07:12:30.499+0000] {logging_mixin.py:154} INFO - [2025-06-03T07:12:30.499+0000] {dag.py:3722} INFO - Setting next_dagrun for tutorial_dag to None, run_after=None
[2025-06-03T07:12:30.523+0000] {processor.py:179} INFO - Processing /home/airflow/.local/lib/python3.10/site-packages/airflow/example_dags/tutorial_dag.py took 0.071 seconds
[2025-06-03T07:13:00.765+0000] {processor.py:157} INFO - Started process (PID=3711) to work on /home/airflow/.local/lib/python3.10/site-packages/airflow/example_dags/tutorial_dag.py
[2025-06-03T07:13:00.766+0000] {processor.py:829} INFO - Processing file /home/airflow/.local/lib/python3.10/site-packages/airflow/example_dags/tutorial_dag.py for tasks to queue
[2025-06-03T07:13:00.768+0000] {logging_mixin.py:154} INFO - [2025-06-03T07:13:00.768+0000] {dagbag.py:536} INFO - Filling up the DagBag from /home/airflow/.local/lib/python3.10/site-packages/airflow/example_dags/tutorial_dag.py
[2025-06-03T07:13:00.773+0000] {processor.py:839} INFO - DAG(s) dict_keys(['tutorial_dag']) retrieved from /home/airflow/.local/lib/python3.10/site-packages/airflow/example_dags/tutorial_dag.py
[2025-06-03T07:13:00.794+0000] {logging_mixin.py:154} INFO - [2025-06-03T07:13:00.794+0000] {dag.py:2941} INFO - Sync 1 DAGs
[2025-06-03T07:13:00.807+0000] {logging_mixin.py:154} INFO - [2025-06-03T07:13:00.807+0000] {dag.py:3722} INFO - Setting next_dagrun for tutorial_dag to None, run_after=None
[2025-06-03T07:13:00.827+0000] {processor.py:179} INFO - Processing /home/airflow/.local/lib/python3.10/site-packages/airflow/example_dags/tutorial_dag.py took 0.066 seconds
[2025-06-03T07:13:31.616+0000] {processor.py:157} INFO - Started process (PID=3767) to work on /home/airflow/.local/lib/python3.10/site-packages/airflow/example_dags/tutorial_dag.py
[2025-06-03T07:13:31.619+0000] {processor.py:829} INFO - Processing file /home/airflow/.local/lib/python3.10/site-packages/airflow/example_dags/tutorial_dag.py for tasks to queue
[2025-06-03T07:13:31.622+0000] {logging_mixin.py:154} INFO - [2025-06-03T07:13:31.622+0000] {dagbag.py:536} INFO - Filling up the DagBag from /home/airflow/.local/lib/python3.10/site-packages/airflow/example_dags/tutorial_dag.py
[2025-06-03T07:13:31.628+0000] {processor.py:839} INFO - DAG(s) dict_keys(['tutorial_dag']) retrieved from /home/airflow/.local/lib/python3.10/site-packages/airflow/example_dags/tutorial_dag.py
[2025-06-03T07:13:31.648+0000] {logging_mixin.py:154} INFO - [2025-06-03T07:13:31.647+0000] {dag.py:2941} INFO - Sync 1 DAGs
[2025-06-03T07:13:31.661+0000] {logging_mixin.py:154} INFO - [2025-06-03T07:13:31.661+0000] {dag.py:3722} INFO - Setting next_dagrun for tutorial_dag to None, run_after=None
[2025-06-03T07:13:31.680+0000] {processor.py:179} INFO - Processing /home/airflow/.local/lib/python3.10/site-packages/airflow/example_dags/tutorial_dag.py took 0.068 seconds
[2025-06-03T07:14:02.090+0000] {processor.py:157} INFO - Started process (PID=3824) to work on /home/airflow/.local/lib/python3.10/site-packages/airflow/example_dags/tutorial_dag.py
[2025-06-03T07:14:02.091+0000] {processor.py:829} INFO - Processing file /home/airflow/.local/lib/python3.10/site-packages/airflow/example_dags/tutorial_dag.py for tasks to queue
[2025-06-03T07:14:02.094+0000] {logging_mixin.py:154} INFO - [2025-06-03T07:14:02.093+0000] {dagbag.py:536} INFO - Filling up the DagBag from /home/airflow/.local/lib/python3.10/site-packages/airflow/example_dags/tutorial_dag.py
[2025-06-03T07:14:02.099+0000] {processor.py:839} INFO - DAG(s) dict_keys(['tutorial_dag']) retrieved from /home/airflow/.local/lib/python3.10/site-packages/airflow/example_dags/tutorial_dag.py
[2025-06-03T07:14:02.119+0000] {logging_mixin.py:154} INFO - [2025-06-03T07:14:02.119+0000] {dag.py:2941} INFO - Sync 1 DAGs
[2025-06-03T07:14:02.132+0000] {logging_mixin.py:154} INFO - [2025-06-03T07:14:02.132+0000] {dag.py:3722} INFO - Setting next_dagrun for tutorial_dag to None, run_after=None
[2025-06-03T07:14:02.157+0000] {processor.py:179} INFO - Processing /home/airflow/.local/lib/python3.10/site-packages/airflow/example_dags/tutorial_dag.py took 0.072 seconds
[2025-06-03T07:14:32.643+0000] {processor.py:157} INFO - Started process (PID=3881) to work on /home/airflow/.local/lib/python3.10/site-packages/airflow/example_dags/tutorial_dag.py
[2025-06-03T07:14:32.647+0000] {processor.py:829} INFO - Processing file /home/airflow/.local/lib/python3.10/site-packages/airflow/example_dags/tutorial_dag.py for tasks to queue
[2025-06-03T07:14:32.655+0000] {logging_mixin.py:154} INFO - [2025-06-03T07:14:32.655+0000] {dagbag.py:536} INFO - Filling up the DagBag from /home/airflow/.local/lib/python3.10/site-packages/airflow/example_dags/tutorial_dag.py
[2025-06-03T07:14:32.667+0000] {processor.py:839} INFO - DAG(s) dict_keys(['tutorial_dag']) retrieved from /home/airflow/.local/lib/python3.10/site-packages/airflow/example_dags/tutorial_dag.py
[2025-06-03T07:14:32.739+0000] {logging_mixin.py:154} INFO - [2025-06-03T07:14:32.739+0000] {dag.py:2941} INFO - Sync 1 DAGs
[2025-06-03T07:14:32.792+0000] {logging_mixin.py:154} INFO - [2025-06-03T07:14:32.792+0000] {dag.py:3722} INFO - Setting next_dagrun for tutorial_dag to None, run_after=None
[2025-06-03T07:14:32.882+0000] {processor.py:179} INFO - Processing /home/airflow/.local/lib/python3.10/site-packages/airflow/example_dags/tutorial_dag.py took 0.245 seconds
[2025-06-03T07:15:03.711+0000] {processor.py:157} INFO - Started process (PID=3944) to work on /home/airflow/.local/lib/python3.10/site-packages/airflow/example_dags/tutorial_dag.py
[2025-06-03T07:15:03.712+0000] {processor.py:829} INFO - Processing file /home/airflow/.local/lib/python3.10/site-packages/airflow/example_dags/tutorial_dag.py for tasks to queue
[2025-06-03T07:15:03.715+0000] {logging_mixin.py:154} INFO - [2025-06-03T07:15:03.714+0000] {dagbag.py:536} INFO - Filling up the DagBag from /home/airflow/.local/lib/python3.10/site-packages/airflow/example_dags/tutorial_dag.py
[2025-06-03T07:15:03.722+0000] {processor.py:839} INFO - DAG(s) dict_keys(['tutorial_dag']) retrieved from /home/airflow/.local/lib/python3.10/site-packages/airflow/example_dags/tutorial_dag.py
[2025-06-03T07:15:03.750+0000] {logging_mixin.py:154} INFO - [2025-06-03T07:15:03.749+0000] {dag.py:2941} INFO - Sync 1 DAGs
[2025-06-03T07:15:03.768+0000] {logging_mixin.py:154} INFO - [2025-06-03T07:15:03.767+0000] {dag.py:3722} INFO - Setting next_dagrun for tutorial_dag to None, run_after=None
[2025-06-03T07:15:03.795+0000] {processor.py:179} INFO - Processing /home/airflow/.local/lib/python3.10/site-packages/airflow/example_dags/tutorial_dag.py took 0.089 seconds
[2025-06-03T07:15:33.855+0000] {processor.py:157} INFO - Started process (PID=3998) to work on /home/airflow/.local/lib/python3.10/site-packages/airflow/example_dags/tutorial_dag.py
[2025-06-03T07:15:33.858+0000] {processor.py:829} INFO - Processing file /home/airflow/.local/lib/python3.10/site-packages/airflow/example_dags/tutorial_dag.py for tasks to queue
[2025-06-03T07:15:33.860+0000] {logging_mixin.py:154} INFO - [2025-06-03T07:15:33.860+0000] {dagbag.py:536} INFO - Filling up the DagBag from /home/airflow/.local/lib/python3.10/site-packages/airflow/example_dags/tutorial_dag.py
[2025-06-03T07:15:33.866+0000] {processor.py:839} INFO - DAG(s) dict_keys(['tutorial_dag']) retrieved from /home/airflow/.local/lib/python3.10/site-packages/airflow/example_dags/tutorial_dag.py
[2025-06-03T07:15:33.887+0000] {logging_mixin.py:154} INFO - [2025-06-03T07:15:33.887+0000] {dag.py:2941} INFO - Sync 1 DAGs
[2025-06-03T07:15:33.901+0000] {logging_mixin.py:154} INFO - [2025-06-03T07:15:33.900+0000] {dag.py:3722} INFO - Setting next_dagrun for tutorial_dag to None, run_after=None
[2025-06-03T07:15:33.923+0000] {processor.py:179} INFO - Processing /home/airflow/.local/lib/python3.10/site-packages/airflow/example_dags/tutorial_dag.py took 0.071 seconds
[2025-06-03T07:16:04.078+0000] {processor.py:157} INFO - Started process (PID=4054) to work on /home/airflow/.local/lib/python3.10/site-packages/airflow/example_dags/tutorial_dag.py
[2025-06-03T07:16:04.083+0000] {processor.py:829} INFO - Processing file /home/airflow/.local/lib/python3.10/site-packages/airflow/example_dags/tutorial_dag.py for tasks to queue
[2025-06-03T07:16:04.086+0000] {logging_mixin.py:154} INFO - [2025-06-03T07:16:04.085+0000] {dagbag.py:536} INFO - Filling up the DagBag from /home/airflow/.local/lib/python3.10/site-packages/airflow/example_dags/tutorial_dag.py
[2025-06-03T07:16:04.091+0000] {processor.py:839} INFO - DAG(s) dict_keys(['tutorial_dag']) retrieved from /home/airflow/.local/lib/python3.10/site-packages/airflow/example_dags/tutorial_dag.py
[2025-06-03T07:16:04.111+0000] {logging_mixin.py:154} INFO - [2025-06-03T07:16:04.111+0000] {dag.py:2941} INFO - Sync 1 DAGs
[2025-06-03T07:16:04.124+0000] {logging_mixin.py:154} INFO - [2025-06-03T07:16:04.124+0000] {dag.py:3722} INFO - Setting next_dagrun for tutorial_dag to None, run_after=None
[2025-06-03T07:16:04.144+0000] {processor.py:179} INFO - Processing /home/airflow/.local/lib/python3.10/site-packages/airflow/example_dags/tutorial_dag.py took 0.072 seconds
[2025-06-03T07:16:34.599+0000] {processor.py:157} INFO - Started process (PID=4111) to work on /home/airflow/.local/lib/python3.10/site-packages/airflow/example_dags/tutorial_dag.py
[2025-06-03T07:16:34.601+0000] {processor.py:829} INFO - Processing file /home/airflow/.local/lib/python3.10/site-packages/airflow/example_dags/tutorial_dag.py for tasks to queue
[2025-06-03T07:16:34.604+0000] {logging_mixin.py:154} INFO - [2025-06-03T07:16:34.603+0000] {dagbag.py:536} INFO - Filling up the DagBag from /home/airflow/.local/lib/python3.10/site-packages/airflow/example_dags/tutorial_dag.py
[2025-06-03T07:16:34.611+0000] {processor.py:839} INFO - DAG(s) dict_keys(['tutorial_dag']) retrieved from /home/airflow/.local/lib/python3.10/site-packages/airflow/example_dags/tutorial_dag.py
[2025-06-03T07:16:34.634+0000] {logging_mixin.py:154} INFO - [2025-06-03T07:16:34.633+0000] {dag.py:2941} INFO - Sync 1 DAGs
[2025-06-03T07:16:34.646+0000] {logging_mixin.py:154} INFO - [2025-06-03T07:16:34.646+0000] {dag.py:3722} INFO - Setting next_dagrun for tutorial_dag to None, run_after=None
[2025-06-03T07:16:34.668+0000] {processor.py:179} INFO - Processing /home/airflow/.local/lib/python3.10/site-packages/airflow/example_dags/tutorial_dag.py took 0.074 seconds
[2025-06-03T07:17:04.773+0000] {processor.py:157} INFO - Started process (PID=4169) to work on /home/airflow/.local/lib/python3.10/site-packages/airflow/example_dags/tutorial_dag.py
[2025-06-03T07:17:04.775+0000] {processor.py:829} INFO - Processing file /home/airflow/.local/lib/python3.10/site-packages/airflow/example_dags/tutorial_dag.py for tasks to queue
[2025-06-03T07:17:04.778+0000] {logging_mixin.py:154} INFO - [2025-06-03T07:17:04.778+0000] {dagbag.py:536} INFO - Filling up the DagBag from /home/airflow/.local/lib/python3.10/site-packages/airflow/example_dags/tutorial_dag.py
[2025-06-03T07:17:04.785+0000] {processor.py:839} INFO - DAG(s) dict_keys(['tutorial_dag']) retrieved from /home/airflow/.local/lib/python3.10/site-packages/airflow/example_dags/tutorial_dag.py
[2025-06-03T07:17:04.805+0000] {logging_mixin.py:154} INFO - [2025-06-03T07:17:04.805+0000] {dag.py:2941} INFO - Sync 1 DAGs
[2025-06-03T07:17:04.819+0000] {logging_mixin.py:154} INFO - [2025-06-03T07:17:04.818+0000] {dag.py:3722} INFO - Setting next_dagrun for tutorial_dag to None, run_after=None
[2025-06-03T07:17:04.838+0000] {processor.py:179} INFO - Processing /home/airflow/.local/lib/python3.10/site-packages/airflow/example_dags/tutorial_dag.py took 0.069 seconds
[2025-06-03T07:17:35.005+0000] {processor.py:157} INFO - Started process (PID=4225) to work on /home/airflow/.local/lib/python3.10/site-packages/airflow/example_dags/tutorial_dag.py
[2025-06-03T07:17:35.006+0000] {processor.py:829} INFO - Processing file /home/airflow/.local/lib/python3.10/site-packages/airflow/example_dags/tutorial_dag.py for tasks to queue
[2025-06-03T07:17:35.008+0000] {logging_mixin.py:154} INFO - [2025-06-03T07:17:35.008+0000] {dagbag.py:536} INFO - Filling up the DagBag from /home/airflow/.local/lib/python3.10/site-packages/airflow/example_dags/tutorial_dag.py
[2025-06-03T07:17:35.014+0000] {processor.py:839} INFO - DAG(s) dict_keys(['tutorial_dag']) retrieved from /home/airflow/.local/lib/python3.10/site-packages/airflow/example_dags/tutorial_dag.py
[2025-06-03T07:17:35.035+0000] {logging_mixin.py:154} INFO - [2025-06-03T07:17:35.035+0000] {dag.py:2941} INFO - Sync 1 DAGs
[2025-06-03T07:17:35.048+0000] {logging_mixin.py:154} INFO - [2025-06-03T07:17:35.047+0000] {dag.py:3722} INFO - Setting next_dagrun for tutorial_dag to None, run_after=None
[2025-06-03T07:17:35.080+0000] {processor.py:179} INFO - Processing /home/airflow/.local/lib/python3.10/site-packages/airflow/example_dags/tutorial_dag.py took 0.079 seconds
[2025-06-03T07:18:05.788+0000] {processor.py:157} INFO - Started process (PID=4281) to work on /home/airflow/.local/lib/python3.10/site-packages/airflow/example_dags/tutorial_dag.py
[2025-06-03T07:18:05.791+0000] {processor.py:829} INFO - Processing file /home/airflow/.local/lib/python3.10/site-packages/airflow/example_dags/tutorial_dag.py for tasks to queue
[2025-06-03T07:18:05.797+0000] {logging_mixin.py:154} INFO - [2025-06-03T07:18:05.796+0000] {dagbag.py:536} INFO - Filling up the DagBag from /home/airflow/.local/lib/python3.10/site-packages/airflow/example_dags/tutorial_dag.py
[2025-06-03T07:18:05.804+0000] {processor.py:839} INFO - DAG(s) dict_keys(['tutorial_dag']) retrieved from /home/airflow/.local/lib/python3.10/site-packages/airflow/example_dags/tutorial_dag.py
[2025-06-03T07:18:05.825+0000] {logging_mixin.py:154} INFO - [2025-06-03T07:18:05.825+0000] {dag.py:2941} INFO - Sync 1 DAGs
[2025-06-03T07:18:05.839+0000] {logging_mixin.py:154} INFO - [2025-06-03T07:18:05.838+0000] {dag.py:3722} INFO - Setting next_dagrun for tutorial_dag to None, run_after=None
[2025-06-03T07:18:05.878+0000] {processor.py:179} INFO - Processing /home/airflow/.local/lib/python3.10/site-packages/airflow/example_dags/tutorial_dag.py took 0.094 seconds
[2025-06-03T07:18:36.155+0000] {processor.py:157} INFO - Started process (PID=4337) to work on /home/airflow/.local/lib/python3.10/site-packages/airflow/example_dags/tutorial_dag.py
[2025-06-03T07:18:36.156+0000] {processor.py:829} INFO - Processing file /home/airflow/.local/lib/python3.10/site-packages/airflow/example_dags/tutorial_dag.py for tasks to queue
[2025-06-03T07:18:36.159+0000] {logging_mixin.py:154} INFO - [2025-06-03T07:18:36.159+0000] {dagbag.py:536} INFO - Filling up the DagBag from /home/airflow/.local/lib/python3.10/site-packages/airflow/example_dags/tutorial_dag.py
[2025-06-03T07:18:36.166+0000] {processor.py:839} INFO - DAG(s) dict_keys(['tutorial_dag']) retrieved from /home/airflow/.local/lib/python3.10/site-packages/airflow/example_dags/tutorial_dag.py
[2025-06-03T07:18:36.187+0000] {logging_mixin.py:154} INFO - [2025-06-03T07:18:36.187+0000] {dag.py:2941} INFO - Sync 1 DAGs
[2025-06-03T07:18:36.200+0000] {logging_mixin.py:154} INFO - [2025-06-03T07:18:36.200+0000] {dag.py:3722} INFO - Setting next_dagrun for tutorial_dag to None, run_after=None
[2025-06-03T07:18:36.218+0000] {processor.py:179} INFO - Processing /home/airflow/.local/lib/python3.10/site-packages/airflow/example_dags/tutorial_dag.py took 0.066 seconds
[2025-06-03T07:19:07.154+0000] {processor.py:157} INFO - Started process (PID=4393) to work on /home/airflow/.local/lib/python3.10/site-packages/airflow/example_dags/tutorial_dag.py
[2025-06-03T07:19:07.157+0000] {processor.py:829} INFO - Processing file /home/airflow/.local/lib/python3.10/site-packages/airflow/example_dags/tutorial_dag.py for tasks to queue
[2025-06-03T07:19:07.161+0000] {logging_mixin.py:154} INFO - [2025-06-03T07:19:07.161+0000] {dagbag.py:536} INFO - Filling up the DagBag from /home/airflow/.local/lib/python3.10/site-packages/airflow/example_dags/tutorial_dag.py
[2025-06-03T07:19:07.169+0000] {processor.py:839} INFO - DAG(s) dict_keys(['tutorial_dag']) retrieved from /home/airflow/.local/lib/python3.10/site-packages/airflow/example_dags/tutorial_dag.py
[2025-06-03T07:19:07.215+0000] {logging_mixin.py:154} INFO - [2025-06-03T07:19:07.214+0000] {dag.py:2941} INFO - Sync 1 DAGs
[2025-06-03T07:19:07.232+0000] {logging_mixin.py:154} INFO - [2025-06-03T07:19:07.232+0000] {dag.py:3722} INFO - Setting next_dagrun for tutorial_dag to None, run_after=None
[2025-06-03T07:19:07.257+0000] {processor.py:179} INFO - Processing /home/airflow/.local/lib/python3.10/site-packages/airflow/example_dags/tutorial_dag.py took 0.108 seconds
[2025-06-03T07:19:37.629+0000] {processor.py:157} INFO - Started process (PID=4449) to work on /home/airflow/.local/lib/python3.10/site-packages/airflow/example_dags/tutorial_dag.py
[2025-06-03T07:19:37.630+0000] {processor.py:829} INFO - Processing file /home/airflow/.local/lib/python3.10/site-packages/airflow/example_dags/tutorial_dag.py for tasks to queue
[2025-06-03T07:19:37.633+0000] {logging_mixin.py:154} INFO - [2025-06-03T07:19:37.632+0000] {dagbag.py:536} INFO - Filling up the DagBag from /home/airflow/.local/lib/python3.10/site-packages/airflow/example_dags/tutorial_dag.py
[2025-06-03T07:19:37.640+0000] {processor.py:839} INFO - DAG(s) dict_keys(['tutorial_dag']) retrieved from /home/airflow/.local/lib/python3.10/site-packages/airflow/example_dags/tutorial_dag.py
[2025-06-03T07:19:37.670+0000] {logging_mixin.py:154} INFO - [2025-06-03T07:19:37.670+0000] {dag.py:2941} INFO - Sync 1 DAGs
[2025-06-03T07:19:37.688+0000] {logging_mixin.py:154} INFO - [2025-06-03T07:19:37.688+0000] {dag.py:3722} INFO - Setting next_dagrun for tutorial_dag to None, run_after=None
[2025-06-03T07:19:37.714+0000] {processor.py:179} INFO - Processing /home/airflow/.local/lib/python3.10/site-packages/airflow/example_dags/tutorial_dag.py took 0.089 seconds
