[2025-06-02T21:59:59.246+0000] {processor.py:157} INFO - Started process (PID=50) to work on /home/airflow/.local/lib/python3.10/site-packages/airflow/example_dags/example_branch_operator_decorator.py
[2025-06-02T21:59:59.252+0000] {processor.py:829} INFO - Processing file /home/airflow/.local/lib/python3.10/site-packages/airflow/example_dags/example_branch_operator_decorator.py for tasks to queue
[2025-06-02T21:59:59.255+0000] {logging_mixin.py:154} INFO - [2025-06-02T21:59:59.254+0000] {dagbag.py:536} INFO - Filling up the DagBag from /home/airflow/.local/lib/python3.10/site-packages/airflow/example_dags/example_branch_operator_decorator.py
[2025-06-02T21:59:59.300+0000] {processor.py:839} INFO - DAG(s) dict_keys(['example_branch_python_operator_decorator']) retrieved from /home/airflow/.local/lib/python3.10/site-packages/airflow/example_dags/example_branch_operator_decorator.py
[2025-06-02T21:59:59.935+0000] {logging_mixin.py:154} INFO - [2025-06-02T21:59:59.935+0000] {manager.py:499} INFO - Created Permission View: %s
[2025-06-02T22:00:00.013+0000] {logging_mixin.py:154} INFO - [2025-06-02T22:00:00.013+0000] {manager.py:499} INFO - Created Permission View: %s
[2025-06-02T22:00:00.046+0000] {logging_mixin.py:154} INFO - [2025-06-02T22:00:00.046+0000] {manager.py:499} INFO - Created Permission View: %s
[2025-06-02T22:00:00.047+0000] {logging_mixin.py:154} INFO - [2025-06-02T22:00:00.047+0000] {dag.py:2941} INFO - Sync 1 DAGs
[2025-06-02T22:00:00.103+0000] {logging_mixin.py:154} INFO - [2025-06-02T22:00:00.103+0000] {dag.py:2963} INFO - Creating ORM DAG for example_branch_python_operator_decorator
[2025-06-02T22:00:00.175+0000] {logging_mixin.py:154} INFO - [2025-06-02T22:00:00.175+0000] {dag.py:3722} INFO - Setting next_dagrun for example_branch_python_operator_decorator to 2025-06-01T00:00:00+00:00, run_after=2025-06-02T00:00:00+00:00
[2025-06-02T22:00:00.250+0000] {processor.py:179} INFO - Processing /home/airflow/.local/lib/python3.10/site-packages/airflow/example_dags/example_branch_operator_decorator.py took 1.020 seconds
[2025-06-02T22:00:31.023+0000] {processor.py:157} INFO - Started process (PID=104) to work on /home/airflow/.local/lib/python3.10/site-packages/airflow/example_dags/example_branch_operator_decorator.py
[2025-06-02T22:00:31.026+0000] {processor.py:829} INFO - Processing file /home/airflow/.local/lib/python3.10/site-packages/airflow/example_dags/example_branch_operator_decorator.py for tasks to queue
[2025-06-02T22:00:31.029+0000] {logging_mixin.py:154} INFO - [2025-06-02T22:00:31.028+0000] {dagbag.py:536} INFO - Filling up the DagBag from /home/airflow/.local/lib/python3.10/site-packages/airflow/example_dags/example_branch_operator_decorator.py
[2025-06-02T22:00:31.042+0000] {processor.py:839} INFO - DAG(s) dict_keys(['example_branch_python_operator_decorator']) retrieved from /home/airflow/.local/lib/python3.10/site-packages/airflow/example_dags/example_branch_operator_decorator.py
[2025-06-02T22:00:31.073+0000] {logging_mixin.py:154} INFO - [2025-06-02T22:00:31.072+0000] {dag.py:2941} INFO - Sync 1 DAGs
[2025-06-02T22:00:31.105+0000] {logging_mixin.py:154} INFO - [2025-06-02T22:00:31.105+0000] {dag.py:3722} INFO - Setting next_dagrun for example_branch_python_operator_decorator to 2025-06-01T00:00:00+00:00, run_after=2025-06-02T00:00:00+00:00
[2025-06-02T22:00:31.131+0000] {processor.py:179} INFO - Processing /home/airflow/.local/lib/python3.10/site-packages/airflow/example_dags/example_branch_operator_decorator.py took 0.113 seconds
[2025-06-02T22:01:01.337+0000] {processor.py:157} INFO - Started process (PID=158) to work on /home/airflow/.local/lib/python3.10/site-packages/airflow/example_dags/example_branch_operator_decorator.py
[2025-06-02T22:01:01.338+0000] {processor.py:829} INFO - Processing file /home/airflow/.local/lib/python3.10/site-packages/airflow/example_dags/example_branch_operator_decorator.py for tasks to queue
[2025-06-02T22:01:01.341+0000] {logging_mixin.py:154} INFO - [2025-06-02T22:01:01.341+0000] {dagbag.py:536} INFO - Filling up the DagBag from /home/airflow/.local/lib/python3.10/site-packages/airflow/example_dags/example_branch_operator_decorator.py
[2025-06-02T22:01:01.356+0000] {processor.py:839} INFO - DAG(s) dict_keys(['example_branch_python_operator_decorator']) retrieved from /home/airflow/.local/lib/python3.10/site-packages/airflow/example_dags/example_branch_operator_decorator.py
[2025-06-02T22:01:01.392+0000] {logging_mixin.py:154} INFO - [2025-06-02T22:01:01.392+0000] {dag.py:2941} INFO - Sync 1 DAGs
[2025-06-02T22:01:01.425+0000] {logging_mixin.py:154} INFO - [2025-06-02T22:01:01.425+0000] {dag.py:3722} INFO - Setting next_dagrun for example_branch_python_operator_decorator to 2025-06-01T00:00:00+00:00, run_after=2025-06-02T00:00:00+00:00
[2025-06-02T22:01:01.460+0000] {processor.py:179} INFO - Processing /home/airflow/.local/lib/python3.10/site-packages/airflow/example_dags/example_branch_operator_decorator.py took 0.127 seconds
[2025-06-02T22:01:32.047+0000] {processor.py:157} INFO - Started process (PID=212) to work on /home/airflow/.local/lib/python3.10/site-packages/airflow/example_dags/example_branch_operator_decorator.py
[2025-06-02T22:01:32.053+0000] {processor.py:829} INFO - Processing file /home/airflow/.local/lib/python3.10/site-packages/airflow/example_dags/example_branch_operator_decorator.py for tasks to queue
[2025-06-02T22:01:32.056+0000] {logging_mixin.py:154} INFO - [2025-06-02T22:01:32.056+0000] {dagbag.py:536} INFO - Filling up the DagBag from /home/airflow/.local/lib/python3.10/site-packages/airflow/example_dags/example_branch_operator_decorator.py
[2025-06-02T22:01:32.069+0000] {processor.py:839} INFO - DAG(s) dict_keys(['example_branch_python_operator_decorator']) retrieved from /home/airflow/.local/lib/python3.10/site-packages/airflow/example_dags/example_branch_operator_decorator.py
[2025-06-02T22:01:32.106+0000] {logging_mixin.py:154} INFO - [2025-06-02T22:01:32.106+0000] {dag.py:2941} INFO - Sync 1 DAGs
[2025-06-02T22:01:32.141+0000] {logging_mixin.py:154} INFO - [2025-06-02T22:01:32.141+0000] {dag.py:3722} INFO - Setting next_dagrun for example_branch_python_operator_decorator to 2025-06-01T00:00:00+00:00, run_after=2025-06-02T00:00:00+00:00
[2025-06-02T22:01:32.162+0000] {processor.py:179} INFO - Processing /home/airflow/.local/lib/python3.10/site-packages/airflow/example_dags/example_branch_operator_decorator.py took 0.120 seconds
[2025-06-02T22:02:02.668+0000] {processor.py:157} INFO - Started process (PID=267) to work on /home/airflow/.local/lib/python3.10/site-packages/airflow/example_dags/example_branch_operator_decorator.py
[2025-06-02T22:02:02.670+0000] {processor.py:829} INFO - Processing file /home/airflow/.local/lib/python3.10/site-packages/airflow/example_dags/example_branch_operator_decorator.py for tasks to queue
[2025-06-02T22:02:02.673+0000] {logging_mixin.py:154} INFO - [2025-06-02T22:02:02.673+0000] {dagbag.py:536} INFO - Filling up the DagBag from /home/airflow/.local/lib/python3.10/site-packages/airflow/example_dags/example_branch_operator_decorator.py
[2025-06-02T22:02:02.690+0000] {processor.py:839} INFO - DAG(s) dict_keys(['example_branch_python_operator_decorator']) retrieved from /home/airflow/.local/lib/python3.10/site-packages/airflow/example_dags/example_branch_operator_decorator.py
[2025-06-02T22:02:02.721+0000] {logging_mixin.py:154} INFO - [2025-06-02T22:02:02.720+0000] {dag.py:2941} INFO - Sync 1 DAGs
[2025-06-02T22:02:02.756+0000] {logging_mixin.py:154} INFO - [2025-06-02T22:02:02.755+0000] {dag.py:3722} INFO - Setting next_dagrun for example_branch_python_operator_decorator to 2025-06-01T00:00:00+00:00, run_after=2025-06-02T00:00:00+00:00
[2025-06-02T22:02:02.777+0000] {processor.py:179} INFO - Processing /home/airflow/.local/lib/python3.10/site-packages/airflow/example_dags/example_branch_operator_decorator.py took 0.113 seconds
[2025-06-02T22:02:33.464+0000] {processor.py:157} INFO - Started process (PID=320) to work on /home/airflow/.local/lib/python3.10/site-packages/airflow/example_dags/example_branch_operator_decorator.py
[2025-06-02T22:02:33.465+0000] {processor.py:829} INFO - Processing file /home/airflow/.local/lib/python3.10/site-packages/airflow/example_dags/example_branch_operator_decorator.py for tasks to queue
[2025-06-02T22:02:33.468+0000] {logging_mixin.py:154} INFO - [2025-06-02T22:02:33.468+0000] {dagbag.py:536} INFO - Filling up the DagBag from /home/airflow/.local/lib/python3.10/site-packages/airflow/example_dags/example_branch_operator_decorator.py
[2025-06-02T22:02:33.483+0000] {processor.py:839} INFO - DAG(s) dict_keys(['example_branch_python_operator_decorator']) retrieved from /home/airflow/.local/lib/python3.10/site-packages/airflow/example_dags/example_branch_operator_decorator.py
[2025-06-02T22:02:33.520+0000] {logging_mixin.py:154} INFO - [2025-06-02T22:02:33.520+0000] {dag.py:2941} INFO - Sync 1 DAGs
[2025-06-02T22:02:33.552+0000] {logging_mixin.py:154} INFO - [2025-06-02T22:02:33.552+0000] {dag.py:3722} INFO - Setting next_dagrun for example_branch_python_operator_decorator to 2025-06-01T00:00:00+00:00, run_after=2025-06-02T00:00:00+00:00
[2025-06-02T22:02:33.581+0000] {processor.py:179} INFO - Processing /home/airflow/.local/lib/python3.10/site-packages/airflow/example_dags/example_branch_operator_decorator.py took 0.122 seconds
[2025-06-02T22:03:04.204+0000] {processor.py:157} INFO - Started process (PID=374) to work on /home/airflow/.local/lib/python3.10/site-packages/airflow/example_dags/example_branch_operator_decorator.py
[2025-06-02T22:03:04.205+0000] {processor.py:829} INFO - Processing file /home/airflow/.local/lib/python3.10/site-packages/airflow/example_dags/example_branch_operator_decorator.py for tasks to queue
[2025-06-02T22:03:04.208+0000] {logging_mixin.py:154} INFO - [2025-06-02T22:03:04.208+0000] {dagbag.py:536} INFO - Filling up the DagBag from /home/airflow/.local/lib/python3.10/site-packages/airflow/example_dags/example_branch_operator_decorator.py
[2025-06-02T22:03:04.223+0000] {processor.py:839} INFO - DAG(s) dict_keys(['example_branch_python_operator_decorator']) retrieved from /home/airflow/.local/lib/python3.10/site-packages/airflow/example_dags/example_branch_operator_decorator.py
[2025-06-02T22:03:04.254+0000] {logging_mixin.py:154} INFO - [2025-06-02T22:03:04.254+0000] {dag.py:2941} INFO - Sync 1 DAGs
[2025-06-02T22:03:04.292+0000] {logging_mixin.py:154} INFO - [2025-06-02T22:03:04.292+0000] {dag.py:3722} INFO - Setting next_dagrun for example_branch_python_operator_decorator to 2025-06-01T00:00:00+00:00, run_after=2025-06-02T00:00:00+00:00
[2025-06-02T22:03:04.316+0000] {processor.py:179} INFO - Processing /home/airflow/.local/lib/python3.10/site-packages/airflow/example_dags/example_branch_operator_decorator.py took 0.116 seconds
[2025-06-02T22:03:34.675+0000] {processor.py:157} INFO - Started process (PID=429) to work on /home/airflow/.local/lib/python3.10/site-packages/airflow/example_dags/example_branch_operator_decorator.py
[2025-06-02T22:03:34.682+0000] {processor.py:829} INFO - Processing file /home/airflow/.local/lib/python3.10/site-packages/airflow/example_dags/example_branch_operator_decorator.py for tasks to queue
[2025-06-02T22:03:34.685+0000] {logging_mixin.py:154} INFO - [2025-06-02T22:03:34.684+0000] {dagbag.py:536} INFO - Filling up the DagBag from /home/airflow/.local/lib/python3.10/site-packages/airflow/example_dags/example_branch_operator_decorator.py
[2025-06-02T22:03:34.742+0000] {processor.py:839} INFO - DAG(s) dict_keys(['example_branch_python_operator_decorator']) retrieved from /home/airflow/.local/lib/python3.10/site-packages/airflow/example_dags/example_branch_operator_decorator.py
[2025-06-02T22:03:34.824+0000] {logging_mixin.py:154} INFO - [2025-06-02T22:03:34.824+0000] {dag.py:2941} INFO - Sync 1 DAGs
[2025-06-02T22:03:34.947+0000] {logging_mixin.py:154} INFO - [2025-06-02T22:03:34.947+0000] {dag.py:3722} INFO - Setting next_dagrun for example_branch_python_operator_decorator to 2025-06-01T00:00:00+00:00, run_after=2025-06-02T00:00:00+00:00
[2025-06-02T22:03:35.074+0000] {processor.py:179} INFO - Processing /home/airflow/.local/lib/python3.10/site-packages/airflow/example_dags/example_branch_operator_decorator.py took 0.412 seconds
[2025-06-02T22:04:05.355+0000] {processor.py:157} INFO - Started process (PID=483) to work on /home/airflow/.local/lib/python3.10/site-packages/airflow/example_dags/example_branch_operator_decorator.py
[2025-06-02T22:04:05.356+0000] {processor.py:829} INFO - Processing file /home/airflow/.local/lib/python3.10/site-packages/airflow/example_dags/example_branch_operator_decorator.py for tasks to queue
[2025-06-02T22:04:05.359+0000] {logging_mixin.py:154} INFO - [2025-06-02T22:04:05.359+0000] {dagbag.py:536} INFO - Filling up the DagBag from /home/airflow/.local/lib/python3.10/site-packages/airflow/example_dags/example_branch_operator_decorator.py
[2025-06-02T22:04:05.373+0000] {processor.py:839} INFO - DAG(s) dict_keys(['example_branch_python_operator_decorator']) retrieved from /home/airflow/.local/lib/python3.10/site-packages/airflow/example_dags/example_branch_operator_decorator.py
[2025-06-02T22:04:05.404+0000] {logging_mixin.py:154} INFO - [2025-06-02T22:04:05.404+0000] {dag.py:2941} INFO - Sync 1 DAGs
[2025-06-02T22:04:05.438+0000] {logging_mixin.py:154} INFO - [2025-06-02T22:04:05.438+0000] {dag.py:3722} INFO - Setting next_dagrun for example_branch_python_operator_decorator to 2025-06-01T00:00:00+00:00, run_after=2025-06-02T00:00:00+00:00
[2025-06-02T22:04:05.473+0000] {processor.py:179} INFO - Processing /home/airflow/.local/lib/python3.10/site-packages/airflow/example_dags/example_branch_operator_decorator.py took 0.123 seconds
[2025-06-02T22:04:35.556+0000] {processor.py:157} INFO - Started process (PID=537) to work on /home/airflow/.local/lib/python3.10/site-packages/airflow/example_dags/example_branch_operator_decorator.py
[2025-06-02T22:04:35.557+0000] {processor.py:829} INFO - Processing file /home/airflow/.local/lib/python3.10/site-packages/airflow/example_dags/example_branch_operator_decorator.py for tasks to queue
[2025-06-02T22:04:35.560+0000] {logging_mixin.py:154} INFO - [2025-06-02T22:04:35.559+0000] {dagbag.py:536} INFO - Filling up the DagBag from /home/airflow/.local/lib/python3.10/site-packages/airflow/example_dags/example_branch_operator_decorator.py
[2025-06-02T22:04:35.574+0000] {processor.py:839} INFO - DAG(s) dict_keys(['example_branch_python_operator_decorator']) retrieved from /home/airflow/.local/lib/python3.10/site-packages/airflow/example_dags/example_branch_operator_decorator.py
[2025-06-02T22:04:35.602+0000] {logging_mixin.py:154} INFO - [2025-06-02T22:04:35.602+0000] {dag.py:2941} INFO - Sync 1 DAGs
[2025-06-02T22:04:35.635+0000] {logging_mixin.py:154} INFO - [2025-06-02T22:04:35.635+0000] {dag.py:3722} INFO - Setting next_dagrun for example_branch_python_operator_decorator to 2025-06-01T00:00:00+00:00, run_after=2025-06-02T00:00:00+00:00
[2025-06-02T22:04:35.674+0000] {processor.py:179} INFO - Processing /home/airflow/.local/lib/python3.10/site-packages/airflow/example_dags/example_branch_operator_decorator.py took 0.122 seconds
[2025-06-02T22:05:05.921+0000] {processor.py:157} INFO - Started process (PID=591) to work on /home/airflow/.local/lib/python3.10/site-packages/airflow/example_dags/example_branch_operator_decorator.py
[2025-06-02T22:05:05.922+0000] {processor.py:829} INFO - Processing file /home/airflow/.local/lib/python3.10/site-packages/airflow/example_dags/example_branch_operator_decorator.py for tasks to queue
[2025-06-02T22:05:05.925+0000] {logging_mixin.py:154} INFO - [2025-06-02T22:05:05.924+0000] {dagbag.py:536} INFO - Filling up the DagBag from /home/airflow/.local/lib/python3.10/site-packages/airflow/example_dags/example_branch_operator_decorator.py
[2025-06-02T22:05:05.939+0000] {processor.py:839} INFO - DAG(s) dict_keys(['example_branch_python_operator_decorator']) retrieved from /home/airflow/.local/lib/python3.10/site-packages/airflow/example_dags/example_branch_operator_decorator.py
[2025-06-02T22:05:05.968+0000] {logging_mixin.py:154} INFO - [2025-06-02T22:05:05.968+0000] {dag.py:2941} INFO - Sync 1 DAGs
[2025-06-02T22:05:06.003+0000] {logging_mixin.py:154} INFO - [2025-06-02T22:05:06.002+0000] {dag.py:3722} INFO - Setting next_dagrun for example_branch_python_operator_decorator to 2025-06-01T00:00:00+00:00, run_after=2025-06-02T00:00:00+00:00
[2025-06-02T22:05:06.025+0000] {processor.py:179} INFO - Processing /home/airflow/.local/lib/python3.10/site-packages/airflow/example_dags/example_branch_operator_decorator.py took 0.108 seconds
[2025-06-02T22:05:36.160+0000] {processor.py:157} INFO - Started process (PID=646) to work on /home/airflow/.local/lib/python3.10/site-packages/airflow/example_dags/example_branch_operator_decorator.py
[2025-06-02T22:05:36.161+0000] {processor.py:829} INFO - Processing file /home/airflow/.local/lib/python3.10/site-packages/airflow/example_dags/example_branch_operator_decorator.py for tasks to queue
[2025-06-02T22:05:36.164+0000] {logging_mixin.py:154} INFO - [2025-06-02T22:05:36.164+0000] {dagbag.py:536} INFO - Filling up the DagBag from /home/airflow/.local/lib/python3.10/site-packages/airflow/example_dags/example_branch_operator_decorator.py
[2025-06-02T22:05:36.179+0000] {processor.py:839} INFO - DAG(s) dict_keys(['example_branch_python_operator_decorator']) retrieved from /home/airflow/.local/lib/python3.10/site-packages/airflow/example_dags/example_branch_operator_decorator.py
[2025-06-02T22:05:36.208+0000] {logging_mixin.py:154} INFO - [2025-06-02T22:05:36.208+0000] {dag.py:2941} INFO - Sync 1 DAGs
[2025-06-02T22:05:36.241+0000] {logging_mixin.py:154} INFO - [2025-06-02T22:05:36.240+0000] {dag.py:3722} INFO - Setting next_dagrun for example_branch_python_operator_decorator to 2025-06-01T00:00:00+00:00, run_after=2025-06-02T00:00:00+00:00
[2025-06-02T22:05:36.262+0000] {processor.py:179} INFO - Processing /home/airflow/.local/lib/python3.10/site-packages/airflow/example_dags/example_branch_operator_decorator.py took 0.108 seconds
[2025-06-02T22:06:06.460+0000] {processor.py:157} INFO - Started process (PID=700) to work on /home/airflow/.local/lib/python3.10/site-packages/airflow/example_dags/example_branch_operator_decorator.py
[2025-06-02T22:06:06.461+0000] {processor.py:829} INFO - Processing file /home/airflow/.local/lib/python3.10/site-packages/airflow/example_dags/example_branch_operator_decorator.py for tasks to queue
[2025-06-02T22:06:06.465+0000] {logging_mixin.py:154} INFO - [2025-06-02T22:06:06.465+0000] {dagbag.py:536} INFO - Filling up the DagBag from /home/airflow/.local/lib/python3.10/site-packages/airflow/example_dags/example_branch_operator_decorator.py
[2025-06-02T22:06:06.479+0000] {processor.py:839} INFO - DAG(s) dict_keys(['example_branch_python_operator_decorator']) retrieved from /home/airflow/.local/lib/python3.10/site-packages/airflow/example_dags/example_branch_operator_decorator.py
[2025-06-02T22:06:06.513+0000] {logging_mixin.py:154} INFO - [2025-06-02T22:06:06.513+0000] {dag.py:2941} INFO - Sync 1 DAGs
[2025-06-02T22:06:06.563+0000] {logging_mixin.py:154} INFO - [2025-06-02T22:06:06.563+0000] {dag.py:3722} INFO - Setting next_dagrun for example_branch_python_operator_decorator to 2025-06-01T00:00:00+00:00, run_after=2025-06-02T00:00:00+00:00
[2025-06-02T22:06:06.589+0000] {processor.py:179} INFO - Processing /home/airflow/.local/lib/python3.10/site-packages/airflow/example_dags/example_branch_operator_decorator.py took 0.133 seconds
[2025-06-02T22:06:37.090+0000] {processor.py:157} INFO - Started process (PID=753) to work on /home/airflow/.local/lib/python3.10/site-packages/airflow/example_dags/example_branch_operator_decorator.py
[2025-06-02T22:06:37.091+0000] {processor.py:829} INFO - Processing file /home/airflow/.local/lib/python3.10/site-packages/airflow/example_dags/example_branch_operator_decorator.py for tasks to queue
[2025-06-02T22:06:37.094+0000] {logging_mixin.py:154} INFO - [2025-06-02T22:06:37.094+0000] {dagbag.py:536} INFO - Filling up the DagBag from /home/airflow/.local/lib/python3.10/site-packages/airflow/example_dags/example_branch_operator_decorator.py
[2025-06-02T22:06:37.109+0000] {processor.py:839} INFO - DAG(s) dict_keys(['example_branch_python_operator_decorator']) retrieved from /home/airflow/.local/lib/python3.10/site-packages/airflow/example_dags/example_branch_operator_decorator.py
[2025-06-02T22:06:37.138+0000] {logging_mixin.py:154} INFO - [2025-06-02T22:06:37.137+0000] {dag.py:2941} INFO - Sync 1 DAGs
[2025-06-02T22:06:37.171+0000] {logging_mixin.py:154} INFO - [2025-06-02T22:06:37.171+0000] {dag.py:3722} INFO - Setting next_dagrun for example_branch_python_operator_decorator to 2025-06-01T00:00:00+00:00, run_after=2025-06-02T00:00:00+00:00
[2025-06-02T22:06:37.196+0000] {processor.py:179} INFO - Processing /home/airflow/.local/lib/python3.10/site-packages/airflow/example_dags/example_branch_operator_decorator.py took 0.111 seconds
[2025-06-02T22:07:07.569+0000] {processor.py:157} INFO - Started process (PID=808) to work on /home/airflow/.local/lib/python3.10/site-packages/airflow/example_dags/example_branch_operator_decorator.py
[2025-06-02T22:07:07.570+0000] {processor.py:829} INFO - Processing file /home/airflow/.local/lib/python3.10/site-packages/airflow/example_dags/example_branch_operator_decorator.py for tasks to queue
[2025-06-02T22:07:07.572+0000] {logging_mixin.py:154} INFO - [2025-06-02T22:07:07.572+0000] {dagbag.py:536} INFO - Filling up the DagBag from /home/airflow/.local/lib/python3.10/site-packages/airflow/example_dags/example_branch_operator_decorator.py
[2025-06-02T22:07:07.586+0000] {processor.py:839} INFO - DAG(s) dict_keys(['example_branch_python_operator_decorator']) retrieved from /home/airflow/.local/lib/python3.10/site-packages/airflow/example_dags/example_branch_operator_decorator.py
[2025-06-02T22:07:07.615+0000] {logging_mixin.py:154} INFO - [2025-06-02T22:07:07.615+0000] {dag.py:2941} INFO - Sync 1 DAGs
[2025-06-02T22:07:07.649+0000] {logging_mixin.py:154} INFO - [2025-06-02T22:07:07.649+0000] {dag.py:3722} INFO - Setting next_dagrun for example_branch_python_operator_decorator to 2025-06-01T00:00:00+00:00, run_after=2025-06-02T00:00:00+00:00
[2025-06-02T22:07:07.862+0000] {processor.py:179} INFO - Processing /home/airflow/.local/lib/python3.10/site-packages/airflow/example_dags/example_branch_operator_decorator.py took 0.297 seconds
[2025-06-02T22:07:37.917+0000] {processor.py:157} INFO - Started process (PID=862) to work on /home/airflow/.local/lib/python3.10/site-packages/airflow/example_dags/example_branch_operator_decorator.py
[2025-06-02T22:07:37.920+0000] {processor.py:829} INFO - Processing file /home/airflow/.local/lib/python3.10/site-packages/airflow/example_dags/example_branch_operator_decorator.py for tasks to queue
[2025-06-02T22:07:37.922+0000] {logging_mixin.py:154} INFO - [2025-06-02T22:07:37.922+0000] {dagbag.py:536} INFO - Filling up the DagBag from /home/airflow/.local/lib/python3.10/site-packages/airflow/example_dags/example_branch_operator_decorator.py
[2025-06-02T22:07:37.938+0000] {processor.py:839} INFO - DAG(s) dict_keys(['example_branch_python_operator_decorator']) retrieved from /home/airflow/.local/lib/python3.10/site-packages/airflow/example_dags/example_branch_operator_decorator.py
[2025-06-02T22:07:37.964+0000] {logging_mixin.py:154} INFO - [2025-06-02T22:07:37.964+0000] {dag.py:2941} INFO - Sync 1 DAGs
[2025-06-02T22:07:37.988+0000] {logging_mixin.py:154} INFO - [2025-06-02T22:07:37.988+0000] {dag.py:3722} INFO - Setting next_dagrun for example_branch_python_operator_decorator to 2025-06-01T00:00:00+00:00, run_after=2025-06-02T00:00:00+00:00
[2025-06-02T22:07:38.008+0000] {processor.py:179} INFO - Processing /home/airflow/.local/lib/python3.10/site-packages/airflow/example_dags/example_branch_operator_decorator.py took 0.095 seconds
[2025-06-02T22:08:08.478+0000] {processor.py:157} INFO - Started process (PID=916) to work on /home/airflow/.local/lib/python3.10/site-packages/airflow/example_dags/example_branch_operator_decorator.py
[2025-06-02T22:08:08.479+0000] {processor.py:829} INFO - Processing file /home/airflow/.local/lib/python3.10/site-packages/airflow/example_dags/example_branch_operator_decorator.py for tasks to queue
[2025-06-02T22:08:08.482+0000] {logging_mixin.py:154} INFO - [2025-06-02T22:08:08.482+0000] {dagbag.py:536} INFO - Filling up the DagBag from /home/airflow/.local/lib/python3.10/site-packages/airflow/example_dags/example_branch_operator_decorator.py
[2025-06-02T22:08:08.496+0000] {processor.py:839} INFO - DAG(s) dict_keys(['example_branch_python_operator_decorator']) retrieved from /home/airflow/.local/lib/python3.10/site-packages/airflow/example_dags/example_branch_operator_decorator.py
[2025-06-02T22:08:08.526+0000] {logging_mixin.py:154} INFO - [2025-06-02T22:08:08.525+0000] {dag.py:2941} INFO - Sync 1 DAGs
[2025-06-02T22:08:08.558+0000] {logging_mixin.py:154} INFO - [2025-06-02T22:08:08.557+0000] {dag.py:3722} INFO - Setting next_dagrun for example_branch_python_operator_decorator to 2025-06-01T00:00:00+00:00, run_after=2025-06-02T00:00:00+00:00
[2025-06-02T22:08:08.585+0000] {processor.py:179} INFO - Processing /home/airflow/.local/lib/python3.10/site-packages/airflow/example_dags/example_branch_operator_decorator.py took 0.113 seconds
[2025-06-02T22:08:39.372+0000] {processor.py:157} INFO - Started process (PID=977) to work on /home/airflow/.local/lib/python3.10/site-packages/airflow/example_dags/example_branch_operator_decorator.py
[2025-06-02T22:08:39.395+0000] {processor.py:829} INFO - Processing file /home/airflow/.local/lib/python3.10/site-packages/airflow/example_dags/example_branch_operator_decorator.py for tasks to queue
[2025-06-02T22:08:39.403+0000] {logging_mixin.py:154} INFO - [2025-06-02T22:08:39.402+0000] {dagbag.py:536} INFO - Filling up the DagBag from /home/airflow/.local/lib/python3.10/site-packages/airflow/example_dags/example_branch_operator_decorator.py
[2025-06-02T22:08:39.422+0000] {processor.py:839} INFO - DAG(s) dict_keys(['example_branch_python_operator_decorator']) retrieved from /home/airflow/.local/lib/python3.10/site-packages/airflow/example_dags/example_branch_operator_decorator.py
[2025-06-02T22:08:39.518+0000] {logging_mixin.py:154} INFO - [2025-06-02T22:08:39.518+0000] {dag.py:2941} INFO - Sync 1 DAGs
[2025-06-02T22:08:39.563+0000] {logging_mixin.py:154} INFO - [2025-06-02T22:08:39.563+0000] {dag.py:3722} INFO - Setting next_dagrun for example_branch_python_operator_decorator to 2025-06-01T00:00:00+00:00, run_after=2025-06-02T00:00:00+00:00
[2025-06-02T22:08:39.966+0000] {processor.py:179} INFO - Processing /home/airflow/.local/lib/python3.10/site-packages/airflow/example_dags/example_branch_operator_decorator.py took 0.607 seconds
[2025-06-02T22:09:10.160+0000] {processor.py:157} INFO - Started process (PID=1031) to work on /home/airflow/.local/lib/python3.10/site-packages/airflow/example_dags/example_branch_operator_decorator.py
[2025-06-02T22:09:10.163+0000] {processor.py:829} INFO - Processing file /home/airflow/.local/lib/python3.10/site-packages/airflow/example_dags/example_branch_operator_decorator.py for tasks to queue
[2025-06-02T22:09:10.175+0000] {logging_mixin.py:154} INFO - [2025-06-02T22:09:10.170+0000] {dagbag.py:536} INFO - Filling up the DagBag from /home/airflow/.local/lib/python3.10/site-packages/airflow/example_dags/example_branch_operator_decorator.py
[2025-06-02T22:09:10.194+0000] {processor.py:839} INFO - DAG(s) dict_keys(['example_branch_python_operator_decorator']) retrieved from /home/airflow/.local/lib/python3.10/site-packages/airflow/example_dags/example_branch_operator_decorator.py
[2025-06-02T22:09:10.226+0000] {logging_mixin.py:154} INFO - [2025-06-02T22:09:10.226+0000] {dag.py:2941} INFO - Sync 1 DAGs
[2025-06-02T22:09:10.259+0000] {logging_mixin.py:154} INFO - [2025-06-02T22:09:10.259+0000] {dag.py:3722} INFO - Setting next_dagrun for example_branch_python_operator_decorator to 2025-06-01T00:00:00+00:00, run_after=2025-06-02T00:00:00+00:00
[2025-06-02T22:09:10.288+0000] {processor.py:179} INFO - Processing /home/airflow/.local/lib/python3.10/site-packages/airflow/example_dags/example_branch_operator_decorator.py took 0.132 seconds
[2025-06-02T22:09:40.403+0000] {processor.py:157} INFO - Started process (PID=1084) to work on /home/airflow/.local/lib/python3.10/site-packages/airflow/example_dags/example_branch_operator_decorator.py
[2025-06-02T22:09:40.404+0000] {processor.py:829} INFO - Processing file /home/airflow/.local/lib/python3.10/site-packages/airflow/example_dags/example_branch_operator_decorator.py for tasks to queue
[2025-06-02T22:09:40.407+0000] {logging_mixin.py:154} INFO - [2025-06-02T22:09:40.407+0000] {dagbag.py:536} INFO - Filling up the DagBag from /home/airflow/.local/lib/python3.10/site-packages/airflow/example_dags/example_branch_operator_decorator.py
[2025-06-02T22:09:40.421+0000] {processor.py:839} INFO - DAG(s) dict_keys(['example_branch_python_operator_decorator']) retrieved from /home/airflow/.local/lib/python3.10/site-packages/airflow/example_dags/example_branch_operator_decorator.py
[2025-06-02T22:09:40.652+0000] {logging_mixin.py:154} INFO - [2025-06-02T22:09:40.652+0000] {dag.py:2941} INFO - Sync 1 DAGs
[2025-06-02T22:09:40.707+0000] {logging_mixin.py:154} INFO - [2025-06-02T22:09:40.707+0000] {dag.py:3722} INFO - Setting next_dagrun for example_branch_python_operator_decorator to 2025-06-01T00:00:00+00:00, run_after=2025-06-02T00:00:00+00:00
[2025-06-02T22:09:40.730+0000] {processor.py:179} INFO - Processing /home/airflow/.local/lib/python3.10/site-packages/airflow/example_dags/example_branch_operator_decorator.py took 0.331 seconds
[2025-06-02T22:10:11.313+0000] {processor.py:157} INFO - Started process (PID=1138) to work on /home/airflow/.local/lib/python3.10/site-packages/airflow/example_dags/example_branch_operator_decorator.py
[2025-06-02T22:10:11.315+0000] {processor.py:829} INFO - Processing file /home/airflow/.local/lib/python3.10/site-packages/airflow/example_dags/example_branch_operator_decorator.py for tasks to queue
[2025-06-02T22:10:11.318+0000] {logging_mixin.py:154} INFO - [2025-06-02T22:10:11.318+0000] {dagbag.py:536} INFO - Filling up the DagBag from /home/airflow/.local/lib/python3.10/site-packages/airflow/example_dags/example_branch_operator_decorator.py
[2025-06-02T22:10:11.334+0000] {processor.py:839} INFO - DAG(s) dict_keys(['example_branch_python_operator_decorator']) retrieved from /home/airflow/.local/lib/python3.10/site-packages/airflow/example_dags/example_branch_operator_decorator.py
[2025-06-02T22:10:11.365+0000] {logging_mixin.py:154} INFO - [2025-06-02T22:10:11.364+0000] {dag.py:2941} INFO - Sync 1 DAGs
[2025-06-02T22:10:11.581+0000] {logging_mixin.py:154} INFO - [2025-06-02T22:10:11.581+0000] {dag.py:3722} INFO - Setting next_dagrun for example_branch_python_operator_decorator to 2025-06-01T00:00:00+00:00, run_after=2025-06-02T00:00:00+00:00
[2025-06-02T22:10:11.601+0000] {processor.py:179} INFO - Processing /home/airflow/.local/lib/python3.10/site-packages/airflow/example_dags/example_branch_operator_decorator.py took 0.292 seconds
[2025-06-02T22:10:41.720+0000] {processor.py:157} INFO - Started process (PID=1192) to work on /home/airflow/.local/lib/python3.10/site-packages/airflow/example_dags/example_branch_operator_decorator.py
[2025-06-02T22:10:41.721+0000] {processor.py:829} INFO - Processing file /home/airflow/.local/lib/python3.10/site-packages/airflow/example_dags/example_branch_operator_decorator.py for tasks to queue
[2025-06-02T22:10:41.724+0000] {logging_mixin.py:154} INFO - [2025-06-02T22:10:41.723+0000] {dagbag.py:536} INFO - Filling up the DagBag from /home/airflow/.local/lib/python3.10/site-packages/airflow/example_dags/example_branch_operator_decorator.py
[2025-06-02T22:10:41.735+0000] {processor.py:839} INFO - DAG(s) dict_keys(['example_branch_python_operator_decorator']) retrieved from /home/airflow/.local/lib/python3.10/site-packages/airflow/example_dags/example_branch_operator_decorator.py
[2025-06-02T22:10:41.758+0000] {logging_mixin.py:154} INFO - [2025-06-02T22:10:41.757+0000] {dag.py:2941} INFO - Sync 1 DAGs
[2025-06-02T22:10:41.781+0000] {logging_mixin.py:154} INFO - [2025-06-02T22:10:41.781+0000] {dag.py:3722} INFO - Setting next_dagrun for example_branch_python_operator_decorator to 2025-06-01T00:00:00+00:00, run_after=2025-06-02T00:00:00+00:00
[2025-06-02T22:10:41.798+0000] {processor.py:179} INFO - Processing /home/airflow/.local/lib/python3.10/site-packages/airflow/example_dags/example_branch_operator_decorator.py took 0.081 seconds
[2025-06-02T23:03:28.939+0000] {processor.py:157} INFO - Started process (PID=52) to work on /home/airflow/.local/lib/python3.10/site-packages/airflow/example_dags/example_branch_operator_decorator.py
[2025-06-02T23:03:28.948+0000] {processor.py:829} INFO - Processing file /home/airflow/.local/lib/python3.10/site-packages/airflow/example_dags/example_branch_operator_decorator.py for tasks to queue
[2025-06-02T23:03:28.962+0000] {logging_mixin.py:154} INFO - [2025-06-02T23:03:28.962+0000] {dagbag.py:536} INFO - Filling up the DagBag from /home/airflow/.local/lib/python3.10/site-packages/airflow/example_dags/example_branch_operator_decorator.py
[2025-06-02T23:03:28.990+0000] {processor.py:839} INFO - DAG(s) dict_keys(['example_branch_python_operator_decorator']) retrieved from /home/airflow/.local/lib/python3.10/site-packages/airflow/example_dags/example_branch_operator_decorator.py
[2025-06-02T23:03:29.077+0000] {logging_mixin.py:154} INFO - [2025-06-02T23:03:29.077+0000] {dag.py:2941} INFO - Sync 1 DAGs
[2025-06-02T23:03:29.137+0000] {logging_mixin.py:154} INFO - [2025-06-02T23:03:29.137+0000] {dag.py:3722} INFO - Setting next_dagrun for example_branch_python_operator_decorator to 2025-06-01T00:00:00+00:00, run_after=2025-06-02T00:00:00+00:00
[2025-06-02T23:03:29.181+0000] {processor.py:179} INFO - Processing /home/airflow/.local/lib/python3.10/site-packages/airflow/example_dags/example_branch_operator_decorator.py took 0.248 seconds
[2025-06-02T23:03:58.234+0000] {processor.py:157} INFO - Started process (PID=44) to work on /home/airflow/.local/lib/python3.10/site-packages/airflow/example_dags/example_branch_operator_decorator.py
[2025-06-02T23:03:58.236+0000] {processor.py:829} INFO - Processing file /home/airflow/.local/lib/python3.10/site-packages/airflow/example_dags/example_branch_operator_decorator.py for tasks to queue
[2025-06-02T23:03:58.239+0000] {logging_mixin.py:154} INFO - [2025-06-02T23:03:58.239+0000] {dagbag.py:536} INFO - Filling up the DagBag from /home/airflow/.local/lib/python3.10/site-packages/airflow/example_dags/example_branch_operator_decorator.py
[2025-06-02T23:03:58.254+0000] {processor.py:839} INFO - DAG(s) dict_keys(['example_branch_python_operator_decorator']) retrieved from /home/airflow/.local/lib/python3.10/site-packages/airflow/example_dags/example_branch_operator_decorator.py
[2025-06-02T23:03:58.295+0000] {logging_mixin.py:154} INFO - [2025-06-02T23:03:58.294+0000] {dag.py:2941} INFO - Sync 1 DAGs
[2025-06-02T23:03:58.328+0000] {logging_mixin.py:154} INFO - [2025-06-02T23:03:58.328+0000] {dag.py:3722} INFO - Setting next_dagrun for example_branch_python_operator_decorator to 2025-06-01T00:00:00+00:00, run_after=2025-06-02T00:00:00+00:00
[2025-06-02T23:03:58.357+0000] {processor.py:179} INFO - Processing /home/airflow/.local/lib/python3.10/site-packages/airflow/example_dags/example_branch_operator_decorator.py took 0.128 seconds
[2025-06-02T23:04:29.148+0000] {processor.py:157} INFO - Started process (PID=100) to work on /home/airflow/.local/lib/python3.10/site-packages/airflow/example_dags/example_branch_operator_decorator.py
[2025-06-02T23:04:29.151+0000] {processor.py:829} INFO - Processing file /home/airflow/.local/lib/python3.10/site-packages/airflow/example_dags/example_branch_operator_decorator.py for tasks to queue
[2025-06-02T23:04:29.154+0000] {logging_mixin.py:154} INFO - [2025-06-02T23:04:29.154+0000] {dagbag.py:536} INFO - Filling up the DagBag from /home/airflow/.local/lib/python3.10/site-packages/airflow/example_dags/example_branch_operator_decorator.py
[2025-06-02T23:04:29.169+0000] {processor.py:839} INFO - DAG(s) dict_keys(['example_branch_python_operator_decorator']) retrieved from /home/airflow/.local/lib/python3.10/site-packages/airflow/example_dags/example_branch_operator_decorator.py
[2025-06-02T23:04:29.197+0000] {logging_mixin.py:154} INFO - [2025-06-02T23:04:29.197+0000] {dag.py:2941} INFO - Sync 1 DAGs
[2025-06-02T23:04:29.249+0000] {logging_mixin.py:154} INFO - [2025-06-02T23:04:29.249+0000] {dag.py:3722} INFO - Setting next_dagrun for example_branch_python_operator_decorator to 2025-06-01T00:00:00+00:00, run_after=2025-06-02T00:00:00+00:00
[2025-06-02T23:04:29.273+0000] {processor.py:179} INFO - Processing /home/airflow/.local/lib/python3.10/site-packages/airflow/example_dags/example_branch_operator_decorator.py took 0.130 seconds
[2025-06-02T23:04:59.457+0000] {processor.py:157} INFO - Started process (PID=156) to work on /home/airflow/.local/lib/python3.10/site-packages/airflow/example_dags/example_branch_operator_decorator.py
[2025-06-02T23:04:59.458+0000] {processor.py:829} INFO - Processing file /home/airflow/.local/lib/python3.10/site-packages/airflow/example_dags/example_branch_operator_decorator.py for tasks to queue
[2025-06-02T23:04:59.461+0000] {logging_mixin.py:154} INFO - [2025-06-02T23:04:59.461+0000] {dagbag.py:536} INFO - Filling up the DagBag from /home/airflow/.local/lib/python3.10/site-packages/airflow/example_dags/example_branch_operator_decorator.py
[2025-06-02T23:04:59.475+0000] {processor.py:839} INFO - DAG(s) dict_keys(['example_branch_python_operator_decorator']) retrieved from /home/airflow/.local/lib/python3.10/site-packages/airflow/example_dags/example_branch_operator_decorator.py
[2025-06-02T23:04:59.528+0000] {logging_mixin.py:154} INFO - [2025-06-02T23:04:59.528+0000] {dag.py:2941} INFO - Sync 1 DAGs
[2025-06-02T23:04:59.562+0000] {logging_mixin.py:154} INFO - [2025-06-02T23:04:59.562+0000] {dag.py:3722} INFO - Setting next_dagrun for example_branch_python_operator_decorator to 2025-06-01T00:00:00+00:00, run_after=2025-06-02T00:00:00+00:00
[2025-06-02T23:04:59.589+0000] {processor.py:179} INFO - Processing /home/airflow/.local/lib/python3.10/site-packages/airflow/example_dags/example_branch_operator_decorator.py took 0.136 seconds
[2025-06-02T23:05:31.589+0000] {processor.py:157} INFO - Started process (PID=212) to work on /home/airflow/.local/lib/python3.10/site-packages/airflow/example_dags/example_branch_operator_decorator.py
[2025-06-02T23:05:31.591+0000] {processor.py:829} INFO - Processing file /home/airflow/.local/lib/python3.10/site-packages/airflow/example_dags/example_branch_operator_decorator.py for tasks to queue
[2025-06-02T23:05:31.593+0000] {logging_mixin.py:154} INFO - [2025-06-02T23:05:31.593+0000] {dagbag.py:536} INFO - Filling up the DagBag from /home/airflow/.local/lib/python3.10/site-packages/airflow/example_dags/example_branch_operator_decorator.py
[2025-06-02T23:05:31.604+0000] {processor.py:839} INFO - DAG(s) dict_keys(['example_branch_python_operator_decorator']) retrieved from /home/airflow/.local/lib/python3.10/site-packages/airflow/example_dags/example_branch_operator_decorator.py
[2025-06-02T23:05:31.626+0000] {logging_mixin.py:154} INFO - [2025-06-02T23:05:31.626+0000] {dag.py:2941} INFO - Sync 1 DAGs
[2025-06-02T23:05:31.649+0000] {logging_mixin.py:154} INFO - [2025-06-02T23:05:31.649+0000] {dag.py:3722} INFO - Setting next_dagrun for example_branch_python_operator_decorator to 2025-06-01T00:00:00+00:00, run_after=2025-06-02T00:00:00+00:00
[2025-06-02T23:05:31.668+0000] {processor.py:179} INFO - Processing /home/airflow/.local/lib/python3.10/site-packages/airflow/example_dags/example_branch_operator_decorator.py took 0.082 seconds
[2025-06-02T23:06:05.336+0000] {processor.py:157} INFO - Started process (PID=268) to work on /home/airflow/.local/lib/python3.10/site-packages/airflow/example_dags/example_branch_operator_decorator.py
[2025-06-02T23:06:05.348+0000] {processor.py:829} INFO - Processing file /home/airflow/.local/lib/python3.10/site-packages/airflow/example_dags/example_branch_operator_decorator.py for tasks to queue
[2025-06-02T23:06:05.351+0000] {logging_mixin.py:154} INFO - [2025-06-02T23:06:05.351+0000] {dagbag.py:536} INFO - Filling up the DagBag from /home/airflow/.local/lib/python3.10/site-packages/airflow/example_dags/example_branch_operator_decorator.py
[2025-06-02T23:06:05.391+0000] {processor.py:839} INFO - DAG(s) dict_keys(['example_branch_python_operator_decorator']) retrieved from /home/airflow/.local/lib/python3.10/site-packages/airflow/example_dags/example_branch_operator_decorator.py
[2025-06-02T23:06:05.447+0000] {logging_mixin.py:154} INFO - [2025-06-02T23:06:05.447+0000] {dag.py:2941} INFO - Sync 1 DAGs
[2025-06-02T23:06:05.521+0000] {logging_mixin.py:154} INFO - [2025-06-02T23:06:05.521+0000] {dag.py:3722} INFO - Setting next_dagrun for example_branch_python_operator_decorator to 2025-06-01T00:00:00+00:00, run_after=2025-06-02T00:00:00+00:00
[2025-06-02T23:06:05.580+0000] {processor.py:179} INFO - Processing /home/airflow/.local/lib/python3.10/site-packages/airflow/example_dags/example_branch_operator_decorator.py took 0.248 seconds
[2025-06-02T23:06:36.600+0000] {processor.py:157} INFO - Started process (PID=324) to work on /home/airflow/.local/lib/python3.10/site-packages/airflow/example_dags/example_branch_operator_decorator.py
[2025-06-02T23:06:36.601+0000] {processor.py:829} INFO - Processing file /home/airflow/.local/lib/python3.10/site-packages/airflow/example_dags/example_branch_operator_decorator.py for tasks to queue
[2025-06-02T23:06:36.607+0000] {logging_mixin.py:154} INFO - [2025-06-02T23:06:36.607+0000] {dagbag.py:536} INFO - Filling up the DagBag from /home/airflow/.local/lib/python3.10/site-packages/airflow/example_dags/example_branch_operator_decorator.py
[2025-06-02T23:06:36.650+0000] {processor.py:839} INFO - DAG(s) dict_keys(['example_branch_python_operator_decorator']) retrieved from /home/airflow/.local/lib/python3.10/site-packages/airflow/example_dags/example_branch_operator_decorator.py
[2025-06-02T23:06:36.702+0000] {logging_mixin.py:154} INFO - [2025-06-02T23:06:36.702+0000] {dag.py:2941} INFO - Sync 1 DAGs
[2025-06-02T23:06:36.772+0000] {logging_mixin.py:154} INFO - [2025-06-02T23:06:36.772+0000] {dag.py:3722} INFO - Setting next_dagrun for example_branch_python_operator_decorator to 2025-06-01T00:00:00+00:00, run_after=2025-06-02T00:00:00+00:00
[2025-06-02T23:06:36.826+0000] {processor.py:179} INFO - Processing /home/airflow/.local/lib/python3.10/site-packages/airflow/example_dags/example_branch_operator_decorator.py took 0.251 seconds
[2025-06-02T23:07:07.330+0000] {processor.py:157} INFO - Started process (PID=380) to work on /home/airflow/.local/lib/python3.10/site-packages/airflow/example_dags/example_branch_operator_decorator.py
[2025-06-02T23:07:07.331+0000] {processor.py:829} INFO - Processing file /home/airflow/.local/lib/python3.10/site-packages/airflow/example_dags/example_branch_operator_decorator.py for tasks to queue
[2025-06-02T23:07:07.334+0000] {logging_mixin.py:154} INFO - [2025-06-02T23:07:07.334+0000] {dagbag.py:536} INFO - Filling up the DagBag from /home/airflow/.local/lib/python3.10/site-packages/airflow/example_dags/example_branch_operator_decorator.py
[2025-06-02T23:07:07.348+0000] {processor.py:839} INFO - DAG(s) dict_keys(['example_branch_python_operator_decorator']) retrieved from /home/airflow/.local/lib/python3.10/site-packages/airflow/example_dags/example_branch_operator_decorator.py
[2025-06-02T23:07:07.379+0000] {logging_mixin.py:154} INFO - [2025-06-02T23:07:07.378+0000] {dag.py:2941} INFO - Sync 1 DAGs
[2025-06-02T23:07:07.412+0000] {logging_mixin.py:154} INFO - [2025-06-02T23:07:07.412+0000] {dag.py:3722} INFO - Setting next_dagrun for example_branch_python_operator_decorator to 2025-06-01T00:00:00+00:00, run_after=2025-06-02T00:00:00+00:00
[2025-06-02T23:07:07.439+0000] {processor.py:179} INFO - Processing /home/airflow/.local/lib/python3.10/site-packages/airflow/example_dags/example_branch_operator_decorator.py took 0.114 seconds
