[2025-06-02T21:59:59.485+0000] {processor.py:157} INFO - Started process (PID=51) to work on /home/airflow/.local/lib/python3.10/site-packages/airflow/example_dags/example_setup_teardown_taskflow.py
[2025-06-02T21:59:59.499+0000] {processor.py:829} INFO - Processing file /home/airflow/.local/lib/python3.10/site-packages/airflow/example_dags/example_setup_teardown_taskflow.py for tasks to queue
[2025-06-02T21:59:59.523+0000] {logging_mixin.py:154} INFO - [2025-06-02T21:59:59.522+0000] {dagbag.py:536} INFO - Filling up the DagBag from /home/airflow/.local/lib/python3.10/site-packages/airflow/example_dags/example_setup_teardown_taskflow.py
[2025-06-02T21:59:59.594+0000] {processor.py:839} INFO - DAG(s) dict_keys(['example_setup_teardown_taskflow']) retrieved from /home/airflow/.local/lib/python3.10/site-packages/airflow/example_dags/example_setup_teardown_taskflow.py
[2025-06-02T22:00:00.143+0000] {logging_mixin.py:154} INFO - [2025-06-02T22:00:00.142+0000] {manager.py:499} INFO - Created Permission View: %s
[2025-06-02T22:00:00.197+0000] {logging_mixin.py:154} INFO - [2025-06-02T22:00:00.196+0000] {manager.py:499} INFO - Created Permission View: %s
[2025-06-02T22:00:00.220+0000] {logging_mixin.py:154} INFO - [2025-06-02T22:00:00.219+0000] {manager.py:499} INFO - Created Permission View: %s
[2025-06-02T22:00:00.220+0000] {logging_mixin.py:154} INFO - [2025-06-02T22:00:00.220+0000] {dag.py:2941} INFO - Sync 1 DAGs
[2025-06-02T22:00:00.285+0000] {logging_mixin.py:154} INFO - [2025-06-02T22:00:00.285+0000] {dag.py:2963} INFO - Creating ORM DAG for example_setup_teardown_taskflow
[2025-06-02T22:00:00.341+0000] {logging_mixin.py:154} INFO - [2025-06-02T22:00:00.340+0000] {dag.py:3722} INFO - Setting next_dagrun for example_setup_teardown_taskflow to 2025-06-01T22:00:00.340454+00:00, run_after=2025-06-02T22:00:00.340454+00:00
[2025-06-02T22:00:00.442+0000] {processor.py:179} INFO - Processing /home/airflow/.local/lib/python3.10/site-packages/airflow/example_dags/example_setup_teardown_taskflow.py took 1.020 seconds
[2025-06-02T22:00:31.027+0000] {processor.py:157} INFO - Started process (PID=105) to work on /home/airflow/.local/lib/python3.10/site-packages/airflow/example_dags/example_setup_teardown_taskflow.py
[2025-06-02T22:00:31.033+0000] {processor.py:829} INFO - Processing file /home/airflow/.local/lib/python3.10/site-packages/airflow/example_dags/example_setup_teardown_taskflow.py for tasks to queue
[2025-06-02T22:00:31.036+0000] {logging_mixin.py:154} INFO - [2025-06-02T22:00:31.036+0000] {dagbag.py:536} INFO - Filling up the DagBag from /home/airflow/.local/lib/python3.10/site-packages/airflow/example_dags/example_setup_teardown_taskflow.py
[2025-06-02T22:00:31.057+0000] {processor.py:839} INFO - DAG(s) dict_keys(['example_setup_teardown_taskflow']) retrieved from /home/airflow/.local/lib/python3.10/site-packages/airflow/example_dags/example_setup_teardown_taskflow.py
[2025-06-02T22:00:31.084+0000] {logging_mixin.py:154} INFO - [2025-06-02T22:00:31.084+0000] {dag.py:2941} INFO - Sync 1 DAGs
[2025-06-02T22:00:31.114+0000] {logging_mixin.py:154} INFO - [2025-06-02T22:00:31.114+0000] {dag.py:3722} INFO - Setting next_dagrun for example_setup_teardown_taskflow to 2025-06-01T22:00:31.114235+00:00, run_after=2025-06-02T22:00:31.114235+00:00
[2025-06-02T22:00:31.138+0000] {processor.py:179} INFO - Processing /home/airflow/.local/lib/python3.10/site-packages/airflow/example_dags/example_setup_teardown_taskflow.py took 0.116 seconds
[2025-06-02T22:01:01.348+0000] {processor.py:157} INFO - Started process (PID=159) to work on /home/airflow/.local/lib/python3.10/site-packages/airflow/example_dags/example_setup_teardown_taskflow.py
[2025-06-02T22:01:01.349+0000] {processor.py:829} INFO - Processing file /home/airflow/.local/lib/python3.10/site-packages/airflow/example_dags/example_setup_teardown_taskflow.py for tasks to queue
[2025-06-02T22:01:01.352+0000] {logging_mixin.py:154} INFO - [2025-06-02T22:01:01.351+0000] {dagbag.py:536} INFO - Filling up the DagBag from /home/airflow/.local/lib/python3.10/site-packages/airflow/example_dags/example_setup_teardown_taskflow.py
[2025-06-02T22:01:01.372+0000] {processor.py:839} INFO - DAG(s) dict_keys(['example_setup_teardown_taskflow']) retrieved from /home/airflow/.local/lib/python3.10/site-packages/airflow/example_dags/example_setup_teardown_taskflow.py
[2025-06-02T22:01:01.401+0000] {logging_mixin.py:154} INFO - [2025-06-02T22:01:01.401+0000] {dag.py:2941} INFO - Sync 1 DAGs
[2025-06-02T22:01:01.433+0000] {logging_mixin.py:154} INFO - [2025-06-02T22:01:01.433+0000] {dag.py:3722} INFO - Setting next_dagrun for example_setup_teardown_taskflow to 2025-06-01T22:01:01.433143+00:00, run_after=2025-06-02T22:01:01.433143+00:00
[2025-06-02T22:01:01.471+0000] {processor.py:179} INFO - Processing /home/airflow/.local/lib/python3.10/site-packages/airflow/example_dags/example_setup_teardown_taskflow.py took 0.129 seconds
[2025-06-02T22:01:32.061+0000] {processor.py:157} INFO - Started process (PID=213) to work on /home/airflow/.local/lib/python3.10/site-packages/airflow/example_dags/example_setup_teardown_taskflow.py
[2025-06-02T22:01:32.062+0000] {processor.py:829} INFO - Processing file /home/airflow/.local/lib/python3.10/site-packages/airflow/example_dags/example_setup_teardown_taskflow.py for tasks to queue
[2025-06-02T22:01:32.065+0000] {logging_mixin.py:154} INFO - [2025-06-02T22:01:32.065+0000] {dagbag.py:536} INFO - Filling up the DagBag from /home/airflow/.local/lib/python3.10/site-packages/airflow/example_dags/example_setup_teardown_taskflow.py
[2025-06-02T22:01:32.077+0000] {processor.py:839} INFO - DAG(s) dict_keys(['example_setup_teardown_taskflow']) retrieved from /home/airflow/.local/lib/python3.10/site-packages/airflow/example_dags/example_setup_teardown_taskflow.py
[2025-06-02T22:01:32.105+0000] {logging_mixin.py:154} INFO - [2025-06-02T22:01:32.104+0000] {dag.py:2941} INFO - Sync 1 DAGs
[2025-06-02T22:01:32.148+0000] {logging_mixin.py:154} INFO - [2025-06-02T22:01:32.148+0000] {dag.py:3722} INFO - Setting next_dagrun for example_setup_teardown_taskflow to 2025-06-01T22:01:32.148107+00:00, run_after=2025-06-02T22:01:32.148107+00:00
[2025-06-02T22:01:32.172+0000] {processor.py:179} INFO - Processing /home/airflow/.local/lib/python3.10/site-packages/airflow/example_dags/example_setup_teardown_taskflow.py took 0.120 seconds
[2025-06-02T22:02:02.684+0000] {processor.py:157} INFO - Started process (PID=268) to work on /home/airflow/.local/lib/python3.10/site-packages/airflow/example_dags/example_setup_teardown_taskflow.py
[2025-06-02T22:02:02.685+0000] {processor.py:829} INFO - Processing file /home/airflow/.local/lib/python3.10/site-packages/airflow/example_dags/example_setup_teardown_taskflow.py for tasks to queue
[2025-06-02T22:02:02.688+0000] {logging_mixin.py:154} INFO - [2025-06-02T22:02:02.688+0000] {dagbag.py:536} INFO - Filling up the DagBag from /home/airflow/.local/lib/python3.10/site-packages/airflow/example_dags/example_setup_teardown_taskflow.py
[2025-06-02T22:02:02.702+0000] {processor.py:839} INFO - DAG(s) dict_keys(['example_setup_teardown_taskflow']) retrieved from /home/airflow/.local/lib/python3.10/site-packages/airflow/example_dags/example_setup_teardown_taskflow.py
[2025-06-02T22:02:02.731+0000] {logging_mixin.py:154} INFO - [2025-06-02T22:02:02.730+0000] {dag.py:2941} INFO - Sync 1 DAGs
[2025-06-02T22:02:02.762+0000] {logging_mixin.py:154} INFO - [2025-06-02T22:02:02.761+0000] {dag.py:3722} INFO - Setting next_dagrun for example_setup_teardown_taskflow to 2025-06-01T22:02:02.761450+00:00, run_after=2025-06-02T22:02:02.761450+00:00
[2025-06-02T22:02:02.791+0000] {processor.py:179} INFO - Processing /home/airflow/.local/lib/python3.10/site-packages/airflow/example_dags/example_setup_teardown_taskflow.py took 0.112 seconds
[2025-06-02T22:02:33.474+0000] {processor.py:157} INFO - Started process (PID=321) to work on /home/airflow/.local/lib/python3.10/site-packages/airflow/example_dags/example_setup_teardown_taskflow.py
[2025-06-02T22:02:33.475+0000] {processor.py:829} INFO - Processing file /home/airflow/.local/lib/python3.10/site-packages/airflow/example_dags/example_setup_teardown_taskflow.py for tasks to queue
[2025-06-02T22:02:33.478+0000] {logging_mixin.py:154} INFO - [2025-06-02T22:02:33.478+0000] {dagbag.py:536} INFO - Filling up the DagBag from /home/airflow/.local/lib/python3.10/site-packages/airflow/example_dags/example_setup_teardown_taskflow.py
[2025-06-02T22:02:33.492+0000] {processor.py:839} INFO - DAG(s) dict_keys(['example_setup_teardown_taskflow']) retrieved from /home/airflow/.local/lib/python3.10/site-packages/airflow/example_dags/example_setup_teardown_taskflow.py
[2025-06-02T22:02:33.520+0000] {logging_mixin.py:154} INFO - [2025-06-02T22:02:33.520+0000] {dag.py:2941} INFO - Sync 1 DAGs
[2025-06-02T22:02:33.550+0000] {logging_mixin.py:154} INFO - [2025-06-02T22:02:33.550+0000] {dag.py:3722} INFO - Setting next_dagrun for example_setup_teardown_taskflow to 2025-06-01T22:02:33.549648+00:00, run_after=2025-06-02T22:02:33.549648+00:00
[2025-06-02T22:02:33.580+0000] {processor.py:179} INFO - Processing /home/airflow/.local/lib/python3.10/site-packages/airflow/example_dags/example_setup_teardown_taskflow.py took 0.111 seconds
[2025-06-02T22:03:04.216+0000] {processor.py:157} INFO - Started process (PID=375) to work on /home/airflow/.local/lib/python3.10/site-packages/airflow/example_dags/example_setup_teardown_taskflow.py
[2025-06-02T22:03:04.217+0000] {processor.py:829} INFO - Processing file /home/airflow/.local/lib/python3.10/site-packages/airflow/example_dags/example_setup_teardown_taskflow.py for tasks to queue
[2025-06-02T22:03:04.220+0000] {logging_mixin.py:154} INFO - [2025-06-02T22:03:04.220+0000] {dagbag.py:536} INFO - Filling up the DagBag from /home/airflow/.local/lib/python3.10/site-packages/airflow/example_dags/example_setup_teardown_taskflow.py
[2025-06-02T22:03:04.235+0000] {processor.py:839} INFO - DAG(s) dict_keys(['example_setup_teardown_taskflow']) retrieved from /home/airflow/.local/lib/python3.10/site-packages/airflow/example_dags/example_setup_teardown_taskflow.py
[2025-06-02T22:03:04.264+0000] {logging_mixin.py:154} INFO - [2025-06-02T22:03:04.264+0000] {dag.py:2941} INFO - Sync 1 DAGs
[2025-06-02T22:03:04.296+0000] {logging_mixin.py:154} INFO - [2025-06-02T22:03:04.296+0000] {dag.py:3722} INFO - Setting next_dagrun for example_setup_teardown_taskflow to 2025-06-01T22:03:04.295933+00:00, run_after=2025-06-02T22:03:04.295933+00:00
[2025-06-02T22:03:04.327+0000] {processor.py:179} INFO - Processing /home/airflow/.local/lib/python3.10/site-packages/airflow/example_dags/example_setup_teardown_taskflow.py took 0.117 seconds
[2025-06-02T22:03:34.804+0000] {processor.py:157} INFO - Started process (PID=430) to work on /home/airflow/.local/lib/python3.10/site-packages/airflow/example_dags/example_setup_teardown_taskflow.py
[2025-06-02T22:03:34.814+0000] {processor.py:829} INFO - Processing file /home/airflow/.local/lib/python3.10/site-packages/airflow/example_dags/example_setup_teardown_taskflow.py for tasks to queue
[2025-06-02T22:03:34.817+0000] {logging_mixin.py:154} INFO - [2025-06-02T22:03:34.817+0000] {dagbag.py:536} INFO - Filling up the DagBag from /home/airflow/.local/lib/python3.10/site-packages/airflow/example_dags/example_setup_teardown_taskflow.py
[2025-06-02T22:03:34.876+0000] {processor.py:839} INFO - DAG(s) dict_keys(['example_setup_teardown_taskflow']) retrieved from /home/airflow/.local/lib/python3.10/site-packages/airflow/example_dags/example_setup_teardown_taskflow.py
[2025-06-02T22:03:35.007+0000] {logging_mixin.py:154} INFO - [2025-06-02T22:03:35.007+0000] {dag.py:2941} INFO - Sync 1 DAGs
[2025-06-02T22:03:35.131+0000] {logging_mixin.py:154} INFO - [2025-06-02T22:03:35.130+0000] {dag.py:3722} INFO - Setting next_dagrun for example_setup_teardown_taskflow to 2025-06-01T22:03:35.130413+00:00, run_after=2025-06-02T22:03:35.130413+00:00
[2025-06-02T22:03:35.178+0000] {processor.py:179} INFO - Processing /home/airflow/.local/lib/python3.10/site-packages/airflow/example_dags/example_setup_teardown_taskflow.py took 0.393 seconds
[2025-06-02T22:04:05.416+0000] {processor.py:157} INFO - Started process (PID=484) to work on /home/airflow/.local/lib/python3.10/site-packages/airflow/example_dags/example_setup_teardown_taskflow.py
[2025-06-02T22:04:05.418+0000] {processor.py:829} INFO - Processing file /home/airflow/.local/lib/python3.10/site-packages/airflow/example_dags/example_setup_teardown_taskflow.py for tasks to queue
[2025-06-02T22:04:05.421+0000] {logging_mixin.py:154} INFO - [2025-06-02T22:04:05.420+0000] {dagbag.py:536} INFO - Filling up the DagBag from /home/airflow/.local/lib/python3.10/site-packages/airflow/example_dags/example_setup_teardown_taskflow.py
[2025-06-02T22:04:05.435+0000] {processor.py:839} INFO - DAG(s) dict_keys(['example_setup_teardown_taskflow']) retrieved from /home/airflow/.local/lib/python3.10/site-packages/airflow/example_dags/example_setup_teardown_taskflow.py
[2025-06-02T22:04:05.461+0000] {logging_mixin.py:154} INFO - [2025-06-02T22:04:05.461+0000] {dag.py:2941} INFO - Sync 1 DAGs
[2025-06-02T22:04:05.493+0000] {logging_mixin.py:154} INFO - [2025-06-02T22:04:05.493+0000] {dag.py:3722} INFO - Setting next_dagrun for example_setup_teardown_taskflow to 2025-06-01T22:04:05.492149+00:00, run_after=2025-06-02T22:04:05.492149+00:00
[2025-06-02T22:04:05.511+0000] {processor.py:179} INFO - Processing /home/airflow/.local/lib/python3.10/site-packages/airflow/example_dags/example_setup_teardown_taskflow.py took 0.101 seconds
[2025-06-02T22:04:35.602+0000] {processor.py:157} INFO - Started process (PID=538) to work on /home/airflow/.local/lib/python3.10/site-packages/airflow/example_dags/example_setup_teardown_taskflow.py
[2025-06-02T22:04:35.604+0000] {processor.py:829} INFO - Processing file /home/airflow/.local/lib/python3.10/site-packages/airflow/example_dags/example_setup_teardown_taskflow.py for tasks to queue
[2025-06-02T22:04:35.607+0000] {logging_mixin.py:154} INFO - [2025-06-02T22:04:35.606+0000] {dagbag.py:536} INFO - Filling up the DagBag from /home/airflow/.local/lib/python3.10/site-packages/airflow/example_dags/example_setup_teardown_taskflow.py
[2025-06-02T22:04:35.621+0000] {processor.py:839} INFO - DAG(s) dict_keys(['example_setup_teardown_taskflow']) retrieved from /home/airflow/.local/lib/python3.10/site-packages/airflow/example_dags/example_setup_teardown_taskflow.py
[2025-06-02T22:04:35.650+0000] {logging_mixin.py:154} INFO - [2025-06-02T22:04:35.649+0000] {dag.py:2941} INFO - Sync 1 DAGs
[2025-06-02T22:04:35.673+0000] {logging_mixin.py:154} INFO - [2025-06-02T22:04:35.673+0000] {dag.py:3722} INFO - Setting next_dagrun for example_setup_teardown_taskflow to 2025-06-01T22:04:35.672968+00:00, run_after=2025-06-02T22:04:35.672968+00:00
[2025-06-02T22:04:35.700+0000] {processor.py:179} INFO - Processing /home/airflow/.local/lib/python3.10/site-packages/airflow/example_dags/example_setup_teardown_taskflow.py took 0.103 seconds
[2025-06-02T22:05:05.969+0000] {processor.py:157} INFO - Started process (PID=592) to work on /home/airflow/.local/lib/python3.10/site-packages/airflow/example_dags/example_setup_teardown_taskflow.py
[2025-06-02T22:05:05.970+0000] {processor.py:829} INFO - Processing file /home/airflow/.local/lib/python3.10/site-packages/airflow/example_dags/example_setup_teardown_taskflow.py for tasks to queue
[2025-06-02T22:05:05.973+0000] {logging_mixin.py:154} INFO - [2025-06-02T22:05:05.973+0000] {dagbag.py:536} INFO - Filling up the DagBag from /home/airflow/.local/lib/python3.10/site-packages/airflow/example_dags/example_setup_teardown_taskflow.py
[2025-06-02T22:05:05.987+0000] {processor.py:839} INFO - DAG(s) dict_keys(['example_setup_teardown_taskflow']) retrieved from /home/airflow/.local/lib/python3.10/site-packages/airflow/example_dags/example_setup_teardown_taskflow.py
[2025-06-02T22:05:06.016+0000] {logging_mixin.py:154} INFO - [2025-06-02T22:05:06.016+0000] {dag.py:2941} INFO - Sync 1 DAGs
[2025-06-02T22:05:06.045+0000] {logging_mixin.py:154} INFO - [2025-06-02T22:05:06.044+0000] {dag.py:3722} INFO - Setting next_dagrun for example_setup_teardown_taskflow to 2025-06-01T22:05:06.044433+00:00, run_after=2025-06-02T22:05:06.044433+00:00
[2025-06-02T22:05:06.092+0000] {processor.py:179} INFO - Processing /home/airflow/.local/lib/python3.10/site-packages/airflow/example_dags/example_setup_teardown_taskflow.py took 0.127 seconds
[2025-06-02T22:05:36.230+0000] {processor.py:157} INFO - Started process (PID=647) to work on /home/airflow/.local/lib/python3.10/site-packages/airflow/example_dags/example_setup_teardown_taskflow.py
[2025-06-02T22:05:36.231+0000] {processor.py:829} INFO - Processing file /home/airflow/.local/lib/python3.10/site-packages/airflow/example_dags/example_setup_teardown_taskflow.py for tasks to queue
[2025-06-02T22:05:36.235+0000] {logging_mixin.py:154} INFO - [2025-06-02T22:05:36.235+0000] {dagbag.py:536} INFO - Filling up the DagBag from /home/airflow/.local/lib/python3.10/site-packages/airflow/example_dags/example_setup_teardown_taskflow.py
[2025-06-02T22:05:36.249+0000] {processor.py:839} INFO - DAG(s) dict_keys(['example_setup_teardown_taskflow']) retrieved from /home/airflow/.local/lib/python3.10/site-packages/airflow/example_dags/example_setup_teardown_taskflow.py
[2025-06-02T22:05:36.276+0000] {logging_mixin.py:154} INFO - [2025-06-02T22:05:36.275+0000] {dag.py:2941} INFO - Sync 1 DAGs
[2025-06-02T22:05:36.299+0000] {logging_mixin.py:154} INFO - [2025-06-02T22:05:36.298+0000] {dag.py:3722} INFO - Setting next_dagrun for example_setup_teardown_taskflow to 2025-06-01T22:05:36.298720+00:00, run_after=2025-06-02T22:05:36.298720+00:00
[2025-06-02T22:05:36.320+0000] {processor.py:179} INFO - Processing /home/airflow/.local/lib/python3.10/site-packages/airflow/example_dags/example_setup_teardown_taskflow.py took 0.095 seconds
[2025-06-02T22:06:06.471+0000] {processor.py:157} INFO - Started process (PID=701) to work on /home/airflow/.local/lib/python3.10/site-packages/airflow/example_dags/example_setup_teardown_taskflow.py
[2025-06-02T22:06:06.472+0000] {processor.py:829} INFO - Processing file /home/airflow/.local/lib/python3.10/site-packages/airflow/example_dags/example_setup_teardown_taskflow.py for tasks to queue
[2025-06-02T22:06:06.475+0000] {logging_mixin.py:154} INFO - [2025-06-02T22:06:06.475+0000] {dagbag.py:536} INFO - Filling up the DagBag from /home/airflow/.local/lib/python3.10/site-packages/airflow/example_dags/example_setup_teardown_taskflow.py
[2025-06-02T22:06:06.490+0000] {processor.py:839} INFO - DAG(s) dict_keys(['example_setup_teardown_taskflow']) retrieved from /home/airflow/.local/lib/python3.10/site-packages/airflow/example_dags/example_setup_teardown_taskflow.py
[2025-06-02T22:06:06.520+0000] {logging_mixin.py:154} INFO - [2025-06-02T22:06:06.520+0000] {dag.py:2941} INFO - Sync 1 DAGs
[2025-06-02T22:06:06.555+0000] {logging_mixin.py:154} INFO - [2025-06-02T22:06:06.555+0000] {dag.py:3722} INFO - Setting next_dagrun for example_setup_teardown_taskflow to 2025-06-01T22:06:06.555158+00:00, run_after=2025-06-02T22:06:06.555158+00:00
[2025-06-02T22:06:06.579+0000] {processor.py:179} INFO - Processing /home/airflow/.local/lib/python3.10/site-packages/airflow/example_dags/example_setup_teardown_taskflow.py took 0.112 seconds
[2025-06-02T22:06:37.142+0000] {processor.py:157} INFO - Started process (PID=754) to work on /home/airflow/.local/lib/python3.10/site-packages/airflow/example_dags/example_setup_teardown_taskflow.py
[2025-06-02T22:06:37.143+0000] {processor.py:829} INFO - Processing file /home/airflow/.local/lib/python3.10/site-packages/airflow/example_dags/example_setup_teardown_taskflow.py for tasks to queue
[2025-06-02T22:06:37.156+0000] {logging_mixin.py:154} INFO - [2025-06-02T22:06:37.155+0000] {dagbag.py:536} INFO - Filling up the DagBag from /home/airflow/.local/lib/python3.10/site-packages/airflow/example_dags/example_setup_teardown_taskflow.py
[2025-06-02T22:06:37.182+0000] {processor.py:839} INFO - DAG(s) dict_keys(['example_setup_teardown_taskflow']) retrieved from /home/airflow/.local/lib/python3.10/site-packages/airflow/example_dags/example_setup_teardown_taskflow.py
[2025-06-02T22:06:37.211+0000] {logging_mixin.py:154} INFO - [2025-06-02T22:06:37.210+0000] {dag.py:2941} INFO - Sync 1 DAGs
[2025-06-02T22:06:37.235+0000] {logging_mixin.py:154} INFO - [2025-06-02T22:06:37.234+0000] {dag.py:3722} INFO - Setting next_dagrun for example_setup_teardown_taskflow to 2025-06-01T22:06:37.234418+00:00, run_after=2025-06-02T22:06:37.234418+00:00
[2025-06-02T22:06:37.267+0000] {processor.py:179} INFO - Processing /home/airflow/.local/lib/python3.10/site-packages/airflow/example_dags/example_setup_teardown_taskflow.py took 0.130 seconds
[2025-06-02T22:07:07.614+0000] {processor.py:157} INFO - Started process (PID=809) to work on /home/airflow/.local/lib/python3.10/site-packages/airflow/example_dags/example_setup_teardown_taskflow.py
[2025-06-02T22:07:07.615+0000] {processor.py:829} INFO - Processing file /home/airflow/.local/lib/python3.10/site-packages/airflow/example_dags/example_setup_teardown_taskflow.py for tasks to queue
[2025-06-02T22:07:07.618+0000] {logging_mixin.py:154} INFO - [2025-06-02T22:07:07.618+0000] {dagbag.py:536} INFO - Filling up the DagBag from /home/airflow/.local/lib/python3.10/site-packages/airflow/example_dags/example_setup_teardown_taskflow.py
[2025-06-02T22:07:07.631+0000] {processor.py:839} INFO - DAG(s) dict_keys(['example_setup_teardown_taskflow']) retrieved from /home/airflow/.local/lib/python3.10/site-packages/airflow/example_dags/example_setup_teardown_taskflow.py
[2025-06-02T22:07:07.660+0000] {logging_mixin.py:154} INFO - [2025-06-02T22:07:07.660+0000] {dag.py:2941} INFO - Sync 1 DAGs
[2025-06-02T22:07:07.691+0000] {logging_mixin.py:154} INFO - [2025-06-02T22:07:07.689+0000] {dag.py:3722} INFO - Setting next_dagrun for example_setup_teardown_taskflow to 2025-06-01T22:07:07.689243+00:00, run_after=2025-06-02T22:07:07.689243+00:00
[2025-06-02T22:07:07.905+0000] {processor.py:179} INFO - Processing /home/airflow/.local/lib/python3.10/site-packages/airflow/example_dags/example_setup_teardown_taskflow.py took 0.296 seconds
[2025-06-02T22:07:38.032+0000] {processor.py:157} INFO - Started process (PID=863) to work on /home/airflow/.local/lib/python3.10/site-packages/airflow/example_dags/example_setup_teardown_taskflow.py
[2025-06-02T22:07:38.034+0000] {processor.py:829} INFO - Processing file /home/airflow/.local/lib/python3.10/site-packages/airflow/example_dags/example_setup_teardown_taskflow.py for tasks to queue
[2025-06-02T22:07:38.036+0000] {logging_mixin.py:154} INFO - [2025-06-02T22:07:38.036+0000] {dagbag.py:536} INFO - Filling up the DagBag from /home/airflow/.local/lib/python3.10/site-packages/airflow/example_dags/example_setup_teardown_taskflow.py
[2025-06-02T22:07:38.046+0000] {processor.py:839} INFO - DAG(s) dict_keys(['example_setup_teardown_taskflow']) retrieved from /home/airflow/.local/lib/python3.10/site-packages/airflow/example_dags/example_setup_teardown_taskflow.py
[2025-06-02T22:07:38.068+0000] {logging_mixin.py:154} INFO - [2025-06-02T22:07:38.068+0000] {dag.py:2941} INFO - Sync 1 DAGs
[2025-06-02T22:07:38.090+0000] {logging_mixin.py:154} INFO - [2025-06-02T22:07:38.090+0000] {dag.py:3722} INFO - Setting next_dagrun for example_setup_teardown_taskflow to 2025-06-01T22:07:38.090508+00:00, run_after=2025-06-02T22:07:38.090508+00:00
[2025-06-02T22:07:38.109+0000] {processor.py:179} INFO - Processing /home/airflow/.local/lib/python3.10/site-packages/airflow/example_dags/example_setup_teardown_taskflow.py took 0.082 seconds
[2025-06-02T22:08:08.515+0000] {processor.py:157} INFO - Started process (PID=917) to work on /home/airflow/.local/lib/python3.10/site-packages/airflow/example_dags/example_setup_teardown_taskflow.py
[2025-06-02T22:08:08.516+0000] {processor.py:829} INFO - Processing file /home/airflow/.local/lib/python3.10/site-packages/airflow/example_dags/example_setup_teardown_taskflow.py for tasks to queue
[2025-06-02T22:08:08.519+0000] {logging_mixin.py:154} INFO - [2025-06-02T22:08:08.519+0000] {dagbag.py:536} INFO - Filling up the DagBag from /home/airflow/.local/lib/python3.10/site-packages/airflow/example_dags/example_setup_teardown_taskflow.py
[2025-06-02T22:08:08.533+0000] {processor.py:839} INFO - DAG(s) dict_keys(['example_setup_teardown_taskflow']) retrieved from /home/airflow/.local/lib/python3.10/site-packages/airflow/example_dags/example_setup_teardown_taskflow.py
[2025-06-02T22:08:08.563+0000] {logging_mixin.py:154} INFO - [2025-06-02T22:08:08.563+0000] {dag.py:2941} INFO - Sync 1 DAGs
[2025-06-02T22:08:08.589+0000] {logging_mixin.py:154} INFO - [2025-06-02T22:08:08.588+0000] {dag.py:3722} INFO - Setting next_dagrun for example_setup_teardown_taskflow to 2025-06-01T22:08:08.588603+00:00, run_after=2025-06-02T22:08:08.588603+00:00
[2025-06-02T22:08:08.608+0000] {processor.py:179} INFO - Processing /home/airflow/.local/lib/python3.10/site-packages/airflow/example_dags/example_setup_teardown_taskflow.py took 0.098 seconds
[2025-06-02T22:08:39.496+0000] {processor.py:157} INFO - Started process (PID=978) to work on /home/airflow/.local/lib/python3.10/site-packages/airflow/example_dags/example_setup_teardown_taskflow.py
[2025-06-02T22:08:39.502+0000] {processor.py:829} INFO - Processing file /home/airflow/.local/lib/python3.10/site-packages/airflow/example_dags/example_setup_teardown_taskflow.py for tasks to queue
[2025-06-02T22:08:39.505+0000] {logging_mixin.py:154} INFO - [2025-06-02T22:08:39.504+0000] {dagbag.py:536} INFO - Filling up the DagBag from /home/airflow/.local/lib/python3.10/site-packages/airflow/example_dags/example_setup_teardown_taskflow.py
[2025-06-02T22:08:39.529+0000] {processor.py:839} INFO - DAG(s) dict_keys(['example_setup_teardown_taskflow']) retrieved from /home/airflow/.local/lib/python3.10/site-packages/airflow/example_dags/example_setup_teardown_taskflow.py
[2025-06-02T22:08:39.626+0000] {logging_mixin.py:154} INFO - [2025-06-02T22:08:39.626+0000] {dag.py:2941} INFO - Sync 1 DAGs
[2025-06-02T22:08:39.688+0000] {logging_mixin.py:154} INFO - [2025-06-02T22:08:39.686+0000] {dag.py:3722} INFO - Setting next_dagrun for example_setup_teardown_taskflow to 2025-06-01T22:08:39.686487+00:00, run_after=2025-06-02T22:08:39.686487+00:00
[2025-06-02T22:08:40.054+0000] {processor.py:179} INFO - Processing /home/airflow/.local/lib/python3.10/site-packages/airflow/example_dags/example_setup_teardown_taskflow.py took 0.563 seconds
[2025-06-02T22:09:10.218+0000] {processor.py:157} INFO - Started process (PID=1032) to work on /home/airflow/.local/lib/python3.10/site-packages/airflow/example_dags/example_setup_teardown_taskflow.py
[2025-06-02T22:09:10.222+0000] {processor.py:829} INFO - Processing file /home/airflow/.local/lib/python3.10/site-packages/airflow/example_dags/example_setup_teardown_taskflow.py for tasks to queue
[2025-06-02T22:09:10.225+0000] {logging_mixin.py:154} INFO - [2025-06-02T22:09:10.224+0000] {dagbag.py:536} INFO - Filling up the DagBag from /home/airflow/.local/lib/python3.10/site-packages/airflow/example_dags/example_setup_teardown_taskflow.py
[2025-06-02T22:09:10.272+0000] {processor.py:839} INFO - DAG(s) dict_keys(['example_setup_teardown_taskflow']) retrieved from /home/airflow/.local/lib/python3.10/site-packages/airflow/example_dags/example_setup_teardown_taskflow.py
[2025-06-02T22:09:10.323+0000] {logging_mixin.py:154} INFO - [2025-06-02T22:09:10.323+0000] {dag.py:2941} INFO - Sync 1 DAGs
[2025-06-02T22:09:10.353+0000] {logging_mixin.py:154} INFO - [2025-06-02T22:09:10.353+0000] {dag.py:3722} INFO - Setting next_dagrun for example_setup_teardown_taskflow to 2025-06-01T22:09:10.352736+00:00, run_after=2025-06-02T22:09:10.352736+00:00
[2025-06-02T22:09:10.376+0000] {processor.py:179} INFO - Processing /home/airflow/.local/lib/python3.10/site-packages/airflow/example_dags/example_setup_teardown_taskflow.py took 0.184 seconds
[2025-06-02T22:09:40.765+0000] {processor.py:157} INFO - Started process (PID=1085) to work on /home/airflow/.local/lib/python3.10/site-packages/airflow/example_dags/example_setup_teardown_taskflow.py
[2025-06-02T22:09:40.766+0000] {processor.py:829} INFO - Processing file /home/airflow/.local/lib/python3.10/site-packages/airflow/example_dags/example_setup_teardown_taskflow.py for tasks to queue
[2025-06-02T22:09:40.770+0000] {logging_mixin.py:154} INFO - [2025-06-02T22:09:40.769+0000] {dagbag.py:536} INFO - Filling up the DagBag from /home/airflow/.local/lib/python3.10/site-packages/airflow/example_dags/example_setup_teardown_taskflow.py
[2025-06-02T22:09:40.784+0000] {processor.py:839} INFO - DAG(s) dict_keys(['example_setup_teardown_taskflow']) retrieved from /home/airflow/.local/lib/python3.10/site-packages/airflow/example_dags/example_setup_teardown_taskflow.py
[2025-06-02T22:09:40.954+0000] {logging_mixin.py:154} INFO - [2025-06-02T22:09:40.953+0000] {dag.py:2941} INFO - Sync 1 DAGs
[2025-06-02T22:09:40.974+0000] {logging_mixin.py:154} INFO - [2025-06-02T22:09:40.974+0000] {dag.py:3722} INFO - Setting next_dagrun for example_setup_teardown_taskflow to 2025-06-01T22:09:40.973853+00:00, run_after=2025-06-02T22:09:40.973853+00:00
[2025-06-02T22:09:40.993+0000] {processor.py:179} INFO - Processing /home/airflow/.local/lib/python3.10/site-packages/airflow/example_dags/example_setup_teardown_taskflow.py took 0.233 seconds
[2025-06-02T22:10:11.505+0000] {processor.py:157} INFO - Started process (PID=1139) to work on /home/airflow/.local/lib/python3.10/site-packages/airflow/example_dags/example_setup_teardown_taskflow.py
[2025-06-02T22:10:11.507+0000] {processor.py:829} INFO - Processing file /home/airflow/.local/lib/python3.10/site-packages/airflow/example_dags/example_setup_teardown_taskflow.py for tasks to queue
[2025-06-02T22:10:11.510+0000] {logging_mixin.py:154} INFO - [2025-06-02T22:10:11.509+0000] {dagbag.py:536} INFO - Filling up the DagBag from /home/airflow/.local/lib/python3.10/site-packages/airflow/example_dags/example_setup_teardown_taskflow.py
[2025-06-02T22:10:11.524+0000] {processor.py:839} INFO - DAG(s) dict_keys(['example_setup_teardown_taskflow']) retrieved from /home/airflow/.local/lib/python3.10/site-packages/airflow/example_dags/example_setup_teardown_taskflow.py
[2025-06-02T22:10:11.556+0000] {logging_mixin.py:154} INFO - [2025-06-02T22:10:11.556+0000] {dag.py:2941} INFO - Sync 1 DAGs
[2025-06-02T22:10:11.735+0000] {logging_mixin.py:154} INFO - [2025-06-02T22:10:11.734+0000] {dag.py:3722} INFO - Setting next_dagrun for example_setup_teardown_taskflow to 2025-06-01T22:10:11.734673+00:00, run_after=2025-06-02T22:10:11.734673+00:00
[2025-06-02T22:10:11.751+0000] {processor.py:179} INFO - Processing /home/airflow/.local/lib/python3.10/site-packages/airflow/example_dags/example_setup_teardown_taskflow.py took 0.251 seconds
[2025-06-02T22:10:41.819+0000] {processor.py:157} INFO - Started process (PID=1193) to work on /home/airflow/.local/lib/python3.10/site-packages/airflow/example_dags/example_setup_teardown_taskflow.py
[2025-06-02T22:10:41.820+0000] {processor.py:829} INFO - Processing file /home/airflow/.local/lib/python3.10/site-packages/airflow/example_dags/example_setup_teardown_taskflow.py for tasks to queue
[2025-06-02T22:10:41.823+0000] {logging_mixin.py:154} INFO - [2025-06-02T22:10:41.822+0000] {dagbag.py:536} INFO - Filling up the DagBag from /home/airflow/.local/lib/python3.10/site-packages/airflow/example_dags/example_setup_teardown_taskflow.py
[2025-06-02T22:10:41.833+0000] {processor.py:839} INFO - DAG(s) dict_keys(['example_setup_teardown_taskflow']) retrieved from /home/airflow/.local/lib/python3.10/site-packages/airflow/example_dags/example_setup_teardown_taskflow.py
[2025-06-02T22:10:41.855+0000] {logging_mixin.py:154} INFO - [2025-06-02T22:10:41.855+0000] {dag.py:2941} INFO - Sync 1 DAGs
[2025-06-02T22:10:41.876+0000] {logging_mixin.py:154} INFO - [2025-06-02T22:10:41.876+0000] {dag.py:3722} INFO - Setting next_dagrun for example_setup_teardown_taskflow to 2025-06-01T22:10:41.876318+00:00, run_after=2025-06-02T22:10:41.876318+00:00
[2025-06-02T22:10:41.893+0000] {processor.py:179} INFO - Processing /home/airflow/.local/lib/python3.10/site-packages/airflow/example_dags/example_setup_teardown_taskflow.py took 0.078 seconds
[2025-06-02T23:03:29.245+0000] {processor.py:157} INFO - Started process (PID=53) to work on /home/airflow/.local/lib/python3.10/site-packages/airflow/example_dags/example_setup_teardown_taskflow.py
[2025-06-02T23:03:29.253+0000] {processor.py:829} INFO - Processing file /home/airflow/.local/lib/python3.10/site-packages/airflow/example_dags/example_setup_teardown_taskflow.py for tasks to queue
[2025-06-02T23:03:29.270+0000] {logging_mixin.py:154} INFO - [2025-06-02T23:03:29.270+0000] {dagbag.py:536} INFO - Filling up the DagBag from /home/airflow/.local/lib/python3.10/site-packages/airflow/example_dags/example_setup_teardown_taskflow.py
[2025-06-02T23:03:29.321+0000] {processor.py:839} INFO - DAG(s) dict_keys(['example_setup_teardown_taskflow']) retrieved from /home/airflow/.local/lib/python3.10/site-packages/airflow/example_dags/example_setup_teardown_taskflow.py
[2025-06-02T23:03:29.506+0000] {logging_mixin.py:154} INFO - [2025-06-02T23:03:29.506+0000] {dag.py:2941} INFO - Sync 1 DAGs
[2025-06-02T23:03:29.607+0000] {logging_mixin.py:154} INFO - [2025-06-02T23:03:29.606+0000] {dag.py:3722} INFO - Setting next_dagrun for example_setup_teardown_taskflow to 2025-06-01T23:03:29.606450+00:00, run_after=2025-06-02T23:03:29.606450+00:00
[2025-06-02T23:03:29.700+0000] {processor.py:179} INFO - Processing /home/airflow/.local/lib/python3.10/site-packages/airflow/example_dags/example_setup_teardown_taskflow.py took 0.469 seconds
[2025-06-02T23:03:58.257+0000] {processor.py:157} INFO - Started process (PID=45) to work on /home/airflow/.local/lib/python3.10/site-packages/airflow/example_dags/example_setup_teardown_taskflow.py
[2025-06-02T23:03:58.260+0000] {processor.py:829} INFO - Processing file /home/airflow/.local/lib/python3.10/site-packages/airflow/example_dags/example_setup_teardown_taskflow.py for tasks to queue
[2025-06-02T23:03:58.263+0000] {logging_mixin.py:154} INFO - [2025-06-02T23:03:58.262+0000] {dagbag.py:536} INFO - Filling up the DagBag from /home/airflow/.local/lib/python3.10/site-packages/airflow/example_dags/example_setup_teardown_taskflow.py
[2025-06-02T23:03:58.278+0000] {processor.py:839} INFO - DAG(s) dict_keys(['example_setup_teardown_taskflow']) retrieved from /home/airflow/.local/lib/python3.10/site-packages/airflow/example_dags/example_setup_teardown_taskflow.py
[2025-06-02T23:03:58.316+0000] {logging_mixin.py:154} INFO - [2025-06-02T23:03:58.316+0000] {dag.py:2941} INFO - Sync 1 DAGs
[2025-06-02T23:03:58.345+0000] {logging_mixin.py:154} INFO - [2025-06-02T23:03:58.345+0000] {dag.py:3722} INFO - Setting next_dagrun for example_setup_teardown_taskflow to 2025-06-01T23:03:58.344808+00:00, run_after=2025-06-02T23:03:58.344808+00:00
[2025-06-02T23:03:58.382+0000] {processor.py:179} INFO - Processing /home/airflow/.local/lib/python3.10/site-packages/airflow/example_dags/example_setup_teardown_taskflow.py took 0.130 seconds
[2025-06-02T23:04:29.225+0000] {processor.py:157} INFO - Started process (PID=101) to work on /home/airflow/.local/lib/python3.10/site-packages/airflow/example_dags/example_setup_teardown_taskflow.py
[2025-06-02T23:04:29.228+0000] {processor.py:829} INFO - Processing file /home/airflow/.local/lib/python3.10/site-packages/airflow/example_dags/example_setup_teardown_taskflow.py for tasks to queue
[2025-06-02T23:04:29.232+0000] {logging_mixin.py:154} INFO - [2025-06-02T23:04:29.232+0000] {dagbag.py:536} INFO - Filling up the DagBag from /home/airflow/.local/lib/python3.10/site-packages/airflow/example_dags/example_setup_teardown_taskflow.py
[2025-06-02T23:04:29.246+0000] {processor.py:839} INFO - DAG(s) dict_keys(['example_setup_teardown_taskflow']) retrieved from /home/airflow/.local/lib/python3.10/site-packages/airflow/example_dags/example_setup_teardown_taskflow.py
[2025-06-02T23:04:29.278+0000] {logging_mixin.py:154} INFO - [2025-06-02T23:04:29.278+0000] {dag.py:2941} INFO - Sync 1 DAGs
[2025-06-02T23:04:29.306+0000] {logging_mixin.py:154} INFO - [2025-06-02T23:04:29.306+0000] {dag.py:3722} INFO - Setting next_dagrun for example_setup_teardown_taskflow to 2025-06-01T23:04:29.306108+00:00, run_after=2025-06-02T23:04:29.306108+00:00
[2025-06-02T23:04:29.334+0000] {processor.py:179} INFO - Processing /home/airflow/.local/lib/python3.10/site-packages/airflow/example_dags/example_setup_teardown_taskflow.py took 0.113 seconds
[2025-06-02T23:04:59.489+0000] {processor.py:157} INFO - Started process (PID=157) to work on /home/airflow/.local/lib/python3.10/site-packages/airflow/example_dags/example_setup_teardown_taskflow.py
[2025-06-02T23:04:59.490+0000] {processor.py:829} INFO - Processing file /home/airflow/.local/lib/python3.10/site-packages/airflow/example_dags/example_setup_teardown_taskflow.py for tasks to queue
[2025-06-02T23:04:59.493+0000] {logging_mixin.py:154} INFO - [2025-06-02T23:04:59.492+0000] {dagbag.py:536} INFO - Filling up the DagBag from /home/airflow/.local/lib/python3.10/site-packages/airflow/example_dags/example_setup_teardown_taskflow.py
[2025-06-02T23:04:59.508+0000] {processor.py:839} INFO - DAG(s) dict_keys(['example_setup_teardown_taskflow']) retrieved from /home/airflow/.local/lib/python3.10/site-packages/airflow/example_dags/example_setup_teardown_taskflow.py
[2025-06-02T23:04:59.550+0000] {logging_mixin.py:154} INFO - [2025-06-02T23:04:59.550+0000] {dag.py:2941} INFO - Sync 1 DAGs
[2025-06-02T23:04:59.578+0000] {logging_mixin.py:154} INFO - [2025-06-02T23:04:59.578+0000] {dag.py:3722} INFO - Setting next_dagrun for example_setup_teardown_taskflow to 2025-06-01T23:04:59.577381+00:00, run_after=2025-06-02T23:04:59.577381+00:00
[2025-06-02T23:04:59.600+0000] {processor.py:179} INFO - Processing /home/airflow/.local/lib/python3.10/site-packages/airflow/example_dags/example_setup_teardown_taskflow.py took 0.116 seconds
[2025-06-02T23:05:31.690+0000] {processor.py:157} INFO - Started process (PID=213) to work on /home/airflow/.local/lib/python3.10/site-packages/airflow/example_dags/example_setup_teardown_taskflow.py
[2025-06-02T23:05:31.694+0000] {processor.py:829} INFO - Processing file /home/airflow/.local/lib/python3.10/site-packages/airflow/example_dags/example_setup_teardown_taskflow.py for tasks to queue
[2025-06-02T23:05:31.697+0000] {logging_mixin.py:154} INFO - [2025-06-02T23:05:31.697+0000] {dagbag.py:536} INFO - Filling up the DagBag from /home/airflow/.local/lib/python3.10/site-packages/airflow/example_dags/example_setup_teardown_taskflow.py
[2025-06-02T23:05:31.710+0000] {processor.py:839} INFO - DAG(s) dict_keys(['example_setup_teardown_taskflow']) retrieved from /home/airflow/.local/lib/python3.10/site-packages/airflow/example_dags/example_setup_teardown_taskflow.py
[2025-06-02T23:05:31.738+0000] {logging_mixin.py:154} INFO - [2025-06-02T23:05:31.738+0000] {dag.py:2941} INFO - Sync 1 DAGs
[2025-06-02T23:05:31.770+0000] {logging_mixin.py:154} INFO - [2025-06-02T23:05:31.769+0000] {dag.py:3722} INFO - Setting next_dagrun for example_setup_teardown_taskflow to 2025-06-01T23:05:31.769400+00:00, run_after=2025-06-02T23:05:31.769400+00:00
[2025-06-02T23:05:31.800+0000] {processor.py:179} INFO - Processing /home/airflow/.local/lib/python3.10/site-packages/airflow/example_dags/example_setup_teardown_taskflow.py took 0.114 seconds
[2025-06-02T23:06:05.402+0000] {processor.py:157} INFO - Started process (PID=269) to work on /home/airflow/.local/lib/python3.10/site-packages/airflow/example_dags/example_setup_teardown_taskflow.py
[2025-06-02T23:06:05.406+0000] {processor.py:829} INFO - Processing file /home/airflow/.local/lib/python3.10/site-packages/airflow/example_dags/example_setup_teardown_taskflow.py for tasks to queue
[2025-06-02T23:06:05.412+0000] {logging_mixin.py:154} INFO - [2025-06-02T23:06:05.411+0000] {dagbag.py:536} INFO - Filling up the DagBag from /home/airflow/.local/lib/python3.10/site-packages/airflow/example_dags/example_setup_teardown_taskflow.py
[2025-06-02T23:06:05.433+0000] {processor.py:839} INFO - DAG(s) dict_keys(['example_setup_teardown_taskflow']) retrieved from /home/airflow/.local/lib/python3.10/site-packages/airflow/example_dags/example_setup_teardown_taskflow.py
[2025-06-02T23:06:05.502+0000] {logging_mixin.py:154} INFO - [2025-06-02T23:06:05.502+0000] {dag.py:2941} INFO - Sync 1 DAGs
[2025-06-02T23:06:05.575+0000] {logging_mixin.py:154} INFO - [2025-06-02T23:06:05.575+0000] {dag.py:3722} INFO - Setting next_dagrun for example_setup_teardown_taskflow to 2025-06-01T23:06:05.574825+00:00, run_after=2025-06-02T23:06:05.574825+00:00
[2025-06-02T23:06:05.634+0000] {processor.py:179} INFO - Processing /home/airflow/.local/lib/python3.10/site-packages/airflow/example_dags/example_setup_teardown_taskflow.py took 0.240 seconds
[2025-06-02T23:06:36.749+0000] {processor.py:157} INFO - Started process (PID=325) to work on /home/airflow/.local/lib/python3.10/site-packages/airflow/example_dags/example_setup_teardown_taskflow.py
[2025-06-02T23:06:36.750+0000] {processor.py:829} INFO - Processing file /home/airflow/.local/lib/python3.10/site-packages/airflow/example_dags/example_setup_teardown_taskflow.py for tasks to queue
[2025-06-02T23:06:36.753+0000] {logging_mixin.py:154} INFO - [2025-06-02T23:06:36.752+0000] {dagbag.py:536} INFO - Filling up the DagBag from /home/airflow/.local/lib/python3.10/site-packages/airflow/example_dags/example_setup_teardown_taskflow.py
[2025-06-02T23:06:36.778+0000] {processor.py:839} INFO - DAG(s) dict_keys(['example_setup_teardown_taskflow']) retrieved from /home/airflow/.local/lib/python3.10/site-packages/airflow/example_dags/example_setup_teardown_taskflow.py
[2025-06-02T23:06:36.843+0000] {logging_mixin.py:154} INFO - [2025-06-02T23:06:36.843+0000] {dag.py:2941} INFO - Sync 1 DAGs
[2025-06-02T23:06:36.911+0000] {logging_mixin.py:154} INFO - [2025-06-02T23:06:36.910+0000] {dag.py:3722} INFO - Setting next_dagrun for example_setup_teardown_taskflow to 2025-06-01T23:06:36.910513+00:00, run_after=2025-06-02T23:06:36.910513+00:00
[2025-06-02T23:06:36.991+0000] {processor.py:179} INFO - Processing /home/airflow/.local/lib/python3.10/site-packages/airflow/example_dags/example_setup_teardown_taskflow.py took 0.259 seconds
[2025-06-02T23:07:07.466+0000] {processor.py:157} INFO - Started process (PID=381) to work on /home/airflow/.local/lib/python3.10/site-packages/airflow/example_dags/example_setup_teardown_taskflow.py
[2025-06-02T23:07:07.468+0000] {processor.py:829} INFO - Processing file /home/airflow/.local/lib/python3.10/site-packages/airflow/example_dags/example_setup_teardown_taskflow.py for tasks to queue
[2025-06-02T23:07:07.470+0000] {logging_mixin.py:154} INFO - [2025-06-02T23:07:07.470+0000] {dagbag.py:536} INFO - Filling up the DagBag from /home/airflow/.local/lib/python3.10/site-packages/airflow/example_dags/example_setup_teardown_taskflow.py
[2025-06-02T23:07:07.480+0000] {processor.py:839} INFO - DAG(s) dict_keys(['example_setup_teardown_taskflow']) retrieved from /home/airflow/.local/lib/python3.10/site-packages/airflow/example_dags/example_setup_teardown_taskflow.py
[2025-06-02T23:07:07.502+0000] {logging_mixin.py:154} INFO - [2025-06-02T23:07:07.501+0000] {dag.py:2941} INFO - Sync 1 DAGs
[2025-06-02T23:07:07.527+0000] {logging_mixin.py:154} INFO - [2025-06-02T23:07:07.526+0000] {dag.py:3722} INFO - Setting next_dagrun for example_setup_teardown_taskflow to 2025-06-01T23:07:07.526570+00:00, run_after=2025-06-02T23:07:07.526570+00:00
[2025-06-02T23:07:07.544+0000] {processor.py:179} INFO - Processing /home/airflow/.local/lib/python3.10/site-packages/airflow/example_dags/example_setup_teardown_taskflow.py took 0.081 seconds
