[2025-06-02T21:59:55.495+0000] {processor.py:157} INFO - Started process (PID=42) to work on /home/airflow/.local/lib/python3.10/site-packages/airflow/example_dags/example_task_group_decorator.py
[2025-06-02T21:59:55.496+0000] {processor.py:829} INFO - Processing file /home/airflow/.local/lib/python3.10/site-packages/airflow/example_dags/example_task_group_decorator.py for tasks to queue
[2025-06-02T21:59:55.503+0000] {logging_mixin.py:154} INFO - [2025-06-02T21:59:55.503+0000] {dagbag.py:536} INFO - Filling up the DagBag from /home/airflow/.local/lib/python3.10/site-packages/airflow/example_dags/example_task_group_decorator.py
[2025-06-02T21:59:55.581+0000] {processor.py:839} INFO - DAG(s) dict_keys(['example_task_group_decorator']) retrieved from /home/airflow/.local/lib/python3.10/site-packages/airflow/example_dags/example_task_group_decorator.py
[2025-06-02T21:59:56.166+0000] {logging_mixin.py:154} INFO - [2025-06-02T21:59:56.165+0000] {manager.py:499} INFO - Created Permission View: %s
[2025-06-02T21:59:56.222+0000] {logging_mixin.py:154} INFO - [2025-06-02T21:59:56.222+0000] {manager.py:499} INFO - Created Permission View: %s
[2025-06-02T21:59:56.242+0000] {logging_mixin.py:154} INFO - [2025-06-02T21:59:56.241+0000] {manager.py:499} INFO - Created Permission View: %s
[2025-06-02T21:59:56.242+0000] {logging_mixin.py:154} INFO - [2025-06-02T21:59:56.242+0000] {dag.py:2941} INFO - Sync 1 DAGs
[2025-06-02T21:59:56.287+0000] {logging_mixin.py:154} INFO - [2025-06-02T21:59:56.286+0000] {dag.py:2963} INFO - Creating ORM DAG for example_task_group_decorator
[2025-06-02T21:59:56.328+0000] {logging_mixin.py:154} INFO - [2025-06-02T21:59:56.327+0000] {dag.py:3722} INFO - Setting next_dagrun for example_task_group_decorator to 2025-06-01T21:59:56.326646+00:00, run_after=2025-06-02T21:59:56.326646+00:00
[2025-06-02T21:59:56.393+0000] {processor.py:179} INFO - Processing /home/airflow/.local/lib/python3.10/site-packages/airflow/example_dags/example_task_group_decorator.py took 0.915 seconds
[2025-06-02T22:00:26.484+0000] {processor.py:157} INFO - Started process (PID=96) to work on /home/airflow/.local/lib/python3.10/site-packages/airflow/example_dags/example_task_group_decorator.py
[2025-06-02T22:00:26.489+0000] {processor.py:829} INFO - Processing file /home/airflow/.local/lib/python3.10/site-packages/airflow/example_dags/example_task_group_decorator.py for tasks to queue
[2025-06-02T22:00:26.492+0000] {logging_mixin.py:154} INFO - [2025-06-02T22:00:26.492+0000] {dagbag.py:536} INFO - Filling up the DagBag from /home/airflow/.local/lib/python3.10/site-packages/airflow/example_dags/example_task_group_decorator.py
[2025-06-02T22:00:26.509+0000] {processor.py:839} INFO - DAG(s) dict_keys(['example_task_group_decorator']) retrieved from /home/airflow/.local/lib/python3.10/site-packages/airflow/example_dags/example_task_group_decorator.py
[2025-06-02T22:00:26.532+0000] {logging_mixin.py:154} INFO - [2025-06-02T22:00:26.532+0000] {dag.py:2941} INFO - Sync 1 DAGs
[2025-06-02T22:00:26.554+0000] {logging_mixin.py:154} INFO - [2025-06-02T22:00:26.553+0000] {dag.py:3722} INFO - Setting next_dagrun for example_task_group_decorator to 2025-06-01T22:00:26.553556+00:00, run_after=2025-06-02T22:00:26.553556+00:00
[2025-06-02T22:00:26.573+0000] {processor.py:179} INFO - Processing /home/airflow/.local/lib/python3.10/site-packages/airflow/example_dags/example_task_group_decorator.py took 0.094 seconds
[2025-06-02T22:00:56.811+0000] {processor.py:157} INFO - Started process (PID=150) to work on /home/airflow/.local/lib/python3.10/site-packages/airflow/example_dags/example_task_group_decorator.py
[2025-06-02T22:00:56.812+0000] {processor.py:829} INFO - Processing file /home/airflow/.local/lib/python3.10/site-packages/airflow/example_dags/example_task_group_decorator.py for tasks to queue
[2025-06-02T22:00:56.817+0000] {logging_mixin.py:154} INFO - [2025-06-02T22:00:56.816+0000] {dagbag.py:536} INFO - Filling up the DagBag from /home/airflow/.local/lib/python3.10/site-packages/airflow/example_dags/example_task_group_decorator.py
[2025-06-02T22:00:56.833+0000] {processor.py:839} INFO - DAG(s) dict_keys(['example_task_group_decorator']) retrieved from /home/airflow/.local/lib/python3.10/site-packages/airflow/example_dags/example_task_group_decorator.py
[2025-06-02T22:00:56.865+0000] {logging_mixin.py:154} INFO - [2025-06-02T22:00:56.865+0000] {dag.py:2941} INFO - Sync 1 DAGs
[2025-06-02T22:00:56.887+0000] {logging_mixin.py:154} INFO - [2025-06-02T22:00:56.886+0000] {dag.py:3722} INFO - Setting next_dagrun for example_task_group_decorator to 2025-06-01T22:00:56.886655+00:00, run_after=2025-06-02T22:00:56.886655+00:00
[2025-06-02T22:00:56.903+0000] {processor.py:179} INFO - Processing /home/airflow/.local/lib/python3.10/site-packages/airflow/example_dags/example_task_group_decorator.py took 0.097 seconds
[2025-06-02T22:01:27.522+0000] {processor.py:157} INFO - Started process (PID=204) to work on /home/airflow/.local/lib/python3.10/site-packages/airflow/example_dags/example_task_group_decorator.py
[2025-06-02T22:01:27.523+0000] {processor.py:829} INFO - Processing file /home/airflow/.local/lib/python3.10/site-packages/airflow/example_dags/example_task_group_decorator.py for tasks to queue
[2025-06-02T22:01:27.528+0000] {logging_mixin.py:154} INFO - [2025-06-02T22:01:27.527+0000] {dagbag.py:536} INFO - Filling up the DagBag from /home/airflow/.local/lib/python3.10/site-packages/airflow/example_dags/example_task_group_decorator.py
[2025-06-02T22:01:27.546+0000] {processor.py:839} INFO - DAG(s) dict_keys(['example_task_group_decorator']) retrieved from /home/airflow/.local/lib/python3.10/site-packages/airflow/example_dags/example_task_group_decorator.py
[2025-06-02T22:01:27.570+0000] {logging_mixin.py:154} INFO - [2025-06-02T22:01:27.570+0000] {dag.py:2941} INFO - Sync 1 DAGs
[2025-06-02T22:01:27.593+0000] {logging_mixin.py:154} INFO - [2025-06-02T22:01:27.593+0000] {dag.py:3722} INFO - Setting next_dagrun for example_task_group_decorator to 2025-06-01T22:01:27.592763+00:00, run_after=2025-06-02T22:01:27.592763+00:00
[2025-06-02T22:01:27.617+0000] {processor.py:179} INFO - Processing /home/airflow/.local/lib/python3.10/site-packages/airflow/example_dags/example_task_group_decorator.py took 0.100 seconds
[2025-06-02T22:01:58.095+0000] {processor.py:157} INFO - Started process (PID=259) to work on /home/airflow/.local/lib/python3.10/site-packages/airflow/example_dags/example_task_group_decorator.py
[2025-06-02T22:01:58.096+0000] {processor.py:829} INFO - Processing file /home/airflow/.local/lib/python3.10/site-packages/airflow/example_dags/example_task_group_decorator.py for tasks to queue
[2025-06-02T22:01:58.100+0000] {logging_mixin.py:154} INFO - [2025-06-02T22:01:58.100+0000] {dagbag.py:536} INFO - Filling up the DagBag from /home/airflow/.local/lib/python3.10/site-packages/airflow/example_dags/example_task_group_decorator.py
[2025-06-02T22:01:58.122+0000] {processor.py:839} INFO - DAG(s) dict_keys(['example_task_group_decorator']) retrieved from /home/airflow/.local/lib/python3.10/site-packages/airflow/example_dags/example_task_group_decorator.py
[2025-06-02T22:01:58.147+0000] {logging_mixin.py:154} INFO - [2025-06-02T22:01:58.147+0000] {dag.py:2941} INFO - Sync 1 DAGs
[2025-06-02T22:01:58.169+0000] {logging_mixin.py:154} INFO - [2025-06-02T22:01:58.169+0000] {dag.py:3722} INFO - Setting next_dagrun for example_task_group_decorator to 2025-06-01T22:01:58.168952+00:00, run_after=2025-06-02T22:01:58.168952+00:00
[2025-06-02T22:01:58.189+0000] {processor.py:179} INFO - Processing /home/airflow/.local/lib/python3.10/site-packages/airflow/example_dags/example_task_group_decorator.py took 0.098 seconds
[2025-06-02T22:02:28.794+0000] {processor.py:157} INFO - Started process (PID=312) to work on /home/airflow/.local/lib/python3.10/site-packages/airflow/example_dags/example_task_group_decorator.py
[2025-06-02T22:02:28.803+0000] {processor.py:829} INFO - Processing file /home/airflow/.local/lib/python3.10/site-packages/airflow/example_dags/example_task_group_decorator.py for tasks to queue
[2025-06-02T22:02:28.809+0000] {logging_mixin.py:154} INFO - [2025-06-02T22:02:28.809+0000] {dagbag.py:536} INFO - Filling up the DagBag from /home/airflow/.local/lib/python3.10/site-packages/airflow/example_dags/example_task_group_decorator.py
[2025-06-02T22:02:28.875+0000] {processor.py:839} INFO - DAG(s) dict_keys(['example_task_group_decorator']) retrieved from /home/airflow/.local/lib/python3.10/site-packages/airflow/example_dags/example_task_group_decorator.py
[2025-06-02T22:02:28.930+0000] {logging_mixin.py:154} INFO - [2025-06-02T22:02:28.930+0000] {dag.py:2941} INFO - Sync 1 DAGs
[2025-06-02T22:02:28.989+0000] {logging_mixin.py:154} INFO - [2025-06-02T22:02:28.989+0000] {dag.py:3722} INFO - Setting next_dagrun for example_task_group_decorator to 2025-06-01T22:02:28.989013+00:00, run_after=2025-06-02T22:02:28.989013+00:00
[2025-06-02T22:02:29.032+0000] {processor.py:179} INFO - Processing /home/airflow/.local/lib/python3.10/site-packages/airflow/example_dags/example_task_group_decorator.py took 0.259 seconds
[2025-06-02T22:02:59.938+0000] {processor.py:157} INFO - Started process (PID=366) to work on /home/airflow/.local/lib/python3.10/site-packages/airflow/example_dags/example_task_group_decorator.py
[2025-06-02T22:02:59.939+0000] {processor.py:829} INFO - Processing file /home/airflow/.local/lib/python3.10/site-packages/airflow/example_dags/example_task_group_decorator.py for tasks to queue
[2025-06-02T22:02:59.943+0000] {logging_mixin.py:154} INFO - [2025-06-02T22:02:59.943+0000] {dagbag.py:536} INFO - Filling up the DagBag from /home/airflow/.local/lib/python3.10/site-packages/airflow/example_dags/example_task_group_decorator.py
[2025-06-02T22:02:59.964+0000] {processor.py:839} INFO - DAG(s) dict_keys(['example_task_group_decorator']) retrieved from /home/airflow/.local/lib/python3.10/site-packages/airflow/example_dags/example_task_group_decorator.py
[2025-06-02T22:02:59.998+0000] {logging_mixin.py:154} INFO - [2025-06-02T22:02:59.998+0000] {dag.py:2941} INFO - Sync 1 DAGs
[2025-06-02T22:03:00.031+0000] {logging_mixin.py:154} INFO - [2025-06-02T22:03:00.030+0000] {dag.py:3722} INFO - Setting next_dagrun for example_task_group_decorator to 2025-06-01T22:03:00.030277+00:00, run_after=2025-06-02T22:03:00.030277+00:00
[2025-06-02T22:03:00.069+0000] {processor.py:179} INFO - Processing /home/airflow/.local/lib/python3.10/site-packages/airflow/example_dags/example_task_group_decorator.py took 0.142 seconds
[2025-06-02T22:03:30.593+0000] {processor.py:157} INFO - Started process (PID=421) to work on /home/airflow/.local/lib/python3.10/site-packages/airflow/example_dags/example_task_group_decorator.py
[2025-06-02T22:03:30.594+0000] {processor.py:829} INFO - Processing file /home/airflow/.local/lib/python3.10/site-packages/airflow/example_dags/example_task_group_decorator.py for tasks to queue
[2025-06-02T22:03:30.597+0000] {logging_mixin.py:154} INFO - [2025-06-02T22:03:30.597+0000] {dagbag.py:536} INFO - Filling up the DagBag from /home/airflow/.local/lib/python3.10/site-packages/airflow/example_dags/example_task_group_decorator.py
[2025-06-02T22:03:30.612+0000] {processor.py:839} INFO - DAG(s) dict_keys(['example_task_group_decorator']) retrieved from /home/airflow/.local/lib/python3.10/site-packages/airflow/example_dags/example_task_group_decorator.py
[2025-06-02T22:03:30.636+0000] {logging_mixin.py:154} INFO - [2025-06-02T22:03:30.636+0000] {dag.py:2941} INFO - Sync 1 DAGs
[2025-06-02T22:03:30.659+0000] {logging_mixin.py:154} INFO - [2025-06-02T22:03:30.658+0000] {dag.py:3722} INFO - Setting next_dagrun for example_task_group_decorator to 2025-06-01T22:03:30.658700+00:00, run_after=2025-06-02T22:03:30.658700+00:00
[2025-06-02T22:03:30.680+0000] {processor.py:179} INFO - Processing /home/airflow/.local/lib/python3.10/site-packages/airflow/example_dags/example_task_group_decorator.py took 0.092 seconds
[2025-06-02T22:04:00.841+0000] {processor.py:157} INFO - Started process (PID=475) to work on /home/airflow/.local/lib/python3.10/site-packages/airflow/example_dags/example_task_group_decorator.py
[2025-06-02T22:04:00.842+0000] {processor.py:829} INFO - Processing file /home/airflow/.local/lib/python3.10/site-packages/airflow/example_dags/example_task_group_decorator.py for tasks to queue
[2025-06-02T22:04:00.844+0000] {logging_mixin.py:154} INFO - [2025-06-02T22:04:00.844+0000] {dagbag.py:536} INFO - Filling up the DagBag from /home/airflow/.local/lib/python3.10/site-packages/airflow/example_dags/example_task_group_decorator.py
[2025-06-02T22:04:00.859+0000] {processor.py:839} INFO - DAG(s) dict_keys(['example_task_group_decorator']) retrieved from /home/airflow/.local/lib/python3.10/site-packages/airflow/example_dags/example_task_group_decorator.py
[2025-06-02T22:04:00.884+0000] {logging_mixin.py:154} INFO - [2025-06-02T22:04:00.884+0000] {dag.py:2941} INFO - Sync 1 DAGs
[2025-06-02T22:04:00.906+0000] {logging_mixin.py:154} INFO - [2025-06-02T22:04:00.906+0000] {dag.py:3722} INFO - Setting next_dagrun for example_task_group_decorator to 2025-06-01T22:04:00.906197+00:00, run_after=2025-06-02T22:04:00.906197+00:00
[2025-06-02T22:04:00.923+0000] {processor.py:179} INFO - Processing /home/airflow/.local/lib/python3.10/site-packages/airflow/example_dags/example_task_group_decorator.py took 0.086 seconds
[2025-06-02T22:04:31.009+0000] {processor.py:157} INFO - Started process (PID=529) to work on /home/airflow/.local/lib/python3.10/site-packages/airflow/example_dags/example_task_group_decorator.py
[2025-06-02T22:04:31.010+0000] {processor.py:829} INFO - Processing file /home/airflow/.local/lib/python3.10/site-packages/airflow/example_dags/example_task_group_decorator.py for tasks to queue
[2025-06-02T22:04:31.013+0000] {logging_mixin.py:154} INFO - [2025-06-02T22:04:31.012+0000] {dagbag.py:536} INFO - Filling up the DagBag from /home/airflow/.local/lib/python3.10/site-packages/airflow/example_dags/example_task_group_decorator.py
[2025-06-02T22:04:31.028+0000] {processor.py:839} INFO - DAG(s) dict_keys(['example_task_group_decorator']) retrieved from /home/airflow/.local/lib/python3.10/site-packages/airflow/example_dags/example_task_group_decorator.py
[2025-06-02T22:04:31.053+0000] {logging_mixin.py:154} INFO - [2025-06-02T22:04:31.053+0000] {dag.py:2941} INFO - Sync 1 DAGs
[2025-06-02T22:04:31.075+0000] {logging_mixin.py:154} INFO - [2025-06-02T22:04:31.075+0000] {dag.py:3722} INFO - Setting next_dagrun for example_task_group_decorator to 2025-06-01T22:04:31.075277+00:00, run_after=2025-06-02T22:04:31.075277+00:00
[2025-06-02T22:04:31.097+0000] {processor.py:179} INFO - Processing /home/airflow/.local/lib/python3.10/site-packages/airflow/example_dags/example_task_group_decorator.py took 0.093 seconds
[2025-06-02T22:05:01.387+0000] {processor.py:157} INFO - Started process (PID=583) to work on /home/airflow/.local/lib/python3.10/site-packages/airflow/example_dags/example_task_group_decorator.py
[2025-06-02T22:05:01.388+0000] {processor.py:829} INFO - Processing file /home/airflow/.local/lib/python3.10/site-packages/airflow/example_dags/example_task_group_decorator.py for tasks to queue
[2025-06-02T22:05:01.391+0000] {logging_mixin.py:154} INFO - [2025-06-02T22:05:01.391+0000] {dagbag.py:536} INFO - Filling up the DagBag from /home/airflow/.local/lib/python3.10/site-packages/airflow/example_dags/example_task_group_decorator.py
[2025-06-02T22:05:01.406+0000] {processor.py:839} INFO - DAG(s) dict_keys(['example_task_group_decorator']) retrieved from /home/airflow/.local/lib/python3.10/site-packages/airflow/example_dags/example_task_group_decorator.py
[2025-06-02T22:05:01.430+0000] {logging_mixin.py:154} INFO - [2025-06-02T22:05:01.430+0000] {dag.py:2941} INFO - Sync 1 DAGs
[2025-06-02T22:05:01.452+0000] {logging_mixin.py:154} INFO - [2025-06-02T22:05:01.452+0000] {dag.py:3722} INFO - Setting next_dagrun for example_task_group_decorator to 2025-06-01T22:05:01.452358+00:00, run_after=2025-06-02T22:05:01.452358+00:00
[2025-06-02T22:05:01.485+0000] {processor.py:179} INFO - Processing /home/airflow/.local/lib/python3.10/site-packages/airflow/example_dags/example_task_group_decorator.py took 0.102 seconds
[2025-06-02T22:05:31.518+0000] {processor.py:157} INFO - Started process (PID=638) to work on /home/airflow/.local/lib/python3.10/site-packages/airflow/example_dags/example_task_group_decorator.py
[2025-06-02T22:05:31.519+0000] {processor.py:829} INFO - Processing file /home/airflow/.local/lib/python3.10/site-packages/airflow/example_dags/example_task_group_decorator.py for tasks to queue
[2025-06-02T22:05:31.522+0000] {logging_mixin.py:154} INFO - [2025-06-02T22:05:31.521+0000] {dagbag.py:536} INFO - Filling up the DagBag from /home/airflow/.local/lib/python3.10/site-packages/airflow/example_dags/example_task_group_decorator.py
[2025-06-02T22:05:31.536+0000] {processor.py:839} INFO - DAG(s) dict_keys(['example_task_group_decorator']) retrieved from /home/airflow/.local/lib/python3.10/site-packages/airflow/example_dags/example_task_group_decorator.py
[2025-06-02T22:05:31.561+0000] {logging_mixin.py:154} INFO - [2025-06-02T22:05:31.561+0000] {dag.py:2941} INFO - Sync 1 DAGs
[2025-06-02T22:05:31.583+0000] {logging_mixin.py:154} INFO - [2025-06-02T22:05:31.583+0000] {dag.py:3722} INFO - Setting next_dagrun for example_task_group_decorator to 2025-06-01T22:05:31.583407+00:00, run_after=2025-06-02T22:05:31.583407+00:00
[2025-06-02T22:05:31.604+0000] {processor.py:179} INFO - Processing /home/airflow/.local/lib/python3.10/site-packages/airflow/example_dags/example_task_group_decorator.py took 0.090 seconds
[2025-06-02T22:06:01.914+0000] {processor.py:157} INFO - Started process (PID=692) to work on /home/airflow/.local/lib/python3.10/site-packages/airflow/example_dags/example_task_group_decorator.py
[2025-06-02T22:06:01.915+0000] {processor.py:829} INFO - Processing file /home/airflow/.local/lib/python3.10/site-packages/airflow/example_dags/example_task_group_decorator.py for tasks to queue
[2025-06-02T22:06:01.918+0000] {logging_mixin.py:154} INFO - [2025-06-02T22:06:01.918+0000] {dagbag.py:536} INFO - Filling up the DagBag from /home/airflow/.local/lib/python3.10/site-packages/airflow/example_dags/example_task_group_decorator.py
[2025-06-02T22:06:01.933+0000] {processor.py:839} INFO - DAG(s) dict_keys(['example_task_group_decorator']) retrieved from /home/airflow/.local/lib/python3.10/site-packages/airflow/example_dags/example_task_group_decorator.py
[2025-06-02T22:06:01.963+0000] {logging_mixin.py:154} INFO - [2025-06-02T22:06:01.963+0000] {dag.py:2941} INFO - Sync 1 DAGs
[2025-06-02T22:06:02.008+0000] {logging_mixin.py:154} INFO - [2025-06-02T22:06:02.007+0000] {dag.py:3722} INFO - Setting next_dagrun for example_task_group_decorator to 2025-06-01T22:06:02.007621+00:00, run_after=2025-06-02T22:06:02.007621+00:00
[2025-06-02T22:06:02.032+0000] {processor.py:179} INFO - Processing /home/airflow/.local/lib/python3.10/site-packages/airflow/example_dags/example_task_group_decorator.py took 0.121 seconds
[2025-06-02T22:06:32.864+0000] {processor.py:157} INFO - Started process (PID=745) to work on /home/airflow/.local/lib/python3.10/site-packages/airflow/example_dags/example_task_group_decorator.py
[2025-06-02T22:06:32.865+0000] {processor.py:829} INFO - Processing file /home/airflow/.local/lib/python3.10/site-packages/airflow/example_dags/example_task_group_decorator.py for tasks to queue
[2025-06-02T22:06:32.870+0000] {logging_mixin.py:154} INFO - [2025-06-02T22:06:32.870+0000] {dagbag.py:536} INFO - Filling up the DagBag from /home/airflow/.local/lib/python3.10/site-packages/airflow/example_dags/example_task_group_decorator.py
[2025-06-02T22:06:32.890+0000] {processor.py:839} INFO - DAG(s) dict_keys(['example_task_group_decorator']) retrieved from /home/airflow/.local/lib/python3.10/site-packages/airflow/example_dags/example_task_group_decorator.py
[2025-06-02T22:06:32.924+0000] {logging_mixin.py:154} INFO - [2025-06-02T22:06:32.924+0000] {dag.py:2941} INFO - Sync 1 DAGs
[2025-06-02T22:06:32.954+0000] {logging_mixin.py:154} INFO - [2025-06-02T22:06:32.954+0000] {dag.py:3722} INFO - Setting next_dagrun for example_task_group_decorator to 2025-06-01T22:06:32.953982+00:00, run_after=2025-06-02T22:06:32.953982+00:00
[2025-06-02T22:06:33.165+0000] {processor.py:179} INFO - Processing /home/airflow/.local/lib/python3.10/site-packages/airflow/example_dags/example_task_group_decorator.py took 0.305 seconds
[2025-06-02T22:07:03.825+0000] {processor.py:157} INFO - Started process (PID=800) to work on /home/airflow/.local/lib/python3.10/site-packages/airflow/example_dags/example_task_group_decorator.py
[2025-06-02T22:07:03.826+0000] {processor.py:829} INFO - Processing file /home/airflow/.local/lib/python3.10/site-packages/airflow/example_dags/example_task_group_decorator.py for tasks to queue
[2025-06-02T22:07:03.830+0000] {logging_mixin.py:154} INFO - [2025-06-02T22:07:03.829+0000] {dagbag.py:536} INFO - Filling up the DagBag from /home/airflow/.local/lib/python3.10/site-packages/airflow/example_dags/example_task_group_decorator.py
[2025-06-02T22:07:03.856+0000] {processor.py:839} INFO - DAG(s) dict_keys(['example_task_group_decorator']) retrieved from /home/airflow/.local/lib/python3.10/site-packages/airflow/example_dags/example_task_group_decorator.py
[2025-06-02T22:07:03.892+0000] {logging_mixin.py:154} INFO - [2025-06-02T22:07:03.891+0000] {dag.py:2941} INFO - Sync 1 DAGs
[2025-06-02T22:07:03.922+0000] {logging_mixin.py:154} INFO - [2025-06-02T22:07:03.922+0000] {dag.py:3722} INFO - Setting next_dagrun for example_task_group_decorator to 2025-06-01T22:07:03.922114+00:00, run_after=2025-06-02T22:07:03.922114+00:00
[2025-06-02T22:07:03.945+0000] {processor.py:179} INFO - Processing /home/airflow/.local/lib/python3.10/site-packages/airflow/example_dags/example_task_group_decorator.py took 0.127 seconds
[2025-06-02T22:07:34.099+0000] {processor.py:157} INFO - Started process (PID=853) to work on /home/airflow/.local/lib/python3.10/site-packages/airflow/example_dags/example_task_group_decorator.py
[2025-06-02T22:07:34.101+0000] {processor.py:829} INFO - Processing file /home/airflow/.local/lib/python3.10/site-packages/airflow/example_dags/example_task_group_decorator.py for tasks to queue
[2025-06-02T22:07:34.104+0000] {logging_mixin.py:154} INFO - [2025-06-02T22:07:34.104+0000] {dagbag.py:536} INFO - Filling up the DagBag from /home/airflow/.local/lib/python3.10/site-packages/airflow/example_dags/example_task_group_decorator.py
[2025-06-02T22:07:34.126+0000] {processor.py:839} INFO - DAG(s) dict_keys(['example_task_group_decorator']) retrieved from /home/airflow/.local/lib/python3.10/site-packages/airflow/example_dags/example_task_group_decorator.py
[2025-06-02T22:07:34.164+0000] {logging_mixin.py:154} INFO - [2025-06-02T22:07:34.163+0000] {dag.py:2941} INFO - Sync 1 DAGs
[2025-06-02T22:07:34.196+0000] {logging_mixin.py:154} INFO - [2025-06-02T22:07:34.196+0000] {dag.py:3722} INFO - Setting next_dagrun for example_task_group_decorator to 2025-06-01T22:07:34.195793+00:00, run_after=2025-06-02T22:07:34.195793+00:00
[2025-06-02T22:07:34.223+0000] {processor.py:179} INFO - Processing /home/airflow/.local/lib/python3.10/site-packages/airflow/example_dags/example_task_group_decorator.py took 0.128 seconds
[2025-06-02T22:08:05.142+0000] {processor.py:157} INFO - Started process (PID=908) to work on /home/airflow/.local/lib/python3.10/site-packages/airflow/example_dags/example_task_group_decorator.py
[2025-06-02T22:08:05.143+0000] {processor.py:829} INFO - Processing file /home/airflow/.local/lib/python3.10/site-packages/airflow/example_dags/example_task_group_decorator.py for tasks to queue
[2025-06-02T22:08:05.154+0000] {logging_mixin.py:154} INFO - [2025-06-02T22:08:05.154+0000] {dagbag.py:536} INFO - Filling up the DagBag from /home/airflow/.local/lib/python3.10/site-packages/airflow/example_dags/example_task_group_decorator.py
[2025-06-02T22:08:05.215+0000] {processor.py:839} INFO - DAG(s) dict_keys(['example_task_group_decorator']) retrieved from /home/airflow/.local/lib/python3.10/site-packages/airflow/example_dags/example_task_group_decorator.py
[2025-06-02T22:08:05.354+0000] {logging_mixin.py:154} INFO - [2025-06-02T22:08:05.354+0000] {dag.py:2941} INFO - Sync 1 DAGs
[2025-06-02T22:08:05.882+0000] {logging_mixin.py:154} INFO - [2025-06-02T22:08:05.881+0000] {dag.py:3722} INFO - Setting next_dagrun for example_task_group_decorator to 2025-06-01T22:08:05.881451+00:00, run_after=2025-06-02T22:08:05.881451+00:00
[2025-06-02T22:08:05.936+0000] {processor.py:179} INFO - Processing /home/airflow/.local/lib/python3.10/site-packages/airflow/example_dags/example_task_group_decorator.py took 0.809 seconds
[2025-06-02T22:08:36.800+0000] {processor.py:157} INFO - Started process (PID=962) to work on /home/airflow/.local/lib/python3.10/site-packages/airflow/example_dags/example_task_group_decorator.py
[2025-06-02T22:08:36.814+0000] {processor.py:829} INFO - Processing file /home/airflow/.local/lib/python3.10/site-packages/airflow/example_dags/example_task_group_decorator.py for tasks to queue
[2025-06-02T22:08:36.817+0000] {logging_mixin.py:154} INFO - [2025-06-02T22:08:36.817+0000] {dagbag.py:536} INFO - Filling up the DagBag from /home/airflow/.local/lib/python3.10/site-packages/airflow/example_dags/example_task_group_decorator.py
[2025-06-02T22:08:36.867+0000] {processor.py:839} INFO - DAG(s) dict_keys(['example_task_group_decorator']) retrieved from /home/airflow/.local/lib/python3.10/site-packages/airflow/example_dags/example_task_group_decorator.py
[2025-06-02T22:08:36.943+0000] {logging_mixin.py:154} INFO - [2025-06-02T22:08:36.943+0000] {dag.py:2941} INFO - Sync 1 DAGs
[2025-06-02T22:08:37.003+0000] {logging_mixin.py:154} INFO - [2025-06-02T22:08:37.002+0000] {dag.py:3722} INFO - Setting next_dagrun for example_task_group_decorator to 2025-06-01T22:08:37.002525+00:00, run_after=2025-06-02T22:08:37.002525+00:00
[2025-06-02T22:08:37.045+0000] {processor.py:179} INFO - Processing /home/airflow/.local/lib/python3.10/site-packages/airflow/example_dags/example_task_group_decorator.py took 0.250 seconds
[2025-06-02T22:09:07.207+0000] {processor.py:157} INFO - Started process (PID=1015) to work on /home/airflow/.local/lib/python3.10/site-packages/airflow/example_dags/example_task_group_decorator.py
[2025-06-02T22:09:07.209+0000] {processor.py:829} INFO - Processing file /home/airflow/.local/lib/python3.10/site-packages/airflow/example_dags/example_task_group_decorator.py for tasks to queue
[2025-06-02T22:09:07.211+0000] {logging_mixin.py:154} INFO - [2025-06-02T22:09:07.211+0000] {dagbag.py:536} INFO - Filling up the DagBag from /home/airflow/.local/lib/python3.10/site-packages/airflow/example_dags/example_task_group_decorator.py
[2025-06-02T22:09:07.227+0000] {processor.py:839} INFO - DAG(s) dict_keys(['example_task_group_decorator']) retrieved from /home/airflow/.local/lib/python3.10/site-packages/airflow/example_dags/example_task_group_decorator.py
[2025-06-02T22:09:07.253+0000] {logging_mixin.py:154} INFO - [2025-06-02T22:09:07.253+0000] {dag.py:2941} INFO - Sync 1 DAGs
[2025-06-02T22:09:07.275+0000] {logging_mixin.py:154} INFO - [2025-06-02T22:09:07.275+0000] {dag.py:3722} INFO - Setting next_dagrun for example_task_group_decorator to 2025-06-01T22:09:07.275029+00:00, run_after=2025-06-02T22:09:07.275029+00:00
[2025-06-02T22:09:07.301+0000] {processor.py:179} INFO - Processing /home/airflow/.local/lib/python3.10/site-packages/airflow/example_dags/example_task_group_decorator.py took 0.098 seconds
[2025-06-02T22:09:37.346+0000] {processor.py:157} INFO - Started process (PID=1069) to work on /home/airflow/.local/lib/python3.10/site-packages/airflow/example_dags/example_task_group_decorator.py
[2025-06-02T22:09:37.347+0000] {processor.py:829} INFO - Processing file /home/airflow/.local/lib/python3.10/site-packages/airflow/example_dags/example_task_group_decorator.py for tasks to queue
[2025-06-02T22:09:37.349+0000] {logging_mixin.py:154} INFO - [2025-06-02T22:09:37.349+0000] {dagbag.py:536} INFO - Filling up the DagBag from /home/airflow/.local/lib/python3.10/site-packages/airflow/example_dags/example_task_group_decorator.py
[2025-06-02T22:09:37.364+0000] {processor.py:839} INFO - DAG(s) dict_keys(['example_task_group_decorator']) retrieved from /home/airflow/.local/lib/python3.10/site-packages/airflow/example_dags/example_task_group_decorator.py
[2025-06-02T22:09:37.389+0000] {logging_mixin.py:154} INFO - [2025-06-02T22:09:37.389+0000] {dag.py:2941} INFO - Sync 1 DAGs
[2025-06-02T22:09:37.559+0000] {logging_mixin.py:154} INFO - [2025-06-02T22:09:37.559+0000] {dag.py:3722} INFO - Setting next_dagrun for example_task_group_decorator to 2025-06-01T22:09:37.559449+00:00, run_after=2025-06-02T22:09:37.559449+00:00
[2025-06-02T22:09:37.580+0000] {processor.py:179} INFO - Processing /home/airflow/.local/lib/python3.10/site-packages/airflow/example_dags/example_task_group_decorator.py took 0.238 seconds
[2025-06-02T22:10:07.605+0000] {processor.py:157} INFO - Started process (PID=1122) to work on /home/airflow/.local/lib/python3.10/site-packages/airflow/example_dags/example_task_group_decorator.py
[2025-06-02T22:10:07.607+0000] {processor.py:829} INFO - Processing file /home/airflow/.local/lib/python3.10/site-packages/airflow/example_dags/example_task_group_decorator.py for tasks to queue
[2025-06-02T22:10:07.609+0000] {logging_mixin.py:154} INFO - [2025-06-02T22:10:07.609+0000] {dagbag.py:536} INFO - Filling up the DagBag from /home/airflow/.local/lib/python3.10/site-packages/airflow/example_dags/example_task_group_decorator.py
[2025-06-02T22:10:07.624+0000] {processor.py:839} INFO - DAG(s) dict_keys(['example_task_group_decorator']) retrieved from /home/airflow/.local/lib/python3.10/site-packages/airflow/example_dags/example_task_group_decorator.py
[2025-06-02T22:10:07.650+0000] {logging_mixin.py:154} INFO - [2025-06-02T22:10:07.650+0000] {dag.py:2941} INFO - Sync 1 DAGs
[2025-06-02T22:10:07.673+0000] {logging_mixin.py:154} INFO - [2025-06-02T22:10:07.673+0000] {dag.py:3722} INFO - Setting next_dagrun for example_task_group_decorator to 2025-06-01T22:10:07.672943+00:00, run_after=2025-06-02T22:10:07.672943+00:00
[2025-06-02T22:10:07.858+0000] {processor.py:179} INFO - Processing /home/airflow/.local/lib/python3.10/site-packages/airflow/example_dags/example_task_group_decorator.py took 0.256 seconds
[2025-06-02T22:10:38.698+0000] {processor.py:157} INFO - Started process (PID=1176) to work on /home/airflow/.local/lib/python3.10/site-packages/airflow/example_dags/example_task_group_decorator.py
[2025-06-02T22:10:38.699+0000] {processor.py:829} INFO - Processing file /home/airflow/.local/lib/python3.10/site-packages/airflow/example_dags/example_task_group_decorator.py for tasks to queue
[2025-06-02T22:10:38.702+0000] {logging_mixin.py:154} INFO - [2025-06-02T22:10:38.701+0000] {dagbag.py:536} INFO - Filling up the DagBag from /home/airflow/.local/lib/python3.10/site-packages/airflow/example_dags/example_task_group_decorator.py
[2025-06-02T22:10:38.716+0000] {processor.py:839} INFO - DAG(s) dict_keys(['example_task_group_decorator']) retrieved from /home/airflow/.local/lib/python3.10/site-packages/airflow/example_dags/example_task_group_decorator.py
[2025-06-02T22:10:38.742+0000] {logging_mixin.py:154} INFO - [2025-06-02T22:10:38.742+0000] {dag.py:2941} INFO - Sync 1 DAGs
[2025-06-02T22:10:38.764+0000] {logging_mixin.py:154} INFO - [2025-06-02T22:10:38.764+0000] {dag.py:3722} INFO - Setting next_dagrun for example_task_group_decorator to 2025-06-01T22:10:38.764186+00:00, run_after=2025-06-02T22:10:38.764186+00:00
[2025-06-02T22:10:38.792+0000] {processor.py:179} INFO - Processing /home/airflow/.local/lib/python3.10/site-packages/airflow/example_dags/example_task_group_decorator.py took 0.097 seconds
[2025-06-02T23:03:24.984+0000] {processor.py:157} INFO - Started process (PID=44) to work on /home/airflow/.local/lib/python3.10/site-packages/airflow/example_dags/example_task_group_decorator.py
[2025-06-02T23:03:24.998+0000] {processor.py:829} INFO - Processing file /home/airflow/.local/lib/python3.10/site-packages/airflow/example_dags/example_task_group_decorator.py for tasks to queue
[2025-06-02T23:03:25.001+0000] {logging_mixin.py:154} INFO - [2025-06-02T23:03:25.000+0000] {dagbag.py:536} INFO - Filling up the DagBag from /home/airflow/.local/lib/python3.10/site-packages/airflow/example_dags/example_task_group_decorator.py
[2025-06-02T23:03:25.125+0000] {processor.py:839} INFO - DAG(s) dict_keys(['example_task_group_decorator']) retrieved from /home/airflow/.local/lib/python3.10/site-packages/airflow/example_dags/example_task_group_decorator.py
[2025-06-02T23:03:25.330+0000] {logging_mixin.py:154} INFO - [2025-06-02T23:03:25.330+0000] {dag.py:2941} INFO - Sync 1 DAGs
[2025-06-02T23:03:25.427+0000] {logging_mixin.py:154} INFO - [2025-06-02T23:03:25.426+0000] {dag.py:3722} INFO - Setting next_dagrun for example_task_group_decorator to 2025-06-01T23:03:25.426457+00:00, run_after=2025-06-02T23:03:25.426457+00:00
[2025-06-02T23:03:25.526+0000] {processor.py:179} INFO - Processing /home/airflow/.local/lib/python3.10/site-packages/airflow/example_dags/example_task_group_decorator.py took 0.559 seconds
[2025-06-02T23:03:57.566+0000] {processor.py:157} INFO - Started process (PID=36) to work on /home/airflow/.local/lib/python3.10/site-packages/airflow/example_dags/example_task_group_decorator.py
[2025-06-02T23:03:57.569+0000] {processor.py:829} INFO - Processing file /home/airflow/.local/lib/python3.10/site-packages/airflow/example_dags/example_task_group_decorator.py for tasks to queue
[2025-06-02T23:03:57.573+0000] {logging_mixin.py:154} INFO - [2025-06-02T23:03:57.573+0000] {dagbag.py:536} INFO - Filling up the DagBag from /home/airflow/.local/lib/python3.10/site-packages/airflow/example_dags/example_task_group_decorator.py
[2025-06-02T23:03:57.596+0000] {processor.py:839} INFO - DAG(s) dict_keys(['example_task_group_decorator']) retrieved from /home/airflow/.local/lib/python3.10/site-packages/airflow/example_dags/example_task_group_decorator.py
[2025-06-02T23:03:57.646+0000] {logging_mixin.py:154} INFO - [2025-06-02T23:03:57.646+0000] {dag.py:2941} INFO - Sync 1 DAGs
[2025-06-02T23:03:57.676+0000] {logging_mixin.py:154} INFO - [2025-06-02T23:03:57.676+0000] {dag.py:3722} INFO - Setting next_dagrun for example_task_group_decorator to 2025-06-01T23:03:57.675978+00:00, run_after=2025-06-02T23:03:57.675978+00:00
[2025-06-02T23:03:57.703+0000] {processor.py:179} INFO - Processing /home/airflow/.local/lib/python3.10/site-packages/airflow/example_dags/example_task_group_decorator.py took 0.142 seconds
[2025-06-02T23:04:28.332+0000] {processor.py:157} INFO - Started process (PID=92) to work on /home/airflow/.local/lib/python3.10/site-packages/airflow/example_dags/example_task_group_decorator.py
[2025-06-02T23:04:28.335+0000] {processor.py:829} INFO - Processing file /home/airflow/.local/lib/python3.10/site-packages/airflow/example_dags/example_task_group_decorator.py for tasks to queue
[2025-06-02T23:04:28.338+0000] {logging_mixin.py:154} INFO - [2025-06-02T23:04:28.337+0000] {dagbag.py:536} INFO - Filling up the DagBag from /home/airflow/.local/lib/python3.10/site-packages/airflow/example_dags/example_task_group_decorator.py
[2025-06-02T23:04:28.359+0000] {processor.py:839} INFO - DAG(s) dict_keys(['example_task_group_decorator']) retrieved from /home/airflow/.local/lib/python3.10/site-packages/airflow/example_dags/example_task_group_decorator.py
[2025-06-02T23:04:28.392+0000] {logging_mixin.py:154} INFO - [2025-06-02T23:04:28.392+0000] {dag.py:2941} INFO - Sync 1 DAGs
[2025-06-02T23:04:28.420+0000] {logging_mixin.py:154} INFO - [2025-06-02T23:04:28.420+0000] {dag.py:3722} INFO - Setting next_dagrun for example_task_group_decorator to 2025-06-01T23:04:28.420412+00:00, run_after=2025-06-02T23:04:28.420412+00:00
[2025-06-02T23:04:28.444+0000] {processor.py:179} INFO - Processing /home/airflow/.local/lib/python3.10/site-packages/airflow/example_dags/example_task_group_decorator.py took 0.117 seconds
[2025-06-02T23:04:58.879+0000] {processor.py:157} INFO - Started process (PID=148) to work on /home/airflow/.local/lib/python3.10/site-packages/airflow/example_dags/example_task_group_decorator.py
[2025-06-02T23:04:58.880+0000] {processor.py:829} INFO - Processing file /home/airflow/.local/lib/python3.10/site-packages/airflow/example_dags/example_task_group_decorator.py for tasks to queue
[2025-06-02T23:04:58.884+0000] {logging_mixin.py:154} INFO - [2025-06-02T23:04:58.884+0000] {dagbag.py:536} INFO - Filling up the DagBag from /home/airflow/.local/lib/python3.10/site-packages/airflow/example_dags/example_task_group_decorator.py
[2025-06-02T23:04:58.905+0000] {processor.py:839} INFO - DAG(s) dict_keys(['example_task_group_decorator']) retrieved from /home/airflow/.local/lib/python3.10/site-packages/airflow/example_dags/example_task_group_decorator.py
[2025-06-02T23:04:58.939+0000] {logging_mixin.py:154} INFO - [2025-06-02T23:04:58.938+0000] {dag.py:2941} INFO - Sync 1 DAGs
[2025-06-02T23:04:58.967+0000] {logging_mixin.py:154} INFO - [2025-06-02T23:04:58.966+0000] {dag.py:3722} INFO - Setting next_dagrun for example_task_group_decorator to 2025-06-01T23:04:58.966572+00:00, run_after=2025-06-02T23:04:58.966572+00:00
[2025-06-02T23:04:58.995+0000] {processor.py:179} INFO - Processing /home/airflow/.local/lib/python3.10/site-packages/airflow/example_dags/example_task_group_decorator.py took 0.120 seconds
[2025-06-02T23:05:30.993+0000] {processor.py:157} INFO - Started process (PID=204) to work on /home/airflow/.local/lib/python3.10/site-packages/airflow/example_dags/example_task_group_decorator.py
[2025-06-02T23:05:31.001+0000] {processor.py:829} INFO - Processing file /home/airflow/.local/lib/python3.10/site-packages/airflow/example_dags/example_task_group_decorator.py for tasks to queue
[2025-06-02T23:05:31.005+0000] {logging_mixin.py:154} INFO - [2025-06-02T23:05:31.004+0000] {dagbag.py:536} INFO - Filling up the DagBag from /home/airflow/.local/lib/python3.10/site-packages/airflow/example_dags/example_task_group_decorator.py
[2025-06-02T23:05:31.026+0000] {processor.py:839} INFO - DAG(s) dict_keys(['example_task_group_decorator']) retrieved from /home/airflow/.local/lib/python3.10/site-packages/airflow/example_dags/example_task_group_decorator.py
[2025-06-02T23:05:31.061+0000] {logging_mixin.py:154} INFO - [2025-06-02T23:05:31.061+0000] {dag.py:2941} INFO - Sync 1 DAGs
[2025-06-02T23:05:31.090+0000] {logging_mixin.py:154} INFO - [2025-06-02T23:05:31.090+0000] {dag.py:3722} INFO - Setting next_dagrun for example_task_group_decorator to 2025-06-01T23:05:31.090138+00:00, run_after=2025-06-02T23:05:31.090138+00:00
[2025-06-02T23:05:31.131+0000] {processor.py:179} INFO - Processing /home/airflow/.local/lib/python3.10/site-packages/airflow/example_dags/example_task_group_decorator.py took 0.150 seconds
[2025-06-02T23:06:03.021+0000] {processor.py:157} INFO - Started process (PID=260) to work on /home/airflow/.local/lib/python3.10/site-packages/airflow/example_dags/example_task_group_decorator.py
[2025-06-02T23:06:03.033+0000] {processor.py:829} INFO - Processing file /home/airflow/.local/lib/python3.10/site-packages/airflow/example_dags/example_task_group_decorator.py for tasks to queue
[2025-06-02T23:06:03.037+0000] {logging_mixin.py:154} INFO - [2025-06-02T23:06:03.036+0000] {dagbag.py:536} INFO - Filling up the DagBag from /home/airflow/.local/lib/python3.10/site-packages/airflow/example_dags/example_task_group_decorator.py
[2025-06-02T23:06:03.102+0000] {processor.py:839} INFO - DAG(s) dict_keys(['example_task_group_decorator']) retrieved from /home/airflow/.local/lib/python3.10/site-packages/airflow/example_dags/example_task_group_decorator.py
[2025-06-02T23:06:03.216+0000] {logging_mixin.py:154} INFO - [2025-06-02T23:06:03.215+0000] {dag.py:2941} INFO - Sync 1 DAGs
[2025-06-02T23:06:03.327+0000] {logging_mixin.py:154} INFO - [2025-06-02T23:06:03.326+0000] {dag.py:3722} INFO - Setting next_dagrun for example_task_group_decorator to 2025-06-01T23:06:03.326631+00:00, run_after=2025-06-02T23:06:03.326631+00:00
[2025-06-02T23:06:03.454+0000] {processor.py:179} INFO - Processing /home/airflow/.local/lib/python3.10/site-packages/airflow/example_dags/example_task_group_decorator.py took 0.450 seconds
[2025-06-02T23:06:33.759+0000] {processor.py:157} INFO - Started process (PID=314) to work on /home/airflow/.local/lib/python3.10/site-packages/airflow/example_dags/example_task_group_decorator.py
[2025-06-02T23:06:33.760+0000] {processor.py:829} INFO - Processing file /home/airflow/.local/lib/python3.10/site-packages/airflow/example_dags/example_task_group_decorator.py for tasks to queue
[2025-06-02T23:06:33.763+0000] {logging_mixin.py:154} INFO - [2025-06-02T23:06:33.763+0000] {dagbag.py:536} INFO - Filling up the DagBag from /home/airflow/.local/lib/python3.10/site-packages/airflow/example_dags/example_task_group_decorator.py
[2025-06-02T23:06:33.784+0000] {processor.py:839} INFO - DAG(s) dict_keys(['example_task_group_decorator']) retrieved from /home/airflow/.local/lib/python3.10/site-packages/airflow/example_dags/example_task_group_decorator.py
[2025-06-02T23:06:33.842+0000] {logging_mixin.py:154} INFO - [2025-06-02T23:06:33.842+0000] {dag.py:2941} INFO - Sync 1 DAGs
[2025-06-02T23:06:33.868+0000] {logging_mixin.py:154} INFO - [2025-06-02T23:06:33.868+0000] {dag.py:3722} INFO - Setting next_dagrun for example_task_group_decorator to 2025-06-01T23:06:33.868238+00:00, run_after=2025-06-02T23:06:33.868238+00:00
[2025-06-02T23:06:33.906+0000] {processor.py:179} INFO - Processing /home/airflow/.local/lib/python3.10/site-packages/airflow/example_dags/example_task_group_decorator.py took 0.155 seconds
[2025-06-02T23:07:04.078+0000] {processor.py:157} INFO - Started process (PID=370) to work on /home/airflow/.local/lib/python3.10/site-packages/airflow/example_dags/example_task_group_decorator.py
[2025-06-02T23:07:04.080+0000] {processor.py:829} INFO - Processing file /home/airflow/.local/lib/python3.10/site-packages/airflow/example_dags/example_task_group_decorator.py for tasks to queue
[2025-06-02T23:07:04.083+0000] {logging_mixin.py:154} INFO - [2025-06-02T23:07:04.082+0000] {dagbag.py:536} INFO - Filling up the DagBag from /home/airflow/.local/lib/python3.10/site-packages/airflow/example_dags/example_task_group_decorator.py
[2025-06-02T23:07:04.106+0000] {processor.py:839} INFO - DAG(s) dict_keys(['example_task_group_decorator']) retrieved from /home/airflow/.local/lib/python3.10/site-packages/airflow/example_dags/example_task_group_decorator.py
[2025-06-02T23:07:04.143+0000] {logging_mixin.py:154} INFO - [2025-06-02T23:07:04.142+0000] {dag.py:2941} INFO - Sync 1 DAGs
[2025-06-02T23:07:04.171+0000] {logging_mixin.py:154} INFO - [2025-06-02T23:07:04.171+0000] {dag.py:3722} INFO - Setting next_dagrun for example_task_group_decorator to 2025-06-01T23:07:04.170856+00:00, run_after=2025-06-02T23:07:04.170856+00:00
[2025-06-02T23:07:04.192+0000] {processor.py:179} INFO - Processing /home/airflow/.local/lib/python3.10/site-packages/airflow/example_dags/example_task_group_decorator.py took 0.119 seconds
[2025-06-02T23:07:35.285+0000] {processor.py:157} INFO - Started process (PID=426) to work on /home/airflow/.local/lib/python3.10/site-packages/airflow/example_dags/example_task_group_decorator.py
[2025-06-02T23:07:35.290+0000] {processor.py:829} INFO - Processing file /home/airflow/.local/lib/python3.10/site-packages/airflow/example_dags/example_task_group_decorator.py for tasks to queue
[2025-06-02T23:07:35.294+0000] {logging_mixin.py:154} INFO - [2025-06-02T23:07:35.294+0000] {dagbag.py:536} INFO - Filling up the DagBag from /home/airflow/.local/lib/python3.10/site-packages/airflow/example_dags/example_task_group_decorator.py
[2025-06-02T23:07:35.341+0000] {processor.py:839} INFO - DAG(s) dict_keys(['example_task_group_decorator']) retrieved from /home/airflow/.local/lib/python3.10/site-packages/airflow/example_dags/example_task_group_decorator.py
[2025-06-02T23:07:35.442+0000] {logging_mixin.py:154} INFO - [2025-06-02T23:07:35.441+0000] {dag.py:2941} INFO - Sync 1 DAGs
[2025-06-02T23:07:35.539+0000] {logging_mixin.py:154} INFO - [2025-06-02T23:07:35.538+0000] {dag.py:3722} INFO - Setting next_dagrun for example_task_group_decorator to 2025-06-01T23:07:35.538618+00:00, run_after=2025-06-02T23:07:35.538618+00:00
[2025-06-02T23:07:35.642+0000] {processor.py:179} INFO - Processing /home/airflow/.local/lib/python3.10/site-packages/airflow/example_dags/example_task_group_decorator.py took 0.408 seconds
