[2025-06-02T21:59:54.616+0000] {processor.py:157} INFO - Started process (PID=40) to work on /home/airflow/.local/lib/python3.10/site-packages/airflow/example_dags/example_trigger_target_dag.py
[2025-06-02T21:59:54.617+0000] {processor.py:829} INFO - Processing file /home/airflow/.local/lib/python3.10/site-packages/airflow/example_dags/example_trigger_target_dag.py for tasks to queue
[2025-06-02T21:59:54.634+0000] {logging_mixin.py:154} INFO - [2025-06-02T21:59:54.633+0000] {dagbag.py:536} INFO - Filling up the DagBag from /home/airflow/.local/lib/python3.10/site-packages/airflow/example_dags/example_trigger_target_dag.py
[2025-06-02T21:59:54.668+0000] {processor.py:839} INFO - DAG(s) dict_keys(['example_trigger_target_dag']) retrieved from /home/airflow/.local/lib/python3.10/site-packages/airflow/example_dags/example_trigger_target_dag.py
[2025-06-02T21:59:55.230+0000] {logging_mixin.py:154} INFO - [2025-06-02T21:59:55.229+0000] {manager.py:499} INFO - Created Permission View: %s
[2025-06-02T21:59:55.265+0000] {logging_mixin.py:154} INFO - [2025-06-02T21:59:55.264+0000] {manager.py:499} INFO - Created Permission View: %s
[2025-06-02T21:59:55.297+0000] {logging_mixin.py:154} INFO - [2025-06-02T21:59:55.297+0000] {manager.py:499} INFO - Created Permission View: %s
[2025-06-02T21:59:55.297+0000] {logging_mixin.py:154} INFO - [2025-06-02T21:59:55.297+0000] {dag.py:2941} INFO - Sync 1 DAGs
[2025-06-02T21:59:55.345+0000] {logging_mixin.py:154} INFO - [2025-06-02T21:59:55.345+0000] {dag.py:2963} INFO - Creating ORM DAG for example_trigger_target_dag
[2025-06-02T21:59:55.346+0000] {logging_mixin.py:154} INFO - [2025-06-02T21:59:55.346+0000] {dag.py:3722} INFO - Setting next_dagrun for example_trigger_target_dag to None, run_after=None
[2025-06-02T21:59:55.422+0000] {processor.py:179} INFO - Processing /home/airflow/.local/lib/python3.10/site-packages/airflow/example_dags/example_trigger_target_dag.py took 0.823 seconds
[2025-06-02T22:00:26.363+0000] {processor.py:157} INFO - Started process (PID=94) to work on /home/airflow/.local/lib/python3.10/site-packages/airflow/example_dags/example_trigger_target_dag.py
[2025-06-02T22:00:26.366+0000] {processor.py:829} INFO - Processing file /home/airflow/.local/lib/python3.10/site-packages/airflow/example_dags/example_trigger_target_dag.py for tasks to queue
[2025-06-02T22:00:26.369+0000] {logging_mixin.py:154} INFO - [2025-06-02T22:00:26.369+0000] {dagbag.py:536} INFO - Filling up the DagBag from /home/airflow/.local/lib/python3.10/site-packages/airflow/example_dags/example_trigger_target_dag.py
[2025-06-02T22:00:26.376+0000] {processor.py:839} INFO - DAG(s) dict_keys(['example_trigger_target_dag']) retrieved from /home/airflow/.local/lib/python3.10/site-packages/airflow/example_dags/example_trigger_target_dag.py
[2025-06-02T22:00:26.401+0000] {logging_mixin.py:154} INFO - [2025-06-02T22:00:26.401+0000] {dag.py:2941} INFO - Sync 1 DAGs
[2025-06-02T22:00:26.419+0000] {logging_mixin.py:154} INFO - [2025-06-02T22:00:26.419+0000] {dag.py:3722} INFO - Setting next_dagrun for example_trigger_target_dag to None, run_after=None
[2025-06-02T22:00:26.452+0000] {processor.py:179} INFO - Processing /home/airflow/.local/lib/python3.10/site-packages/airflow/example_dags/example_trigger_target_dag.py took 0.095 seconds
[2025-06-02T22:00:56.701+0000] {processor.py:157} INFO - Started process (PID=148) to work on /home/airflow/.local/lib/python3.10/site-packages/airflow/example_dags/example_trigger_target_dag.py
[2025-06-02T22:00:56.702+0000] {processor.py:829} INFO - Processing file /home/airflow/.local/lib/python3.10/site-packages/airflow/example_dags/example_trigger_target_dag.py for tasks to queue
[2025-06-02T22:00:56.706+0000] {logging_mixin.py:154} INFO - [2025-06-02T22:00:56.705+0000] {dagbag.py:536} INFO - Filling up the DagBag from /home/airflow/.local/lib/python3.10/site-packages/airflow/example_dags/example_trigger_target_dag.py
[2025-06-02T22:00:56.713+0000] {processor.py:839} INFO - DAG(s) dict_keys(['example_trigger_target_dag']) retrieved from /home/airflow/.local/lib/python3.10/site-packages/airflow/example_dags/example_trigger_target_dag.py
[2025-06-02T22:00:56.741+0000] {logging_mixin.py:154} INFO - [2025-06-02T22:00:56.740+0000] {dag.py:2941} INFO - Sync 1 DAGs
[2025-06-02T22:00:56.758+0000] {logging_mixin.py:154} INFO - [2025-06-02T22:00:56.758+0000] {dag.py:3722} INFO - Setting next_dagrun for example_trigger_target_dag to None, run_after=None
[2025-06-02T22:00:56.780+0000] {processor.py:179} INFO - Processing /home/airflow/.local/lib/python3.10/site-packages/airflow/example_dags/example_trigger_target_dag.py took 0.084 seconds
[2025-06-02T22:01:27.413+0000] {processor.py:157} INFO - Started process (PID=202) to work on /home/airflow/.local/lib/python3.10/site-packages/airflow/example_dags/example_trigger_target_dag.py
[2025-06-02T22:01:27.415+0000] {processor.py:829} INFO - Processing file /home/airflow/.local/lib/python3.10/site-packages/airflow/example_dags/example_trigger_target_dag.py for tasks to queue
[2025-06-02T22:01:27.419+0000] {logging_mixin.py:154} INFO - [2025-06-02T22:01:27.418+0000] {dagbag.py:536} INFO - Filling up the DagBag from /home/airflow/.local/lib/python3.10/site-packages/airflow/example_dags/example_trigger_target_dag.py
[2025-06-02T22:01:27.426+0000] {processor.py:839} INFO - DAG(s) dict_keys(['example_trigger_target_dag']) retrieved from /home/airflow/.local/lib/python3.10/site-packages/airflow/example_dags/example_trigger_target_dag.py
[2025-06-02T22:01:27.453+0000] {logging_mixin.py:154} INFO - [2025-06-02T22:01:27.453+0000] {dag.py:2941} INFO - Sync 1 DAGs
[2025-06-02T22:01:27.470+0000] {logging_mixin.py:154} INFO - [2025-06-02T22:01:27.470+0000] {dag.py:3722} INFO - Setting next_dagrun for example_trigger_target_dag to None, run_after=None
[2025-06-02T22:01:27.493+0000] {processor.py:179} INFO - Processing /home/airflow/.local/lib/python3.10/site-packages/airflow/example_dags/example_trigger_target_dag.py took 0.085 seconds
[2025-06-02T22:01:57.986+0000] {processor.py:157} INFO - Started process (PID=257) to work on /home/airflow/.local/lib/python3.10/site-packages/airflow/example_dags/example_trigger_target_dag.py
[2025-06-02T22:01:57.987+0000] {processor.py:829} INFO - Processing file /home/airflow/.local/lib/python3.10/site-packages/airflow/example_dags/example_trigger_target_dag.py for tasks to queue
[2025-06-02T22:01:57.991+0000] {logging_mixin.py:154} INFO - [2025-06-02T22:01:57.990+0000] {dagbag.py:536} INFO - Filling up the DagBag from /home/airflow/.local/lib/python3.10/site-packages/airflow/example_dags/example_trigger_target_dag.py
[2025-06-02T22:01:57.998+0000] {processor.py:839} INFO - DAG(s) dict_keys(['example_trigger_target_dag']) retrieved from /home/airflow/.local/lib/python3.10/site-packages/airflow/example_dags/example_trigger_target_dag.py
[2025-06-02T22:01:58.026+0000] {logging_mixin.py:154} INFO - [2025-06-02T22:01:58.026+0000] {dag.py:2941} INFO - Sync 1 DAGs
[2025-06-02T22:01:58.044+0000] {logging_mixin.py:154} INFO - [2025-06-02T22:01:58.043+0000] {dag.py:3722} INFO - Setting next_dagrun for example_trigger_target_dag to None, run_after=None
[2025-06-02T22:01:58.066+0000] {processor.py:179} INFO - Processing /home/airflow/.local/lib/python3.10/site-packages/airflow/example_dags/example_trigger_target_dag.py took 0.085 seconds
[2025-06-02T22:02:28.430+0000] {processor.py:157} INFO - Started process (PID=310) to work on /home/airflow/.local/lib/python3.10/site-packages/airflow/example_dags/example_trigger_target_dag.py
[2025-06-02T22:02:28.432+0000] {processor.py:829} INFO - Processing file /home/airflow/.local/lib/python3.10/site-packages/airflow/example_dags/example_trigger_target_dag.py for tasks to queue
[2025-06-02T22:02:28.435+0000] {logging_mixin.py:154} INFO - [2025-06-02T22:02:28.435+0000] {dagbag.py:536} INFO - Filling up the DagBag from /home/airflow/.local/lib/python3.10/site-packages/airflow/example_dags/example_trigger_target_dag.py
[2025-06-02T22:02:28.454+0000] {processor.py:839} INFO - DAG(s) dict_keys(['example_trigger_target_dag']) retrieved from /home/airflow/.local/lib/python3.10/site-packages/airflow/example_dags/example_trigger_target_dag.py
[2025-06-02T22:02:28.542+0000] {logging_mixin.py:154} INFO - [2025-06-02T22:02:28.542+0000] {dag.py:2941} INFO - Sync 1 DAGs
[2025-06-02T22:02:28.615+0000] {logging_mixin.py:154} INFO - [2025-06-02T22:02:28.615+0000] {dag.py:3722} INFO - Setting next_dagrun for example_trigger_target_dag to None, run_after=None
[2025-06-02T22:02:28.710+0000] {processor.py:179} INFO - Processing /home/airflow/.local/lib/python3.10/site-packages/airflow/example_dags/example_trigger_target_dag.py took 0.292 seconds
[2025-06-02T22:02:58.811+0000] {processor.py:157} INFO - Started process (PID=364) to work on /home/airflow/.local/lib/python3.10/site-packages/airflow/example_dags/example_trigger_target_dag.py
[2025-06-02T22:02:58.812+0000] {processor.py:829} INFO - Processing file /home/airflow/.local/lib/python3.10/site-packages/airflow/example_dags/example_trigger_target_dag.py for tasks to queue
[2025-06-02T22:02:58.815+0000] {logging_mixin.py:154} INFO - [2025-06-02T22:02:58.815+0000] {dagbag.py:536} INFO - Filling up the DagBag from /home/airflow/.local/lib/python3.10/site-packages/airflow/example_dags/example_trigger_target_dag.py
[2025-06-02T22:02:58.821+0000] {processor.py:839} INFO - DAG(s) dict_keys(['example_trigger_target_dag']) retrieved from /home/airflow/.local/lib/python3.10/site-packages/airflow/example_dags/example_trigger_target_dag.py
[2025-06-02T22:02:58.841+0000] {logging_mixin.py:154} INFO - [2025-06-02T22:02:58.840+0000] {dag.py:2941} INFO - Sync 1 DAGs
[2025-06-02T22:02:58.854+0000] {logging_mixin.py:154} INFO - [2025-06-02T22:02:58.854+0000] {dag.py:3722} INFO - Setting next_dagrun for example_trigger_target_dag to None, run_after=None
[2025-06-02T22:02:58.883+0000] {processor.py:179} INFO - Processing /home/airflow/.local/lib/python3.10/site-packages/airflow/example_dags/example_trigger_target_dag.py took 0.076 seconds
[2025-06-02T22:03:29.460+0000] {processor.py:157} INFO - Started process (PID=419) to work on /home/airflow/.local/lib/python3.10/site-packages/airflow/example_dags/example_trigger_target_dag.py
[2025-06-02T22:03:29.461+0000] {processor.py:829} INFO - Processing file /home/airflow/.local/lib/python3.10/site-packages/airflow/example_dags/example_trigger_target_dag.py for tasks to queue
[2025-06-02T22:03:29.464+0000] {logging_mixin.py:154} INFO - [2025-06-02T22:03:29.464+0000] {dagbag.py:536} INFO - Filling up the DagBag from /home/airflow/.local/lib/python3.10/site-packages/airflow/example_dags/example_trigger_target_dag.py
[2025-06-02T22:03:29.472+0000] {processor.py:839} INFO - DAG(s) dict_keys(['example_trigger_target_dag']) retrieved from /home/airflow/.local/lib/python3.10/site-packages/airflow/example_dags/example_trigger_target_dag.py
[2025-06-02T22:03:29.500+0000] {logging_mixin.py:154} INFO - [2025-06-02T22:03:29.500+0000] {dag.py:2941} INFO - Sync 1 DAGs
[2025-06-02T22:03:29.531+0000] {logging_mixin.py:154} INFO - [2025-06-02T22:03:29.531+0000] {dag.py:3722} INFO - Setting next_dagrun for example_trigger_target_dag to None, run_after=None
[2025-06-02T22:03:29.560+0000] {processor.py:179} INFO - Processing /home/airflow/.local/lib/python3.10/site-packages/airflow/example_dags/example_trigger_target_dag.py took 0.104 seconds
[2025-06-02T22:03:59.597+0000] {processor.py:157} INFO - Started process (PID=473) to work on /home/airflow/.local/lib/python3.10/site-packages/airflow/example_dags/example_trigger_target_dag.py
[2025-06-02T22:03:59.598+0000] {processor.py:829} INFO - Processing file /home/airflow/.local/lib/python3.10/site-packages/airflow/example_dags/example_trigger_target_dag.py for tasks to queue
[2025-06-02T22:03:59.602+0000] {logging_mixin.py:154} INFO - [2025-06-02T22:03:59.601+0000] {dagbag.py:536} INFO - Filling up the DagBag from /home/airflow/.local/lib/python3.10/site-packages/airflow/example_dags/example_trigger_target_dag.py
[2025-06-02T22:03:59.610+0000] {processor.py:839} INFO - DAG(s) dict_keys(['example_trigger_target_dag']) retrieved from /home/airflow/.local/lib/python3.10/site-packages/airflow/example_dags/example_trigger_target_dag.py
[2025-06-02T22:03:59.636+0000] {logging_mixin.py:154} INFO - [2025-06-02T22:03:59.636+0000] {dag.py:2941} INFO - Sync 1 DAGs
[2025-06-02T22:03:59.654+0000] {logging_mixin.py:154} INFO - [2025-06-02T22:03:59.654+0000] {dag.py:3722} INFO - Setting next_dagrun for example_trigger_target_dag to None, run_after=None
[2025-06-02T22:03:59.676+0000] {processor.py:179} INFO - Processing /home/airflow/.local/lib/python3.10/site-packages/airflow/example_dags/example_trigger_target_dag.py took 0.085 seconds
[2025-06-02T22:04:29.873+0000] {processor.py:157} INFO - Started process (PID=526) to work on /home/airflow/.local/lib/python3.10/site-packages/airflow/example_dags/example_trigger_target_dag.py
[2025-06-02T22:04:29.875+0000] {processor.py:829} INFO - Processing file /home/airflow/.local/lib/python3.10/site-packages/airflow/example_dags/example_trigger_target_dag.py for tasks to queue
[2025-06-02T22:04:29.881+0000] {logging_mixin.py:154} INFO - [2025-06-02T22:04:29.881+0000] {dagbag.py:536} INFO - Filling up the DagBag from /home/airflow/.local/lib/python3.10/site-packages/airflow/example_dags/example_trigger_target_dag.py
[2025-06-02T22:04:29.893+0000] {processor.py:839} INFO - DAG(s) dict_keys(['example_trigger_target_dag']) retrieved from /home/airflow/.local/lib/python3.10/site-packages/airflow/example_dags/example_trigger_target_dag.py
[2025-06-02T22:04:29.920+0000] {logging_mixin.py:154} INFO - [2025-06-02T22:04:29.919+0000] {dag.py:2941} INFO - Sync 1 DAGs
[2025-06-02T22:04:29.937+0000] {logging_mixin.py:154} INFO - [2025-06-02T22:04:29.937+0000] {dag.py:3722} INFO - Setting next_dagrun for example_trigger_target_dag to None, run_after=None
[2025-06-02T22:04:29.959+0000] {processor.py:179} INFO - Processing /home/airflow/.local/lib/python3.10/site-packages/airflow/example_dags/example_trigger_target_dag.py took 0.090 seconds
[2025-06-02T22:05:00.215+0000] {processor.py:157} INFO - Started process (PID=580) to work on /home/airflow/.local/lib/python3.10/site-packages/airflow/example_dags/example_trigger_target_dag.py
[2025-06-02T22:05:00.217+0000] {processor.py:829} INFO - Processing file /home/airflow/.local/lib/python3.10/site-packages/airflow/example_dags/example_trigger_target_dag.py for tasks to queue
[2025-06-02T22:05:00.220+0000] {logging_mixin.py:154} INFO - [2025-06-02T22:05:00.220+0000] {dagbag.py:536} INFO - Filling up the DagBag from /home/airflow/.local/lib/python3.10/site-packages/airflow/example_dags/example_trigger_target_dag.py
[2025-06-02T22:05:00.229+0000] {processor.py:839} INFO - DAG(s) dict_keys(['example_trigger_target_dag']) retrieved from /home/airflow/.local/lib/python3.10/site-packages/airflow/example_dags/example_trigger_target_dag.py
[2025-06-02T22:05:00.255+0000] {logging_mixin.py:154} INFO - [2025-06-02T22:05:00.255+0000] {dag.py:2941} INFO - Sync 1 DAGs
[2025-06-02T22:05:00.273+0000] {logging_mixin.py:154} INFO - [2025-06-02T22:05:00.273+0000] {dag.py:3722} INFO - Setting next_dagrun for example_trigger_target_dag to None, run_after=None
[2025-06-02T22:05:00.312+0000] {processor.py:179} INFO - Processing /home/airflow/.local/lib/python3.10/site-packages/airflow/example_dags/example_trigger_target_dag.py took 0.101 seconds
[2025-06-02T22:05:31.089+0000] {processor.py:157} INFO - Started process (PID=636) to work on /home/airflow/.local/lib/python3.10/site-packages/airflow/example_dags/example_trigger_target_dag.py
[2025-06-02T22:05:31.090+0000] {processor.py:829} INFO - Processing file /home/airflow/.local/lib/python3.10/site-packages/airflow/example_dags/example_trigger_target_dag.py for tasks to queue
[2025-06-02T22:05:31.093+0000] {logging_mixin.py:154} INFO - [2025-06-02T22:05:31.093+0000] {dagbag.py:536} INFO - Filling up the DagBag from /home/airflow/.local/lib/python3.10/site-packages/airflow/example_dags/example_trigger_target_dag.py
[2025-06-02T22:05:31.101+0000] {processor.py:839} INFO - DAG(s) dict_keys(['example_trigger_target_dag']) retrieved from /home/airflow/.local/lib/python3.10/site-packages/airflow/example_dags/example_trigger_target_dag.py
[2025-06-02T22:05:31.127+0000] {logging_mixin.py:154} INFO - [2025-06-02T22:05:31.127+0000] {dag.py:2941} INFO - Sync 1 DAGs
[2025-06-02T22:05:31.145+0000] {logging_mixin.py:154} INFO - [2025-06-02T22:05:31.145+0000] {dag.py:3722} INFO - Setting next_dagrun for example_trigger_target_dag to None, run_after=None
[2025-06-02T22:05:31.168+0000] {processor.py:179} INFO - Processing /home/airflow/.local/lib/python3.10/site-packages/airflow/example_dags/example_trigger_target_dag.py took 0.083 seconds
[2025-06-02T22:06:01.384+0000] {processor.py:157} INFO - Started process (PID=689) to work on /home/airflow/.local/lib/python3.10/site-packages/airflow/example_dags/example_trigger_target_dag.py
[2025-06-02T22:06:01.385+0000] {processor.py:829} INFO - Processing file /home/airflow/.local/lib/python3.10/site-packages/airflow/example_dags/example_trigger_target_dag.py for tasks to queue
[2025-06-02T22:06:01.389+0000] {logging_mixin.py:154} INFO - [2025-06-02T22:06:01.388+0000] {dagbag.py:536} INFO - Filling up the DagBag from /home/airflow/.local/lib/python3.10/site-packages/airflow/example_dags/example_trigger_target_dag.py
[2025-06-02T22:06:01.397+0000] {processor.py:839} INFO - DAG(s) dict_keys(['example_trigger_target_dag']) retrieved from /home/airflow/.local/lib/python3.10/site-packages/airflow/example_dags/example_trigger_target_dag.py
[2025-06-02T22:06:01.423+0000] {logging_mixin.py:154} INFO - [2025-06-02T22:06:01.423+0000] {dag.py:2941} INFO - Sync 1 DAGs
[2025-06-02T22:06:01.441+0000] {logging_mixin.py:154} INFO - [2025-06-02T22:06:01.441+0000] {dag.py:3722} INFO - Setting next_dagrun for example_trigger_target_dag to None, run_after=None
[2025-06-02T22:06:01.467+0000] {processor.py:179} INFO - Processing /home/airflow/.local/lib/python3.10/site-packages/airflow/example_dags/example_trigger_target_dag.py took 0.087 seconds
[2025-06-02T22:06:31.724+0000] {processor.py:157} INFO - Started process (PID=742) to work on /home/airflow/.local/lib/python3.10/site-packages/airflow/example_dags/example_trigger_target_dag.py
[2025-06-02T22:06:31.726+0000] {processor.py:829} INFO - Processing file /home/airflow/.local/lib/python3.10/site-packages/airflow/example_dags/example_trigger_target_dag.py for tasks to queue
[2025-06-02T22:06:31.729+0000] {logging_mixin.py:154} INFO - [2025-06-02T22:06:31.728+0000] {dagbag.py:536} INFO - Filling up the DagBag from /home/airflow/.local/lib/python3.10/site-packages/airflow/example_dags/example_trigger_target_dag.py
[2025-06-02T22:06:31.736+0000] {processor.py:839} INFO - DAG(s) dict_keys(['example_trigger_target_dag']) retrieved from /home/airflow/.local/lib/python3.10/site-packages/airflow/example_dags/example_trigger_target_dag.py
[2025-06-02T22:06:31.768+0000] {logging_mixin.py:154} INFO - [2025-06-02T22:06:31.768+0000] {dag.py:2941} INFO - Sync 1 DAGs
[2025-06-02T22:06:31.786+0000] {logging_mixin.py:154} INFO - [2025-06-02T22:06:31.786+0000] {dag.py:3722} INFO - Setting next_dagrun for example_trigger_target_dag to None, run_after=None
[2025-06-02T22:06:31.818+0000] {processor.py:179} INFO - Processing /home/airflow/.local/lib/python3.10/site-packages/airflow/example_dags/example_trigger_target_dag.py took 0.098 seconds
[2025-06-02T22:07:02.682+0000] {processor.py:157} INFO - Started process (PID=797) to work on /home/airflow/.local/lib/python3.10/site-packages/airflow/example_dags/example_trigger_target_dag.py
[2025-06-02T22:07:02.683+0000] {processor.py:829} INFO - Processing file /home/airflow/.local/lib/python3.10/site-packages/airflow/example_dags/example_trigger_target_dag.py for tasks to queue
[2025-06-02T22:07:02.686+0000] {logging_mixin.py:154} INFO - [2025-06-02T22:07:02.686+0000] {dagbag.py:536} INFO - Filling up the DagBag from /home/airflow/.local/lib/python3.10/site-packages/airflow/example_dags/example_trigger_target_dag.py
[2025-06-02T22:07:02.695+0000] {processor.py:839} INFO - DAG(s) dict_keys(['example_trigger_target_dag']) retrieved from /home/airflow/.local/lib/python3.10/site-packages/airflow/example_dags/example_trigger_target_dag.py
[2025-06-02T22:07:02.721+0000] {logging_mixin.py:154} INFO - [2025-06-02T22:07:02.721+0000] {dag.py:2941} INFO - Sync 1 DAGs
[2025-06-02T22:07:02.740+0000] {logging_mixin.py:154} INFO - [2025-06-02T22:07:02.739+0000] {dag.py:3722} INFO - Setting next_dagrun for example_trigger_target_dag to None, run_after=None
[2025-06-02T22:07:02.780+0000] {processor.py:179} INFO - Processing /home/airflow/.local/lib/python3.10/site-packages/airflow/example_dags/example_trigger_target_dag.py took 0.103 seconds
[2025-06-02T22:07:32.819+0000] {processor.py:157} INFO - Started process (PID=851) to work on /home/airflow/.local/lib/python3.10/site-packages/airflow/example_dags/example_trigger_target_dag.py
[2025-06-02T22:07:32.824+0000] {processor.py:829} INFO - Processing file /home/airflow/.local/lib/python3.10/site-packages/airflow/example_dags/example_trigger_target_dag.py for tasks to queue
[2025-06-02T22:07:32.828+0000] {logging_mixin.py:154} INFO - [2025-06-02T22:07:32.827+0000] {dagbag.py:536} INFO - Filling up the DagBag from /home/airflow/.local/lib/python3.10/site-packages/airflow/example_dags/example_trigger_target_dag.py
[2025-06-02T22:07:32.836+0000] {processor.py:839} INFO - DAG(s) dict_keys(['example_trigger_target_dag']) retrieved from /home/airflow/.local/lib/python3.10/site-packages/airflow/example_dags/example_trigger_target_dag.py
[2025-06-02T22:07:32.863+0000] {logging_mixin.py:154} INFO - [2025-06-02T22:07:32.863+0000] {dag.py:2941} INFO - Sync 1 DAGs
[2025-06-02T22:07:32.882+0000] {logging_mixin.py:154} INFO - [2025-06-02T22:07:32.881+0000] {dag.py:3722} INFO - Setting next_dagrun for example_trigger_target_dag to None, run_after=None
[2025-06-02T22:07:32.907+0000] {processor.py:179} INFO - Processing /home/airflow/.local/lib/python3.10/site-packages/airflow/example_dags/example_trigger_target_dag.py took 0.092 seconds
[2025-06-02T22:08:03.483+0000] {processor.py:157} INFO - Started process (PID=905) to work on /home/airflow/.local/lib/python3.10/site-packages/airflow/example_dags/example_trigger_target_dag.py
[2025-06-02T22:08:03.484+0000] {processor.py:829} INFO - Processing file /home/airflow/.local/lib/python3.10/site-packages/airflow/example_dags/example_trigger_target_dag.py for tasks to queue
[2025-06-02T22:08:03.489+0000] {logging_mixin.py:154} INFO - [2025-06-02T22:08:03.489+0000] {dagbag.py:536} INFO - Filling up the DagBag from /home/airflow/.local/lib/python3.10/site-packages/airflow/example_dags/example_trigger_target_dag.py
[2025-06-02T22:08:03.500+0000] {processor.py:839} INFO - DAG(s) dict_keys(['example_trigger_target_dag']) retrieved from /home/airflow/.local/lib/python3.10/site-packages/airflow/example_dags/example_trigger_target_dag.py
[2025-06-02T22:08:03.549+0000] {logging_mixin.py:154} INFO - [2025-06-02T22:08:03.549+0000] {dag.py:2941} INFO - Sync 1 DAGs
[2025-06-02T22:08:03.593+0000] {logging_mixin.py:154} INFO - [2025-06-02T22:08:03.593+0000] {dag.py:3722} INFO - Setting next_dagrun for example_trigger_target_dag to None, run_after=None
[2025-06-02T22:08:04.034+0000] {processor.py:179} INFO - Processing /home/airflow/.local/lib/python3.10/site-packages/airflow/example_dags/example_trigger_target_dag.py took 0.565 seconds
[2025-06-02T22:08:34.648+0000] {processor.py:157} INFO - Started process (PID=959) to work on /home/airflow/.local/lib/python3.10/site-packages/airflow/example_dags/example_trigger_target_dag.py
[2025-06-02T22:08:34.649+0000] {processor.py:829} INFO - Processing file /home/airflow/.local/lib/python3.10/site-packages/airflow/example_dags/example_trigger_target_dag.py for tasks to queue
[2025-06-02T22:08:34.652+0000] {logging_mixin.py:154} INFO - [2025-06-02T22:08:34.652+0000] {dagbag.py:536} INFO - Filling up the DagBag from /home/airflow/.local/lib/python3.10/site-packages/airflow/example_dags/example_trigger_target_dag.py
[2025-06-02T22:08:34.660+0000] {processor.py:839} INFO - DAG(s) dict_keys(['example_trigger_target_dag']) retrieved from /home/airflow/.local/lib/python3.10/site-packages/airflow/example_dags/example_trigger_target_dag.py
[2025-06-02T22:08:34.687+0000] {logging_mixin.py:154} INFO - [2025-06-02T22:08:34.687+0000] {dag.py:2941} INFO - Sync 1 DAGs
[2025-06-02T22:08:34.704+0000] {logging_mixin.py:154} INFO - [2025-06-02T22:08:34.704+0000] {dag.py:3722} INFO - Setting next_dagrun for example_trigger_target_dag to None, run_after=None
[2025-06-02T22:08:34.731+0000] {processor.py:179} INFO - Processing /home/airflow/.local/lib/python3.10/site-packages/airflow/example_dags/example_trigger_target_dag.py took 0.088 seconds
[2025-06-02T22:09:05.088+0000] {processor.py:157} INFO - Started process (PID=1013) to work on /home/airflow/.local/lib/python3.10/site-packages/airflow/example_dags/example_trigger_target_dag.py
[2025-06-02T22:09:05.090+0000] {processor.py:829} INFO - Processing file /home/airflow/.local/lib/python3.10/site-packages/airflow/example_dags/example_trigger_target_dag.py for tasks to queue
[2025-06-02T22:09:05.094+0000] {logging_mixin.py:154} INFO - [2025-06-02T22:09:05.093+0000] {dagbag.py:536} INFO - Filling up the DagBag from /home/airflow/.local/lib/python3.10/site-packages/airflow/example_dags/example_trigger_target_dag.py
[2025-06-02T22:09:05.101+0000] {processor.py:839} INFO - DAG(s) dict_keys(['example_trigger_target_dag']) retrieved from /home/airflow/.local/lib/python3.10/site-packages/airflow/example_dags/example_trigger_target_dag.py
[2025-06-02T22:09:05.130+0000] {logging_mixin.py:154} INFO - [2025-06-02T22:09:05.129+0000] {dag.py:2941} INFO - Sync 1 DAGs
[2025-06-02T22:09:05.147+0000] {logging_mixin.py:154} INFO - [2025-06-02T22:09:05.147+0000] {dag.py:3722} INFO - Setting next_dagrun for example_trigger_target_dag to None, run_after=None
[2025-06-02T22:09:05.172+0000] {processor.py:179} INFO - Processing /home/airflow/.local/lib/python3.10/site-packages/airflow/example_dags/example_trigger_target_dag.py took 0.089 seconds
[2025-06-02T22:09:36.003+0000] {processor.py:157} INFO - Started process (PID=1067) to work on /home/airflow/.local/lib/python3.10/site-packages/airflow/example_dags/example_trigger_target_dag.py
[2025-06-02T22:09:36.004+0000] {processor.py:829} INFO - Processing file /home/airflow/.local/lib/python3.10/site-packages/airflow/example_dags/example_trigger_target_dag.py for tasks to queue
[2025-06-02T22:09:36.007+0000] {logging_mixin.py:154} INFO - [2025-06-02T22:09:36.007+0000] {dagbag.py:536} INFO - Filling up the DagBag from /home/airflow/.local/lib/python3.10/site-packages/airflow/example_dags/example_trigger_target_dag.py
[2025-06-02T22:09:36.015+0000] {processor.py:839} INFO - DAG(s) dict_keys(['example_trigger_target_dag']) retrieved from /home/airflow/.local/lib/python3.10/site-packages/airflow/example_dags/example_trigger_target_dag.py
[2025-06-02T22:09:36.042+0000] {logging_mixin.py:154} INFO - [2025-06-02T22:09:36.041+0000] {dag.py:2941} INFO - Sync 1 DAGs
[2025-06-02T22:09:36.260+0000] {logging_mixin.py:154} INFO - [2025-06-02T22:09:36.260+0000] {dag.py:3722} INFO - Setting next_dagrun for example_trigger_target_dag to None, run_after=None
[2025-06-02T22:09:36.285+0000] {processor.py:179} INFO - Processing /home/airflow/.local/lib/python3.10/site-packages/airflow/example_dags/example_trigger_target_dag.py took 0.287 seconds
[2025-06-02T22:10:06.493+0000] {processor.py:157} INFO - Started process (PID=1120) to work on /home/airflow/.local/lib/python3.10/site-packages/airflow/example_dags/example_trigger_target_dag.py
[2025-06-02T22:10:06.495+0000] {processor.py:829} INFO - Processing file /home/airflow/.local/lib/python3.10/site-packages/airflow/example_dags/example_trigger_target_dag.py for tasks to queue
[2025-06-02T22:10:06.498+0000] {logging_mixin.py:154} INFO - [2025-06-02T22:10:06.497+0000] {dagbag.py:536} INFO - Filling up the DagBag from /home/airflow/.local/lib/python3.10/site-packages/airflow/example_dags/example_trigger_target_dag.py
[2025-06-02T22:10:06.506+0000] {processor.py:839} INFO - DAG(s) dict_keys(['example_trigger_target_dag']) retrieved from /home/airflow/.local/lib/python3.10/site-packages/airflow/example_dags/example_trigger_target_dag.py
[2025-06-02T22:10:06.532+0000] {logging_mixin.py:154} INFO - [2025-06-02T22:10:06.532+0000] {dag.py:2941} INFO - Sync 1 DAGs
[2025-06-02T22:10:06.550+0000] {logging_mixin.py:154} INFO - [2025-06-02T22:10:06.550+0000] {dag.py:3722} INFO - Setting next_dagrun for example_trigger_target_dag to None, run_after=None
[2025-06-02T22:10:06.572+0000] {processor.py:179} INFO - Processing /home/airflow/.local/lib/python3.10/site-packages/airflow/example_dags/example_trigger_target_dag.py took 0.084 seconds
[2025-06-02T22:10:36.601+0000] {processor.py:157} INFO - Started process (PID=1174) to work on /home/airflow/.local/lib/python3.10/site-packages/airflow/example_dags/example_trigger_target_dag.py
[2025-06-02T22:10:36.602+0000] {processor.py:829} INFO - Processing file /home/airflow/.local/lib/python3.10/site-packages/airflow/example_dags/example_trigger_target_dag.py for tasks to queue
[2025-06-02T22:10:36.604+0000] {logging_mixin.py:154} INFO - [2025-06-02T22:10:36.604+0000] {dagbag.py:536} INFO - Filling up the DagBag from /home/airflow/.local/lib/python3.10/site-packages/airflow/example_dags/example_trigger_target_dag.py
[2025-06-02T22:10:36.610+0000] {processor.py:839} INFO - DAG(s) dict_keys(['example_trigger_target_dag']) retrieved from /home/airflow/.local/lib/python3.10/site-packages/airflow/example_dags/example_trigger_target_dag.py
[2025-06-02T22:10:36.630+0000] {logging_mixin.py:154} INFO - [2025-06-02T22:10:36.630+0000] {dag.py:2941} INFO - Sync 1 DAGs
[2025-06-02T22:10:36.643+0000] {logging_mixin.py:154} INFO - [2025-06-02T22:10:36.643+0000] {dag.py:3722} INFO - Setting next_dagrun for example_trigger_target_dag to None, run_after=None
[2025-06-02T22:10:36.666+0000] {processor.py:179} INFO - Processing /home/airflow/.local/lib/python3.10/site-packages/airflow/example_dags/example_trigger_target_dag.py took 0.070 seconds
[2025-06-02T22:11:07.647+0000] {processor.py:157} INFO - Started process (PID=1228) to work on /home/airflow/.local/lib/python3.10/site-packages/airflow/example_dags/example_trigger_target_dag.py
[2025-06-02T22:11:07.653+0000] {processor.py:829} INFO - Processing file /home/airflow/.local/lib/python3.10/site-packages/airflow/example_dags/example_trigger_target_dag.py for tasks to queue
[2025-06-02T22:11:07.656+0000] {logging_mixin.py:154} INFO - [2025-06-02T22:11:07.655+0000] {dagbag.py:536} INFO - Filling up the DagBag from /home/airflow/.local/lib/python3.10/site-packages/airflow/example_dags/example_trigger_target_dag.py
[2025-06-02T22:11:07.661+0000] {processor.py:839} INFO - DAG(s) dict_keys(['example_trigger_target_dag']) retrieved from /home/airflow/.local/lib/python3.10/site-packages/airflow/example_dags/example_trigger_target_dag.py
[2025-06-02T22:11:07.681+0000] {logging_mixin.py:154} INFO - [2025-06-02T22:11:07.680+0000] {dag.py:2941} INFO - Sync 1 DAGs
[2025-06-02T22:11:07.845+0000] {logging_mixin.py:154} INFO - [2025-06-02T22:11:07.845+0000] {dag.py:3722} INFO - Setting next_dagrun for example_trigger_target_dag to None, run_after=None
[2025-06-02T22:11:07.862+0000] {processor.py:179} INFO - Processing /home/airflow/.local/lib/python3.10/site-packages/airflow/example_dags/example_trigger_target_dag.py took 0.218 seconds
[2025-06-02T23:03:23.922+0000] {processor.py:157} INFO - Started process (PID=42) to work on /home/airflow/.local/lib/python3.10/site-packages/airflow/example_dags/example_trigger_target_dag.py
[2025-06-02T23:03:23.938+0000] {processor.py:829} INFO - Processing file /home/airflow/.local/lib/python3.10/site-packages/airflow/example_dags/example_trigger_target_dag.py for tasks to queue
[2025-06-02T23:03:23.941+0000] {logging_mixin.py:154} INFO - [2025-06-02T23:03:23.940+0000] {dagbag.py:536} INFO - Filling up the DagBag from /home/airflow/.local/lib/python3.10/site-packages/airflow/example_dags/example_trigger_target_dag.py
[2025-06-02T23:03:23.987+0000] {processor.py:839} INFO - DAG(s) dict_keys(['example_trigger_target_dag']) retrieved from /home/airflow/.local/lib/python3.10/site-packages/airflow/example_dags/example_trigger_target_dag.py
[2025-06-02T23:03:24.134+0000] {logging_mixin.py:154} INFO - [2025-06-02T23:03:24.134+0000] {dag.py:2941} INFO - Sync 1 DAGs
[2025-06-02T23:03:24.196+0000] {logging_mixin.py:154} INFO - [2025-06-02T23:03:24.196+0000] {dag.py:3722} INFO - Setting next_dagrun for example_trigger_target_dag to None, run_after=None
[2025-06-02T23:03:24.294+0000] {processor.py:179} INFO - Processing /home/airflow/.local/lib/python3.10/site-packages/airflow/example_dags/example_trigger_target_dag.py took 0.387 seconds
[2025-06-02T23:03:57.443+0000] {processor.py:157} INFO - Started process (PID=34) to work on /home/airflow/.local/lib/python3.10/site-packages/airflow/example_dags/example_trigger_target_dag.py
[2025-06-02T23:03:57.445+0000] {processor.py:829} INFO - Processing file /home/airflow/.local/lib/python3.10/site-packages/airflow/example_dags/example_trigger_target_dag.py for tasks to queue
[2025-06-02T23:03:57.449+0000] {logging_mixin.py:154} INFO - [2025-06-02T23:03:57.448+0000] {dagbag.py:536} INFO - Filling up the DagBag from /home/airflow/.local/lib/python3.10/site-packages/airflow/example_dags/example_trigger_target_dag.py
[2025-06-02T23:03:57.460+0000] {processor.py:839} INFO - DAG(s) dict_keys(['example_trigger_target_dag']) retrieved from /home/airflow/.local/lib/python3.10/site-packages/airflow/example_dags/example_trigger_target_dag.py
[2025-06-02T23:03:57.496+0000] {logging_mixin.py:154} INFO - [2025-06-02T23:03:57.496+0000] {dag.py:2941} INFO - Sync 1 DAGs
[2025-06-02T23:03:57.513+0000] {logging_mixin.py:154} INFO - [2025-06-02T23:03:57.513+0000] {dag.py:3722} INFO - Setting next_dagrun for example_trigger_target_dag to None, run_after=None
[2025-06-02T23:03:57.534+0000] {processor.py:179} INFO - Processing /home/airflow/.local/lib/python3.10/site-packages/airflow/example_dags/example_trigger_target_dag.py took 0.096 seconds
[2025-06-02T23:04:28.131+0000] {processor.py:157} INFO - Started process (PID=90) to work on /home/airflow/.local/lib/python3.10/site-packages/airflow/example_dags/example_trigger_target_dag.py
[2025-06-02T23:04:28.133+0000] {processor.py:829} INFO - Processing file /home/airflow/.local/lib/python3.10/site-packages/airflow/example_dags/example_trigger_target_dag.py for tasks to queue
[2025-06-02T23:04:28.136+0000] {logging_mixin.py:154} INFO - [2025-06-02T23:04:28.136+0000] {dagbag.py:536} INFO - Filling up the DagBag from /home/airflow/.local/lib/python3.10/site-packages/airflow/example_dags/example_trigger_target_dag.py
[2025-06-02T23:04:28.143+0000] {processor.py:839} INFO - DAG(s) dict_keys(['example_trigger_target_dag']) retrieved from /home/airflow/.local/lib/python3.10/site-packages/airflow/example_dags/example_trigger_target_dag.py
[2025-06-02T23:04:28.182+0000] {logging_mixin.py:154} INFO - [2025-06-02T23:04:28.182+0000] {dag.py:2941} INFO - Sync 1 DAGs
[2025-06-02T23:04:28.248+0000] {logging_mixin.py:154} INFO - [2025-06-02T23:04:28.248+0000] {dag.py:3722} INFO - Setting next_dagrun for example_trigger_target_dag to None, run_after=None
[2025-06-02T23:04:28.302+0000] {processor.py:179} INFO - Processing /home/airflow/.local/lib/python3.10/site-packages/airflow/example_dags/example_trigger_target_dag.py took 0.176 seconds
[2025-06-02T23:04:58.668+0000] {processor.py:157} INFO - Started process (PID=146) to work on /home/airflow/.local/lib/python3.10/site-packages/airflow/example_dags/example_trigger_target_dag.py
[2025-06-02T23:04:58.669+0000] {processor.py:829} INFO - Processing file /home/airflow/.local/lib/python3.10/site-packages/airflow/example_dags/example_trigger_target_dag.py for tasks to queue
[2025-06-02T23:04:58.672+0000] {logging_mixin.py:154} INFO - [2025-06-02T23:04:58.672+0000] {dagbag.py:536} INFO - Filling up the DagBag from /home/airflow/.local/lib/python3.10/site-packages/airflow/example_dags/example_trigger_target_dag.py
[2025-06-02T23:04:58.679+0000] {processor.py:839} INFO - DAG(s) dict_keys(['example_trigger_target_dag']) retrieved from /home/airflow/.local/lib/python3.10/site-packages/airflow/example_dags/example_trigger_target_dag.py
[2025-06-02T23:04:58.705+0000] {logging_mixin.py:154} INFO - [2025-06-02T23:04:58.704+0000] {dag.py:2941} INFO - Sync 1 DAGs
[2025-06-02T23:04:58.721+0000] {logging_mixin.py:154} INFO - [2025-06-02T23:04:58.721+0000] {dag.py:3722} INFO - Setting next_dagrun for example_trigger_target_dag to None, run_after=None
[2025-06-02T23:04:58.746+0000] {processor.py:179} INFO - Processing /home/airflow/.local/lib/python3.10/site-packages/airflow/example_dags/example_trigger_target_dag.py took 0.083 seconds
[2025-06-02T23:05:30.722+0000] {processor.py:157} INFO - Started process (PID=202) to work on /home/airflow/.local/lib/python3.10/site-packages/airflow/example_dags/example_trigger_target_dag.py
[2025-06-02T23:05:30.724+0000] {processor.py:829} INFO - Processing file /home/airflow/.local/lib/python3.10/site-packages/airflow/example_dags/example_trigger_target_dag.py for tasks to queue
[2025-06-02T23:05:30.728+0000] {logging_mixin.py:154} INFO - [2025-06-02T23:05:30.727+0000] {dagbag.py:536} INFO - Filling up the DagBag from /home/airflow/.local/lib/python3.10/site-packages/airflow/example_dags/example_trigger_target_dag.py
[2025-06-02T23:05:30.737+0000] {processor.py:839} INFO - DAG(s) dict_keys(['example_trigger_target_dag']) retrieved from /home/airflow/.local/lib/python3.10/site-packages/airflow/example_dags/example_trigger_target_dag.py
[2025-06-02T23:05:30.787+0000] {logging_mixin.py:154} INFO - [2025-06-02T23:05:30.787+0000] {dag.py:2941} INFO - Sync 1 DAGs
[2025-06-02T23:05:30.806+0000] {logging_mixin.py:154} INFO - [2025-06-02T23:05:30.806+0000] {dag.py:3722} INFO - Setting next_dagrun for example_trigger_target_dag to None, run_after=None
[2025-06-02T23:05:30.830+0000] {processor.py:179} INFO - Processing /home/airflow/.local/lib/python3.10/site-packages/airflow/example_dags/example_trigger_target_dag.py took 0.124 seconds
[2025-06-02T23:06:02.208+0000] {processor.py:157} INFO - Started process (PID=258) to work on /home/airflow/.local/lib/python3.10/site-packages/airflow/example_dags/example_trigger_target_dag.py
[2025-06-02T23:06:02.229+0000] {processor.py:829} INFO - Processing file /home/airflow/.local/lib/python3.10/site-packages/airflow/example_dags/example_trigger_target_dag.py for tasks to queue
[2025-06-02T23:06:02.237+0000] {logging_mixin.py:154} INFO - [2025-06-02T23:06:02.236+0000] {dagbag.py:536} INFO - Filling up the DagBag from /home/airflow/.local/lib/python3.10/site-packages/airflow/example_dags/example_trigger_target_dag.py
[2025-06-02T23:06:02.269+0000] {processor.py:839} INFO - DAG(s) dict_keys(['example_trigger_target_dag']) retrieved from /home/airflow/.local/lib/python3.10/site-packages/airflow/example_dags/example_trigger_target_dag.py
[2025-06-02T23:06:02.354+0000] {logging_mixin.py:154} INFO - [2025-06-02T23:06:02.354+0000] {dag.py:2941} INFO - Sync 1 DAGs
[2025-06-02T23:06:02.420+0000] {logging_mixin.py:154} INFO - [2025-06-02T23:06:02.420+0000] {dag.py:3722} INFO - Setting next_dagrun for example_trigger_target_dag to None, run_after=None
[2025-06-02T23:06:02.507+0000] {processor.py:179} INFO - Processing /home/airflow/.local/lib/python3.10/site-packages/airflow/example_dags/example_trigger_target_dag.py took 0.320 seconds
[2025-06-02T23:06:32.584+0000] {processor.py:157} INFO - Started process (PID=312) to work on /home/airflow/.local/lib/python3.10/site-packages/airflow/example_dags/example_trigger_target_dag.py
[2025-06-02T23:06:32.585+0000] {processor.py:829} INFO - Processing file /home/airflow/.local/lib/python3.10/site-packages/airflow/example_dags/example_trigger_target_dag.py for tasks to queue
[2025-06-02T23:06:32.597+0000] {logging_mixin.py:154} INFO - [2025-06-02T23:06:32.596+0000] {dagbag.py:536} INFO - Filling up the DagBag from /home/airflow/.local/lib/python3.10/site-packages/airflow/example_dags/example_trigger_target_dag.py
[2025-06-02T23:06:32.609+0000] {processor.py:839} INFO - DAG(s) dict_keys(['example_trigger_target_dag']) retrieved from /home/airflow/.local/lib/python3.10/site-packages/airflow/example_dags/example_trigger_target_dag.py
[2025-06-02T23:06:32.657+0000] {logging_mixin.py:154} INFO - [2025-06-02T23:06:32.657+0000] {dag.py:2941} INFO - Sync 1 DAGs
[2025-06-02T23:06:32.674+0000] {logging_mixin.py:154} INFO - [2025-06-02T23:06:32.674+0000] {dag.py:3722} INFO - Setting next_dagrun for example_trigger_target_dag to None, run_after=None
[2025-06-02T23:06:32.717+0000] {processor.py:179} INFO - Processing /home/airflow/.local/lib/python3.10/site-packages/airflow/example_dags/example_trigger_target_dag.py took 0.148 seconds
[2025-06-02T23:07:03.055+0000] {processor.py:157} INFO - Started process (PID=368) to work on /home/airflow/.local/lib/python3.10/site-packages/airflow/example_dags/example_trigger_target_dag.py
[2025-06-02T23:07:03.057+0000] {processor.py:829} INFO - Processing file /home/airflow/.local/lib/python3.10/site-packages/airflow/example_dags/example_trigger_target_dag.py for tasks to queue
[2025-06-02T23:07:03.059+0000] {logging_mixin.py:154} INFO - [2025-06-02T23:07:03.059+0000] {dagbag.py:536} INFO - Filling up the DagBag from /home/airflow/.local/lib/python3.10/site-packages/airflow/example_dags/example_trigger_target_dag.py
[2025-06-02T23:07:03.065+0000] {processor.py:839} INFO - DAG(s) dict_keys(['example_trigger_target_dag']) retrieved from /home/airflow/.local/lib/python3.10/site-packages/airflow/example_dags/example_trigger_target_dag.py
[2025-06-02T23:07:03.084+0000] {logging_mixin.py:154} INFO - [2025-06-02T23:07:03.084+0000] {dag.py:2941} INFO - Sync 1 DAGs
[2025-06-02T23:07:03.098+0000] {logging_mixin.py:154} INFO - [2025-06-02T23:07:03.097+0000] {dag.py:3722} INFO - Setting next_dagrun for example_trigger_target_dag to None, run_after=None
[2025-06-02T23:07:03.115+0000] {processor.py:179} INFO - Processing /home/airflow/.local/lib/python3.10/site-packages/airflow/example_dags/example_trigger_target_dag.py took 0.064 seconds
[2025-06-02T23:07:34.083+0000] {processor.py:157} INFO - Started process (PID=424) to work on /home/airflow/.local/lib/python3.10/site-packages/airflow/example_dags/example_trigger_target_dag.py
[2025-06-02T23:07:34.084+0000] {processor.py:829} INFO - Processing file /home/airflow/.local/lib/python3.10/site-packages/airflow/example_dags/example_trigger_target_dag.py for tasks to queue
[2025-06-02T23:07:34.087+0000] {logging_mixin.py:154} INFO - [2025-06-02T23:07:34.087+0000] {dagbag.py:536} INFO - Filling up the DagBag from /home/airflow/.local/lib/python3.10/site-packages/airflow/example_dags/example_trigger_target_dag.py
[2025-06-02T23:07:34.096+0000] {processor.py:839} INFO - DAG(s) dict_keys(['example_trigger_target_dag']) retrieved from /home/airflow/.local/lib/python3.10/site-packages/airflow/example_dags/example_trigger_target_dag.py
[2025-06-02T23:07:34.119+0000] {logging_mixin.py:154} INFO - [2025-06-02T23:07:34.119+0000] {dag.py:2941} INFO - Sync 1 DAGs
[2025-06-02T23:07:34.132+0000] {logging_mixin.py:154} INFO - [2025-06-02T23:07:34.132+0000] {dag.py:3722} INFO - Setting next_dagrun for example_trigger_target_dag to None, run_after=None
[2025-06-02T23:07:34.150+0000] {processor.py:179} INFO - Processing /home/airflow/.local/lib/python3.10/site-packages/airflow/example_dags/example_trigger_target_dag.py took 0.072 seconds
