[2025-06-02T22:00:02.161+0000] {processor.py:157} INFO - Started process (PID=56) to work on /home/airflow/.local/lib/python3.10/site-packages/airflow/example_dags/example_time_delta_sensor_async.py
[2025-06-02T22:00:02.169+0000] {processor.py:829} INFO - Processing file /home/airflow/.local/lib/python3.10/site-packages/airflow/example_dags/example_time_delta_sensor_async.py for tasks to queue
[2025-06-02T22:00:02.173+0000] {logging_mixin.py:154} INFO - [2025-06-02T22:00:02.172+0000] {dagbag.py:536} INFO - Filling up the DagBag from /home/airflow/.local/lib/python3.10/site-packages/airflow/example_dags/example_time_delta_sensor_async.py
[2025-06-02T22:00:02.196+0000] {processor.py:839} INFO - DAG(s) dict_keys(['example_time_delta_sensor_async']) retrieved from /home/airflow/.local/lib/python3.10/site-packages/airflow/example_dags/example_time_delta_sensor_async.py
[2025-06-02T22:00:02.602+0000] {logging_mixin.py:154} INFO - [2025-06-02T22:00:02.602+0000] {manager.py:499} INFO - Created Permission View: %s
[2025-06-02T22:00:02.627+0000] {logging_mixin.py:154} INFO - [2025-06-02T22:00:02.627+0000] {manager.py:499} INFO - Created Permission View: %s
[2025-06-02T22:00:02.674+0000] {logging_mixin.py:154} INFO - [2025-06-02T22:00:02.674+0000] {manager.py:499} INFO - Created Permission View: %s
[2025-06-02T22:00:02.675+0000] {logging_mixin.py:154} INFO - [2025-06-02T22:00:02.675+0000] {dag.py:2941} INFO - Sync 1 DAGs
[2025-06-02T22:00:02.712+0000] {logging_mixin.py:154} INFO - [2025-06-02T22:00:02.712+0000] {dag.py:2963} INFO - Creating ORM DAG for example_time_delta_sensor_async
[2025-06-02T22:00:02.718+0000] {logging_mixin.py:154} INFO - [2025-06-02T22:00:02.718+0000] {dag.py:3722} INFO - Setting next_dagrun for example_time_delta_sensor_async to None, run_after=None
[2025-06-02T22:00:02.793+0000] {processor.py:179} INFO - Processing /home/airflow/.local/lib/python3.10/site-packages/airflow/example_dags/example_time_delta_sensor_async.py took 0.637 seconds
[2025-06-02T22:00:33.401+0000] {processor.py:157} INFO - Started process (PID=110) to work on /home/airflow/.local/lib/python3.10/site-packages/airflow/example_dags/example_time_delta_sensor_async.py
[2025-06-02T22:00:33.404+0000] {processor.py:829} INFO - Processing file /home/airflow/.local/lib/python3.10/site-packages/airflow/example_dags/example_time_delta_sensor_async.py for tasks to queue
[2025-06-02T22:00:33.408+0000] {logging_mixin.py:154} INFO - [2025-06-02T22:00:33.407+0000] {dagbag.py:536} INFO - Filling up the DagBag from /home/airflow/.local/lib/python3.10/site-packages/airflow/example_dags/example_time_delta_sensor_async.py
[2025-06-02T22:00:33.413+0000] {processor.py:839} INFO - DAG(s) dict_keys(['example_time_delta_sensor_async']) retrieved from /home/airflow/.local/lib/python3.10/site-packages/airflow/example_dags/example_time_delta_sensor_async.py
[2025-06-02T22:00:33.441+0000] {logging_mixin.py:154} INFO - [2025-06-02T22:00:33.441+0000] {dag.py:2941} INFO - Sync 1 DAGs
[2025-06-02T22:00:33.459+0000] {logging_mixin.py:154} INFO - [2025-06-02T22:00:33.459+0000] {dag.py:3722} INFO - Setting next_dagrun for example_time_delta_sensor_async to None, run_after=None
[2025-06-02T22:00:33.490+0000] {processor.py:179} INFO - Processing /home/airflow/.local/lib/python3.10/site-packages/airflow/example_dags/example_time_delta_sensor_async.py took 0.094 seconds
[2025-06-02T22:01:03.766+0000] {processor.py:157} INFO - Started process (PID=164) to work on /home/airflow/.local/lib/python3.10/site-packages/airflow/example_dags/example_time_delta_sensor_async.py
[2025-06-02T22:01:03.768+0000] {processor.py:829} INFO - Processing file /home/airflow/.local/lib/python3.10/site-packages/airflow/example_dags/example_time_delta_sensor_async.py for tasks to queue
[2025-06-02T22:01:03.772+0000] {logging_mixin.py:154} INFO - [2025-06-02T22:01:03.771+0000] {dagbag.py:536} INFO - Filling up the DagBag from /home/airflow/.local/lib/python3.10/site-packages/airflow/example_dags/example_time_delta_sensor_async.py
[2025-06-02T22:01:03.778+0000] {processor.py:839} INFO - DAG(s) dict_keys(['example_time_delta_sensor_async']) retrieved from /home/airflow/.local/lib/python3.10/site-packages/airflow/example_dags/example_time_delta_sensor_async.py
[2025-06-02T22:01:03.806+0000] {logging_mixin.py:154} INFO - [2025-06-02T22:01:03.806+0000] {dag.py:2941} INFO - Sync 1 DAGs
[2025-06-02T22:01:03.837+0000] {logging_mixin.py:154} INFO - [2025-06-02T22:01:03.837+0000] {dag.py:3722} INFO - Setting next_dagrun for example_time_delta_sensor_async to None, run_after=None
[2025-06-02T22:01:03.867+0000] {processor.py:179} INFO - Processing /home/airflow/.local/lib/python3.10/site-packages/airflow/example_dags/example_time_delta_sensor_async.py took 0.106 seconds
[2025-06-02T22:01:34.339+0000] {processor.py:157} INFO - Started process (PID=218) to work on /home/airflow/.local/lib/python3.10/site-packages/airflow/example_dags/example_time_delta_sensor_async.py
[2025-06-02T22:01:34.341+0000] {processor.py:829} INFO - Processing file /home/airflow/.local/lib/python3.10/site-packages/airflow/example_dags/example_time_delta_sensor_async.py for tasks to queue
[2025-06-02T22:01:34.345+0000] {logging_mixin.py:154} INFO - [2025-06-02T22:01:34.344+0000] {dagbag.py:536} INFO - Filling up the DagBag from /home/airflow/.local/lib/python3.10/site-packages/airflow/example_dags/example_time_delta_sensor_async.py
[2025-06-02T22:01:34.351+0000] {processor.py:839} INFO - DAG(s) dict_keys(['example_time_delta_sensor_async']) retrieved from /home/airflow/.local/lib/python3.10/site-packages/airflow/example_dags/example_time_delta_sensor_async.py
[2025-06-02T22:01:34.380+0000] {logging_mixin.py:154} INFO - [2025-06-02T22:01:34.380+0000] {dag.py:2941} INFO - Sync 1 DAGs
[2025-06-02T22:01:34.399+0000] {logging_mixin.py:154} INFO - [2025-06-02T22:01:34.398+0000] {dag.py:3722} INFO - Setting next_dagrun for example_time_delta_sensor_async to None, run_after=None
[2025-06-02T22:01:34.423+0000] {processor.py:179} INFO - Processing /home/airflow/.local/lib/python3.10/site-packages/airflow/example_dags/example_time_delta_sensor_async.py took 0.088 seconds
[2025-06-02T22:02:05.041+0000] {processor.py:157} INFO - Started process (PID=273) to work on /home/airflow/.local/lib/python3.10/site-packages/airflow/example_dags/example_time_delta_sensor_async.py
[2025-06-02T22:02:05.042+0000] {processor.py:829} INFO - Processing file /home/airflow/.local/lib/python3.10/site-packages/airflow/example_dags/example_time_delta_sensor_async.py for tasks to queue
[2025-06-02T22:02:05.046+0000] {logging_mixin.py:154} INFO - [2025-06-02T22:02:05.045+0000] {dagbag.py:536} INFO - Filling up the DagBag from /home/airflow/.local/lib/python3.10/site-packages/airflow/example_dags/example_time_delta_sensor_async.py
[2025-06-02T22:02:05.051+0000] {processor.py:839} INFO - DAG(s) dict_keys(['example_time_delta_sensor_async']) retrieved from /home/airflow/.local/lib/python3.10/site-packages/airflow/example_dags/example_time_delta_sensor_async.py
[2025-06-02T22:02:05.080+0000] {logging_mixin.py:154} INFO - [2025-06-02T22:02:05.080+0000] {dag.py:2941} INFO - Sync 1 DAGs
[2025-06-02T22:02:05.098+0000] {logging_mixin.py:154} INFO - [2025-06-02T22:02:05.098+0000] {dag.py:3722} INFO - Setting next_dagrun for example_time_delta_sensor_async to None, run_after=None
[2025-06-02T22:02:05.123+0000] {processor.py:179} INFO - Processing /home/airflow/.local/lib/python3.10/site-packages/airflow/example_dags/example_time_delta_sensor_async.py took 0.087 seconds
[2025-06-02T22:02:35.864+0000] {processor.py:157} INFO - Started process (PID=326) to work on /home/airflow/.local/lib/python3.10/site-packages/airflow/example_dags/example_time_delta_sensor_async.py
[2025-06-02T22:02:35.866+0000] {processor.py:829} INFO - Processing file /home/airflow/.local/lib/python3.10/site-packages/airflow/example_dags/example_time_delta_sensor_async.py for tasks to queue
[2025-06-02T22:02:35.870+0000] {logging_mixin.py:154} INFO - [2025-06-02T22:02:35.869+0000] {dagbag.py:536} INFO - Filling up the DagBag from /home/airflow/.local/lib/python3.10/site-packages/airflow/example_dags/example_time_delta_sensor_async.py
[2025-06-02T22:02:35.876+0000] {processor.py:839} INFO - DAG(s) dict_keys(['example_time_delta_sensor_async']) retrieved from /home/airflow/.local/lib/python3.10/site-packages/airflow/example_dags/example_time_delta_sensor_async.py
[2025-06-02T22:02:35.903+0000] {logging_mixin.py:154} INFO - [2025-06-02T22:02:35.903+0000] {dag.py:2941} INFO - Sync 1 DAGs
[2025-06-02T22:02:35.921+0000] {logging_mixin.py:154} INFO - [2025-06-02T22:02:35.921+0000] {dag.py:3722} INFO - Setting next_dagrun for example_time_delta_sensor_async to None, run_after=None
[2025-06-02T22:02:35.960+0000] {processor.py:179} INFO - Processing /home/airflow/.local/lib/python3.10/site-packages/airflow/example_dags/example_time_delta_sensor_async.py took 0.100 seconds
[2025-06-02T22:03:06.590+0000] {processor.py:157} INFO - Started process (PID=380) to work on /home/airflow/.local/lib/python3.10/site-packages/airflow/example_dags/example_time_delta_sensor_async.py
[2025-06-02T22:03:06.591+0000] {processor.py:829} INFO - Processing file /home/airflow/.local/lib/python3.10/site-packages/airflow/example_dags/example_time_delta_sensor_async.py for tasks to queue
[2025-06-02T22:03:06.595+0000] {logging_mixin.py:154} INFO - [2025-06-02T22:03:06.594+0000] {dagbag.py:536} INFO - Filling up the DagBag from /home/airflow/.local/lib/python3.10/site-packages/airflow/example_dags/example_time_delta_sensor_async.py
[2025-06-02T22:03:06.601+0000] {processor.py:839} INFO - DAG(s) dict_keys(['example_time_delta_sensor_async']) retrieved from /home/airflow/.local/lib/python3.10/site-packages/airflow/example_dags/example_time_delta_sensor_async.py
[2025-06-02T22:03:06.629+0000] {logging_mixin.py:154} INFO - [2025-06-02T22:03:06.628+0000] {dag.py:2941} INFO - Sync 1 DAGs
[2025-06-02T22:03:06.647+0000] {logging_mixin.py:154} INFO - [2025-06-02T22:03:06.646+0000] {dag.py:3722} INFO - Setting next_dagrun for example_time_delta_sensor_async to None, run_after=None
[2025-06-02T22:03:06.670+0000] {processor.py:179} INFO - Processing /home/airflow/.local/lib/python3.10/site-packages/airflow/example_dags/example_time_delta_sensor_async.py took 0.085 seconds
[2025-06-02T22:03:37.050+0000] {processor.py:157} INFO - Started process (PID=435) to work on /home/airflow/.local/lib/python3.10/site-packages/airflow/example_dags/example_time_delta_sensor_async.py
[2025-06-02T22:03:37.062+0000] {processor.py:829} INFO - Processing file /home/airflow/.local/lib/python3.10/site-packages/airflow/example_dags/example_time_delta_sensor_async.py for tasks to queue
[2025-06-02T22:03:37.065+0000] {logging_mixin.py:154} INFO - [2025-06-02T22:03:37.065+0000] {dagbag.py:536} INFO - Filling up the DagBag from /home/airflow/.local/lib/python3.10/site-packages/airflow/example_dags/example_time_delta_sensor_async.py
[2025-06-02T22:03:37.088+0000] {processor.py:839} INFO - DAG(s) dict_keys(['example_time_delta_sensor_async']) retrieved from /home/airflow/.local/lib/python3.10/site-packages/airflow/example_dags/example_time_delta_sensor_async.py
[2025-06-02T22:03:37.175+0000] {logging_mixin.py:154} INFO - [2025-06-02T22:03:37.175+0000] {dag.py:2941} INFO - Sync 1 DAGs
[2025-06-02T22:03:37.275+0000] {logging_mixin.py:154} INFO - [2025-06-02T22:03:37.275+0000] {dag.py:3722} INFO - Setting next_dagrun for example_time_delta_sensor_async to None, run_after=None
[2025-06-02T22:03:37.355+0000] {processor.py:179} INFO - Processing /home/airflow/.local/lib/python3.10/site-packages/airflow/example_dags/example_time_delta_sensor_async.py took 0.318 seconds
[2025-06-02T22:04:07.851+0000] {processor.py:157} INFO - Started process (PID=489) to work on /home/airflow/.local/lib/python3.10/site-packages/airflow/example_dags/example_time_delta_sensor_async.py
[2025-06-02T22:04:07.852+0000] {processor.py:829} INFO - Processing file /home/airflow/.local/lib/python3.10/site-packages/airflow/example_dags/example_time_delta_sensor_async.py for tasks to queue
[2025-06-02T22:04:07.856+0000] {logging_mixin.py:154} INFO - [2025-06-02T22:04:07.856+0000] {dagbag.py:536} INFO - Filling up the DagBag from /home/airflow/.local/lib/python3.10/site-packages/airflow/example_dags/example_time_delta_sensor_async.py
[2025-06-02T22:04:07.863+0000] {processor.py:839} INFO - DAG(s) dict_keys(['example_time_delta_sensor_async']) retrieved from /home/airflow/.local/lib/python3.10/site-packages/airflow/example_dags/example_time_delta_sensor_async.py
[2025-06-02T22:04:07.890+0000] {logging_mixin.py:154} INFO - [2025-06-02T22:04:07.889+0000] {dag.py:2941} INFO - Sync 1 DAGs
[2025-06-02T22:04:07.907+0000] {logging_mixin.py:154} INFO - [2025-06-02T22:04:07.907+0000] {dag.py:3722} INFO - Setting next_dagrun for example_time_delta_sensor_async to None, run_after=None
[2025-06-02T22:04:07.956+0000] {processor.py:179} INFO - Processing /home/airflow/.local/lib/python3.10/site-packages/airflow/example_dags/example_time_delta_sensor_async.py took 0.110 seconds
[2025-06-02T22:04:38.054+0000] {processor.py:157} INFO - Started process (PID=543) to work on /home/airflow/.local/lib/python3.10/site-packages/airflow/example_dags/example_time_delta_sensor_async.py
[2025-06-02T22:04:38.055+0000] {processor.py:829} INFO - Processing file /home/airflow/.local/lib/python3.10/site-packages/airflow/example_dags/example_time_delta_sensor_async.py for tasks to queue
[2025-06-02T22:04:38.059+0000] {logging_mixin.py:154} INFO - [2025-06-02T22:04:38.059+0000] {dagbag.py:536} INFO - Filling up the DagBag from /home/airflow/.local/lib/python3.10/site-packages/airflow/example_dags/example_time_delta_sensor_async.py
[2025-06-02T22:04:38.065+0000] {processor.py:839} INFO - DAG(s) dict_keys(['example_time_delta_sensor_async']) retrieved from /home/airflow/.local/lib/python3.10/site-packages/airflow/example_dags/example_time_delta_sensor_async.py
[2025-06-02T22:04:38.090+0000] {logging_mixin.py:154} INFO - [2025-06-02T22:04:38.090+0000] {dag.py:2941} INFO - Sync 1 DAGs
[2025-06-02T22:04:38.108+0000] {logging_mixin.py:154} INFO - [2025-06-02T22:04:38.108+0000] {dag.py:3722} INFO - Setting next_dagrun for example_time_delta_sensor_async to None, run_after=None
[2025-06-02T22:04:38.130+0000] {processor.py:179} INFO - Processing /home/airflow/.local/lib/python3.10/site-packages/airflow/example_dags/example_time_delta_sensor_async.py took 0.081 seconds
[2025-06-02T22:05:08.320+0000] {processor.py:157} INFO - Started process (PID=597) to work on /home/airflow/.local/lib/python3.10/site-packages/airflow/example_dags/example_time_delta_sensor_async.py
[2025-06-02T22:05:08.321+0000] {processor.py:829} INFO - Processing file /home/airflow/.local/lib/python3.10/site-packages/airflow/example_dags/example_time_delta_sensor_async.py for tasks to queue
[2025-06-02T22:05:08.325+0000] {logging_mixin.py:154} INFO - [2025-06-02T22:05:08.324+0000] {dagbag.py:536} INFO - Filling up the DagBag from /home/airflow/.local/lib/python3.10/site-packages/airflow/example_dags/example_time_delta_sensor_async.py
[2025-06-02T22:05:08.331+0000] {processor.py:839} INFO - DAG(s) dict_keys(['example_time_delta_sensor_async']) retrieved from /home/airflow/.local/lib/python3.10/site-packages/airflow/example_dags/example_time_delta_sensor_async.py
[2025-06-02T22:05:08.359+0000] {logging_mixin.py:154} INFO - [2025-06-02T22:05:08.358+0000] {dag.py:2941} INFO - Sync 1 DAGs
[2025-06-02T22:05:08.376+0000] {logging_mixin.py:154} INFO - [2025-06-02T22:05:08.376+0000] {dag.py:3722} INFO - Setting next_dagrun for example_time_delta_sensor_async to None, run_after=None
[2025-06-02T22:05:08.397+0000] {processor.py:179} INFO - Processing /home/airflow/.local/lib/python3.10/site-packages/airflow/example_dags/example_time_delta_sensor_async.py took 0.082 seconds
[2025-06-02T22:05:38.576+0000] {processor.py:157} INFO - Started process (PID=652) to work on /home/airflow/.local/lib/python3.10/site-packages/airflow/example_dags/example_time_delta_sensor_async.py
[2025-06-02T22:05:38.577+0000] {processor.py:829} INFO - Processing file /home/airflow/.local/lib/python3.10/site-packages/airflow/example_dags/example_time_delta_sensor_async.py for tasks to queue
[2025-06-02T22:05:38.580+0000] {logging_mixin.py:154} INFO - [2025-06-02T22:05:38.579+0000] {dagbag.py:536} INFO - Filling up the DagBag from /home/airflow/.local/lib/python3.10/site-packages/airflow/example_dags/example_time_delta_sensor_async.py
[2025-06-02T22:05:38.588+0000] {processor.py:839} INFO - DAG(s) dict_keys(['example_time_delta_sensor_async']) retrieved from /home/airflow/.local/lib/python3.10/site-packages/airflow/example_dags/example_time_delta_sensor_async.py
[2025-06-02T22:05:38.622+0000] {logging_mixin.py:154} INFO - [2025-06-02T22:05:38.621+0000] {dag.py:2941} INFO - Sync 1 DAGs
[2025-06-02T22:05:38.642+0000] {logging_mixin.py:154} INFO - [2025-06-02T22:05:38.642+0000] {dag.py:3722} INFO - Setting next_dagrun for example_time_delta_sensor_async to None, run_after=None
[2025-06-02T22:05:38.678+0000] {processor.py:179} INFO - Processing /home/airflow/.local/lib/python3.10/site-packages/airflow/example_dags/example_time_delta_sensor_async.py took 0.106 seconds
[2025-06-02T22:06:08.891+0000] {processor.py:157} INFO - Started process (PID=712) to work on /home/airflow/.local/lib/python3.10/site-packages/airflow/example_dags/example_time_delta_sensor_async.py
[2025-06-02T22:06:08.893+0000] {processor.py:829} INFO - Processing file /home/airflow/.local/lib/python3.10/site-packages/airflow/example_dags/example_time_delta_sensor_async.py for tasks to queue
[2025-06-02T22:06:08.896+0000] {logging_mixin.py:154} INFO - [2025-06-02T22:06:08.896+0000] {dagbag.py:536} INFO - Filling up the DagBag from /home/airflow/.local/lib/python3.10/site-packages/airflow/example_dags/example_time_delta_sensor_async.py
[2025-06-02T22:06:08.902+0000] {processor.py:839} INFO - DAG(s) dict_keys(['example_time_delta_sensor_async']) retrieved from /home/airflow/.local/lib/python3.10/site-packages/airflow/example_dags/example_time_delta_sensor_async.py
[2025-06-02T22:06:08.929+0000] {logging_mixin.py:154} INFO - [2025-06-02T22:06:08.928+0000] {dag.py:2941} INFO - Sync 1 DAGs
[2025-06-02T22:06:08.946+0000] {logging_mixin.py:154} INFO - [2025-06-02T22:06:08.946+0000] {dag.py:3722} INFO - Setting next_dagrun for example_time_delta_sensor_async to None, run_after=None
[2025-06-02T22:06:08.968+0000] {processor.py:179} INFO - Processing /home/airflow/.local/lib/python3.10/site-packages/airflow/example_dags/example_time_delta_sensor_async.py took 0.081 seconds
[2025-06-02T22:06:39.420+0000] {processor.py:157} INFO - Started process (PID=767) to work on /home/airflow/.local/lib/python3.10/site-packages/airflow/example_dags/example_time_delta_sensor_async.py
[2025-06-02T22:06:39.422+0000] {processor.py:829} INFO - Processing file /home/airflow/.local/lib/python3.10/site-packages/airflow/example_dags/example_time_delta_sensor_async.py for tasks to queue
[2025-06-02T22:06:39.424+0000] {logging_mixin.py:154} INFO - [2025-06-02T22:06:39.424+0000] {dagbag.py:536} INFO - Filling up the DagBag from /home/airflow/.local/lib/python3.10/site-packages/airflow/example_dags/example_time_delta_sensor_async.py
[2025-06-02T22:06:39.430+0000] {processor.py:839} INFO - DAG(s) dict_keys(['example_time_delta_sensor_async']) retrieved from /home/airflow/.local/lib/python3.10/site-packages/airflow/example_dags/example_time_delta_sensor_async.py
[2025-06-02T22:06:39.456+0000] {logging_mixin.py:154} INFO - [2025-06-02T22:06:39.455+0000] {dag.py:2941} INFO - Sync 1 DAGs
[2025-06-02T22:06:39.473+0000] {logging_mixin.py:154} INFO - [2025-06-02T22:06:39.473+0000] {dag.py:3722} INFO - Setting next_dagrun for example_time_delta_sensor_async to None, run_after=None
[2025-06-02T22:06:39.495+0000] {processor.py:179} INFO - Processing /home/airflow/.local/lib/python3.10/site-packages/airflow/example_dags/example_time_delta_sensor_async.py took 0.079 seconds
[2025-06-02T22:07:10.420+0000] {processor.py:157} INFO - Started process (PID=821) to work on /home/airflow/.local/lib/python3.10/site-packages/airflow/example_dags/example_time_delta_sensor_async.py
[2025-06-02T22:07:10.421+0000] {processor.py:829} INFO - Processing file /home/airflow/.local/lib/python3.10/site-packages/airflow/example_dags/example_time_delta_sensor_async.py for tasks to queue
[2025-06-02T22:07:10.424+0000] {logging_mixin.py:154} INFO - [2025-06-02T22:07:10.423+0000] {dagbag.py:536} INFO - Filling up the DagBag from /home/airflow/.local/lib/python3.10/site-packages/airflow/example_dags/example_time_delta_sensor_async.py
[2025-06-02T22:07:10.430+0000] {processor.py:839} INFO - DAG(s) dict_keys(['example_time_delta_sensor_async']) retrieved from /home/airflow/.local/lib/python3.10/site-packages/airflow/example_dags/example_time_delta_sensor_async.py
[2025-06-02T22:07:10.457+0000] {logging_mixin.py:154} INFO - [2025-06-02T22:07:10.456+0000] {dag.py:2941} INFO - Sync 1 DAGs
[2025-06-02T22:07:10.474+0000] {logging_mixin.py:154} INFO - [2025-06-02T22:07:10.474+0000] {dag.py:3722} INFO - Setting next_dagrun for example_time_delta_sensor_async to None, run_after=None
[2025-06-02T22:07:10.498+0000] {processor.py:179} INFO - Processing /home/airflow/.local/lib/python3.10/site-packages/airflow/example_dags/example_time_delta_sensor_async.py took 0.084 seconds
[2025-06-02T22:07:41.284+0000] {processor.py:157} INFO - Started process (PID=875) to work on /home/airflow/.local/lib/python3.10/site-packages/airflow/example_dags/example_time_delta_sensor_async.py
[2025-06-02T22:07:41.285+0000] {processor.py:829} INFO - Processing file /home/airflow/.local/lib/python3.10/site-packages/airflow/example_dags/example_time_delta_sensor_async.py for tasks to queue
[2025-06-02T22:07:41.288+0000] {logging_mixin.py:154} INFO - [2025-06-02T22:07:41.288+0000] {dagbag.py:536} INFO - Filling up the DagBag from /home/airflow/.local/lib/python3.10/site-packages/airflow/example_dags/example_time_delta_sensor_async.py
[2025-06-02T22:07:41.294+0000] {processor.py:839} INFO - DAG(s) dict_keys(['example_time_delta_sensor_async']) retrieved from /home/airflow/.local/lib/python3.10/site-packages/airflow/example_dags/example_time_delta_sensor_async.py
[2025-06-02T22:07:41.319+0000] {logging_mixin.py:154} INFO - [2025-06-02T22:07:41.319+0000] {dag.py:2941} INFO - Sync 1 DAGs
[2025-06-02T22:07:41.336+0000] {logging_mixin.py:154} INFO - [2025-06-02T22:07:41.336+0000] {dag.py:3722} INFO - Setting next_dagrun for example_time_delta_sensor_async to None, run_after=None
[2025-06-02T22:07:41.357+0000] {processor.py:179} INFO - Processing /home/airflow/.local/lib/python3.10/site-packages/airflow/example_dags/example_time_delta_sensor_async.py took 0.078 seconds
[2025-06-02T22:08:11.896+0000] {processor.py:157} INFO - Started process (PID=929) to work on /home/airflow/.local/lib/python3.10/site-packages/airflow/example_dags/example_time_delta_sensor_async.py
[2025-06-02T22:08:11.897+0000] {processor.py:829} INFO - Processing file /home/airflow/.local/lib/python3.10/site-packages/airflow/example_dags/example_time_delta_sensor_async.py for tasks to queue
[2025-06-02T22:08:11.901+0000] {logging_mixin.py:154} INFO - [2025-06-02T22:08:11.900+0000] {dagbag.py:536} INFO - Filling up the DagBag from /home/airflow/.local/lib/python3.10/site-packages/airflow/example_dags/example_time_delta_sensor_async.py
[2025-06-02T22:08:11.907+0000] {processor.py:839} INFO - DAG(s) dict_keys(['example_time_delta_sensor_async']) retrieved from /home/airflow/.local/lib/python3.10/site-packages/airflow/example_dags/example_time_delta_sensor_async.py
[2025-06-02T22:08:11.933+0000] {logging_mixin.py:154} INFO - [2025-06-02T22:08:11.933+0000] {dag.py:2941} INFO - Sync 1 DAGs
[2025-06-02T22:08:11.950+0000] {logging_mixin.py:154} INFO - [2025-06-02T22:08:11.950+0000] {dag.py:3722} INFO - Setting next_dagrun for example_time_delta_sensor_async to None, run_after=None
[2025-06-02T22:08:11.972+0000] {processor.py:179} INFO - Processing /home/airflow/.local/lib/python3.10/site-packages/airflow/example_dags/example_time_delta_sensor_async.py took 0.080 seconds
[2025-06-02T22:08:42.515+0000] {processor.py:157} INFO - Started process (PID=983) to work on /home/airflow/.local/lib/python3.10/site-packages/airflow/example_dags/example_time_delta_sensor_async.py
[2025-06-02T22:08:42.517+0000] {processor.py:829} INFO - Processing file /home/airflow/.local/lib/python3.10/site-packages/airflow/example_dags/example_time_delta_sensor_async.py for tasks to queue
[2025-06-02T22:08:42.521+0000] {logging_mixin.py:154} INFO - [2025-06-02T22:08:42.520+0000] {dagbag.py:536} INFO - Filling up the DagBag from /home/airflow/.local/lib/python3.10/site-packages/airflow/example_dags/example_time_delta_sensor_async.py
[2025-06-02T22:08:42.527+0000] {processor.py:839} INFO - DAG(s) dict_keys(['example_time_delta_sensor_async']) retrieved from /home/airflow/.local/lib/python3.10/site-packages/airflow/example_dags/example_time_delta_sensor_async.py
[2025-06-02T22:08:42.554+0000] {logging_mixin.py:154} INFO - [2025-06-02T22:08:42.554+0000] {dag.py:2941} INFO - Sync 1 DAGs
[2025-06-02T22:08:42.572+0000] {logging_mixin.py:154} INFO - [2025-06-02T22:08:42.572+0000] {dag.py:3722} INFO - Setting next_dagrun for example_time_delta_sensor_async to None, run_after=None
[2025-06-02T22:08:42.609+0000] {processor.py:179} INFO - Processing /home/airflow/.local/lib/python3.10/site-packages/airflow/example_dags/example_time_delta_sensor_async.py took 0.100 seconds
[2025-06-02T22:09:13.089+0000] {processor.py:157} INFO - Started process (PID=1037) to work on /home/airflow/.local/lib/python3.10/site-packages/airflow/example_dags/example_time_delta_sensor_async.py
[2025-06-02T22:09:13.099+0000] {processor.py:829} INFO - Processing file /home/airflow/.local/lib/python3.10/site-packages/airflow/example_dags/example_time_delta_sensor_async.py for tasks to queue
[2025-06-02T22:09:13.102+0000] {logging_mixin.py:154} INFO - [2025-06-02T22:09:13.101+0000] {dagbag.py:536} INFO - Filling up the DagBag from /home/airflow/.local/lib/python3.10/site-packages/airflow/example_dags/example_time_delta_sensor_async.py
[2025-06-02T22:09:13.124+0000] {processor.py:839} INFO - DAG(s) dict_keys(['example_time_delta_sensor_async']) retrieved from /home/airflow/.local/lib/python3.10/site-packages/airflow/example_dags/example_time_delta_sensor_async.py
[2025-06-02T22:09:13.185+0000] {logging_mixin.py:154} INFO - [2025-06-02T22:09:13.185+0000] {dag.py:2941} INFO - Sync 1 DAGs
[2025-06-02T22:09:13.228+0000] {logging_mixin.py:154} INFO - [2025-06-02T22:09:13.228+0000] {dag.py:3722} INFO - Setting next_dagrun for example_time_delta_sensor_async to None, run_after=None
[2025-06-02T22:09:13.268+0000] {processor.py:179} INFO - Processing /home/airflow/.local/lib/python3.10/site-packages/airflow/example_dags/example_time_delta_sensor_async.py took 0.202 seconds
[2025-06-02T22:09:43.754+0000] {processor.py:157} INFO - Started process (PID=1090) to work on /home/airflow/.local/lib/python3.10/site-packages/airflow/example_dags/example_time_delta_sensor_async.py
[2025-06-02T22:09:43.756+0000] {processor.py:829} INFO - Processing file /home/airflow/.local/lib/python3.10/site-packages/airflow/example_dags/example_time_delta_sensor_async.py for tasks to queue
[2025-06-02T22:09:43.767+0000] {logging_mixin.py:154} INFO - [2025-06-02T22:09:43.767+0000] {dagbag.py:536} INFO - Filling up the DagBag from /home/airflow/.local/lib/python3.10/site-packages/airflow/example_dags/example_time_delta_sensor_async.py
[2025-06-02T22:09:43.774+0000] {processor.py:839} INFO - DAG(s) dict_keys(['example_time_delta_sensor_async']) retrieved from /home/airflow/.local/lib/python3.10/site-packages/airflow/example_dags/example_time_delta_sensor_async.py
[2025-06-02T22:09:43.821+0000] {logging_mixin.py:154} INFO - [2025-06-02T22:09:43.820+0000] {dag.py:2941} INFO - Sync 1 DAGs
[2025-06-02T22:09:44.227+0000] {logging_mixin.py:154} INFO - [2025-06-02T22:09:44.226+0000] {dag.py:3722} INFO - Setting next_dagrun for example_time_delta_sensor_async to None, run_after=None
[2025-06-02T22:09:44.293+0000] {processor.py:179} INFO - Processing /home/airflow/.local/lib/python3.10/site-packages/airflow/example_dags/example_time_delta_sensor_async.py took 0.552 seconds
[2025-06-02T22:10:15.292+0000] {processor.py:157} INFO - Started process (PID=1144) to work on /home/airflow/.local/lib/python3.10/site-packages/airflow/example_dags/example_time_delta_sensor_async.py
[2025-06-02T22:10:15.294+0000] {processor.py:829} INFO - Processing file /home/airflow/.local/lib/python3.10/site-packages/airflow/example_dags/example_time_delta_sensor_async.py for tasks to queue
[2025-06-02T22:10:15.298+0000] {logging_mixin.py:154} INFO - [2025-06-02T22:10:15.297+0000] {dagbag.py:536} INFO - Filling up the DagBag from /home/airflow/.local/lib/python3.10/site-packages/airflow/example_dags/example_time_delta_sensor_async.py
[2025-06-02T22:10:15.304+0000] {processor.py:839} INFO - DAG(s) dict_keys(['example_time_delta_sensor_async']) retrieved from /home/airflow/.local/lib/python3.10/site-packages/airflow/example_dags/example_time_delta_sensor_async.py
[2025-06-02T22:10:15.337+0000] {logging_mixin.py:154} INFO - [2025-06-02T22:10:15.337+0000] {dag.py:2941} INFO - Sync 1 DAGs
[2025-06-02T22:10:15.356+0000] {logging_mixin.py:154} INFO - [2025-06-02T22:10:15.356+0000] {dag.py:3722} INFO - Setting next_dagrun for example_time_delta_sensor_async to None, run_after=None
[2025-06-02T22:10:15.569+0000] {processor.py:179} INFO - Processing /home/airflow/.local/lib/python3.10/site-packages/airflow/example_dags/example_time_delta_sensor_async.py took 0.281 seconds
[2025-06-02T22:10:46.107+0000] {processor.py:157} INFO - Started process (PID=1198) to work on /home/airflow/.local/lib/python3.10/site-packages/airflow/example_dags/example_time_delta_sensor_async.py
[2025-06-02T22:10:46.108+0000] {processor.py:829} INFO - Processing file /home/airflow/.local/lib/python3.10/site-packages/airflow/example_dags/example_time_delta_sensor_async.py for tasks to queue
[2025-06-02T22:10:46.112+0000] {logging_mixin.py:154} INFO - [2025-06-02T22:10:46.112+0000] {dagbag.py:536} INFO - Filling up the DagBag from /home/airflow/.local/lib/python3.10/site-packages/airflow/example_dags/example_time_delta_sensor_async.py
[2025-06-02T22:10:46.118+0000] {processor.py:839} INFO - DAG(s) dict_keys(['example_time_delta_sensor_async']) retrieved from /home/airflow/.local/lib/python3.10/site-packages/airflow/example_dags/example_time_delta_sensor_async.py
[2025-06-02T22:10:46.145+0000] {logging_mixin.py:154} INFO - [2025-06-02T22:10:46.145+0000] {dag.py:2941} INFO - Sync 1 DAGs
[2025-06-02T22:10:46.162+0000] {logging_mixin.py:154} INFO - [2025-06-02T22:10:46.162+0000] {dag.py:3722} INFO - Setting next_dagrun for example_time_delta_sensor_async to None, run_after=None
[2025-06-02T22:10:46.186+0000] {processor.py:179} INFO - Processing /home/airflow/.local/lib/python3.10/site-packages/airflow/example_dags/example_time_delta_sensor_async.py took 0.084 seconds
[2025-06-02T23:03:30.477+0000] {processor.py:157} INFO - Started process (PID=58) to work on /home/airflow/.local/lib/python3.10/site-packages/airflow/example_dags/example_time_delta_sensor_async.py
[2025-06-02T23:03:30.484+0000] {processor.py:829} INFO - Processing file /home/airflow/.local/lib/python3.10/site-packages/airflow/example_dags/example_time_delta_sensor_async.py for tasks to queue
[2025-06-02T23:03:30.494+0000] {logging_mixin.py:154} INFO - [2025-06-02T23:03:30.491+0000] {dagbag.py:536} INFO - Filling up the DagBag from /home/airflow/.local/lib/python3.10/site-packages/airflow/example_dags/example_time_delta_sensor_async.py
[2025-06-02T23:03:30.501+0000] {processor.py:839} INFO - DAG(s) dict_keys(['example_time_delta_sensor_async']) retrieved from /home/airflow/.local/lib/python3.10/site-packages/airflow/example_dags/example_time_delta_sensor_async.py
[2025-06-02T23:03:30.594+0000] {logging_mixin.py:154} INFO - [2025-06-02T23:03:30.594+0000] {dag.py:2941} INFO - Sync 1 DAGs
[2025-06-02T23:03:30.673+0000] {logging_mixin.py:154} INFO - [2025-06-02T23:03:30.672+0000] {dag.py:3722} INFO - Setting next_dagrun for example_time_delta_sensor_async to None, run_after=None
[2025-06-02T23:03:30.731+0000] {processor.py:179} INFO - Processing /home/airflow/.local/lib/python3.10/site-packages/airflow/example_dags/example_time_delta_sensor_async.py took 0.259 seconds
[2025-06-02T23:03:58.685+0000] {processor.py:157} INFO - Started process (PID=50) to work on /home/airflow/.local/lib/python3.10/site-packages/airflow/example_dags/example_time_delta_sensor_async.py
[2025-06-02T23:03:58.686+0000] {processor.py:829} INFO - Processing file /home/airflow/.local/lib/python3.10/site-packages/airflow/example_dags/example_time_delta_sensor_async.py for tasks to queue
[2025-06-02T23:03:58.694+0000] {logging_mixin.py:154} INFO - [2025-06-02T23:03:58.694+0000] {dagbag.py:536} INFO - Filling up the DagBag from /home/airflow/.local/lib/python3.10/site-packages/airflow/example_dags/example_time_delta_sensor_async.py
[2025-06-02T23:03:58.699+0000] {processor.py:839} INFO - DAG(s) dict_keys(['example_time_delta_sensor_async']) retrieved from /home/airflow/.local/lib/python3.10/site-packages/airflow/example_dags/example_time_delta_sensor_async.py
[2025-06-02T23:03:58.735+0000] {logging_mixin.py:154} INFO - [2025-06-02T23:03:58.735+0000] {dag.py:2941} INFO - Sync 1 DAGs
[2025-06-02T23:03:58.751+0000] {logging_mixin.py:154} INFO - [2025-06-02T23:03:58.751+0000] {dag.py:3722} INFO - Setting next_dagrun for example_time_delta_sensor_async to None, run_after=None
[2025-06-02T23:03:58.776+0000] {processor.py:179} INFO - Processing /home/airflow/.local/lib/python3.10/site-packages/airflow/example_dags/example_time_delta_sensor_async.py took 0.095 seconds
[2025-06-02T23:04:29.637+0000] {processor.py:157} INFO - Started process (PID=106) to work on /home/airflow/.local/lib/python3.10/site-packages/airflow/example_dags/example_time_delta_sensor_async.py
[2025-06-02T23:04:29.639+0000] {processor.py:829} INFO - Processing file /home/airflow/.local/lib/python3.10/site-packages/airflow/example_dags/example_time_delta_sensor_async.py for tasks to queue
[2025-06-02T23:04:29.643+0000] {logging_mixin.py:154} INFO - [2025-06-02T23:04:29.642+0000] {dagbag.py:536} INFO - Filling up the DagBag from /home/airflow/.local/lib/python3.10/site-packages/airflow/example_dags/example_time_delta_sensor_async.py
[2025-06-02T23:04:29.649+0000] {processor.py:839} INFO - DAG(s) dict_keys(['example_time_delta_sensor_async']) retrieved from /home/airflow/.local/lib/python3.10/site-packages/airflow/example_dags/example_time_delta_sensor_async.py
[2025-06-02T23:04:29.686+0000] {logging_mixin.py:154} INFO - [2025-06-02T23:04:29.686+0000] {dag.py:2941} INFO - Sync 1 DAGs
[2025-06-02T23:04:29.703+0000] {logging_mixin.py:154} INFO - [2025-06-02T23:04:29.703+0000] {dag.py:3722} INFO - Setting next_dagrun for example_time_delta_sensor_async to None, run_after=None
[2025-06-02T23:04:29.726+0000] {processor.py:179} INFO - Processing /home/airflow/.local/lib/python3.10/site-packages/airflow/example_dags/example_time_delta_sensor_async.py took 0.094 seconds
[2025-06-02T23:04:59.847+0000] {processor.py:157} INFO - Started process (PID=162) to work on /home/airflow/.local/lib/python3.10/site-packages/airflow/example_dags/example_time_delta_sensor_async.py
[2025-06-02T23:04:59.848+0000] {processor.py:829} INFO - Processing file /home/airflow/.local/lib/python3.10/site-packages/airflow/example_dags/example_time_delta_sensor_async.py for tasks to queue
[2025-06-02T23:04:59.851+0000] {logging_mixin.py:154} INFO - [2025-06-02T23:04:59.851+0000] {dagbag.py:536} INFO - Filling up the DagBag from /home/airflow/.local/lib/python3.10/site-packages/airflow/example_dags/example_time_delta_sensor_async.py
[2025-06-02T23:04:59.858+0000] {processor.py:839} INFO - DAG(s) dict_keys(['example_time_delta_sensor_async']) retrieved from /home/airflow/.local/lib/python3.10/site-packages/airflow/example_dags/example_time_delta_sensor_async.py
[2025-06-02T23:04:59.883+0000] {logging_mixin.py:154} INFO - [2025-06-02T23:04:59.883+0000] {dag.py:2941} INFO - Sync 1 DAGs
[2025-06-02T23:04:59.899+0000] {logging_mixin.py:154} INFO - [2025-06-02T23:04:59.899+0000] {dag.py:3722} INFO - Setting next_dagrun for example_time_delta_sensor_async to None, run_after=None
[2025-06-02T23:04:59.927+0000] {processor.py:179} INFO - Processing /home/airflow/.local/lib/python3.10/site-packages/airflow/example_dags/example_time_delta_sensor_async.py took 0.084 seconds
[2025-06-02T23:05:32.003+0000] {processor.py:157} INFO - Started process (PID=218) to work on /home/airflow/.local/lib/python3.10/site-packages/airflow/example_dags/example_time_delta_sensor_async.py
[2025-06-02T23:05:32.009+0000] {processor.py:829} INFO - Processing file /home/airflow/.local/lib/python3.10/site-packages/airflow/example_dags/example_time_delta_sensor_async.py for tasks to queue
[2025-06-02T23:05:32.012+0000] {logging_mixin.py:154} INFO - [2025-06-02T23:05:32.012+0000] {dagbag.py:536} INFO - Filling up the DagBag from /home/airflow/.local/lib/python3.10/site-packages/airflow/example_dags/example_time_delta_sensor_async.py
[2025-06-02T23:05:32.019+0000] {processor.py:839} INFO - DAG(s) dict_keys(['example_time_delta_sensor_async']) retrieved from /home/airflow/.local/lib/python3.10/site-packages/airflow/example_dags/example_time_delta_sensor_async.py
[2025-06-02T23:05:32.048+0000] {logging_mixin.py:154} INFO - [2025-06-02T23:05:32.048+0000] {dag.py:2941} INFO - Sync 1 DAGs
[2025-06-02T23:05:32.064+0000] {logging_mixin.py:154} INFO - [2025-06-02T23:05:32.064+0000] {dag.py:3722} INFO - Setting next_dagrun for example_time_delta_sensor_async to None, run_after=None
[2025-06-02T23:05:32.088+0000] {processor.py:179} INFO - Processing /home/airflow/.local/lib/python3.10/site-packages/airflow/example_dags/example_time_delta_sensor_async.py took 0.089 seconds
[2025-06-02T23:06:06.104+0000] {processor.py:157} INFO - Started process (PID=274) to work on /home/airflow/.local/lib/python3.10/site-packages/airflow/example_dags/example_time_delta_sensor_async.py
[2025-06-02T23:06:06.115+0000] {processor.py:829} INFO - Processing file /home/airflow/.local/lib/python3.10/site-packages/airflow/example_dags/example_time_delta_sensor_async.py for tasks to queue
[2025-06-02T23:06:06.121+0000] {logging_mixin.py:154} INFO - [2025-06-02T23:06:06.120+0000] {dagbag.py:536} INFO - Filling up the DagBag from /home/airflow/.local/lib/python3.10/site-packages/airflow/example_dags/example_time_delta_sensor_async.py
[2025-06-02T23:06:06.127+0000] {processor.py:839} INFO - DAG(s) dict_keys(['example_time_delta_sensor_async']) retrieved from /home/airflow/.local/lib/python3.10/site-packages/airflow/example_dags/example_time_delta_sensor_async.py
[2025-06-02T23:06:06.193+0000] {logging_mixin.py:154} INFO - [2025-06-02T23:06:06.193+0000] {dag.py:2941} INFO - Sync 1 DAGs
[2025-06-02T23:06:06.213+0000] {logging_mixin.py:154} INFO - [2025-06-02T23:06:06.213+0000] {dag.py:3722} INFO - Setting next_dagrun for example_time_delta_sensor_async to None, run_after=None
[2025-06-02T23:06:06.264+0000] {processor.py:179} INFO - Processing /home/airflow/.local/lib/python3.10/site-packages/airflow/example_dags/example_time_delta_sensor_async.py took 0.165 seconds
[2025-06-02T23:06:37.823+0000] {processor.py:157} INFO - Started process (PID=330) to work on /home/airflow/.local/lib/python3.10/site-packages/airflow/example_dags/example_time_delta_sensor_async.py
[2025-06-02T23:06:37.824+0000] {processor.py:829} INFO - Processing file /home/airflow/.local/lib/python3.10/site-packages/airflow/example_dags/example_time_delta_sensor_async.py for tasks to queue
[2025-06-02T23:06:37.839+0000] {logging_mixin.py:154} INFO - [2025-06-02T23:06:37.839+0000] {dagbag.py:536} INFO - Filling up the DagBag from /home/airflow/.local/lib/python3.10/site-packages/airflow/example_dags/example_time_delta_sensor_async.py
[2025-06-02T23:06:37.845+0000] {processor.py:839} INFO - DAG(s) dict_keys(['example_time_delta_sensor_async']) retrieved from /home/airflow/.local/lib/python3.10/site-packages/airflow/example_dags/example_time_delta_sensor_async.py
[2025-06-02T23:06:37.914+0000] {logging_mixin.py:154} INFO - [2025-06-02T23:06:37.914+0000] {dag.py:2941} INFO - Sync 1 DAGs
[2025-06-02T23:06:37.944+0000] {logging_mixin.py:154} INFO - [2025-06-02T23:06:37.944+0000] {dag.py:3722} INFO - Setting next_dagrun for example_time_delta_sensor_async to None, run_after=None
[2025-06-02T23:06:38.034+0000] {processor.py:179} INFO - Processing /home/airflow/.local/lib/python3.10/site-packages/airflow/example_dags/example_time_delta_sensor_async.py took 0.228 seconds
[2025-06-02T23:07:08.825+0000] {processor.py:157} INFO - Started process (PID=386) to work on /home/airflow/.local/lib/python3.10/site-packages/airflow/example_dags/example_time_delta_sensor_async.py
[2025-06-02T23:07:08.827+0000] {processor.py:829} INFO - Processing file /home/airflow/.local/lib/python3.10/site-packages/airflow/example_dags/example_time_delta_sensor_async.py for tasks to queue
[2025-06-02T23:07:08.830+0000] {logging_mixin.py:154} INFO - [2025-06-02T23:07:08.830+0000] {dagbag.py:536} INFO - Filling up the DagBag from /home/airflow/.local/lib/python3.10/site-packages/airflow/example_dags/example_time_delta_sensor_async.py
[2025-06-02T23:07:08.837+0000] {processor.py:839} INFO - DAG(s) dict_keys(['example_time_delta_sensor_async']) retrieved from /home/airflow/.local/lib/python3.10/site-packages/airflow/example_dags/example_time_delta_sensor_async.py
[2025-06-02T23:07:08.862+0000] {logging_mixin.py:154} INFO - [2025-06-02T23:07:08.862+0000] {dag.py:2941} INFO - Sync 1 DAGs
[2025-06-02T23:07:08.879+0000] {logging_mixin.py:154} INFO - [2025-06-02T23:07:08.879+0000] {dag.py:3722} INFO - Setting next_dagrun for example_time_delta_sensor_async to None, run_after=None
[2025-06-02T23:07:08.900+0000] {processor.py:179} INFO - Processing /home/airflow/.local/lib/python3.10/site-packages/airflow/example_dags/example_time_delta_sensor_async.py took 0.079 seconds
