[2025-06-02T21:59:53.912+0000] {processor.py:157} INFO - Started process (PID=39) to work on /home/airflow/.local/lib/python3.10/site-packages/airflow/example_dags/example_latest_only_with_trigger.py
[2025-06-02T21:59:53.913+0000] {processor.py:829} INFO - Processing file /home/airflow/.local/lib/python3.10/site-packages/airflow/example_dags/example_latest_only_with_trigger.py for tasks to queue
[2025-06-02T21:59:53.934+0000] {logging_mixin.py:154} INFO - [2025-06-02T21:59:53.934+0000] {dagbag.py:536} INFO - Filling up the DagBag from /home/airflow/.local/lib/python3.10/site-packages/airflow/example_dags/example_latest_only_with_trigger.py
[2025-06-02T21:59:53.970+0000] {processor.py:839} INFO - DAG(s) dict_keys(['latest_only_with_trigger']) retrieved from /home/airflow/.local/lib/python3.10/site-packages/airflow/example_dags/example_latest_only_with_trigger.py
[2025-06-02T21:59:54.454+0000] {logging_mixin.py:154} INFO - [2025-06-02T21:59:54.454+0000] {manager.py:499} INFO - Created Permission View: %s
[2025-06-02T21:59:54.485+0000] {logging_mixin.py:154} INFO - [2025-06-02T21:59:54.485+0000] {manager.py:499} INFO - Created Permission View: %s
[2025-06-02T21:59:54.504+0000] {logging_mixin.py:154} INFO - [2025-06-02T21:59:54.504+0000] {manager.py:499} INFO - Created Permission View: %s
[2025-06-02T21:59:54.505+0000] {logging_mixin.py:154} INFO - [2025-06-02T21:59:54.505+0000] {dag.py:2941} INFO - Sync 1 DAGs
[2025-06-02T21:59:54.550+0000] {logging_mixin.py:154} INFO - [2025-06-02T21:59:54.549+0000] {dag.py:2963} INFO - Creating ORM DAG for latest_only_with_trigger
[2025-06-02T21:59:54.591+0000] {logging_mixin.py:154} INFO - [2025-06-02T21:59:54.590+0000] {dag.py:3722} INFO - Setting next_dagrun for latest_only_with_trigger to 2025-06-02T17:59:54.590435+00:00, run_after=2025-06-02T21:59:54.590435+00:00
[2025-06-02T21:59:54.718+0000] {processor.py:179} INFO - Processing /home/airflow/.local/lib/python3.10/site-packages/airflow/example_dags/example_latest_only_with_trigger.py took 0.827 seconds
[2025-06-02T22:00:25.241+0000] {processor.py:157} INFO - Started process (PID=93) to work on /home/airflow/.local/lib/python3.10/site-packages/airflow/example_dags/example_latest_only_with_trigger.py
[2025-06-02T22:00:25.250+0000] {processor.py:829} INFO - Processing file /home/airflow/.local/lib/python3.10/site-packages/airflow/example_dags/example_latest_only_with_trigger.py for tasks to queue
[2025-06-02T22:00:25.255+0000] {logging_mixin.py:154} INFO - [2025-06-02T22:00:25.255+0000] {dagbag.py:536} INFO - Filling up the DagBag from /home/airflow/.local/lib/python3.10/site-packages/airflow/example_dags/example_latest_only_with_trigger.py
[2025-06-02T22:00:25.262+0000] {processor.py:839} INFO - DAG(s) dict_keys(['latest_only_with_trigger']) retrieved from /home/airflow/.local/lib/python3.10/site-packages/airflow/example_dags/example_latest_only_with_trigger.py
[2025-06-02T22:00:25.289+0000] {logging_mixin.py:154} INFO - [2025-06-02T22:00:25.289+0000] {dag.py:2941} INFO - Sync 1 DAGs
[2025-06-02T22:00:25.317+0000] {logging_mixin.py:154} INFO - [2025-06-02T22:00:25.317+0000] {dag.py:3722} INFO - Setting next_dagrun for latest_only_with_trigger to 2025-06-02T18:00:25.317078+00:00, run_after=2025-06-02T22:00:25.317078+00:00
[2025-06-02T22:00:25.341+0000] {processor.py:179} INFO - Processing /home/airflow/.local/lib/python3.10/site-packages/airflow/example_dags/example_latest_only_with_trigger.py took 0.104 seconds
[2025-06-02T22:00:55.693+0000] {processor.py:157} INFO - Started process (PID=147) to work on /home/airflow/.local/lib/python3.10/site-packages/airflow/example_dags/example_latest_only_with_trigger.py
[2025-06-02T22:00:55.694+0000] {processor.py:829} INFO - Processing file /home/airflow/.local/lib/python3.10/site-packages/airflow/example_dags/example_latest_only_with_trigger.py for tasks to queue
[2025-06-02T22:00:55.698+0000] {logging_mixin.py:154} INFO - [2025-06-02T22:00:55.698+0000] {dagbag.py:536} INFO - Filling up the DagBag from /home/airflow/.local/lib/python3.10/site-packages/airflow/example_dags/example_latest_only_with_trigger.py
[2025-06-02T22:00:55.705+0000] {processor.py:839} INFO - DAG(s) dict_keys(['latest_only_with_trigger']) retrieved from /home/airflow/.local/lib/python3.10/site-packages/airflow/example_dags/example_latest_only_with_trigger.py
[2025-06-02T22:00:55.732+0000] {logging_mixin.py:154} INFO - [2025-06-02T22:00:55.732+0000] {dag.py:2941} INFO - Sync 1 DAGs
[2025-06-02T22:00:55.762+0000] {logging_mixin.py:154} INFO - [2025-06-02T22:00:55.762+0000] {dag.py:3722} INFO - Setting next_dagrun for latest_only_with_trigger to 2025-06-02T18:00:55.762145+00:00, run_after=2025-06-02T22:00:55.762145+00:00
[2025-06-02T22:00:55.787+0000] {processor.py:179} INFO - Processing /home/airflow/.local/lib/python3.10/site-packages/airflow/example_dags/example_latest_only_with_trigger.py took 0.099 seconds
[2025-06-02T22:01:26.299+0000] {processor.py:157} INFO - Started process (PID=201) to work on /home/airflow/.local/lib/python3.10/site-packages/airflow/example_dags/example_latest_only_with_trigger.py
[2025-06-02T22:01:26.300+0000] {processor.py:829} INFO - Processing file /home/airflow/.local/lib/python3.10/site-packages/airflow/example_dags/example_latest_only_with_trigger.py for tasks to queue
[2025-06-02T22:01:26.303+0000] {logging_mixin.py:154} INFO - [2025-06-02T22:01:26.303+0000] {dagbag.py:536} INFO - Filling up the DagBag from /home/airflow/.local/lib/python3.10/site-packages/airflow/example_dags/example_latest_only_with_trigger.py
[2025-06-02T22:01:26.311+0000] {processor.py:839} INFO - DAG(s) dict_keys(['latest_only_with_trigger']) retrieved from /home/airflow/.local/lib/python3.10/site-packages/airflow/example_dags/example_latest_only_with_trigger.py
[2025-06-02T22:01:26.338+0000] {logging_mixin.py:154} INFO - [2025-06-02T22:01:26.338+0000] {dag.py:2941} INFO - Sync 1 DAGs
[2025-06-02T22:01:26.368+0000] {logging_mixin.py:154} INFO - [2025-06-02T22:01:26.368+0000] {dag.py:3722} INFO - Setting next_dagrun for latest_only_with_trigger to 2025-06-02T18:01:26.368050+00:00, run_after=2025-06-02T22:01:26.368050+00:00
[2025-06-02T22:01:26.393+0000] {processor.py:179} INFO - Processing /home/airflow/.local/lib/python3.10/site-packages/airflow/example_dags/example_latest_only_with_trigger.py took 0.099 seconds
[2025-06-02T22:01:56.838+0000] {processor.py:157} INFO - Started process (PID=256) to work on /home/airflow/.local/lib/python3.10/site-packages/airflow/example_dags/example_latest_only_with_trigger.py
[2025-06-02T22:01:56.848+0000] {processor.py:829} INFO - Processing file /home/airflow/.local/lib/python3.10/site-packages/airflow/example_dags/example_latest_only_with_trigger.py for tasks to queue
[2025-06-02T22:01:56.851+0000] {logging_mixin.py:154} INFO - [2025-06-02T22:01:56.851+0000] {dagbag.py:536} INFO - Filling up the DagBag from /home/airflow/.local/lib/python3.10/site-packages/airflow/example_dags/example_latest_only_with_trigger.py
[2025-06-02T22:01:56.859+0000] {processor.py:839} INFO - DAG(s) dict_keys(['latest_only_with_trigger']) retrieved from /home/airflow/.local/lib/python3.10/site-packages/airflow/example_dags/example_latest_only_with_trigger.py
[2025-06-02T22:01:56.940+0000] {logging_mixin.py:154} INFO - [2025-06-02T22:01:56.940+0000] {dag.py:2941} INFO - Sync 1 DAGs
[2025-06-02T22:01:56.982+0000] {logging_mixin.py:154} INFO - [2025-06-02T22:01:56.981+0000] {dag.py:3722} INFO - Setting next_dagrun for latest_only_with_trigger to 2025-06-02T18:01:56.981518+00:00, run_after=2025-06-02T22:01:56.981518+00:00
[2025-06-02T22:01:57.004+0000] {processor.py:179} INFO - Processing /home/airflow/.local/lib/python3.10/site-packages/airflow/example_dags/example_latest_only_with_trigger.py took 0.174 seconds
[2025-06-02T22:02:27.250+0000] {processor.py:157} INFO - Started process (PID=309) to work on /home/airflow/.local/lib/python3.10/site-packages/airflow/example_dags/example_latest_only_with_trigger.py
[2025-06-02T22:02:27.254+0000] {processor.py:829} INFO - Processing file /home/airflow/.local/lib/python3.10/site-packages/airflow/example_dags/example_latest_only_with_trigger.py for tasks to queue
[2025-06-02T22:02:27.262+0000] {logging_mixin.py:154} INFO - [2025-06-02T22:02:27.262+0000] {dagbag.py:536} INFO - Filling up the DagBag from /home/airflow/.local/lib/python3.10/site-packages/airflow/example_dags/example_latest_only_with_trigger.py
[2025-06-02T22:02:27.278+0000] {processor.py:839} INFO - DAG(s) dict_keys(['latest_only_with_trigger']) retrieved from /home/airflow/.local/lib/python3.10/site-packages/airflow/example_dags/example_latest_only_with_trigger.py
[2025-06-02T22:02:27.309+0000] {logging_mixin.py:154} INFO - [2025-06-02T22:02:27.309+0000] {dag.py:2941} INFO - Sync 1 DAGs
[2025-06-02T22:02:27.341+0000] {logging_mixin.py:154} INFO - [2025-06-02T22:02:27.340+0000] {dag.py:3722} INFO - Setting next_dagrun for latest_only_with_trigger to 2025-06-02T18:02:27.340567+00:00, run_after=2025-06-02T22:02:27.340567+00:00
[2025-06-02T22:02:27.379+0000] {processor.py:179} INFO - Processing /home/airflow/.local/lib/python3.10/site-packages/airflow/example_dags/example_latest_only_with_trigger.py took 0.146 seconds
[2025-06-02T22:02:57.680+0000] {processor.py:157} INFO - Started process (PID=363) to work on /home/airflow/.local/lib/python3.10/site-packages/airflow/example_dags/example_latest_only_with_trigger.py
[2025-06-02T22:02:57.681+0000] {processor.py:829} INFO - Processing file /home/airflow/.local/lib/python3.10/site-packages/airflow/example_dags/example_latest_only_with_trigger.py for tasks to queue
[2025-06-02T22:02:57.685+0000] {logging_mixin.py:154} INFO - [2025-06-02T22:02:57.685+0000] {dagbag.py:536} INFO - Filling up the DagBag from /home/airflow/.local/lib/python3.10/site-packages/airflow/example_dags/example_latest_only_with_trigger.py
[2025-06-02T22:02:57.693+0000] {processor.py:839} INFO - DAG(s) dict_keys(['latest_only_with_trigger']) retrieved from /home/airflow/.local/lib/python3.10/site-packages/airflow/example_dags/example_latest_only_with_trigger.py
[2025-06-02T22:02:57.720+0000] {logging_mixin.py:154} INFO - [2025-06-02T22:02:57.720+0000] {dag.py:2941} INFO - Sync 1 DAGs
[2025-06-02T22:02:57.750+0000] {logging_mixin.py:154} INFO - [2025-06-02T22:02:57.750+0000] {dag.py:3722} INFO - Setting next_dagrun for latest_only_with_trigger to 2025-06-02T18:02:57.750355+00:00, run_after=2025-06-02T22:02:57.750355+00:00
[2025-06-02T22:02:57.779+0000] {processor.py:179} INFO - Processing /home/airflow/.local/lib/python3.10/site-packages/airflow/example_dags/example_latest_only_with_trigger.py took 0.104 seconds
[2025-06-02T22:03:28.279+0000] {processor.py:157} INFO - Started process (PID=418) to work on /home/airflow/.local/lib/python3.10/site-packages/airflow/example_dags/example_latest_only_with_trigger.py
[2025-06-02T22:03:28.280+0000] {processor.py:829} INFO - Processing file /home/airflow/.local/lib/python3.10/site-packages/airflow/example_dags/example_latest_only_with_trigger.py for tasks to queue
[2025-06-02T22:03:28.284+0000] {logging_mixin.py:154} INFO - [2025-06-02T22:03:28.283+0000] {dagbag.py:536} INFO - Filling up the DagBag from /home/airflow/.local/lib/python3.10/site-packages/airflow/example_dags/example_latest_only_with_trigger.py
[2025-06-02T22:03:28.291+0000] {processor.py:839} INFO - DAG(s) dict_keys(['latest_only_with_trigger']) retrieved from /home/airflow/.local/lib/python3.10/site-packages/airflow/example_dags/example_latest_only_with_trigger.py
[2025-06-02T22:03:28.320+0000] {logging_mixin.py:154} INFO - [2025-06-02T22:03:28.319+0000] {dag.py:2941} INFO - Sync 1 DAGs
[2025-06-02T22:03:28.363+0000] {logging_mixin.py:154} INFO - [2025-06-02T22:03:28.362+0000] {dag.py:3722} INFO - Setting next_dagrun for latest_only_with_trigger to 2025-06-02T18:03:28.362659+00:00, run_after=2025-06-02T22:03:28.362659+00:00
[2025-06-02T22:03:28.413+0000] {processor.py:179} INFO - Processing /home/airflow/.local/lib/python3.10/site-packages/airflow/example_dags/example_latest_only_with_trigger.py took 0.139 seconds
[2025-06-02T22:03:58.491+0000] {processor.py:157} INFO - Started process (PID=471) to work on /home/airflow/.local/lib/python3.10/site-packages/airflow/example_dags/example_latest_only_with_trigger.py
[2025-06-02T22:03:58.492+0000] {processor.py:829} INFO - Processing file /home/airflow/.local/lib/python3.10/site-packages/airflow/example_dags/example_latest_only_with_trigger.py for tasks to queue
[2025-06-02T22:03:58.495+0000] {logging_mixin.py:154} INFO - [2025-06-02T22:03:58.495+0000] {dagbag.py:536} INFO - Filling up the DagBag from /home/airflow/.local/lib/python3.10/site-packages/airflow/example_dags/example_latest_only_with_trigger.py
[2025-06-02T22:03:58.503+0000] {processor.py:839} INFO - DAG(s) dict_keys(['latest_only_with_trigger']) retrieved from /home/airflow/.local/lib/python3.10/site-packages/airflow/example_dags/example_latest_only_with_trigger.py
[2025-06-02T22:03:58.524+0000] {logging_mixin.py:154} INFO - [2025-06-02T22:03:58.524+0000] {dag.py:2941} INFO - Sync 1 DAGs
[2025-06-02T22:03:58.546+0000] {logging_mixin.py:154} INFO - [2025-06-02T22:03:58.546+0000] {dag.py:3722} INFO - Setting next_dagrun for latest_only_with_trigger to 2025-06-02T18:03:58.546040+00:00, run_after=2025-06-02T22:03:58.546040+00:00
[2025-06-02T22:03:58.563+0000] {processor.py:179} INFO - Processing /home/airflow/.local/lib/python3.10/site-packages/airflow/example_dags/example_latest_only_with_trigger.py took 0.079 seconds
[2025-06-02T22:04:28.753+0000] {processor.py:157} INFO - Started process (PID=525) to work on /home/airflow/.local/lib/python3.10/site-packages/airflow/example_dags/example_latest_only_with_trigger.py
[2025-06-02T22:04:28.754+0000] {processor.py:829} INFO - Processing file /home/airflow/.local/lib/python3.10/site-packages/airflow/example_dags/example_latest_only_with_trigger.py for tasks to queue
[2025-06-02T22:04:28.757+0000] {logging_mixin.py:154} INFO - [2025-06-02T22:04:28.757+0000] {dagbag.py:536} INFO - Filling up the DagBag from /home/airflow/.local/lib/python3.10/site-packages/airflow/example_dags/example_latest_only_with_trigger.py
[2025-06-02T22:04:28.766+0000] {processor.py:839} INFO - DAG(s) dict_keys(['latest_only_with_trigger']) retrieved from /home/airflow/.local/lib/python3.10/site-packages/airflow/example_dags/example_latest_only_with_trigger.py
[2025-06-02T22:04:28.810+0000] {logging_mixin.py:154} INFO - [2025-06-02T22:04:28.810+0000] {dag.py:2941} INFO - Sync 1 DAGs
[2025-06-02T22:04:28.840+0000] {logging_mixin.py:154} INFO - [2025-06-02T22:04:28.840+0000] {dag.py:3722} INFO - Setting next_dagrun for latest_only_with_trigger to 2025-06-02T18:04:28.839913+00:00, run_after=2025-06-02T22:04:28.839913+00:00
[2025-06-02T22:04:28.867+0000] {processor.py:179} INFO - Processing /home/airflow/.local/lib/python3.10/site-packages/airflow/example_dags/example_latest_only_with_trigger.py took 0.119 seconds
[2025-06-02T22:04:59.103+0000] {processor.py:157} INFO - Started process (PID=579) to work on /home/airflow/.local/lib/python3.10/site-packages/airflow/example_dags/example_latest_only_with_trigger.py
[2025-06-02T22:04:59.104+0000] {processor.py:829} INFO - Processing file /home/airflow/.local/lib/python3.10/site-packages/airflow/example_dags/example_latest_only_with_trigger.py for tasks to queue
[2025-06-02T22:04:59.107+0000] {logging_mixin.py:154} INFO - [2025-06-02T22:04:59.106+0000] {dagbag.py:536} INFO - Filling up the DagBag from /home/airflow/.local/lib/python3.10/site-packages/airflow/example_dags/example_latest_only_with_trigger.py
[2025-06-02T22:04:59.116+0000] {processor.py:839} INFO - DAG(s) dict_keys(['latest_only_with_trigger']) retrieved from /home/airflow/.local/lib/python3.10/site-packages/airflow/example_dags/example_latest_only_with_trigger.py
[2025-06-02T22:04:59.144+0000] {logging_mixin.py:154} INFO - [2025-06-02T22:04:59.143+0000] {dag.py:2941} INFO - Sync 1 DAGs
[2025-06-02T22:04:59.179+0000] {logging_mixin.py:154} INFO - [2025-06-02T22:04:59.179+0000] {dag.py:3722} INFO - Setting next_dagrun for latest_only_with_trigger to 2025-06-02T18:04:59.178861+00:00, run_after=2025-06-02T22:04:59.178861+00:00
[2025-06-02T22:04:59.207+0000] {processor.py:179} INFO - Processing /home/airflow/.local/lib/python3.10/site-packages/airflow/example_dags/example_latest_only_with_trigger.py took 0.109 seconds
[2025-06-02T22:05:29.949+0000] {processor.py:157} INFO - Started process (PID=634) to work on /home/airflow/.local/lib/python3.10/site-packages/airflow/example_dags/example_latest_only_with_trigger.py
[2025-06-02T22:05:29.950+0000] {processor.py:829} INFO - Processing file /home/airflow/.local/lib/python3.10/site-packages/airflow/example_dags/example_latest_only_with_trigger.py for tasks to queue
[2025-06-02T22:05:29.953+0000] {logging_mixin.py:154} INFO - [2025-06-02T22:05:29.953+0000] {dagbag.py:536} INFO - Filling up the DagBag from /home/airflow/.local/lib/python3.10/site-packages/airflow/example_dags/example_latest_only_with_trigger.py
[2025-06-02T22:05:29.962+0000] {processor.py:839} INFO - DAG(s) dict_keys(['latest_only_with_trigger']) retrieved from /home/airflow/.local/lib/python3.10/site-packages/airflow/example_dags/example_latest_only_with_trigger.py
[2025-06-02T22:05:29.989+0000] {logging_mixin.py:154} INFO - [2025-06-02T22:05:29.989+0000] {dag.py:2941} INFO - Sync 1 DAGs
[2025-06-02T22:05:30.021+0000] {logging_mixin.py:154} INFO - [2025-06-02T22:05:30.021+0000] {dag.py:3722} INFO - Setting next_dagrun for latest_only_with_trigger to 2025-06-02T18:05:30.020931+00:00, run_after=2025-06-02T22:05:30.020931+00:00
[2025-06-02T22:05:30.054+0000] {processor.py:179} INFO - Processing /home/airflow/.local/lib/python3.10/site-packages/airflow/example_dags/example_latest_only_with_trigger.py took 0.110 seconds
[2025-06-02T22:06:00.259+0000] {processor.py:157} INFO - Started process (PID=688) to work on /home/airflow/.local/lib/python3.10/site-packages/airflow/example_dags/example_latest_only_with_trigger.py
[2025-06-02T22:06:00.261+0000] {processor.py:829} INFO - Processing file /home/airflow/.local/lib/python3.10/site-packages/airflow/example_dags/example_latest_only_with_trigger.py for tasks to queue
[2025-06-02T22:06:00.264+0000] {logging_mixin.py:154} INFO - [2025-06-02T22:06:00.263+0000] {dagbag.py:536} INFO - Filling up the DagBag from /home/airflow/.local/lib/python3.10/site-packages/airflow/example_dags/example_latest_only_with_trigger.py
[2025-06-02T22:06:00.271+0000] {processor.py:839} INFO - DAG(s) dict_keys(['latest_only_with_trigger']) retrieved from /home/airflow/.local/lib/python3.10/site-packages/airflow/example_dags/example_latest_only_with_trigger.py
[2025-06-02T22:06:00.303+0000] {logging_mixin.py:154} INFO - [2025-06-02T22:06:00.302+0000] {dag.py:2941} INFO - Sync 1 DAGs
[2025-06-02T22:06:00.335+0000] {logging_mixin.py:154} INFO - [2025-06-02T22:06:00.335+0000] {dag.py:3722} INFO - Setting next_dagrun for latest_only_with_trigger to 2025-06-02T18:06:00.334747+00:00, run_after=2025-06-02T22:06:00.334747+00:00
[2025-06-02T22:06:00.364+0000] {processor.py:179} INFO - Processing /home/airflow/.local/lib/python3.10/site-packages/airflow/example_dags/example_latest_only_with_trigger.py took 0.109 seconds
[2025-06-02T22:06:30.599+0000] {processor.py:157} INFO - Started process (PID=741) to work on /home/airflow/.local/lib/python3.10/site-packages/airflow/example_dags/example_latest_only_with_trigger.py
[2025-06-02T22:06:30.600+0000] {processor.py:829} INFO - Processing file /home/airflow/.local/lib/python3.10/site-packages/airflow/example_dags/example_latest_only_with_trigger.py for tasks to queue
[2025-06-02T22:06:30.603+0000] {logging_mixin.py:154} INFO - [2025-06-02T22:06:30.603+0000] {dagbag.py:536} INFO - Filling up the DagBag from /home/airflow/.local/lib/python3.10/site-packages/airflow/example_dags/example_latest_only_with_trigger.py
[2025-06-02T22:06:30.611+0000] {processor.py:839} INFO - DAG(s) dict_keys(['latest_only_with_trigger']) retrieved from /home/airflow/.local/lib/python3.10/site-packages/airflow/example_dags/example_latest_only_with_trigger.py
[2025-06-02T22:06:30.644+0000] {logging_mixin.py:154} INFO - [2025-06-02T22:06:30.643+0000] {dag.py:2941} INFO - Sync 1 DAGs
[2025-06-02T22:06:30.682+0000] {logging_mixin.py:154} INFO - [2025-06-02T22:06:30.681+0000] {dag.py:3722} INFO - Setting next_dagrun for latest_only_with_trigger to 2025-06-02T18:06:30.681568+00:00, run_after=2025-06-02T22:06:30.681568+00:00
[2025-06-02T22:06:30.729+0000] {processor.py:179} INFO - Processing /home/airflow/.local/lib/python3.10/site-packages/airflow/example_dags/example_latest_only_with_trigger.py took 0.134 seconds
[2025-06-02T22:07:01.554+0000] {processor.py:157} INFO - Started process (PID=796) to work on /home/airflow/.local/lib/python3.10/site-packages/airflow/example_dags/example_latest_only_with_trigger.py
[2025-06-02T22:07:01.555+0000] {processor.py:829} INFO - Processing file /home/airflow/.local/lib/python3.10/site-packages/airflow/example_dags/example_latest_only_with_trigger.py for tasks to queue
[2025-06-02T22:07:01.558+0000] {logging_mixin.py:154} INFO - [2025-06-02T22:07:01.558+0000] {dagbag.py:536} INFO - Filling up the DagBag from /home/airflow/.local/lib/python3.10/site-packages/airflow/example_dags/example_latest_only_with_trigger.py
[2025-06-02T22:07:01.566+0000] {processor.py:839} INFO - DAG(s) dict_keys(['latest_only_with_trigger']) retrieved from /home/airflow/.local/lib/python3.10/site-packages/airflow/example_dags/example_latest_only_with_trigger.py
[2025-06-02T22:07:01.593+0000] {logging_mixin.py:154} INFO - [2025-06-02T22:07:01.593+0000] {dag.py:2941} INFO - Sync 1 DAGs
[2025-06-02T22:07:01.623+0000] {logging_mixin.py:154} INFO - [2025-06-02T22:07:01.623+0000] {dag.py:3722} INFO - Setting next_dagrun for latest_only_with_trigger to 2025-06-02T18:07:01.623168+00:00, run_after=2025-06-02T22:07:01.623168+00:00
[2025-06-02T22:07:01.666+0000] {processor.py:179} INFO - Processing /home/airflow/.local/lib/python3.10/site-packages/airflow/example_dags/example_latest_only_with_trigger.py took 0.116 seconds
[2025-06-02T22:07:31.730+0000] {processor.py:157} INFO - Started process (PID=850) to work on /home/airflow/.local/lib/python3.10/site-packages/airflow/example_dags/example_latest_only_with_trigger.py
[2025-06-02T22:07:31.742+0000] {processor.py:829} INFO - Processing file /home/airflow/.local/lib/python3.10/site-packages/airflow/example_dags/example_latest_only_with_trigger.py for tasks to queue
[2025-06-02T22:07:31.745+0000] {logging_mixin.py:154} INFO - [2025-06-02T22:07:31.744+0000] {dagbag.py:536} INFO - Filling up the DagBag from /home/airflow/.local/lib/python3.10/site-packages/airflow/example_dags/example_latest_only_with_trigger.py
[2025-06-02T22:07:31.773+0000] {processor.py:839} INFO - DAG(s) dict_keys(['latest_only_with_trigger']) retrieved from /home/airflow/.local/lib/python3.10/site-packages/airflow/example_dags/example_latest_only_with_trigger.py
[2025-06-02T22:07:31.867+0000] {logging_mixin.py:154} INFO - [2025-06-02T22:07:31.866+0000] {dag.py:2941} INFO - Sync 1 DAGs
[2025-06-02T22:07:31.959+0000] {logging_mixin.py:154} INFO - [2025-06-02T22:07:31.958+0000] {dag.py:3722} INFO - Setting next_dagrun for latest_only_with_trigger to 2025-06-02T18:07:31.958501+00:00, run_after=2025-06-02T22:07:31.958501+00:00
[2025-06-02T22:07:32.042+0000] {processor.py:179} INFO - Processing /home/airflow/.local/lib/python3.10/site-packages/airflow/example_dags/example_latest_only_with_trigger.py took 0.325 seconds
[2025-06-02T22:08:02.258+0000] {processor.py:157} INFO - Started process (PID=904) to work on /home/airflow/.local/lib/python3.10/site-packages/airflow/example_dags/example_latest_only_with_trigger.py
[2025-06-02T22:08:02.259+0000] {processor.py:829} INFO - Processing file /home/airflow/.local/lib/python3.10/site-packages/airflow/example_dags/example_latest_only_with_trigger.py for tasks to queue
[2025-06-02T22:08:02.262+0000] {logging_mixin.py:154} INFO - [2025-06-02T22:08:02.262+0000] {dagbag.py:536} INFO - Filling up the DagBag from /home/airflow/.local/lib/python3.10/site-packages/airflow/example_dags/example_latest_only_with_trigger.py
[2025-06-02T22:08:02.269+0000] {processor.py:839} INFO - DAG(s) dict_keys(['latest_only_with_trigger']) retrieved from /home/airflow/.local/lib/python3.10/site-packages/airflow/example_dags/example_latest_only_with_trigger.py
[2025-06-02T22:08:02.297+0000] {logging_mixin.py:154} INFO - [2025-06-02T22:08:02.297+0000] {dag.py:2941} INFO - Sync 1 DAGs
[2025-06-02T22:08:02.517+0000] {logging_mixin.py:154} INFO - [2025-06-02T22:08:02.516+0000] {dag.py:3722} INFO - Setting next_dagrun for latest_only_with_trigger to 2025-06-02T18:08:02.516650+00:00, run_after=2025-06-02T22:08:02.516650+00:00
[2025-06-02T22:08:02.544+0000] {processor.py:179} INFO - Processing /home/airflow/.local/lib/python3.10/site-packages/airflow/example_dags/example_latest_only_with_trigger.py took 0.291 seconds
[2025-06-02T22:08:32.636+0000] {processor.py:157} INFO - Started process (PID=958) to work on /home/airflow/.local/lib/python3.10/site-packages/airflow/example_dags/example_latest_only_with_trigger.py
[2025-06-02T22:08:32.637+0000] {processor.py:829} INFO - Processing file /home/airflow/.local/lib/python3.10/site-packages/airflow/example_dags/example_latest_only_with_trigger.py for tasks to queue
[2025-06-02T22:08:32.641+0000] {logging_mixin.py:154} INFO - [2025-06-02T22:08:32.641+0000] {dagbag.py:536} INFO - Filling up the DagBag from /home/airflow/.local/lib/python3.10/site-packages/airflow/example_dags/example_latest_only_with_trigger.py
[2025-06-02T22:08:32.648+0000] {processor.py:839} INFO - DAG(s) dict_keys(['latest_only_with_trigger']) retrieved from /home/airflow/.local/lib/python3.10/site-packages/airflow/example_dags/example_latest_only_with_trigger.py
[2025-06-02T22:08:32.676+0000] {logging_mixin.py:154} INFO - [2025-06-02T22:08:32.676+0000] {dag.py:2941} INFO - Sync 1 DAGs
[2025-06-02T22:08:32.705+0000] {logging_mixin.py:154} INFO - [2025-06-02T22:08:32.705+0000] {dag.py:3722} INFO - Setting next_dagrun for latest_only_with_trigger to 2025-06-02T18:08:32.705054+00:00, run_after=2025-06-02T22:08:32.705054+00:00
[2025-06-02T22:08:32.726+0000] {processor.py:179} INFO - Processing /home/airflow/.local/lib/python3.10/site-packages/airflow/example_dags/example_latest_only_with_trigger.py took 0.094 seconds
[2025-06-02T22:09:02.930+0000] {processor.py:157} INFO - Started process (PID=1012) to work on /home/airflow/.local/lib/python3.10/site-packages/airflow/example_dags/example_latest_only_with_trigger.py
[2025-06-02T22:09:02.934+0000] {processor.py:829} INFO - Processing file /home/airflow/.local/lib/python3.10/site-packages/airflow/example_dags/example_latest_only_with_trigger.py for tasks to queue
[2025-06-02T22:09:02.937+0000] {logging_mixin.py:154} INFO - [2025-06-02T22:09:02.937+0000] {dagbag.py:536} INFO - Filling up the DagBag from /home/airflow/.local/lib/python3.10/site-packages/airflow/example_dags/example_latest_only_with_trigger.py
[2025-06-02T22:09:02.945+0000] {processor.py:839} INFO - DAG(s) dict_keys(['latest_only_with_trigger']) retrieved from /home/airflow/.local/lib/python3.10/site-packages/airflow/example_dags/example_latest_only_with_trigger.py
[2025-06-02T22:09:03.002+0000] {logging_mixin.py:154} INFO - [2025-06-02T22:09:03.000+0000] {dag.py:2941} INFO - Sync 1 DAGs
[2025-06-02T22:09:03.061+0000] {logging_mixin.py:154} INFO - [2025-06-02T22:09:03.061+0000] {dag.py:3722} INFO - Setting next_dagrun for latest_only_with_trigger to 2025-06-02T18:09:03.061192+00:00, run_after=2025-06-02T22:09:03.061192+00:00
[2025-06-02T22:09:03.080+0000] {processor.py:179} INFO - Processing /home/airflow/.local/lib/python3.10/site-packages/airflow/example_dags/example_latest_only_with_trigger.py took 0.155 seconds
[2025-06-02T22:09:33.679+0000] {processor.py:157} INFO - Started process (PID=1066) to work on /home/airflow/.local/lib/python3.10/site-packages/airflow/example_dags/example_latest_only_with_trigger.py
[2025-06-02T22:09:33.681+0000] {processor.py:829} INFO - Processing file /home/airflow/.local/lib/python3.10/site-packages/airflow/example_dags/example_latest_only_with_trigger.py for tasks to queue
[2025-06-02T22:09:33.684+0000] {logging_mixin.py:154} INFO - [2025-06-02T22:09:33.684+0000] {dagbag.py:536} INFO - Filling up the DagBag from /home/airflow/.local/lib/python3.10/site-packages/airflow/example_dags/example_latest_only_with_trigger.py
[2025-06-02T22:09:33.693+0000] {processor.py:839} INFO - DAG(s) dict_keys(['latest_only_with_trigger']) retrieved from /home/airflow/.local/lib/python3.10/site-packages/airflow/example_dags/example_latest_only_with_trigger.py
[2025-06-02T22:09:33.721+0000] {logging_mixin.py:154} INFO - [2025-06-02T22:09:33.720+0000] {dag.py:2941} INFO - Sync 1 DAGs
[2025-06-02T22:09:33.947+0000] {logging_mixin.py:154} INFO - [2025-06-02T22:09:33.947+0000] {dag.py:3722} INFO - Setting next_dagrun for latest_only_with_trigger to 2025-06-02T18:09:33.947444+00:00, run_after=2025-06-02T22:09:33.947444+00:00
[2025-06-02T22:09:33.971+0000] {processor.py:179} INFO - Processing /home/airflow/.local/lib/python3.10/site-packages/airflow/example_dags/example_latest_only_with_trigger.py took 0.297 seconds
[2025-06-02T22:10:04.172+0000] {processor.py:157} INFO - Started process (PID=1119) to work on /home/airflow/.local/lib/python3.10/site-packages/airflow/example_dags/example_latest_only_with_trigger.py
[2025-06-02T22:10:04.173+0000] {processor.py:829} INFO - Processing file /home/airflow/.local/lib/python3.10/site-packages/airflow/example_dags/example_latest_only_with_trigger.py for tasks to queue
[2025-06-02T22:10:04.178+0000] {logging_mixin.py:154} INFO - [2025-06-02T22:10:04.176+0000] {dagbag.py:536} INFO - Filling up the DagBag from /home/airflow/.local/lib/python3.10/site-packages/airflow/example_dags/example_latest_only_with_trigger.py
[2025-06-02T22:10:04.185+0000] {processor.py:839} INFO - DAG(s) dict_keys(['latest_only_with_trigger']) retrieved from /home/airflow/.local/lib/python3.10/site-packages/airflow/example_dags/example_latest_only_with_trigger.py
[2025-06-02T22:10:04.214+0000] {logging_mixin.py:154} INFO - [2025-06-02T22:10:04.214+0000] {dag.py:2941} INFO - Sync 1 DAGs
[2025-06-02T22:10:04.245+0000] {logging_mixin.py:154} INFO - [2025-06-02T22:10:04.245+0000] {dag.py:3722} INFO - Setting next_dagrun for latest_only_with_trigger to 2025-06-02T18:10:04.245157+00:00, run_after=2025-06-02T22:10:04.245157+00:00
[2025-06-02T22:10:04.459+0000] {processor.py:179} INFO - Processing /home/airflow/.local/lib/python3.10/site-packages/airflow/example_dags/example_latest_only_with_trigger.py took 0.292 seconds
[2025-06-02T22:10:35.417+0000] {processor.py:157} INFO - Started process (PID=1173) to work on /home/airflow/.local/lib/python3.10/site-packages/airflow/example_dags/example_latest_only_with_trigger.py
[2025-06-02T22:10:35.419+0000] {processor.py:829} INFO - Processing file /home/airflow/.local/lib/python3.10/site-packages/airflow/example_dags/example_latest_only_with_trigger.py for tasks to queue
[2025-06-02T22:10:35.428+0000] {logging_mixin.py:154} INFO - [2025-06-02T22:10:35.427+0000] {dagbag.py:536} INFO - Filling up the DagBag from /home/airflow/.local/lib/python3.10/site-packages/airflow/example_dags/example_latest_only_with_trigger.py
[2025-06-02T22:10:35.444+0000] {processor.py:839} INFO - DAG(s) dict_keys(['latest_only_with_trigger']) retrieved from /home/airflow/.local/lib/python3.10/site-packages/airflow/example_dags/example_latest_only_with_trigger.py
[2025-06-02T22:10:35.513+0000] {logging_mixin.py:154} INFO - [2025-06-02T22:10:35.512+0000] {dag.py:2941} INFO - Sync 1 DAGs
[2025-06-02T22:10:35.542+0000] {logging_mixin.py:154} INFO - [2025-06-02T22:10:35.542+0000] {dag.py:3722} INFO - Setting next_dagrun for latest_only_with_trigger to 2025-06-02T18:10:35.542018+00:00, run_after=2025-06-02T22:10:35.542018+00:00
[2025-06-02T22:10:35.575+0000] {processor.py:179} INFO - Processing /home/airflow/.local/lib/python3.10/site-packages/airflow/example_dags/example_latest_only_with_trigger.py took 0.172 seconds
[2025-06-02T22:11:06.232+0000] {processor.py:157} INFO - Started process (PID=1227) to work on /home/airflow/.local/lib/python3.10/site-packages/airflow/example_dags/example_latest_only_with_trigger.py
[2025-06-02T22:11:06.234+0000] {processor.py:829} INFO - Processing file /home/airflow/.local/lib/python3.10/site-packages/airflow/example_dags/example_latest_only_with_trigger.py for tasks to queue
[2025-06-02T22:11:06.238+0000] {logging_mixin.py:154} INFO - [2025-06-02T22:11:06.238+0000] {dagbag.py:536} INFO - Filling up the DagBag from /home/airflow/.local/lib/python3.10/site-packages/airflow/example_dags/example_latest_only_with_trigger.py
[2025-06-02T22:11:06.246+0000] {processor.py:839} INFO - DAG(s) dict_keys(['latest_only_with_trigger']) retrieved from /home/airflow/.local/lib/python3.10/site-packages/airflow/example_dags/example_latest_only_with_trigger.py
[2025-06-02T22:11:06.274+0000] {logging_mixin.py:154} INFO - [2025-06-02T22:11:06.274+0000] {dag.py:2941} INFO - Sync 1 DAGs
[2025-06-02T22:11:06.542+0000] {logging_mixin.py:154} INFO - [2025-06-02T22:11:06.541+0000] {dag.py:3722} INFO - Setting next_dagrun for latest_only_with_trigger to 2025-06-02T18:11:06.541554+00:00, run_after=2025-06-02T22:11:06.541554+00:00
[2025-06-02T22:11:06.593+0000] {processor.py:179} INFO - Processing /home/airflow/.local/lib/python3.10/site-packages/airflow/example_dags/example_latest_only_with_trigger.py took 0.367 seconds
[2025-06-02T23:03:23.300+0000] {processor.py:157} INFO - Started process (PID=41) to work on /home/airflow/.local/lib/python3.10/site-packages/airflow/example_dags/example_latest_only_with_trigger.py
[2025-06-02T23:03:23.302+0000] {processor.py:829} INFO - Processing file /home/airflow/.local/lib/python3.10/site-packages/airflow/example_dags/example_latest_only_with_trigger.py for tasks to queue
[2025-06-02T23:03:23.314+0000] {logging_mixin.py:154} INFO - [2025-06-02T23:03:23.314+0000] {dagbag.py:536} INFO - Filling up the DagBag from /home/airflow/.local/lib/python3.10/site-packages/airflow/example_dags/example_latest_only_with_trigger.py
[2025-06-02T23:03:23.342+0000] {processor.py:839} INFO - DAG(s) dict_keys(['latest_only_with_trigger']) retrieved from /home/airflow/.local/lib/python3.10/site-packages/airflow/example_dags/example_latest_only_with_trigger.py
[2025-06-02T23:03:23.538+0000] {logging_mixin.py:154} INFO - [2025-06-02T23:03:23.538+0000] {dag.py:2941} INFO - Sync 1 DAGs
[2025-06-02T23:03:23.722+0000] {logging_mixin.py:154} INFO - [2025-06-02T23:03:23.721+0000] {dag.py:3722} INFO - Setting next_dagrun for latest_only_with_trigger to 2025-06-02T19:03:23.709378+00:00, run_after=2025-06-02T23:03:23.709378+00:00
[2025-06-02T23:03:23.846+0000] {processor.py:179} INFO - Processing /home/airflow/.local/lib/python3.10/site-packages/airflow/example_dags/example_latest_only_with_trigger.py took 0.567 seconds
[2025-06-02T23:03:57.313+0000] {processor.py:157} INFO - Started process (PID=33) to work on /home/airflow/.local/lib/python3.10/site-packages/airflow/example_dags/example_latest_only_with_trigger.py
[2025-06-02T23:03:57.315+0000] {processor.py:829} INFO - Processing file /home/airflow/.local/lib/python3.10/site-packages/airflow/example_dags/example_latest_only_with_trigger.py for tasks to queue
[2025-06-02T23:03:57.318+0000] {logging_mixin.py:154} INFO - [2025-06-02T23:03:57.318+0000] {dagbag.py:536} INFO - Filling up the DagBag from /home/airflow/.local/lib/python3.10/site-packages/airflow/example_dags/example_latest_only_with_trigger.py
[2025-06-02T23:03:57.330+0000] {processor.py:839} INFO - DAG(s) dict_keys(['latest_only_with_trigger']) retrieved from /home/airflow/.local/lib/python3.10/site-packages/airflow/example_dags/example_latest_only_with_trigger.py
[2025-06-02T23:03:57.367+0000] {logging_mixin.py:154} INFO - [2025-06-02T23:03:57.367+0000] {dag.py:2941} INFO - Sync 1 DAGs
[2025-06-02T23:03:57.396+0000] {logging_mixin.py:154} INFO - [2025-06-02T23:03:57.396+0000] {dag.py:3722} INFO - Setting next_dagrun for latest_only_with_trigger to 2025-06-02T19:03:57.396226+00:00, run_after=2025-06-02T23:03:57.396226+00:00
[2025-06-02T23:03:57.416+0000] {processor.py:179} INFO - Processing /home/airflow/.local/lib/python3.10/site-packages/airflow/example_dags/example_latest_only_with_trigger.py took 0.108 seconds
[2025-06-02T23:04:28.013+0000] {processor.py:157} INFO - Started process (PID=89) to work on /home/airflow/.local/lib/python3.10/site-packages/airflow/example_dags/example_latest_only_with_trigger.py
[2025-06-02T23:04:28.015+0000] {processor.py:829} INFO - Processing file /home/airflow/.local/lib/python3.10/site-packages/airflow/example_dags/example_latest_only_with_trigger.py for tasks to queue
[2025-06-02T23:04:28.020+0000] {logging_mixin.py:154} INFO - [2025-06-02T23:04:28.020+0000] {dagbag.py:536} INFO - Filling up the DagBag from /home/airflow/.local/lib/python3.10/site-packages/airflow/example_dags/example_latest_only_with_trigger.py
[2025-06-02T23:04:28.027+0000] {processor.py:839} INFO - DAG(s) dict_keys(['latest_only_with_trigger']) retrieved from /home/airflow/.local/lib/python3.10/site-packages/airflow/example_dags/example_latest_only_with_trigger.py
[2025-06-02T23:04:28.059+0000] {logging_mixin.py:154} INFO - [2025-06-02T23:04:28.059+0000] {dag.py:2941} INFO - Sync 1 DAGs
[2025-06-02T23:04:28.089+0000] {logging_mixin.py:154} INFO - [2025-06-02T23:04:28.089+0000] {dag.py:3722} INFO - Setting next_dagrun for latest_only_with_trigger to 2025-06-02T19:04:28.089007+00:00, run_after=2025-06-02T23:04:28.089007+00:00
[2025-06-02T23:04:28.112+0000] {processor.py:179} INFO - Processing /home/airflow/.local/lib/python3.10/site-packages/airflow/example_dags/example_latest_only_with_trigger.py took 0.104 seconds
[2025-06-02T23:04:58.657+0000] {processor.py:157} INFO - Started process (PID=145) to work on /home/airflow/.local/lib/python3.10/site-packages/airflow/example_dags/example_latest_only_with_trigger.py
[2025-06-02T23:04:58.658+0000] {processor.py:829} INFO - Processing file /home/airflow/.local/lib/python3.10/site-packages/airflow/example_dags/example_latest_only_with_trigger.py for tasks to queue
[2025-06-02T23:04:58.661+0000] {logging_mixin.py:154} INFO - [2025-06-02T23:04:58.661+0000] {dagbag.py:536} INFO - Filling up the DagBag from /home/airflow/.local/lib/python3.10/site-packages/airflow/example_dags/example_latest_only_with_trigger.py
[2025-06-02T23:04:58.670+0000] {processor.py:839} INFO - DAG(s) dict_keys(['latest_only_with_trigger']) retrieved from /home/airflow/.local/lib/python3.10/site-packages/airflow/example_dags/example_latest_only_with_trigger.py
[2025-06-02T23:04:58.700+0000] {logging_mixin.py:154} INFO - [2025-06-02T23:04:58.700+0000] {dag.py:2941} INFO - Sync 1 DAGs
[2025-06-02T23:04:58.731+0000] {logging_mixin.py:154} INFO - [2025-06-02T23:04:58.731+0000] {dag.py:3722} INFO - Setting next_dagrun for latest_only_with_trigger to 2025-06-02T19:04:58.730909+00:00, run_after=2025-06-02T23:04:58.730909+00:00
[2025-06-02T23:04:58.752+0000] {processor.py:179} INFO - Processing /home/airflow/.local/lib/python3.10/site-packages/airflow/example_dags/example_latest_only_with_trigger.py took 0.099 seconds
[2025-06-02T23:05:30.478+0000] {processor.py:157} INFO - Started process (PID=201) to work on /home/airflow/.local/lib/python3.10/site-packages/airflow/example_dags/example_latest_only_with_trigger.py
[2025-06-02T23:05:30.480+0000] {processor.py:829} INFO - Processing file /home/airflow/.local/lib/python3.10/site-packages/airflow/example_dags/example_latest_only_with_trigger.py for tasks to queue
[2025-06-02T23:05:30.483+0000] {logging_mixin.py:154} INFO - [2025-06-02T23:05:30.483+0000] {dagbag.py:536} INFO - Filling up the DagBag from /home/airflow/.local/lib/python3.10/site-packages/airflow/example_dags/example_latest_only_with_trigger.py
[2025-06-02T23:05:30.500+0000] {processor.py:839} INFO - DAG(s) dict_keys(['latest_only_with_trigger']) retrieved from /home/airflow/.local/lib/python3.10/site-packages/airflow/example_dags/example_latest_only_with_trigger.py
[2025-06-02T23:05:30.553+0000] {logging_mixin.py:154} INFO - [2025-06-02T23:05:30.553+0000] {dag.py:2941} INFO - Sync 1 DAGs
[2025-06-02T23:05:30.619+0000] {logging_mixin.py:154} INFO - [2025-06-02T23:05:30.618+0000] {dag.py:3722} INFO - Setting next_dagrun for latest_only_with_trigger to 2025-06-02T19:05:30.618499+00:00, run_after=2025-06-02T23:05:30.618499+00:00
[2025-06-02T23:05:30.660+0000] {processor.py:179} INFO - Processing /home/airflow/.local/lib/python3.10/site-packages/airflow/example_dags/example_latest_only_with_trigger.py took 0.199 seconds
[2025-06-02T23:06:01.388+0000] {processor.py:157} INFO - Started process (PID=255) to work on /home/airflow/.local/lib/python3.10/site-packages/airflow/example_dags/example_latest_only_with_trigger.py
[2025-06-02T23:06:01.404+0000] {processor.py:829} INFO - Processing file /home/airflow/.local/lib/python3.10/site-packages/airflow/example_dags/example_latest_only_with_trigger.py for tasks to queue
[2025-06-02T23:06:01.407+0000] {logging_mixin.py:154} INFO - [2025-06-02T23:06:01.406+0000] {dagbag.py:536} INFO - Filling up the DagBag from /home/airflow/.local/lib/python3.10/site-packages/airflow/example_dags/example_latest_only_with_trigger.py
[2025-06-02T23:06:01.438+0000] {processor.py:839} INFO - DAG(s) dict_keys(['latest_only_with_trigger']) retrieved from /home/airflow/.local/lib/python3.10/site-packages/airflow/example_dags/example_latest_only_with_trigger.py
[2025-06-02T23:06:01.528+0000] {logging_mixin.py:154} INFO - [2025-06-02T23:06:01.527+0000] {dag.py:2941} INFO - Sync 1 DAGs
[2025-06-02T23:06:01.635+0000] {logging_mixin.py:154} INFO - [2025-06-02T23:06:01.634+0000] {dag.py:3722} INFO - Setting next_dagrun for latest_only_with_trigger to 2025-06-02T19:06:01.634499+00:00, run_after=2025-06-02T23:06:01.634499+00:00
[2025-06-02T23:06:01.713+0000] {processor.py:179} INFO - Processing /home/airflow/.local/lib/python3.10/site-packages/airflow/example_dags/example_latest_only_with_trigger.py took 0.330 seconds
[2025-06-02T23:06:32.424+0000] {processor.py:157} INFO - Started process (PID=311) to work on /home/airflow/.local/lib/python3.10/site-packages/airflow/example_dags/example_latest_only_with_trigger.py
[2025-06-02T23:06:32.425+0000] {processor.py:829} INFO - Processing file /home/airflow/.local/lib/python3.10/site-packages/airflow/example_dags/example_latest_only_with_trigger.py for tasks to queue
[2025-06-02T23:06:32.428+0000] {logging_mixin.py:154} INFO - [2025-06-02T23:06:32.428+0000] {dagbag.py:536} INFO - Filling up the DagBag from /home/airflow/.local/lib/python3.10/site-packages/airflow/example_dags/example_latest_only_with_trigger.py
[2025-06-02T23:06:32.443+0000] {processor.py:839} INFO - DAG(s) dict_keys(['latest_only_with_trigger']) retrieved from /home/airflow/.local/lib/python3.10/site-packages/airflow/example_dags/example_latest_only_with_trigger.py
[2025-06-02T23:06:32.471+0000] {logging_mixin.py:154} INFO - [2025-06-02T23:06:32.471+0000] {dag.py:2941} INFO - Sync 1 DAGs
[2025-06-02T23:06:32.502+0000] {logging_mixin.py:154} INFO - [2025-06-02T23:06:32.502+0000] {dag.py:3722} INFO - Setting next_dagrun for latest_only_with_trigger to 2025-06-02T19:06:32.501682+00:00, run_after=2025-06-02T23:06:32.501682+00:00
[2025-06-02T23:06:32.537+0000] {processor.py:179} INFO - Processing /home/airflow/.local/lib/python3.10/site-packages/airflow/example_dags/example_latest_only_with_trigger.py took 0.119 seconds
[2025-06-02T23:07:02.945+0000] {processor.py:157} INFO - Started process (PID=367) to work on /home/airflow/.local/lib/python3.10/site-packages/airflow/example_dags/example_latest_only_with_trigger.py
[2025-06-02T23:07:02.947+0000] {processor.py:829} INFO - Processing file /home/airflow/.local/lib/python3.10/site-packages/airflow/example_dags/example_latest_only_with_trigger.py for tasks to queue
[2025-06-02T23:07:02.950+0000] {logging_mixin.py:154} INFO - [2025-06-02T23:07:02.949+0000] {dagbag.py:536} INFO - Filling up the DagBag from /home/airflow/.local/lib/python3.10/site-packages/airflow/example_dags/example_latest_only_with_trigger.py
[2025-06-02T23:07:02.957+0000] {processor.py:839} INFO - DAG(s) dict_keys(['latest_only_with_trigger']) retrieved from /home/airflow/.local/lib/python3.10/site-packages/airflow/example_dags/example_latest_only_with_trigger.py
[2025-06-02T23:07:02.986+0000] {logging_mixin.py:154} INFO - [2025-06-02T23:07:02.985+0000] {dag.py:2941} INFO - Sync 1 DAGs
[2025-06-02T23:07:03.015+0000] {logging_mixin.py:154} INFO - [2025-06-02T23:07:03.015+0000] {dag.py:3722} INFO - Setting next_dagrun for latest_only_with_trigger to 2025-06-02T19:07:03.015210+00:00, run_after=2025-06-02T23:07:03.015210+00:00
[2025-06-02T23:07:03.036+0000] {processor.py:179} INFO - Processing /home/airflow/.local/lib/python3.10/site-packages/airflow/example_dags/example_latest_only_with_trigger.py took 0.097 seconds
[2025-06-02T23:07:33.917+0000] {processor.py:157} INFO - Started process (PID=423) to work on /home/airflow/.local/lib/python3.10/site-packages/airflow/example_dags/example_latest_only_with_trigger.py
[2025-06-02T23:07:33.918+0000] {processor.py:829} INFO - Processing file /home/airflow/.local/lib/python3.10/site-packages/airflow/example_dags/example_latest_only_with_trigger.py for tasks to queue
[2025-06-02T23:07:33.923+0000] {logging_mixin.py:154} INFO - [2025-06-02T23:07:33.922+0000] {dagbag.py:536} INFO - Filling up the DagBag from /home/airflow/.local/lib/python3.10/site-packages/airflow/example_dags/example_latest_only_with_trigger.py
[2025-06-02T23:07:33.936+0000] {processor.py:839} INFO - DAG(s) dict_keys(['latest_only_with_trigger']) retrieved from /home/airflow/.local/lib/python3.10/site-packages/airflow/example_dags/example_latest_only_with_trigger.py
[2025-06-02T23:07:33.963+0000] {logging_mixin.py:154} INFO - [2025-06-02T23:07:33.963+0000] {dag.py:2941} INFO - Sync 1 DAGs
[2025-06-02T23:07:33.993+0000] {logging_mixin.py:154} INFO - [2025-06-02T23:07:33.993+0000] {dag.py:3722} INFO - Setting next_dagrun for latest_only_with_trigger to 2025-06-02T19:07:33.993288+00:00, run_after=2025-06-02T23:07:33.993288+00:00
[2025-06-02T23:07:34.045+0000] {processor.py:179} INFO - Processing /home/airflow/.local/lib/python3.10/site-packages/airflow/example_dags/example_latest_only_with_trigger.py took 0.134 seconds
