[2025-06-02T21:59:52.181+0000] {processor.py:157} INFO - Started process (PID=35) to work on /home/airflow/.local/lib/python3.10/site-packages/airflow/example_dags/example_short_circuit_operator.py
[2025-06-02T21:59:52.182+0000] {processor.py:829} INFO - Processing file /home/airflow/.local/lib/python3.10/site-packages/airflow/example_dags/example_short_circuit_operator.py for tasks to queue
[2025-06-02T21:59:52.184+0000] {logging_mixin.py:154} INFO - [2025-06-02T21:59:52.184+0000] {dagbag.py:536} INFO - Filling up the DagBag from /home/airflow/.local/lib/python3.10/site-packages/airflow/example_dags/example_short_circuit_operator.py
[2025-06-02T21:59:52.223+0000] {processor.py:839} INFO - DAG(s) dict_keys(['example_short_circuit_operator']) retrieved from /home/airflow/.local/lib/python3.10/site-packages/airflow/example_dags/example_short_circuit_operator.py
[2025-06-02T21:59:52.738+0000] {logging_mixin.py:154} INFO - [2025-06-02T21:59:52.738+0000] {manager.py:499} INFO - Created Permission View: %s
[2025-06-02T21:59:52.779+0000] {logging_mixin.py:154} INFO - [2025-06-02T21:59:52.779+0000] {manager.py:499} INFO - Created Permission View: %s
[2025-06-02T21:59:52.807+0000] {logging_mixin.py:154} INFO - [2025-06-02T21:59:52.807+0000] {manager.py:499} INFO - Created Permission View: %s
[2025-06-02T21:59:52.808+0000] {logging_mixin.py:154} INFO - [2025-06-02T21:59:52.808+0000] {dag.py:2941} INFO - Sync 1 DAGs
[2025-06-02T21:59:52.847+0000] {logging_mixin.py:154} INFO - [2025-06-02T21:59:52.847+0000] {dag.py:2963} INFO - Creating ORM DAG for example_short_circuit_operator
[2025-06-02T21:59:52.889+0000] {logging_mixin.py:154} INFO - [2025-06-02T21:59:52.889+0000] {dag.py:3722} INFO - Setting next_dagrun for example_short_circuit_operator to 2025-06-01T21:59:52.888544+00:00, run_after=2025-06-02T21:59:52.888544+00:00
[2025-06-02T21:59:52.932+0000] {processor.py:179} INFO - Processing /home/airflow/.local/lib/python3.10/site-packages/airflow/example_dags/example_short_circuit_operator.py took 0.770 seconds
[2025-06-02T22:00:23.027+0000] {processor.py:157} INFO - Started process (PID=89) to work on /home/airflow/.local/lib/python3.10/site-packages/airflow/example_dags/example_short_circuit_operator.py
[2025-06-02T22:00:23.029+0000] {processor.py:829} INFO - Processing file /home/airflow/.local/lib/python3.10/site-packages/airflow/example_dags/example_short_circuit_operator.py for tasks to queue
[2025-06-02T22:00:23.035+0000] {logging_mixin.py:154} INFO - [2025-06-02T22:00:23.034+0000] {dagbag.py:536} INFO - Filling up the DagBag from /home/airflow/.local/lib/python3.10/site-packages/airflow/example_dags/example_short_circuit_operator.py
[2025-06-02T22:00:23.044+0000] {processor.py:839} INFO - DAG(s) dict_keys(['example_short_circuit_operator']) retrieved from /home/airflow/.local/lib/python3.10/site-packages/airflow/example_dags/example_short_circuit_operator.py
[2025-06-02T22:00:23.074+0000] {logging_mixin.py:154} INFO - [2025-06-02T22:00:23.074+0000] {dag.py:2941} INFO - Sync 1 DAGs
[2025-06-02T22:00:23.104+0000] {logging_mixin.py:154} INFO - [2025-06-02T22:00:23.104+0000] {dag.py:3722} INFO - Setting next_dagrun for example_short_circuit_operator to 2025-06-01T22:00:23.103716+00:00, run_after=2025-06-02T22:00:23.103716+00:00
[2025-06-02T22:00:23.124+0000] {processor.py:179} INFO - Processing /home/airflow/.local/lib/python3.10/site-packages/airflow/example_dags/example_short_circuit_operator.py took 0.101 seconds
[2025-06-02T22:00:53.477+0000] {processor.py:157} INFO - Started process (PID=143) to work on /home/airflow/.local/lib/python3.10/site-packages/airflow/example_dags/example_short_circuit_operator.py
[2025-06-02T22:00:53.478+0000] {processor.py:829} INFO - Processing file /home/airflow/.local/lib/python3.10/site-packages/airflow/example_dags/example_short_circuit_operator.py for tasks to queue
[2025-06-02T22:00:53.481+0000] {logging_mixin.py:154} INFO - [2025-06-02T22:00:53.481+0000] {dagbag.py:536} INFO - Filling up the DagBag from /home/airflow/.local/lib/python3.10/site-packages/airflow/example_dags/example_short_circuit_operator.py
[2025-06-02T22:00:53.491+0000] {processor.py:839} INFO - DAG(s) dict_keys(['example_short_circuit_operator']) retrieved from /home/airflow/.local/lib/python3.10/site-packages/airflow/example_dags/example_short_circuit_operator.py
[2025-06-02T22:00:53.522+0000] {logging_mixin.py:154} INFO - [2025-06-02T22:00:53.521+0000] {dag.py:2941} INFO - Sync 1 DAGs
[2025-06-02T22:00:53.550+0000] {logging_mixin.py:154} INFO - [2025-06-02T22:00:53.550+0000] {dag.py:3722} INFO - Setting next_dagrun for example_short_circuit_operator to 2025-06-01T22:00:53.550389+00:00, run_after=2025-06-02T22:00:53.550389+00:00
[2025-06-02T22:00:53.571+0000] {processor.py:179} INFO - Processing /home/airflow/.local/lib/python3.10/site-packages/airflow/example_dags/example_short_circuit_operator.py took 0.100 seconds
[2025-06-02T22:01:23.927+0000] {processor.py:157} INFO - Started process (PID=197) to work on /home/airflow/.local/lib/python3.10/site-packages/airflow/example_dags/example_short_circuit_operator.py
[2025-06-02T22:01:23.942+0000] {processor.py:829} INFO - Processing file /home/airflow/.local/lib/python3.10/site-packages/airflow/example_dags/example_short_circuit_operator.py for tasks to queue
[2025-06-02T22:01:23.951+0000] {logging_mixin.py:154} INFO - [2025-06-02T22:01:23.950+0000] {dagbag.py:536} INFO - Filling up the DagBag from /home/airflow/.local/lib/python3.10/site-packages/airflow/example_dags/example_short_circuit_operator.py
[2025-06-02T22:01:23.968+0000] {processor.py:839} INFO - DAG(s) dict_keys(['example_short_circuit_operator']) retrieved from /home/airflow/.local/lib/python3.10/site-packages/airflow/example_dags/example_short_circuit_operator.py
[2025-06-02T22:01:24.043+0000] {logging_mixin.py:154} INFO - [2025-06-02T22:01:24.042+0000] {dag.py:2941} INFO - Sync 1 DAGs
[2025-06-02T22:01:24.099+0000] {logging_mixin.py:154} INFO - [2025-06-02T22:01:24.098+0000] {dag.py:3722} INFO - Setting next_dagrun for example_short_circuit_operator to 2025-06-01T22:01:24.098447+00:00, run_after=2025-06-02T22:01:24.098447+00:00
[2025-06-02T22:01:24.154+0000] {processor.py:179} INFO - Processing /home/airflow/.local/lib/python3.10/site-packages/airflow/example_dags/example_short_circuit_operator.py took 0.232 seconds
[2025-06-02T22:01:54.471+0000] {processor.py:157} INFO - Started process (PID=252) to work on /home/airflow/.local/lib/python3.10/site-packages/airflow/example_dags/example_short_circuit_operator.py
[2025-06-02T22:01:54.490+0000] {processor.py:829} INFO - Processing file /home/airflow/.local/lib/python3.10/site-packages/airflow/example_dags/example_short_circuit_operator.py for tasks to queue
[2025-06-02T22:01:54.493+0000] {logging_mixin.py:154} INFO - [2025-06-02T22:01:54.493+0000] {dagbag.py:536} INFO - Filling up the DagBag from /home/airflow/.local/lib/python3.10/site-packages/airflow/example_dags/example_short_circuit_operator.py
[2025-06-02T22:01:54.510+0000] {processor.py:839} INFO - DAG(s) dict_keys(['example_short_circuit_operator']) retrieved from /home/airflow/.local/lib/python3.10/site-packages/airflow/example_dags/example_short_circuit_operator.py
[2025-06-02T22:01:54.586+0000] {logging_mixin.py:154} INFO - [2025-06-02T22:01:54.586+0000] {dag.py:2941} INFO - Sync 1 DAGs
[2025-06-02T22:01:54.647+0000] {logging_mixin.py:154} INFO - [2025-06-02T22:01:54.647+0000] {dag.py:3722} INFO - Setting next_dagrun for example_short_circuit_operator to 2025-06-01T22:01:54.646816+00:00, run_after=2025-06-02T22:01:54.646816+00:00
[2025-06-02T22:01:54.682+0000] {processor.py:179} INFO - Processing /home/airflow/.local/lib/python3.10/site-packages/airflow/example_dags/example_short_circuit_operator.py took 0.221 seconds
[2025-06-02T22:02:24.914+0000] {processor.py:157} INFO - Started process (PID=305) to work on /home/airflow/.local/lib/python3.10/site-packages/airflow/example_dags/example_short_circuit_operator.py
[2025-06-02T22:02:24.918+0000] {processor.py:829} INFO - Processing file /home/airflow/.local/lib/python3.10/site-packages/airflow/example_dags/example_short_circuit_operator.py for tasks to queue
[2025-06-02T22:02:24.921+0000] {logging_mixin.py:154} INFO - [2025-06-02T22:02:24.920+0000] {dagbag.py:536} INFO - Filling up the DagBag from /home/airflow/.local/lib/python3.10/site-packages/airflow/example_dags/example_short_circuit_operator.py
[2025-06-02T22:02:24.931+0000] {processor.py:839} INFO - DAG(s) dict_keys(['example_short_circuit_operator']) retrieved from /home/airflow/.local/lib/python3.10/site-packages/airflow/example_dags/example_short_circuit_operator.py
[2025-06-02T22:02:24.960+0000] {logging_mixin.py:154} INFO - [2025-06-02T22:02:24.960+0000] {dag.py:2941} INFO - Sync 1 DAGs
[2025-06-02T22:02:24.989+0000] {logging_mixin.py:154} INFO - [2025-06-02T22:02:24.989+0000] {dag.py:3722} INFO - Setting next_dagrun for example_short_circuit_operator to 2025-06-01T22:02:24.988865+00:00, run_after=2025-06-02T22:02:24.988865+00:00
[2025-06-02T22:02:25.012+0000] {processor.py:179} INFO - Processing /home/airflow/.local/lib/python3.10/site-packages/airflow/example_dags/example_short_circuit_operator.py took 0.103 seconds
[2025-06-02T22:02:55.403+0000] {processor.py:157} INFO - Started process (PID=359) to work on /home/airflow/.local/lib/python3.10/site-packages/airflow/example_dags/example_short_circuit_operator.py
[2025-06-02T22:02:55.404+0000] {processor.py:829} INFO - Processing file /home/airflow/.local/lib/python3.10/site-packages/airflow/example_dags/example_short_circuit_operator.py for tasks to queue
[2025-06-02T22:02:55.407+0000] {logging_mixin.py:154} INFO - [2025-06-02T22:02:55.407+0000] {dagbag.py:536} INFO - Filling up the DagBag from /home/airflow/.local/lib/python3.10/site-packages/airflow/example_dags/example_short_circuit_operator.py
[2025-06-02T22:02:55.419+0000] {processor.py:839} INFO - DAG(s) dict_keys(['example_short_circuit_operator']) retrieved from /home/airflow/.local/lib/python3.10/site-packages/airflow/example_dags/example_short_circuit_operator.py
[2025-06-02T22:02:55.450+0000] {logging_mixin.py:154} INFO - [2025-06-02T22:02:55.449+0000] {dag.py:2941} INFO - Sync 1 DAGs
[2025-06-02T22:02:55.478+0000] {logging_mixin.py:154} INFO - [2025-06-02T22:02:55.478+0000] {dag.py:3722} INFO - Setting next_dagrun for example_short_circuit_operator to 2025-06-01T22:02:55.478155+00:00, run_after=2025-06-02T22:02:55.478155+00:00
[2025-06-02T22:02:55.505+0000] {processor.py:179} INFO - Processing /home/airflow/.local/lib/python3.10/site-packages/airflow/example_dags/example_short_circuit_operator.py took 0.108 seconds
[2025-06-02T22:03:25.882+0000] {processor.py:157} INFO - Started process (PID=414) to work on /home/airflow/.local/lib/python3.10/site-packages/airflow/example_dags/example_short_circuit_operator.py
[2025-06-02T22:03:25.883+0000] {processor.py:829} INFO - Processing file /home/airflow/.local/lib/python3.10/site-packages/airflow/example_dags/example_short_circuit_operator.py for tasks to queue
[2025-06-02T22:03:25.886+0000] {logging_mixin.py:154} INFO - [2025-06-02T22:03:25.886+0000] {dagbag.py:536} INFO - Filling up the DagBag from /home/airflow/.local/lib/python3.10/site-packages/airflow/example_dags/example_short_circuit_operator.py
[2025-06-02T22:03:25.896+0000] {processor.py:839} INFO - DAG(s) dict_keys(['example_short_circuit_operator']) retrieved from /home/airflow/.local/lib/python3.10/site-packages/airflow/example_dags/example_short_circuit_operator.py
[2025-06-02T22:03:25.927+0000] {logging_mixin.py:154} INFO - [2025-06-02T22:03:25.927+0000] {dag.py:2941} INFO - Sync 1 DAGs
[2025-06-02T22:03:25.956+0000] {logging_mixin.py:154} INFO - [2025-06-02T22:03:25.956+0000] {dag.py:3722} INFO - Setting next_dagrun for example_short_circuit_operator to 2025-06-01T22:03:25.956168+00:00, run_after=2025-06-02T22:03:25.956168+00:00
[2025-06-02T22:03:25.983+0000] {processor.py:179} INFO - Processing /home/airflow/.local/lib/python3.10/site-packages/airflow/example_dags/example_short_circuit_operator.py took 0.106 seconds
[2025-06-02T22:03:56.261+0000] {processor.py:157} INFO - Started process (PID=468) to work on /home/airflow/.local/lib/python3.10/site-packages/airflow/example_dags/example_short_circuit_operator.py
[2025-06-02T22:03:56.262+0000] {processor.py:829} INFO - Processing file /home/airflow/.local/lib/python3.10/site-packages/airflow/example_dags/example_short_circuit_operator.py for tasks to queue
[2025-06-02T22:03:56.265+0000] {logging_mixin.py:154} INFO - [2025-06-02T22:03:56.265+0000] {dagbag.py:536} INFO - Filling up the DagBag from /home/airflow/.local/lib/python3.10/site-packages/airflow/example_dags/example_short_circuit_operator.py
[2025-06-02T22:03:56.276+0000] {processor.py:839} INFO - DAG(s) dict_keys(['example_short_circuit_operator']) retrieved from /home/airflow/.local/lib/python3.10/site-packages/airflow/example_dags/example_short_circuit_operator.py
[2025-06-02T22:03:56.308+0000] {logging_mixin.py:154} INFO - [2025-06-02T22:03:56.308+0000] {dag.py:2941} INFO - Sync 1 DAGs
[2025-06-02T22:03:56.338+0000] {logging_mixin.py:154} INFO - [2025-06-02T22:03:56.338+0000] {dag.py:3722} INFO - Setting next_dagrun for example_short_circuit_operator to 2025-06-01T22:03:56.337688+00:00, run_after=2025-06-02T22:03:56.337688+00:00
[2025-06-02T22:03:56.363+0000] {processor.py:179} INFO - Processing /home/airflow/.local/lib/python3.10/site-packages/airflow/example_dags/example_short_circuit_operator.py took 0.105 seconds
[2025-06-02T22:04:26.602+0000] {processor.py:157} INFO - Started process (PID=522) to work on /home/airflow/.local/lib/python3.10/site-packages/airflow/example_dags/example_short_circuit_operator.py
[2025-06-02T22:04:26.603+0000] {processor.py:829} INFO - Processing file /home/airflow/.local/lib/python3.10/site-packages/airflow/example_dags/example_short_circuit_operator.py for tasks to queue
[2025-06-02T22:04:26.606+0000] {logging_mixin.py:154} INFO - [2025-06-02T22:04:26.606+0000] {dagbag.py:536} INFO - Filling up the DagBag from /home/airflow/.local/lib/python3.10/site-packages/airflow/example_dags/example_short_circuit_operator.py
[2025-06-02T22:04:26.618+0000] {processor.py:839} INFO - DAG(s) dict_keys(['example_short_circuit_operator']) retrieved from /home/airflow/.local/lib/python3.10/site-packages/airflow/example_dags/example_short_circuit_operator.py
[2025-06-02T22:04:26.649+0000] {logging_mixin.py:154} INFO - [2025-06-02T22:04:26.648+0000] {dag.py:2941} INFO - Sync 1 DAGs
[2025-06-02T22:04:26.678+0000] {logging_mixin.py:154} INFO - [2025-06-02T22:04:26.678+0000] {dag.py:3722} INFO - Setting next_dagrun for example_short_circuit_operator to 2025-06-01T22:04:26.678026+00:00, run_after=2025-06-02T22:04:26.678026+00:00
[2025-06-02T22:04:26.704+0000] {processor.py:179} INFO - Processing /home/airflow/.local/lib/python3.10/site-packages/airflow/example_dags/example_short_circuit_operator.py took 0.107 seconds
[2025-06-02T22:04:56.956+0000] {processor.py:157} INFO - Started process (PID=576) to work on /home/airflow/.local/lib/python3.10/site-packages/airflow/example_dags/example_short_circuit_operator.py
[2025-06-02T22:04:56.957+0000] {processor.py:829} INFO - Processing file /home/airflow/.local/lib/python3.10/site-packages/airflow/example_dags/example_short_circuit_operator.py for tasks to queue
[2025-06-02T22:04:56.959+0000] {logging_mixin.py:154} INFO - [2025-06-02T22:04:56.959+0000] {dagbag.py:536} INFO - Filling up the DagBag from /home/airflow/.local/lib/python3.10/site-packages/airflow/example_dags/example_short_circuit_operator.py
[2025-06-02T22:04:56.971+0000] {processor.py:839} INFO - DAG(s) dict_keys(['example_short_circuit_operator']) retrieved from /home/airflow/.local/lib/python3.10/site-packages/airflow/example_dags/example_short_circuit_operator.py
[2025-06-02T22:04:57.002+0000] {logging_mixin.py:154} INFO - [2025-06-02T22:04:57.002+0000] {dag.py:2941} INFO - Sync 1 DAGs
[2025-06-02T22:04:57.032+0000] {logging_mixin.py:154} INFO - [2025-06-02T22:04:57.031+0000] {dag.py:3722} INFO - Setting next_dagrun for example_short_circuit_operator to 2025-06-01T22:04:57.031612+00:00, run_after=2025-06-02T22:04:57.031612+00:00
[2025-06-02T22:04:57.054+0000] {processor.py:179} INFO - Processing /home/airflow/.local/lib/python3.10/site-packages/airflow/example_dags/example_short_circuit_operator.py took 0.102 seconds
[2025-06-02T22:05:27.804+0000] {processor.py:157} INFO - Started process (PID=631) to work on /home/airflow/.local/lib/python3.10/site-packages/airflow/example_dags/example_short_circuit_operator.py
[2025-06-02T22:05:27.805+0000] {processor.py:829} INFO - Processing file /home/airflow/.local/lib/python3.10/site-packages/airflow/example_dags/example_short_circuit_operator.py for tasks to queue
[2025-06-02T22:05:27.809+0000] {logging_mixin.py:154} INFO - [2025-06-02T22:05:27.807+0000] {dagbag.py:536} INFO - Filling up the DagBag from /home/airflow/.local/lib/python3.10/site-packages/airflow/example_dags/example_short_circuit_operator.py
[2025-06-02T22:05:27.819+0000] {processor.py:839} INFO - DAG(s) dict_keys(['example_short_circuit_operator']) retrieved from /home/airflow/.local/lib/python3.10/site-packages/airflow/example_dags/example_short_circuit_operator.py
[2025-06-02T22:05:27.850+0000] {logging_mixin.py:154} INFO - [2025-06-02T22:05:27.849+0000] {dag.py:2941} INFO - Sync 1 DAGs
[2025-06-02T22:05:27.880+0000] {logging_mixin.py:154} INFO - [2025-06-02T22:05:27.880+0000] {dag.py:3722} INFO - Setting next_dagrun for example_short_circuit_operator to 2025-06-01T22:05:27.880245+00:00, run_after=2025-06-02T22:05:27.880245+00:00
[2025-06-02T22:05:27.901+0000] {processor.py:179} INFO - Processing /home/airflow/.local/lib/python3.10/site-packages/airflow/example_dags/example_short_circuit_operator.py took 0.101 seconds
[2025-06-02T22:05:58.105+0000] {processor.py:157} INFO - Started process (PID=685) to work on /home/airflow/.local/lib/python3.10/site-packages/airflow/example_dags/example_short_circuit_operator.py
[2025-06-02T22:05:58.106+0000] {processor.py:829} INFO - Processing file /home/airflow/.local/lib/python3.10/site-packages/airflow/example_dags/example_short_circuit_operator.py for tasks to queue
[2025-06-02T22:05:58.110+0000] {logging_mixin.py:154} INFO - [2025-06-02T22:05:58.109+0000] {dagbag.py:536} INFO - Filling up the DagBag from /home/airflow/.local/lib/python3.10/site-packages/airflow/example_dags/example_short_circuit_operator.py
[2025-06-02T22:05:58.120+0000] {processor.py:839} INFO - DAG(s) dict_keys(['example_short_circuit_operator']) retrieved from /home/airflow/.local/lib/python3.10/site-packages/airflow/example_dags/example_short_circuit_operator.py
[2025-06-02T22:05:58.151+0000] {logging_mixin.py:154} INFO - [2025-06-02T22:05:58.151+0000] {dag.py:2941} INFO - Sync 1 DAGs
[2025-06-02T22:05:58.187+0000] {logging_mixin.py:154} INFO - [2025-06-02T22:05:58.187+0000] {dag.py:3722} INFO - Setting next_dagrun for example_short_circuit_operator to 2025-06-01T22:05:58.187033+00:00, run_after=2025-06-02T22:05:58.187033+00:00
[2025-06-02T22:05:58.210+0000] {processor.py:179} INFO - Processing /home/airflow/.local/lib/python3.10/site-packages/airflow/example_dags/example_short_circuit_operator.py took 0.109 seconds
[2025-06-02T22:06:28.455+0000] {processor.py:157} INFO - Started process (PID=738) to work on /home/airflow/.local/lib/python3.10/site-packages/airflow/example_dags/example_short_circuit_operator.py
[2025-06-02T22:06:28.457+0000] {processor.py:829} INFO - Processing file /home/airflow/.local/lib/python3.10/site-packages/airflow/example_dags/example_short_circuit_operator.py for tasks to queue
[2025-06-02T22:06:28.459+0000] {logging_mixin.py:154} INFO - [2025-06-02T22:06:28.459+0000] {dagbag.py:536} INFO - Filling up the DagBag from /home/airflow/.local/lib/python3.10/site-packages/airflow/example_dags/example_short_circuit_operator.py
[2025-06-02T22:06:28.470+0000] {processor.py:839} INFO - DAG(s) dict_keys(['example_short_circuit_operator']) retrieved from /home/airflow/.local/lib/python3.10/site-packages/airflow/example_dags/example_short_circuit_operator.py
[2025-06-02T22:06:28.500+0000] {logging_mixin.py:154} INFO - [2025-06-02T22:06:28.500+0000] {dag.py:2941} INFO - Sync 1 DAGs
[2025-06-02T22:06:28.529+0000] {logging_mixin.py:154} INFO - [2025-06-02T22:06:28.529+0000] {dag.py:3722} INFO - Setting next_dagrun for example_short_circuit_operator to 2025-06-01T22:06:28.529343+00:00, run_after=2025-06-02T22:06:28.529343+00:00
[2025-06-02T22:06:28.551+0000] {processor.py:179} INFO - Processing /home/airflow/.local/lib/python3.10/site-packages/airflow/example_dags/example_short_circuit_operator.py took 0.100 seconds
[2025-06-02T22:06:59.136+0000] {processor.py:157} INFO - Started process (PID=793) to work on /home/airflow/.local/lib/python3.10/site-packages/airflow/example_dags/example_short_circuit_operator.py
[2025-06-02T22:06:59.146+0000] {processor.py:829} INFO - Processing file /home/airflow/.local/lib/python3.10/site-packages/airflow/example_dags/example_short_circuit_operator.py for tasks to queue
[2025-06-02T22:06:59.149+0000] {logging_mixin.py:154} INFO - [2025-06-02T22:06:59.148+0000] {dagbag.py:536} INFO - Filling up the DagBag from /home/airflow/.local/lib/python3.10/site-packages/airflow/example_dags/example_short_circuit_operator.py
[2025-06-02T22:06:59.172+0000] {processor.py:839} INFO - DAG(s) dict_keys(['example_short_circuit_operator']) retrieved from /home/airflow/.local/lib/python3.10/site-packages/airflow/example_dags/example_short_circuit_operator.py
[2025-06-02T22:06:59.278+0000] {logging_mixin.py:154} INFO - [2025-06-02T22:06:59.278+0000] {dag.py:2941} INFO - Sync 1 DAGs
[2025-06-02T22:06:59.394+0000] {logging_mixin.py:154} INFO - [2025-06-02T22:06:59.394+0000] {dag.py:3722} INFO - Setting next_dagrun for example_short_circuit_operator to 2025-06-01T22:06:59.394032+00:00, run_after=2025-06-02T22:06:59.394032+00:00
[2025-06-02T22:06:59.479+0000] {processor.py:179} INFO - Processing /home/airflow/.local/lib/python3.10/site-packages/airflow/example_dags/example_short_circuit_operator.py took 0.349 seconds
[2025-06-02T22:07:29.546+0000] {processor.py:157} INFO - Started process (PID=847) to work on /home/airflow/.local/lib/python3.10/site-packages/airflow/example_dags/example_short_circuit_operator.py
[2025-06-02T22:07:29.547+0000] {processor.py:829} INFO - Processing file /home/airflow/.local/lib/python3.10/site-packages/airflow/example_dags/example_short_circuit_operator.py for tasks to queue
[2025-06-02T22:07:29.550+0000] {logging_mixin.py:154} INFO - [2025-06-02T22:07:29.550+0000] {dagbag.py:536} INFO - Filling up the DagBag from /home/airflow/.local/lib/python3.10/site-packages/airflow/example_dags/example_short_circuit_operator.py
[2025-06-02T22:07:29.561+0000] {processor.py:839} INFO - DAG(s) dict_keys(['example_short_circuit_operator']) retrieved from /home/airflow/.local/lib/python3.10/site-packages/airflow/example_dags/example_short_circuit_operator.py
[2025-06-02T22:07:29.593+0000] {logging_mixin.py:154} INFO - [2025-06-02T22:07:29.593+0000] {dag.py:2941} INFO - Sync 1 DAGs
[2025-06-02T22:07:29.623+0000] {logging_mixin.py:154} INFO - [2025-06-02T22:07:29.623+0000] {dag.py:3722} INFO - Setting next_dagrun for example_short_circuit_operator to 2025-06-01T22:07:29.623298+00:00, run_after=2025-06-02T22:07:29.623298+00:00
[2025-06-02T22:07:29.657+0000] {processor.py:179} INFO - Processing /home/airflow/.local/lib/python3.10/site-packages/airflow/example_dags/example_short_circuit_operator.py took 0.116 seconds
[2025-06-02T22:07:59.887+0000] {processor.py:157} INFO - Started process (PID=901) to work on /home/airflow/.local/lib/python3.10/site-packages/airflow/example_dags/example_short_circuit_operator.py
[2025-06-02T22:07:59.888+0000] {processor.py:829} INFO - Processing file /home/airflow/.local/lib/python3.10/site-packages/airflow/example_dags/example_short_circuit_operator.py for tasks to queue
[2025-06-02T22:07:59.892+0000] {logging_mixin.py:154} INFO - [2025-06-02T22:07:59.892+0000] {dagbag.py:536} INFO - Filling up the DagBag from /home/airflow/.local/lib/python3.10/site-packages/airflow/example_dags/example_short_circuit_operator.py
[2025-06-02T22:07:59.913+0000] {processor.py:839} INFO - DAG(s) dict_keys(['example_short_circuit_operator']) retrieved from /home/airflow/.local/lib/python3.10/site-packages/airflow/example_dags/example_short_circuit_operator.py
[2025-06-02T22:07:59.948+0000] {logging_mixin.py:154} INFO - [2025-06-02T22:07:59.948+0000] {dag.py:2941} INFO - Sync 1 DAGs
[2025-06-02T22:08:00.174+0000] {logging_mixin.py:154} INFO - [2025-06-02T22:08:00.173+0000] {dag.py:3722} INFO - Setting next_dagrun for example_short_circuit_operator to 2025-06-01T22:08:00.173492+00:00, run_after=2025-06-02T22:08:00.173492+00:00
[2025-06-02T22:08:00.211+0000] {processor.py:179} INFO - Processing /home/airflow/.local/lib/python3.10/site-packages/airflow/example_dags/example_short_circuit_operator.py took 0.328 seconds
[2025-06-02T22:08:30.424+0000] {processor.py:157} INFO - Started process (PID=955) to work on /home/airflow/.local/lib/python3.10/site-packages/airflow/example_dags/example_short_circuit_operator.py
[2025-06-02T22:08:30.426+0000] {processor.py:829} INFO - Processing file /home/airflow/.local/lib/python3.10/site-packages/airflow/example_dags/example_short_circuit_operator.py for tasks to queue
[2025-06-02T22:08:30.430+0000] {logging_mixin.py:154} INFO - [2025-06-02T22:08:30.429+0000] {dagbag.py:536} INFO - Filling up the DagBag from /home/airflow/.local/lib/python3.10/site-packages/airflow/example_dags/example_short_circuit_operator.py
[2025-06-02T22:08:30.440+0000] {processor.py:839} INFO - DAG(s) dict_keys(['example_short_circuit_operator']) retrieved from /home/airflow/.local/lib/python3.10/site-packages/airflow/example_dags/example_short_circuit_operator.py
[2025-06-02T22:08:30.471+0000] {logging_mixin.py:154} INFO - [2025-06-02T22:08:30.470+0000] {dag.py:2941} INFO - Sync 1 DAGs
[2025-06-02T22:08:30.498+0000] {logging_mixin.py:154} INFO - [2025-06-02T22:08:30.498+0000] {dag.py:3722} INFO - Setting next_dagrun for example_short_circuit_operator to 2025-06-01T22:08:30.498226+00:00, run_after=2025-06-02T22:08:30.498226+00:00
[2025-06-02T22:08:30.529+0000] {processor.py:179} INFO - Processing /home/airflow/.local/lib/python3.10/site-packages/airflow/example_dags/example_short_circuit_operator.py took 0.110 seconds
[2025-06-02T22:09:00.780+0000] {processor.py:157} INFO - Started process (PID=1009) to work on /home/airflow/.local/lib/python3.10/site-packages/airflow/example_dags/example_short_circuit_operator.py
[2025-06-02T22:09:00.782+0000] {processor.py:829} INFO - Processing file /home/airflow/.local/lib/python3.10/site-packages/airflow/example_dags/example_short_circuit_operator.py for tasks to queue
[2025-06-02T22:09:00.786+0000] {logging_mixin.py:154} INFO - [2025-06-02T22:09:00.785+0000] {dagbag.py:536} INFO - Filling up the DagBag from /home/airflow/.local/lib/python3.10/site-packages/airflow/example_dags/example_short_circuit_operator.py
[2025-06-02T22:09:00.797+0000] {processor.py:839} INFO - DAG(s) dict_keys(['example_short_circuit_operator']) retrieved from /home/airflow/.local/lib/python3.10/site-packages/airflow/example_dags/example_short_circuit_operator.py
[2025-06-02T22:09:00.830+0000] {logging_mixin.py:154} INFO - [2025-06-02T22:09:00.830+0000] {dag.py:2941} INFO - Sync 1 DAGs
[2025-06-02T22:09:00.859+0000] {logging_mixin.py:154} INFO - [2025-06-02T22:09:00.859+0000] {dag.py:3722} INFO - Setting next_dagrun for example_short_circuit_operator to 2025-06-01T22:09:00.859040+00:00, run_after=2025-06-02T22:09:00.859040+00:00
[2025-06-02T22:09:00.883+0000] {processor.py:179} INFO - Processing /home/airflow/.local/lib/python3.10/site-packages/airflow/example_dags/example_short_circuit_operator.py took 0.108 seconds
[2025-06-02T22:09:31.328+0000] {processor.py:157} INFO - Started process (PID=1063) to work on /home/airflow/.local/lib/python3.10/site-packages/airflow/example_dags/example_short_circuit_operator.py
[2025-06-02T22:09:31.329+0000] {processor.py:829} INFO - Processing file /home/airflow/.local/lib/python3.10/site-packages/airflow/example_dags/example_short_circuit_operator.py for tasks to queue
[2025-06-02T22:09:31.332+0000] {logging_mixin.py:154} INFO - [2025-06-02T22:09:31.332+0000] {dagbag.py:536} INFO - Filling up the DagBag from /home/airflow/.local/lib/python3.10/site-packages/airflow/example_dags/example_short_circuit_operator.py
[2025-06-02T22:09:31.343+0000] {processor.py:839} INFO - DAG(s) dict_keys(['example_short_circuit_operator']) retrieved from /home/airflow/.local/lib/python3.10/site-packages/airflow/example_dags/example_short_circuit_operator.py
[2025-06-02T22:09:31.375+0000] {logging_mixin.py:154} INFO - [2025-06-02T22:09:31.375+0000] {dag.py:2941} INFO - Sync 1 DAGs
[2025-06-02T22:09:31.595+0000] {logging_mixin.py:154} INFO - [2025-06-02T22:09:31.595+0000] {dag.py:3722} INFO - Setting next_dagrun for example_short_circuit_operator to 2025-06-01T22:09:31.595011+00:00, run_after=2025-06-02T22:09:31.595011+00:00
[2025-06-02T22:09:31.627+0000] {processor.py:179} INFO - Processing /home/airflow/.local/lib/python3.10/site-packages/airflow/example_dags/example_short_circuit_operator.py took 0.304 seconds
[2025-06-02T22:10:01.986+0000] {processor.py:157} INFO - Started process (PID=1116) to work on /home/airflow/.local/lib/python3.10/site-packages/airflow/example_dags/example_short_circuit_operator.py
[2025-06-02T22:10:01.987+0000] {processor.py:829} INFO - Processing file /home/airflow/.local/lib/python3.10/site-packages/airflow/example_dags/example_short_circuit_operator.py for tasks to queue
[2025-06-02T22:10:01.991+0000] {logging_mixin.py:154} INFO - [2025-06-02T22:10:01.991+0000] {dagbag.py:536} INFO - Filling up the DagBag from /home/airflow/.local/lib/python3.10/site-packages/airflow/example_dags/example_short_circuit_operator.py
[2025-06-02T22:10:02.001+0000] {processor.py:839} INFO - DAG(s) dict_keys(['example_short_circuit_operator']) retrieved from /home/airflow/.local/lib/python3.10/site-packages/airflow/example_dags/example_short_circuit_operator.py
[2025-06-02T22:10:02.033+0000] {logging_mixin.py:154} INFO - [2025-06-02T22:10:02.033+0000] {dag.py:2941} INFO - Sync 1 DAGs
[2025-06-02T22:10:02.063+0000] {logging_mixin.py:154} INFO - [2025-06-02T22:10:02.063+0000] {dag.py:3722} INFO - Setting next_dagrun for example_short_circuit_operator to 2025-06-01T22:10:02.063227+00:00, run_after=2025-06-02T22:10:02.063227+00:00
[2025-06-02T22:10:02.111+0000] {processor.py:179} INFO - Processing /home/airflow/.local/lib/python3.10/site-packages/airflow/example_dags/example_short_circuit_operator.py took 0.130 seconds
[2025-06-02T22:10:32.231+0000] {processor.py:157} INFO - Started process (PID=1170) to work on /home/airflow/.local/lib/python3.10/site-packages/airflow/example_dags/example_short_circuit_operator.py
[2025-06-02T22:10:32.232+0000] {processor.py:829} INFO - Processing file /home/airflow/.local/lib/python3.10/site-packages/airflow/example_dags/example_short_circuit_operator.py for tasks to queue
[2025-06-02T22:10:32.235+0000] {logging_mixin.py:154} INFO - [2025-06-02T22:10:32.235+0000] {dagbag.py:536} INFO - Filling up the DagBag from /home/airflow/.local/lib/python3.10/site-packages/airflow/example_dags/example_short_circuit_operator.py
[2025-06-02T22:10:32.245+0000] {processor.py:839} INFO - DAG(s) dict_keys(['example_short_circuit_operator']) retrieved from /home/airflow/.local/lib/python3.10/site-packages/airflow/example_dags/example_short_circuit_operator.py
[2025-06-02T22:10:32.276+0000] {logging_mixin.py:154} INFO - [2025-06-02T22:10:32.276+0000] {dag.py:2941} INFO - Sync 1 DAGs
[2025-06-02T22:10:32.306+0000] {logging_mixin.py:154} INFO - [2025-06-02T22:10:32.306+0000] {dag.py:3722} INFO - Setting next_dagrun for example_short_circuit_operator to 2025-06-01T22:10:32.305813+00:00, run_after=2025-06-02T22:10:32.305813+00:00
[2025-06-02T22:10:32.333+0000] {processor.py:179} INFO - Processing /home/airflow/.local/lib/python3.10/site-packages/airflow/example_dags/example_short_circuit_operator.py took 0.107 seconds
[2025-06-02T22:11:02.636+0000] {processor.py:157} INFO - Started process (PID=1224) to work on /home/airflow/.local/lib/python3.10/site-packages/airflow/example_dags/example_short_circuit_operator.py
[2025-06-02T22:11:02.638+0000] {processor.py:829} INFO - Processing file /home/airflow/.local/lib/python3.10/site-packages/airflow/example_dags/example_short_circuit_operator.py for tasks to queue
[2025-06-02T22:11:02.641+0000] {logging_mixin.py:154} INFO - [2025-06-02T22:11:02.641+0000] {dagbag.py:536} INFO - Filling up the DagBag from /home/airflow/.local/lib/python3.10/site-packages/airflow/example_dags/example_short_circuit_operator.py
[2025-06-02T22:11:02.665+0000] {processor.py:839} INFO - DAG(s) dict_keys(['example_short_circuit_operator']) retrieved from /home/airflow/.local/lib/python3.10/site-packages/airflow/example_dags/example_short_circuit_operator.py
[2025-06-02T22:11:02.735+0000] {logging_mixin.py:154} INFO - [2025-06-02T22:11:02.735+0000] {dag.py:2941} INFO - Sync 1 DAGs
[2025-06-02T22:11:03.119+0000] {logging_mixin.py:154} INFO - [2025-06-02T22:11:03.119+0000] {dag.py:3722} INFO - Setting next_dagrun for example_short_circuit_operator to 2025-06-01T22:11:03.119013+00:00, run_after=2025-06-02T22:11:03.119013+00:00
[2025-06-02T22:11:03.148+0000] {processor.py:179} INFO - Processing /home/airflow/.local/lib/python3.10/site-packages/airflow/example_dags/example_short_circuit_operator.py took 0.525 seconds
[2025-06-02T23:03:18.745+0000] {processor.py:157} INFO - Started process (PID=37) to work on /home/airflow/.local/lib/python3.10/site-packages/airflow/example_dags/example_short_circuit_operator.py
[2025-06-02T23:03:18.758+0000] {processor.py:829} INFO - Processing file /home/airflow/.local/lib/python3.10/site-packages/airflow/example_dags/example_short_circuit_operator.py for tasks to queue
[2025-06-02T23:03:18.761+0000] {logging_mixin.py:154} INFO - [2025-06-02T23:03:18.760+0000] {dagbag.py:536} INFO - Filling up the DagBag from /home/airflow/.local/lib/python3.10/site-packages/airflow/example_dags/example_short_circuit_operator.py
[2025-06-02T23:03:18.828+0000] {processor.py:839} INFO - DAG(s) dict_keys(['example_short_circuit_operator']) retrieved from /home/airflow/.local/lib/python3.10/site-packages/airflow/example_dags/example_short_circuit_operator.py
[2025-06-02T23:03:18.990+0000] {logging_mixin.py:154} INFO - [2025-06-02T23:03:18.990+0000] {dag.py:2941} INFO - Sync 1 DAGs
[2025-06-02T23:03:19.083+0000] {logging_mixin.py:154} INFO - [2025-06-02T23:03:19.082+0000] {dag.py:3722} INFO - Setting next_dagrun for example_short_circuit_operator to 2025-06-01T23:03:19.082434+00:00, run_after=2025-06-02T23:03:19.082434+00:00
[2025-06-02T23:03:19.198+0000] {processor.py:179} INFO - Processing /home/airflow/.local/lib/python3.10/site-packages/airflow/example_dags/example_short_circuit_operator.py took 0.466 seconds
[2025-06-02T23:03:56.772+0000] {processor.py:157} INFO - Started process (PID=29) to work on /home/airflow/.local/lib/python3.10/site-packages/airflow/example_dags/example_short_circuit_operator.py
[2025-06-02T23:03:56.774+0000] {processor.py:829} INFO - Processing file /home/airflow/.local/lib/python3.10/site-packages/airflow/example_dags/example_short_circuit_operator.py for tasks to queue
[2025-06-02T23:03:56.777+0000] {logging_mixin.py:154} INFO - [2025-06-02T23:03:56.777+0000] {dagbag.py:536} INFO - Filling up the DagBag from /home/airflow/.local/lib/python3.10/site-packages/airflow/example_dags/example_short_circuit_operator.py
[2025-06-02T23:03:56.791+0000] {processor.py:839} INFO - DAG(s) dict_keys(['example_short_circuit_operator']) retrieved from /home/airflow/.local/lib/python3.10/site-packages/airflow/example_dags/example_short_circuit_operator.py
[2025-06-02T23:03:56.834+0000] {logging_mixin.py:154} INFO - [2025-06-02T23:03:56.834+0000] {dag.py:2941} INFO - Sync 1 DAGs
[2025-06-02T23:03:56.865+0000] {logging_mixin.py:154} INFO - [2025-06-02T23:03:56.864+0000] {dag.py:3722} INFO - Setting next_dagrun for example_short_circuit_operator to 2025-06-01T23:03:56.864529+00:00, run_after=2025-06-02T23:03:56.864529+00:00
[2025-06-02T23:03:56.892+0000] {processor.py:179} INFO - Processing /home/airflow/.local/lib/python3.10/site-packages/airflow/example_dags/example_short_circuit_operator.py took 0.125 seconds
[2025-06-02T23:04:27.221+0000] {processor.py:157} INFO - Started process (PID=83) to work on /home/airflow/.local/lib/python3.10/site-packages/airflow/example_dags/example_short_circuit_operator.py
[2025-06-02T23:04:27.223+0000] {processor.py:829} INFO - Processing file /home/airflow/.local/lib/python3.10/site-packages/airflow/example_dags/example_short_circuit_operator.py for tasks to queue
[2025-06-02T23:04:27.226+0000] {logging_mixin.py:154} INFO - [2025-06-02T23:04:27.226+0000] {dagbag.py:536} INFO - Filling up the DagBag from /home/airflow/.local/lib/python3.10/site-packages/airflow/example_dags/example_short_circuit_operator.py
[2025-06-02T23:04:27.234+0000] {processor.py:839} INFO - DAG(s) dict_keys(['example_short_circuit_operator']) retrieved from /home/airflow/.local/lib/python3.10/site-packages/airflow/example_dags/example_short_circuit_operator.py
[2025-06-02T23:04:27.257+0000] {logging_mixin.py:154} INFO - [2025-06-02T23:04:27.257+0000] {dag.py:2941} INFO - Sync 1 DAGs
[2025-06-02T23:04:27.280+0000] {logging_mixin.py:154} INFO - [2025-06-02T23:04:27.280+0000] {dag.py:3722} INFO - Setting next_dagrun for example_short_circuit_operator to 2025-06-01T23:04:27.279826+00:00, run_after=2025-06-02T23:04:27.279826+00:00
[2025-06-02T23:04:27.300+0000] {processor.py:179} INFO - Processing /home/airflow/.local/lib/python3.10/site-packages/airflow/example_dags/example_short_circuit_operator.py took 0.083 seconds
[2025-06-02T23:04:57.658+0000] {processor.py:157} INFO - Started process (PID=139) to work on /home/airflow/.local/lib/python3.10/site-packages/airflow/example_dags/example_short_circuit_operator.py
[2025-06-02T23:04:57.659+0000] {processor.py:829} INFO - Processing file /home/airflow/.local/lib/python3.10/site-packages/airflow/example_dags/example_short_circuit_operator.py for tasks to queue
[2025-06-02T23:04:57.662+0000] {logging_mixin.py:154} INFO - [2025-06-02T23:04:57.662+0000] {dagbag.py:536} INFO - Filling up the DagBag from /home/airflow/.local/lib/python3.10/site-packages/airflow/example_dags/example_short_circuit_operator.py
[2025-06-02T23:04:57.673+0000] {processor.py:839} INFO - DAG(s) dict_keys(['example_short_circuit_operator']) retrieved from /home/airflow/.local/lib/python3.10/site-packages/airflow/example_dags/example_short_circuit_operator.py
[2025-06-02T23:04:57.705+0000] {logging_mixin.py:154} INFO - [2025-06-02T23:04:57.705+0000] {dag.py:2941} INFO - Sync 1 DAGs
[2025-06-02T23:04:57.733+0000] {logging_mixin.py:154} INFO - [2025-06-02T23:04:57.733+0000] {dag.py:3722} INFO - Setting next_dagrun for example_short_circuit_operator to 2025-06-01T23:04:57.733160+00:00, run_after=2025-06-02T23:04:57.733160+00:00
[2025-06-02T23:04:57.753+0000] {processor.py:179} INFO - Processing /home/airflow/.local/lib/python3.10/site-packages/airflow/example_dags/example_short_circuit_operator.py took 0.100 seconds
[2025-06-02T23:05:28.444+0000] {processor.py:157} INFO - Started process (PID=195) to work on /home/airflow/.local/lib/python3.10/site-packages/airflow/example_dags/example_short_circuit_operator.py
[2025-06-02T23:05:28.454+0000] {processor.py:829} INFO - Processing file /home/airflow/.local/lib/python3.10/site-packages/airflow/example_dags/example_short_circuit_operator.py for tasks to queue
[2025-06-02T23:05:28.457+0000] {logging_mixin.py:154} INFO - [2025-06-02T23:05:28.457+0000] {dagbag.py:536} INFO - Filling up the DagBag from /home/airflow/.local/lib/python3.10/site-packages/airflow/example_dags/example_short_circuit_operator.py
[2025-06-02T23:05:28.494+0000] {processor.py:839} INFO - DAG(s) dict_keys(['example_short_circuit_operator']) retrieved from /home/airflow/.local/lib/python3.10/site-packages/airflow/example_dags/example_short_circuit_operator.py
[2025-06-02T23:05:28.578+0000] {logging_mixin.py:154} INFO - [2025-06-02T23:05:28.578+0000] {dag.py:2941} INFO - Sync 1 DAGs
[2025-06-02T23:05:28.656+0000] {logging_mixin.py:154} INFO - [2025-06-02T23:05:28.656+0000] {dag.py:3722} INFO - Setting next_dagrun for example_short_circuit_operator to 2025-06-01T23:05:28.656296+00:00, run_after=2025-06-02T23:05:28.656296+00:00
[2025-06-02T23:05:28.763+0000] {processor.py:179} INFO - Processing /home/airflow/.local/lib/python3.10/site-packages/airflow/example_dags/example_short_circuit_operator.py took 0.332 seconds
[2025-06-02T23:05:59.713+0000] {processor.py:157} INFO - Started process (PID=251) to work on /home/airflow/.local/lib/python3.10/site-packages/airflow/example_dags/example_short_circuit_operator.py
[2025-06-02T23:05:59.717+0000] {processor.py:829} INFO - Processing file /home/airflow/.local/lib/python3.10/site-packages/airflow/example_dags/example_short_circuit_operator.py for tasks to queue
[2025-06-02T23:05:59.721+0000] {logging_mixin.py:154} INFO - [2025-06-02T23:05:59.720+0000] {dagbag.py:536} INFO - Filling up the DagBag from /home/airflow/.local/lib/python3.10/site-packages/airflow/example_dags/example_short_circuit_operator.py
[2025-06-02T23:05:59.732+0000] {processor.py:839} INFO - DAG(s) dict_keys(['example_short_circuit_operator']) retrieved from /home/airflow/.local/lib/python3.10/site-packages/airflow/example_dags/example_short_circuit_operator.py
[2025-06-02T23:05:59.763+0000] {logging_mixin.py:154} INFO - [2025-06-02T23:05:59.763+0000] {dag.py:2941} INFO - Sync 1 DAGs
[2025-06-02T23:05:59.792+0000] {logging_mixin.py:154} INFO - [2025-06-02T23:05:59.791+0000] {dag.py:3722} INFO - Setting next_dagrun for example_short_circuit_operator to 2025-06-01T23:05:59.791495+00:00, run_after=2025-06-02T23:05:59.791495+00:00
[2025-06-02T23:05:59.815+0000] {processor.py:179} INFO - Processing /home/airflow/.local/lib/python3.10/site-packages/airflow/example_dags/example_short_circuit_operator.py took 0.107 seconds
[2025-06-02T23:06:30.045+0000] {processor.py:157} INFO - Started process (PID=307) to work on /home/airflow/.local/lib/python3.10/site-packages/airflow/example_dags/example_short_circuit_operator.py
[2025-06-02T23:06:30.047+0000] {processor.py:829} INFO - Processing file /home/airflow/.local/lib/python3.10/site-packages/airflow/example_dags/example_short_circuit_operator.py for tasks to queue
[2025-06-02T23:06:30.050+0000] {logging_mixin.py:154} INFO - [2025-06-02T23:06:30.050+0000] {dagbag.py:536} INFO - Filling up the DagBag from /home/airflow/.local/lib/python3.10/site-packages/airflow/example_dags/example_short_circuit_operator.py
[2025-06-02T23:06:30.061+0000] {processor.py:839} INFO - DAG(s) dict_keys(['example_short_circuit_operator']) retrieved from /home/airflow/.local/lib/python3.10/site-packages/airflow/example_dags/example_short_circuit_operator.py
[2025-06-02T23:06:30.092+0000] {logging_mixin.py:154} INFO - [2025-06-02T23:06:30.092+0000] {dag.py:2941} INFO - Sync 1 DAGs
[2025-06-02T23:06:30.120+0000] {logging_mixin.py:154} INFO - [2025-06-02T23:06:30.120+0000] {dag.py:3722} INFO - Setting next_dagrun for example_short_circuit_operator to 2025-06-01T23:06:30.120041+00:00, run_after=2025-06-02T23:06:30.120041+00:00
[2025-06-02T23:06:30.149+0000] {processor.py:179} INFO - Processing /home/airflow/.local/lib/python3.10/site-packages/airflow/example_dags/example_short_circuit_operator.py took 0.111 seconds
[2025-06-02T23:07:00.579+0000] {processor.py:157} INFO - Started process (PID=363) to work on /home/airflow/.local/lib/python3.10/site-packages/airflow/example_dags/example_short_circuit_operator.py
[2025-06-02T23:07:00.580+0000] {processor.py:829} INFO - Processing file /home/airflow/.local/lib/python3.10/site-packages/airflow/example_dags/example_short_circuit_operator.py for tasks to queue
[2025-06-02T23:07:00.585+0000] {logging_mixin.py:154} INFO - [2025-06-02T23:07:00.584+0000] {dagbag.py:536} INFO - Filling up the DagBag from /home/airflow/.local/lib/python3.10/site-packages/airflow/example_dags/example_short_circuit_operator.py
[2025-06-02T23:07:00.595+0000] {processor.py:839} INFO - DAG(s) dict_keys(['example_short_circuit_operator']) retrieved from /home/airflow/.local/lib/python3.10/site-packages/airflow/example_dags/example_short_circuit_operator.py
[2025-06-02T23:07:00.625+0000] {logging_mixin.py:154} INFO - [2025-06-02T23:07:00.625+0000] {dag.py:2941} INFO - Sync 1 DAGs
[2025-06-02T23:07:00.654+0000] {logging_mixin.py:154} INFO - [2025-06-02T23:07:00.653+0000] {dag.py:3722} INFO - Setting next_dagrun for example_short_circuit_operator to 2025-06-01T23:07:00.653624+00:00, run_after=2025-06-02T23:07:00.653624+00:00
[2025-06-02T23:07:00.698+0000] {processor.py:179} INFO - Processing /home/airflow/.local/lib/python3.10/site-packages/airflow/example_dags/example_short_circuit_operator.py took 0.123 seconds
[2025-06-02T23:07:31.587+0000] {processor.py:157} INFO - Started process (PID=419) to work on /home/airflow/.local/lib/python3.10/site-packages/airflow/example_dags/example_short_circuit_operator.py
[2025-06-02T23:07:31.588+0000] {processor.py:829} INFO - Processing file /home/airflow/.local/lib/python3.10/site-packages/airflow/example_dags/example_short_circuit_operator.py for tasks to queue
[2025-06-02T23:07:31.592+0000] {logging_mixin.py:154} INFO - [2025-06-02T23:07:31.592+0000] {dagbag.py:536} INFO - Filling up the DagBag from /home/airflow/.local/lib/python3.10/site-packages/airflow/example_dags/example_short_circuit_operator.py
[2025-06-02T23:07:31.602+0000] {processor.py:839} INFO - DAG(s) dict_keys(['example_short_circuit_operator']) retrieved from /home/airflow/.local/lib/python3.10/site-packages/airflow/example_dags/example_short_circuit_operator.py
[2025-06-02T23:07:31.634+0000] {logging_mixin.py:154} INFO - [2025-06-02T23:07:31.634+0000] {dag.py:2941} INFO - Sync 1 DAGs
[2025-06-02T23:07:31.662+0000] {logging_mixin.py:154} INFO - [2025-06-02T23:07:31.661+0000] {dag.py:3722} INFO - Setting next_dagrun for example_short_circuit_operator to 2025-06-01T23:07:31.661379+00:00, run_after=2025-06-02T23:07:31.661379+00:00
[2025-06-02T23:07:31.688+0000] {processor.py:179} INFO - Processing /home/airflow/.local/lib/python3.10/site-packages/airflow/example_dags/example_short_circuit_operator.py took 0.108 seconds
