[2025-06-02T22:00:03.125+0000] {processor.py:157} INFO - Started process (PID=59) to work on /home/airflow/.local/lib/python3.10/site-packages/airflow/example_dags/example_datasets.py
[2025-06-02T22:00:03.135+0000] {processor.py:829} INFO - Processing file /home/airflow/.local/lib/python3.10/site-packages/airflow/example_dags/example_datasets.py for tasks to queue
[2025-06-02T22:00:03.138+0000] {logging_mixin.py:154} INFO - [2025-06-02T22:00:03.137+0000] {dagbag.py:536} INFO - Filling up the DagBag from /home/airflow/.local/lib/python3.10/site-packages/airflow/example_dags/example_datasets.py
[2025-06-02T22:00:03.201+0000] {processor.py:839} INFO - DAG(s) dict_keys(['dataset_consumes_1', 'dataset_consumes_1_never_scheduled', 'dataset_consumes_unknown_never_scheduled', 'dataset_consumes_1_and_2', 'dataset_produces_2', 'dataset_produces_1']) retrieved from /home/airflow/.local/lib/python3.10/site-packages/airflow/example_dags/example_datasets.py
[2025-06-02T22:00:03.685+0000] {logging_mixin.py:154} INFO - [2025-06-02T22:00:03.684+0000] {manager.py:499} INFO - Created Permission View: %s
[2025-06-02T22:00:03.715+0000] {logging_mixin.py:154} INFO - [2025-06-02T22:00:03.715+0000] {manager.py:499} INFO - Created Permission View: %s
[2025-06-02T22:00:03.746+0000] {logging_mixin.py:154} INFO - [2025-06-02T22:00:03.746+0000] {manager.py:499} INFO - Created Permission View: %s
[2025-06-02T22:00:03.794+0000] {logging_mixin.py:154} INFO - [2025-06-02T22:00:03.794+0000] {manager.py:499} INFO - Created Permission View: %s
[2025-06-02T22:00:03.816+0000] {logging_mixin.py:154} INFO - [2025-06-02T22:00:03.816+0000] {manager.py:499} INFO - Created Permission View: %s
[2025-06-02T22:00:03.851+0000] {logging_mixin.py:154} INFO - [2025-06-02T22:00:03.851+0000] {manager.py:499} INFO - Created Permission View: %s
[2025-06-02T22:00:03.881+0000] {logging_mixin.py:154} INFO - [2025-06-02T22:00:03.881+0000] {manager.py:499} INFO - Created Permission View: %s
[2025-06-02T22:00:03.900+0000] {logging_mixin.py:154} INFO - [2025-06-02T22:00:03.900+0000] {manager.py:499} INFO - Created Permission View: %s
[2025-06-02T22:00:03.931+0000] {logging_mixin.py:154} INFO - [2025-06-02T22:00:03.930+0000] {manager.py:499} INFO - Created Permission View: %s
[2025-06-02T22:00:03.985+0000] {logging_mixin.py:154} INFO - [2025-06-02T22:00:03.984+0000] {manager.py:499} INFO - Created Permission View: %s
[2025-06-02T22:00:04.011+0000] {logging_mixin.py:154} INFO - [2025-06-02T22:00:04.010+0000] {manager.py:499} INFO - Created Permission View: %s
[2025-06-02T22:00:04.021+0000] {logging_mixin.py:154} INFO - [2025-06-02T22:00:04.021+0000] {manager.py:499} INFO - Created Permission View: %s
[2025-06-02T22:00:04.070+0000] {logging_mixin.py:154} INFO - [2025-06-02T22:00:04.070+0000] {manager.py:499} INFO - Created Permission View: %s
[2025-06-02T22:00:04.086+0000] {logging_mixin.py:154} INFO - [2025-06-02T22:00:04.086+0000] {manager.py:499} INFO - Created Permission View: %s
[2025-06-02T22:00:04.120+0000] {logging_mixin.py:154} INFO - [2025-06-02T22:00:04.119+0000] {manager.py:499} INFO - Created Permission View: %s
[2025-06-02T22:00:04.146+0000] {logging_mixin.py:154} INFO - [2025-06-02T22:00:04.146+0000] {manager.py:499} INFO - Created Permission View: %s
[2025-06-02T22:00:04.177+0000] {logging_mixin.py:154} INFO - [2025-06-02T22:00:04.177+0000] {manager.py:499} INFO - Created Permission View: %s
[2025-06-02T22:00:04.190+0000] {logging_mixin.py:154} INFO - [2025-06-02T22:00:04.190+0000] {manager.py:499} INFO - Created Permission View: %s
[2025-06-02T22:00:04.191+0000] {logging_mixin.py:154} INFO - [2025-06-02T22:00:04.190+0000] {dag.py:2941} INFO - Sync 6 DAGs
[2025-06-02T22:00:04.216+0000] {logging_mixin.py:154} INFO - [2025-06-02T22:00:04.216+0000] {dag.py:2963} INFO - Creating ORM DAG for dataset_produces_2
[2025-06-02T22:00:04.217+0000] {logging_mixin.py:154} INFO - [2025-06-02T22:00:04.217+0000] {dag.py:2963} INFO - Creating ORM DAG for dataset_produces_1
[2025-06-02T22:00:04.218+0000] {logging_mixin.py:154} INFO - [2025-06-02T22:00:04.218+0000] {dag.py:2963} INFO - Creating ORM DAG for dataset_consumes_1
[2025-06-02T22:00:04.222+0000] {logging_mixin.py:154} INFO - [2025-06-02T22:00:04.222+0000] {dag.py:2963} INFO - Creating ORM DAG for dataset_consumes_1_and_2
[2025-06-02T22:00:04.223+0000] {logging_mixin.py:154} INFO - [2025-06-02T22:00:04.223+0000] {dag.py:2963} INFO - Creating ORM DAG for dataset_consumes_1_never_scheduled
[2025-06-02T22:00:04.223+0000] {logging_mixin.py:154} INFO - [2025-06-02T22:00:04.223+0000] {dag.py:2963} INFO - Creating ORM DAG for dataset_consumes_unknown_never_scheduled
[2025-06-02T22:00:04.246+0000] {logging_mixin.py:154} INFO - [2025-06-02T22:00:04.246+0000] {dag.py:3722} INFO - Setting next_dagrun for dataset_consumes_1 to None, run_after=None
[2025-06-02T22:00:04.247+0000] {logging_mixin.py:154} INFO - [2025-06-02T22:00:04.247+0000] {dag.py:3722} INFO - Setting next_dagrun for dataset_consumes_1_and_2 to None, run_after=None
[2025-06-02T22:00:04.248+0000] {logging_mixin.py:154} INFO - [2025-06-02T22:00:04.248+0000] {dag.py:3722} INFO - Setting next_dagrun for dataset_consumes_1_never_scheduled to None, run_after=None
[2025-06-02T22:00:04.251+0000] {logging_mixin.py:154} INFO - [2025-06-02T22:00:04.251+0000] {dag.py:3722} INFO - Setting next_dagrun for dataset_consumes_unknown_never_scheduled to None, run_after=None
[2025-06-02T22:00:04.255+0000] {logging_mixin.py:154} INFO - [2025-06-02T22:00:04.255+0000] {dag.py:3722} INFO - Setting next_dagrun for dataset_produces_1 to 2025-06-01T00:00:00+00:00, run_after=2025-06-02T00:00:00+00:00
[2025-06-02T22:00:04.256+0000] {logging_mixin.py:154} INFO - [2025-06-02T22:00:04.256+0000] {dag.py:3722} INFO - Setting next_dagrun for dataset_produces_2 to None, run_after=None
[2025-06-02T22:00:04.342+0000] {processor.py:179} INFO - Processing /home/airflow/.local/lib/python3.10/site-packages/airflow/example_dags/example_datasets.py took 1.244 seconds
[2025-06-02T22:00:34.534+0000] {processor.py:157} INFO - Started process (PID=113) to work on /home/airflow/.local/lib/python3.10/site-packages/airflow/example_dags/example_datasets.py
[2025-06-02T22:00:34.538+0000] {processor.py:829} INFO - Processing file /home/airflow/.local/lib/python3.10/site-packages/airflow/example_dags/example_datasets.py for tasks to queue
[2025-06-02T22:00:34.543+0000] {logging_mixin.py:154} INFO - [2025-06-02T22:00:34.542+0000] {dagbag.py:536} INFO - Filling up the DagBag from /home/airflow/.local/lib/python3.10/site-packages/airflow/example_dags/example_datasets.py
[2025-06-02T22:00:34.555+0000] {processor.py:839} INFO - DAG(s) dict_keys(['dataset_consumes_1_and_2', 'dataset_consumes_1_never_scheduled', 'dataset_produces_1', 'dataset_consumes_unknown_never_scheduled', 'dataset_consumes_1', 'dataset_produces_2']) retrieved from /home/airflow/.local/lib/python3.10/site-packages/airflow/example_dags/example_datasets.py
[2025-06-02T22:00:34.608+0000] {logging_mixin.py:154} INFO - [2025-06-02T22:00:34.608+0000] {dag.py:2941} INFO - Sync 6 DAGs
[2025-06-02T22:00:34.640+0000] {logging_mixin.py:154} INFO - [2025-06-02T22:00:34.640+0000] {dag.py:3722} INFO - Setting next_dagrun for dataset_consumes_1 to None, run_after=None
[2025-06-02T22:00:34.646+0000] {logging_mixin.py:154} INFO - [2025-06-02T22:00:34.646+0000] {dag.py:3722} INFO - Setting next_dagrun for dataset_consumes_1_and_2 to None, run_after=None
[2025-06-02T22:00:34.648+0000] {logging_mixin.py:154} INFO - [2025-06-02T22:00:34.647+0000] {dag.py:3722} INFO - Setting next_dagrun for dataset_consumes_1_never_scheduled to None, run_after=None
[2025-06-02T22:00:34.649+0000] {logging_mixin.py:154} INFO - [2025-06-02T22:00:34.649+0000] {dag.py:3722} INFO - Setting next_dagrun for dataset_consumes_unknown_never_scheduled to None, run_after=None
[2025-06-02T22:00:34.653+0000] {logging_mixin.py:154} INFO - [2025-06-02T22:00:34.653+0000] {dag.py:3722} INFO - Setting next_dagrun for dataset_produces_1 to 2025-06-01T00:00:00+00:00, run_after=2025-06-02T00:00:00+00:00
[2025-06-02T22:00:34.655+0000] {logging_mixin.py:154} INFO - [2025-06-02T22:00:34.655+0000] {dag.py:3722} INFO - Setting next_dagrun for dataset_produces_2 to None, run_after=None
[2025-06-02T22:00:34.706+0000] {processor.py:179} INFO - Processing /home/airflow/.local/lib/python3.10/site-packages/airflow/example_dags/example_datasets.py took 0.176 seconds
[2025-06-02T22:01:04.807+0000] {processor.py:157} INFO - Started process (PID=167) to work on /home/airflow/.local/lib/python3.10/site-packages/airflow/example_dags/example_datasets.py
[2025-06-02T22:01:04.808+0000] {processor.py:829} INFO - Processing file /home/airflow/.local/lib/python3.10/site-packages/airflow/example_dags/example_datasets.py for tasks to queue
[2025-06-02T22:01:04.811+0000] {logging_mixin.py:154} INFO - [2025-06-02T22:01:04.811+0000] {dagbag.py:536} INFO - Filling up the DagBag from /home/airflow/.local/lib/python3.10/site-packages/airflow/example_dags/example_datasets.py
[2025-06-02T22:01:04.824+0000] {processor.py:839} INFO - DAG(s) dict_keys(['dataset_produces_1', 'dataset_produces_2', 'dataset_consumes_unknown_never_scheduled', 'dataset_consumes_1', 'dataset_consumes_1_and_2', 'dataset_consumes_1_never_scheduled']) retrieved from /home/airflow/.local/lib/python3.10/site-packages/airflow/example_dags/example_datasets.py
[2025-06-02T22:01:04.890+0000] {logging_mixin.py:154} INFO - [2025-06-02T22:01:04.889+0000] {dag.py:2941} INFO - Sync 6 DAGs
[2025-06-02T22:01:04.921+0000] {logging_mixin.py:154} INFO - [2025-06-02T22:01:04.921+0000] {dag.py:3722} INFO - Setting next_dagrun for dataset_consumes_1 to None, run_after=None
[2025-06-02T22:01:04.925+0000] {logging_mixin.py:154} INFO - [2025-06-02T22:01:04.925+0000] {dag.py:3722} INFO - Setting next_dagrun for dataset_consumes_1_and_2 to None, run_after=None
[2025-06-02T22:01:04.927+0000] {logging_mixin.py:154} INFO - [2025-06-02T22:01:04.926+0000] {dag.py:3722} INFO - Setting next_dagrun for dataset_consumes_1_never_scheduled to None, run_after=None
[2025-06-02T22:01:04.928+0000] {logging_mixin.py:154} INFO - [2025-06-02T22:01:04.928+0000] {dag.py:3722} INFO - Setting next_dagrun for dataset_consumes_unknown_never_scheduled to None, run_after=None
[2025-06-02T22:01:04.932+0000] {logging_mixin.py:154} INFO - [2025-06-02T22:01:04.932+0000] {dag.py:3722} INFO - Setting next_dagrun for dataset_produces_1 to 2025-06-01T00:00:00+00:00, run_after=2025-06-02T00:00:00+00:00
[2025-06-02T22:01:04.933+0000] {logging_mixin.py:154} INFO - [2025-06-02T22:01:04.933+0000] {dag.py:3722} INFO - Setting next_dagrun for dataset_produces_2 to None, run_after=None
[2025-06-02T22:01:04.976+0000] {processor.py:179} INFO - Processing /home/airflow/.local/lib/python3.10/site-packages/airflow/example_dags/example_datasets.py took 0.173 seconds
[2025-06-02T22:01:35.469+0000] {processor.py:157} INFO - Started process (PID=221) to work on /home/airflow/.local/lib/python3.10/site-packages/airflow/example_dags/example_datasets.py
[2025-06-02T22:01:35.470+0000] {processor.py:829} INFO - Processing file /home/airflow/.local/lib/python3.10/site-packages/airflow/example_dags/example_datasets.py for tasks to queue
[2025-06-02T22:01:35.473+0000] {logging_mixin.py:154} INFO - [2025-06-02T22:01:35.473+0000] {dagbag.py:536} INFO - Filling up the DagBag from /home/airflow/.local/lib/python3.10/site-packages/airflow/example_dags/example_datasets.py
[2025-06-02T22:01:35.486+0000] {processor.py:839} INFO - DAG(s) dict_keys(['dataset_produces_1', 'dataset_consumes_1_and_2', 'dataset_consumes_unknown_never_scheduled', 'dataset_consumes_1_never_scheduled', 'dataset_produces_2', 'dataset_consumes_1']) retrieved from /home/airflow/.local/lib/python3.10/site-packages/airflow/example_dags/example_datasets.py
[2025-06-02T22:01:35.531+0000] {logging_mixin.py:154} INFO - [2025-06-02T22:01:35.531+0000] {dag.py:2941} INFO - Sync 6 DAGs
[2025-06-02T22:01:35.560+0000] {logging_mixin.py:154} INFO - [2025-06-02T22:01:35.560+0000] {dag.py:3722} INFO - Setting next_dagrun for dataset_consumes_1 to None, run_after=None
[2025-06-02T22:01:35.565+0000] {logging_mixin.py:154} INFO - [2025-06-02T22:01:35.565+0000] {dag.py:3722} INFO - Setting next_dagrun for dataset_consumes_1_and_2 to None, run_after=None
[2025-06-02T22:01:35.566+0000] {logging_mixin.py:154} INFO - [2025-06-02T22:01:35.566+0000] {dag.py:3722} INFO - Setting next_dagrun for dataset_consumes_1_never_scheduled to None, run_after=None
[2025-06-02T22:01:35.568+0000] {logging_mixin.py:154} INFO - [2025-06-02T22:01:35.568+0000] {dag.py:3722} INFO - Setting next_dagrun for dataset_consumes_unknown_never_scheduled to None, run_after=None
[2025-06-02T22:01:35.572+0000] {logging_mixin.py:154} INFO - [2025-06-02T22:01:35.571+0000] {dag.py:3722} INFO - Setting next_dagrun for dataset_produces_1 to 2025-06-01T00:00:00+00:00, run_after=2025-06-02T00:00:00+00:00
[2025-06-02T22:01:35.573+0000] {logging_mixin.py:154} INFO - [2025-06-02T22:01:35.573+0000] {dag.py:3722} INFO - Setting next_dagrun for dataset_produces_2 to None, run_after=None
[2025-06-02T22:01:35.611+0000] {processor.py:179} INFO - Processing /home/airflow/.local/lib/python3.10/site-packages/airflow/example_dags/example_datasets.py took 0.148 seconds
[2025-06-02T22:02:06.171+0000] {processor.py:157} INFO - Started process (PID=276) to work on /home/airflow/.local/lib/python3.10/site-packages/airflow/example_dags/example_datasets.py
[2025-06-02T22:02:06.173+0000] {processor.py:829} INFO - Processing file /home/airflow/.local/lib/python3.10/site-packages/airflow/example_dags/example_datasets.py for tasks to queue
[2025-06-02T22:02:06.176+0000] {logging_mixin.py:154} INFO - [2025-06-02T22:02:06.175+0000] {dagbag.py:536} INFO - Filling up the DagBag from /home/airflow/.local/lib/python3.10/site-packages/airflow/example_dags/example_datasets.py
[2025-06-02T22:02:06.188+0000] {processor.py:839} INFO - DAG(s) dict_keys(['dataset_consumes_unknown_never_scheduled', 'dataset_consumes_1', 'dataset_consumes_1_never_scheduled', 'dataset_produces_1', 'dataset_consumes_1_and_2', 'dataset_produces_2']) retrieved from /home/airflow/.local/lib/python3.10/site-packages/airflow/example_dags/example_datasets.py
[2025-06-02T22:02:06.233+0000] {logging_mixin.py:154} INFO - [2025-06-02T22:02:06.233+0000] {dag.py:2941} INFO - Sync 6 DAGs
[2025-06-02T22:02:06.264+0000] {logging_mixin.py:154} INFO - [2025-06-02T22:02:06.264+0000] {dag.py:3722} INFO - Setting next_dagrun for dataset_consumes_1 to None, run_after=None
[2025-06-02T22:02:06.270+0000] {logging_mixin.py:154} INFO - [2025-06-02T22:02:06.269+0000] {dag.py:3722} INFO - Setting next_dagrun for dataset_consumes_1_and_2 to None, run_after=None
[2025-06-02T22:02:06.271+0000] {logging_mixin.py:154} INFO - [2025-06-02T22:02:06.271+0000] {dag.py:3722} INFO - Setting next_dagrun for dataset_consumes_1_never_scheduled to None, run_after=None
[2025-06-02T22:02:06.272+0000] {logging_mixin.py:154} INFO - [2025-06-02T22:02:06.272+0000] {dag.py:3722} INFO - Setting next_dagrun for dataset_consumes_unknown_never_scheduled to None, run_after=None
[2025-06-02T22:02:06.278+0000] {logging_mixin.py:154} INFO - [2025-06-02T22:02:06.277+0000] {dag.py:3722} INFO - Setting next_dagrun for dataset_produces_1 to 2025-06-01T00:00:00+00:00, run_after=2025-06-02T00:00:00+00:00
[2025-06-02T22:02:06.279+0000] {logging_mixin.py:154} INFO - [2025-06-02T22:02:06.279+0000] {dag.py:3722} INFO - Setting next_dagrun for dataset_produces_2 to None, run_after=None
[2025-06-02T22:02:06.322+0000] {processor.py:179} INFO - Processing /home/airflow/.local/lib/python3.10/site-packages/airflow/example_dags/example_datasets.py took 0.158 seconds
[2025-06-02T22:02:37.008+0000] {processor.py:157} INFO - Started process (PID=329) to work on /home/airflow/.local/lib/python3.10/site-packages/airflow/example_dags/example_datasets.py
[2025-06-02T22:02:37.009+0000] {processor.py:829} INFO - Processing file /home/airflow/.local/lib/python3.10/site-packages/airflow/example_dags/example_datasets.py for tasks to queue
[2025-06-02T22:02:37.013+0000] {logging_mixin.py:154} INFO - [2025-06-02T22:02:37.012+0000] {dagbag.py:536} INFO - Filling up the DagBag from /home/airflow/.local/lib/python3.10/site-packages/airflow/example_dags/example_datasets.py
[2025-06-02T22:02:37.025+0000] {processor.py:839} INFO - DAG(s) dict_keys(['dataset_produces_2', 'dataset_consumes_1', 'dataset_consumes_1_never_scheduled', 'dataset_consumes_1_and_2', 'dataset_produces_1', 'dataset_consumes_unknown_never_scheduled']) retrieved from /home/airflow/.local/lib/python3.10/site-packages/airflow/example_dags/example_datasets.py
[2025-06-02T22:02:37.075+0000] {logging_mixin.py:154} INFO - [2025-06-02T22:02:37.075+0000] {dag.py:2941} INFO - Sync 6 DAGs
[2025-06-02T22:02:37.107+0000] {logging_mixin.py:154} INFO - [2025-06-02T22:02:37.107+0000] {dag.py:3722} INFO - Setting next_dagrun for dataset_consumes_1 to None, run_after=None
[2025-06-02T22:02:37.112+0000] {logging_mixin.py:154} INFO - [2025-06-02T22:02:37.112+0000] {dag.py:3722} INFO - Setting next_dagrun for dataset_consumes_1_and_2 to None, run_after=None
[2025-06-02T22:02:37.113+0000] {logging_mixin.py:154} INFO - [2025-06-02T22:02:37.113+0000] {dag.py:3722} INFO - Setting next_dagrun for dataset_consumes_1_never_scheduled to None, run_after=None
[2025-06-02T22:02:37.115+0000] {logging_mixin.py:154} INFO - [2025-06-02T22:02:37.114+0000] {dag.py:3722} INFO - Setting next_dagrun for dataset_consumes_unknown_never_scheduled to None, run_after=None
[2025-06-02T22:02:37.118+0000] {logging_mixin.py:154} INFO - [2025-06-02T22:02:37.118+0000] {dag.py:3722} INFO - Setting next_dagrun for dataset_produces_1 to 2025-06-01T00:00:00+00:00, run_after=2025-06-02T00:00:00+00:00
[2025-06-02T22:02:37.120+0000] {logging_mixin.py:154} INFO - [2025-06-02T22:02:37.120+0000] {dag.py:3722} INFO - Setting next_dagrun for dataset_produces_2 to None, run_after=None
[2025-06-02T22:02:37.160+0000] {processor.py:179} INFO - Processing /home/airflow/.local/lib/python3.10/site-packages/airflow/example_dags/example_datasets.py took 0.161 seconds
[2025-06-02T22:03:07.717+0000] {processor.py:157} INFO - Started process (PID=383) to work on /home/airflow/.local/lib/python3.10/site-packages/airflow/example_dags/example_datasets.py
[2025-06-02T22:03:07.718+0000] {processor.py:829} INFO - Processing file /home/airflow/.local/lib/python3.10/site-packages/airflow/example_dags/example_datasets.py for tasks to queue
[2025-06-02T22:03:07.722+0000] {logging_mixin.py:154} INFO - [2025-06-02T22:03:07.721+0000] {dagbag.py:536} INFO - Filling up the DagBag from /home/airflow/.local/lib/python3.10/site-packages/airflow/example_dags/example_datasets.py
[2025-06-02T22:03:07.735+0000] {processor.py:839} INFO - DAG(s) dict_keys(['dataset_produces_2', 'dataset_produces_1', 'dataset_consumes_unknown_never_scheduled', 'dataset_consumes_1', 'dataset_consumes_1_and_2', 'dataset_consumes_1_never_scheduled']) retrieved from /home/airflow/.local/lib/python3.10/site-packages/airflow/example_dags/example_datasets.py
[2025-06-02T22:03:07.778+0000] {logging_mixin.py:154} INFO - [2025-06-02T22:03:07.778+0000] {dag.py:2941} INFO - Sync 6 DAGs
[2025-06-02T22:03:07.810+0000] {logging_mixin.py:154} INFO - [2025-06-02T22:03:07.809+0000] {dag.py:3722} INFO - Setting next_dagrun for dataset_consumes_1 to None, run_after=None
[2025-06-02T22:03:07.816+0000] {logging_mixin.py:154} INFO - [2025-06-02T22:03:07.815+0000] {dag.py:3722} INFO - Setting next_dagrun for dataset_consumes_1_and_2 to None, run_after=None
[2025-06-02T22:03:07.817+0000] {logging_mixin.py:154} INFO - [2025-06-02T22:03:07.817+0000] {dag.py:3722} INFO - Setting next_dagrun for dataset_consumes_1_never_scheduled to None, run_after=None
[2025-06-02T22:03:07.819+0000] {logging_mixin.py:154} INFO - [2025-06-02T22:03:07.819+0000] {dag.py:3722} INFO - Setting next_dagrun for dataset_consumes_unknown_never_scheduled to None, run_after=None
[2025-06-02T22:03:07.823+0000] {logging_mixin.py:154} INFO - [2025-06-02T22:03:07.823+0000] {dag.py:3722} INFO - Setting next_dagrun for dataset_produces_1 to 2025-06-01T00:00:00+00:00, run_after=2025-06-02T00:00:00+00:00
[2025-06-02T22:03:07.825+0000] {logging_mixin.py:154} INFO - [2025-06-02T22:03:07.825+0000] {dag.py:3722} INFO - Setting next_dagrun for dataset_produces_2 to None, run_after=None
[2025-06-02T22:03:07.864+0000] {processor.py:179} INFO - Processing /home/airflow/.local/lib/python3.10/site-packages/airflow/example_dags/example_datasets.py took 0.153 seconds
[2025-06-02T22:03:38.420+0000] {processor.py:157} INFO - Started process (PID=445) to work on /home/airflow/.local/lib/python3.10/site-packages/airflow/example_dags/example_datasets.py
[2025-06-02T22:03:38.421+0000] {processor.py:829} INFO - Processing file /home/airflow/.local/lib/python3.10/site-packages/airflow/example_dags/example_datasets.py for tasks to queue
[2025-06-02T22:03:38.425+0000] {logging_mixin.py:154} INFO - [2025-06-02T22:03:38.424+0000] {dagbag.py:536} INFO - Filling up the DagBag from /home/airflow/.local/lib/python3.10/site-packages/airflow/example_dags/example_datasets.py
[2025-06-02T22:03:38.438+0000] {processor.py:839} INFO - DAG(s) dict_keys(['dataset_consumes_1_and_2', 'dataset_produces_2', 'dataset_produces_1', 'dataset_consumes_unknown_never_scheduled', 'dataset_consumes_1', 'dataset_consumes_1_never_scheduled']) retrieved from /home/airflow/.local/lib/python3.10/site-packages/airflow/example_dags/example_datasets.py
[2025-06-02T22:03:38.486+0000] {logging_mixin.py:154} INFO - [2025-06-02T22:03:38.485+0000] {dag.py:2941} INFO - Sync 6 DAGs
[2025-06-02T22:03:38.520+0000] {logging_mixin.py:154} INFO - [2025-06-02T22:03:38.519+0000] {dag.py:3722} INFO - Setting next_dagrun for dataset_consumes_1 to None, run_after=None
[2025-06-02T22:03:38.525+0000] {logging_mixin.py:154} INFO - [2025-06-02T22:03:38.524+0000] {dag.py:3722} INFO - Setting next_dagrun for dataset_consumes_1_and_2 to None, run_after=None
[2025-06-02T22:03:38.526+0000] {logging_mixin.py:154} INFO - [2025-06-02T22:03:38.526+0000] {dag.py:3722} INFO - Setting next_dagrun for dataset_consumes_1_never_scheduled to None, run_after=None
[2025-06-02T22:03:38.528+0000] {logging_mixin.py:154} INFO - [2025-06-02T22:03:38.528+0000] {dag.py:3722} INFO - Setting next_dagrun for dataset_consumes_unknown_never_scheduled to None, run_after=None
[2025-06-02T22:03:38.532+0000] {logging_mixin.py:154} INFO - [2025-06-02T22:03:38.532+0000] {dag.py:3722} INFO - Setting next_dagrun for dataset_produces_1 to 2025-06-01T00:00:00+00:00, run_after=2025-06-02T00:00:00+00:00
[2025-06-02T22:03:38.533+0000] {logging_mixin.py:154} INFO - [2025-06-02T22:03:38.533+0000] {dag.py:3722} INFO - Setting next_dagrun for dataset_produces_2 to None, run_after=None
[2025-06-02T22:03:38.577+0000] {processor.py:179} INFO - Processing /home/airflow/.local/lib/python3.10/site-packages/airflow/example_dags/example_datasets.py took 0.163 seconds
[2025-06-02T22:04:09.069+0000] {processor.py:157} INFO - Started process (PID=499) to work on /home/airflow/.local/lib/python3.10/site-packages/airflow/example_dags/example_datasets.py
[2025-06-02T22:04:09.082+0000] {processor.py:829} INFO - Processing file /home/airflow/.local/lib/python3.10/site-packages/airflow/example_dags/example_datasets.py for tasks to queue
[2025-06-02T22:04:09.088+0000] {logging_mixin.py:154} INFO - [2025-06-02T22:04:09.088+0000] {dagbag.py:536} INFO - Filling up the DagBag from /home/airflow/.local/lib/python3.10/site-packages/airflow/example_dags/example_datasets.py
[2025-06-02T22:04:09.138+0000] {processor.py:839} INFO - DAG(s) dict_keys(['dataset_consumes_1', 'dataset_produces_2', 'dataset_consumes_1_and_2', 'dataset_produces_1', 'dataset_consumes_unknown_never_scheduled', 'dataset_consumes_1_never_scheduled']) retrieved from /home/airflow/.local/lib/python3.10/site-packages/airflow/example_dags/example_datasets.py
[2025-06-02T22:04:09.260+0000] {logging_mixin.py:154} INFO - [2025-06-02T22:04:09.259+0000] {dag.py:2941} INFO - Sync 6 DAGs
[2025-06-02T22:04:09.358+0000] {logging_mixin.py:154} INFO - [2025-06-02T22:04:09.358+0000] {dag.py:3722} INFO - Setting next_dagrun for dataset_consumes_1 to None, run_after=None
[2025-06-02T22:04:09.375+0000] {logging_mixin.py:154} INFO - [2025-06-02T22:04:09.375+0000] {dag.py:3722} INFO - Setting next_dagrun for dataset_consumes_1_and_2 to None, run_after=None
[2025-06-02T22:04:09.378+0000] {logging_mixin.py:154} INFO - [2025-06-02T22:04:09.378+0000] {dag.py:3722} INFO - Setting next_dagrun for dataset_consumes_1_never_scheduled to None, run_after=None
[2025-06-02T22:04:09.386+0000] {logging_mixin.py:154} INFO - [2025-06-02T22:04:09.386+0000] {dag.py:3722} INFO - Setting next_dagrun for dataset_consumes_unknown_never_scheduled to None, run_after=None
[2025-06-02T22:04:09.390+0000] {logging_mixin.py:154} INFO - [2025-06-02T22:04:09.390+0000] {dag.py:3722} INFO - Setting next_dagrun for dataset_produces_1 to 2025-06-01T00:00:00+00:00, run_after=2025-06-02T00:00:00+00:00
[2025-06-02T22:04:09.402+0000] {logging_mixin.py:154} INFO - [2025-06-02T22:04:09.402+0000] {dag.py:3722} INFO - Setting next_dagrun for dataset_produces_2 to None, run_after=None
[2025-06-02T22:04:09.544+0000] {processor.py:179} INFO - Processing /home/airflow/.local/lib/python3.10/site-packages/airflow/example_dags/example_datasets.py took 0.502 seconds
[2025-06-02T22:04:40.182+0000] {processor.py:157} INFO - Started process (PID=553) to work on /home/airflow/.local/lib/python3.10/site-packages/airflow/example_dags/example_datasets.py
[2025-06-02T22:04:40.186+0000] {processor.py:829} INFO - Processing file /home/airflow/.local/lib/python3.10/site-packages/airflow/example_dags/example_datasets.py for tasks to queue
[2025-06-02T22:04:40.189+0000] {logging_mixin.py:154} INFO - [2025-06-02T22:04:40.189+0000] {dagbag.py:536} INFO - Filling up the DagBag from /home/airflow/.local/lib/python3.10/site-packages/airflow/example_dags/example_datasets.py
[2025-06-02T22:04:40.202+0000] {processor.py:839} INFO - DAG(s) dict_keys(['dataset_consumes_1', 'dataset_consumes_unknown_never_scheduled', 'dataset_consumes_1_never_scheduled', 'dataset_consumes_1_and_2', 'dataset_produces_1', 'dataset_produces_2']) retrieved from /home/airflow/.local/lib/python3.10/site-packages/airflow/example_dags/example_datasets.py
[2025-06-02T22:04:40.248+0000] {logging_mixin.py:154} INFO - [2025-06-02T22:04:40.246+0000] {dag.py:2941} INFO - Sync 6 DAGs
[2025-06-02T22:04:40.278+0000] {logging_mixin.py:154} INFO - [2025-06-02T22:04:40.278+0000] {dag.py:3722} INFO - Setting next_dagrun for dataset_consumes_1 to None, run_after=None
[2025-06-02T22:04:40.284+0000] {logging_mixin.py:154} INFO - [2025-06-02T22:04:40.284+0000] {dag.py:3722} INFO - Setting next_dagrun for dataset_consumes_1_and_2 to None, run_after=None
[2025-06-02T22:04:40.286+0000] {logging_mixin.py:154} INFO - [2025-06-02T22:04:40.285+0000] {dag.py:3722} INFO - Setting next_dagrun for dataset_consumes_1_never_scheduled to None, run_after=None
[2025-06-02T22:04:40.287+0000] {logging_mixin.py:154} INFO - [2025-06-02T22:04:40.287+0000] {dag.py:3722} INFO - Setting next_dagrun for dataset_consumes_unknown_never_scheduled to None, run_after=None
[2025-06-02T22:04:40.291+0000] {logging_mixin.py:154} INFO - [2025-06-02T22:04:40.291+0000] {dag.py:3722} INFO - Setting next_dagrun for dataset_produces_1 to 2025-06-01T00:00:00+00:00, run_after=2025-06-02T00:00:00+00:00
[2025-06-02T22:04:40.293+0000] {logging_mixin.py:154} INFO - [2025-06-02T22:04:40.293+0000] {dag.py:3722} INFO - Setting next_dagrun for dataset_produces_2 to None, run_after=None
[2025-06-02T22:04:40.331+0000] {processor.py:179} INFO - Processing /home/airflow/.local/lib/python3.10/site-packages/airflow/example_dags/example_datasets.py took 0.157 seconds
[2025-06-02T22:05:10.447+0000] {processor.py:157} INFO - Started process (PID=608) to work on /home/airflow/.local/lib/python3.10/site-packages/airflow/example_dags/example_datasets.py
[2025-06-02T22:05:10.448+0000] {processor.py:829} INFO - Processing file /home/airflow/.local/lib/python3.10/site-packages/airflow/example_dags/example_datasets.py for tasks to queue
[2025-06-02T22:05:10.454+0000] {logging_mixin.py:154} INFO - [2025-06-02T22:05:10.451+0000] {dagbag.py:536} INFO - Filling up the DagBag from /home/airflow/.local/lib/python3.10/site-packages/airflow/example_dags/example_datasets.py
[2025-06-02T22:05:10.471+0000] {processor.py:839} INFO - DAG(s) dict_keys(['dataset_consumes_1_and_2', 'dataset_consumes_1_never_scheduled', 'dataset_produces_1', 'dataset_consumes_1', 'dataset_produces_2', 'dataset_consumes_unknown_never_scheduled']) retrieved from /home/airflow/.local/lib/python3.10/site-packages/airflow/example_dags/example_datasets.py
[2025-06-02T22:05:10.517+0000] {logging_mixin.py:154} INFO - [2025-06-02T22:05:10.517+0000] {dag.py:2941} INFO - Sync 6 DAGs
[2025-06-02T22:05:10.549+0000] {logging_mixin.py:154} INFO - [2025-06-02T22:05:10.548+0000] {dag.py:3722} INFO - Setting next_dagrun for dataset_consumes_1 to None, run_after=None
[2025-06-02T22:05:10.553+0000] {logging_mixin.py:154} INFO - [2025-06-02T22:05:10.553+0000] {dag.py:3722} INFO - Setting next_dagrun for dataset_consumes_1_and_2 to None, run_after=None
[2025-06-02T22:05:10.555+0000] {logging_mixin.py:154} INFO - [2025-06-02T22:05:10.554+0000] {dag.py:3722} INFO - Setting next_dagrun for dataset_consumes_1_never_scheduled to None, run_after=None
[2025-06-02T22:05:10.556+0000] {logging_mixin.py:154} INFO - [2025-06-02T22:05:10.556+0000] {dag.py:3722} INFO - Setting next_dagrun for dataset_consumes_unknown_never_scheduled to None, run_after=None
[2025-06-02T22:05:10.560+0000] {logging_mixin.py:154} INFO - [2025-06-02T22:05:10.560+0000] {dag.py:3722} INFO - Setting next_dagrun for dataset_produces_1 to 2025-06-01T00:00:00+00:00, run_after=2025-06-02T00:00:00+00:00
[2025-06-02T22:05:10.561+0000] {logging_mixin.py:154} INFO - [2025-06-02T22:05:10.561+0000] {dag.py:3722} INFO - Setting next_dagrun for dataset_produces_2 to None, run_after=None
[2025-06-02T22:05:10.606+0000] {processor.py:179} INFO - Processing /home/airflow/.local/lib/python3.10/site-packages/airflow/example_dags/example_datasets.py took 0.164 seconds
[2025-06-02T22:05:40.742+0000] {processor.py:157} INFO - Started process (PID=662) to work on /home/airflow/.local/lib/python3.10/site-packages/airflow/example_dags/example_datasets.py
[2025-06-02T22:05:40.744+0000] {processor.py:829} INFO - Processing file /home/airflow/.local/lib/python3.10/site-packages/airflow/example_dags/example_datasets.py for tasks to queue
[2025-06-02T22:05:40.748+0000] {logging_mixin.py:154} INFO - [2025-06-02T22:05:40.748+0000] {dagbag.py:536} INFO - Filling up the DagBag from /home/airflow/.local/lib/python3.10/site-packages/airflow/example_dags/example_datasets.py
[2025-06-02T22:05:40.761+0000] {processor.py:839} INFO - DAG(s) dict_keys(['dataset_consumes_1_and_2', 'dataset_produces_1', 'dataset_consumes_1_never_scheduled', 'dataset_produces_2', 'dataset_consumes_unknown_never_scheduled', 'dataset_consumes_1']) retrieved from /home/airflow/.local/lib/python3.10/site-packages/airflow/example_dags/example_datasets.py
[2025-06-02T22:05:40.806+0000] {logging_mixin.py:154} INFO - [2025-06-02T22:05:40.806+0000] {dag.py:2941} INFO - Sync 6 DAGs
[2025-06-02T22:05:40.841+0000] {logging_mixin.py:154} INFO - [2025-06-02T22:05:40.841+0000] {dag.py:3722} INFO - Setting next_dagrun for dataset_consumes_1 to None, run_after=None
[2025-06-02T22:05:40.846+0000] {logging_mixin.py:154} INFO - [2025-06-02T22:05:40.846+0000] {dag.py:3722} INFO - Setting next_dagrun for dataset_consumes_1_and_2 to None, run_after=None
[2025-06-02T22:05:40.848+0000] {logging_mixin.py:154} INFO - [2025-06-02T22:05:40.847+0000] {dag.py:3722} INFO - Setting next_dagrun for dataset_consumes_1_never_scheduled to None, run_after=None
[2025-06-02T22:05:40.849+0000] {logging_mixin.py:154} INFO - [2025-06-02T22:05:40.849+0000] {dag.py:3722} INFO - Setting next_dagrun for dataset_consumes_unknown_never_scheduled to None, run_after=None
[2025-06-02T22:05:40.853+0000] {logging_mixin.py:154} INFO - [2025-06-02T22:05:40.853+0000] {dag.py:3722} INFO - Setting next_dagrun for dataset_produces_1 to 2025-06-01T00:00:00+00:00, run_after=2025-06-02T00:00:00+00:00
[2025-06-02T22:05:40.855+0000] {logging_mixin.py:154} INFO - [2025-06-02T22:05:40.855+0000] {dag.py:3722} INFO - Setting next_dagrun for dataset_produces_2 to None, run_after=None
[2025-06-02T22:05:40.906+0000] {processor.py:179} INFO - Processing /home/airflow/.local/lib/python3.10/site-packages/airflow/example_dags/example_datasets.py took 0.170 seconds
[2025-06-02T22:06:11.023+0000] {processor.py:157} INFO - Started process (PID=715) to work on /home/airflow/.local/lib/python3.10/site-packages/airflow/example_dags/example_datasets.py
[2025-06-02T22:06:11.024+0000] {processor.py:829} INFO - Processing file /home/airflow/.local/lib/python3.10/site-packages/airflow/example_dags/example_datasets.py for tasks to queue
[2025-06-02T22:06:11.026+0000] {logging_mixin.py:154} INFO - [2025-06-02T22:06:11.026+0000] {dagbag.py:536} INFO - Filling up the DagBag from /home/airflow/.local/lib/python3.10/site-packages/airflow/example_dags/example_datasets.py
[2025-06-02T22:06:11.039+0000] {processor.py:839} INFO - DAG(s) dict_keys(['dataset_consumes_1_and_2', 'dataset_consumes_1', 'dataset_consumes_unknown_never_scheduled', 'dataset_produces_1', 'dataset_produces_2', 'dataset_consumes_1_never_scheduled']) retrieved from /home/airflow/.local/lib/python3.10/site-packages/airflow/example_dags/example_datasets.py
[2025-06-02T22:06:11.084+0000] {logging_mixin.py:154} INFO - [2025-06-02T22:06:11.083+0000] {dag.py:2941} INFO - Sync 6 DAGs
[2025-06-02T22:06:11.113+0000] {logging_mixin.py:154} INFO - [2025-06-02T22:06:11.113+0000] {dag.py:3722} INFO - Setting next_dagrun for dataset_consumes_1 to None, run_after=None
[2025-06-02T22:06:11.118+0000] {logging_mixin.py:154} INFO - [2025-06-02T22:06:11.117+0000] {dag.py:3722} INFO - Setting next_dagrun for dataset_consumes_1_and_2 to None, run_after=None
[2025-06-02T22:06:11.119+0000] {logging_mixin.py:154} INFO - [2025-06-02T22:06:11.119+0000] {dag.py:3722} INFO - Setting next_dagrun for dataset_consumes_1_never_scheduled to None, run_after=None
[2025-06-02T22:06:11.120+0000] {logging_mixin.py:154} INFO - [2025-06-02T22:06:11.120+0000] {dag.py:3722} INFO - Setting next_dagrun for dataset_consumes_unknown_never_scheduled to None, run_after=None
[2025-06-02T22:06:11.124+0000] {logging_mixin.py:154} INFO - [2025-06-02T22:06:11.124+0000] {dag.py:3722} INFO - Setting next_dagrun for dataset_produces_1 to 2025-06-01T00:00:00+00:00, run_after=2025-06-02T00:00:00+00:00
[2025-06-02T22:06:11.125+0000] {logging_mixin.py:154} INFO - [2025-06-02T22:06:11.125+0000] {dag.py:3722} INFO - Setting next_dagrun for dataset_produces_2 to None, run_after=None
[2025-06-02T22:06:11.163+0000] {processor.py:179} INFO - Processing /home/airflow/.local/lib/python3.10/site-packages/airflow/example_dags/example_datasets.py took 0.149 seconds
[2025-06-02T22:06:41.545+0000] {processor.py:157} INFO - Started process (PID=770) to work on /home/airflow/.local/lib/python3.10/site-packages/airflow/example_dags/example_datasets.py
[2025-06-02T22:06:41.547+0000] {processor.py:829} INFO - Processing file /home/airflow/.local/lib/python3.10/site-packages/airflow/example_dags/example_datasets.py for tasks to queue
[2025-06-02T22:06:41.550+0000] {logging_mixin.py:154} INFO - [2025-06-02T22:06:41.550+0000] {dagbag.py:536} INFO - Filling up the DagBag from /home/airflow/.local/lib/python3.10/site-packages/airflow/example_dags/example_datasets.py
[2025-06-02T22:06:41.567+0000] {processor.py:839} INFO - DAG(s) dict_keys(['dataset_produces_1', 'dataset_produces_2', 'dataset_consumes_1_and_2', 'dataset_consumes_1', 'dataset_consumes_unknown_never_scheduled', 'dataset_consumes_1_never_scheduled']) retrieved from /home/airflow/.local/lib/python3.10/site-packages/airflow/example_dags/example_datasets.py
[2025-06-02T22:06:41.611+0000] {logging_mixin.py:154} INFO - [2025-06-02T22:06:41.611+0000] {dag.py:2941} INFO - Sync 6 DAGs
[2025-06-02T22:06:41.643+0000] {logging_mixin.py:154} INFO - [2025-06-02T22:06:41.643+0000] {dag.py:3722} INFO - Setting next_dagrun for dataset_consumes_1 to None, run_after=None
[2025-06-02T22:06:41.648+0000] {logging_mixin.py:154} INFO - [2025-06-02T22:06:41.648+0000] {dag.py:3722} INFO - Setting next_dagrun for dataset_consumes_1_and_2 to None, run_after=None
[2025-06-02T22:06:41.650+0000] {logging_mixin.py:154} INFO - [2025-06-02T22:06:41.649+0000] {dag.py:3722} INFO - Setting next_dagrun for dataset_consumes_1_never_scheduled to None, run_after=None
[2025-06-02T22:06:41.651+0000] {logging_mixin.py:154} INFO - [2025-06-02T22:06:41.651+0000] {dag.py:3722} INFO - Setting next_dagrun for dataset_consumes_unknown_never_scheduled to None, run_after=None
[2025-06-02T22:06:41.655+0000] {logging_mixin.py:154} INFO - [2025-06-02T22:06:41.655+0000] {dag.py:3722} INFO - Setting next_dagrun for dataset_produces_1 to 2025-06-01T00:00:00+00:00, run_after=2025-06-02T00:00:00+00:00
[2025-06-02T22:06:41.657+0000] {logging_mixin.py:154} INFO - [2025-06-02T22:06:41.656+0000] {dag.py:3722} INFO - Setting next_dagrun for dataset_produces_2 to None, run_after=None
[2025-06-02T22:06:41.707+0000] {processor.py:179} INFO - Processing /home/airflow/.local/lib/python3.10/site-packages/airflow/example_dags/example_datasets.py took 0.167 seconds
[2025-06-02T22:07:12.654+0000] {processor.py:157} INFO - Started process (PID=824) to work on /home/airflow/.local/lib/python3.10/site-packages/airflow/example_dags/example_datasets.py
[2025-06-02T22:07:12.656+0000] {processor.py:829} INFO - Processing file /home/airflow/.local/lib/python3.10/site-packages/airflow/example_dags/example_datasets.py for tasks to queue
[2025-06-02T22:07:12.659+0000] {logging_mixin.py:154} INFO - [2025-06-02T22:07:12.659+0000] {dagbag.py:536} INFO - Filling up the DagBag from /home/airflow/.local/lib/python3.10/site-packages/airflow/example_dags/example_datasets.py
[2025-06-02T22:07:12.671+0000] {processor.py:839} INFO - DAG(s) dict_keys(['dataset_consumes_1_and_2', 'dataset_consumes_unknown_never_scheduled', 'dataset_produces_2', 'dataset_consumes_1', 'dataset_consumes_1_never_scheduled', 'dataset_produces_1']) retrieved from /home/airflow/.local/lib/python3.10/site-packages/airflow/example_dags/example_datasets.py
[2025-06-02T22:07:12.714+0000] {logging_mixin.py:154} INFO - [2025-06-02T22:07:12.714+0000] {dag.py:2941} INFO - Sync 6 DAGs
[2025-06-02T22:07:12.943+0000] {logging_mixin.py:154} INFO - [2025-06-02T22:07:12.942+0000] {dag.py:3722} INFO - Setting next_dagrun for dataset_consumes_1 to None, run_after=None
[2025-06-02T22:07:12.947+0000] {logging_mixin.py:154} INFO - [2025-06-02T22:07:12.947+0000] {dag.py:3722} INFO - Setting next_dagrun for dataset_consumes_1_and_2 to None, run_after=None
[2025-06-02T22:07:12.948+0000] {logging_mixin.py:154} INFO - [2025-06-02T22:07:12.948+0000] {dag.py:3722} INFO - Setting next_dagrun for dataset_consumes_1_never_scheduled to None, run_after=None
[2025-06-02T22:07:12.950+0000] {logging_mixin.py:154} INFO - [2025-06-02T22:07:12.950+0000] {dag.py:3722} INFO - Setting next_dagrun for dataset_consumes_unknown_never_scheduled to None, run_after=None
[2025-06-02T22:07:12.954+0000] {logging_mixin.py:154} INFO - [2025-06-02T22:07:12.954+0000] {dag.py:3722} INFO - Setting next_dagrun for dataset_produces_1 to 2025-06-01T00:00:00+00:00, run_after=2025-06-02T00:00:00+00:00
[2025-06-02T22:07:12.955+0000] {logging_mixin.py:154} INFO - [2025-06-02T22:07:12.955+0000] {dag.py:3722} INFO - Setting next_dagrun for dataset_produces_2 to None, run_after=None
[2025-06-02T22:07:12.994+0000] {processor.py:179} INFO - Processing /home/airflow/.local/lib/python3.10/site-packages/airflow/example_dags/example_datasets.py took 0.347 seconds
[2025-06-02T22:07:43.410+0000] {processor.py:157} INFO - Started process (PID=878) to work on /home/airflow/.local/lib/python3.10/site-packages/airflow/example_dags/example_datasets.py
[2025-06-02T22:07:43.411+0000] {processor.py:829} INFO - Processing file /home/airflow/.local/lib/python3.10/site-packages/airflow/example_dags/example_datasets.py for tasks to queue
[2025-06-02T22:07:43.415+0000] {logging_mixin.py:154} INFO - [2025-06-02T22:07:43.415+0000] {dagbag.py:536} INFO - Filling up the DagBag from /home/airflow/.local/lib/python3.10/site-packages/airflow/example_dags/example_datasets.py
[2025-06-02T22:07:43.428+0000] {processor.py:839} INFO - DAG(s) dict_keys(['dataset_produces_1', 'dataset_consumes_1_and_2', 'dataset_consumes_1', 'dataset_consumes_1_never_scheduled', 'dataset_consumes_unknown_never_scheduled', 'dataset_produces_2']) retrieved from /home/airflow/.local/lib/python3.10/site-packages/airflow/example_dags/example_datasets.py
[2025-06-02T22:07:43.472+0000] {logging_mixin.py:154} INFO - [2025-06-02T22:07:43.471+0000] {dag.py:2941} INFO - Sync 6 DAGs
[2025-06-02T22:07:43.503+0000] {logging_mixin.py:154} INFO - [2025-06-02T22:07:43.503+0000] {dag.py:3722} INFO - Setting next_dagrun for dataset_consumes_1 to None, run_after=None
[2025-06-02T22:07:43.509+0000] {logging_mixin.py:154} INFO - [2025-06-02T22:07:43.509+0000] {dag.py:3722} INFO - Setting next_dagrun for dataset_consumes_1_and_2 to None, run_after=None
[2025-06-02T22:07:43.512+0000] {logging_mixin.py:154} INFO - [2025-06-02T22:07:43.512+0000] {dag.py:3722} INFO - Setting next_dagrun for dataset_consumes_1_never_scheduled to None, run_after=None
[2025-06-02T22:07:43.514+0000] {logging_mixin.py:154} INFO - [2025-06-02T22:07:43.514+0000] {dag.py:3722} INFO - Setting next_dagrun for dataset_consumes_unknown_never_scheduled to None, run_after=None
[2025-06-02T22:07:43.518+0000] {logging_mixin.py:154} INFO - [2025-06-02T22:07:43.518+0000] {dag.py:3722} INFO - Setting next_dagrun for dataset_produces_1 to 2025-06-01T00:00:00+00:00, run_after=2025-06-02T00:00:00+00:00
[2025-06-02T22:07:43.519+0000] {logging_mixin.py:154} INFO - [2025-06-02T22:07:43.519+0000] {dag.py:3722} INFO - Setting next_dagrun for dataset_produces_2 to None, run_after=None
[2025-06-02T22:07:43.562+0000] {processor.py:179} INFO - Processing /home/airflow/.local/lib/python3.10/site-packages/airflow/example_dags/example_datasets.py took 0.156 seconds
[2025-06-02T22:08:14.020+0000] {processor.py:157} INFO - Started process (PID=932) to work on /home/airflow/.local/lib/python3.10/site-packages/airflow/example_dags/example_datasets.py
[2025-06-02T22:08:14.021+0000] {processor.py:829} INFO - Processing file /home/airflow/.local/lib/python3.10/site-packages/airflow/example_dags/example_datasets.py for tasks to queue
[2025-06-02T22:08:14.024+0000] {logging_mixin.py:154} INFO - [2025-06-02T22:08:14.023+0000] {dagbag.py:536} INFO - Filling up the DagBag from /home/airflow/.local/lib/python3.10/site-packages/airflow/example_dags/example_datasets.py
[2025-06-02T22:08:14.041+0000] {processor.py:839} INFO - DAG(s) dict_keys(['dataset_produces_2', 'dataset_consumes_1', 'dataset_consumes_unknown_never_scheduled', 'dataset_consumes_1_and_2', 'dataset_consumes_1_never_scheduled', 'dataset_produces_1']) retrieved from /home/airflow/.local/lib/python3.10/site-packages/airflow/example_dags/example_datasets.py
[2025-06-02T22:08:14.088+0000] {logging_mixin.py:154} INFO - [2025-06-02T22:08:14.087+0000] {dag.py:2941} INFO - Sync 6 DAGs
[2025-06-02T22:08:14.118+0000] {logging_mixin.py:154} INFO - [2025-06-02T22:08:14.118+0000] {dag.py:3722} INFO - Setting next_dagrun for dataset_consumes_1 to None, run_after=None
[2025-06-02T22:08:14.126+0000] {logging_mixin.py:154} INFO - [2025-06-02T22:08:14.125+0000] {dag.py:3722} INFO - Setting next_dagrun for dataset_consumes_1_and_2 to None, run_after=None
[2025-06-02T22:08:14.127+0000] {logging_mixin.py:154} INFO - [2025-06-02T22:08:14.127+0000] {dag.py:3722} INFO - Setting next_dagrun for dataset_consumes_1_never_scheduled to None, run_after=None
[2025-06-02T22:08:14.129+0000] {logging_mixin.py:154} INFO - [2025-06-02T22:08:14.128+0000] {dag.py:3722} INFO - Setting next_dagrun for dataset_consumes_unknown_never_scheduled to None, run_after=None
[2025-06-02T22:08:14.133+0000] {logging_mixin.py:154} INFO - [2025-06-02T22:08:14.132+0000] {dag.py:3722} INFO - Setting next_dagrun for dataset_produces_1 to 2025-06-01T00:00:00+00:00, run_after=2025-06-02T00:00:00+00:00
[2025-06-02T22:08:14.134+0000] {logging_mixin.py:154} INFO - [2025-06-02T22:08:14.134+0000] {dag.py:3722} INFO - Setting next_dagrun for dataset_produces_2 to None, run_after=None
[2025-06-02T22:08:14.173+0000] {processor.py:179} INFO - Processing /home/airflow/.local/lib/python3.10/site-packages/airflow/example_dags/example_datasets.py took 0.158 seconds
[2025-06-02T22:08:44.761+0000] {processor.py:157} INFO - Started process (PID=986) to work on /home/airflow/.local/lib/python3.10/site-packages/airflow/example_dags/example_datasets.py
[2025-06-02T22:08:44.763+0000] {processor.py:829} INFO - Processing file /home/airflow/.local/lib/python3.10/site-packages/airflow/example_dags/example_datasets.py for tasks to queue
[2025-06-02T22:08:44.766+0000] {logging_mixin.py:154} INFO - [2025-06-02T22:08:44.765+0000] {dagbag.py:536} INFO - Filling up the DagBag from /home/airflow/.local/lib/python3.10/site-packages/airflow/example_dags/example_datasets.py
[2025-06-02T22:08:44.778+0000] {processor.py:839} INFO - DAG(s) dict_keys(['dataset_produces_2', 'dataset_consumes_1_never_scheduled', 'dataset_consumes_unknown_never_scheduled', 'dataset_consumes_1_and_2', 'dataset_produces_1', 'dataset_consumes_1']) retrieved from /home/airflow/.local/lib/python3.10/site-packages/airflow/example_dags/example_datasets.py
[2025-06-02T22:08:44.822+0000] {logging_mixin.py:154} INFO - [2025-06-02T22:08:44.822+0000] {dag.py:2941} INFO - Sync 6 DAGs
[2025-06-02T22:08:45.050+0000] {logging_mixin.py:154} INFO - [2025-06-02T22:08:45.049+0000] {dag.py:3722} INFO - Setting next_dagrun for dataset_consumes_1 to None, run_after=None
[2025-06-02T22:08:45.054+0000] {logging_mixin.py:154} INFO - [2025-06-02T22:08:45.054+0000] {dag.py:3722} INFO - Setting next_dagrun for dataset_consumes_1_and_2 to None, run_after=None
[2025-06-02T22:08:45.056+0000] {logging_mixin.py:154} INFO - [2025-06-02T22:08:45.056+0000] {dag.py:3722} INFO - Setting next_dagrun for dataset_consumes_1_never_scheduled to None, run_after=None
[2025-06-02T22:08:45.058+0000] {logging_mixin.py:154} INFO - [2025-06-02T22:08:45.058+0000] {dag.py:3722} INFO - Setting next_dagrun for dataset_consumes_unknown_never_scheduled to None, run_after=None
[2025-06-02T22:08:45.061+0000] {logging_mixin.py:154} INFO - [2025-06-02T22:08:45.061+0000] {dag.py:3722} INFO - Setting next_dagrun for dataset_produces_1 to 2025-06-01T00:00:00+00:00, run_after=2025-06-02T00:00:00+00:00
[2025-06-02T22:08:45.063+0000] {logging_mixin.py:154} INFO - [2025-06-02T22:08:45.063+0000] {dag.py:3722} INFO - Setting next_dagrun for dataset_produces_2 to None, run_after=None
[2025-06-02T22:08:45.105+0000] {processor.py:179} INFO - Processing /home/airflow/.local/lib/python3.10/site-packages/airflow/example_dags/example_datasets.py took 0.351 seconds
[2025-06-02T22:09:15.316+0000] {processor.py:157} INFO - Started process (PID=1040) to work on /home/airflow/.local/lib/python3.10/site-packages/airflow/example_dags/example_datasets.py
[2025-06-02T22:09:15.317+0000] {processor.py:829} INFO - Processing file /home/airflow/.local/lib/python3.10/site-packages/airflow/example_dags/example_datasets.py for tasks to queue
[2025-06-02T22:09:15.321+0000] {logging_mixin.py:154} INFO - [2025-06-02T22:09:15.320+0000] {dagbag.py:536} INFO - Filling up the DagBag from /home/airflow/.local/lib/python3.10/site-packages/airflow/example_dags/example_datasets.py
[2025-06-02T22:09:15.338+0000] {processor.py:839} INFO - DAG(s) dict_keys(['dataset_produces_2', 'dataset_consumes_unknown_never_scheduled', 'dataset_produces_1', 'dataset_consumes_1', 'dataset_consumes_1_never_scheduled', 'dataset_consumes_1_and_2']) retrieved from /home/airflow/.local/lib/python3.10/site-packages/airflow/example_dags/example_datasets.py
[2025-06-02T22:09:15.383+0000] {logging_mixin.py:154} INFO - [2025-06-02T22:09:15.383+0000] {dag.py:2941} INFO - Sync 6 DAGs
[2025-06-02T22:09:15.438+0000] {logging_mixin.py:154} INFO - [2025-06-02T22:09:15.438+0000] {dag.py:3722} INFO - Setting next_dagrun for dataset_consumes_1 to None, run_after=None
[2025-06-02T22:09:15.446+0000] {logging_mixin.py:154} INFO - [2025-06-02T22:09:15.446+0000] {dag.py:3722} INFO - Setting next_dagrun for dataset_consumes_1_and_2 to None, run_after=None
[2025-06-02T22:09:15.448+0000] {logging_mixin.py:154} INFO - [2025-06-02T22:09:15.448+0000] {dag.py:3722} INFO - Setting next_dagrun for dataset_consumes_1_never_scheduled to None, run_after=None
[2025-06-02T22:09:15.450+0000] {logging_mixin.py:154} INFO - [2025-06-02T22:09:15.450+0000] {dag.py:3722} INFO - Setting next_dagrun for dataset_consumes_unknown_never_scheduled to None, run_after=None
[2025-06-02T22:09:15.454+0000] {logging_mixin.py:154} INFO - [2025-06-02T22:09:15.454+0000] {dag.py:3722} INFO - Setting next_dagrun for dataset_produces_1 to 2025-06-01T00:00:00+00:00, run_after=2025-06-02T00:00:00+00:00
[2025-06-02T22:09:15.456+0000] {logging_mixin.py:154} INFO - [2025-06-02T22:09:15.456+0000] {dag.py:3722} INFO - Setting next_dagrun for dataset_produces_2 to None, run_after=None
[2025-06-02T22:09:15.515+0000] {processor.py:179} INFO - Processing /home/airflow/.local/lib/python3.10/site-packages/airflow/example_dags/example_datasets.py took 0.204 seconds
[2025-06-02T22:09:46.006+0000] {processor.py:157} INFO - Started process (PID=1093) to work on /home/airflow/.local/lib/python3.10/site-packages/airflow/example_dags/example_datasets.py
[2025-06-02T22:09:46.007+0000] {processor.py:829} INFO - Processing file /home/airflow/.local/lib/python3.10/site-packages/airflow/example_dags/example_datasets.py for tasks to queue
[2025-06-02T22:09:46.014+0000] {logging_mixin.py:154} INFO - [2025-06-02T22:09:46.013+0000] {dagbag.py:536} INFO - Filling up the DagBag from /home/airflow/.local/lib/python3.10/site-packages/airflow/example_dags/example_datasets.py
[2025-06-02T22:09:46.037+0000] {processor.py:839} INFO - DAG(s) dict_keys(['dataset_consumes_unknown_never_scheduled', 'dataset_consumes_1_never_scheduled', 'dataset_produces_2', 'dataset_produces_1', 'dataset_consumes_1_and_2', 'dataset_consumes_1']) retrieved from /home/airflow/.local/lib/python3.10/site-packages/airflow/example_dags/example_datasets.py
[2025-06-02T22:09:46.131+0000] {logging_mixin.py:154} INFO - [2025-06-02T22:09:46.131+0000] {dag.py:2941} INFO - Sync 6 DAGs
[2025-06-02T22:09:46.194+0000] {logging_mixin.py:154} INFO - [2025-06-02T22:09:46.194+0000] {dag.py:3722} INFO - Setting next_dagrun for dataset_consumes_1 to None, run_after=None
[2025-06-02T22:09:46.200+0000] {logging_mixin.py:154} INFO - [2025-06-02T22:09:46.200+0000] {dag.py:3722} INFO - Setting next_dagrun for dataset_consumes_1_and_2 to None, run_after=None
[2025-06-02T22:09:46.202+0000] {logging_mixin.py:154} INFO - [2025-06-02T22:09:46.202+0000] {dag.py:3722} INFO - Setting next_dagrun for dataset_consumes_1_never_scheduled to None, run_after=None
[2025-06-02T22:09:46.206+0000] {logging_mixin.py:154} INFO - [2025-06-02T22:09:46.206+0000] {dag.py:3722} INFO - Setting next_dagrun for dataset_consumes_unknown_never_scheduled to None, run_after=None
[2025-06-02T22:09:46.214+0000] {logging_mixin.py:154} INFO - [2025-06-02T22:09:46.213+0000] {dag.py:3722} INFO - Setting next_dagrun for dataset_produces_1 to 2025-06-01T00:00:00+00:00, run_after=2025-06-02T00:00:00+00:00
[2025-06-02T22:09:46.222+0000] {logging_mixin.py:154} INFO - [2025-06-02T22:09:46.222+0000] {dag.py:3722} INFO - Setting next_dagrun for dataset_produces_2 to None, run_after=None
[2025-06-02T22:09:46.294+0000] {processor.py:179} INFO - Processing /home/airflow/.local/lib/python3.10/site-packages/airflow/example_dags/example_datasets.py took 0.301 seconds
[2025-06-02T22:10:16.637+0000] {processor.py:157} INFO - Started process (PID=1147) to work on /home/airflow/.local/lib/python3.10/site-packages/airflow/example_dags/example_datasets.py
[2025-06-02T22:10:16.642+0000] {processor.py:829} INFO - Processing file /home/airflow/.local/lib/python3.10/site-packages/airflow/example_dags/example_datasets.py for tasks to queue
[2025-06-02T22:10:16.650+0000] {logging_mixin.py:154} INFO - [2025-06-02T22:10:16.650+0000] {dagbag.py:536} INFO - Filling up the DagBag from /home/airflow/.local/lib/python3.10/site-packages/airflow/example_dags/example_datasets.py
[2025-06-02T22:10:16.678+0000] {processor.py:839} INFO - DAG(s) dict_keys(['dataset_consumes_unknown_never_scheduled', 'dataset_produces_1', 'dataset_consumes_1_and_2', 'dataset_produces_2', 'dataset_consumes_1', 'dataset_consumes_1_never_scheduled']) retrieved from /home/airflow/.local/lib/python3.10/site-packages/airflow/example_dags/example_datasets.py
[2025-06-02T22:10:16.773+0000] {logging_mixin.py:154} INFO - [2025-06-02T22:10:16.773+0000] {dag.py:2941} INFO - Sync 6 DAGs
[2025-06-02T22:10:17.310+0000] {logging_mixin.py:154} INFO - [2025-06-02T22:10:17.310+0000] {dag.py:3722} INFO - Setting next_dagrun for dataset_consumes_1 to None, run_after=None
[2025-06-02T22:10:17.318+0000] {logging_mixin.py:154} INFO - [2025-06-02T22:10:17.318+0000] {dag.py:3722} INFO - Setting next_dagrun for dataset_consumes_1_and_2 to None, run_after=None
[2025-06-02T22:10:17.326+0000] {logging_mixin.py:154} INFO - [2025-06-02T22:10:17.326+0000] {dag.py:3722} INFO - Setting next_dagrun for dataset_consumes_1_never_scheduled to None, run_after=None
[2025-06-02T22:10:17.328+0000] {logging_mixin.py:154} INFO - [2025-06-02T22:10:17.327+0000] {dag.py:3722} INFO - Setting next_dagrun for dataset_consumes_unknown_never_scheduled to None, run_after=None
[2025-06-02T22:10:17.332+0000] {logging_mixin.py:154} INFO - [2025-06-02T22:10:17.332+0000] {dag.py:3722} INFO - Setting next_dagrun for dataset_produces_1 to 2025-06-01T00:00:00+00:00, run_after=2025-06-02T00:00:00+00:00
[2025-06-02T22:10:17.338+0000] {logging_mixin.py:154} INFO - [2025-06-02T22:10:17.338+0000] {dag.py:3722} INFO - Setting next_dagrun for dataset_produces_2 to None, run_after=None
[2025-06-02T22:10:17.418+0000] {processor.py:179} INFO - Processing /home/airflow/.local/lib/python3.10/site-packages/airflow/example_dags/example_datasets.py took 0.792 seconds
[2025-06-02T22:10:48.240+0000] {processor.py:157} INFO - Started process (PID=1201) to work on /home/airflow/.local/lib/python3.10/site-packages/airflow/example_dags/example_datasets.py
[2025-06-02T22:10:48.241+0000] {processor.py:829} INFO - Processing file /home/airflow/.local/lib/python3.10/site-packages/airflow/example_dags/example_datasets.py for tasks to queue
[2025-06-02T22:10:48.244+0000] {logging_mixin.py:154} INFO - [2025-06-02T22:10:48.244+0000] {dagbag.py:536} INFO - Filling up the DagBag from /home/airflow/.local/lib/python3.10/site-packages/airflow/example_dags/example_datasets.py
[2025-06-02T22:10:48.259+0000] {processor.py:839} INFO - DAG(s) dict_keys(['dataset_consumes_1_and_2', 'dataset_consumes_1', 'dataset_produces_1', 'dataset_consumes_unknown_never_scheduled', 'dataset_produces_2', 'dataset_consumes_1_never_scheduled']) retrieved from /home/airflow/.local/lib/python3.10/site-packages/airflow/example_dags/example_datasets.py
[2025-06-02T22:10:48.303+0000] {logging_mixin.py:154} INFO - [2025-06-02T22:10:48.303+0000] {dag.py:2941} INFO - Sync 6 DAGs
[2025-06-02T22:10:48.335+0000] {logging_mixin.py:154} INFO - [2025-06-02T22:10:48.335+0000] {dag.py:3722} INFO - Setting next_dagrun for dataset_consumes_1 to None, run_after=None
[2025-06-02T22:10:48.341+0000] {logging_mixin.py:154} INFO - [2025-06-02T22:10:48.341+0000] {dag.py:3722} INFO - Setting next_dagrun for dataset_consumes_1_and_2 to None, run_after=None
[2025-06-02T22:10:48.343+0000] {logging_mixin.py:154} INFO - [2025-06-02T22:10:48.343+0000] {dag.py:3722} INFO - Setting next_dagrun for dataset_consumes_1_never_scheduled to None, run_after=None
[2025-06-02T22:10:48.344+0000] {logging_mixin.py:154} INFO - [2025-06-02T22:10:48.344+0000] {dag.py:3722} INFO - Setting next_dagrun for dataset_consumes_unknown_never_scheduled to None, run_after=None
[2025-06-02T22:10:48.349+0000] {logging_mixin.py:154} INFO - [2025-06-02T22:10:48.349+0000] {dag.py:3722} INFO - Setting next_dagrun for dataset_produces_1 to 2025-06-01T00:00:00+00:00, run_after=2025-06-02T00:00:00+00:00
[2025-06-02T22:10:48.351+0000] {logging_mixin.py:154} INFO - [2025-06-02T22:10:48.350+0000] {dag.py:3722} INFO - Setting next_dagrun for dataset_produces_2 to None, run_after=None
[2025-06-02T22:10:48.789+0000] {processor.py:179} INFO - Processing /home/airflow/.local/lib/python3.10/site-packages/airflow/example_dags/example_datasets.py took 0.553 seconds
[2025-06-02T23:03:31.224+0000] {processor.py:157} INFO - Started process (PID=61) to work on /home/airflow/.local/lib/python3.10/site-packages/airflow/example_dags/example_datasets.py
[2025-06-02T23:03:31.238+0000] {processor.py:829} INFO - Processing file /home/airflow/.local/lib/python3.10/site-packages/airflow/example_dags/example_datasets.py for tasks to queue
[2025-06-02T23:03:31.250+0000] {logging_mixin.py:154} INFO - [2025-06-02T23:03:31.250+0000] {dagbag.py:536} INFO - Filling up the DagBag from /home/airflow/.local/lib/python3.10/site-packages/airflow/example_dags/example_datasets.py
[2025-06-02T23:03:31.316+0000] {processor.py:839} INFO - DAG(s) dict_keys(['dataset_consumes_unknown_never_scheduled', 'dataset_produces_1', 'dataset_produces_2', 'dataset_consumes_1_and_2', 'dataset_consumes_1_never_scheduled', 'dataset_consumes_1']) retrieved from /home/airflow/.local/lib/python3.10/site-packages/airflow/example_dags/example_datasets.py
[2025-06-02T23:03:31.594+0000] {logging_mixin.py:154} INFO - [2025-06-02T23:03:31.594+0000] {dag.py:2941} INFO - Sync 6 DAGs
[2025-06-02T23:03:31.714+0000] {logging_mixin.py:154} INFO - [2025-06-02T23:03:31.710+0000] {dag.py:3722} INFO - Setting next_dagrun for dataset_consumes_1 to None, run_after=None
[2025-06-02T23:03:31.746+0000] {logging_mixin.py:154} INFO - [2025-06-02T23:03:31.746+0000] {dag.py:3722} INFO - Setting next_dagrun for dataset_consumes_1_and_2 to None, run_after=None
[2025-06-02T23:03:31.750+0000] {logging_mixin.py:154} INFO - [2025-06-02T23:03:31.750+0000] {dag.py:3722} INFO - Setting next_dagrun for dataset_consumes_1_never_scheduled to None, run_after=None
[2025-06-02T23:03:31.766+0000] {logging_mixin.py:154} INFO - [2025-06-02T23:03:31.766+0000] {dag.py:3722} INFO - Setting next_dagrun for dataset_consumes_unknown_never_scheduled to None, run_after=None
[2025-06-02T23:03:31.773+0000] {logging_mixin.py:154} INFO - [2025-06-02T23:03:31.773+0000] {dag.py:3722} INFO - Setting next_dagrun for dataset_produces_1 to 2025-06-01T00:00:00+00:00, run_after=2025-06-02T00:00:00+00:00
[2025-06-02T23:03:31.784+0000] {logging_mixin.py:154} INFO - [2025-06-02T23:03:31.783+0000] {dag.py:3722} INFO - Setting next_dagrun for dataset_produces_2 to None, run_after=None
[2025-06-02T23:03:31.960+0000] {processor.py:179} INFO - Processing /home/airflow/.local/lib/python3.10/site-packages/airflow/example_dags/example_datasets.py took 0.764 seconds
[2025-06-02T23:03:58.856+0000] {processor.py:157} INFO - Started process (PID=53) to work on /home/airflow/.local/lib/python3.10/site-packages/airflow/example_dags/example_datasets.py
[2025-06-02T23:03:58.857+0000] {processor.py:829} INFO - Processing file /home/airflow/.local/lib/python3.10/site-packages/airflow/example_dags/example_datasets.py for tasks to queue
[2025-06-02T23:03:58.861+0000] {logging_mixin.py:154} INFO - [2025-06-02T23:03:58.860+0000] {dagbag.py:536} INFO - Filling up the DagBag from /home/airflow/.local/lib/python3.10/site-packages/airflow/example_dags/example_datasets.py
[2025-06-02T23:03:58.874+0000] {processor.py:839} INFO - DAG(s) dict_keys(['dataset_consumes_1_never_scheduled', 'dataset_consumes_1_and_2', 'dataset_consumes_unknown_never_scheduled', 'dataset_produces_2', 'dataset_consumes_1', 'dataset_produces_1']) retrieved from /home/airflow/.local/lib/python3.10/site-packages/airflow/example_dags/example_datasets.py
[2025-06-02T23:03:58.927+0000] {logging_mixin.py:154} INFO - [2025-06-02T23:03:58.926+0000] {dag.py:2941} INFO - Sync 6 DAGs
[2025-06-02T23:03:58.959+0000] {logging_mixin.py:154} INFO - [2025-06-02T23:03:58.959+0000] {dag.py:3722} INFO - Setting next_dagrun for dataset_consumes_1 to None, run_after=None
[2025-06-02T23:03:58.963+0000] {logging_mixin.py:154} INFO - [2025-06-02T23:03:58.963+0000] {dag.py:3722} INFO - Setting next_dagrun for dataset_consumes_1_and_2 to None, run_after=None
[2025-06-02T23:03:58.965+0000] {logging_mixin.py:154} INFO - [2025-06-02T23:03:58.965+0000] {dag.py:3722} INFO - Setting next_dagrun for dataset_consumes_1_never_scheduled to None, run_after=None
[2025-06-02T23:03:58.967+0000] {logging_mixin.py:154} INFO - [2025-06-02T23:03:58.967+0000] {dag.py:3722} INFO - Setting next_dagrun for dataset_consumes_unknown_never_scheduled to None, run_after=None
[2025-06-02T23:03:58.971+0000] {logging_mixin.py:154} INFO - [2025-06-02T23:03:58.971+0000] {dag.py:3722} INFO - Setting next_dagrun for dataset_produces_1 to 2025-06-01T00:00:00+00:00, run_after=2025-06-02T00:00:00+00:00
[2025-06-02T23:03:58.972+0000] {logging_mixin.py:154} INFO - [2025-06-02T23:03:58.972+0000] {dag.py:3722} INFO - Setting next_dagrun for dataset_produces_2 to None, run_after=None
[2025-06-02T23:03:59.024+0000] {processor.py:179} INFO - Processing /home/airflow/.local/lib/python3.10/site-packages/airflow/example_dags/example_datasets.py took 0.173 seconds
[2025-06-02T23:04:29.829+0000] {processor.py:157} INFO - Started process (PID=109) to work on /home/airflow/.local/lib/python3.10/site-packages/airflow/example_dags/example_datasets.py
[2025-06-02T23:04:29.833+0000] {processor.py:829} INFO - Processing file /home/airflow/.local/lib/python3.10/site-packages/airflow/example_dags/example_datasets.py for tasks to queue
[2025-06-02T23:04:29.836+0000] {logging_mixin.py:154} INFO - [2025-06-02T23:04:29.836+0000] {dagbag.py:536} INFO - Filling up the DagBag from /home/airflow/.local/lib/python3.10/site-packages/airflow/example_dags/example_datasets.py
[2025-06-02T23:04:29.852+0000] {processor.py:839} INFO - DAG(s) dict_keys(['dataset_consumes_unknown_never_scheduled', 'dataset_consumes_1', 'dataset_produces_2', 'dataset_consumes_1_and_2', 'dataset_consumes_1_never_scheduled', 'dataset_produces_1']) retrieved from /home/airflow/.local/lib/python3.10/site-packages/airflow/example_dags/example_datasets.py
[2025-06-02T23:04:29.897+0000] {logging_mixin.py:154} INFO - [2025-06-02T23:04:29.897+0000] {dag.py:2941} INFO - Sync 6 DAGs
[2025-06-02T23:04:29.946+0000] {logging_mixin.py:154} INFO - [2025-06-02T23:04:29.946+0000] {dag.py:3722} INFO - Setting next_dagrun for dataset_consumes_1 to None, run_after=None
[2025-06-02T23:04:29.950+0000] {logging_mixin.py:154} INFO - [2025-06-02T23:04:29.950+0000] {dag.py:3722} INFO - Setting next_dagrun for dataset_consumes_1_and_2 to None, run_after=None
[2025-06-02T23:04:29.952+0000] {logging_mixin.py:154} INFO - [2025-06-02T23:04:29.952+0000] {dag.py:3722} INFO - Setting next_dagrun for dataset_consumes_1_never_scheduled to None, run_after=None
[2025-06-02T23:04:29.956+0000] {logging_mixin.py:154} INFO - [2025-06-02T23:04:29.956+0000] {dag.py:3722} INFO - Setting next_dagrun for dataset_consumes_unknown_never_scheduled to None, run_after=None
[2025-06-02T23:04:29.960+0000] {logging_mixin.py:154} INFO - [2025-06-02T23:04:29.960+0000] {dag.py:3722} INFO - Setting next_dagrun for dataset_produces_1 to 2025-06-01T00:00:00+00:00, run_after=2025-06-02T00:00:00+00:00
[2025-06-02T23:04:29.962+0000] {logging_mixin.py:154} INFO - [2025-06-02T23:04:29.962+0000] {dag.py:3722} INFO - Setting next_dagrun for dataset_produces_2 to None, run_after=None
[2025-06-02T23:04:30.002+0000] {processor.py:179} INFO - Processing /home/airflow/.local/lib/python3.10/site-packages/airflow/example_dags/example_datasets.py took 0.177 seconds
[2025-06-02T23:05:00.049+0000] {processor.py:157} INFO - Started process (PID=165) to work on /home/airflow/.local/lib/python3.10/site-packages/airflow/example_dags/example_datasets.py
[2025-06-02T23:05:00.051+0000] {processor.py:829} INFO - Processing file /home/airflow/.local/lib/python3.10/site-packages/airflow/example_dags/example_datasets.py for tasks to queue
[2025-06-02T23:05:00.055+0000] {logging_mixin.py:154} INFO - [2025-06-02T23:05:00.054+0000] {dagbag.py:536} INFO - Filling up the DagBag from /home/airflow/.local/lib/python3.10/site-packages/airflow/example_dags/example_datasets.py
[2025-06-02T23:05:00.068+0000] {processor.py:839} INFO - DAG(s) dict_keys(['dataset_produces_2', 'dataset_consumes_1_never_scheduled', 'dataset_produces_1', 'dataset_consumes_1', 'dataset_consumes_unknown_never_scheduled', 'dataset_consumes_1_and_2']) retrieved from /home/airflow/.local/lib/python3.10/site-packages/airflow/example_dags/example_datasets.py
[2025-06-02T23:05:00.113+0000] {logging_mixin.py:154} INFO - [2025-06-02T23:05:00.113+0000] {dag.py:2941} INFO - Sync 6 DAGs
[2025-06-02T23:05:00.144+0000] {logging_mixin.py:154} INFO - [2025-06-02T23:05:00.144+0000] {dag.py:3722} INFO - Setting next_dagrun for dataset_consumes_1 to None, run_after=None
[2025-06-02T23:05:00.148+0000] {logging_mixin.py:154} INFO - [2025-06-02T23:05:00.148+0000] {dag.py:3722} INFO - Setting next_dagrun for dataset_consumes_1_and_2 to None, run_after=None
[2025-06-02T23:05:00.150+0000] {logging_mixin.py:154} INFO - [2025-06-02T23:05:00.150+0000] {dag.py:3722} INFO - Setting next_dagrun for dataset_consumes_1_never_scheduled to None, run_after=None
[2025-06-02T23:05:00.152+0000] {logging_mixin.py:154} INFO - [2025-06-02T23:05:00.152+0000] {dag.py:3722} INFO - Setting next_dagrun for dataset_consumes_unknown_never_scheduled to None, run_after=None
[2025-06-02T23:05:00.156+0000] {logging_mixin.py:154} INFO - [2025-06-02T23:05:00.156+0000] {dag.py:3722} INFO - Setting next_dagrun for dataset_produces_1 to 2025-06-01T00:00:00+00:00, run_after=2025-06-02T00:00:00+00:00
[2025-06-02T23:05:00.157+0000] {logging_mixin.py:154} INFO - [2025-06-02T23:05:00.157+0000] {dag.py:3722} INFO - Setting next_dagrun for dataset_produces_2 to None, run_after=None
[2025-06-02T23:05:00.222+0000] {processor.py:179} INFO - Processing /home/airflow/.local/lib/python3.10/site-packages/airflow/example_dags/example_datasets.py took 0.178 seconds
[2025-06-02T23:05:32.219+0000] {processor.py:157} INFO - Started process (PID=221) to work on /home/airflow/.local/lib/python3.10/site-packages/airflow/example_dags/example_datasets.py
[2025-06-02T23:05:32.221+0000] {processor.py:829} INFO - Processing file /home/airflow/.local/lib/python3.10/site-packages/airflow/example_dags/example_datasets.py for tasks to queue
[2025-06-02T23:05:32.224+0000] {logging_mixin.py:154} INFO - [2025-06-02T23:05:32.224+0000] {dagbag.py:536} INFO - Filling up the DagBag from /home/airflow/.local/lib/python3.10/site-packages/airflow/example_dags/example_datasets.py
[2025-06-02T23:05:32.236+0000] {processor.py:839} INFO - DAG(s) dict_keys(['dataset_consumes_1_never_scheduled', 'dataset_consumes_unknown_never_scheduled', 'dataset_consumes_1', 'dataset_produces_1', 'dataset_produces_2', 'dataset_consumes_1_and_2']) retrieved from /home/airflow/.local/lib/python3.10/site-packages/airflow/example_dags/example_datasets.py
[2025-06-02T23:05:32.283+0000] {logging_mixin.py:154} INFO - [2025-06-02T23:05:32.283+0000] {dag.py:2941} INFO - Sync 6 DAGs
[2025-06-02T23:05:32.320+0000] {logging_mixin.py:154} INFO - [2025-06-02T23:05:32.320+0000] {dag.py:3722} INFO - Setting next_dagrun for dataset_consumes_1 to None, run_after=None
[2025-06-02T23:05:32.326+0000] {logging_mixin.py:154} INFO - [2025-06-02T23:05:32.326+0000] {dag.py:3722} INFO - Setting next_dagrun for dataset_consumes_1_and_2 to None, run_after=None
[2025-06-02T23:05:32.328+0000] {logging_mixin.py:154} INFO - [2025-06-02T23:05:32.328+0000] {dag.py:3722} INFO - Setting next_dagrun for dataset_consumes_1_never_scheduled to None, run_after=None
[2025-06-02T23:05:32.330+0000] {logging_mixin.py:154} INFO - [2025-06-02T23:05:32.330+0000] {dag.py:3722} INFO - Setting next_dagrun for dataset_consumes_unknown_never_scheduled to None, run_after=None
[2025-06-02T23:05:32.334+0000] {logging_mixin.py:154} INFO - [2025-06-02T23:05:32.334+0000] {dag.py:3722} INFO - Setting next_dagrun for dataset_produces_1 to 2025-06-01T00:00:00+00:00, run_after=2025-06-02T00:00:00+00:00
[2025-06-02T23:05:32.336+0000] {logging_mixin.py:154} INFO - [2025-06-02T23:05:32.335+0000] {dag.py:3722} INFO - Setting next_dagrun for dataset_produces_2 to None, run_after=None
[2025-06-02T23:05:32.381+0000] {processor.py:179} INFO - Processing /home/airflow/.local/lib/python3.10/site-packages/airflow/example_dags/example_datasets.py took 0.167 seconds
[2025-06-02T23:06:06.418+0000] {processor.py:157} INFO - Started process (PID=277) to work on /home/airflow/.local/lib/python3.10/site-packages/airflow/example_dags/example_datasets.py
[2025-06-02T23:06:06.421+0000] {processor.py:829} INFO - Processing file /home/airflow/.local/lib/python3.10/site-packages/airflow/example_dags/example_datasets.py for tasks to queue
[2025-06-02T23:06:06.424+0000] {logging_mixin.py:154} INFO - [2025-06-02T23:06:06.424+0000] {dagbag.py:536} INFO - Filling up the DagBag from /home/airflow/.local/lib/python3.10/site-packages/airflow/example_dags/example_datasets.py
[2025-06-02T23:06:06.449+0000] {processor.py:839} INFO - DAG(s) dict_keys(['dataset_consumes_unknown_never_scheduled', 'dataset_consumes_1', 'dataset_consumes_1_never_scheduled', 'dataset_consumes_1_and_2', 'dataset_produces_1', 'dataset_produces_2']) retrieved from /home/airflow/.local/lib/python3.10/site-packages/airflow/example_dags/example_datasets.py
[2025-06-02T23:06:06.540+0000] {logging_mixin.py:154} INFO - [2025-06-02T23:06:06.540+0000] {dag.py:2941} INFO - Sync 6 DAGs
[2025-06-02T23:06:06.575+0000] {logging_mixin.py:154} INFO - [2025-06-02T23:06:06.575+0000] {dag.py:3722} INFO - Setting next_dagrun for dataset_consumes_1 to None, run_after=None
[2025-06-02T23:06:06.580+0000] {logging_mixin.py:154} INFO - [2025-06-02T23:06:06.580+0000] {dag.py:3722} INFO - Setting next_dagrun for dataset_consumes_1_and_2 to None, run_after=None
[2025-06-02T23:06:06.581+0000] {logging_mixin.py:154} INFO - [2025-06-02T23:06:06.581+0000] {dag.py:3722} INFO - Setting next_dagrun for dataset_consumes_1_never_scheduled to None, run_after=None
[2025-06-02T23:06:06.583+0000] {logging_mixin.py:154} INFO - [2025-06-02T23:06:06.583+0000] {dag.py:3722} INFO - Setting next_dagrun for dataset_consumes_unknown_never_scheduled to None, run_after=None
[2025-06-02T23:06:06.587+0000] {logging_mixin.py:154} INFO - [2025-06-02T23:06:06.587+0000] {dag.py:3722} INFO - Setting next_dagrun for dataset_produces_1 to 2025-06-01T00:00:00+00:00, run_after=2025-06-02T00:00:00+00:00
[2025-06-02T23:06:06.589+0000] {logging_mixin.py:154} INFO - [2025-06-02T23:06:06.589+0000] {dag.py:3722} INFO - Setting next_dagrun for dataset_produces_2 to None, run_after=None
[2025-06-02T23:06:06.642+0000] {processor.py:179} INFO - Processing /home/airflow/.local/lib/python3.10/site-packages/airflow/example_dags/example_datasets.py took 0.236 seconds
[2025-06-02T23:06:38.272+0000] {processor.py:157} INFO - Started process (PID=333) to work on /home/airflow/.local/lib/python3.10/site-packages/airflow/example_dags/example_datasets.py
[2025-06-02T23:06:38.288+0000] {processor.py:829} INFO - Processing file /home/airflow/.local/lib/python3.10/site-packages/airflow/example_dags/example_datasets.py for tasks to queue
[2025-06-02T23:06:38.291+0000] {logging_mixin.py:154} INFO - [2025-06-02T23:06:38.291+0000] {dagbag.py:536} INFO - Filling up the DagBag from /home/airflow/.local/lib/python3.10/site-packages/airflow/example_dags/example_datasets.py
[2025-06-02T23:06:38.354+0000] {processor.py:839} INFO - DAG(s) dict_keys(['dataset_consumes_1_and_2', 'dataset_consumes_unknown_never_scheduled', 'dataset_consumes_1', 'dataset_consumes_1_never_scheduled', 'dataset_produces_1', 'dataset_produces_2']) retrieved from /home/airflow/.local/lib/python3.10/site-packages/airflow/example_dags/example_datasets.py
[2025-06-02T23:06:38.521+0000] {logging_mixin.py:154} INFO - [2025-06-02T23:06:38.521+0000] {dag.py:2941} INFO - Sync 6 DAGs
[2025-06-02T23:06:38.683+0000] {logging_mixin.py:154} INFO - [2025-06-02T23:06:38.683+0000] {dag.py:3722} INFO - Setting next_dagrun for dataset_consumes_1 to None, run_after=None
[2025-06-02T23:06:38.714+0000] {logging_mixin.py:154} INFO - [2025-06-02T23:06:38.714+0000] {dag.py:3722} INFO - Setting next_dagrun for dataset_consumes_1_and_2 to None, run_after=None
[2025-06-02T23:06:38.719+0000] {logging_mixin.py:154} INFO - [2025-06-02T23:06:38.719+0000] {dag.py:3722} INFO - Setting next_dagrun for dataset_consumes_1_never_scheduled to None, run_after=None
[2025-06-02T23:06:38.727+0000] {logging_mixin.py:154} INFO - [2025-06-02T23:06:38.727+0000] {dag.py:3722} INFO - Setting next_dagrun for dataset_consumes_unknown_never_scheduled to None, run_after=None
[2025-06-02T23:06:38.732+0000] {logging_mixin.py:154} INFO - [2025-06-02T23:06:38.732+0000] {dag.py:3722} INFO - Setting next_dagrun for dataset_produces_1 to 2025-06-01T00:00:00+00:00, run_after=2025-06-02T00:00:00+00:00
[2025-06-02T23:06:38.742+0000] {logging_mixin.py:154} INFO - [2025-06-02T23:06:38.742+0000] {dag.py:3722} INFO - Setting next_dagrun for dataset_produces_2 to None, run_after=None
[2025-06-02T23:06:38.858+0000] {processor.py:179} INFO - Processing /home/airflow/.local/lib/python3.10/site-packages/airflow/example_dags/example_datasets.py took 0.606 seconds
[2025-06-02T23:07:09.001+0000] {processor.py:157} INFO - Started process (PID=389) to work on /home/airflow/.local/lib/python3.10/site-packages/airflow/example_dags/example_datasets.py
[2025-06-02T23:07:09.002+0000] {processor.py:829} INFO - Processing file /home/airflow/.local/lib/python3.10/site-packages/airflow/example_dags/example_datasets.py for tasks to queue
[2025-06-02T23:07:09.005+0000] {logging_mixin.py:154} INFO - [2025-06-02T23:07:09.005+0000] {dagbag.py:536} INFO - Filling up the DagBag from /home/airflow/.local/lib/python3.10/site-packages/airflow/example_dags/example_datasets.py
[2025-06-02T23:07:09.018+0000] {processor.py:839} INFO - DAG(s) dict_keys(['dataset_produces_1', 'dataset_consumes_unknown_never_scheduled', 'dataset_produces_2', 'dataset_consumes_1_never_scheduled', 'dataset_consumes_1', 'dataset_consumes_1_and_2']) retrieved from /home/airflow/.local/lib/python3.10/site-packages/airflow/example_dags/example_datasets.py
[2025-06-02T23:07:09.061+0000] {logging_mixin.py:154} INFO - [2025-06-02T23:07:09.060+0000] {dag.py:2941} INFO - Sync 6 DAGs
[2025-06-02T23:07:09.093+0000] {logging_mixin.py:154} INFO - [2025-06-02T23:07:09.092+0000] {dag.py:3722} INFO - Setting next_dagrun for dataset_consumes_1 to None, run_after=None
[2025-06-02T23:07:09.097+0000] {logging_mixin.py:154} INFO - [2025-06-02T23:07:09.097+0000] {dag.py:3722} INFO - Setting next_dagrun for dataset_consumes_1_and_2 to None, run_after=None
[2025-06-02T23:07:09.099+0000] {logging_mixin.py:154} INFO - [2025-06-02T23:07:09.099+0000] {dag.py:3722} INFO - Setting next_dagrun for dataset_consumes_1_never_scheduled to None, run_after=None
[2025-06-02T23:07:09.101+0000] {logging_mixin.py:154} INFO - [2025-06-02T23:07:09.100+0000] {dag.py:3722} INFO - Setting next_dagrun for dataset_consumes_unknown_never_scheduled to None, run_after=None
[2025-06-02T23:07:09.105+0000] {logging_mixin.py:154} INFO - [2025-06-02T23:07:09.105+0000] {dag.py:3722} INFO - Setting next_dagrun for dataset_produces_1 to 2025-06-01T00:00:00+00:00, run_after=2025-06-02T00:00:00+00:00
[2025-06-02T23:07:09.107+0000] {logging_mixin.py:154} INFO - [2025-06-02T23:07:09.107+0000] {dag.py:3722} INFO - Setting next_dagrun for dataset_produces_2 to None, run_after=None
[2025-06-02T23:07:09.144+0000] {processor.py:179} INFO - Processing /home/airflow/.local/lib/python3.10/site-packages/airflow/example_dags/example_datasets.py took 0.149 seconds
