[2025-06-02T22:00:00.545+0000] {processor.py:157} INFO - Started process (PID=53) to work on /home/airflow/.local/lib/python3.10/site-packages/airflow/example_dags/example_sla_dag.py
[2025-06-02T22:00:00.569+0000] {processor.py:829} INFO - Processing file /home/airflow/.local/lib/python3.10/site-packages/airflow/example_dags/example_sla_dag.py for tasks to queue
[2025-06-02T22:00:00.582+0000] {logging_mixin.py:154} INFO - [2025-06-02T22:00:00.582+0000] {dagbag.py:536} INFO - Filling up the DagBag from /home/airflow/.local/lib/python3.10/site-packages/airflow/example_dags/example_sla_dag.py
[2025-06-02T22:00:00.612+0000] {processor.py:839} INFO - DAG(s) dict_keys(['example_sla_dag']) retrieved from /home/airflow/.local/lib/python3.10/site-packages/airflow/example_dags/example_sla_dag.py
[2025-06-02T22:00:01.100+0000] {logging_mixin.py:154} INFO - [2025-06-02T22:00:01.100+0000] {manager.py:499} INFO - Created Permission View: %s
[2025-06-02T22:00:01.140+0000] {logging_mixin.py:154} INFO - [2025-06-02T22:00:01.140+0000] {manager.py:499} INFO - Created Permission View: %s
[2025-06-02T22:00:01.173+0000] {logging_mixin.py:154} INFO - [2025-06-02T22:00:01.172+0000] {manager.py:499} INFO - Created Permission View: %s
[2025-06-02T22:00:01.173+0000] {logging_mixin.py:154} INFO - [2025-06-02T22:00:01.173+0000] {dag.py:2941} INFO - Sync 1 DAGs
[2025-06-02T22:00:01.221+0000] {logging_mixin.py:154} INFO - [2025-06-02T22:00:01.221+0000] {dag.py:2963} INFO - Creating ORM DAG for example_sla_dag
[2025-06-02T22:00:01.307+0000] {logging_mixin.py:154} INFO - [2025-06-02T22:00:01.306+0000] {dag.py:3722} INFO - Setting next_dagrun for example_sla_dag to 2025-06-02T21:58:00+00:00, run_after=2025-06-02T22:00:00+00:00
[2025-06-02T22:00:01.365+0000] {processor.py:179} INFO - Processing /home/airflow/.local/lib/python3.10/site-packages/airflow/example_dags/example_sla_dag.py took 0.825 seconds
[2025-06-02T22:00:32.175+0000] {processor.py:157} INFO - Started process (PID=107) to work on /home/airflow/.local/lib/python3.10/site-packages/airflow/example_dags/example_sla_dag.py
[2025-06-02T22:00:32.184+0000] {processor.py:829} INFO - Processing file /home/airflow/.local/lib/python3.10/site-packages/airflow/example_dags/example_sla_dag.py for tasks to queue
[2025-06-02T22:00:32.187+0000] {logging_mixin.py:154} INFO - [2025-06-02T22:00:32.187+0000] {dagbag.py:536} INFO - Filling up the DagBag from /home/airflow/.local/lib/python3.10/site-packages/airflow/example_dags/example_sla_dag.py
[2025-06-02T22:00:32.200+0000] {processor.py:839} INFO - DAG(s) dict_keys(['example_sla_dag']) retrieved from /home/airflow/.local/lib/python3.10/site-packages/airflow/example_dags/example_sla_dag.py
[2025-06-02T22:00:32.224+0000] {logging_mixin.py:154} INFO - [2025-06-02T22:00:32.224+0000] {dag.py:2941} INFO - Sync 1 DAGs
[2025-06-02T22:00:32.258+0000] {logging_mixin.py:154} INFO - [2025-06-02T22:00:32.257+0000] {dag.py:3722} INFO - Setting next_dagrun for example_sla_dag to 2025-06-02T21:58:00+00:00, run_after=2025-06-02T22:00:00+00:00
[2025-06-02T22:00:32.279+0000] {processor.py:179} INFO - Processing /home/airflow/.local/lib/python3.10/site-packages/airflow/example_dags/example_sla_dag.py took 0.108 seconds
[2025-06-02T22:01:02.505+0000] {processor.py:157} INFO - Started process (PID=161) to work on /home/airflow/.local/lib/python3.10/site-packages/airflow/example_dags/example_sla_dag.py
[2025-06-02T22:01:02.506+0000] {processor.py:829} INFO - Processing file /home/airflow/.local/lib/python3.10/site-packages/airflow/example_dags/example_sla_dag.py for tasks to queue
[2025-06-02T22:01:02.509+0000] {logging_mixin.py:154} INFO - [2025-06-02T22:01:02.509+0000] {dagbag.py:536} INFO - Filling up the DagBag from /home/airflow/.local/lib/python3.10/site-packages/airflow/example_dags/example_sla_dag.py
[2025-06-02T22:01:02.520+0000] {processor.py:839} INFO - DAG(s) dict_keys(['example_sla_dag']) retrieved from /home/airflow/.local/lib/python3.10/site-packages/airflow/example_dags/example_sla_dag.py
[2025-06-02T22:01:02.545+0000] {logging_mixin.py:154} INFO - [2025-06-02T22:01:02.545+0000] {dag.py:2941} INFO - Sync 1 DAGs
[2025-06-02T22:01:02.581+0000] {logging_mixin.py:154} INFO - [2025-06-02T22:01:02.581+0000] {dag.py:3722} INFO - Setting next_dagrun for example_sla_dag to 2025-06-02T21:58:00+00:00, run_after=2025-06-02T22:00:00+00:00
[2025-06-02T22:01:02.606+0000] {processor.py:179} INFO - Processing /home/airflow/.local/lib/python3.10/site-packages/airflow/example_dags/example_sla_dag.py took 0.106 seconds
[2025-06-02T22:01:33.096+0000] {processor.py:157} INFO - Started process (PID=215) to work on /home/airflow/.local/lib/python3.10/site-packages/airflow/example_dags/example_sla_dag.py
[2025-06-02T22:01:33.098+0000] {processor.py:829} INFO - Processing file /home/airflow/.local/lib/python3.10/site-packages/airflow/example_dags/example_sla_dag.py for tasks to queue
[2025-06-02T22:01:33.101+0000] {logging_mixin.py:154} INFO - [2025-06-02T22:01:33.101+0000] {dagbag.py:536} INFO - Filling up the DagBag from /home/airflow/.local/lib/python3.10/site-packages/airflow/example_dags/example_sla_dag.py
[2025-06-02T22:01:33.113+0000] {processor.py:839} INFO - DAG(s) dict_keys(['example_sla_dag']) retrieved from /home/airflow/.local/lib/python3.10/site-packages/airflow/example_dags/example_sla_dag.py
[2025-06-02T22:01:33.140+0000] {logging_mixin.py:154} INFO - [2025-06-02T22:01:33.139+0000] {dag.py:2941} INFO - Sync 1 DAGs
[2025-06-02T22:01:33.195+0000] {logging_mixin.py:154} INFO - [2025-06-02T22:01:33.195+0000] {dag.py:3722} INFO - Setting next_dagrun for example_sla_dag to 2025-06-02T21:58:00+00:00, run_after=2025-06-02T22:00:00+00:00
[2025-06-02T22:01:33.226+0000] {processor.py:179} INFO - Processing /home/airflow/.local/lib/python3.10/site-packages/airflow/example_dags/example_sla_dag.py took 0.135 seconds
[2025-06-02T22:02:03.828+0000] {processor.py:157} INFO - Started process (PID=270) to work on /home/airflow/.local/lib/python3.10/site-packages/airflow/example_dags/example_sla_dag.py
[2025-06-02T22:02:03.829+0000] {processor.py:829} INFO - Processing file /home/airflow/.local/lib/python3.10/site-packages/airflow/example_dags/example_sla_dag.py for tasks to queue
[2025-06-02T22:02:03.832+0000] {logging_mixin.py:154} INFO - [2025-06-02T22:02:03.832+0000] {dagbag.py:536} INFO - Filling up the DagBag from /home/airflow/.local/lib/python3.10/site-packages/airflow/example_dags/example_sla_dag.py
[2025-06-02T22:02:03.845+0000] {processor.py:839} INFO - DAG(s) dict_keys(['example_sla_dag']) retrieved from /home/airflow/.local/lib/python3.10/site-packages/airflow/example_dags/example_sla_dag.py
[2025-06-02T22:02:03.869+0000] {logging_mixin.py:154} INFO - [2025-06-02T22:02:03.869+0000] {dag.py:2941} INFO - Sync 1 DAGs
[2025-06-02T22:02:03.905+0000] {logging_mixin.py:154} INFO - [2025-06-02T22:02:03.905+0000] {dag.py:3722} INFO - Setting next_dagrun for example_sla_dag to 2025-06-02T22:00:00+00:00, run_after=2025-06-02T22:02:00+00:00
[2025-06-02T22:02:03.929+0000] {processor.py:179} INFO - Processing /home/airflow/.local/lib/python3.10/site-packages/airflow/example_dags/example_sla_dag.py took 0.105 seconds
[2025-06-02T22:02:34.627+0000] {processor.py:157} INFO - Started process (PID=323) to work on /home/airflow/.local/lib/python3.10/site-packages/airflow/example_dags/example_sla_dag.py
[2025-06-02T22:02:34.629+0000] {processor.py:829} INFO - Processing file /home/airflow/.local/lib/python3.10/site-packages/airflow/example_dags/example_sla_dag.py for tasks to queue
[2025-06-02T22:02:34.632+0000] {logging_mixin.py:154} INFO - [2025-06-02T22:02:34.632+0000] {dagbag.py:536} INFO - Filling up the DagBag from /home/airflow/.local/lib/python3.10/site-packages/airflow/example_dags/example_sla_dag.py
[2025-06-02T22:02:34.644+0000] {processor.py:839} INFO - DAG(s) dict_keys(['example_sla_dag']) retrieved from /home/airflow/.local/lib/python3.10/site-packages/airflow/example_dags/example_sla_dag.py
[2025-06-02T22:02:34.668+0000] {logging_mixin.py:154} INFO - [2025-06-02T22:02:34.667+0000] {dag.py:2941} INFO - Sync 1 DAGs
[2025-06-02T22:02:34.704+0000] {logging_mixin.py:154} INFO - [2025-06-02T22:02:34.704+0000] {dag.py:3722} INFO - Setting next_dagrun for example_sla_dag to 2025-06-02T22:00:00+00:00, run_after=2025-06-02T22:02:00+00:00
[2025-06-02T22:02:34.730+0000] {processor.py:179} INFO - Processing /home/airflow/.local/lib/python3.10/site-packages/airflow/example_dags/example_sla_dag.py took 0.108 seconds
[2025-06-02T22:03:05.361+0000] {processor.py:157} INFO - Started process (PID=377) to work on /home/airflow/.local/lib/python3.10/site-packages/airflow/example_dags/example_sla_dag.py
[2025-06-02T22:03:05.362+0000] {processor.py:829} INFO - Processing file /home/airflow/.local/lib/python3.10/site-packages/airflow/example_dags/example_sla_dag.py for tasks to queue
[2025-06-02T22:03:05.365+0000] {logging_mixin.py:154} INFO - [2025-06-02T22:03:05.364+0000] {dagbag.py:536} INFO - Filling up the DagBag from /home/airflow/.local/lib/python3.10/site-packages/airflow/example_dags/example_sla_dag.py
[2025-06-02T22:03:05.376+0000] {processor.py:839} INFO - DAG(s) dict_keys(['example_sla_dag']) retrieved from /home/airflow/.local/lib/python3.10/site-packages/airflow/example_dags/example_sla_dag.py
[2025-06-02T22:03:05.401+0000] {logging_mixin.py:154} INFO - [2025-06-02T22:03:05.400+0000] {dag.py:2941} INFO - Sync 1 DAGs
[2025-06-02T22:03:05.436+0000] {logging_mixin.py:154} INFO - [2025-06-02T22:03:05.436+0000] {dag.py:3722} INFO - Setting next_dagrun for example_sla_dag to 2025-06-02T22:00:00+00:00, run_after=2025-06-02T22:02:00+00:00
[2025-06-02T22:03:05.458+0000] {processor.py:179} INFO - Processing /home/airflow/.local/lib/python3.10/site-packages/airflow/example_dags/example_sla_dag.py took 0.103 seconds
[2025-06-02T22:03:36.176+0000] {processor.py:157} INFO - Started process (PID=432) to work on /home/airflow/.local/lib/python3.10/site-packages/airflow/example_dags/example_sla_dag.py
[2025-06-02T22:03:36.182+0000] {processor.py:829} INFO - Processing file /home/airflow/.local/lib/python3.10/site-packages/airflow/example_dags/example_sla_dag.py for tasks to queue
[2025-06-02T22:03:36.190+0000] {logging_mixin.py:154} INFO - [2025-06-02T22:03:36.190+0000] {dagbag.py:536} INFO - Filling up the DagBag from /home/airflow/.local/lib/python3.10/site-packages/airflow/example_dags/example_sla_dag.py
[2025-06-02T22:03:36.241+0000] {processor.py:839} INFO - DAG(s) dict_keys(['example_sla_dag']) retrieved from /home/airflow/.local/lib/python3.10/site-packages/airflow/example_dags/example_sla_dag.py
[2025-06-02T22:03:36.310+0000] {logging_mixin.py:154} INFO - [2025-06-02T22:03:36.310+0000] {dag.py:2941} INFO - Sync 1 DAGs
[2025-06-02T22:03:36.415+0000] {logging_mixin.py:154} INFO - [2025-06-02T22:03:36.415+0000] {dag.py:3722} INFO - Setting next_dagrun for example_sla_dag to 2025-06-02T22:00:00+00:00, run_after=2025-06-02T22:02:00+00:00
[2025-06-02T22:03:36.486+0000] {processor.py:179} INFO - Processing /home/airflow/.local/lib/python3.10/site-packages/airflow/example_dags/example_sla_dag.py took 0.324 seconds
[2025-06-02T22:04:06.535+0000] {processor.py:157} INFO - Started process (PID=485) to work on /home/airflow/.local/lib/python3.10/site-packages/airflow/example_dags/example_sla_dag.py
[2025-06-02T22:04:06.536+0000] {processor.py:829} INFO - Processing file /home/airflow/.local/lib/python3.10/site-packages/airflow/example_dags/example_sla_dag.py for tasks to queue
[2025-06-02T22:04:06.539+0000] {logging_mixin.py:154} INFO - [2025-06-02T22:04:06.538+0000] {dagbag.py:536} INFO - Filling up the DagBag from /home/airflow/.local/lib/python3.10/site-packages/airflow/example_dags/example_sla_dag.py
[2025-06-02T22:04:06.548+0000] {processor.py:839} INFO - DAG(s) dict_keys(['example_sla_dag']) retrieved from /home/airflow/.local/lib/python3.10/site-packages/airflow/example_dags/example_sla_dag.py
[2025-06-02T22:04:06.567+0000] {logging_mixin.py:154} INFO - [2025-06-02T22:04:06.567+0000] {dag.py:2941} INFO - Sync 1 DAGs
[2025-06-02T22:04:06.592+0000] {logging_mixin.py:154} INFO - [2025-06-02T22:04:06.592+0000] {dag.py:3722} INFO - Setting next_dagrun for example_sla_dag to 2025-06-02T22:02:00+00:00, run_after=2025-06-02T22:04:00+00:00
[2025-06-02T22:04:06.611+0000] {processor.py:179} INFO - Processing /home/airflow/.local/lib/python3.10/site-packages/airflow/example_dags/example_sla_dag.py took 0.079 seconds
[2025-06-02T22:04:36.706+0000] {processor.py:157} INFO - Started process (PID=539) to work on /home/airflow/.local/lib/python3.10/site-packages/airflow/example_dags/example_sla_dag.py
[2025-06-02T22:04:36.707+0000] {processor.py:829} INFO - Processing file /home/airflow/.local/lib/python3.10/site-packages/airflow/example_dags/example_sla_dag.py for tasks to queue
[2025-06-02T22:04:36.709+0000] {logging_mixin.py:154} INFO - [2025-06-02T22:04:36.709+0000] {dagbag.py:536} INFO - Filling up the DagBag from /home/airflow/.local/lib/python3.10/site-packages/airflow/example_dags/example_sla_dag.py
[2025-06-02T22:04:36.719+0000] {processor.py:839} INFO - DAG(s) dict_keys(['example_sla_dag']) retrieved from /home/airflow/.local/lib/python3.10/site-packages/airflow/example_dags/example_sla_dag.py
[2025-06-02T22:04:36.738+0000] {logging_mixin.py:154} INFO - [2025-06-02T22:04:36.738+0000] {dag.py:2941} INFO - Sync 1 DAGs
[2025-06-02T22:04:36.763+0000] {logging_mixin.py:154} INFO - [2025-06-02T22:04:36.762+0000] {dag.py:3722} INFO - Setting next_dagrun for example_sla_dag to 2025-06-02T22:02:00+00:00, run_after=2025-06-02T22:04:00+00:00
[2025-06-02T22:04:36.785+0000] {processor.py:179} INFO - Processing /home/airflow/.local/lib/python3.10/site-packages/airflow/example_dags/example_sla_dag.py took 0.083 seconds
[2025-06-02T22:05:07.069+0000] {processor.py:157} INFO - Started process (PID=594) to work on /home/airflow/.local/lib/python3.10/site-packages/airflow/example_dags/example_sla_dag.py
[2025-06-02T22:05:07.070+0000] {processor.py:829} INFO - Processing file /home/airflow/.local/lib/python3.10/site-packages/airflow/example_dags/example_sla_dag.py for tasks to queue
[2025-06-02T22:05:07.073+0000] {logging_mixin.py:154} INFO - [2025-06-02T22:05:07.073+0000] {dagbag.py:536} INFO - Filling up the DagBag from /home/airflow/.local/lib/python3.10/site-packages/airflow/example_dags/example_sla_dag.py
[2025-06-02T22:05:07.085+0000] {processor.py:839} INFO - DAG(s) dict_keys(['example_sla_dag']) retrieved from /home/airflow/.local/lib/python3.10/site-packages/airflow/example_dags/example_sla_dag.py
[2025-06-02T22:05:07.113+0000] {logging_mixin.py:154} INFO - [2025-06-02T22:05:07.113+0000] {dag.py:2941} INFO - Sync 1 DAGs
[2025-06-02T22:05:07.148+0000] {logging_mixin.py:154} INFO - [2025-06-02T22:05:07.148+0000] {dag.py:3722} INFO - Setting next_dagrun for example_sla_dag to 2025-06-02T22:02:00+00:00, run_after=2025-06-02T22:04:00+00:00
[2025-06-02T22:05:07.178+0000] {processor.py:179} INFO - Processing /home/airflow/.local/lib/python3.10/site-packages/airflow/example_dags/example_sla_dag.py took 0.114 seconds
[2025-06-02T22:05:37.306+0000] {processor.py:157} INFO - Started process (PID=649) to work on /home/airflow/.local/lib/python3.10/site-packages/airflow/example_dags/example_sla_dag.py
[2025-06-02T22:05:37.308+0000] {processor.py:829} INFO - Processing file /home/airflow/.local/lib/python3.10/site-packages/airflow/example_dags/example_sla_dag.py for tasks to queue
[2025-06-02T22:05:37.311+0000] {logging_mixin.py:154} INFO - [2025-06-02T22:05:37.310+0000] {dagbag.py:536} INFO - Filling up the DagBag from /home/airflow/.local/lib/python3.10/site-packages/airflow/example_dags/example_sla_dag.py
[2025-06-02T22:05:37.324+0000] {processor.py:839} INFO - DAG(s) dict_keys(['example_sla_dag']) retrieved from /home/airflow/.local/lib/python3.10/site-packages/airflow/example_dags/example_sla_dag.py
[2025-06-02T22:05:37.355+0000] {logging_mixin.py:154} INFO - [2025-06-02T22:05:37.355+0000] {dag.py:2941} INFO - Sync 1 DAGs
[2025-06-02T22:05:37.391+0000] {logging_mixin.py:154} INFO - [2025-06-02T22:05:37.391+0000] {dag.py:3722} INFO - Setting next_dagrun for example_sla_dag to 2025-06-02T22:02:00+00:00, run_after=2025-06-02T22:04:00+00:00
[2025-06-02T22:05:37.423+0000] {processor.py:179} INFO - Processing /home/airflow/.local/lib/python3.10/site-packages/airflow/example_dags/example_sla_dag.py took 0.122 seconds
[2025-06-02T22:06:07.631+0000] {processor.py:157} INFO - Started process (PID=703) to work on /home/airflow/.local/lib/python3.10/site-packages/airflow/example_dags/example_sla_dag.py
[2025-06-02T22:06:07.632+0000] {processor.py:829} INFO - Processing file /home/airflow/.local/lib/python3.10/site-packages/airflow/example_dags/example_sla_dag.py for tasks to queue
[2025-06-02T22:06:07.635+0000] {logging_mixin.py:154} INFO - [2025-06-02T22:06:07.634+0000] {dagbag.py:536} INFO - Filling up the DagBag from /home/airflow/.local/lib/python3.10/site-packages/airflow/example_dags/example_sla_dag.py
[2025-06-02T22:06:07.646+0000] {processor.py:839} INFO - DAG(s) dict_keys(['example_sla_dag']) retrieved from /home/airflow/.local/lib/python3.10/site-packages/airflow/example_dags/example_sla_dag.py
[2025-06-02T22:06:07.674+0000] {logging_mixin.py:154} INFO - [2025-06-02T22:06:07.673+0000] {dag.py:2941} INFO - Sync 1 DAGs
[2025-06-02T22:06:07.711+0000] {logging_mixin.py:154} INFO - [2025-06-02T22:06:07.711+0000] {dag.py:3722} INFO - Setting next_dagrun for example_sla_dag to 2025-06-02T22:04:00+00:00, run_after=2025-06-02T22:06:00+00:00
[2025-06-02T22:06:07.736+0000] {processor.py:179} INFO - Processing /home/airflow/.local/lib/python3.10/site-packages/airflow/example_dags/example_sla_dag.py took 0.113 seconds
[2025-06-02T22:06:38.241+0000] {processor.py:157} INFO - Started process (PID=756) to work on /home/airflow/.local/lib/python3.10/site-packages/airflow/example_dags/example_sla_dag.py
[2025-06-02T22:06:38.242+0000] {processor.py:829} INFO - Processing file /home/airflow/.local/lib/python3.10/site-packages/airflow/example_dags/example_sla_dag.py for tasks to queue
[2025-06-02T22:06:38.244+0000] {logging_mixin.py:154} INFO - [2025-06-02T22:06:38.244+0000] {dagbag.py:536} INFO - Filling up the DagBag from /home/airflow/.local/lib/python3.10/site-packages/airflow/example_dags/example_sla_dag.py
[2025-06-02T22:06:38.256+0000] {processor.py:839} INFO - DAG(s) dict_keys(['example_sla_dag']) retrieved from /home/airflow/.local/lib/python3.10/site-packages/airflow/example_dags/example_sla_dag.py
[2025-06-02T22:06:38.285+0000] {logging_mixin.py:154} INFO - [2025-06-02T22:06:38.285+0000] {dag.py:2941} INFO - Sync 1 DAGs
[2025-06-02T22:06:38.322+0000] {logging_mixin.py:154} INFO - [2025-06-02T22:06:38.321+0000] {dag.py:3722} INFO - Setting next_dagrun for example_sla_dag to 2025-06-02T22:04:00+00:00, run_after=2025-06-02T22:06:00+00:00
[2025-06-02T22:06:38.346+0000] {processor.py:179} INFO - Processing /home/airflow/.local/lib/python3.10/site-packages/airflow/example_dags/example_sla_dag.py took 0.110 seconds
[2025-06-02T22:07:08.915+0000] {processor.py:157} INFO - Started process (PID=818) to work on /home/airflow/.local/lib/python3.10/site-packages/airflow/example_dags/example_sla_dag.py
[2025-06-02T22:07:08.917+0000] {processor.py:829} INFO - Processing file /home/airflow/.local/lib/python3.10/site-packages/airflow/example_dags/example_sla_dag.py for tasks to queue
[2025-06-02T22:07:08.932+0000] {logging_mixin.py:154} INFO - [2025-06-02T22:07:08.932+0000] {dagbag.py:536} INFO - Filling up the DagBag from /home/airflow/.local/lib/python3.10/site-packages/airflow/example_dags/example_sla_dag.py
[2025-06-02T22:07:08.956+0000] {processor.py:839} INFO - DAG(s) dict_keys(['example_sla_dag']) retrieved from /home/airflow/.local/lib/python3.10/site-packages/airflow/example_dags/example_sla_dag.py
[2025-06-02T22:07:08.995+0000] {logging_mixin.py:154} INFO - [2025-06-02T22:07:08.994+0000] {dag.py:2941} INFO - Sync 1 DAGs
[2025-06-02T22:07:09.045+0000] {logging_mixin.py:154} INFO - [2025-06-02T22:07:09.044+0000] {dag.py:3722} INFO - Setting next_dagrun for example_sla_dag to 2025-06-02T22:04:00+00:00, run_after=2025-06-02T22:06:00+00:00
[2025-06-02T22:07:09.273+0000] {processor.py:179} INFO - Processing /home/airflow/.local/lib/python3.10/site-packages/airflow/example_dags/example_sla_dag.py took 0.363 seconds
[2025-06-02T22:07:40.059+0000] {processor.py:157} INFO - Started process (PID=872) to work on /home/airflow/.local/lib/python3.10/site-packages/airflow/example_dags/example_sla_dag.py
[2025-06-02T22:07:40.061+0000] {processor.py:829} INFO - Processing file /home/airflow/.local/lib/python3.10/site-packages/airflow/example_dags/example_sla_dag.py for tasks to queue
[2025-06-02T22:07:40.064+0000] {logging_mixin.py:154} INFO - [2025-06-02T22:07:40.064+0000] {dagbag.py:536} INFO - Filling up the DagBag from /home/airflow/.local/lib/python3.10/site-packages/airflow/example_dags/example_sla_dag.py
[2025-06-02T22:07:40.078+0000] {processor.py:839} INFO - DAG(s) dict_keys(['example_sla_dag']) retrieved from /home/airflow/.local/lib/python3.10/site-packages/airflow/example_dags/example_sla_dag.py
[2025-06-02T22:07:40.104+0000] {logging_mixin.py:154} INFO - [2025-06-02T22:07:40.103+0000] {dag.py:2941} INFO - Sync 1 DAGs
[2025-06-02T22:07:40.141+0000] {logging_mixin.py:154} INFO - [2025-06-02T22:07:40.140+0000] {dag.py:3722} INFO - Setting next_dagrun for example_sla_dag to 2025-06-02T22:04:00+00:00, run_after=2025-06-02T22:06:00+00:00
[2025-06-02T22:07:40.163+0000] {processor.py:179} INFO - Processing /home/airflow/.local/lib/python3.10/site-packages/airflow/example_dags/example_sla_dag.py took 0.108 seconds
[2025-06-02T22:08:10.635+0000] {processor.py:157} INFO - Started process (PID=926) to work on /home/airflow/.local/lib/python3.10/site-packages/airflow/example_dags/example_sla_dag.py
[2025-06-02T22:08:10.637+0000] {processor.py:829} INFO - Processing file /home/airflow/.local/lib/python3.10/site-packages/airflow/example_dags/example_sla_dag.py for tasks to queue
[2025-06-02T22:08:10.640+0000] {logging_mixin.py:154} INFO - [2025-06-02T22:08:10.639+0000] {dagbag.py:536} INFO - Filling up the DagBag from /home/airflow/.local/lib/python3.10/site-packages/airflow/example_dags/example_sla_dag.py
[2025-06-02T22:08:10.652+0000] {processor.py:839} INFO - DAG(s) dict_keys(['example_sla_dag']) retrieved from /home/airflow/.local/lib/python3.10/site-packages/airflow/example_dags/example_sla_dag.py
[2025-06-02T22:08:10.676+0000] {logging_mixin.py:154} INFO - [2025-06-02T22:08:10.675+0000] {dag.py:2941} INFO - Sync 1 DAGs
[2025-06-02T22:08:10.711+0000] {logging_mixin.py:154} INFO - [2025-06-02T22:08:10.711+0000] {dag.py:3722} INFO - Setting next_dagrun for example_sla_dag to 2025-06-02T22:06:00+00:00, run_after=2025-06-02T22:08:00+00:00
[2025-06-02T22:08:10.763+0000] {processor.py:179} INFO - Processing /home/airflow/.local/lib/python3.10/site-packages/airflow/example_dags/example_sla_dag.py took 0.131 seconds
[2025-06-02T22:08:41.045+0000] {processor.py:157} INFO - Started process (PID=980) to work on /home/airflow/.local/lib/python3.10/site-packages/airflow/example_dags/example_sla_dag.py
[2025-06-02T22:08:41.047+0000] {processor.py:829} INFO - Processing file /home/airflow/.local/lib/python3.10/site-packages/airflow/example_dags/example_sla_dag.py for tasks to queue
[2025-06-02T22:08:41.050+0000] {logging_mixin.py:154} INFO - [2025-06-02T22:08:41.049+0000] {dagbag.py:536} INFO - Filling up the DagBag from /home/airflow/.local/lib/python3.10/site-packages/airflow/example_dags/example_sla_dag.py
[2025-06-02T22:08:41.068+0000] {processor.py:839} INFO - DAG(s) dict_keys(['example_sla_dag']) retrieved from /home/airflow/.local/lib/python3.10/site-packages/airflow/example_dags/example_sla_dag.py
[2025-06-02T22:08:41.109+0000] {logging_mixin.py:154} INFO - [2025-06-02T22:08:41.108+0000] {dag.py:2941} INFO - Sync 1 DAGs
[2025-06-02T22:08:41.144+0000] {logging_mixin.py:154} INFO - [2025-06-02T22:08:41.144+0000] {dag.py:3722} INFO - Setting next_dagrun for example_sla_dag to 2025-06-02T22:06:00+00:00, run_after=2025-06-02T22:08:00+00:00
[2025-06-02T22:08:41.365+0000] {processor.py:179} INFO - Processing /home/airflow/.local/lib/python3.10/site-packages/airflow/example_dags/example_sla_dag.py took 0.336 seconds
[2025-06-02T22:09:11.500+0000] {processor.py:157} INFO - Started process (PID=1034) to work on /home/airflow/.local/lib/python3.10/site-packages/airflow/example_dags/example_sla_dag.py
[2025-06-02T22:09:11.505+0000] {processor.py:829} INFO - Processing file /home/airflow/.local/lib/python3.10/site-packages/airflow/example_dags/example_sla_dag.py for tasks to queue
[2025-06-02T22:09:11.508+0000] {logging_mixin.py:154} INFO - [2025-06-02T22:09:11.508+0000] {dagbag.py:536} INFO - Filling up the DagBag from /home/airflow/.local/lib/python3.10/site-packages/airflow/example_dags/example_sla_dag.py
[2025-06-02T22:09:11.576+0000] {processor.py:839} INFO - DAG(s) dict_keys(['example_sla_dag']) retrieved from /home/airflow/.local/lib/python3.10/site-packages/airflow/example_dags/example_sla_dag.py
[2025-06-02T22:09:11.678+0000] {logging_mixin.py:154} INFO - [2025-06-02T22:09:11.678+0000] {dag.py:2941} INFO - Sync 1 DAGs
[2025-06-02T22:09:11.782+0000] {logging_mixin.py:154} INFO - [2025-06-02T22:09:11.781+0000] {dag.py:3722} INFO - Setting next_dagrun for example_sla_dag to 2025-06-02T22:06:00+00:00, run_after=2025-06-02T22:08:00+00:00
[2025-06-02T22:09:11.830+0000] {processor.py:179} INFO - Processing /home/airflow/.local/lib/python3.10/site-packages/airflow/example_dags/example_sla_dag.py took 0.359 seconds
[2025-06-02T22:09:42.047+0000] {processor.py:157} INFO - Started process (PID=1087) to work on /home/airflow/.local/lib/python3.10/site-packages/airflow/example_dags/example_sla_dag.py
[2025-06-02T22:09:42.050+0000] {processor.py:829} INFO - Processing file /home/airflow/.local/lib/python3.10/site-packages/airflow/example_dags/example_sla_dag.py for tasks to queue
[2025-06-02T22:09:42.071+0000] {logging_mixin.py:154} INFO - [2025-06-02T22:09:42.071+0000] {dagbag.py:536} INFO - Filling up the DagBag from /home/airflow/.local/lib/python3.10/site-packages/airflow/example_dags/example_sla_dag.py
[2025-06-02T22:09:42.100+0000] {processor.py:839} INFO - DAG(s) dict_keys(['example_sla_dag']) retrieved from /home/airflow/.local/lib/python3.10/site-packages/airflow/example_dags/example_sla_dag.py
[2025-06-02T22:09:42.178+0000] {logging_mixin.py:154} INFO - [2025-06-02T22:09:42.178+0000] {dag.py:2941} INFO - Sync 1 DAGs
[2025-06-02T22:09:42.967+0000] {logging_mixin.py:154} INFO - [2025-06-02T22:09:42.967+0000] {dag.py:3722} INFO - Setting next_dagrun for example_sla_dag to 2025-06-02T22:06:00+00:00, run_after=2025-06-02T22:08:00+00:00
[2025-06-02T22:09:43.051+0000] {processor.py:179} INFO - Processing /home/airflow/.local/lib/python3.10/site-packages/airflow/example_dags/example_sla_dag.py took 1.013 seconds
[2025-06-02T22:10:13.652+0000] {processor.py:157} INFO - Started process (PID=1141) to work on /home/airflow/.local/lib/python3.10/site-packages/airflow/example_dags/example_sla_dag.py
[2025-06-02T22:10:13.653+0000] {processor.py:829} INFO - Processing file /home/airflow/.local/lib/python3.10/site-packages/airflow/example_dags/example_sla_dag.py for tasks to queue
[2025-06-02T22:10:13.657+0000] {logging_mixin.py:154} INFO - [2025-06-02T22:10:13.656+0000] {dagbag.py:536} INFO - Filling up the DagBag from /home/airflow/.local/lib/python3.10/site-packages/airflow/example_dags/example_sla_dag.py
[2025-06-02T22:10:13.669+0000] {processor.py:839} INFO - DAG(s) dict_keys(['example_sla_dag']) retrieved from /home/airflow/.local/lib/python3.10/site-packages/airflow/example_dags/example_sla_dag.py
[2025-06-02T22:10:13.694+0000] {logging_mixin.py:154} INFO - [2025-06-02T22:10:13.694+0000] {dag.py:2941} INFO - Sync 1 DAGs
[2025-06-02T22:10:13.931+0000] {logging_mixin.py:154} INFO - [2025-06-02T22:10:13.931+0000] {dag.py:3722} INFO - Setting next_dagrun for example_sla_dag to 2025-06-02T22:08:00+00:00, run_after=2025-06-02T22:10:00+00:00
[2025-06-02T22:10:13.952+0000] {processor.py:179} INFO - Processing /home/airflow/.local/lib/python3.10/site-packages/airflow/example_dags/example_sla_dag.py took 0.305 seconds
[2025-06-02T22:10:44.852+0000] {processor.py:157} INFO - Started process (PID=1195) to work on /home/airflow/.local/lib/python3.10/site-packages/airflow/example_dags/example_sla_dag.py
[2025-06-02T22:10:44.853+0000] {processor.py:829} INFO - Processing file /home/airflow/.local/lib/python3.10/site-packages/airflow/example_dags/example_sla_dag.py for tasks to queue
[2025-06-02T22:10:44.856+0000] {logging_mixin.py:154} INFO - [2025-06-02T22:10:44.855+0000] {dagbag.py:536} INFO - Filling up the DagBag from /home/airflow/.local/lib/python3.10/site-packages/airflow/example_dags/example_sla_dag.py
[2025-06-02T22:10:44.867+0000] {processor.py:839} INFO - DAG(s) dict_keys(['example_sla_dag']) retrieved from /home/airflow/.local/lib/python3.10/site-packages/airflow/example_dags/example_sla_dag.py
[2025-06-02T22:10:44.893+0000] {logging_mixin.py:154} INFO - [2025-06-02T22:10:44.893+0000] {dag.py:2941} INFO - Sync 1 DAGs
[2025-06-02T22:10:44.930+0000] {logging_mixin.py:154} INFO - [2025-06-02T22:10:44.929+0000] {dag.py:3722} INFO - Setting next_dagrun for example_sla_dag to 2025-06-02T22:08:00+00:00, run_after=2025-06-02T22:10:00+00:00
[2025-06-02T22:10:44.954+0000] {processor.py:179} INFO - Processing /home/airflow/.local/lib/python3.10/site-packages/airflow/example_dags/example_sla_dag.py took 0.107 seconds
[2025-06-02T23:03:29.810+0000] {processor.py:157} INFO - Started process (PID=55) to work on /home/airflow/.local/lib/python3.10/site-packages/airflow/example_dags/example_sla_dag.py
[2025-06-02T23:03:29.812+0000] {processor.py:829} INFO - Processing file /home/airflow/.local/lib/python3.10/site-packages/airflow/example_dags/example_sla_dag.py for tasks to queue
[2025-06-02T23:03:29.822+0000] {logging_mixin.py:154} INFO - [2025-06-02T23:03:29.822+0000] {dagbag.py:536} INFO - Filling up the DagBag from /home/airflow/.local/lib/python3.10/site-packages/airflow/example_dags/example_sla_dag.py
[2025-06-02T23:03:29.875+0000] {processor.py:839} INFO - DAG(s) dict_keys(['example_sla_dag']) retrieved from /home/airflow/.local/lib/python3.10/site-packages/airflow/example_dags/example_sla_dag.py
[2025-06-02T23:03:30.058+0000] {logging_mixin.py:154} INFO - [2025-06-02T23:03:30.058+0000] {dag.py:2941} INFO - Sync 1 DAGs
[2025-06-02T23:03:30.219+0000] {logging_mixin.py:154} INFO - [2025-06-02T23:03:30.219+0000] {dag.py:3722} INFO - Setting next_dagrun for example_sla_dag to 2025-06-02T23:00:00+00:00, run_after=2025-06-02T23:02:00+00:00
[2025-06-02T23:03:30.294+0000] {processor.py:179} INFO - Processing /home/airflow/.local/lib/python3.10/site-packages/airflow/example_dags/example_sla_dag.py took 0.503 seconds
[2025-06-02T23:03:58.416+0000] {processor.py:157} INFO - Started process (PID=47) to work on /home/airflow/.local/lib/python3.10/site-packages/airflow/example_dags/example_sla_dag.py
[2025-06-02T23:03:58.417+0000] {processor.py:829} INFO - Processing file /home/airflow/.local/lib/python3.10/site-packages/airflow/example_dags/example_sla_dag.py for tasks to queue
[2025-06-02T23:03:58.421+0000] {logging_mixin.py:154} INFO - [2025-06-02T23:03:58.420+0000] {dagbag.py:536} INFO - Filling up the DagBag from /home/airflow/.local/lib/python3.10/site-packages/airflow/example_dags/example_sla_dag.py
[2025-06-02T23:03:58.436+0000] {processor.py:839} INFO - DAG(s) dict_keys(['example_sla_dag']) retrieved from /home/airflow/.local/lib/python3.10/site-packages/airflow/example_dags/example_sla_dag.py
[2025-06-02T23:03:58.470+0000] {logging_mixin.py:154} INFO - [2025-06-02T23:03:58.469+0000] {dag.py:2941} INFO - Sync 1 DAGs
[2025-06-02T23:03:58.505+0000] {logging_mixin.py:154} INFO - [2025-06-02T23:03:58.505+0000] {dag.py:3722} INFO - Setting next_dagrun for example_sla_dag to 2025-06-02T23:00:00+00:00, run_after=2025-06-02T23:02:00+00:00
[2025-06-02T23:03:58.536+0000] {processor.py:179} INFO - Processing /home/airflow/.local/lib/python3.10/site-packages/airflow/example_dags/example_sla_dag.py took 0.123 seconds
[2025-06-02T23:04:29.366+0000] {processor.py:157} INFO - Started process (PID=103) to work on /home/airflow/.local/lib/python3.10/site-packages/airflow/example_dags/example_sla_dag.py
[2025-06-02T23:04:29.368+0000] {processor.py:829} INFO - Processing file /home/airflow/.local/lib/python3.10/site-packages/airflow/example_dags/example_sla_dag.py for tasks to queue
[2025-06-02T23:04:29.371+0000] {logging_mixin.py:154} INFO - [2025-06-02T23:04:29.371+0000] {dagbag.py:536} INFO - Filling up the DagBag from /home/airflow/.local/lib/python3.10/site-packages/airflow/example_dags/example_sla_dag.py
[2025-06-02T23:04:29.383+0000] {processor.py:839} INFO - DAG(s) dict_keys(['example_sla_dag']) retrieved from /home/airflow/.local/lib/python3.10/site-packages/airflow/example_dags/example_sla_dag.py
[2025-06-02T23:04:29.410+0000] {logging_mixin.py:154} INFO - [2025-06-02T23:04:29.409+0000] {dag.py:2941} INFO - Sync 1 DAGs
[2025-06-02T23:04:29.447+0000] {logging_mixin.py:154} INFO - [2025-06-02T23:04:29.447+0000] {dag.py:3722} INFO - Setting next_dagrun for example_sla_dag to 2025-06-02T23:02:00+00:00, run_after=2025-06-02T23:04:00+00:00
[2025-06-02T23:04:29.475+0000] {processor.py:179} INFO - Processing /home/airflow/.local/lib/python3.10/site-packages/airflow/example_dags/example_sla_dag.py took 0.114 seconds
[2025-06-02T23:04:59.633+0000] {processor.py:157} INFO - Started process (PID=159) to work on /home/airflow/.local/lib/python3.10/site-packages/airflow/example_dags/example_sla_dag.py
[2025-06-02T23:04:59.634+0000] {processor.py:829} INFO - Processing file /home/airflow/.local/lib/python3.10/site-packages/airflow/example_dags/example_sla_dag.py for tasks to queue
[2025-06-02T23:04:59.637+0000] {logging_mixin.py:154} INFO - [2025-06-02T23:04:59.636+0000] {dagbag.py:536} INFO - Filling up the DagBag from /home/airflow/.local/lib/python3.10/site-packages/airflow/example_dags/example_sla_dag.py
[2025-06-02T23:04:59.649+0000] {processor.py:839} INFO - DAG(s) dict_keys(['example_sla_dag']) retrieved from /home/airflow/.local/lib/python3.10/site-packages/airflow/example_dags/example_sla_dag.py
[2025-06-02T23:04:59.674+0000] {logging_mixin.py:154} INFO - [2025-06-02T23:04:59.674+0000] {dag.py:2941} INFO - Sync 1 DAGs
[2025-06-02T23:04:59.710+0000] {logging_mixin.py:154} INFO - [2025-06-02T23:04:59.709+0000] {dag.py:3722} INFO - Setting next_dagrun for example_sla_dag to 2025-06-02T23:02:00+00:00, run_after=2025-06-02T23:04:00+00:00
[2025-06-02T23:04:59.731+0000] {processor.py:179} INFO - Processing /home/airflow/.local/lib/python3.10/site-packages/airflow/example_dags/example_sla_dag.py took 0.104 seconds
[2025-06-02T23:05:31.832+0000] {processor.py:157} INFO - Started process (PID=215) to work on /home/airflow/.local/lib/python3.10/site-packages/airflow/example_dags/example_sla_dag.py
[2025-06-02T23:05:31.835+0000] {processor.py:829} INFO - Processing file /home/airflow/.local/lib/python3.10/site-packages/airflow/example_dags/example_sla_dag.py for tasks to queue
[2025-06-02T23:05:31.839+0000] {logging_mixin.py:154} INFO - [2025-06-02T23:05:31.839+0000] {dagbag.py:536} INFO - Filling up the DagBag from /home/airflow/.local/lib/python3.10/site-packages/airflow/example_dags/example_sla_dag.py
[2025-06-02T23:05:31.853+0000] {processor.py:839} INFO - DAG(s) dict_keys(['example_sla_dag']) retrieved from /home/airflow/.local/lib/python3.10/site-packages/airflow/example_dags/example_sla_dag.py
[2025-06-02T23:05:31.877+0000] {logging_mixin.py:154} INFO - [2025-06-02T23:05:31.877+0000] {dag.py:2941} INFO - Sync 1 DAGs
[2025-06-02T23:05:31.912+0000] {logging_mixin.py:154} INFO - [2025-06-02T23:05:31.911+0000] {dag.py:3722} INFO - Setting next_dagrun for example_sla_dag to 2025-06-02T23:02:00+00:00, run_after=2025-06-02T23:04:00+00:00
[2025-06-02T23:05:31.945+0000] {processor.py:179} INFO - Processing /home/airflow/.local/lib/python3.10/site-packages/airflow/example_dags/example_sla_dag.py took 0.117 seconds
[2025-06-02T23:06:05.726+0000] {processor.py:157} INFO - Started process (PID=271) to work on /home/airflow/.local/lib/python3.10/site-packages/airflow/example_dags/example_sla_dag.py
[2025-06-02T23:06:05.734+0000] {processor.py:829} INFO - Processing file /home/airflow/.local/lib/python3.10/site-packages/airflow/example_dags/example_sla_dag.py for tasks to queue
[2025-06-02T23:06:05.737+0000] {logging_mixin.py:154} INFO - [2025-06-02T23:06:05.737+0000] {dagbag.py:536} INFO - Filling up the DagBag from /home/airflow/.local/lib/python3.10/site-packages/airflow/example_dags/example_sla_dag.py
[2025-06-02T23:06:05.792+0000] {processor.py:839} INFO - DAG(s) dict_keys(['example_sla_dag']) retrieved from /home/airflow/.local/lib/python3.10/site-packages/airflow/example_dags/example_sla_dag.py
[2025-06-02T23:06:05.862+0000] {logging_mixin.py:154} INFO - [2025-06-02T23:06:05.861+0000] {dag.py:2941} INFO - Sync 1 DAGs
[2025-06-02T23:06:05.898+0000] {logging_mixin.py:154} INFO - [2025-06-02T23:06:05.898+0000] {dag.py:3722} INFO - Setting next_dagrun for example_sla_dag to 2025-06-02T23:04:00+00:00, run_after=2025-06-02T23:06:00+00:00
[2025-06-02T23:06:05.938+0000] {processor.py:179} INFO - Processing /home/airflow/.local/lib/python3.10/site-packages/airflow/example_dags/example_sla_dag.py took 0.238 seconds
[2025-06-02T23:06:37.084+0000] {processor.py:157} INFO - Started process (PID=327) to work on /home/airflow/.local/lib/python3.10/site-packages/airflow/example_dags/example_sla_dag.py
[2025-06-02T23:06:37.085+0000] {processor.py:829} INFO - Processing file /home/airflow/.local/lib/python3.10/site-packages/airflow/example_dags/example_sla_dag.py for tasks to queue
[2025-06-02T23:06:37.094+0000] {logging_mixin.py:154} INFO - [2025-06-02T23:06:37.093+0000] {dagbag.py:536} INFO - Filling up the DagBag from /home/airflow/.local/lib/python3.10/site-packages/airflow/example_dags/example_sla_dag.py
[2025-06-02T23:06:37.145+0000] {processor.py:839} INFO - DAG(s) dict_keys(['example_sla_dag']) retrieved from /home/airflow/.local/lib/python3.10/site-packages/airflow/example_dags/example_sla_dag.py
[2025-06-02T23:06:37.221+0000] {logging_mixin.py:154} INFO - [2025-06-02T23:06:37.221+0000] {dag.py:2941} INFO - Sync 1 DAGs
[2025-06-02T23:06:37.328+0000] {logging_mixin.py:154} INFO - [2025-06-02T23:06:37.328+0000] {dag.py:3722} INFO - Setting next_dagrun for example_sla_dag to 2025-06-02T23:04:00+00:00, run_after=2025-06-02T23:06:00+00:00
[2025-06-02T23:06:37.399+0000] {processor.py:179} INFO - Processing /home/airflow/.local/lib/python3.10/site-packages/airflow/example_dags/example_sla_dag.py took 0.333 seconds
[2025-06-02T23:07:07.576+0000] {processor.py:157} INFO - Started process (PID=383) to work on /home/airflow/.local/lib/python3.10/site-packages/airflow/example_dags/example_sla_dag.py
[2025-06-02T23:07:07.577+0000] {processor.py:829} INFO - Processing file /home/airflow/.local/lib/python3.10/site-packages/airflow/example_dags/example_sla_dag.py for tasks to queue
[2025-06-02T23:07:07.580+0000] {logging_mixin.py:154} INFO - [2025-06-02T23:07:07.580+0000] {dagbag.py:536} INFO - Filling up the DagBag from /home/airflow/.local/lib/python3.10/site-packages/airflow/example_dags/example_sla_dag.py
[2025-06-02T23:07:07.592+0000] {processor.py:839} INFO - DAG(s) dict_keys(['example_sla_dag']) retrieved from /home/airflow/.local/lib/python3.10/site-packages/airflow/example_dags/example_sla_dag.py
[2025-06-02T23:07:07.618+0000] {logging_mixin.py:154} INFO - [2025-06-02T23:07:07.618+0000] {dag.py:2941} INFO - Sync 1 DAGs
[2025-06-02T23:07:07.652+0000] {logging_mixin.py:154} INFO - [2025-06-02T23:07:07.652+0000] {dag.py:3722} INFO - Setting next_dagrun for example_sla_dag to 2025-06-02T23:04:00+00:00, run_after=2025-06-02T23:06:00+00:00
[2025-06-02T23:07:07.683+0000] {processor.py:179} INFO - Processing /home/airflow/.local/lib/python3.10/site-packages/airflow/example_dags/example_sla_dag.py took 0.113 seconds
