[2025-06-02T22:00:05.001+0000] {processor.py:157} INFO - Started process (PID=64) to work on /home/airflow/.local/lib/python3.10/site-packages/airflow/example_dags/example_kubernetes_executor.py
[2025-06-02T22:00:05.002+0000] {processor.py:829} INFO - Processing file /home/airflow/.local/lib/python3.10/site-packages/airflow/example_dags/example_kubernetes_executor.py for tasks to queue
[2025-06-02T22:00:05.009+0000] {logging_mixin.py:154} INFO - [2025-06-02T22:00:05.008+0000] {dagbag.py:536} INFO - Filling up the DagBag from /home/airflow/.local/lib/python3.10/site-packages/airflow/example_dags/example_kubernetes_executor.py
[2025-06-02T22:00:05.031+0000] {processor.py:839} INFO - DAG(s) dict_keys(['example_kubernetes_executor']) retrieved from /home/airflow/.local/lib/python3.10/site-packages/airflow/example_dags/example_kubernetes_executor.py
[2025-06-02T22:00:05.351+0000] {logging_mixin.py:154} INFO - [2025-06-02T22:00:05.350+0000] {manager.py:499} INFO - Created Permission View: %s
[2025-06-02T22:00:05.377+0000] {logging_mixin.py:154} INFO - [2025-06-02T22:00:05.377+0000] {manager.py:499} INFO - Created Permission View: %s
[2025-06-02T22:00:05.394+0000] {logging_mixin.py:154} INFO - [2025-06-02T22:00:05.394+0000] {manager.py:499} INFO - Created Permission View: %s
[2025-06-02T22:00:05.395+0000] {logging_mixin.py:154} INFO - [2025-06-02T22:00:05.395+0000] {dag.py:2941} INFO - Sync 1 DAGs
[2025-06-02T22:00:05.425+0000] {logging_mixin.py:154} INFO - [2025-06-02T22:00:05.425+0000] {dag.py:2963} INFO - Creating ORM DAG for example_kubernetes_executor
[2025-06-02T22:00:05.426+0000] {logging_mixin.py:154} INFO - [2025-06-02T22:00:05.426+0000] {dag.py:3722} INFO - Setting next_dagrun for example_kubernetes_executor to None, run_after=None
[2025-06-02T22:00:05.470+0000] {processor.py:179} INFO - Processing /home/airflow/.local/lib/python3.10/site-packages/airflow/example_dags/example_kubernetes_executor.py took 0.491 seconds
[2025-06-02T22:00:35.920+0000] {processor.py:157} INFO - Started process (PID=118) to work on /home/airflow/.local/lib/python3.10/site-packages/airflow/example_dags/example_kubernetes_executor.py
[2025-06-02T22:00:35.920+0000] {processor.py:829} INFO - Processing file /home/airflow/.local/lib/python3.10/site-packages/airflow/example_dags/example_kubernetes_executor.py for tasks to queue
[2025-06-02T22:00:35.923+0000] {logging_mixin.py:154} INFO - [2025-06-02T22:00:35.922+0000] {dagbag.py:536} INFO - Filling up the DagBag from /home/airflow/.local/lib/python3.10/site-packages/airflow/example_dags/example_kubernetes_executor.py
[2025-06-02T22:00:35.937+0000] {processor.py:839} INFO - DAG(s) dict_keys(['example_kubernetes_executor']) retrieved from /home/airflow/.local/lib/python3.10/site-packages/airflow/example_dags/example_kubernetes_executor.py
[2025-06-02T22:00:35.977+0000] {logging_mixin.py:154} INFO - [2025-06-02T22:00:35.977+0000] {dag.py:2941} INFO - Sync 1 DAGs
[2025-06-02T22:00:35.990+0000] {logging_mixin.py:154} INFO - [2025-06-02T22:00:35.989+0000] {dag.py:3722} INFO - Setting next_dagrun for example_kubernetes_executor to None, run_after=None
[2025-06-02T22:00:36.013+0000] {processor.py:179} INFO - Processing /home/airflow/.local/lib/python3.10/site-packages/airflow/example_dags/example_kubernetes_executor.py took 0.097 seconds
[2025-06-02T22:01:06.216+0000] {processor.py:157} INFO - Started process (PID=172) to work on /home/airflow/.local/lib/python3.10/site-packages/airflow/example_dags/example_kubernetes_executor.py
[2025-06-02T22:01:06.218+0000] {processor.py:829} INFO - Processing file /home/airflow/.local/lib/python3.10/site-packages/airflow/example_dags/example_kubernetes_executor.py for tasks to queue
[2025-06-02T22:01:06.220+0000] {logging_mixin.py:154} INFO - [2025-06-02T22:01:06.220+0000] {dagbag.py:536} INFO - Filling up the DagBag from /home/airflow/.local/lib/python3.10/site-packages/airflow/example_dags/example_kubernetes_executor.py
[2025-06-02T22:01:06.235+0000] {processor.py:839} INFO - DAG(s) dict_keys(['example_kubernetes_executor']) retrieved from /home/airflow/.local/lib/python3.10/site-packages/airflow/example_dags/example_kubernetes_executor.py
[2025-06-02T22:01:06.274+0000] {logging_mixin.py:154} INFO - [2025-06-02T22:01:06.274+0000] {dag.py:2941} INFO - Sync 1 DAGs
[2025-06-02T22:01:06.287+0000] {logging_mixin.py:154} INFO - [2025-06-02T22:01:06.287+0000] {dag.py:3722} INFO - Setting next_dagrun for example_kubernetes_executor to None, run_after=None
[2025-06-02T22:01:06.309+0000] {processor.py:179} INFO - Processing /home/airflow/.local/lib/python3.10/site-packages/airflow/example_dags/example_kubernetes_executor.py took 0.097 seconds
[2025-06-02T22:01:36.871+0000] {processor.py:157} INFO - Started process (PID=226) to work on /home/airflow/.local/lib/python3.10/site-packages/airflow/example_dags/example_kubernetes_executor.py
[2025-06-02T22:01:36.872+0000] {processor.py:829} INFO - Processing file /home/airflow/.local/lib/python3.10/site-packages/airflow/example_dags/example_kubernetes_executor.py for tasks to queue
[2025-06-02T22:01:36.874+0000] {logging_mixin.py:154} INFO - [2025-06-02T22:01:36.874+0000] {dagbag.py:536} INFO - Filling up the DagBag from /home/airflow/.local/lib/python3.10/site-packages/airflow/example_dags/example_kubernetes_executor.py
[2025-06-02T22:01:36.889+0000] {processor.py:839} INFO - DAG(s) dict_keys(['example_kubernetes_executor']) retrieved from /home/airflow/.local/lib/python3.10/site-packages/airflow/example_dags/example_kubernetes_executor.py
[2025-06-02T22:01:36.930+0000] {logging_mixin.py:154} INFO - [2025-06-02T22:01:36.930+0000] {dag.py:2941} INFO - Sync 1 DAGs
[2025-06-02T22:01:36.943+0000] {logging_mixin.py:154} INFO - [2025-06-02T22:01:36.943+0000] {dag.py:3722} INFO - Setting next_dagrun for example_kubernetes_executor to None, run_after=None
[2025-06-02T22:01:36.960+0000] {processor.py:179} INFO - Processing /home/airflow/.local/lib/python3.10/site-packages/airflow/example_dags/example_kubernetes_executor.py took 0.093 seconds
[2025-06-02T22:02:07.587+0000] {processor.py:157} INFO - Started process (PID=281) to work on /home/airflow/.local/lib/python3.10/site-packages/airflow/example_dags/example_kubernetes_executor.py
[2025-06-02T22:02:07.588+0000] {processor.py:829} INFO - Processing file /home/airflow/.local/lib/python3.10/site-packages/airflow/example_dags/example_kubernetes_executor.py for tasks to queue
[2025-06-02T22:02:07.591+0000] {logging_mixin.py:154} INFO - [2025-06-02T22:02:07.590+0000] {dagbag.py:536} INFO - Filling up the DagBag from /home/airflow/.local/lib/python3.10/site-packages/airflow/example_dags/example_kubernetes_executor.py
[2025-06-02T22:02:07.611+0000] {processor.py:839} INFO - DAG(s) dict_keys(['example_kubernetes_executor']) retrieved from /home/airflow/.local/lib/python3.10/site-packages/airflow/example_dags/example_kubernetes_executor.py
[2025-06-02T22:02:07.673+0000] {logging_mixin.py:154} INFO - [2025-06-02T22:02:07.673+0000] {dag.py:2941} INFO - Sync 1 DAGs
[2025-06-02T22:02:07.694+0000] {logging_mixin.py:154} INFO - [2025-06-02T22:02:07.694+0000] {dag.py:3722} INFO - Setting next_dagrun for example_kubernetes_executor to None, run_after=None
[2025-06-02T22:02:07.731+0000] {processor.py:179} INFO - Processing /home/airflow/.local/lib/python3.10/site-packages/airflow/example_dags/example_kubernetes_executor.py took 0.148 seconds
[2025-06-02T22:02:38.417+0000] {processor.py:157} INFO - Started process (PID=341) to work on /home/airflow/.local/lib/python3.10/site-packages/airflow/example_dags/example_kubernetes_executor.py
[2025-06-02T22:02:38.418+0000] {processor.py:829} INFO - Processing file /home/airflow/.local/lib/python3.10/site-packages/airflow/example_dags/example_kubernetes_executor.py for tasks to queue
[2025-06-02T22:02:38.421+0000] {logging_mixin.py:154} INFO - [2025-06-02T22:02:38.421+0000] {dagbag.py:536} INFO - Filling up the DagBag from /home/airflow/.local/lib/python3.10/site-packages/airflow/example_dags/example_kubernetes_executor.py
[2025-06-02T22:02:38.435+0000] {processor.py:839} INFO - DAG(s) dict_keys(['example_kubernetes_executor']) retrieved from /home/airflow/.local/lib/python3.10/site-packages/airflow/example_dags/example_kubernetes_executor.py
[2025-06-02T22:02:38.476+0000] {logging_mixin.py:154} INFO - [2025-06-02T22:02:38.476+0000] {dag.py:2941} INFO - Sync 1 DAGs
[2025-06-02T22:02:38.490+0000] {logging_mixin.py:154} INFO - [2025-06-02T22:02:38.490+0000] {dag.py:3722} INFO - Setting next_dagrun for example_kubernetes_executor to None, run_after=None
[2025-06-02T22:02:38.510+0000] {processor.py:179} INFO - Processing /home/airflow/.local/lib/python3.10/site-packages/airflow/example_dags/example_kubernetes_executor.py took 0.096 seconds
[2025-06-02T22:03:09.119+0000] {processor.py:157} INFO - Started process (PID=396) to work on /home/airflow/.local/lib/python3.10/site-packages/airflow/example_dags/example_kubernetes_executor.py
[2025-06-02T22:03:09.120+0000] {processor.py:829} INFO - Processing file /home/airflow/.local/lib/python3.10/site-packages/airflow/example_dags/example_kubernetes_executor.py for tasks to queue
[2025-06-02T22:03:09.123+0000] {logging_mixin.py:154} INFO - [2025-06-02T22:03:09.122+0000] {dagbag.py:536} INFO - Filling up the DagBag from /home/airflow/.local/lib/python3.10/site-packages/airflow/example_dags/example_kubernetes_executor.py
[2025-06-02T22:03:09.142+0000] {processor.py:839} INFO - DAG(s) dict_keys(['example_kubernetes_executor']) retrieved from /home/airflow/.local/lib/python3.10/site-packages/airflow/example_dags/example_kubernetes_executor.py
[2025-06-02T22:03:09.194+0000] {logging_mixin.py:154} INFO - [2025-06-02T22:03:09.194+0000] {dag.py:2941} INFO - Sync 1 DAGs
[2025-06-02T22:03:09.214+0000] {logging_mixin.py:154} INFO - [2025-06-02T22:03:09.213+0000] {dag.py:3722} INFO - Setting next_dagrun for example_kubernetes_executor to None, run_after=None
[2025-06-02T22:03:09.235+0000] {processor.py:179} INFO - Processing /home/airflow/.local/lib/python3.10/site-packages/airflow/example_dags/example_kubernetes_executor.py took 0.121 seconds
[2025-06-02T22:03:39.828+0000] {processor.py:157} INFO - Started process (PID=450) to work on /home/airflow/.local/lib/python3.10/site-packages/airflow/example_dags/example_kubernetes_executor.py
[2025-06-02T22:03:39.829+0000] {processor.py:829} INFO - Processing file /home/airflow/.local/lib/python3.10/site-packages/airflow/example_dags/example_kubernetes_executor.py for tasks to queue
[2025-06-02T22:03:39.832+0000] {logging_mixin.py:154} INFO - [2025-06-02T22:03:39.831+0000] {dagbag.py:536} INFO - Filling up the DagBag from /home/airflow/.local/lib/python3.10/site-packages/airflow/example_dags/example_kubernetes_executor.py
[2025-06-02T22:03:39.847+0000] {processor.py:839} INFO - DAG(s) dict_keys(['example_kubernetes_executor']) retrieved from /home/airflow/.local/lib/python3.10/site-packages/airflow/example_dags/example_kubernetes_executor.py
[2025-06-02T22:03:39.886+0000] {logging_mixin.py:154} INFO - [2025-06-02T22:03:39.886+0000] {dag.py:2941} INFO - Sync 1 DAGs
[2025-06-02T22:03:39.899+0000] {logging_mixin.py:154} INFO - [2025-06-02T22:03:39.898+0000] {dag.py:3722} INFO - Setting next_dagrun for example_kubernetes_executor to None, run_after=None
[2025-06-02T22:03:39.916+0000] {processor.py:179} INFO - Processing /home/airflow/.local/lib/python3.10/site-packages/airflow/example_dags/example_kubernetes_executor.py took 0.091 seconds
[2025-06-02T22:04:10.364+0000] {processor.py:157} INFO - Started process (PID=504) to work on /home/airflow/.local/lib/python3.10/site-packages/airflow/example_dags/example_kubernetes_executor.py
[2025-06-02T22:04:10.370+0000] {processor.py:829} INFO - Processing file /home/airflow/.local/lib/python3.10/site-packages/airflow/example_dags/example_kubernetes_executor.py for tasks to queue
[2025-06-02T22:04:10.378+0000] {logging_mixin.py:154} INFO - [2025-06-02T22:04:10.378+0000] {dagbag.py:536} INFO - Filling up the DagBag from /home/airflow/.local/lib/python3.10/site-packages/airflow/example_dags/example_kubernetes_executor.py
[2025-06-02T22:04:10.449+0000] {processor.py:839} INFO - DAG(s) dict_keys(['example_kubernetes_executor']) retrieved from /home/airflow/.local/lib/python3.10/site-packages/airflow/example_dags/example_kubernetes_executor.py
[2025-06-02T22:04:10.562+0000] {logging_mixin.py:154} INFO - [2025-06-02T22:04:10.562+0000] {dag.py:2941} INFO - Sync 1 DAGs
[2025-06-02T22:04:10.595+0000] {logging_mixin.py:154} INFO - [2025-06-02T22:04:10.594+0000] {dag.py:3722} INFO - Setting next_dagrun for example_kubernetes_executor to None, run_after=None
[2025-06-02T22:04:10.650+0000] {processor.py:179} INFO - Processing /home/airflow/.local/lib/python3.10/site-packages/airflow/example_dags/example_kubernetes_executor.py took 0.310 seconds
[2025-06-02T22:04:41.584+0000] {processor.py:157} INFO - Started process (PID=558) to work on /home/airflow/.local/lib/python3.10/site-packages/airflow/example_dags/example_kubernetes_executor.py
[2025-06-02T22:04:41.585+0000] {processor.py:829} INFO - Processing file /home/airflow/.local/lib/python3.10/site-packages/airflow/example_dags/example_kubernetes_executor.py for tasks to queue
[2025-06-02T22:04:41.589+0000] {logging_mixin.py:154} INFO - [2025-06-02T22:04:41.588+0000] {dagbag.py:536} INFO - Filling up the DagBag from /home/airflow/.local/lib/python3.10/site-packages/airflow/example_dags/example_kubernetes_executor.py
[2025-06-02T22:04:41.608+0000] {processor.py:839} INFO - DAG(s) dict_keys(['example_kubernetes_executor']) retrieved from /home/airflow/.local/lib/python3.10/site-packages/airflow/example_dags/example_kubernetes_executor.py
[2025-06-02T22:04:41.662+0000] {logging_mixin.py:154} INFO - [2025-06-02T22:04:41.662+0000] {dag.py:2941} INFO - Sync 1 DAGs
[2025-06-02T22:04:41.680+0000] {logging_mixin.py:154} INFO - [2025-06-02T22:04:41.680+0000] {dag.py:3722} INFO - Setting next_dagrun for example_kubernetes_executor to None, run_after=None
[2025-06-02T22:04:41.701+0000] {processor.py:179} INFO - Processing /home/airflow/.local/lib/python3.10/site-packages/airflow/example_dags/example_kubernetes_executor.py took 0.122 seconds
[2025-06-02T22:05:11.832+0000] {processor.py:157} INFO - Started process (PID=613) to work on /home/airflow/.local/lib/python3.10/site-packages/airflow/example_dags/example_kubernetes_executor.py
[2025-06-02T22:05:11.833+0000] {processor.py:829} INFO - Processing file /home/airflow/.local/lib/python3.10/site-packages/airflow/example_dags/example_kubernetes_executor.py for tasks to queue
[2025-06-02T22:05:11.836+0000] {logging_mixin.py:154} INFO - [2025-06-02T22:05:11.836+0000] {dagbag.py:536} INFO - Filling up the DagBag from /home/airflow/.local/lib/python3.10/site-packages/airflow/example_dags/example_kubernetes_executor.py
[2025-06-02T22:05:11.857+0000] {processor.py:839} INFO - DAG(s) dict_keys(['example_kubernetes_executor']) retrieved from /home/airflow/.local/lib/python3.10/site-packages/airflow/example_dags/example_kubernetes_executor.py
[2025-06-02T22:05:11.911+0000] {logging_mixin.py:154} INFO - [2025-06-02T22:05:11.911+0000] {dag.py:2941} INFO - Sync 1 DAGs
[2025-06-02T22:05:11.930+0000] {logging_mixin.py:154} INFO - [2025-06-02T22:05:11.929+0000] {dag.py:3722} INFO - Setting next_dagrun for example_kubernetes_executor to None, run_after=None
[2025-06-02T22:05:11.952+0000] {processor.py:179} INFO - Processing /home/airflow/.local/lib/python3.10/site-packages/airflow/example_dags/example_kubernetes_executor.py took 0.125 seconds
[2025-06-02T22:05:42.149+0000] {processor.py:157} INFO - Started process (PID=667) to work on /home/airflow/.local/lib/python3.10/site-packages/airflow/example_dags/example_kubernetes_executor.py
[2025-06-02T22:05:42.150+0000] {processor.py:829} INFO - Processing file /home/airflow/.local/lib/python3.10/site-packages/airflow/example_dags/example_kubernetes_executor.py for tasks to queue
[2025-06-02T22:05:42.154+0000] {logging_mixin.py:154} INFO - [2025-06-02T22:05:42.153+0000] {dagbag.py:536} INFO - Filling up the DagBag from /home/airflow/.local/lib/python3.10/site-packages/airflow/example_dags/example_kubernetes_executor.py
[2025-06-02T22:05:42.179+0000] {processor.py:839} INFO - DAG(s) dict_keys(['example_kubernetes_executor']) retrieved from /home/airflow/.local/lib/python3.10/site-packages/airflow/example_dags/example_kubernetes_executor.py
[2025-06-02T22:05:42.231+0000] {logging_mixin.py:154} INFO - [2025-06-02T22:05:42.231+0000] {dag.py:2941} INFO - Sync 1 DAGs
[2025-06-02T22:05:42.248+0000] {logging_mixin.py:154} INFO - [2025-06-02T22:05:42.248+0000] {dag.py:3722} INFO - Setting next_dagrun for example_kubernetes_executor to None, run_after=None
[2025-06-02T22:05:42.271+0000] {processor.py:179} INFO - Processing /home/airflow/.local/lib/python3.10/site-packages/airflow/example_dags/example_kubernetes_executor.py took 0.127 seconds
[2025-06-02T22:06:12.418+0000] {processor.py:157} INFO - Started process (PID=720) to work on /home/airflow/.local/lib/python3.10/site-packages/airflow/example_dags/example_kubernetes_executor.py
[2025-06-02T22:06:12.420+0000] {processor.py:829} INFO - Processing file /home/airflow/.local/lib/python3.10/site-packages/airflow/example_dags/example_kubernetes_executor.py for tasks to queue
[2025-06-02T22:06:12.423+0000] {logging_mixin.py:154} INFO - [2025-06-02T22:06:12.423+0000] {dagbag.py:536} INFO - Filling up the DagBag from /home/airflow/.local/lib/python3.10/site-packages/airflow/example_dags/example_kubernetes_executor.py
[2025-06-02T22:06:12.444+0000] {processor.py:839} INFO - DAG(s) dict_keys(['example_kubernetes_executor']) retrieved from /home/airflow/.local/lib/python3.10/site-packages/airflow/example_dags/example_kubernetes_executor.py
[2025-06-02T22:06:12.496+0000] {logging_mixin.py:154} INFO - [2025-06-02T22:06:12.496+0000] {dag.py:2941} INFO - Sync 1 DAGs
[2025-06-02T22:06:12.512+0000] {logging_mixin.py:154} INFO - [2025-06-02T22:06:12.512+0000] {dag.py:3722} INFO - Setting next_dagrun for example_kubernetes_executor to None, run_after=None
[2025-06-02T22:06:12.534+0000] {processor.py:179} INFO - Processing /home/airflow/.local/lib/python3.10/site-packages/airflow/example_dags/example_kubernetes_executor.py took 0.121 seconds
[2025-06-02T22:06:42.973+0000] {processor.py:157} INFO - Started process (PID=775) to work on /home/airflow/.local/lib/python3.10/site-packages/airflow/example_dags/example_kubernetes_executor.py
[2025-06-02T22:06:42.974+0000] {processor.py:829} INFO - Processing file /home/airflow/.local/lib/python3.10/site-packages/airflow/example_dags/example_kubernetes_executor.py for tasks to queue
[2025-06-02T22:06:42.978+0000] {logging_mixin.py:154} INFO - [2025-06-02T22:06:42.977+0000] {dagbag.py:536} INFO - Filling up the DagBag from /home/airflow/.local/lib/python3.10/site-packages/airflow/example_dags/example_kubernetes_executor.py
[2025-06-02T22:06:42.998+0000] {processor.py:839} INFO - DAG(s) dict_keys(['example_kubernetes_executor']) retrieved from /home/airflow/.local/lib/python3.10/site-packages/airflow/example_dags/example_kubernetes_executor.py
[2025-06-02T22:06:43.050+0000] {logging_mixin.py:154} INFO - [2025-06-02T22:06:43.050+0000] {dag.py:2941} INFO - Sync 1 DAGs
[2025-06-02T22:06:43.068+0000] {logging_mixin.py:154} INFO - [2025-06-02T22:06:43.067+0000] {dag.py:3722} INFO - Setting next_dagrun for example_kubernetes_executor to None, run_after=None
[2025-06-02T22:06:43.095+0000] {processor.py:179} INFO - Processing /home/airflow/.local/lib/python3.10/site-packages/airflow/example_dags/example_kubernetes_executor.py took 0.127 seconds
[2025-06-02T22:07:13.153+0000] {processor.py:157} INFO - Started process (PID=829) to work on /home/airflow/.local/lib/python3.10/site-packages/airflow/example_dags/example_kubernetes_executor.py
[2025-06-02T22:07:13.154+0000] {processor.py:829} INFO - Processing file /home/airflow/.local/lib/python3.10/site-packages/airflow/example_dags/example_kubernetes_executor.py for tasks to queue
[2025-06-02T22:07:13.157+0000] {logging_mixin.py:154} INFO - [2025-06-02T22:07:13.157+0000] {dagbag.py:536} INFO - Filling up the DagBag from /home/airflow/.local/lib/python3.10/site-packages/airflow/example_dags/example_kubernetes_executor.py
[2025-06-02T22:07:13.176+0000] {processor.py:839} INFO - DAG(s) dict_keys(['example_kubernetes_executor']) retrieved from /home/airflow/.local/lib/python3.10/site-packages/airflow/example_dags/example_kubernetes_executor.py
[2025-06-02T22:07:13.230+0000] {logging_mixin.py:154} INFO - [2025-06-02T22:07:13.230+0000] {dag.py:2941} INFO - Sync 1 DAGs
[2025-06-02T22:07:13.255+0000] {logging_mixin.py:154} INFO - [2025-06-02T22:07:13.254+0000] {dag.py:3722} INFO - Setting next_dagrun for example_kubernetes_executor to None, run_after=None
[2025-06-02T22:07:13.282+0000] {processor.py:179} INFO - Processing /home/airflow/.local/lib/python3.10/site-packages/airflow/example_dags/example_kubernetes_executor.py took 0.134 seconds
[2025-06-02T22:07:43.804+0000] {processor.py:157} INFO - Started process (PID=883) to work on /home/airflow/.local/lib/python3.10/site-packages/airflow/example_dags/example_kubernetes_executor.py
[2025-06-02T22:07:43.805+0000] {processor.py:829} INFO - Processing file /home/airflow/.local/lib/python3.10/site-packages/airflow/example_dags/example_kubernetes_executor.py for tasks to queue
[2025-06-02T22:07:43.808+0000] {logging_mixin.py:154} INFO - [2025-06-02T22:07:43.808+0000] {dagbag.py:536} INFO - Filling up the DagBag from /home/airflow/.local/lib/python3.10/site-packages/airflow/example_dags/example_kubernetes_executor.py
[2025-06-02T22:07:43.828+0000] {processor.py:839} INFO - DAG(s) dict_keys(['example_kubernetes_executor']) retrieved from /home/airflow/.local/lib/python3.10/site-packages/airflow/example_dags/example_kubernetes_executor.py
[2025-06-02T22:07:43.882+0000] {logging_mixin.py:154} INFO - [2025-06-02T22:07:43.882+0000] {dag.py:2941} INFO - Sync 1 DAGs
[2025-06-02T22:07:43.901+0000] {logging_mixin.py:154} INFO - [2025-06-02T22:07:43.901+0000] {dag.py:3722} INFO - Setting next_dagrun for example_kubernetes_executor to None, run_after=None
[2025-06-02T22:07:44.129+0000] {processor.py:179} INFO - Processing /home/airflow/.local/lib/python3.10/site-packages/airflow/example_dags/example_kubernetes_executor.py took 0.330 seconds
[2025-06-02T22:08:14.458+0000] {processor.py:157} INFO - Started process (PID=938) to work on /home/airflow/.local/lib/python3.10/site-packages/airflow/example_dags/example_kubernetes_executor.py
[2025-06-02T22:08:14.459+0000] {processor.py:829} INFO - Processing file /home/airflow/.local/lib/python3.10/site-packages/airflow/example_dags/example_kubernetes_executor.py for tasks to queue
[2025-06-02T22:08:14.462+0000] {logging_mixin.py:154} INFO - [2025-06-02T22:08:14.462+0000] {dagbag.py:536} INFO - Filling up the DagBag from /home/airflow/.local/lib/python3.10/site-packages/airflow/example_dags/example_kubernetes_executor.py
[2025-06-02T22:08:14.481+0000] {processor.py:839} INFO - DAG(s) dict_keys(['example_kubernetes_executor']) retrieved from /home/airflow/.local/lib/python3.10/site-packages/airflow/example_dags/example_kubernetes_executor.py
[2025-06-02T22:08:14.533+0000] {logging_mixin.py:154} INFO - [2025-06-02T22:08:14.533+0000] {dag.py:2941} INFO - Sync 1 DAGs
[2025-06-02T22:08:14.551+0000] {logging_mixin.py:154} INFO - [2025-06-02T22:08:14.551+0000] {dag.py:3722} INFO - Setting next_dagrun for example_kubernetes_executor to None, run_after=None
[2025-06-02T22:08:14.577+0000] {processor.py:179} INFO - Processing /home/airflow/.local/lib/python3.10/site-packages/airflow/example_dags/example_kubernetes_executor.py took 0.123 seconds
[2025-06-02T22:08:45.576+0000] {processor.py:157} INFO - Started process (PID=991) to work on /home/airflow/.local/lib/python3.10/site-packages/airflow/example_dags/example_kubernetes_executor.py
[2025-06-02T22:08:45.579+0000] {processor.py:829} INFO - Processing file /home/airflow/.local/lib/python3.10/site-packages/airflow/example_dags/example_kubernetes_executor.py for tasks to queue
[2025-06-02T22:08:45.582+0000] {logging_mixin.py:154} INFO - [2025-06-02T22:08:45.581+0000] {dagbag.py:536} INFO - Filling up the DagBag from /home/airflow/.local/lib/python3.10/site-packages/airflow/example_dags/example_kubernetes_executor.py
[2025-06-02T22:08:45.602+0000] {processor.py:839} INFO - DAG(s) dict_keys(['example_kubernetes_executor']) retrieved from /home/airflow/.local/lib/python3.10/site-packages/airflow/example_dags/example_kubernetes_executor.py
[2025-06-02T22:08:45.882+0000] {logging_mixin.py:154} INFO - [2025-06-02T22:08:45.882+0000] {dag.py:2941} INFO - Sync 1 DAGs
[2025-06-02T22:08:45.897+0000] {logging_mixin.py:154} INFO - [2025-06-02T22:08:45.897+0000] {dag.py:3722} INFO - Setting next_dagrun for example_kubernetes_executor to None, run_after=None
[2025-06-02T22:08:45.943+0000] {processor.py:179} INFO - Processing /home/airflow/.local/lib/python3.10/site-packages/airflow/example_dags/example_kubernetes_executor.py took 0.372 seconds
[2025-06-02T22:09:16.714+0000] {processor.py:157} INFO - Started process (PID=1045) to work on /home/airflow/.local/lib/python3.10/site-packages/airflow/example_dags/example_kubernetes_executor.py
[2025-06-02T22:09:16.716+0000] {processor.py:829} INFO - Processing file /home/airflow/.local/lib/python3.10/site-packages/airflow/example_dags/example_kubernetes_executor.py for tasks to queue
[2025-06-02T22:09:16.718+0000] {logging_mixin.py:154} INFO - [2025-06-02T22:09:16.718+0000] {dagbag.py:536} INFO - Filling up the DagBag from /home/airflow/.local/lib/python3.10/site-packages/airflow/example_dags/example_kubernetes_executor.py
[2025-06-02T22:09:16.743+0000] {processor.py:839} INFO - DAG(s) dict_keys(['example_kubernetes_executor']) retrieved from /home/airflow/.local/lib/python3.10/site-packages/airflow/example_dags/example_kubernetes_executor.py
[2025-06-02T22:09:16.794+0000] {logging_mixin.py:154} INFO - [2025-06-02T22:09:16.794+0000] {dag.py:2941} INFO - Sync 1 DAGs
[2025-06-02T22:09:16.812+0000] {logging_mixin.py:154} INFO - [2025-06-02T22:09:16.811+0000] {dag.py:3722} INFO - Setting next_dagrun for example_kubernetes_executor to None, run_after=None
[2025-06-02T22:09:17.037+0000] {processor.py:179} INFO - Processing /home/airflow/.local/lib/python3.10/site-packages/airflow/example_dags/example_kubernetes_executor.py took 0.328 seconds
[2025-06-02T22:09:47.622+0000] {processor.py:157} INFO - Started process (PID=1098) to work on /home/airflow/.local/lib/python3.10/site-packages/airflow/example_dags/example_kubernetes_executor.py
[2025-06-02T22:09:47.623+0000] {processor.py:829} INFO - Processing file /home/airflow/.local/lib/python3.10/site-packages/airflow/example_dags/example_kubernetes_executor.py for tasks to queue
[2025-06-02T22:09:47.629+0000] {logging_mixin.py:154} INFO - [2025-06-02T22:09:47.629+0000] {dagbag.py:536} INFO - Filling up the DagBag from /home/airflow/.local/lib/python3.10/site-packages/airflow/example_dags/example_kubernetes_executor.py
[2025-06-02T22:09:47.700+0000] {processor.py:839} INFO - DAG(s) dict_keys(['example_kubernetes_executor']) retrieved from /home/airflow/.local/lib/python3.10/site-packages/airflow/example_dags/example_kubernetes_executor.py
[2025-06-02T22:09:47.889+0000] {logging_mixin.py:154} INFO - [2025-06-02T22:09:47.889+0000] {dag.py:2941} INFO - Sync 1 DAGs
[2025-06-02T22:09:47.928+0000] {logging_mixin.py:154} INFO - [2025-06-02T22:09:47.927+0000] {dag.py:3722} INFO - Setting next_dagrun for example_kubernetes_executor to None, run_after=None
[2025-06-02T22:09:47.958+0000] {processor.py:179} INFO - Processing /home/airflow/.local/lib/python3.10/site-packages/airflow/example_dags/example_kubernetes_executor.py took 0.365 seconds
[2025-06-02T22:10:19.372+0000] {processor.py:157} INFO - Started process (PID=1152) to work on /home/airflow/.local/lib/python3.10/site-packages/airflow/example_dags/example_kubernetes_executor.py
[2025-06-02T22:10:19.383+0000] {processor.py:829} INFO - Processing file /home/airflow/.local/lib/python3.10/site-packages/airflow/example_dags/example_kubernetes_executor.py for tasks to queue
[2025-06-02T22:10:19.391+0000] {logging_mixin.py:154} INFO - [2025-06-02T22:10:19.391+0000] {dagbag.py:536} INFO - Filling up the DagBag from /home/airflow/.local/lib/python3.10/site-packages/airflow/example_dags/example_kubernetes_executor.py
[2025-06-02T22:10:19.446+0000] {processor.py:839} INFO - DAG(s) dict_keys(['example_kubernetes_executor']) retrieved from /home/airflow/.local/lib/python3.10/site-packages/airflow/example_dags/example_kubernetes_executor.py
[2025-06-02T22:10:20.066+0000] {logging_mixin.py:154} INFO - [2025-06-02T22:10:20.066+0000] {dag.py:2941} INFO - Sync 1 DAGs
[2025-06-02T22:10:20.090+0000] {logging_mixin.py:154} INFO - [2025-06-02T22:10:20.090+0000] {dag.py:3722} INFO - Setting next_dagrun for example_kubernetes_executor to None, run_after=None
[2025-06-02T22:10:20.137+0000] {processor.py:179} INFO - Processing /home/airflow/.local/lib/python3.10/site-packages/airflow/example_dags/example_kubernetes_executor.py took 0.781 seconds
[2025-06-02T22:10:50.282+0000] {processor.py:157} INFO - Started process (PID=1207) to work on /home/airflow/.local/lib/python3.10/site-packages/airflow/example_dags/example_kubernetes_executor.py
[2025-06-02T22:10:50.283+0000] {processor.py:829} INFO - Processing file /home/airflow/.local/lib/python3.10/site-packages/airflow/example_dags/example_kubernetes_executor.py for tasks to queue
[2025-06-02T22:10:50.298+0000] {logging_mixin.py:154} INFO - [2025-06-02T22:10:50.285+0000] {dagbag.py:536} INFO - Filling up the DagBag from /home/airflow/.local/lib/python3.10/site-packages/airflow/example_dags/example_kubernetes_executor.py
[2025-06-02T22:10:50.350+0000] {processor.py:839} INFO - DAG(s) dict_keys(['example_kubernetes_executor']) retrieved from /home/airflow/.local/lib/python3.10/site-packages/airflow/example_dags/example_kubernetes_executor.py
[2025-06-02T22:10:50.461+0000] {logging_mixin.py:154} INFO - [2025-06-02T22:10:50.460+0000] {dag.py:2941} INFO - Sync 1 DAGs
[2025-06-02T22:10:50.824+0000] {logging_mixin.py:154} INFO - [2025-06-02T22:10:50.824+0000] {dag.py:3722} INFO - Setting next_dagrun for example_kubernetes_executor to None, run_after=None
[2025-06-02T22:10:50.847+0000] {processor.py:179} INFO - Processing /home/airflow/.local/lib/python3.10/site-packages/airflow/example_dags/example_kubernetes_executor.py took 0.591 seconds
[2025-06-02T23:03:33.027+0000] {processor.py:157} INFO - Started process (PID=66) to work on /home/airflow/.local/lib/python3.10/site-packages/airflow/example_dags/example_kubernetes_executor.py
[2025-06-02T23:03:33.046+0000] {processor.py:829} INFO - Processing file /home/airflow/.local/lib/python3.10/site-packages/airflow/example_dags/example_kubernetes_executor.py for tasks to queue
[2025-06-02T23:03:33.049+0000] {logging_mixin.py:154} INFO - [2025-06-02T23:03:33.049+0000] {dagbag.py:536} INFO - Filling up the DagBag from /home/airflow/.local/lib/python3.10/site-packages/airflow/example_dags/example_kubernetes_executor.py
[2025-06-02T23:03:33.148+0000] {processor.py:839} INFO - DAG(s) dict_keys(['example_kubernetes_executor']) retrieved from /home/airflow/.local/lib/python3.10/site-packages/airflow/example_dags/example_kubernetes_executor.py
[2025-06-02T23:03:33.386+0000] {logging_mixin.py:154} INFO - [2025-06-02T23:03:33.386+0000] {dag.py:2941} INFO - Sync 1 DAGs
[2025-06-02T23:03:33.487+0000] {logging_mixin.py:154} INFO - [2025-06-02T23:03:33.487+0000] {dag.py:3722} INFO - Setting next_dagrun for example_kubernetes_executor to None, run_after=None
[2025-06-02T23:03:33.678+0000] {processor.py:179} INFO - Processing /home/airflow/.local/lib/python3.10/site-packages/airflow/example_dags/example_kubernetes_executor.py took 0.680 seconds
[2025-06-02T23:03:59.476+0000] {processor.py:157} INFO - Started process (PID=58) to work on /home/airflow/.local/lib/python3.10/site-packages/airflow/example_dags/example_kubernetes_executor.py
[2025-06-02T23:03:59.478+0000] {processor.py:829} INFO - Processing file /home/airflow/.local/lib/python3.10/site-packages/airflow/example_dags/example_kubernetes_executor.py for tasks to queue
[2025-06-02T23:03:59.481+0000] {logging_mixin.py:154} INFO - [2025-06-02T23:03:59.481+0000] {dagbag.py:536} INFO - Filling up the DagBag from /home/airflow/.local/lib/python3.10/site-packages/airflow/example_dags/example_kubernetes_executor.py
[2025-06-02T23:03:59.501+0000] {processor.py:839} INFO - DAG(s) dict_keys(['example_kubernetes_executor']) retrieved from /home/airflow/.local/lib/python3.10/site-packages/airflow/example_dags/example_kubernetes_executor.py
[2025-06-02T23:03:59.559+0000] {logging_mixin.py:154} INFO - [2025-06-02T23:03:59.559+0000] {dag.py:2941} INFO - Sync 1 DAGs
[2025-06-02T23:03:59.577+0000] {logging_mixin.py:154} INFO - [2025-06-02T23:03:59.577+0000] {dag.py:3722} INFO - Setting next_dagrun for example_kubernetes_executor to None, run_after=None
[2025-06-02T23:03:59.605+0000] {processor.py:179} INFO - Processing /home/airflow/.local/lib/python3.10/site-packages/airflow/example_dags/example_kubernetes_executor.py took 0.134 seconds
[2025-06-02T23:04:30.285+0000] {processor.py:157} INFO - Started process (PID=114) to work on /home/airflow/.local/lib/python3.10/site-packages/airflow/example_dags/example_kubernetes_executor.py
[2025-06-02T23:04:30.290+0000] {processor.py:829} INFO - Processing file /home/airflow/.local/lib/python3.10/site-packages/airflow/example_dags/example_kubernetes_executor.py for tasks to queue
[2025-06-02T23:04:30.294+0000] {logging_mixin.py:154} INFO - [2025-06-02T23:04:30.294+0000] {dagbag.py:536} INFO - Filling up the DagBag from /home/airflow/.local/lib/python3.10/site-packages/airflow/example_dags/example_kubernetes_executor.py
[2025-06-02T23:04:30.314+0000] {processor.py:839} INFO - DAG(s) dict_keys(['example_kubernetes_executor']) retrieved from /home/airflow/.local/lib/python3.10/site-packages/airflow/example_dags/example_kubernetes_executor.py
[2025-06-02T23:04:30.365+0000] {logging_mixin.py:154} INFO - [2025-06-02T23:04:30.365+0000] {dag.py:2941} INFO - Sync 1 DAGs
[2025-06-02T23:04:30.382+0000] {logging_mixin.py:154} INFO - [2025-06-02T23:04:30.382+0000] {dag.py:3722} INFO - Setting next_dagrun for example_kubernetes_executor to None, run_after=None
[2025-06-02T23:04:30.417+0000] {processor.py:179} INFO - Processing /home/airflow/.local/lib/python3.10/site-packages/airflow/example_dags/example_kubernetes_executor.py took 0.137 seconds
[2025-06-02T23:05:00.494+0000] {processor.py:157} INFO - Started process (PID=170) to work on /home/airflow/.local/lib/python3.10/site-packages/airflow/example_dags/example_kubernetes_executor.py
[2025-06-02T23:05:00.494+0000] {processor.py:829} INFO - Processing file /home/airflow/.local/lib/python3.10/site-packages/airflow/example_dags/example_kubernetes_executor.py for tasks to queue
[2025-06-02T23:05:00.497+0000] {logging_mixin.py:154} INFO - [2025-06-02T23:05:00.497+0000] {dagbag.py:536} INFO - Filling up the DagBag from /home/airflow/.local/lib/python3.10/site-packages/airflow/example_dags/example_kubernetes_executor.py
[2025-06-02T23:05:00.512+0000] {processor.py:839} INFO - DAG(s) dict_keys(['example_kubernetes_executor']) retrieved from /home/airflow/.local/lib/python3.10/site-packages/airflow/example_dags/example_kubernetes_executor.py
[2025-06-02T23:05:00.558+0000] {logging_mixin.py:154} INFO - [2025-06-02T23:05:00.558+0000] {dag.py:2941} INFO - Sync 1 DAGs
[2025-06-02T23:05:00.571+0000] {logging_mixin.py:154} INFO - [2025-06-02T23:05:00.571+0000] {dag.py:3722} INFO - Setting next_dagrun for example_kubernetes_executor to None, run_after=None
[2025-06-02T23:05:00.597+0000] {processor.py:179} INFO - Processing /home/airflow/.local/lib/python3.10/site-packages/airflow/example_dags/example_kubernetes_executor.py took 0.107 seconds
[2025-06-02T23:05:32.570+0000] {processor.py:157} INFO - Started process (PID=226) to work on /home/airflow/.local/lib/python3.10/site-packages/airflow/example_dags/example_kubernetes_executor.py
[2025-06-02T23:05:32.572+0000] {processor.py:829} INFO - Processing file /home/airflow/.local/lib/python3.10/site-packages/airflow/example_dags/example_kubernetes_executor.py for tasks to queue
[2025-06-02T23:05:32.574+0000] {logging_mixin.py:154} INFO - [2025-06-02T23:05:32.574+0000] {dagbag.py:536} INFO - Filling up the DagBag from /home/airflow/.local/lib/python3.10/site-packages/airflow/example_dags/example_kubernetes_executor.py
[2025-06-02T23:05:32.594+0000] {processor.py:839} INFO - DAG(s) dict_keys(['example_kubernetes_executor']) retrieved from /home/airflow/.local/lib/python3.10/site-packages/airflow/example_dags/example_kubernetes_executor.py
[2025-06-02T23:05:32.643+0000] {logging_mixin.py:154} INFO - [2025-06-02T23:05:32.643+0000] {dag.py:2941} INFO - Sync 1 DAGs
[2025-06-02T23:05:32.659+0000] {logging_mixin.py:154} INFO - [2025-06-02T23:05:32.659+0000] {dag.py:3722} INFO - Setting next_dagrun for example_kubernetes_executor to None, run_after=None
[2025-06-02T23:05:32.686+0000] {processor.py:179} INFO - Processing /home/airflow/.local/lib/python3.10/site-packages/airflow/example_dags/example_kubernetes_executor.py took 0.121 seconds
[2025-06-02T23:06:06.867+0000] {processor.py:157} INFO - Started process (PID=282) to work on /home/airflow/.local/lib/python3.10/site-packages/airflow/example_dags/example_kubernetes_executor.py
[2025-06-02T23:06:06.872+0000] {processor.py:829} INFO - Processing file /home/airflow/.local/lib/python3.10/site-packages/airflow/example_dags/example_kubernetes_executor.py for tasks to queue
[2025-06-02T23:06:06.875+0000] {logging_mixin.py:154} INFO - [2025-06-02T23:06:06.875+0000] {dagbag.py:536} INFO - Filling up the DagBag from /home/airflow/.local/lib/python3.10/site-packages/airflow/example_dags/example_kubernetes_executor.py
[2025-06-02T23:06:06.895+0000] {processor.py:839} INFO - DAG(s) dict_keys(['example_kubernetes_executor']) retrieved from /home/airflow/.local/lib/python3.10/site-packages/airflow/example_dags/example_kubernetes_executor.py
[2025-06-02T23:06:06.933+0000] {logging_mixin.py:154} INFO - [2025-06-02T23:06:06.933+0000] {dag.py:2941} INFO - Sync 1 DAGs
[2025-06-02T23:06:06.949+0000] {logging_mixin.py:154} INFO - [2025-06-02T23:06:06.949+0000] {dag.py:3722} INFO - Setting next_dagrun for example_kubernetes_executor to None, run_after=None
[2025-06-02T23:06:06.977+0000] {processor.py:179} INFO - Processing /home/airflow/.local/lib/python3.10/site-packages/airflow/example_dags/example_kubernetes_executor.py took 0.115 seconds
[2025-06-02T23:06:39.504+0000] {processor.py:157} INFO - Started process (PID=338) to work on /home/airflow/.local/lib/python3.10/site-packages/airflow/example_dags/example_kubernetes_executor.py
[2025-06-02T23:06:39.511+0000] {processor.py:829} INFO - Processing file /home/airflow/.local/lib/python3.10/site-packages/airflow/example_dags/example_kubernetes_executor.py for tasks to queue
[2025-06-02T23:06:39.517+0000] {logging_mixin.py:154} INFO - [2025-06-02T23:06:39.513+0000] {dagbag.py:536} INFO - Filling up the DagBag from /home/airflow/.local/lib/python3.10/site-packages/airflow/example_dags/example_kubernetes_executor.py
[2025-06-02T23:06:39.627+0000] {processor.py:839} INFO - DAG(s) dict_keys(['example_kubernetes_executor']) retrieved from /home/airflow/.local/lib/python3.10/site-packages/airflow/example_dags/example_kubernetes_executor.py
[2025-06-02T23:06:39.862+0000] {logging_mixin.py:154} INFO - [2025-06-02T23:06:39.862+0000] {dag.py:2941} INFO - Sync 1 DAGs
[2025-06-02T23:06:39.905+0000] {logging_mixin.py:154} INFO - [2025-06-02T23:06:39.904+0000] {dag.py:3722} INFO - Setting next_dagrun for example_kubernetes_executor to None, run_after=None
[2025-06-02T23:06:39.995+0000] {processor.py:179} INFO - Processing /home/airflow/.local/lib/python3.10/site-packages/airflow/example_dags/example_kubernetes_executor.py took 0.537 seconds
[2025-06-02T23:07:10.434+0000] {processor.py:157} INFO - Started process (PID=401) to work on /home/airflow/.local/lib/python3.10/site-packages/airflow/example_dags/example_kubernetes_executor.py
[2025-06-02T23:07:10.438+0000] {processor.py:829} INFO - Processing file /home/airflow/.local/lib/python3.10/site-packages/airflow/example_dags/example_kubernetes_executor.py for tasks to queue
[2025-06-02T23:07:10.451+0000] {logging_mixin.py:154} INFO - [2025-06-02T23:07:10.450+0000] {dagbag.py:536} INFO - Filling up the DagBag from /home/airflow/.local/lib/python3.10/site-packages/airflow/example_dags/example_kubernetes_executor.py
[2025-06-02T23:07:10.474+0000] {processor.py:839} INFO - DAG(s) dict_keys(['example_kubernetes_executor']) retrieved from /home/airflow/.local/lib/python3.10/site-packages/airflow/example_dags/example_kubernetes_executor.py
[2025-06-02T23:07:10.565+0000] {logging_mixin.py:154} INFO - [2025-06-02T23:07:10.565+0000] {dag.py:2941} INFO - Sync 1 DAGs
[2025-06-02T23:07:10.582+0000] {logging_mixin.py:154} INFO - [2025-06-02T23:07:10.582+0000] {dag.py:3722} INFO - Setting next_dagrun for example_kubernetes_executor to None, run_after=None
[2025-06-02T23:07:10.619+0000] {processor.py:179} INFO - Processing /home/airflow/.local/lib/python3.10/site-packages/airflow/example_dags/example_kubernetes_executor.py took 0.190 seconds
