[2025-06-02T21:59:57.271+0000] {processor.py:157} INFO - Started process (PID=46) to work on /home/airflow/.local/lib/python3.10/site-packages/airflow/example_dags/example_local_kubernetes_executor.py
[2025-06-02T21:59:57.278+0000] {processor.py:829} INFO - Processing file /home/airflow/.local/lib/python3.10/site-packages/airflow/example_dags/example_local_kubernetes_executor.py for tasks to queue
[2025-06-02T21:59:57.286+0000] {logging_mixin.py:154} INFO - [2025-06-02T21:59:57.286+0000] {dagbag.py:536} INFO - Filling up the DagBag from /home/airflow/.local/lib/python3.10/site-packages/airflow/example_dags/example_local_kubernetes_executor.py
[2025-06-02T21:59:57.336+0000] {processor.py:839} INFO - DAG(s) dict_keys(['example_local_kubernetes_executor']) retrieved from /home/airflow/.local/lib/python3.10/site-packages/airflow/example_dags/example_local_kubernetes_executor.py
[2025-06-02T21:59:57.911+0000] {logging_mixin.py:154} INFO - [2025-06-02T21:59:57.911+0000] {manager.py:499} INFO - Created Permission View: %s
[2025-06-02T21:59:57.946+0000] {logging_mixin.py:154} INFO - [2025-06-02T21:59:57.945+0000] {manager.py:499} INFO - Created Permission View: %s
[2025-06-02T21:59:57.969+0000] {logging_mixin.py:154} INFO - [2025-06-02T21:59:57.969+0000] {manager.py:499} INFO - Created Permission View: %s
[2025-06-02T21:59:57.970+0000] {logging_mixin.py:154} INFO - [2025-06-02T21:59:57.970+0000] {dag.py:2941} INFO - Sync 1 DAGs
[2025-06-02T21:59:58.006+0000] {logging_mixin.py:154} INFO - [2025-06-02T21:59:58.006+0000] {dag.py:2963} INFO - Creating ORM DAG for example_local_kubernetes_executor
[2025-06-02T21:59:58.014+0000] {logging_mixin.py:154} INFO - [2025-06-02T21:59:58.014+0000] {dag.py:3722} INFO - Setting next_dagrun for example_local_kubernetes_executor to None, run_after=None
[2025-06-02T21:59:58.074+0000] {processor.py:179} INFO - Processing /home/airflow/.local/lib/python3.10/site-packages/airflow/example_dags/example_local_kubernetes_executor.py took 0.822 seconds
[2025-06-02T22:00:28.697+0000] {processor.py:157} INFO - Started process (PID=100) to work on /home/airflow/.local/lib/python3.10/site-packages/airflow/example_dags/example_local_kubernetes_executor.py
[2025-06-02T22:00:28.700+0000] {processor.py:829} INFO - Processing file /home/airflow/.local/lib/python3.10/site-packages/airflow/example_dags/example_local_kubernetes_executor.py for tasks to queue
[2025-06-02T22:00:28.703+0000] {logging_mixin.py:154} INFO - [2025-06-02T22:00:28.703+0000] {dagbag.py:536} INFO - Filling up the DagBag from /home/airflow/.local/lib/python3.10/site-packages/airflow/example_dags/example_local_kubernetes_executor.py
[2025-06-02T22:00:28.715+0000] {processor.py:839} INFO - DAG(s) dict_keys(['example_local_kubernetes_executor']) retrieved from /home/airflow/.local/lib/python3.10/site-packages/airflow/example_dags/example_local_kubernetes_executor.py
[2025-06-02T22:00:28.768+0000] {logging_mixin.py:154} INFO - [2025-06-02T22:00:28.768+0000] {dag.py:2941} INFO - Sync 1 DAGs
[2025-06-02T22:00:28.784+0000] {logging_mixin.py:154} INFO - [2025-06-02T22:00:28.784+0000] {dag.py:3722} INFO - Setting next_dagrun for example_local_kubernetes_executor to None, run_after=None
[2025-06-02T22:00:28.808+0000] {processor.py:179} INFO - Processing /home/airflow/.local/lib/python3.10/site-packages/airflow/example_dags/example_local_kubernetes_executor.py took 0.116 seconds
[2025-06-02T22:00:59.026+0000] {processor.py:157} INFO - Started process (PID=154) to work on /home/airflow/.local/lib/python3.10/site-packages/airflow/example_dags/example_local_kubernetes_executor.py
[2025-06-02T22:00:59.027+0000] {processor.py:829} INFO - Processing file /home/airflow/.local/lib/python3.10/site-packages/airflow/example_dags/example_local_kubernetes_executor.py for tasks to queue
[2025-06-02T22:00:59.030+0000] {logging_mixin.py:154} INFO - [2025-06-02T22:00:59.030+0000] {dagbag.py:536} INFO - Filling up the DagBag from /home/airflow/.local/lib/python3.10/site-packages/airflow/example_dags/example_local_kubernetes_executor.py
[2025-06-02T22:00:59.042+0000] {processor.py:839} INFO - DAG(s) dict_keys(['example_local_kubernetes_executor']) retrieved from /home/airflow/.local/lib/python3.10/site-packages/airflow/example_dags/example_local_kubernetes_executor.py
[2025-06-02T22:00:59.089+0000] {logging_mixin.py:154} INFO - [2025-06-02T22:00:59.089+0000] {dag.py:2941} INFO - Sync 1 DAGs
[2025-06-02T22:00:59.109+0000] {logging_mixin.py:154} INFO - [2025-06-02T22:00:59.109+0000] {dag.py:3722} INFO - Setting next_dagrun for example_local_kubernetes_executor to None, run_after=None
[2025-06-02T22:00:59.131+0000] {processor.py:179} INFO - Processing /home/airflow/.local/lib/python3.10/site-packages/airflow/example_dags/example_local_kubernetes_executor.py took 0.109 seconds
[2025-06-02T22:01:29.710+0000] {processor.py:157} INFO - Started process (PID=208) to work on /home/airflow/.local/lib/python3.10/site-packages/airflow/example_dags/example_local_kubernetes_executor.py
[2025-06-02T22:01:29.712+0000] {processor.py:829} INFO - Processing file /home/airflow/.local/lib/python3.10/site-packages/airflow/example_dags/example_local_kubernetes_executor.py for tasks to queue
[2025-06-02T22:01:29.715+0000] {logging_mixin.py:154} INFO - [2025-06-02T22:01:29.715+0000] {dagbag.py:536} INFO - Filling up the DagBag from /home/airflow/.local/lib/python3.10/site-packages/airflow/example_dags/example_local_kubernetes_executor.py
[2025-06-02T22:01:29.726+0000] {processor.py:839} INFO - DAG(s) dict_keys(['example_local_kubernetes_executor']) retrieved from /home/airflow/.local/lib/python3.10/site-packages/airflow/example_dags/example_local_kubernetes_executor.py
[2025-06-02T22:01:29.774+0000] {logging_mixin.py:154} INFO - [2025-06-02T22:01:29.774+0000] {dag.py:2941} INFO - Sync 1 DAGs
[2025-06-02T22:01:29.794+0000] {logging_mixin.py:154} INFO - [2025-06-02T22:01:29.793+0000] {dag.py:3722} INFO - Setting next_dagrun for example_local_kubernetes_executor to None, run_after=None
[2025-06-02T22:01:29.823+0000] {processor.py:179} INFO - Processing /home/airflow/.local/lib/python3.10/site-packages/airflow/example_dags/example_local_kubernetes_executor.py took 0.118 seconds
[2025-06-02T22:02:00.283+0000] {processor.py:157} INFO - Started process (PID=263) to work on /home/airflow/.local/lib/python3.10/site-packages/airflow/example_dags/example_local_kubernetes_executor.py
[2025-06-02T22:02:00.284+0000] {processor.py:829} INFO - Processing file /home/airflow/.local/lib/python3.10/site-packages/airflow/example_dags/example_local_kubernetes_executor.py for tasks to queue
[2025-06-02T22:02:00.287+0000] {logging_mixin.py:154} INFO - [2025-06-02T22:02:00.287+0000] {dagbag.py:536} INFO - Filling up the DagBag from /home/airflow/.local/lib/python3.10/site-packages/airflow/example_dags/example_local_kubernetes_executor.py
[2025-06-02T22:02:00.298+0000] {processor.py:839} INFO - DAG(s) dict_keys(['example_local_kubernetes_executor']) retrieved from /home/airflow/.local/lib/python3.10/site-packages/airflow/example_dags/example_local_kubernetes_executor.py
[2025-06-02T22:02:00.349+0000] {logging_mixin.py:154} INFO - [2025-06-02T22:02:00.349+0000] {dag.py:2941} INFO - Sync 1 DAGs
[2025-06-02T22:02:00.387+0000] {logging_mixin.py:154} INFO - [2025-06-02T22:02:00.386+0000] {dag.py:3722} INFO - Setting next_dagrun for example_local_kubernetes_executor to None, run_after=None
[2025-06-02T22:02:00.447+0000] {processor.py:179} INFO - Processing /home/airflow/.local/lib/python3.10/site-packages/airflow/example_dags/example_local_kubernetes_executor.py took 0.169 seconds
[2025-06-02T22:02:31.160+0000] {processor.py:157} INFO - Started process (PID=316) to work on /home/airflow/.local/lib/python3.10/site-packages/airflow/example_dags/example_local_kubernetes_executor.py
[2025-06-02T22:02:31.161+0000] {processor.py:829} INFO - Processing file /home/airflow/.local/lib/python3.10/site-packages/airflow/example_dags/example_local_kubernetes_executor.py for tasks to queue
[2025-06-02T22:02:31.165+0000] {logging_mixin.py:154} INFO - [2025-06-02T22:02:31.164+0000] {dagbag.py:536} INFO - Filling up the DagBag from /home/airflow/.local/lib/python3.10/site-packages/airflow/example_dags/example_local_kubernetes_executor.py
[2025-06-02T22:02:31.176+0000] {processor.py:839} INFO - DAG(s) dict_keys(['example_local_kubernetes_executor']) retrieved from /home/airflow/.local/lib/python3.10/site-packages/airflow/example_dags/example_local_kubernetes_executor.py
[2025-06-02T22:02:31.226+0000] {logging_mixin.py:154} INFO - [2025-06-02T22:02:31.226+0000] {dag.py:2941} INFO - Sync 1 DAGs
[2025-06-02T22:02:31.244+0000] {logging_mixin.py:154} INFO - [2025-06-02T22:02:31.244+0000] {dag.py:3722} INFO - Setting next_dagrun for example_local_kubernetes_executor to None, run_after=None
[2025-06-02T22:02:31.274+0000] {processor.py:179} INFO - Processing /home/airflow/.local/lib/python3.10/site-packages/airflow/example_dags/example_local_kubernetes_executor.py took 0.119 seconds
[2025-06-02T22:03:01.494+0000] {processor.py:157} INFO - Started process (PID=370) to work on /home/airflow/.local/lib/python3.10/site-packages/airflow/example_dags/example_local_kubernetes_executor.py
[2025-06-02T22:03:01.495+0000] {processor.py:829} INFO - Processing file /home/airflow/.local/lib/python3.10/site-packages/airflow/example_dags/example_local_kubernetes_executor.py for tasks to queue
[2025-06-02T22:03:01.498+0000] {logging_mixin.py:154} INFO - [2025-06-02T22:03:01.497+0000] {dagbag.py:536} INFO - Filling up the DagBag from /home/airflow/.local/lib/python3.10/site-packages/airflow/example_dags/example_local_kubernetes_executor.py
[2025-06-02T22:03:01.541+0000] {processor.py:839} INFO - DAG(s) dict_keys(['example_local_kubernetes_executor']) retrieved from /home/airflow/.local/lib/python3.10/site-packages/airflow/example_dags/example_local_kubernetes_executor.py
[2025-06-02T22:03:01.707+0000] {logging_mixin.py:154} INFO - [2025-06-02T22:03:01.707+0000] {dag.py:2941} INFO - Sync 1 DAGs
[2025-06-02T22:03:01.756+0000] {logging_mixin.py:154} INFO - [2025-06-02T22:03:01.756+0000] {dag.py:3722} INFO - Setting next_dagrun for example_local_kubernetes_executor to None, run_after=None
[2025-06-02T22:03:01.829+0000] {processor.py:179} INFO - Processing /home/airflow/.local/lib/python3.10/site-packages/airflow/example_dags/example_local_kubernetes_executor.py took 0.360 seconds
[2025-06-02T22:03:32.766+0000] {processor.py:157} INFO - Started process (PID=425) to work on /home/airflow/.local/lib/python3.10/site-packages/airflow/example_dags/example_local_kubernetes_executor.py
[2025-06-02T22:03:32.768+0000] {processor.py:829} INFO - Processing file /home/airflow/.local/lib/python3.10/site-packages/airflow/example_dags/example_local_kubernetes_executor.py for tasks to queue
[2025-06-02T22:03:32.772+0000] {logging_mixin.py:154} INFO - [2025-06-02T22:03:32.771+0000] {dagbag.py:536} INFO - Filling up the DagBag from /home/airflow/.local/lib/python3.10/site-packages/airflow/example_dags/example_local_kubernetes_executor.py
[2025-06-02T22:03:32.782+0000] {processor.py:839} INFO - DAG(s) dict_keys(['example_local_kubernetes_executor']) retrieved from /home/airflow/.local/lib/python3.10/site-packages/airflow/example_dags/example_local_kubernetes_executor.py
[2025-06-02T22:03:32.891+0000] {logging_mixin.py:154} INFO - [2025-06-02T22:03:32.891+0000] {dag.py:2941} INFO - Sync 1 DAGs
[2025-06-02T22:03:32.928+0000] {logging_mixin.py:154} INFO - [2025-06-02T22:03:32.927+0000] {dag.py:3722} INFO - Setting next_dagrun for example_local_kubernetes_executor to None, run_after=None
[2025-06-02T22:03:32.975+0000] {processor.py:179} INFO - Processing /home/airflow/.local/lib/python3.10/site-packages/airflow/example_dags/example_local_kubernetes_executor.py took 0.214 seconds
[2025-06-02T22:04:03.075+0000] {processor.py:157} INFO - Started process (PID=479) to work on /home/airflow/.local/lib/python3.10/site-packages/airflow/example_dags/example_local_kubernetes_executor.py
[2025-06-02T22:04:03.076+0000] {processor.py:829} INFO - Processing file /home/airflow/.local/lib/python3.10/site-packages/airflow/example_dags/example_local_kubernetes_executor.py for tasks to queue
[2025-06-02T22:04:03.078+0000] {logging_mixin.py:154} INFO - [2025-06-02T22:04:03.078+0000] {dagbag.py:536} INFO - Filling up the DagBag from /home/airflow/.local/lib/python3.10/site-packages/airflow/example_dags/example_local_kubernetes_executor.py
[2025-06-02T22:04:03.086+0000] {processor.py:839} INFO - DAG(s) dict_keys(['example_local_kubernetes_executor']) retrieved from /home/airflow/.local/lib/python3.10/site-packages/airflow/example_dags/example_local_kubernetes_executor.py
[2025-06-02T22:04:03.124+0000] {logging_mixin.py:154} INFO - [2025-06-02T22:04:03.124+0000] {dag.py:2941} INFO - Sync 1 DAGs
[2025-06-02T22:04:03.137+0000] {logging_mixin.py:154} INFO - [2025-06-02T22:04:03.137+0000] {dag.py:3722} INFO - Setting next_dagrun for example_local_kubernetes_executor to None, run_after=None
[2025-06-02T22:04:03.158+0000] {processor.py:179} INFO - Processing /home/airflow/.local/lib/python3.10/site-packages/airflow/example_dags/example_local_kubernetes_executor.py took 0.087 seconds
[2025-06-02T22:04:33.269+0000] {processor.py:157} INFO - Started process (PID=533) to work on /home/airflow/.local/lib/python3.10/site-packages/airflow/example_dags/example_local_kubernetes_executor.py
[2025-06-02T22:04:33.271+0000] {processor.py:829} INFO - Processing file /home/airflow/.local/lib/python3.10/site-packages/airflow/example_dags/example_local_kubernetes_executor.py for tasks to queue
[2025-06-02T22:04:33.273+0000] {logging_mixin.py:154} INFO - [2025-06-02T22:04:33.273+0000] {dagbag.py:536} INFO - Filling up the DagBag from /home/airflow/.local/lib/python3.10/site-packages/airflow/example_dags/example_local_kubernetes_executor.py
[2025-06-02T22:04:33.281+0000] {processor.py:839} INFO - DAG(s) dict_keys(['example_local_kubernetes_executor']) retrieved from /home/airflow/.local/lib/python3.10/site-packages/airflow/example_dags/example_local_kubernetes_executor.py
[2025-06-02T22:04:33.318+0000] {logging_mixin.py:154} INFO - [2025-06-02T22:04:33.318+0000] {dag.py:2941} INFO - Sync 1 DAGs
[2025-06-02T22:04:33.330+0000] {logging_mixin.py:154} INFO - [2025-06-02T22:04:33.330+0000] {dag.py:3722} INFO - Setting next_dagrun for example_local_kubernetes_executor to None, run_after=None
[2025-06-02T22:04:33.353+0000] {processor.py:179} INFO - Processing /home/airflow/.local/lib/python3.10/site-packages/airflow/example_dags/example_local_kubernetes_executor.py took 0.088 seconds
[2025-06-02T22:05:03.537+0000] {processor.py:157} INFO - Started process (PID=587) to work on /home/airflow/.local/lib/python3.10/site-packages/airflow/example_dags/example_local_kubernetes_executor.py
[2025-06-02T22:05:03.539+0000] {processor.py:829} INFO - Processing file /home/airflow/.local/lib/python3.10/site-packages/airflow/example_dags/example_local_kubernetes_executor.py for tasks to queue
[2025-06-02T22:05:03.542+0000] {logging_mixin.py:154} INFO - [2025-06-02T22:05:03.542+0000] {dagbag.py:536} INFO - Filling up the DagBag from /home/airflow/.local/lib/python3.10/site-packages/airflow/example_dags/example_local_kubernetes_executor.py
[2025-06-02T22:05:03.553+0000] {processor.py:839} INFO - DAG(s) dict_keys(['example_local_kubernetes_executor']) retrieved from /home/airflow/.local/lib/python3.10/site-packages/airflow/example_dags/example_local_kubernetes_executor.py
[2025-06-02T22:05:03.635+0000] {logging_mixin.py:154} INFO - [2025-06-02T22:05:03.634+0000] {dag.py:2941} INFO - Sync 1 DAGs
[2025-06-02T22:05:03.653+0000] {logging_mixin.py:154} INFO - [2025-06-02T22:05:03.653+0000] {dag.py:3722} INFO - Setting next_dagrun for example_local_kubernetes_executor to None, run_after=None
[2025-06-02T22:05:03.704+0000] {processor.py:179} INFO - Processing /home/airflow/.local/lib/python3.10/site-packages/airflow/example_dags/example_local_kubernetes_executor.py took 0.171 seconds
[2025-06-02T22:05:33.797+0000] {processor.py:157} INFO - Started process (PID=642) to work on /home/airflow/.local/lib/python3.10/site-packages/airflow/example_dags/example_local_kubernetes_executor.py
[2025-06-02T22:05:33.799+0000] {processor.py:829} INFO - Processing file /home/airflow/.local/lib/python3.10/site-packages/airflow/example_dags/example_local_kubernetes_executor.py for tasks to queue
[2025-06-02T22:05:33.802+0000] {logging_mixin.py:154} INFO - [2025-06-02T22:05:33.801+0000] {dagbag.py:536} INFO - Filling up the DagBag from /home/airflow/.local/lib/python3.10/site-packages/airflow/example_dags/example_local_kubernetes_executor.py
[2025-06-02T22:05:33.812+0000] {processor.py:839} INFO - DAG(s) dict_keys(['example_local_kubernetes_executor']) retrieved from /home/airflow/.local/lib/python3.10/site-packages/airflow/example_dags/example_local_kubernetes_executor.py
[2025-06-02T22:05:33.865+0000] {logging_mixin.py:154} INFO - [2025-06-02T22:05:33.865+0000] {dag.py:2941} INFO - Sync 1 DAGs
[2025-06-02T22:05:33.924+0000] {logging_mixin.py:154} INFO - [2025-06-02T22:05:33.924+0000] {dag.py:3722} INFO - Setting next_dagrun for example_local_kubernetes_executor to None, run_after=None
[2025-06-02T22:05:33.967+0000] {processor.py:179} INFO - Processing /home/airflow/.local/lib/python3.10/site-packages/airflow/example_dags/example_local_kubernetes_executor.py took 0.174 seconds
[2025-06-02T22:06:04.040+0000] {processor.py:157} INFO - Started process (PID=696) to work on /home/airflow/.local/lib/python3.10/site-packages/airflow/example_dags/example_local_kubernetes_executor.py
[2025-06-02T22:06:04.041+0000] {processor.py:829} INFO - Processing file /home/airflow/.local/lib/python3.10/site-packages/airflow/example_dags/example_local_kubernetes_executor.py for tasks to queue
[2025-06-02T22:06:04.044+0000] {logging_mixin.py:154} INFO - [2025-06-02T22:06:04.043+0000] {dagbag.py:536} INFO - Filling up the DagBag from /home/airflow/.local/lib/python3.10/site-packages/airflow/example_dags/example_local_kubernetes_executor.py
[2025-06-02T22:06:04.052+0000] {processor.py:839} INFO - DAG(s) dict_keys(['example_local_kubernetes_executor']) retrieved from /home/airflow/.local/lib/python3.10/site-packages/airflow/example_dags/example_local_kubernetes_executor.py
[2025-06-02T22:06:04.089+0000] {logging_mixin.py:154} INFO - [2025-06-02T22:06:04.089+0000] {dag.py:2941} INFO - Sync 1 DAGs
[2025-06-02T22:06:04.103+0000] {logging_mixin.py:154} INFO - [2025-06-02T22:06:04.103+0000] {dag.py:3722} INFO - Setting next_dagrun for example_local_kubernetes_executor to None, run_after=None
[2025-06-02T22:06:04.121+0000] {processor.py:179} INFO - Processing /home/airflow/.local/lib/python3.10/site-packages/airflow/example_dags/example_local_kubernetes_executor.py took 0.085 seconds
[2025-06-02T22:06:34.544+0000] {processor.py:157} INFO - Started process (PID=749) to work on /home/airflow/.local/lib/python3.10/site-packages/airflow/example_dags/example_local_kubernetes_executor.py
[2025-06-02T22:06:34.545+0000] {processor.py:829} INFO - Processing file /home/airflow/.local/lib/python3.10/site-packages/airflow/example_dags/example_local_kubernetes_executor.py for tasks to queue
[2025-06-02T22:06:34.548+0000] {logging_mixin.py:154} INFO - [2025-06-02T22:06:34.547+0000] {dagbag.py:536} INFO - Filling up the DagBag from /home/airflow/.local/lib/python3.10/site-packages/airflow/example_dags/example_local_kubernetes_executor.py
[2025-06-02T22:06:34.558+0000] {processor.py:839} INFO - DAG(s) dict_keys(['example_local_kubernetes_executor']) retrieved from /home/airflow/.local/lib/python3.10/site-packages/airflow/example_dags/example_local_kubernetes_executor.py
[2025-06-02T22:06:34.669+0000] {logging_mixin.py:154} INFO - [2025-06-02T22:06:34.669+0000] {dag.py:2941} INFO - Sync 1 DAGs
[2025-06-02T22:06:34.704+0000] {logging_mixin.py:154} INFO - [2025-06-02T22:06:34.703+0000] {dag.py:3722} INFO - Setting next_dagrun for example_local_kubernetes_executor to None, run_after=None
[2025-06-02T22:06:34.731+0000] {processor.py:179} INFO - Processing /home/airflow/.local/lib/python3.10/site-packages/airflow/example_dags/example_local_kubernetes_executor.py took 0.192 seconds
[2025-06-02T22:07:05.256+0000] {processor.py:157} INFO - Started process (PID=804) to work on /home/airflow/.local/lib/python3.10/site-packages/airflow/example_dags/example_local_kubernetes_executor.py
[2025-06-02T22:07:05.257+0000] {processor.py:829} INFO - Processing file /home/airflow/.local/lib/python3.10/site-packages/airflow/example_dags/example_local_kubernetes_executor.py for tasks to queue
[2025-06-02T22:07:05.260+0000] {logging_mixin.py:154} INFO - [2025-06-02T22:07:05.260+0000] {dagbag.py:536} INFO - Filling up the DagBag from /home/airflow/.local/lib/python3.10/site-packages/airflow/example_dags/example_local_kubernetes_executor.py
[2025-06-02T22:07:05.271+0000] {processor.py:839} INFO - DAG(s) dict_keys(['example_local_kubernetes_executor']) retrieved from /home/airflow/.local/lib/python3.10/site-packages/airflow/example_dags/example_local_kubernetes_executor.py
[2025-06-02T22:07:05.323+0000] {logging_mixin.py:154} INFO - [2025-06-02T22:07:05.323+0000] {dag.py:2941} INFO - Sync 1 DAGs
[2025-06-02T22:07:05.341+0000] {logging_mixin.py:154} INFO - [2025-06-02T22:07:05.341+0000] {dag.py:3722} INFO - Setting next_dagrun for example_local_kubernetes_executor to None, run_after=None
[2025-06-02T22:07:05.370+0000] {processor.py:179} INFO - Processing /home/airflow/.local/lib/python3.10/site-packages/airflow/example_dags/example_local_kubernetes_executor.py took 0.119 seconds
[2025-06-02T22:07:35.508+0000] {processor.py:157} INFO - Started process (PID=858) to work on /home/airflow/.local/lib/python3.10/site-packages/airflow/example_dags/example_local_kubernetes_executor.py
[2025-06-02T22:07:35.512+0000] {processor.py:829} INFO - Processing file /home/airflow/.local/lib/python3.10/site-packages/airflow/example_dags/example_local_kubernetes_executor.py for tasks to queue
[2025-06-02T22:07:35.517+0000] {logging_mixin.py:154} INFO - [2025-06-02T22:07:35.516+0000] {dagbag.py:536} INFO - Filling up the DagBag from /home/airflow/.local/lib/python3.10/site-packages/airflow/example_dags/example_local_kubernetes_executor.py
[2025-06-02T22:07:35.528+0000] {processor.py:839} INFO - DAG(s) dict_keys(['example_local_kubernetes_executor']) retrieved from /home/airflow/.local/lib/python3.10/site-packages/airflow/example_dags/example_local_kubernetes_executor.py
[2025-06-02T22:07:35.579+0000] {logging_mixin.py:154} INFO - [2025-06-02T22:07:35.578+0000] {dag.py:2941} INFO - Sync 1 DAGs
[2025-06-02T22:07:35.596+0000] {logging_mixin.py:154} INFO - [2025-06-02T22:07:35.596+0000] {dag.py:3722} INFO - Setting next_dagrun for example_local_kubernetes_executor to None, run_after=None
[2025-06-02T22:07:35.626+0000] {processor.py:179} INFO - Processing /home/airflow/.local/lib/python3.10/site-packages/airflow/example_dags/example_local_kubernetes_executor.py took 0.123 seconds
[2025-06-02T22:08:06.739+0000] {processor.py:157} INFO - Started process (PID=912) to work on /home/airflow/.local/lib/python3.10/site-packages/airflow/example_dags/example_local_kubernetes_executor.py
[2025-06-02T22:08:06.740+0000] {processor.py:829} INFO - Processing file /home/airflow/.local/lib/python3.10/site-packages/airflow/example_dags/example_local_kubernetes_executor.py for tasks to queue
[2025-06-02T22:08:06.743+0000] {logging_mixin.py:154} INFO - [2025-06-02T22:08:06.743+0000] {dagbag.py:536} INFO - Filling up the DagBag from /home/airflow/.local/lib/python3.10/site-packages/airflow/example_dags/example_local_kubernetes_executor.py
[2025-06-02T22:08:06.754+0000] {processor.py:839} INFO - DAG(s) dict_keys(['example_local_kubernetes_executor']) retrieved from /home/airflow/.local/lib/python3.10/site-packages/airflow/example_dags/example_local_kubernetes_executor.py
[2025-06-02T22:08:06.809+0000] {logging_mixin.py:154} INFO - [2025-06-02T22:08:06.809+0000] {dag.py:2941} INFO - Sync 1 DAGs
[2025-06-02T22:08:07.115+0000] {logging_mixin.py:154} INFO - [2025-06-02T22:08:07.114+0000] {dag.py:3722} INFO - Setting next_dagrun for example_local_kubernetes_executor to None, run_after=None
[2025-06-02T22:08:07.155+0000] {processor.py:179} INFO - Processing /home/airflow/.local/lib/python3.10/site-packages/airflow/example_dags/example_local_kubernetes_executor.py took 0.420 seconds
[2025-06-02T22:08:37.710+0000] {processor.py:157} INFO - Started process (PID=966) to work on /home/airflow/.local/lib/python3.10/site-packages/airflow/example_dags/example_local_kubernetes_executor.py
[2025-06-02T22:08:37.722+0000] {processor.py:829} INFO - Processing file /home/airflow/.local/lib/python3.10/site-packages/airflow/example_dags/example_local_kubernetes_executor.py for tasks to queue
[2025-06-02T22:08:37.726+0000] {logging_mixin.py:154} INFO - [2025-06-02T22:08:37.725+0000] {dagbag.py:536} INFO - Filling up the DagBag from /home/airflow/.local/lib/python3.10/site-packages/airflow/example_dags/example_local_kubernetes_executor.py
[2025-06-02T22:08:37.746+0000] {processor.py:839} INFO - DAG(s) dict_keys(['example_local_kubernetes_executor']) retrieved from /home/airflow/.local/lib/python3.10/site-packages/airflow/example_dags/example_local_kubernetes_executor.py
[2025-06-02T22:08:37.825+0000] {logging_mixin.py:154} INFO - [2025-06-02T22:08:37.825+0000] {dag.py:2941} INFO - Sync 1 DAGs
[2025-06-02T22:08:37.843+0000] {logging_mixin.py:154} INFO - [2025-06-02T22:08:37.843+0000] {dag.py:3722} INFO - Setting next_dagrun for example_local_kubernetes_executor to None, run_after=None
[2025-06-02T22:08:37.882+0000] {processor.py:179} INFO - Processing /home/airflow/.local/lib/python3.10/site-packages/airflow/example_dags/example_local_kubernetes_executor.py took 0.181 seconds
[2025-06-02T22:09:08.991+0000] {processor.py:157} INFO - Started process (PID=1020) to work on /home/airflow/.local/lib/python3.10/site-packages/airflow/example_dags/example_local_kubernetes_executor.py
[2025-06-02T22:09:09.002+0000] {processor.py:829} INFO - Processing file /home/airflow/.local/lib/python3.10/site-packages/airflow/example_dags/example_local_kubernetes_executor.py for tasks to queue
[2025-06-02T22:09:09.006+0000] {logging_mixin.py:154} INFO - [2025-06-02T22:09:09.005+0000] {dagbag.py:536} INFO - Filling up the DagBag from /home/airflow/.local/lib/python3.10/site-packages/airflow/example_dags/example_local_kubernetes_executor.py
[2025-06-02T22:09:09.036+0000] {processor.py:839} INFO - DAG(s) dict_keys(['example_local_kubernetes_executor']) retrieved from /home/airflow/.local/lib/python3.10/site-packages/airflow/example_dags/example_local_kubernetes_executor.py
[2025-06-02T22:09:09.129+0000] {logging_mixin.py:154} INFO - [2025-06-02T22:09:09.128+0000] {dag.py:2941} INFO - Sync 1 DAGs
[2025-06-02T22:09:09.164+0000] {logging_mixin.py:154} INFO - [2025-06-02T22:09:09.163+0000] {dag.py:3722} INFO - Setting next_dagrun for example_local_kubernetes_executor to None, run_after=None
[2025-06-02T22:09:09.203+0000] {processor.py:179} INFO - Processing /home/airflow/.local/lib/python3.10/site-packages/airflow/example_dags/example_local_kubernetes_executor.py took 0.239 seconds
[2025-06-02T22:09:39.353+0000] {processor.py:157} INFO - Started process (PID=1074) to work on /home/airflow/.local/lib/python3.10/site-packages/airflow/example_dags/example_local_kubernetes_executor.py
[2025-06-02T22:09:39.354+0000] {processor.py:829} INFO - Processing file /home/airflow/.local/lib/python3.10/site-packages/airflow/example_dags/example_local_kubernetes_executor.py for tasks to queue
[2025-06-02T22:09:39.357+0000] {logging_mixin.py:154} INFO - [2025-06-02T22:09:39.357+0000] {dagbag.py:536} INFO - Filling up the DagBag from /home/airflow/.local/lib/python3.10/site-packages/airflow/example_dags/example_local_kubernetes_executor.py
[2025-06-02T22:09:39.368+0000] {processor.py:839} INFO - DAG(s) dict_keys(['example_local_kubernetes_executor']) retrieved from /home/airflow/.local/lib/python3.10/site-packages/airflow/example_dags/example_local_kubernetes_executor.py
[2025-06-02T22:09:39.751+0000] {logging_mixin.py:154} INFO - [2025-06-02T22:09:39.751+0000] {dag.py:2941} INFO - Sync 1 DAGs
[2025-06-02T22:09:39.771+0000] {logging_mixin.py:154} INFO - [2025-06-02T22:09:39.770+0000] {dag.py:3722} INFO - Setting next_dagrun for example_local_kubernetes_executor to None, run_after=None
[2025-06-02T22:09:39.795+0000] {processor.py:179} INFO - Processing /home/airflow/.local/lib/python3.10/site-packages/airflow/example_dags/example_local_kubernetes_executor.py took 0.447 seconds
[2025-06-02T22:10:10.401+0000] {processor.py:157} INFO - Started process (PID=1134) to work on /home/airflow/.local/lib/python3.10/site-packages/airflow/example_dags/example_local_kubernetes_executor.py
[2025-06-02T22:10:10.403+0000] {processor.py:829} INFO - Processing file /home/airflow/.local/lib/python3.10/site-packages/airflow/example_dags/example_local_kubernetes_executor.py for tasks to queue
[2025-06-02T22:10:10.406+0000] {logging_mixin.py:154} INFO - [2025-06-02T22:10:10.405+0000] {dagbag.py:536} INFO - Filling up the DagBag from /home/airflow/.local/lib/python3.10/site-packages/airflow/example_dags/example_local_kubernetes_executor.py
[2025-06-02T22:10:10.416+0000] {processor.py:839} INFO - DAG(s) dict_keys(['example_local_kubernetes_executor']) retrieved from /home/airflow/.local/lib/python3.10/site-packages/airflow/example_dags/example_local_kubernetes_executor.py
[2025-06-02T22:10:10.463+0000] {logging_mixin.py:154} INFO - [2025-06-02T22:10:10.463+0000] {dag.py:2941} INFO - Sync 1 DAGs
[2025-06-02T22:10:10.681+0000] {logging_mixin.py:154} INFO - [2025-06-02T22:10:10.681+0000] {dag.py:3722} INFO - Setting next_dagrun for example_local_kubernetes_executor to None, run_after=None
[2025-06-02T22:10:10.705+0000] {processor.py:179} INFO - Processing /home/airflow/.local/lib/python3.10/site-packages/airflow/example_dags/example_local_kubernetes_executor.py took 0.308 seconds
[2025-06-02T22:10:41.058+0000] {processor.py:157} INFO - Started process (PID=1188) to work on /home/airflow/.local/lib/python3.10/site-packages/airflow/example_dags/example_local_kubernetes_executor.py
[2025-06-02T22:10:41.059+0000] {processor.py:829} INFO - Processing file /home/airflow/.local/lib/python3.10/site-packages/airflow/example_dags/example_local_kubernetes_executor.py for tasks to queue
[2025-06-02T22:10:41.063+0000] {logging_mixin.py:154} INFO - [2025-06-02T22:10:41.062+0000] {dagbag.py:536} INFO - Filling up the DagBag from /home/airflow/.local/lib/python3.10/site-packages/airflow/example_dags/example_local_kubernetes_executor.py
[2025-06-02T22:10:41.073+0000] {processor.py:839} INFO - DAG(s) dict_keys(['example_local_kubernetes_executor']) retrieved from /home/airflow/.local/lib/python3.10/site-packages/airflow/example_dags/example_local_kubernetes_executor.py
[2025-06-02T22:10:41.127+0000] {logging_mixin.py:154} INFO - [2025-06-02T22:10:41.126+0000] {dag.py:2941} INFO - Sync 1 DAGs
[2025-06-02T22:10:41.144+0000] {logging_mixin.py:154} INFO - [2025-06-02T22:10:41.144+0000] {dag.py:3722} INFO - Setting next_dagrun for example_local_kubernetes_executor to None, run_after=None
[2025-06-02T22:10:41.166+0000] {processor.py:179} INFO - Processing /home/airflow/.local/lib/python3.10/site-packages/airflow/example_dags/example_local_kubernetes_executor.py took 0.113 seconds
[2025-06-02T23:03:27.189+0000] {processor.py:157} INFO - Started process (PID=48) to work on /home/airflow/.local/lib/python3.10/site-packages/airflow/example_dags/example_local_kubernetes_executor.py
[2025-06-02T23:03:27.195+0000] {processor.py:829} INFO - Processing file /home/airflow/.local/lib/python3.10/site-packages/airflow/example_dags/example_local_kubernetes_executor.py for tasks to queue
[2025-06-02T23:03:27.211+0000] {logging_mixin.py:154} INFO - [2025-06-02T23:03:27.206+0000] {dagbag.py:536} INFO - Filling up the DagBag from /home/airflow/.local/lib/python3.10/site-packages/airflow/example_dags/example_local_kubernetes_executor.py
[2025-06-02T23:03:27.240+0000] {processor.py:839} INFO - DAG(s) dict_keys(['example_local_kubernetes_executor']) retrieved from /home/airflow/.local/lib/python3.10/site-packages/airflow/example_dags/example_local_kubernetes_executor.py
[2025-06-02T23:03:27.465+0000] {logging_mixin.py:154} INFO - [2025-06-02T23:03:27.463+0000] {dag.py:2941} INFO - Sync 1 DAGs
[2025-06-02T23:03:27.526+0000] {logging_mixin.py:154} INFO - [2025-06-02T23:03:27.525+0000] {dag.py:3722} INFO - Setting next_dagrun for example_local_kubernetes_executor to None, run_after=None
[2025-06-02T23:03:27.615+0000] {processor.py:179} INFO - Processing /home/airflow/.local/lib/python3.10/site-packages/airflow/example_dags/example_local_kubernetes_executor.py took 0.453 seconds
[2025-06-02T23:03:57.874+0000] {processor.py:157} INFO - Started process (PID=40) to work on /home/airflow/.local/lib/python3.10/site-packages/airflow/example_dags/example_local_kubernetes_executor.py
[2025-06-02T23:03:57.877+0000] {processor.py:829} INFO - Processing file /home/airflow/.local/lib/python3.10/site-packages/airflow/example_dags/example_local_kubernetes_executor.py for tasks to queue
[2025-06-02T23:03:57.880+0000] {logging_mixin.py:154} INFO - [2025-06-02T23:03:57.879+0000] {dagbag.py:536} INFO - Filling up the DagBag from /home/airflow/.local/lib/python3.10/site-packages/airflow/example_dags/example_local_kubernetes_executor.py
[2025-06-02T23:03:57.893+0000] {processor.py:839} INFO - DAG(s) dict_keys(['example_local_kubernetes_executor']) retrieved from /home/airflow/.local/lib/python3.10/site-packages/airflow/example_dags/example_local_kubernetes_executor.py
[2025-06-02T23:03:57.946+0000] {logging_mixin.py:154} INFO - [2025-06-02T23:03:57.946+0000] {dag.py:2941} INFO - Sync 1 DAGs
[2025-06-02T23:03:57.963+0000] {logging_mixin.py:154} INFO - [2025-06-02T23:03:57.963+0000] {dag.py:3722} INFO - Setting next_dagrun for example_local_kubernetes_executor to None, run_after=None
[2025-06-02T23:03:57.987+0000] {processor.py:179} INFO - Processing /home/airflow/.local/lib/python3.10/site-packages/airflow/example_dags/example_local_kubernetes_executor.py took 0.117 seconds
[2025-06-02T23:04:28.697+0000] {processor.py:157} INFO - Started process (PID=96) to work on /home/airflow/.local/lib/python3.10/site-packages/airflow/example_dags/example_local_kubernetes_executor.py
[2025-06-02T23:04:28.699+0000] {processor.py:829} INFO - Processing file /home/airflow/.local/lib/python3.10/site-packages/airflow/example_dags/example_local_kubernetes_executor.py for tasks to queue
[2025-06-02T23:04:28.701+0000] {logging_mixin.py:154} INFO - [2025-06-02T23:04:28.701+0000] {dagbag.py:536} INFO - Filling up the DagBag from /home/airflow/.local/lib/python3.10/site-packages/airflow/example_dags/example_local_kubernetes_executor.py
[2025-06-02T23:04:28.709+0000] {processor.py:839} INFO - DAG(s) dict_keys(['example_local_kubernetes_executor']) retrieved from /home/airflow/.local/lib/python3.10/site-packages/airflow/example_dags/example_local_kubernetes_executor.py
[2025-06-02T23:04:28.744+0000] {logging_mixin.py:154} INFO - [2025-06-02T23:04:28.744+0000] {dag.py:2941} INFO - Sync 1 DAGs
[2025-06-02T23:04:28.756+0000] {logging_mixin.py:154} INFO - [2025-06-02T23:04:28.756+0000] {dag.py:3722} INFO - Setting next_dagrun for example_local_kubernetes_executor to None, run_after=None
[2025-06-02T23:04:28.778+0000] {processor.py:179} INFO - Processing /home/airflow/.local/lib/python3.10/site-packages/airflow/example_dags/example_local_kubernetes_executor.py took 0.085 seconds
[2025-06-02T23:04:59.148+0000] {processor.py:157} INFO - Started process (PID=152) to work on /home/airflow/.local/lib/python3.10/site-packages/airflow/example_dags/example_local_kubernetes_executor.py
[2025-06-02T23:04:59.149+0000] {processor.py:829} INFO - Processing file /home/airflow/.local/lib/python3.10/site-packages/airflow/example_dags/example_local_kubernetes_executor.py for tasks to queue
[2025-06-02T23:04:59.152+0000] {logging_mixin.py:154} INFO - [2025-06-02T23:04:59.152+0000] {dagbag.py:536} INFO - Filling up the DagBag from /home/airflow/.local/lib/python3.10/site-packages/airflow/example_dags/example_local_kubernetes_executor.py
[2025-06-02T23:04:59.161+0000] {processor.py:839} INFO - DAG(s) dict_keys(['example_local_kubernetes_executor']) retrieved from /home/airflow/.local/lib/python3.10/site-packages/airflow/example_dags/example_local_kubernetes_executor.py
[2025-06-02T23:04:59.206+0000] {logging_mixin.py:154} INFO - [2025-06-02T23:04:59.206+0000] {dag.py:2941} INFO - Sync 1 DAGs
[2025-06-02T23:04:59.223+0000] {logging_mixin.py:154} INFO - [2025-06-02T23:04:59.223+0000] {dag.py:3722} INFO - Setting next_dagrun for example_local_kubernetes_executor to None, run_after=None
[2025-06-02T23:04:59.251+0000] {processor.py:179} INFO - Processing /home/airflow/.local/lib/python3.10/site-packages/airflow/example_dags/example_local_kubernetes_executor.py took 0.108 seconds
[2025-06-02T23:05:31.254+0000] {processor.py:157} INFO - Started process (PID=208) to work on /home/airflow/.local/lib/python3.10/site-packages/airflow/example_dags/example_local_kubernetes_executor.py
[2025-06-02T23:05:31.258+0000] {processor.py:829} INFO - Processing file /home/airflow/.local/lib/python3.10/site-packages/airflow/example_dags/example_local_kubernetes_executor.py for tasks to queue
[2025-06-02T23:05:31.262+0000] {logging_mixin.py:154} INFO - [2025-06-02T23:05:31.261+0000] {dagbag.py:536} INFO - Filling up the DagBag from /home/airflow/.local/lib/python3.10/site-packages/airflow/example_dags/example_local_kubernetes_executor.py
[2025-06-02T23:05:31.271+0000] {processor.py:839} INFO - DAG(s) dict_keys(['example_local_kubernetes_executor']) retrieved from /home/airflow/.local/lib/python3.10/site-packages/airflow/example_dags/example_local_kubernetes_executor.py
[2025-06-02T23:05:31.312+0000] {logging_mixin.py:154} INFO - [2025-06-02T23:05:31.312+0000] {dag.py:2941} INFO - Sync 1 DAGs
[2025-06-02T23:05:31.330+0000] {logging_mixin.py:154} INFO - [2025-06-02T23:05:31.329+0000] {dag.py:3722} INFO - Setting next_dagrun for example_local_kubernetes_executor to None, run_after=None
[2025-06-02T23:05:31.364+0000] {processor.py:179} INFO - Processing /home/airflow/.local/lib/python3.10/site-packages/airflow/example_dags/example_local_kubernetes_executor.py took 0.115 seconds
[2025-06-02T23:06:04.460+0000] {processor.py:157} INFO - Started process (PID=264) to work on /home/airflow/.local/lib/python3.10/site-packages/airflow/example_dags/example_local_kubernetes_executor.py
[2025-06-02T23:06:04.470+0000] {processor.py:829} INFO - Processing file /home/airflow/.local/lib/python3.10/site-packages/airflow/example_dags/example_local_kubernetes_executor.py for tasks to queue
[2025-06-02T23:06:04.478+0000] {logging_mixin.py:154} INFO - [2025-06-02T23:06:04.473+0000] {dagbag.py:536} INFO - Filling up the DagBag from /home/airflow/.local/lib/python3.10/site-packages/airflow/example_dags/example_local_kubernetes_executor.py
[2025-06-02T23:06:04.512+0000] {processor.py:839} INFO - DAG(s) dict_keys(['example_local_kubernetes_executor']) retrieved from /home/airflow/.local/lib/python3.10/site-packages/airflow/example_dags/example_local_kubernetes_executor.py
[2025-06-02T23:06:04.646+0000] {logging_mixin.py:154} INFO - [2025-06-02T23:06:04.646+0000] {dag.py:2941} INFO - Sync 1 DAGs
[2025-06-02T23:06:04.695+0000] {logging_mixin.py:154} INFO - [2025-06-02T23:06:04.694+0000] {dag.py:3722} INFO - Setting next_dagrun for example_local_kubernetes_executor to None, run_after=None
[2025-06-02T23:06:04.790+0000] {processor.py:179} INFO - Processing /home/airflow/.local/lib/python3.10/site-packages/airflow/example_dags/example_local_kubernetes_executor.py took 0.346 seconds
[2025-06-02T23:06:35.563+0000] {processor.py:157} INFO - Started process (PID=320) to work on /home/airflow/.local/lib/python3.10/site-packages/airflow/example_dags/example_local_kubernetes_executor.py
[2025-06-02T23:06:35.564+0000] {processor.py:829} INFO - Processing file /home/airflow/.local/lib/python3.10/site-packages/airflow/example_dags/example_local_kubernetes_executor.py for tasks to queue
[2025-06-02T23:06:35.580+0000] {logging_mixin.py:154} INFO - [2025-06-02T23:06:35.580+0000] {dagbag.py:536} INFO - Filling up the DagBag from /home/airflow/.local/lib/python3.10/site-packages/airflow/example_dags/example_local_kubernetes_executor.py
[2025-06-02T23:06:35.610+0000] {processor.py:839} INFO - DAG(s) dict_keys(['example_local_kubernetes_executor']) retrieved from /home/airflow/.local/lib/python3.10/site-packages/airflow/example_dags/example_local_kubernetes_executor.py
[2025-06-02T23:06:35.702+0000] {logging_mixin.py:154} INFO - [2025-06-02T23:06:35.702+0000] {dag.py:2941} INFO - Sync 1 DAGs
[2025-06-02T23:06:35.735+0000] {logging_mixin.py:154} INFO - [2025-06-02T23:06:35.735+0000] {dag.py:3722} INFO - Setting next_dagrun for example_local_kubernetes_executor to None, run_after=None
[2025-06-02T23:06:35.787+0000] {processor.py:179} INFO - Processing /home/airflow/.local/lib/python3.10/site-packages/airflow/example_dags/example_local_kubernetes_executor.py took 0.228 seconds
[2025-06-02T23:07:06.330+0000] {processor.py:157} INFO - Started process (PID=374) to work on /home/airflow/.local/lib/python3.10/site-packages/airflow/example_dags/example_local_kubernetes_executor.py
[2025-06-02T23:07:06.332+0000] {processor.py:829} INFO - Processing file /home/airflow/.local/lib/python3.10/site-packages/airflow/example_dags/example_local_kubernetes_executor.py for tasks to queue
[2025-06-02T23:07:06.335+0000] {logging_mixin.py:154} INFO - [2025-06-02T23:07:06.334+0000] {dagbag.py:536} INFO - Filling up the DagBag from /home/airflow/.local/lib/python3.10/site-packages/airflow/example_dags/example_local_kubernetes_executor.py
[2025-06-02T23:07:06.345+0000] {processor.py:839} INFO - DAG(s) dict_keys(['example_local_kubernetes_executor']) retrieved from /home/airflow/.local/lib/python3.10/site-packages/airflow/example_dags/example_local_kubernetes_executor.py
[2025-06-02T23:07:06.404+0000] {logging_mixin.py:154} INFO - [2025-06-02T23:07:06.404+0000] {dag.py:2941} INFO - Sync 1 DAGs
[2025-06-02T23:07:06.423+0000] {logging_mixin.py:154} INFO - [2025-06-02T23:07:06.423+0000] {dag.py:3722} INFO - Setting next_dagrun for example_local_kubernetes_executor to None, run_after=None
[2025-06-02T23:07:06.467+0000] {processor.py:179} INFO - Processing /home/airflow/.local/lib/python3.10/site-packages/airflow/example_dags/example_local_kubernetes_executor.py took 0.142 seconds
