[2025-06-02T21:59:51.738+0000] {processor.py:157} INFO - Started process (PID=34) to work on /home/airflow/.local/lib/python3.10/site-packages/airflow/example_dags/example_xcom.py
[2025-06-02T21:59:51.740+0000] {processor.py:829} INFO - Processing file /home/airflow/.local/lib/python3.10/site-packages/airflow/example_dags/example_xcom.py for tasks to queue
[2025-06-02T21:59:51.744+0000] {logging_mixin.py:154} INFO - [2025-06-02T21:59:51.744+0000] {dagbag.py:536} INFO - Filling up the DagBag from /home/airflow/.local/lib/python3.10/site-packages/airflow/example_dags/example_xcom.py
[2025-06-02T21:59:51.771+0000] {processor.py:839} INFO - DAG(s) dict_keys(['example_xcom']) retrieved from /home/airflow/.local/lib/python3.10/site-packages/airflow/example_dags/example_xcom.py
[2025-06-02T21:59:52.020+0000] {logging_mixin.py:154} INFO - [2025-06-02T21:59:52.020+0000] {manager.py:499} INFO - Created Permission View: %s
[2025-06-02T21:59:52.038+0000] {logging_mixin.py:154} INFO - [2025-06-02T21:59:52.038+0000] {manager.py:499} INFO - Created Permission View: %s
[2025-06-02T21:59:52.047+0000] {logging_mixin.py:154} INFO - [2025-06-02T21:59:52.047+0000] {manager.py:499} INFO - Created Permission View: %s
[2025-06-02T21:59:52.048+0000] {logging_mixin.py:154} INFO - [2025-06-02T21:59:52.048+0000] {dag.py:2941} INFO - Sync 1 DAGs
[2025-06-02T21:59:52.072+0000] {logging_mixin.py:154} INFO - [2025-06-02T21:59:52.071+0000] {dag.py:2963} INFO - Creating ORM DAG for example_xcom
[2025-06-02T21:59:52.090+0000] {logging_mixin.py:154} INFO - [2025-06-02T21:59:52.090+0000] {dag.py:3722} INFO - Setting next_dagrun for example_xcom to 2021-01-01T00:00:00+00:00, run_after=2021-01-01T00:00:00+00:00
[2025-06-02T21:59:52.119+0000] {processor.py:179} INFO - Processing /home/airflow/.local/lib/python3.10/site-packages/airflow/example_dags/example_xcom.py took 0.390 seconds
[2025-06-02T22:00:23.012+0000] {processor.py:157} INFO - Started process (PID=88) to work on /home/airflow/.local/lib/python3.10/site-packages/airflow/example_dags/example_xcom.py
[2025-06-02T22:00:23.014+0000] {processor.py:829} INFO - Processing file /home/airflow/.local/lib/python3.10/site-packages/airflow/example_dags/example_xcom.py for tasks to queue
[2025-06-02T22:00:23.019+0000] {logging_mixin.py:154} INFO - [2025-06-02T22:00:23.019+0000] {dagbag.py:536} INFO - Filling up the DagBag from /home/airflow/.local/lib/python3.10/site-packages/airflow/example_dags/example_xcom.py
[2025-06-02T22:00:23.028+0000] {processor.py:839} INFO - DAG(s) dict_keys(['example_xcom']) retrieved from /home/airflow/.local/lib/python3.10/site-packages/airflow/example_dags/example_xcom.py
[2025-06-02T22:00:23.057+0000] {logging_mixin.py:154} INFO - [2025-06-02T22:00:23.057+0000] {dag.py:2941} INFO - Sync 1 DAGs
[2025-06-02T22:00:23.087+0000] {logging_mixin.py:154} INFO - [2025-06-02T22:00:23.086+0000] {dag.py:3722} INFO - Setting next_dagrun for example_xcom to 2021-01-01T00:00:00+00:00, run_after=2021-01-01T00:00:00+00:00
[2025-06-02T22:00:23.108+0000] {processor.py:179} INFO - Processing /home/airflow/.local/lib/python3.10/site-packages/airflow/example_dags/example_xcom.py took 0.101 seconds
[2025-06-02T22:00:53.462+0000] {processor.py:157} INFO - Started process (PID=142) to work on /home/airflow/.local/lib/python3.10/site-packages/airflow/example_dags/example_xcom.py
[2025-06-02T22:00:53.463+0000] {processor.py:829} INFO - Processing file /home/airflow/.local/lib/python3.10/site-packages/airflow/example_dags/example_xcom.py for tasks to queue
[2025-06-02T22:00:53.466+0000] {logging_mixin.py:154} INFO - [2025-06-02T22:00:53.466+0000] {dagbag.py:536} INFO - Filling up the DagBag from /home/airflow/.local/lib/python3.10/site-packages/airflow/example_dags/example_xcom.py
[2025-06-02T22:00:53.476+0000] {processor.py:839} INFO - DAG(s) dict_keys(['example_xcom']) retrieved from /home/airflow/.local/lib/python3.10/site-packages/airflow/example_dags/example_xcom.py
[2025-06-02T22:00:53.506+0000] {logging_mixin.py:154} INFO - [2025-06-02T22:00:53.506+0000] {dag.py:2941} INFO - Sync 1 DAGs
[2025-06-02T22:00:53.535+0000] {logging_mixin.py:154} INFO - [2025-06-02T22:00:53.535+0000] {dag.py:3722} INFO - Setting next_dagrun for example_xcom to 2021-01-01T00:00:00+00:00, run_after=2021-01-01T00:00:00+00:00
[2025-06-02T22:00:53.559+0000] {processor.py:179} INFO - Processing /home/airflow/.local/lib/python3.10/site-packages/airflow/example_dags/example_xcom.py took 0.102 seconds
[2025-06-02T22:01:23.928+0000] {processor.py:157} INFO - Started process (PID=196) to work on /home/airflow/.local/lib/python3.10/site-packages/airflow/example_dags/example_xcom.py
[2025-06-02T22:01:23.930+0000] {processor.py:829} INFO - Processing file /home/airflow/.local/lib/python3.10/site-packages/airflow/example_dags/example_xcom.py for tasks to queue
[2025-06-02T22:01:23.933+0000] {logging_mixin.py:154} INFO - [2025-06-02T22:01:23.932+0000] {dagbag.py:536} INFO - Filling up the DagBag from /home/airflow/.local/lib/python3.10/site-packages/airflow/example_dags/example_xcom.py
[2025-06-02T22:01:23.964+0000] {processor.py:839} INFO - DAG(s) dict_keys(['example_xcom']) retrieved from /home/airflow/.local/lib/python3.10/site-packages/airflow/example_dags/example_xcom.py
[2025-06-02T22:01:24.018+0000] {logging_mixin.py:154} INFO - [2025-06-02T22:01:24.018+0000] {dag.py:2941} INFO - Sync 1 DAGs
[2025-06-02T22:01:24.085+0000] {logging_mixin.py:154} INFO - [2025-06-02T22:01:24.085+0000] {dag.py:3722} INFO - Setting next_dagrun for example_xcom to 2021-01-01T00:00:00+00:00, run_after=2021-01-01T00:00:00+00:00
[2025-06-02T22:01:24.121+0000] {processor.py:179} INFO - Processing /home/airflow/.local/lib/python3.10/site-packages/airflow/example_dags/example_xcom.py took 0.208 seconds
[2025-06-02T22:01:54.466+0000] {processor.py:157} INFO - Started process (PID=251) to work on /home/airflow/.local/lib/python3.10/site-packages/airflow/example_dags/example_xcom.py
[2025-06-02T22:01:54.472+0000] {processor.py:829} INFO - Processing file /home/airflow/.local/lib/python3.10/site-packages/airflow/example_dags/example_xcom.py for tasks to queue
[2025-06-02T22:01:54.475+0000] {logging_mixin.py:154} INFO - [2025-06-02T22:01:54.475+0000] {dagbag.py:536} INFO - Filling up the DagBag from /home/airflow/.local/lib/python3.10/site-packages/airflow/example_dags/example_xcom.py
[2025-06-02T22:01:54.500+0000] {processor.py:839} INFO - DAG(s) dict_keys(['example_xcom']) retrieved from /home/airflow/.local/lib/python3.10/site-packages/airflow/example_dags/example_xcom.py
[2025-06-02T22:01:54.541+0000] {logging_mixin.py:154} INFO - [2025-06-02T22:01:54.541+0000] {dag.py:2941} INFO - Sync 1 DAGs
[2025-06-02T22:01:54.573+0000] {logging_mixin.py:154} INFO - [2025-06-02T22:01:54.572+0000] {dag.py:3722} INFO - Setting next_dagrun for example_xcom to 2021-01-01T00:00:00+00:00, run_after=2021-01-01T00:00:00+00:00
[2025-06-02T22:01:54.605+0000] {processor.py:179} INFO - Processing /home/airflow/.local/lib/python3.10/site-packages/airflow/example_dags/example_xcom.py took 0.149 seconds
[2025-06-02T22:02:24.901+0000] {processor.py:157} INFO - Started process (PID=304) to work on /home/airflow/.local/lib/python3.10/site-packages/airflow/example_dags/example_xcom.py
[2025-06-02T22:02:24.902+0000] {processor.py:829} INFO - Processing file /home/airflow/.local/lib/python3.10/site-packages/airflow/example_dags/example_xcom.py for tasks to queue
[2025-06-02T22:02:24.905+0000] {logging_mixin.py:154} INFO - [2025-06-02T22:02:24.905+0000] {dagbag.py:536} INFO - Filling up the DagBag from /home/airflow/.local/lib/python3.10/site-packages/airflow/example_dags/example_xcom.py
[2025-06-02T22:02:24.915+0000] {processor.py:839} INFO - DAG(s) dict_keys(['example_xcom']) retrieved from /home/airflow/.local/lib/python3.10/site-packages/airflow/example_dags/example_xcom.py
[2025-06-02T22:02:24.944+0000] {logging_mixin.py:154} INFO - [2025-06-02T22:02:24.944+0000] {dag.py:2941} INFO - Sync 1 DAGs
[2025-06-02T22:02:24.973+0000] {logging_mixin.py:154} INFO - [2025-06-02T22:02:24.972+0000] {dag.py:3722} INFO - Setting next_dagrun for example_xcom to 2021-01-01T00:00:00+00:00, run_after=2021-01-01T00:00:00+00:00
[2025-06-02T22:02:24.994+0000] {processor.py:179} INFO - Processing /home/airflow/.local/lib/python3.10/site-packages/airflow/example_dags/example_xcom.py took 0.098 seconds
[2025-06-02T22:02:55.388+0000] {processor.py:157} INFO - Started process (PID=358) to work on /home/airflow/.local/lib/python3.10/site-packages/airflow/example_dags/example_xcom.py
[2025-06-02T22:02:55.389+0000] {processor.py:829} INFO - Processing file /home/airflow/.local/lib/python3.10/site-packages/airflow/example_dags/example_xcom.py for tasks to queue
[2025-06-02T22:02:55.393+0000] {logging_mixin.py:154} INFO - [2025-06-02T22:02:55.392+0000] {dagbag.py:536} INFO - Filling up the DagBag from /home/airflow/.local/lib/python3.10/site-packages/airflow/example_dags/example_xcom.py
[2025-06-02T22:02:55.403+0000] {processor.py:839} INFO - DAG(s) dict_keys(['example_xcom']) retrieved from /home/airflow/.local/lib/python3.10/site-packages/airflow/example_dags/example_xcom.py
[2025-06-02T22:02:55.432+0000] {logging_mixin.py:154} INFO - [2025-06-02T22:02:55.432+0000] {dag.py:2941} INFO - Sync 1 DAGs
[2025-06-02T22:02:55.462+0000] {logging_mixin.py:154} INFO - [2025-06-02T22:02:55.462+0000] {dag.py:3722} INFO - Setting next_dagrun for example_xcom to 2021-01-01T00:00:00+00:00, run_after=2021-01-01T00:00:00+00:00
[2025-06-02T22:02:55.489+0000] {processor.py:179} INFO - Processing /home/airflow/.local/lib/python3.10/site-packages/airflow/example_dags/example_xcom.py took 0.105 seconds
[2025-06-02T22:03:25.872+0000] {processor.py:157} INFO - Started process (PID=413) to work on /home/airflow/.local/lib/python3.10/site-packages/airflow/example_dags/example_xcom.py
[2025-06-02T22:03:25.873+0000] {processor.py:829} INFO - Processing file /home/airflow/.local/lib/python3.10/site-packages/airflow/example_dags/example_xcom.py for tasks to queue
[2025-06-02T22:03:25.876+0000] {logging_mixin.py:154} INFO - [2025-06-02T22:03:25.876+0000] {dagbag.py:536} INFO - Filling up the DagBag from /home/airflow/.local/lib/python3.10/site-packages/airflow/example_dags/example_xcom.py
[2025-06-02T22:03:25.886+0000] {processor.py:839} INFO - DAG(s) dict_keys(['example_xcom']) retrieved from /home/airflow/.local/lib/python3.10/site-packages/airflow/example_dags/example_xcom.py
[2025-06-02T22:03:25.916+0000] {logging_mixin.py:154} INFO - [2025-06-02T22:03:25.916+0000] {dag.py:2941} INFO - Sync 1 DAGs
[2025-06-02T22:03:25.945+0000] {logging_mixin.py:154} INFO - [2025-06-02T22:03:25.945+0000] {dag.py:3722} INFO - Setting next_dagrun for example_xcom to 2021-01-01T00:00:00+00:00, run_after=2021-01-01T00:00:00+00:00
[2025-06-02T22:03:25.969+0000] {processor.py:179} INFO - Processing /home/airflow/.local/lib/python3.10/site-packages/airflow/example_dags/example_xcom.py took 0.101 seconds
[2025-06-02T22:03:56.248+0000] {processor.py:157} INFO - Started process (PID=467) to work on /home/airflow/.local/lib/python3.10/site-packages/airflow/example_dags/example_xcom.py
[2025-06-02T22:03:56.252+0000] {processor.py:829} INFO - Processing file /home/airflow/.local/lib/python3.10/site-packages/airflow/example_dags/example_xcom.py for tasks to queue
[2025-06-02T22:03:56.255+0000] {logging_mixin.py:154} INFO - [2025-06-02T22:03:56.255+0000] {dagbag.py:536} INFO - Filling up the DagBag from /home/airflow/.local/lib/python3.10/site-packages/airflow/example_dags/example_xcom.py
[2025-06-02T22:03:56.274+0000] {processor.py:839} INFO - DAG(s) dict_keys(['example_xcom']) retrieved from /home/airflow/.local/lib/python3.10/site-packages/airflow/example_dags/example_xcom.py
[2025-06-02T22:03:56.306+0000] {logging_mixin.py:154} INFO - [2025-06-02T22:03:56.305+0000] {dag.py:2941} INFO - Sync 1 DAGs
[2025-06-02T22:03:56.336+0000] {logging_mixin.py:154} INFO - [2025-06-02T22:03:56.335+0000] {dag.py:3722} INFO - Setting next_dagrun for example_xcom to 2021-01-01T00:00:00+00:00, run_after=2021-01-01T00:00:00+00:00
[2025-06-02T22:03:56.362+0000] {processor.py:179} INFO - Processing /home/airflow/.local/lib/python3.10/site-packages/airflow/example_dags/example_xcom.py took 0.119 seconds
[2025-06-02T22:04:26.592+0000] {processor.py:157} INFO - Started process (PID=521) to work on /home/airflow/.local/lib/python3.10/site-packages/airflow/example_dags/example_xcom.py
[2025-06-02T22:04:26.594+0000] {processor.py:829} INFO - Processing file /home/airflow/.local/lib/python3.10/site-packages/airflow/example_dags/example_xcom.py for tasks to queue
[2025-06-02T22:04:26.597+0000] {logging_mixin.py:154} INFO - [2025-06-02T22:04:26.597+0000] {dagbag.py:536} INFO - Filling up the DagBag from /home/airflow/.local/lib/python3.10/site-packages/airflow/example_dags/example_xcom.py
[2025-06-02T22:04:26.607+0000] {processor.py:839} INFO - DAG(s) dict_keys(['example_xcom']) retrieved from /home/airflow/.local/lib/python3.10/site-packages/airflow/example_dags/example_xcom.py
[2025-06-02T22:04:26.635+0000] {logging_mixin.py:154} INFO - [2025-06-02T22:04:26.634+0000] {dag.py:2941} INFO - Sync 1 DAGs
[2025-06-02T22:04:26.664+0000] {logging_mixin.py:154} INFO - [2025-06-02T22:04:26.664+0000] {dag.py:3722} INFO - Setting next_dagrun for example_xcom to 2021-01-01T00:00:00+00:00, run_after=2021-01-01T00:00:00+00:00
[2025-06-02T22:04:26.686+0000] {processor.py:179} INFO - Processing /home/airflow/.local/lib/python3.10/site-packages/airflow/example_dags/example_xcom.py took 0.098 seconds
[2025-06-02T22:04:56.945+0000] {processor.py:157} INFO - Started process (PID=575) to work on /home/airflow/.local/lib/python3.10/site-packages/airflow/example_dags/example_xcom.py
[2025-06-02T22:04:56.947+0000] {processor.py:829} INFO - Processing file /home/airflow/.local/lib/python3.10/site-packages/airflow/example_dags/example_xcom.py for tasks to queue
[2025-06-02T22:04:56.950+0000] {logging_mixin.py:154} INFO - [2025-06-02T22:04:56.950+0000] {dagbag.py:536} INFO - Filling up the DagBag from /home/airflow/.local/lib/python3.10/site-packages/airflow/example_dags/example_xcom.py
[2025-06-02T22:04:56.960+0000] {processor.py:839} INFO - DAG(s) dict_keys(['example_xcom']) retrieved from /home/airflow/.local/lib/python3.10/site-packages/airflow/example_dags/example_xcom.py
[2025-06-02T22:04:56.988+0000] {logging_mixin.py:154} INFO - [2025-06-02T22:04:56.988+0000] {dag.py:2941} INFO - Sync 1 DAGs
[2025-06-02T22:04:57.020+0000] {logging_mixin.py:154} INFO - [2025-06-02T22:04:57.020+0000] {dag.py:3722} INFO - Setting next_dagrun for example_xcom to 2021-01-01T00:00:00+00:00, run_after=2021-01-01T00:00:00+00:00
[2025-06-02T22:04:57.042+0000] {processor.py:179} INFO - Processing /home/airflow/.local/lib/python3.10/site-packages/airflow/example_dags/example_xcom.py took 0.101 seconds
[2025-06-02T22:05:27.788+0000] {processor.py:157} INFO - Started process (PID=630) to work on /home/airflow/.local/lib/python3.10/site-packages/airflow/example_dags/example_xcom.py
[2025-06-02T22:05:27.789+0000] {processor.py:829} INFO - Processing file /home/airflow/.local/lib/python3.10/site-packages/airflow/example_dags/example_xcom.py for tasks to queue
[2025-06-02T22:05:27.793+0000] {logging_mixin.py:154} INFO - [2025-06-02T22:05:27.792+0000] {dagbag.py:536} INFO - Filling up the DagBag from /home/airflow/.local/lib/python3.10/site-packages/airflow/example_dags/example_xcom.py
[2025-06-02T22:05:27.803+0000] {processor.py:839} INFO - DAG(s) dict_keys(['example_xcom']) retrieved from /home/airflow/.local/lib/python3.10/site-packages/airflow/example_dags/example_xcom.py
[2025-06-02T22:05:27.830+0000] {logging_mixin.py:154} INFO - [2025-06-02T22:05:27.830+0000] {dag.py:2941} INFO - Sync 1 DAGs
[2025-06-02T22:05:27.861+0000] {logging_mixin.py:154} INFO - [2025-06-02T22:05:27.860+0000] {dag.py:3722} INFO - Setting next_dagrun for example_xcom to 2021-01-01T00:00:00+00:00, run_after=2021-01-01T00:00:00+00:00
[2025-06-02T22:05:27.883+0000] {processor.py:179} INFO - Processing /home/airflow/.local/lib/python3.10/site-packages/airflow/example_dags/example_xcom.py took 0.101 seconds
[2025-06-02T22:05:58.088+0000] {processor.py:157} INFO - Started process (PID=684) to work on /home/airflow/.local/lib/python3.10/site-packages/airflow/example_dags/example_xcom.py
[2025-06-02T22:05:58.089+0000] {processor.py:829} INFO - Processing file /home/airflow/.local/lib/python3.10/site-packages/airflow/example_dags/example_xcom.py for tasks to queue
[2025-06-02T22:05:58.092+0000] {logging_mixin.py:154} INFO - [2025-06-02T22:05:58.092+0000] {dagbag.py:536} INFO - Filling up the DagBag from /home/airflow/.local/lib/python3.10/site-packages/airflow/example_dags/example_xcom.py
[2025-06-02T22:05:58.103+0000] {processor.py:839} INFO - DAG(s) dict_keys(['example_xcom']) retrieved from /home/airflow/.local/lib/python3.10/site-packages/airflow/example_dags/example_xcom.py
[2025-06-02T22:05:58.132+0000] {logging_mixin.py:154} INFO - [2025-06-02T22:05:58.132+0000] {dag.py:2941} INFO - Sync 1 DAGs
[2025-06-02T22:05:58.164+0000] {logging_mixin.py:154} INFO - [2025-06-02T22:05:58.163+0000] {dag.py:3722} INFO - Setting next_dagrun for example_xcom to 2021-01-01T00:00:00+00:00, run_after=2021-01-01T00:00:00+00:00
[2025-06-02T22:05:58.197+0000] {processor.py:179} INFO - Processing /home/airflow/.local/lib/python3.10/site-packages/airflow/example_dags/example_xcom.py took 0.114 seconds
[2025-06-02T22:06:28.440+0000] {processor.py:157} INFO - Started process (PID=737) to work on /home/airflow/.local/lib/python3.10/site-packages/airflow/example_dags/example_xcom.py
[2025-06-02T22:06:28.442+0000] {processor.py:829} INFO - Processing file /home/airflow/.local/lib/python3.10/site-packages/airflow/example_dags/example_xcom.py for tasks to queue
[2025-06-02T22:06:28.445+0000] {logging_mixin.py:154} INFO - [2025-06-02T22:06:28.444+0000] {dagbag.py:536} INFO - Filling up the DagBag from /home/airflow/.local/lib/python3.10/site-packages/airflow/example_dags/example_xcom.py
[2025-06-02T22:06:28.455+0000] {processor.py:839} INFO - DAG(s) dict_keys(['example_xcom']) retrieved from /home/airflow/.local/lib/python3.10/site-packages/airflow/example_dags/example_xcom.py
[2025-06-02T22:06:28.483+0000] {logging_mixin.py:154} INFO - [2025-06-02T22:06:28.482+0000] {dag.py:2941} INFO - Sync 1 DAGs
[2025-06-02T22:06:28.512+0000] {logging_mixin.py:154} INFO - [2025-06-02T22:06:28.511+0000] {dag.py:3722} INFO - Setting next_dagrun for example_xcom to 2021-01-01T00:00:00+00:00, run_after=2021-01-01T00:00:00+00:00
[2025-06-02T22:06:28.536+0000] {processor.py:179} INFO - Processing /home/airflow/.local/lib/python3.10/site-packages/airflow/example_dags/example_xcom.py took 0.101 seconds
[2025-06-02T22:06:59.093+0000] {processor.py:157} INFO - Started process (PID=792) to work on /home/airflow/.local/lib/python3.10/site-packages/airflow/example_dags/example_xcom.py
[2025-06-02T22:06:59.098+0000] {processor.py:829} INFO - Processing file /home/airflow/.local/lib/python3.10/site-packages/airflow/example_dags/example_xcom.py for tasks to queue
[2025-06-02T22:06:59.101+0000] {logging_mixin.py:154} INFO - [2025-06-02T22:06:59.100+0000] {dagbag.py:536} INFO - Filling up the DagBag from /home/airflow/.local/lib/python3.10/site-packages/airflow/example_dags/example_xcom.py
[2025-06-02T22:06:59.143+0000] {processor.py:839} INFO - DAG(s) dict_keys(['example_xcom']) retrieved from /home/airflow/.local/lib/python3.10/site-packages/airflow/example_dags/example_xcom.py
[2025-06-02T22:06:59.290+0000] {logging_mixin.py:154} INFO - [2025-06-02T22:06:59.290+0000] {dag.py:2941} INFO - Sync 1 DAGs
[2025-06-02T22:06:59.382+0000] {logging_mixin.py:154} INFO - [2025-06-02T22:06:59.382+0000] {dag.py:3722} INFO - Setting next_dagrun for example_xcom to 2021-01-01T00:00:00+00:00, run_after=2021-01-01T00:00:00+00:00
[2025-06-02T22:06:59.438+0000] {processor.py:179} INFO - Processing /home/airflow/.local/lib/python3.10/site-packages/airflow/example_dags/example_xcom.py took 0.352 seconds
[2025-06-02T22:07:29.535+0000] {processor.py:157} INFO - Started process (PID=846) to work on /home/airflow/.local/lib/python3.10/site-packages/airflow/example_dags/example_xcom.py
[2025-06-02T22:07:29.536+0000] {processor.py:829} INFO - Processing file /home/airflow/.local/lib/python3.10/site-packages/airflow/example_dags/example_xcom.py for tasks to queue
[2025-06-02T22:07:29.539+0000] {logging_mixin.py:154} INFO - [2025-06-02T22:07:29.538+0000] {dagbag.py:536} INFO - Filling up the DagBag from /home/airflow/.local/lib/python3.10/site-packages/airflow/example_dags/example_xcom.py
[2025-06-02T22:07:29.549+0000] {processor.py:839} INFO - DAG(s) dict_keys(['example_xcom']) retrieved from /home/airflow/.local/lib/python3.10/site-packages/airflow/example_dags/example_xcom.py
[2025-06-02T22:07:29.577+0000] {logging_mixin.py:154} INFO - [2025-06-02T22:07:29.577+0000] {dag.py:2941} INFO - Sync 1 DAGs
[2025-06-02T22:07:29.608+0000] {logging_mixin.py:154} INFO - [2025-06-02T22:07:29.607+0000] {dag.py:3722} INFO - Setting next_dagrun for example_xcom to 2021-01-01T00:00:00+00:00, run_after=2021-01-01T00:00:00+00:00
[2025-06-02T22:07:29.637+0000] {processor.py:179} INFO - Processing /home/airflow/.local/lib/python3.10/site-packages/airflow/example_dags/example_xcom.py took 0.107 seconds
[2025-06-02T22:07:59.876+0000] {processor.py:157} INFO - Started process (PID=900) to work on /home/airflow/.local/lib/python3.10/site-packages/airflow/example_dags/example_xcom.py
[2025-06-02T22:07:59.877+0000] {processor.py:829} INFO - Processing file /home/airflow/.local/lib/python3.10/site-packages/airflow/example_dags/example_xcom.py for tasks to queue
[2025-06-02T22:07:59.881+0000] {logging_mixin.py:154} INFO - [2025-06-02T22:07:59.880+0000] {dagbag.py:536} INFO - Filling up the DagBag from /home/airflow/.local/lib/python3.10/site-packages/airflow/example_dags/example_xcom.py
[2025-06-02T22:07:59.892+0000] {processor.py:839} INFO - DAG(s) dict_keys(['example_xcom']) retrieved from /home/airflow/.local/lib/python3.10/site-packages/airflow/example_dags/example_xcom.py
[2025-06-02T22:07:59.920+0000] {logging_mixin.py:154} INFO - [2025-06-02T22:07:59.919+0000] {dag.py:2941} INFO - Sync 1 DAGs
[2025-06-02T22:08:00.150+0000] {logging_mixin.py:154} INFO - [2025-06-02T22:08:00.149+0000] {dag.py:3722} INFO - Setting next_dagrun for example_xcom to 2021-01-01T00:00:00+00:00, run_after=2021-01-01T00:00:00+00:00
[2025-06-02T22:08:00.179+0000] {processor.py:179} INFO - Processing /home/airflow/.local/lib/python3.10/site-packages/airflow/example_dags/example_xcom.py took 0.307 seconds
[2025-06-02T22:08:30.405+0000] {processor.py:157} INFO - Started process (PID=954) to work on /home/airflow/.local/lib/python3.10/site-packages/airflow/example_dags/example_xcom.py
[2025-06-02T22:08:30.407+0000] {processor.py:829} INFO - Processing file /home/airflow/.local/lib/python3.10/site-packages/airflow/example_dags/example_xcom.py for tasks to queue
[2025-06-02T22:08:30.411+0000] {logging_mixin.py:154} INFO - [2025-06-02T22:08:30.410+0000] {dagbag.py:536} INFO - Filling up the DagBag from /home/airflow/.local/lib/python3.10/site-packages/airflow/example_dags/example_xcom.py
[2025-06-02T22:08:30.420+0000] {processor.py:839} INFO - DAG(s) dict_keys(['example_xcom']) retrieved from /home/airflow/.local/lib/python3.10/site-packages/airflow/example_dags/example_xcom.py
[2025-06-02T22:08:30.447+0000] {logging_mixin.py:154} INFO - [2025-06-02T22:08:30.447+0000] {dag.py:2941} INFO - Sync 1 DAGs
[2025-06-02T22:08:30.476+0000] {logging_mixin.py:154} INFO - [2025-06-02T22:08:30.476+0000] {dag.py:3722} INFO - Setting next_dagrun for example_xcom to 2021-01-01T00:00:00+00:00, run_after=2021-01-01T00:00:00+00:00
[2025-06-02T22:08:30.511+0000] {processor.py:179} INFO - Processing /home/airflow/.local/lib/python3.10/site-packages/airflow/example_dags/example_xcom.py took 0.110 seconds
[2025-06-02T22:09:00.770+0000] {processor.py:157} INFO - Started process (PID=1008) to work on /home/airflow/.local/lib/python3.10/site-packages/airflow/example_dags/example_xcom.py
[2025-06-02T22:09:00.772+0000] {processor.py:829} INFO - Processing file /home/airflow/.local/lib/python3.10/site-packages/airflow/example_dags/example_xcom.py for tasks to queue
[2025-06-02T22:09:00.775+0000] {logging_mixin.py:154} INFO - [2025-06-02T22:09:00.775+0000] {dagbag.py:536} INFO - Filling up the DagBag from /home/airflow/.local/lib/python3.10/site-packages/airflow/example_dags/example_xcom.py
[2025-06-02T22:09:00.785+0000] {processor.py:839} INFO - DAG(s) dict_keys(['example_xcom']) retrieved from /home/airflow/.local/lib/python3.10/site-packages/airflow/example_dags/example_xcom.py
[2025-06-02T22:09:00.814+0000] {logging_mixin.py:154} INFO - [2025-06-02T22:09:00.814+0000] {dag.py:2941} INFO - Sync 1 DAGs
[2025-06-02T22:09:00.844+0000] {logging_mixin.py:154} INFO - [2025-06-02T22:09:00.844+0000] {dag.py:3722} INFO - Setting next_dagrun for example_xcom to 2021-01-01T00:00:00+00:00, run_after=2021-01-01T00:00:00+00:00
[2025-06-02T22:09:00.870+0000] {processor.py:179} INFO - Processing /home/airflow/.local/lib/python3.10/site-packages/airflow/example_dags/example_xcom.py took 0.105 seconds
[2025-06-02T22:09:31.316+0000] {processor.py:157} INFO - Started process (PID=1062) to work on /home/airflow/.local/lib/python3.10/site-packages/airflow/example_dags/example_xcom.py
[2025-06-02T22:09:31.317+0000] {processor.py:829} INFO - Processing file /home/airflow/.local/lib/python3.10/site-packages/airflow/example_dags/example_xcom.py for tasks to queue
[2025-06-02T22:09:31.320+0000] {logging_mixin.py:154} INFO - [2025-06-02T22:09:31.320+0000] {dagbag.py:536} INFO - Filling up the DagBag from /home/airflow/.local/lib/python3.10/site-packages/airflow/example_dags/example_xcom.py
[2025-06-02T22:09:31.332+0000] {processor.py:839} INFO - DAG(s) dict_keys(['example_xcom']) retrieved from /home/airflow/.local/lib/python3.10/site-packages/airflow/example_dags/example_xcom.py
[2025-06-02T22:09:31.364+0000] {logging_mixin.py:154} INFO - [2025-06-02T22:09:31.363+0000] {dag.py:2941} INFO - Sync 1 DAGs
[2025-06-02T22:09:31.589+0000] {logging_mixin.py:154} INFO - [2025-06-02T22:09:31.589+0000] {dag.py:3722} INFO - Setting next_dagrun for example_xcom to 2021-01-01T00:00:00+00:00, run_after=2021-01-01T00:00:00+00:00
[2025-06-02T22:09:31.615+0000] {processor.py:179} INFO - Processing /home/airflow/.local/lib/python3.10/site-packages/airflow/example_dags/example_xcom.py took 0.303 seconds
[2025-06-02T22:10:01.977+0000] {processor.py:157} INFO - Started process (PID=1115) to work on /home/airflow/.local/lib/python3.10/site-packages/airflow/example_dags/example_xcom.py
[2025-06-02T22:10:01.986+0000] {processor.py:829} INFO - Processing file /home/airflow/.local/lib/python3.10/site-packages/airflow/example_dags/example_xcom.py for tasks to queue
[2025-06-02T22:10:01.990+0000] {logging_mixin.py:154} INFO - [2025-06-02T22:10:01.989+0000] {dagbag.py:536} INFO - Filling up the DagBag from /home/airflow/.local/lib/python3.10/site-packages/airflow/example_dags/example_xcom.py
[2025-06-02T22:10:02.000+0000] {processor.py:839} INFO - DAG(s) dict_keys(['example_xcom']) retrieved from /home/airflow/.local/lib/python3.10/site-packages/airflow/example_dags/example_xcom.py
[2025-06-02T22:10:02.030+0000] {logging_mixin.py:154} INFO - [2025-06-02T22:10:02.029+0000] {dag.py:2941} INFO - Sync 1 DAGs
[2025-06-02T22:10:02.062+0000] {logging_mixin.py:154} INFO - [2025-06-02T22:10:02.062+0000] {dag.py:3722} INFO - Setting next_dagrun for example_xcom to 2021-01-01T00:00:00+00:00, run_after=2021-01-01T00:00:00+00:00
[2025-06-02T22:10:02.111+0000] {processor.py:179} INFO - Processing /home/airflow/.local/lib/python3.10/site-packages/airflow/example_dags/example_xcom.py took 0.139 seconds
[2025-06-02T22:10:32.222+0000] {processor.py:157} INFO - Started process (PID=1169) to work on /home/airflow/.local/lib/python3.10/site-packages/airflow/example_dags/example_xcom.py
[2025-06-02T22:10:32.223+0000] {processor.py:829} INFO - Processing file /home/airflow/.local/lib/python3.10/site-packages/airflow/example_dags/example_xcom.py for tasks to queue
[2025-06-02T22:10:32.226+0000] {logging_mixin.py:154} INFO - [2025-06-02T22:10:32.225+0000] {dagbag.py:536} INFO - Filling up the DagBag from /home/airflow/.local/lib/python3.10/site-packages/airflow/example_dags/example_xcom.py
[2025-06-02T22:10:32.237+0000] {processor.py:839} INFO - DAG(s) dict_keys(['example_xcom']) retrieved from /home/airflow/.local/lib/python3.10/site-packages/airflow/example_dags/example_xcom.py
[2025-06-02T22:10:32.265+0000] {logging_mixin.py:154} INFO - [2025-06-02T22:10:32.265+0000] {dag.py:2941} INFO - Sync 1 DAGs
[2025-06-02T22:10:32.295+0000] {logging_mixin.py:154} INFO - [2025-06-02T22:10:32.295+0000] {dag.py:3722} INFO - Setting next_dagrun for example_xcom to 2021-01-01T00:00:00+00:00, run_after=2021-01-01T00:00:00+00:00
[2025-06-02T22:10:32.326+0000] {processor.py:179} INFO - Processing /home/airflow/.local/lib/python3.10/site-packages/airflow/example_dags/example_xcom.py took 0.109 seconds
[2025-06-02T22:11:02.446+0000] {processor.py:157} INFO - Started process (PID=1223) to work on /home/airflow/.local/lib/python3.10/site-packages/airflow/example_dags/example_xcom.py
[2025-06-02T22:11:02.448+0000] {processor.py:829} INFO - Processing file /home/airflow/.local/lib/python3.10/site-packages/airflow/example_dags/example_xcom.py for tasks to queue
[2025-06-02T22:11:02.452+0000] {logging_mixin.py:154} INFO - [2025-06-02T22:11:02.452+0000] {dagbag.py:536} INFO - Filling up the DagBag from /home/airflow/.local/lib/python3.10/site-packages/airflow/example_dags/example_xcom.py
[2025-06-02T22:11:02.487+0000] {processor.py:839} INFO - DAG(s) dict_keys(['example_xcom']) retrieved from /home/airflow/.local/lib/python3.10/site-packages/airflow/example_dags/example_xcom.py
[2025-06-02T22:11:02.530+0000] {logging_mixin.py:154} INFO - [2025-06-02T22:11:02.529+0000] {dag.py:2941} INFO - Sync 1 DAGs
[2025-06-02T22:11:02.930+0000] {logging_mixin.py:154} INFO - [2025-06-02T22:11:02.930+0000] {dag.py:3722} INFO - Setting next_dagrun for example_xcom to 2021-01-01T00:00:00+00:00, run_after=2021-01-01T00:00:00+00:00
[2025-06-02T22:11:02.975+0000] {processor.py:179} INFO - Processing /home/airflow/.local/lib/python3.10/site-packages/airflow/example_dags/example_xcom.py took 0.547 seconds
[2025-06-02T23:03:18.176+0000] {processor.py:157} INFO - Started process (PID=36) to work on /home/airflow/.local/lib/python3.10/site-packages/airflow/example_dags/example_xcom.py
[2025-06-02T23:03:18.190+0000] {processor.py:829} INFO - Processing file /home/airflow/.local/lib/python3.10/site-packages/airflow/example_dags/example_xcom.py for tasks to queue
[2025-06-02T23:03:18.193+0000] {logging_mixin.py:154} INFO - [2025-06-02T23:03:18.193+0000] {dagbag.py:536} INFO - Filling up the DagBag from /home/airflow/.local/lib/python3.10/site-packages/airflow/example_dags/example_xcom.py
[2025-06-02T23:03:18.252+0000] {processor.py:839} INFO - DAG(s) dict_keys(['example_xcom']) retrieved from /home/airflow/.local/lib/python3.10/site-packages/airflow/example_dags/example_xcom.py
[2025-06-02T23:03:18.371+0000] {logging_mixin.py:154} INFO - [2025-06-02T23:03:18.370+0000] {dag.py:2941} INFO - Sync 1 DAGs
[2025-06-02T23:03:18.524+0000] {logging_mixin.py:154} INFO - [2025-06-02T23:03:18.523+0000] {dag.py:3722} INFO - Setting next_dagrun for example_xcom to 2021-01-01T00:00:00+00:00, run_after=2021-01-01T00:00:00+00:00
[2025-06-02T23:03:18.649+0000] {processor.py:179} INFO - Processing /home/airflow/.local/lib/python3.10/site-packages/airflow/example_dags/example_xcom.py took 0.510 seconds
[2025-06-02T23:03:56.624+0000] {processor.py:157} INFO - Started process (PID=28) to work on /home/airflow/.local/lib/python3.10/site-packages/airflow/example_dags/example_xcom.py
[2025-06-02T23:03:56.627+0000] {processor.py:829} INFO - Processing file /home/airflow/.local/lib/python3.10/site-packages/airflow/example_dags/example_xcom.py for tasks to queue
[2025-06-02T23:03:56.630+0000] {logging_mixin.py:154} INFO - [2025-06-02T23:03:56.629+0000] {dagbag.py:536} INFO - Filling up the DagBag from /home/airflow/.local/lib/python3.10/site-packages/airflow/example_dags/example_xcom.py
[2025-06-02T23:03:56.643+0000] {processor.py:839} INFO - DAG(s) dict_keys(['example_xcom']) retrieved from /home/airflow/.local/lib/python3.10/site-packages/airflow/example_dags/example_xcom.py
[2025-06-02T23:03:56.682+0000] {logging_mixin.py:154} INFO - [2025-06-02T23:03:56.682+0000] {dag.py:2941} INFO - Sync 1 DAGs
[2025-06-02T23:03:56.713+0000] {logging_mixin.py:154} INFO - [2025-06-02T23:03:56.713+0000] {dag.py:3722} INFO - Setting next_dagrun for example_xcom to 2021-01-01T00:00:00+00:00, run_after=2021-01-01T00:00:00+00:00
[2025-06-02T23:03:56.739+0000] {processor.py:179} INFO - Processing /home/airflow/.local/lib/python3.10/site-packages/airflow/example_dags/example_xcom.py took 0.120 seconds
[2025-06-02T23:04:27.127+0000] {processor.py:157} INFO - Started process (PID=82) to work on /home/airflow/.local/lib/python3.10/site-packages/airflow/example_dags/example_xcom.py
[2025-06-02T23:04:27.129+0000] {processor.py:829} INFO - Processing file /home/airflow/.local/lib/python3.10/site-packages/airflow/example_dags/example_xcom.py for tasks to queue
[2025-06-02T23:04:27.132+0000] {logging_mixin.py:154} INFO - [2025-06-02T23:04:27.132+0000] {dagbag.py:536} INFO - Filling up the DagBag from /home/airflow/.local/lib/python3.10/site-packages/airflow/example_dags/example_xcom.py
[2025-06-02T23:04:27.139+0000] {processor.py:839} INFO - DAG(s) dict_keys(['example_xcom']) retrieved from /home/airflow/.local/lib/python3.10/site-packages/airflow/example_dags/example_xcom.py
[2025-06-02T23:04:27.161+0000] {logging_mixin.py:154} INFO - [2025-06-02T23:04:27.160+0000] {dag.py:2941} INFO - Sync 1 DAGs
[2025-06-02T23:04:27.183+0000] {logging_mixin.py:154} INFO - [2025-06-02T23:04:27.183+0000] {dag.py:3722} INFO - Setting next_dagrun for example_xcom to 2021-01-01T00:00:00+00:00, run_after=2021-01-01T00:00:00+00:00
[2025-06-02T23:04:27.200+0000] {processor.py:179} INFO - Processing /home/airflow/.local/lib/python3.10/site-packages/airflow/example_dags/example_xcom.py took 0.078 seconds
[2025-06-02T23:04:57.637+0000] {processor.py:157} INFO - Started process (PID=138) to work on /home/airflow/.local/lib/python3.10/site-packages/airflow/example_dags/example_xcom.py
[2025-06-02T23:04:57.639+0000] {processor.py:829} INFO - Processing file /home/airflow/.local/lib/python3.10/site-packages/airflow/example_dags/example_xcom.py for tasks to queue
[2025-06-02T23:04:57.642+0000] {logging_mixin.py:154} INFO - [2025-06-02T23:04:57.642+0000] {dagbag.py:536} INFO - Filling up the DagBag from /home/airflow/.local/lib/python3.10/site-packages/airflow/example_dags/example_xcom.py
[2025-06-02T23:04:57.652+0000] {processor.py:839} INFO - DAG(s) dict_keys(['example_xcom']) retrieved from /home/airflow/.local/lib/python3.10/site-packages/airflow/example_dags/example_xcom.py
[2025-06-02T23:04:57.681+0000] {logging_mixin.py:154} INFO - [2025-06-02T23:04:57.681+0000] {dag.py:2941} INFO - Sync 1 DAGs
[2025-06-02T23:04:57.711+0000] {logging_mixin.py:154} INFO - [2025-06-02T23:04:57.711+0000] {dag.py:3722} INFO - Setting next_dagrun for example_xcom to 2021-01-01T00:00:00+00:00, run_after=2021-01-01T00:00:00+00:00
[2025-06-02T23:04:57.734+0000] {processor.py:179} INFO - Processing /home/airflow/.local/lib/python3.10/site-packages/airflow/example_dags/example_xcom.py took 0.101 seconds
[2025-06-02T23:05:28.406+0000] {processor.py:157} INFO - Started process (PID=194) to work on /home/airflow/.local/lib/python3.10/site-packages/airflow/example_dags/example_xcom.py
[2025-06-02T23:05:28.414+0000] {processor.py:829} INFO - Processing file /home/airflow/.local/lib/python3.10/site-packages/airflow/example_dags/example_xcom.py for tasks to queue
[2025-06-02T23:05:28.417+0000] {logging_mixin.py:154} INFO - [2025-06-02T23:05:28.416+0000] {dagbag.py:536} INFO - Filling up the DagBag from /home/airflow/.local/lib/python3.10/site-packages/airflow/example_dags/example_xcom.py
[2025-06-02T23:05:28.454+0000] {processor.py:839} INFO - DAG(s) dict_keys(['example_xcom']) retrieved from /home/airflow/.local/lib/python3.10/site-packages/airflow/example_dags/example_xcom.py
[2025-06-02T23:05:28.534+0000] {logging_mixin.py:154} INFO - [2025-06-02T23:05:28.534+0000] {dag.py:2941} INFO - Sync 1 DAGs
[2025-06-02T23:05:28.624+0000] {logging_mixin.py:154} INFO - [2025-06-02T23:05:28.624+0000] {dag.py:3722} INFO - Setting next_dagrun for example_xcom to 2021-01-01T00:00:00+00:00, run_after=2021-01-01T00:00:00+00:00
[2025-06-02T23:05:28.686+0000] {processor.py:179} INFO - Processing /home/airflow/.local/lib/python3.10/site-packages/airflow/example_dags/example_xcom.py took 0.308 seconds
[2025-06-02T23:05:59.698+0000] {processor.py:157} INFO - Started process (PID=250) to work on /home/airflow/.local/lib/python3.10/site-packages/airflow/example_dags/example_xcom.py
[2025-06-02T23:05:59.700+0000] {processor.py:829} INFO - Processing file /home/airflow/.local/lib/python3.10/site-packages/airflow/example_dags/example_xcom.py for tasks to queue
[2025-06-02T23:05:59.703+0000] {logging_mixin.py:154} INFO - [2025-06-02T23:05:59.702+0000] {dagbag.py:536} INFO - Filling up the DagBag from /home/airflow/.local/lib/python3.10/site-packages/airflow/example_dags/example_xcom.py
[2025-06-02T23:05:59.713+0000] {processor.py:839} INFO - DAG(s) dict_keys(['example_xcom']) retrieved from /home/airflow/.local/lib/python3.10/site-packages/airflow/example_dags/example_xcom.py
[2025-06-02T23:05:59.741+0000] {logging_mixin.py:154} INFO - [2025-06-02T23:05:59.741+0000] {dag.py:2941} INFO - Sync 1 DAGs
[2025-06-02T23:05:59.771+0000] {logging_mixin.py:154} INFO - [2025-06-02T23:05:59.770+0000] {dag.py:3722} INFO - Setting next_dagrun for example_xcom to 2021-01-01T00:00:00+00:00, run_after=2021-01-01T00:00:00+00:00
[2025-06-02T23:05:59.799+0000] {processor.py:179} INFO - Processing /home/airflow/.local/lib/python3.10/site-packages/airflow/example_dags/example_xcom.py took 0.106 seconds
[2025-06-02T23:06:30.026+0000] {processor.py:157} INFO - Started process (PID=306) to work on /home/airflow/.local/lib/python3.10/site-packages/airflow/example_dags/example_xcom.py
[2025-06-02T23:06:30.028+0000] {processor.py:829} INFO - Processing file /home/airflow/.local/lib/python3.10/site-packages/airflow/example_dags/example_xcom.py for tasks to queue
[2025-06-02T23:06:30.031+0000] {logging_mixin.py:154} INFO - [2025-06-02T23:06:30.031+0000] {dagbag.py:536} INFO - Filling up the DagBag from /home/airflow/.local/lib/python3.10/site-packages/airflow/example_dags/example_xcom.py
[2025-06-02T23:06:30.041+0000] {processor.py:839} INFO - DAG(s) dict_keys(['example_xcom']) retrieved from /home/airflow/.local/lib/python3.10/site-packages/airflow/example_dags/example_xcom.py
[2025-06-02T23:06:30.071+0000] {logging_mixin.py:154} INFO - [2025-06-02T23:06:30.070+0000] {dag.py:2941} INFO - Sync 1 DAGs
[2025-06-02T23:06:30.101+0000] {logging_mixin.py:154} INFO - [2025-06-02T23:06:30.101+0000] {dag.py:3722} INFO - Setting next_dagrun for example_xcom to 2021-01-01T00:00:00+00:00, run_after=2021-01-01T00:00:00+00:00
[2025-06-02T23:06:30.130+0000] {processor.py:179} INFO - Processing /home/airflow/.local/lib/python3.10/site-packages/airflow/example_dags/example_xcom.py took 0.108 seconds
[2025-06-02T23:07:00.561+0000] {processor.py:157} INFO - Started process (PID=362) to work on /home/airflow/.local/lib/python3.10/site-packages/airflow/example_dags/example_xcom.py
[2025-06-02T23:07:00.563+0000] {processor.py:829} INFO - Processing file /home/airflow/.local/lib/python3.10/site-packages/airflow/example_dags/example_xcom.py for tasks to queue
[2025-06-02T23:07:00.567+0000] {logging_mixin.py:154} INFO - [2025-06-02T23:07:00.567+0000] {dagbag.py:536} INFO - Filling up the DagBag from /home/airflow/.local/lib/python3.10/site-packages/airflow/example_dags/example_xcom.py
[2025-06-02T23:07:00.577+0000] {processor.py:839} INFO - DAG(s) dict_keys(['example_xcom']) retrieved from /home/airflow/.local/lib/python3.10/site-packages/airflow/example_dags/example_xcom.py
[2025-06-02T23:07:00.605+0000] {logging_mixin.py:154} INFO - [2025-06-02T23:07:00.605+0000] {dag.py:2941} INFO - Sync 1 DAGs
[2025-06-02T23:07:00.634+0000] {logging_mixin.py:154} INFO - [2025-06-02T23:07:00.634+0000] {dag.py:3722} INFO - Setting next_dagrun for example_xcom to 2021-01-01T00:00:00+00:00, run_after=2021-01-01T00:00:00+00:00
[2025-06-02T23:07:00.658+0000] {processor.py:179} INFO - Processing /home/airflow/.local/lib/python3.10/site-packages/airflow/example_dags/example_xcom.py took 0.101 seconds
[2025-06-02T23:07:31.570+0000] {processor.py:157} INFO - Started process (PID=418) to work on /home/airflow/.local/lib/python3.10/site-packages/airflow/example_dags/example_xcom.py
[2025-06-02T23:07:31.571+0000] {processor.py:829} INFO - Processing file /home/airflow/.local/lib/python3.10/site-packages/airflow/example_dags/example_xcom.py for tasks to queue
[2025-06-02T23:07:31.575+0000] {logging_mixin.py:154} INFO - [2025-06-02T23:07:31.574+0000] {dagbag.py:536} INFO - Filling up the DagBag from /home/airflow/.local/lib/python3.10/site-packages/airflow/example_dags/example_xcom.py
[2025-06-02T23:07:31.585+0000] {processor.py:839} INFO - DAG(s) dict_keys(['example_xcom']) retrieved from /home/airflow/.local/lib/python3.10/site-packages/airflow/example_dags/example_xcom.py
[2025-06-02T23:07:31.613+0000] {logging_mixin.py:154} INFO - [2025-06-02T23:07:31.613+0000] {dag.py:2941} INFO - Sync 1 DAGs
[2025-06-02T23:07:31.642+0000] {logging_mixin.py:154} INFO - [2025-06-02T23:07:31.642+0000] {dag.py:3722} INFO - Setting next_dagrun for example_xcom to 2021-01-01T00:00:00+00:00, run_after=2021-01-01T00:00:00+00:00
[2025-06-02T23:07:31.668+0000] {processor.py:179} INFO - Processing /home/airflow/.local/lib/python3.10/site-packages/airflow/example_dags/example_xcom.py took 0.103 seconds
