[2025-06-02T22:00:05.751+0000] {processor.py:157} INFO - Started process (PID=67) to work on /home/airflow/.local/lib/python3.10/site-packages/airflow/example_dags/example_branch_datetime_operator.py
[2025-06-02T22:00:05.758+0000] {processor.py:829} INFO - Processing file /home/airflow/.local/lib/python3.10/site-packages/airflow/example_dags/example_branch_datetime_operator.py for tasks to queue
[2025-06-02T22:00:05.761+0000] {logging_mixin.py:154} INFO - [2025-06-02T22:00:05.761+0000] {dagbag.py:536} INFO - Filling up the DagBag from /home/airflow/.local/lib/python3.10/site-packages/airflow/example_dags/example_branch_datetime_operator.py
[2025-06-02T22:00:05.777+0000] {processor.py:839} INFO - DAG(s) dict_keys(['example_branch_datetime_operator_2', 'example_branch_datetime_operator_3', 'example_branch_datetime_operator']) retrieved from /home/airflow/.local/lib/python3.10/site-packages/airflow/example_dags/example_branch_datetime_operator.py
[2025-06-02T22:00:06.014+0000] {logging_mixin.py:154} INFO - [2025-06-02T22:00:06.014+0000] {manager.py:499} INFO - Created Permission View: %s
[2025-06-02T22:00:06.064+0000] {logging_mixin.py:154} INFO - [2025-06-02T22:00:06.064+0000] {manager.py:499} INFO - Created Permission View: %s
[2025-06-02T22:00:06.085+0000] {logging_mixin.py:154} INFO - [2025-06-02T22:00:06.085+0000] {manager.py:499} INFO - Created Permission View: %s
[2025-06-02T22:00:06.125+0000] {logging_mixin.py:154} INFO - [2025-06-02T22:00:06.125+0000] {manager.py:499} INFO - Created Permission View: %s
[2025-06-02T22:00:06.144+0000] {logging_mixin.py:154} INFO - [2025-06-02T22:00:06.143+0000] {manager.py:499} INFO - Created Permission View: %s
[2025-06-02T22:00:06.169+0000] {logging_mixin.py:154} INFO - [2025-06-02T22:00:06.169+0000] {manager.py:499} INFO - Created Permission View: %s
[2025-06-02T22:00:06.213+0000] {logging_mixin.py:154} INFO - [2025-06-02T22:00:06.213+0000] {manager.py:499} INFO - Created Permission View: %s
[2025-06-02T22:00:06.233+0000] {logging_mixin.py:154} INFO - [2025-06-02T22:00:06.233+0000] {manager.py:499} INFO - Created Permission View: %s
[2025-06-02T22:00:06.250+0000] {logging_mixin.py:154} INFO - [2025-06-02T22:00:06.250+0000] {manager.py:499} INFO - Created Permission View: %s
[2025-06-02T22:00:06.250+0000] {logging_mixin.py:154} INFO - [2025-06-02T22:00:06.250+0000] {dag.py:2941} INFO - Sync 3 DAGs
[2025-06-02T22:00:06.286+0000] {logging_mixin.py:154} INFO - [2025-06-02T22:00:06.286+0000] {dag.py:2963} INFO - Creating ORM DAG for example_branch_datetime_operator_2
[2025-06-02T22:00:06.287+0000] {logging_mixin.py:154} INFO - [2025-06-02T22:00:06.287+0000] {dag.py:2963} INFO - Creating ORM DAG for example_branch_datetime_operator_3
[2025-06-02T22:00:06.287+0000] {logging_mixin.py:154} INFO - [2025-06-02T22:00:06.287+0000] {dag.py:2963} INFO - Creating ORM DAG for example_branch_datetime_operator
[2025-06-02T22:00:06.304+0000] {logging_mixin.py:154} INFO - [2025-06-02T22:00:06.304+0000] {dag.py:3722} INFO - Setting next_dagrun for example_branch_datetime_operator to 2025-06-01T00:00:00+00:00, run_after=2025-06-02T00:00:00+00:00
[2025-06-02T22:00:06.308+0000] {logging_mixin.py:154} INFO - [2025-06-02T22:00:06.307+0000] {dag.py:3722} INFO - Setting next_dagrun for example_branch_datetime_operator_2 to 2025-06-01T00:00:00+00:00, run_after=2025-06-02T00:00:00+00:00
[2025-06-02T22:00:06.311+0000] {logging_mixin.py:154} INFO - [2025-06-02T22:00:06.310+0000] {dag.py:3722} INFO - Setting next_dagrun for example_branch_datetime_operator_3 to 2025-06-01T00:00:00+00:00, run_after=2025-06-02T00:00:00+00:00
[2025-06-02T22:00:06.360+0000] {processor.py:179} INFO - Processing /home/airflow/.local/lib/python3.10/site-packages/airflow/example_dags/example_branch_datetime_operator.py took 0.625 seconds
[2025-06-02T22:00:37.134+0000] {processor.py:157} INFO - Started process (PID=121) to work on /home/airflow/.local/lib/python3.10/site-packages/airflow/example_dags/example_branch_datetime_operator.py
[2025-06-02T22:00:37.135+0000] {processor.py:829} INFO - Processing file /home/airflow/.local/lib/python3.10/site-packages/airflow/example_dags/example_branch_datetime_operator.py for tasks to queue
[2025-06-02T22:00:37.138+0000] {logging_mixin.py:154} INFO - [2025-06-02T22:00:37.138+0000] {dagbag.py:536} INFO - Filling up the DagBag from /home/airflow/.local/lib/python3.10/site-packages/airflow/example_dags/example_branch_datetime_operator.py
[2025-06-02T22:00:37.153+0000] {processor.py:839} INFO - DAG(s) dict_keys(['example_branch_datetime_operator_3', 'example_branch_datetime_operator', 'example_branch_datetime_operator_2']) retrieved from /home/airflow/.local/lib/python3.10/site-packages/airflow/example_dags/example_branch_datetime_operator.py
[2025-06-02T22:00:37.190+0000] {logging_mixin.py:154} INFO - [2025-06-02T22:00:37.189+0000] {dag.py:2941} INFO - Sync 3 DAGs
[2025-06-02T22:00:37.226+0000] {logging_mixin.py:154} INFO - [2025-06-02T22:00:37.226+0000] {dag.py:3722} INFO - Setting next_dagrun for example_branch_datetime_operator to 2025-06-01T00:00:00+00:00, run_after=2025-06-02T00:00:00+00:00
[2025-06-02T22:00:37.233+0000] {logging_mixin.py:154} INFO - [2025-06-02T22:00:37.232+0000] {dag.py:3722} INFO - Setting next_dagrun for example_branch_datetime_operator_2 to 2025-06-01T00:00:00+00:00, run_after=2025-06-02T00:00:00+00:00
[2025-06-02T22:00:37.236+0000] {logging_mixin.py:154} INFO - [2025-06-02T22:00:37.236+0000] {dag.py:3722} INFO - Setting next_dagrun for example_branch_datetime_operator_3 to 2025-06-01T00:00:00+00:00, run_after=2025-06-02T00:00:00+00:00
[2025-06-02T22:00:37.267+0000] {processor.py:179} INFO - Processing /home/airflow/.local/lib/python3.10/site-packages/airflow/example_dags/example_branch_datetime_operator.py took 0.138 seconds
[2025-06-02T22:01:07.459+0000] {processor.py:157} INFO - Started process (PID=175) to work on /home/airflow/.local/lib/python3.10/site-packages/airflow/example_dags/example_branch_datetime_operator.py
[2025-06-02T22:01:07.463+0000] {processor.py:829} INFO - Processing file /home/airflow/.local/lib/python3.10/site-packages/airflow/example_dags/example_branch_datetime_operator.py for tasks to queue
[2025-06-02T22:01:07.467+0000] {logging_mixin.py:154} INFO - [2025-06-02T22:01:07.466+0000] {dagbag.py:536} INFO - Filling up the DagBag from /home/airflow/.local/lib/python3.10/site-packages/airflow/example_dags/example_branch_datetime_operator.py
[2025-06-02T22:01:07.481+0000] {processor.py:839} INFO - DAG(s) dict_keys(['example_branch_datetime_operator_2', 'example_branch_datetime_operator_3', 'example_branch_datetime_operator']) retrieved from /home/airflow/.local/lib/python3.10/site-packages/airflow/example_dags/example_branch_datetime_operator.py
[2025-06-02T22:01:07.519+0000] {logging_mixin.py:154} INFO - [2025-06-02T22:01:07.519+0000] {dag.py:2941} INFO - Sync 3 DAGs
[2025-06-02T22:01:07.553+0000] {logging_mixin.py:154} INFO - [2025-06-02T22:01:07.552+0000] {dag.py:3722} INFO - Setting next_dagrun for example_branch_datetime_operator to 2025-06-01T00:00:00+00:00, run_after=2025-06-02T00:00:00+00:00
[2025-06-02T22:01:07.559+0000] {logging_mixin.py:154} INFO - [2025-06-02T22:01:07.559+0000] {dag.py:3722} INFO - Setting next_dagrun for example_branch_datetime_operator_2 to 2025-06-01T00:00:00+00:00, run_after=2025-06-02T00:00:00+00:00
[2025-06-02T22:01:07.563+0000] {logging_mixin.py:154} INFO - [2025-06-02T22:01:07.563+0000] {dag.py:3722} INFO - Setting next_dagrun for example_branch_datetime_operator_3 to 2025-06-01T00:00:00+00:00, run_after=2025-06-02T00:00:00+00:00
[2025-06-02T22:01:07.593+0000] {processor.py:179} INFO - Processing /home/airflow/.local/lib/python3.10/site-packages/airflow/example_dags/example_branch_datetime_operator.py took 0.139 seconds
[2025-06-02T22:01:38.119+0000] {processor.py:157} INFO - Started process (PID=237) to work on /home/airflow/.local/lib/python3.10/site-packages/airflow/example_dags/example_branch_datetime_operator.py
[2025-06-02T22:01:38.135+0000] {processor.py:829} INFO - Processing file /home/airflow/.local/lib/python3.10/site-packages/airflow/example_dags/example_branch_datetime_operator.py for tasks to queue
[2025-06-02T22:01:38.137+0000] {logging_mixin.py:154} INFO - [2025-06-02T22:01:38.137+0000] {dagbag.py:536} INFO - Filling up the DagBag from /home/airflow/.local/lib/python3.10/site-packages/airflow/example_dags/example_branch_datetime_operator.py
[2025-06-02T22:01:38.167+0000] {processor.py:839} INFO - DAG(s) dict_keys(['example_branch_datetime_operator', 'example_branch_datetime_operator_2', 'example_branch_datetime_operator_3']) retrieved from /home/airflow/.local/lib/python3.10/site-packages/airflow/example_dags/example_branch_datetime_operator.py
[2025-06-02T22:01:38.202+0000] {logging_mixin.py:154} INFO - [2025-06-02T22:01:38.202+0000] {dag.py:2941} INFO - Sync 3 DAGs
[2025-06-02T22:01:38.240+0000] {logging_mixin.py:154} INFO - [2025-06-02T22:01:38.239+0000] {dag.py:3722} INFO - Setting next_dagrun for example_branch_datetime_operator to 2025-06-01T00:00:00+00:00, run_after=2025-06-02T00:00:00+00:00
[2025-06-02T22:01:38.247+0000] {logging_mixin.py:154} INFO - [2025-06-02T22:01:38.247+0000] {dag.py:3722} INFO - Setting next_dagrun for example_branch_datetime_operator_2 to 2025-06-01T00:00:00+00:00, run_after=2025-06-02T00:00:00+00:00
[2025-06-02T22:01:38.252+0000] {logging_mixin.py:154} INFO - [2025-06-02T22:01:38.251+0000] {dag.py:3722} INFO - Setting next_dagrun for example_branch_datetime_operator_3 to 2025-06-01T00:00:00+00:00, run_after=2025-06-02T00:00:00+00:00
[2025-06-02T22:01:38.270+0000] {processor.py:179} INFO - Processing /home/airflow/.local/lib/python3.10/site-packages/airflow/example_dags/example_branch_datetime_operator.py took 0.155 seconds
[2025-06-02T22:02:08.766+0000] {processor.py:157} INFO - Started process (PID=290) to work on /home/airflow/.local/lib/python3.10/site-packages/airflow/example_dags/example_branch_datetime_operator.py
[2025-06-02T22:02:08.767+0000] {processor.py:829} INFO - Processing file /home/airflow/.local/lib/python3.10/site-packages/airflow/example_dags/example_branch_datetime_operator.py for tasks to queue
[2025-06-02T22:02:08.770+0000] {logging_mixin.py:154} INFO - [2025-06-02T22:02:08.770+0000] {dagbag.py:536} INFO - Filling up the DagBag from /home/airflow/.local/lib/python3.10/site-packages/airflow/example_dags/example_branch_datetime_operator.py
[2025-06-02T22:02:08.784+0000] {processor.py:839} INFO - DAG(s) dict_keys(['example_branch_datetime_operator_3', 'example_branch_datetime_operator', 'example_branch_datetime_operator_2']) retrieved from /home/airflow/.local/lib/python3.10/site-packages/airflow/example_dags/example_branch_datetime_operator.py
[2025-06-02T22:02:08.821+0000] {logging_mixin.py:154} INFO - [2025-06-02T22:02:08.821+0000] {dag.py:2941} INFO - Sync 3 DAGs
[2025-06-02T22:02:08.858+0000] {logging_mixin.py:154} INFO - [2025-06-02T22:02:08.858+0000] {dag.py:3722} INFO - Setting next_dagrun for example_branch_datetime_operator to 2025-06-01T00:00:00+00:00, run_after=2025-06-02T00:00:00+00:00
[2025-06-02T22:02:08.865+0000] {logging_mixin.py:154} INFO - [2025-06-02T22:02:08.864+0000] {dag.py:3722} INFO - Setting next_dagrun for example_branch_datetime_operator_2 to 2025-06-01T00:00:00+00:00, run_after=2025-06-02T00:00:00+00:00
[2025-06-02T22:02:08.869+0000] {logging_mixin.py:154} INFO - [2025-06-02T22:02:08.868+0000] {dag.py:3722} INFO - Setting next_dagrun for example_branch_datetime_operator_3 to 2025-06-01T00:00:00+00:00, run_after=2025-06-02T00:00:00+00:00
[2025-06-02T22:02:08.887+0000] {processor.py:179} INFO - Processing /home/airflow/.local/lib/python3.10/site-packages/airflow/example_dags/example_branch_datetime_operator.py took 0.125 seconds
[2025-06-02T22:02:39.661+0000] {processor.py:157} INFO - Started process (PID=344) to work on /home/airflow/.local/lib/python3.10/site-packages/airflow/example_dags/example_branch_datetime_operator.py
[2025-06-02T22:02:39.663+0000] {processor.py:829} INFO - Processing file /home/airflow/.local/lib/python3.10/site-packages/airflow/example_dags/example_branch_datetime_operator.py for tasks to queue
[2025-06-02T22:02:39.667+0000] {logging_mixin.py:154} INFO - [2025-06-02T22:02:39.666+0000] {dagbag.py:536} INFO - Filling up the DagBag from /home/airflow/.local/lib/python3.10/site-packages/airflow/example_dags/example_branch_datetime_operator.py
[2025-06-02T22:02:39.685+0000] {processor.py:839} INFO - DAG(s) dict_keys(['example_branch_datetime_operator', 'example_branch_datetime_operator_2', 'example_branch_datetime_operator_3']) retrieved from /home/airflow/.local/lib/python3.10/site-packages/airflow/example_dags/example_branch_datetime_operator.py
[2025-06-02T22:02:39.723+0000] {logging_mixin.py:154} INFO - [2025-06-02T22:02:39.723+0000] {dag.py:2941} INFO - Sync 3 DAGs
[2025-06-02T22:02:39.758+0000] {logging_mixin.py:154} INFO - [2025-06-02T22:02:39.758+0000] {dag.py:3722} INFO - Setting next_dagrun for example_branch_datetime_operator to 2025-06-01T00:00:00+00:00, run_after=2025-06-02T00:00:00+00:00
[2025-06-02T22:02:39.767+0000] {logging_mixin.py:154} INFO - [2025-06-02T22:02:39.766+0000] {dag.py:3722} INFO - Setting next_dagrun for example_branch_datetime_operator_2 to 2025-06-01T00:00:00+00:00, run_after=2025-06-02T00:00:00+00:00
[2025-06-02T22:02:39.771+0000] {logging_mixin.py:154} INFO - [2025-06-02T22:02:39.771+0000] {dag.py:3722} INFO - Setting next_dagrun for example_branch_datetime_operator_3 to 2025-06-01T00:00:00+00:00, run_after=2025-06-02T00:00:00+00:00
[2025-06-02T22:02:39.797+0000] {processor.py:179} INFO - Processing /home/airflow/.local/lib/python3.10/site-packages/airflow/example_dags/example_branch_datetime_operator.py took 0.140 seconds
[2025-06-02T22:03:10.281+0000] {processor.py:157} INFO - Started process (PID=399) to work on /home/airflow/.local/lib/python3.10/site-packages/airflow/example_dags/example_branch_datetime_operator.py
[2025-06-02T22:03:10.282+0000] {processor.py:829} INFO - Processing file /home/airflow/.local/lib/python3.10/site-packages/airflow/example_dags/example_branch_datetime_operator.py for tasks to queue
[2025-06-02T22:03:10.285+0000] {logging_mixin.py:154} INFO - [2025-06-02T22:03:10.285+0000] {dagbag.py:536} INFO - Filling up the DagBag from /home/airflow/.local/lib/python3.10/site-packages/airflow/example_dags/example_branch_datetime_operator.py
[2025-06-02T22:03:10.299+0000] {processor.py:839} INFO - DAG(s) dict_keys(['example_branch_datetime_operator_3', 'example_branch_datetime_operator', 'example_branch_datetime_operator_2']) retrieved from /home/airflow/.local/lib/python3.10/site-packages/airflow/example_dags/example_branch_datetime_operator.py
[2025-06-02T22:03:10.337+0000] {logging_mixin.py:154} INFO - [2025-06-02T22:03:10.337+0000] {dag.py:2941} INFO - Sync 3 DAGs
[2025-06-02T22:03:10.371+0000] {logging_mixin.py:154} INFO - [2025-06-02T22:03:10.370+0000] {dag.py:3722} INFO - Setting next_dagrun for example_branch_datetime_operator to 2025-06-01T00:00:00+00:00, run_after=2025-06-02T00:00:00+00:00
[2025-06-02T22:03:10.378+0000] {logging_mixin.py:154} INFO - [2025-06-02T22:03:10.378+0000] {dag.py:3722} INFO - Setting next_dagrun for example_branch_datetime_operator_2 to 2025-06-01T00:00:00+00:00, run_after=2025-06-02T00:00:00+00:00
[2025-06-02T22:03:10.382+0000] {logging_mixin.py:154} INFO - [2025-06-02T22:03:10.382+0000] {dag.py:3722} INFO - Setting next_dagrun for example_branch_datetime_operator_3 to 2025-06-01T00:00:00+00:00, run_after=2025-06-02T00:00:00+00:00
[2025-06-02T22:03:10.411+0000] {processor.py:179} INFO - Processing /home/airflow/.local/lib/python3.10/site-packages/airflow/example_dags/example_branch_datetime_operator.py took 0.135 seconds
[2025-06-02T22:03:41.055+0000] {processor.py:157} INFO - Started process (PID=453) to work on /home/airflow/.local/lib/python3.10/site-packages/airflow/example_dags/example_branch_datetime_operator.py
[2025-06-02T22:03:41.056+0000] {processor.py:829} INFO - Processing file /home/airflow/.local/lib/python3.10/site-packages/airflow/example_dags/example_branch_datetime_operator.py for tasks to queue
[2025-06-02T22:03:41.059+0000] {logging_mixin.py:154} INFO - [2025-06-02T22:03:41.059+0000] {dagbag.py:536} INFO - Filling up the DagBag from /home/airflow/.local/lib/python3.10/site-packages/airflow/example_dags/example_branch_datetime_operator.py
[2025-06-02T22:03:41.095+0000] {processor.py:839} INFO - DAG(s) dict_keys(['example_branch_datetime_operator', 'example_branch_datetime_operator_3', 'example_branch_datetime_operator_2']) retrieved from /home/airflow/.local/lib/python3.10/site-packages/airflow/example_dags/example_branch_datetime_operator.py
[2025-06-02T22:03:41.171+0000] {logging_mixin.py:154} INFO - [2025-06-02T22:03:41.170+0000] {dag.py:2941} INFO - Sync 3 DAGs
[2025-06-02T22:03:41.202+0000] {logging_mixin.py:154} INFO - [2025-06-02T22:03:41.202+0000] {dag.py:3722} INFO - Setting next_dagrun for example_branch_datetime_operator to 2025-06-01T00:00:00+00:00, run_after=2025-06-02T00:00:00+00:00
[2025-06-02T22:03:41.207+0000] {logging_mixin.py:154} INFO - [2025-06-02T22:03:41.207+0000] {dag.py:3722} INFO - Setting next_dagrun for example_branch_datetime_operator_2 to 2025-06-01T00:00:00+00:00, run_after=2025-06-02T00:00:00+00:00
[2025-06-02T22:03:41.210+0000] {logging_mixin.py:154} INFO - [2025-06-02T22:03:41.210+0000] {dag.py:3722} INFO - Setting next_dagrun for example_branch_datetime_operator_3 to 2025-06-01T00:00:00+00:00, run_after=2025-06-02T00:00:00+00:00
[2025-06-02T22:03:41.246+0000] {processor.py:179} INFO - Processing /home/airflow/.local/lib/python3.10/site-packages/airflow/example_dags/example_branch_datetime_operator.py took 0.196 seconds
[2025-06-02T22:04:11.737+0000] {processor.py:157} INFO - Started process (PID=507) to work on /home/airflow/.local/lib/python3.10/site-packages/airflow/example_dags/example_branch_datetime_operator.py
[2025-06-02T22:04:11.744+0000] {processor.py:829} INFO - Processing file /home/airflow/.local/lib/python3.10/site-packages/airflow/example_dags/example_branch_datetime_operator.py for tasks to queue
[2025-06-02T22:04:11.755+0000] {logging_mixin.py:154} INFO - [2025-06-02T22:04:11.755+0000] {dagbag.py:536} INFO - Filling up the DagBag from /home/airflow/.local/lib/python3.10/site-packages/airflow/example_dags/example_branch_datetime_operator.py
[2025-06-02T22:04:11.807+0000] {processor.py:839} INFO - DAG(s) dict_keys(['example_branch_datetime_operator_3', 'example_branch_datetime_operator_2', 'example_branch_datetime_operator']) retrieved from /home/airflow/.local/lib/python3.10/site-packages/airflow/example_dags/example_branch_datetime_operator.py
[2025-06-02T22:04:11.911+0000] {logging_mixin.py:154} INFO - [2025-06-02T22:04:11.911+0000] {dag.py:2941} INFO - Sync 3 DAGs
[2025-06-02T22:04:11.980+0000] {logging_mixin.py:154} INFO - [2025-06-02T22:04:11.980+0000] {dag.py:3722} INFO - Setting next_dagrun for example_branch_datetime_operator to 2025-06-01T00:00:00+00:00, run_after=2025-06-02T00:00:00+00:00
[2025-06-02T22:04:11.987+0000] {logging_mixin.py:154} INFO - [2025-06-02T22:04:11.987+0000] {dag.py:3722} INFO - Setting next_dagrun for example_branch_datetime_operator_2 to 2025-06-01T00:00:00+00:00, run_after=2025-06-02T00:00:00+00:00
[2025-06-02T22:04:11.991+0000] {logging_mixin.py:154} INFO - [2025-06-02T22:04:11.990+0000] {dag.py:3722} INFO - Setting next_dagrun for example_branch_datetime_operator_3 to 2025-06-01T00:00:00+00:00, run_after=2025-06-02T00:00:00+00:00
[2025-06-02T22:04:12.028+0000] {processor.py:179} INFO - Processing /home/airflow/.local/lib/python3.10/site-packages/airflow/example_dags/example_branch_datetime_operator.py took 0.296 seconds
[2025-06-02T22:04:42.747+0000] {processor.py:157} INFO - Started process (PID=561) to work on /home/airflow/.local/lib/python3.10/site-packages/airflow/example_dags/example_branch_datetime_operator.py
[2025-06-02T22:04:42.754+0000] {processor.py:829} INFO - Processing file /home/airflow/.local/lib/python3.10/site-packages/airflow/example_dags/example_branch_datetime_operator.py for tasks to queue
[2025-06-02T22:04:42.756+0000] {logging_mixin.py:154} INFO - [2025-06-02T22:04:42.756+0000] {dagbag.py:536} INFO - Filling up the DagBag from /home/airflow/.local/lib/python3.10/site-packages/airflow/example_dags/example_branch_datetime_operator.py
[2025-06-02T22:04:42.806+0000] {processor.py:839} INFO - DAG(s) dict_keys(['example_branch_datetime_operator', 'example_branch_datetime_operator_3', 'example_branch_datetime_operator_2']) retrieved from /home/airflow/.local/lib/python3.10/site-packages/airflow/example_dags/example_branch_datetime_operator.py
[2025-06-02T22:04:42.934+0000] {logging_mixin.py:154} INFO - [2025-06-02T22:04:42.934+0000] {dag.py:2941} INFO - Sync 3 DAGs
[2025-06-02T22:04:43.045+0000] {logging_mixin.py:154} INFO - [2025-06-02T22:04:43.045+0000] {dag.py:3722} INFO - Setting next_dagrun for example_branch_datetime_operator to 2025-06-01T00:00:00+00:00, run_after=2025-06-02T00:00:00+00:00
[2025-06-02T22:04:43.074+0000] {logging_mixin.py:154} INFO - [2025-06-02T22:04:43.073+0000] {dag.py:3722} INFO - Setting next_dagrun for example_branch_datetime_operator_2 to 2025-06-01T00:00:00+00:00, run_after=2025-06-02T00:00:00+00:00
[2025-06-02T22:04:43.085+0000] {logging_mixin.py:154} INFO - [2025-06-02T22:04:43.084+0000] {dag.py:3722} INFO - Setting next_dagrun for example_branch_datetime_operator_3 to 2025-06-01T00:00:00+00:00, run_after=2025-06-02T00:00:00+00:00
[2025-06-02T22:04:43.142+0000] {processor.py:179} INFO - Processing /home/airflow/.local/lib/python3.10/site-packages/airflow/example_dags/example_branch_datetime_operator.py took 0.408 seconds
[2025-06-02T22:05:13.991+0000] {processor.py:157} INFO - Started process (PID=616) to work on /home/airflow/.local/lib/python3.10/site-packages/airflow/example_dags/example_branch_datetime_operator.py
[2025-06-02T22:05:13.992+0000] {processor.py:829} INFO - Processing file /home/airflow/.local/lib/python3.10/site-packages/airflow/example_dags/example_branch_datetime_operator.py for tasks to queue
[2025-06-02T22:05:13.995+0000] {logging_mixin.py:154} INFO - [2025-06-02T22:05:13.994+0000] {dagbag.py:536} INFO - Filling up the DagBag from /home/airflow/.local/lib/python3.10/site-packages/airflow/example_dags/example_branch_datetime_operator.py
[2025-06-02T22:05:14.009+0000] {processor.py:839} INFO - DAG(s) dict_keys(['example_branch_datetime_operator_3', 'example_branch_datetime_operator', 'example_branch_datetime_operator_2']) retrieved from /home/airflow/.local/lib/python3.10/site-packages/airflow/example_dags/example_branch_datetime_operator.py
[2025-06-02T22:05:14.045+0000] {logging_mixin.py:154} INFO - [2025-06-02T22:05:14.045+0000] {dag.py:2941} INFO - Sync 3 DAGs
[2025-06-02T22:05:14.079+0000] {logging_mixin.py:154} INFO - [2025-06-02T22:05:14.079+0000] {dag.py:3722} INFO - Setting next_dagrun for example_branch_datetime_operator to 2025-06-01T00:00:00+00:00, run_after=2025-06-02T00:00:00+00:00
[2025-06-02T22:05:14.087+0000] {logging_mixin.py:154} INFO - [2025-06-02T22:05:14.087+0000] {dag.py:3722} INFO - Setting next_dagrun for example_branch_datetime_operator_2 to 2025-06-01T00:00:00+00:00, run_after=2025-06-02T00:00:00+00:00
[2025-06-02T22:05:14.090+0000] {logging_mixin.py:154} INFO - [2025-06-02T22:05:14.090+0000] {dag.py:3722} INFO - Setting next_dagrun for example_branch_datetime_operator_3 to 2025-06-01T00:00:00+00:00, run_after=2025-06-02T00:00:00+00:00
[2025-06-02T22:05:14.110+0000] {processor.py:179} INFO - Processing /home/airflow/.local/lib/python3.10/site-packages/airflow/example_dags/example_branch_datetime_operator.py took 0.124 seconds
[2025-06-02T22:05:44.310+0000] {processor.py:157} INFO - Started process (PID=670) to work on /home/airflow/.local/lib/python3.10/site-packages/airflow/example_dags/example_branch_datetime_operator.py
[2025-06-02T22:05:44.312+0000] {processor.py:829} INFO - Processing file /home/airflow/.local/lib/python3.10/site-packages/airflow/example_dags/example_branch_datetime_operator.py for tasks to queue
[2025-06-02T22:05:44.315+0000] {logging_mixin.py:154} INFO - [2025-06-02T22:05:44.314+0000] {dagbag.py:536} INFO - Filling up the DagBag from /home/airflow/.local/lib/python3.10/site-packages/airflow/example_dags/example_branch_datetime_operator.py
[2025-06-02T22:05:44.329+0000] {processor.py:839} INFO - DAG(s) dict_keys(['example_branch_datetime_operator_3', 'example_branch_datetime_operator_2', 'example_branch_datetime_operator']) retrieved from /home/airflow/.local/lib/python3.10/site-packages/airflow/example_dags/example_branch_datetime_operator.py
[2025-06-02T22:05:44.371+0000] {logging_mixin.py:154} INFO - [2025-06-02T22:05:44.371+0000] {dag.py:2941} INFO - Sync 3 DAGs
[2025-06-02T22:05:44.405+0000] {logging_mixin.py:154} INFO - [2025-06-02T22:05:44.405+0000] {dag.py:3722} INFO - Setting next_dagrun for example_branch_datetime_operator to 2025-06-01T00:00:00+00:00, run_after=2025-06-02T00:00:00+00:00
[2025-06-02T22:05:44.413+0000] {logging_mixin.py:154} INFO - [2025-06-02T22:05:44.412+0000] {dag.py:3722} INFO - Setting next_dagrun for example_branch_datetime_operator_2 to 2025-06-01T00:00:00+00:00, run_after=2025-06-02T00:00:00+00:00
[2025-06-02T22:05:44.416+0000] {logging_mixin.py:154} INFO - [2025-06-02T22:05:44.416+0000] {dag.py:3722} INFO - Setting next_dagrun for example_branch_datetime_operator_3 to 2025-06-01T00:00:00+00:00, run_after=2025-06-02T00:00:00+00:00
[2025-06-02T22:05:44.441+0000] {processor.py:179} INFO - Processing /home/airflow/.local/lib/python3.10/site-packages/airflow/example_dags/example_branch_datetime_operator.py took 0.136 seconds
[2025-06-02T22:06:14.573+0000] {processor.py:157} INFO - Started process (PID=723) to work on /home/airflow/.local/lib/python3.10/site-packages/airflow/example_dags/example_branch_datetime_operator.py
[2025-06-02T22:06:14.574+0000] {processor.py:829} INFO - Processing file /home/airflow/.local/lib/python3.10/site-packages/airflow/example_dags/example_branch_datetime_operator.py for tasks to queue
[2025-06-02T22:06:14.577+0000] {logging_mixin.py:154} INFO - [2025-06-02T22:06:14.576+0000] {dagbag.py:536} INFO - Filling up the DagBag from /home/airflow/.local/lib/python3.10/site-packages/airflow/example_dags/example_branch_datetime_operator.py
[2025-06-02T22:06:14.591+0000] {processor.py:839} INFO - DAG(s) dict_keys(['example_branch_datetime_operator_3', 'example_branch_datetime_operator', 'example_branch_datetime_operator_2']) retrieved from /home/airflow/.local/lib/python3.10/site-packages/airflow/example_dags/example_branch_datetime_operator.py
[2025-06-02T22:06:14.630+0000] {logging_mixin.py:154} INFO - [2025-06-02T22:06:14.629+0000] {dag.py:2941} INFO - Sync 3 DAGs
[2025-06-02T22:06:14.664+0000] {logging_mixin.py:154} INFO - [2025-06-02T22:06:14.663+0000] {dag.py:3722} INFO - Setting next_dagrun for example_branch_datetime_operator to 2025-06-01T00:00:00+00:00, run_after=2025-06-02T00:00:00+00:00
[2025-06-02T22:06:14.671+0000] {logging_mixin.py:154} INFO - [2025-06-02T22:06:14.670+0000] {dag.py:3722} INFO - Setting next_dagrun for example_branch_datetime_operator_2 to 2025-06-01T00:00:00+00:00, run_after=2025-06-02T00:00:00+00:00
[2025-06-02T22:06:14.676+0000] {logging_mixin.py:154} INFO - [2025-06-02T22:06:14.676+0000] {dag.py:3722} INFO - Setting next_dagrun for example_branch_datetime_operator_3 to 2025-06-01T00:00:00+00:00, run_after=2025-06-02T00:00:00+00:00
[2025-06-02T22:06:14.702+0000] {processor.py:179} INFO - Processing /home/airflow/.local/lib/python3.10/site-packages/airflow/example_dags/example_branch_datetime_operator.py took 0.134 seconds
[2025-06-02T22:06:45.138+0000] {processor.py:157} INFO - Started process (PID=778) to work on /home/airflow/.local/lib/python3.10/site-packages/airflow/example_dags/example_branch_datetime_operator.py
[2025-06-02T22:06:45.151+0000] {processor.py:829} INFO - Processing file /home/airflow/.local/lib/python3.10/site-packages/airflow/example_dags/example_branch_datetime_operator.py for tasks to queue
[2025-06-02T22:06:45.154+0000] {logging_mixin.py:154} INFO - [2025-06-02T22:06:45.153+0000] {dagbag.py:536} INFO - Filling up the DagBag from /home/airflow/.local/lib/python3.10/site-packages/airflow/example_dags/example_branch_datetime_operator.py
[2025-06-02T22:06:45.168+0000] {processor.py:839} INFO - DAG(s) dict_keys(['example_branch_datetime_operator_2', 'example_branch_datetime_operator_3', 'example_branch_datetime_operator']) retrieved from /home/airflow/.local/lib/python3.10/site-packages/airflow/example_dags/example_branch_datetime_operator.py
[2025-06-02T22:06:45.205+0000] {logging_mixin.py:154} INFO - [2025-06-02T22:06:45.205+0000] {dag.py:2941} INFO - Sync 3 DAGs
[2025-06-02T22:06:45.238+0000] {logging_mixin.py:154} INFO - [2025-06-02T22:06:45.237+0000] {dag.py:3722} INFO - Setting next_dagrun for example_branch_datetime_operator to 2025-06-01T00:00:00+00:00, run_after=2025-06-02T00:00:00+00:00
[2025-06-02T22:06:45.245+0000] {logging_mixin.py:154} INFO - [2025-06-02T22:06:45.244+0000] {dag.py:3722} INFO - Setting next_dagrun for example_branch_datetime_operator_2 to 2025-06-01T00:00:00+00:00, run_after=2025-06-02T00:00:00+00:00
[2025-06-02T22:06:45.248+0000] {logging_mixin.py:154} INFO - [2025-06-02T22:06:45.248+0000] {dag.py:3722} INFO - Setting next_dagrun for example_branch_datetime_operator_3 to 2025-06-01T00:00:00+00:00, run_after=2025-06-02T00:00:00+00:00
[2025-06-02T22:06:45.276+0000] {processor.py:179} INFO - Processing /home/airflow/.local/lib/python3.10/site-packages/airflow/example_dags/example_branch_datetime_operator.py took 0.142 seconds
[2025-06-02T22:07:15.322+0000] {processor.py:157} INFO - Started process (PID=832) to work on /home/airflow/.local/lib/python3.10/site-packages/airflow/example_dags/example_branch_datetime_operator.py
[2025-06-02T22:07:15.323+0000] {processor.py:829} INFO - Processing file /home/airflow/.local/lib/python3.10/site-packages/airflow/example_dags/example_branch_datetime_operator.py for tasks to queue
[2025-06-02T22:07:15.326+0000] {logging_mixin.py:154} INFO - [2025-06-02T22:07:15.325+0000] {dagbag.py:536} INFO - Filling up the DagBag from /home/airflow/.local/lib/python3.10/site-packages/airflow/example_dags/example_branch_datetime_operator.py
[2025-06-02T22:07:15.340+0000] {processor.py:839} INFO - DAG(s) dict_keys(['example_branch_datetime_operator_3', 'example_branch_datetime_operator', 'example_branch_datetime_operator_2']) retrieved from /home/airflow/.local/lib/python3.10/site-packages/airflow/example_dags/example_branch_datetime_operator.py
[2025-06-02T22:07:15.378+0000] {logging_mixin.py:154} INFO - [2025-06-02T22:07:15.377+0000] {dag.py:2941} INFO - Sync 3 DAGs
[2025-06-02T22:07:15.433+0000] {logging_mixin.py:154} INFO - [2025-06-02T22:07:15.433+0000] {dag.py:3722} INFO - Setting next_dagrun for example_branch_datetime_operator to 2025-06-01T00:00:00+00:00, run_after=2025-06-02T00:00:00+00:00
[2025-06-02T22:07:15.442+0000] {logging_mixin.py:154} INFO - [2025-06-02T22:07:15.442+0000] {dag.py:3722} INFO - Setting next_dagrun for example_branch_datetime_operator_2 to 2025-06-01T00:00:00+00:00, run_after=2025-06-02T00:00:00+00:00
[2025-06-02T22:07:15.446+0000] {logging_mixin.py:154} INFO - [2025-06-02T22:07:15.446+0000] {dag.py:3722} INFO - Setting next_dagrun for example_branch_datetime_operator_3 to 2025-06-01T00:00:00+00:00, run_after=2025-06-02T00:00:00+00:00
[2025-06-02T22:07:15.470+0000] {processor.py:179} INFO - Processing /home/airflow/.local/lib/python3.10/site-packages/airflow/example_dags/example_branch_datetime_operator.py took 0.153 seconds
[2025-06-02T22:07:46.117+0000] {processor.py:157} INFO - Started process (PID=886) to work on /home/airflow/.local/lib/python3.10/site-packages/airflow/example_dags/example_branch_datetime_operator.py
[2025-06-02T22:07:46.118+0000] {processor.py:829} INFO - Processing file /home/airflow/.local/lib/python3.10/site-packages/airflow/example_dags/example_branch_datetime_operator.py for tasks to queue
[2025-06-02T22:07:46.122+0000] {logging_mixin.py:154} INFO - [2025-06-02T22:07:46.121+0000] {dagbag.py:536} INFO - Filling up the DagBag from /home/airflow/.local/lib/python3.10/site-packages/airflow/example_dags/example_branch_datetime_operator.py
[2025-06-02T22:07:46.136+0000] {processor.py:839} INFO - DAG(s) dict_keys(['example_branch_datetime_operator', 'example_branch_datetime_operator_2', 'example_branch_datetime_operator_3']) retrieved from /home/airflow/.local/lib/python3.10/site-packages/airflow/example_dags/example_branch_datetime_operator.py
[2025-06-02T22:07:46.174+0000] {logging_mixin.py:154} INFO - [2025-06-02T22:07:46.174+0000] {dag.py:2941} INFO - Sync 3 DAGs
[2025-06-02T22:07:46.208+0000] {logging_mixin.py:154} INFO - [2025-06-02T22:07:46.207+0000] {dag.py:3722} INFO - Setting next_dagrun for example_branch_datetime_operator to 2025-06-01T00:00:00+00:00, run_after=2025-06-02T00:00:00+00:00
[2025-06-02T22:07:46.214+0000] {logging_mixin.py:154} INFO - [2025-06-02T22:07:46.214+0000] {dag.py:3722} INFO - Setting next_dagrun for example_branch_datetime_operator_2 to 2025-06-01T00:00:00+00:00, run_after=2025-06-02T00:00:00+00:00
[2025-06-02T22:07:46.218+0000] {logging_mixin.py:154} INFO - [2025-06-02T22:07:46.218+0000] {dag.py:3722} INFO - Setting next_dagrun for example_branch_datetime_operator_3 to 2025-06-01T00:00:00+00:00, run_after=2025-06-02T00:00:00+00:00
[2025-06-02T22:07:46.239+0000] {processor.py:179} INFO - Processing /home/airflow/.local/lib/python3.10/site-packages/airflow/example_dags/example_branch_datetime_operator.py took 0.127 seconds
[2025-06-02T22:08:16.617+0000] {processor.py:157} INFO - Started process (PID=940) to work on /home/airflow/.local/lib/python3.10/site-packages/airflow/example_dags/example_branch_datetime_operator.py
[2025-06-02T22:08:16.618+0000] {processor.py:829} INFO - Processing file /home/airflow/.local/lib/python3.10/site-packages/airflow/example_dags/example_branch_datetime_operator.py for tasks to queue
[2025-06-02T22:08:16.621+0000] {logging_mixin.py:154} INFO - [2025-06-02T22:08:16.621+0000] {dagbag.py:536} INFO - Filling up the DagBag from /home/airflow/.local/lib/python3.10/site-packages/airflow/example_dags/example_branch_datetime_operator.py
[2025-06-02T22:08:16.636+0000] {processor.py:839} INFO - DAG(s) dict_keys(['example_branch_datetime_operator', 'example_branch_datetime_operator_2', 'example_branch_datetime_operator_3']) retrieved from /home/airflow/.local/lib/python3.10/site-packages/airflow/example_dags/example_branch_datetime_operator.py
[2025-06-02T22:08:16.677+0000] {logging_mixin.py:154} INFO - [2025-06-02T22:08:16.677+0000] {dag.py:2941} INFO - Sync 3 DAGs
[2025-06-02T22:08:16.709+0000] {logging_mixin.py:154} INFO - [2025-06-02T22:08:16.709+0000] {dag.py:3722} INFO - Setting next_dagrun for example_branch_datetime_operator to 2025-06-01T00:00:00+00:00, run_after=2025-06-02T00:00:00+00:00
[2025-06-02T22:08:16.716+0000] {logging_mixin.py:154} INFO - [2025-06-02T22:08:16.716+0000] {dag.py:3722} INFO - Setting next_dagrun for example_branch_datetime_operator_2 to 2025-06-01T00:00:00+00:00, run_after=2025-06-02T00:00:00+00:00
[2025-06-02T22:08:16.720+0000] {logging_mixin.py:154} INFO - [2025-06-02T22:08:16.720+0000] {dag.py:3722} INFO - Setting next_dagrun for example_branch_datetime_operator_3 to 2025-06-01T00:00:00+00:00, run_after=2025-06-02T00:00:00+00:00
[2025-06-02T22:08:16.742+0000] {processor.py:179} INFO - Processing /home/airflow/.local/lib/python3.10/site-packages/airflow/example_dags/example_branch_datetime_operator.py took 0.129 seconds
[2025-06-02T22:08:47.229+0000] {processor.py:157} INFO - Started process (PID=994) to work on /home/airflow/.local/lib/python3.10/site-packages/airflow/example_dags/example_branch_datetime_operator.py
[2025-06-02T22:08:47.231+0000] {processor.py:829} INFO - Processing file /home/airflow/.local/lib/python3.10/site-packages/airflow/example_dags/example_branch_datetime_operator.py for tasks to queue
[2025-06-02T22:08:47.235+0000] {logging_mixin.py:154} INFO - [2025-06-02T22:08:47.234+0000] {dagbag.py:536} INFO - Filling up the DagBag from /home/airflow/.local/lib/python3.10/site-packages/airflow/example_dags/example_branch_datetime_operator.py
[2025-06-02T22:08:47.249+0000] {processor.py:839} INFO - DAG(s) dict_keys(['example_branch_datetime_operator_2', 'example_branch_datetime_operator', 'example_branch_datetime_operator_3']) retrieved from /home/airflow/.local/lib/python3.10/site-packages/airflow/example_dags/example_branch_datetime_operator.py
[2025-06-02T22:08:47.288+0000] {logging_mixin.py:154} INFO - [2025-06-02T22:08:47.288+0000] {dag.py:2941} INFO - Sync 3 DAGs
[2025-06-02T22:08:47.518+0000] {logging_mixin.py:154} INFO - [2025-06-02T22:08:47.518+0000] {dag.py:3722} INFO - Setting next_dagrun for example_branch_datetime_operator to 2025-06-01T00:00:00+00:00, run_after=2025-06-02T00:00:00+00:00
[2025-06-02T22:08:47.526+0000] {logging_mixin.py:154} INFO - [2025-06-02T22:08:47.525+0000] {dag.py:3722} INFO - Setting next_dagrun for example_branch_datetime_operator_2 to 2025-06-01T00:00:00+00:00, run_after=2025-06-02T00:00:00+00:00
[2025-06-02T22:08:47.530+0000] {logging_mixin.py:154} INFO - [2025-06-02T22:08:47.530+0000] {dag.py:3722} INFO - Setting next_dagrun for example_branch_datetime_operator_3 to 2025-06-01T00:00:00+00:00, run_after=2025-06-02T00:00:00+00:00
[2025-06-02T22:08:47.549+0000] {processor.py:179} INFO - Processing /home/airflow/.local/lib/python3.10/site-packages/airflow/example_dags/example_branch_datetime_operator.py took 0.324 seconds
[2025-06-02T22:09:18.073+0000] {processor.py:157} INFO - Started process (PID=1048) to work on /home/airflow/.local/lib/python3.10/site-packages/airflow/example_dags/example_branch_datetime_operator.py
[2025-06-02T22:09:18.074+0000] {processor.py:829} INFO - Processing file /home/airflow/.local/lib/python3.10/site-packages/airflow/example_dags/example_branch_datetime_operator.py for tasks to queue
[2025-06-02T22:09:18.077+0000] {logging_mixin.py:154} INFO - [2025-06-02T22:09:18.077+0000] {dagbag.py:536} INFO - Filling up the DagBag from /home/airflow/.local/lib/python3.10/site-packages/airflow/example_dags/example_branch_datetime_operator.py
[2025-06-02T22:09:18.092+0000] {processor.py:839} INFO - DAG(s) dict_keys(['example_branch_datetime_operator_3', 'example_branch_datetime_operator', 'example_branch_datetime_operator_2']) retrieved from /home/airflow/.local/lib/python3.10/site-packages/airflow/example_dags/example_branch_datetime_operator.py
[2025-06-02T22:09:18.130+0000] {logging_mixin.py:154} INFO - [2025-06-02T22:09:18.130+0000] {dag.py:2941} INFO - Sync 3 DAGs
[2025-06-02T22:09:18.164+0000] {logging_mixin.py:154} INFO - [2025-06-02T22:09:18.164+0000] {dag.py:3722} INFO - Setting next_dagrun for example_branch_datetime_operator to 2025-06-01T00:00:00+00:00, run_after=2025-06-02T00:00:00+00:00
[2025-06-02T22:09:18.173+0000] {logging_mixin.py:154} INFO - [2025-06-02T22:09:18.172+0000] {dag.py:3722} INFO - Setting next_dagrun for example_branch_datetime_operator_2 to 2025-06-01T00:00:00+00:00, run_after=2025-06-02T00:00:00+00:00
[2025-06-02T22:09:18.176+0000] {logging_mixin.py:154} INFO - [2025-06-02T22:09:18.176+0000] {dag.py:3722} INFO - Setting next_dagrun for example_branch_datetime_operator_3 to 2025-06-01T00:00:00+00:00, run_after=2025-06-02T00:00:00+00:00
[2025-06-02T22:09:18.389+0000] {processor.py:179} INFO - Processing /home/airflow/.local/lib/python3.10/site-packages/airflow/example_dags/example_branch_datetime_operator.py took 0.322 seconds
[2025-06-02T22:09:49.139+0000] {processor.py:157} INFO - Started process (PID=1101) to work on /home/airflow/.local/lib/python3.10/site-packages/airflow/example_dags/example_branch_datetime_operator.py
[2025-06-02T22:09:49.140+0000] {processor.py:829} INFO - Processing file /home/airflow/.local/lib/python3.10/site-packages/airflow/example_dags/example_branch_datetime_operator.py for tasks to queue
[2025-06-02T22:09:49.144+0000] {logging_mixin.py:154} INFO - [2025-06-02T22:09:49.143+0000] {dagbag.py:536} INFO - Filling up the DagBag from /home/airflow/.local/lib/python3.10/site-packages/airflow/example_dags/example_branch_datetime_operator.py
[2025-06-02T22:09:49.158+0000] {processor.py:839} INFO - DAG(s) dict_keys(['example_branch_datetime_operator_3', 'example_branch_datetime_operator_2', 'example_branch_datetime_operator']) retrieved from /home/airflow/.local/lib/python3.10/site-packages/airflow/example_dags/example_branch_datetime_operator.py
[2025-06-02T22:09:49.200+0000] {logging_mixin.py:154} INFO - [2025-06-02T22:09:49.200+0000] {dag.py:2941} INFO - Sync 3 DAGs
[2025-06-02T22:09:49.233+0000] {logging_mixin.py:154} INFO - [2025-06-02T22:09:49.232+0000] {dag.py:3722} INFO - Setting next_dagrun for example_branch_datetime_operator to 2025-06-01T00:00:00+00:00, run_after=2025-06-02T00:00:00+00:00
[2025-06-02T22:09:49.239+0000] {logging_mixin.py:154} INFO - [2025-06-02T22:09:49.239+0000] {dag.py:3722} INFO - Setting next_dagrun for example_branch_datetime_operator_2 to 2025-06-01T00:00:00+00:00, run_after=2025-06-02T00:00:00+00:00
[2025-06-02T22:09:49.242+0000] {logging_mixin.py:154} INFO - [2025-06-02T22:09:49.242+0000] {dag.py:3722} INFO - Setting next_dagrun for example_branch_datetime_operator_3 to 2025-06-01T00:00:00+00:00, run_after=2025-06-02T00:00:00+00:00
[2025-06-02T22:09:49.265+0000] {processor.py:179} INFO - Processing /home/airflow/.local/lib/python3.10/site-packages/airflow/example_dags/example_branch_datetime_operator.py took 0.131 seconds
[2025-06-02T22:10:20.197+0000] {processor.py:157} INFO - Started process (PID=1155) to work on /home/airflow/.local/lib/python3.10/site-packages/airflow/example_dags/example_branch_datetime_operator.py
[2025-06-02T22:10:20.215+0000] {processor.py:829} INFO - Processing file /home/airflow/.local/lib/python3.10/site-packages/airflow/example_dags/example_branch_datetime_operator.py for tasks to queue
[2025-06-02T22:10:20.218+0000] {logging_mixin.py:154} INFO - [2025-06-02T22:10:20.218+0000] {dagbag.py:536} INFO - Filling up the DagBag from /home/airflow/.local/lib/python3.10/site-packages/airflow/example_dags/example_branch_datetime_operator.py
[2025-06-02T22:10:20.241+0000] {processor.py:839} INFO - DAG(s) dict_keys(['example_branch_datetime_operator', 'example_branch_datetime_operator_3', 'example_branch_datetime_operator_2']) retrieved from /home/airflow/.local/lib/python3.10/site-packages/airflow/example_dags/example_branch_datetime_operator.py
[2025-06-02T22:10:20.319+0000] {logging_mixin.py:154} INFO - [2025-06-02T22:10:20.319+0000] {dag.py:2941} INFO - Sync 3 DAGs
[2025-06-02T22:10:21.158+0000] {logging_mixin.py:154} INFO - [2025-06-02T22:10:21.158+0000] {dag.py:3722} INFO - Setting next_dagrun for example_branch_datetime_operator to 2025-06-01T00:00:00+00:00, run_after=2025-06-02T00:00:00+00:00
[2025-06-02T22:10:21.217+0000] {logging_mixin.py:154} INFO - [2025-06-02T22:10:21.217+0000] {dag.py:3722} INFO - Setting next_dagrun for example_branch_datetime_operator_2 to 2025-06-01T00:00:00+00:00, run_after=2025-06-02T00:00:00+00:00
[2025-06-02T22:10:21.228+0000] {logging_mixin.py:154} INFO - [2025-06-02T22:10:21.227+0000] {dag.py:3722} INFO - Setting next_dagrun for example_branch_datetime_operator_3 to 2025-06-01T00:00:00+00:00, run_after=2025-06-02T00:00:00+00:00
[2025-06-02T22:10:21.311+0000] {processor.py:179} INFO - Processing /home/airflow/.local/lib/python3.10/site-packages/airflow/example_dags/example_branch_datetime_operator.py took 1.119 seconds
[2025-06-02T22:10:51.802+0000] {processor.py:157} INFO - Started process (PID=1209) to work on /home/airflow/.local/lib/python3.10/site-packages/airflow/example_dags/example_branch_datetime_operator.py
[2025-06-02T22:10:51.803+0000] {processor.py:829} INFO - Processing file /home/airflow/.local/lib/python3.10/site-packages/airflow/example_dags/example_branch_datetime_operator.py for tasks to queue
[2025-06-02T22:10:51.810+0000] {logging_mixin.py:154} INFO - [2025-06-02T22:10:51.810+0000] {dagbag.py:536} INFO - Filling up the DagBag from /home/airflow/.local/lib/python3.10/site-packages/airflow/example_dags/example_branch_datetime_operator.py
[2025-06-02T22:10:51.836+0000] {processor.py:839} INFO - DAG(s) dict_keys(['example_branch_datetime_operator_3', 'example_branch_datetime_operator_2', 'example_branch_datetime_operator']) retrieved from /home/airflow/.local/lib/python3.10/site-packages/airflow/example_dags/example_branch_datetime_operator.py
[2025-06-02T22:10:51.925+0000] {logging_mixin.py:154} INFO - [2025-06-02T22:10:51.925+0000] {dag.py:2941} INFO - Sync 3 DAGs
[2025-06-02T22:10:52.003+0000] {logging_mixin.py:154} INFO - [2025-06-02T22:10:52.002+0000] {dag.py:3722} INFO - Setting next_dagrun for example_branch_datetime_operator to 2025-06-01T00:00:00+00:00, run_after=2025-06-02T00:00:00+00:00
[2025-06-02T22:10:52.357+0000] {logging_mixin.py:154} INFO - [2025-06-02T22:10:52.357+0000] {dag.py:3722} INFO - Setting next_dagrun for example_branch_datetime_operator_2 to 2025-06-01T00:00:00+00:00, run_after=2025-06-02T00:00:00+00:00
[2025-06-02T22:10:52.366+0000] {logging_mixin.py:154} INFO - [2025-06-02T22:10:52.366+0000] {dag.py:3722} INFO - Setting next_dagrun for example_branch_datetime_operator_3 to 2025-06-01T00:00:00+00:00, run_after=2025-06-02T00:00:00+00:00
[2025-06-02T22:10:52.433+0000] {processor.py:179} INFO - Processing /home/airflow/.local/lib/python3.10/site-packages/airflow/example_dags/example_branch_datetime_operator.py took 0.636 seconds
[2025-06-02T23:03:33.959+0000] {processor.py:157} INFO - Started process (PID=76) to work on /home/airflow/.local/lib/python3.10/site-packages/airflow/example_dags/example_branch_datetime_operator.py
[2025-06-02T23:03:33.962+0000] {processor.py:829} INFO - Processing file /home/airflow/.local/lib/python3.10/site-packages/airflow/example_dags/example_branch_datetime_operator.py for tasks to queue
[2025-06-02T23:03:33.978+0000] {logging_mixin.py:154} INFO - [2025-06-02T23:03:33.978+0000] {dagbag.py:536} INFO - Filling up the DagBag from /home/airflow/.local/lib/python3.10/site-packages/airflow/example_dags/example_branch_datetime_operator.py
[2025-06-02T23:03:34.038+0000] {processor.py:839} INFO - DAG(s) dict_keys(['example_branch_datetime_operator_3', 'example_branch_datetime_operator', 'example_branch_datetime_operator_2']) retrieved from /home/airflow/.local/lib/python3.10/site-packages/airflow/example_dags/example_branch_datetime_operator.py
[2025-06-02T23:03:34.158+0000] {logging_mixin.py:154} INFO - [2025-06-02T23:03:34.158+0000] {dag.py:2941} INFO - Sync 3 DAGs
[2025-06-02T23:03:34.235+0000] {logging_mixin.py:154} INFO - [2025-06-02T23:03:34.234+0000] {dag.py:3722} INFO - Setting next_dagrun for example_branch_datetime_operator to 2025-06-01T00:00:00+00:00, run_after=2025-06-02T00:00:00+00:00
[2025-06-02T23:03:34.262+0000] {logging_mixin.py:154} INFO - [2025-06-02T23:03:34.262+0000] {dag.py:3722} INFO - Setting next_dagrun for example_branch_datetime_operator_2 to 2025-06-01T00:00:00+00:00, run_after=2025-06-02T00:00:00+00:00
[2025-06-02T23:03:34.271+0000] {logging_mixin.py:154} INFO - [2025-06-02T23:03:34.271+0000] {dag.py:3722} INFO - Setting next_dagrun for example_branch_datetime_operator_3 to 2025-06-01T00:00:00+00:00, run_after=2025-06-02T00:00:00+00:00
[2025-06-02T23:03:34.327+0000] {processor.py:179} INFO - Processing /home/airflow/.local/lib/python3.10/site-packages/airflow/example_dags/example_branch_datetime_operator.py took 0.393 seconds
[2025-06-02T23:03:59.731+0000] {processor.py:157} INFO - Started process (PID=61) to work on /home/airflow/.local/lib/python3.10/site-packages/airflow/example_dags/example_branch_datetime_operator.py
[2025-06-02T23:03:59.732+0000] {processor.py:829} INFO - Processing file /home/airflow/.local/lib/python3.10/site-packages/airflow/example_dags/example_branch_datetime_operator.py for tasks to queue
[2025-06-02T23:03:59.735+0000] {logging_mixin.py:154} INFO - [2025-06-02T23:03:59.735+0000] {dagbag.py:536} INFO - Filling up the DagBag from /home/airflow/.local/lib/python3.10/site-packages/airflow/example_dags/example_branch_datetime_operator.py
[2025-06-02T23:03:59.748+0000] {processor.py:839} INFO - DAG(s) dict_keys(['example_branch_datetime_operator_2', 'example_branch_datetime_operator', 'example_branch_datetime_operator_3']) retrieved from /home/airflow/.local/lib/python3.10/site-packages/airflow/example_dags/example_branch_datetime_operator.py
[2025-06-02T23:03:59.788+0000] {logging_mixin.py:154} INFO - [2025-06-02T23:03:59.788+0000] {dag.py:2941} INFO - Sync 3 DAGs
[2025-06-02T23:03:59.822+0000] {logging_mixin.py:154} INFO - [2025-06-02T23:03:59.821+0000] {dag.py:3722} INFO - Setting next_dagrun for example_branch_datetime_operator to 2025-06-01T00:00:00+00:00, run_after=2025-06-02T00:00:00+00:00
[2025-06-02T23:03:59.830+0000] {logging_mixin.py:154} INFO - [2025-06-02T23:03:59.830+0000] {dag.py:3722} INFO - Setting next_dagrun for example_branch_datetime_operator_2 to 2025-06-01T00:00:00+00:00, run_after=2025-06-02T00:00:00+00:00
[2025-06-02T23:03:59.834+0000] {logging_mixin.py:154} INFO - [2025-06-02T23:03:59.834+0000] {dag.py:3722} INFO - Setting next_dagrun for example_branch_datetime_operator_3 to 2025-06-01T00:00:00+00:00, run_after=2025-06-02T00:00:00+00:00
[2025-06-02T23:03:59.857+0000] {processor.py:179} INFO - Processing /home/airflow/.local/lib/python3.10/site-packages/airflow/example_dags/example_branch_datetime_operator.py took 0.131 seconds
[2025-06-02T23:04:30.527+0000] {processor.py:157} INFO - Started process (PID=117) to work on /home/airflow/.local/lib/python3.10/site-packages/airflow/example_dags/example_branch_datetime_operator.py
[2025-06-02T23:04:30.530+0000] {processor.py:829} INFO - Processing file /home/airflow/.local/lib/python3.10/site-packages/airflow/example_dags/example_branch_datetime_operator.py for tasks to queue
[2025-06-02T23:04:30.533+0000] {logging_mixin.py:154} INFO - [2025-06-02T23:04:30.532+0000] {dagbag.py:536} INFO - Filling up the DagBag from /home/airflow/.local/lib/python3.10/site-packages/airflow/example_dags/example_branch_datetime_operator.py
[2025-06-02T23:04:30.550+0000] {processor.py:839} INFO - DAG(s) dict_keys(['example_branch_datetime_operator_3', 'example_branch_datetime_operator', 'example_branch_datetime_operator_2']) retrieved from /home/airflow/.local/lib/python3.10/site-packages/airflow/example_dags/example_branch_datetime_operator.py
[2025-06-02T23:04:30.591+0000] {logging_mixin.py:154} INFO - [2025-06-02T23:04:30.591+0000] {dag.py:2941} INFO - Sync 3 DAGs
[2025-06-02T23:04:30.631+0000] {logging_mixin.py:154} INFO - [2025-06-02T23:04:30.631+0000] {dag.py:3722} INFO - Setting next_dagrun for example_branch_datetime_operator to 2025-06-01T00:00:00+00:00, run_after=2025-06-02T00:00:00+00:00
[2025-06-02T23:04:30.639+0000] {logging_mixin.py:154} INFO - [2025-06-02T23:04:30.639+0000] {dag.py:3722} INFO - Setting next_dagrun for example_branch_datetime_operator_2 to 2025-06-01T00:00:00+00:00, run_after=2025-06-02T00:00:00+00:00
[2025-06-02T23:04:30.644+0000] {logging_mixin.py:154} INFO - [2025-06-02T23:04:30.644+0000] {dag.py:3722} INFO - Setting next_dagrun for example_branch_datetime_operator_3 to 2025-06-01T00:00:00+00:00, run_after=2025-06-02T00:00:00+00:00
[2025-06-02T23:04:30.683+0000] {processor.py:179} INFO - Processing /home/airflow/.local/lib/python3.10/site-packages/airflow/example_dags/example_branch_datetime_operator.py took 0.160 seconds
[2025-06-02T23:05:00.720+0000] {processor.py:157} INFO - Started process (PID=172) to work on /home/airflow/.local/lib/python3.10/site-packages/airflow/example_dags/example_branch_datetime_operator.py
[2025-06-02T23:05:00.721+0000] {processor.py:829} INFO - Processing file /home/airflow/.local/lib/python3.10/site-packages/airflow/example_dags/example_branch_datetime_operator.py for tasks to queue
[2025-06-02T23:05:00.723+0000] {logging_mixin.py:154} INFO - [2025-06-02T23:05:00.723+0000] {dagbag.py:536} INFO - Filling up the DagBag from /home/airflow/.local/lib/python3.10/site-packages/airflow/example_dags/example_branch_datetime_operator.py
[2025-06-02T23:05:00.733+0000] {processor.py:839} INFO - DAG(s) dict_keys(['example_branch_datetime_operator_2', 'example_branch_datetime_operator_3', 'example_branch_datetime_operator']) retrieved from /home/airflow/.local/lib/python3.10/site-packages/airflow/example_dags/example_branch_datetime_operator.py
[2025-06-02T23:05:00.761+0000] {logging_mixin.py:154} INFO - [2025-06-02T23:05:00.761+0000] {dag.py:2941} INFO - Sync 3 DAGs
[2025-06-02T23:05:00.785+0000] {logging_mixin.py:154} INFO - [2025-06-02T23:05:00.785+0000] {dag.py:3722} INFO - Setting next_dagrun for example_branch_datetime_operator to 2025-06-01T00:00:00+00:00, run_after=2025-06-02T00:00:00+00:00
[2025-06-02T23:05:00.790+0000] {logging_mixin.py:154} INFO - [2025-06-02T23:05:00.790+0000] {dag.py:3722} INFO - Setting next_dagrun for example_branch_datetime_operator_2 to 2025-06-01T00:00:00+00:00, run_after=2025-06-02T00:00:00+00:00
[2025-06-02T23:05:00.793+0000] {logging_mixin.py:154} INFO - [2025-06-02T23:05:00.792+0000] {dag.py:3722} INFO - Setting next_dagrun for example_branch_datetime_operator_3 to 2025-06-01T00:00:00+00:00, run_after=2025-06-02T00:00:00+00:00
[2025-06-02T23:05:00.811+0000] {processor.py:179} INFO - Processing /home/airflow/.local/lib/python3.10/site-packages/airflow/example_dags/example_branch_datetime_operator.py took 0.095 seconds
[2025-06-02T23:05:32.724+0000] {processor.py:157} INFO - Started process (PID=228) to work on /home/airflow/.local/lib/python3.10/site-packages/airflow/example_dags/example_branch_datetime_operator.py
[2025-06-02T23:05:32.726+0000] {processor.py:829} INFO - Processing file /home/airflow/.local/lib/python3.10/site-packages/airflow/example_dags/example_branch_datetime_operator.py for tasks to queue
[2025-06-02T23:05:32.729+0000] {logging_mixin.py:154} INFO - [2025-06-02T23:05:32.728+0000] {dagbag.py:536} INFO - Filling up the DagBag from /home/airflow/.local/lib/python3.10/site-packages/airflow/example_dags/example_branch_datetime_operator.py
[2025-06-02T23:05:32.743+0000] {processor.py:839} INFO - DAG(s) dict_keys(['example_branch_datetime_operator', 'example_branch_datetime_operator_3', 'example_branch_datetime_operator_2']) retrieved from /home/airflow/.local/lib/python3.10/site-packages/airflow/example_dags/example_branch_datetime_operator.py
[2025-06-02T23:05:32.792+0000] {logging_mixin.py:154} INFO - [2025-06-02T23:05:32.791+0000] {dag.py:2941} INFO - Sync 3 DAGs
[2025-06-02T23:05:32.826+0000] {logging_mixin.py:154} INFO - [2025-06-02T23:05:32.826+0000] {dag.py:3722} INFO - Setting next_dagrun for example_branch_datetime_operator to 2025-06-01T00:00:00+00:00, run_after=2025-06-02T00:00:00+00:00
[2025-06-02T23:05:32.833+0000] {logging_mixin.py:154} INFO - [2025-06-02T23:05:32.832+0000] {dag.py:3722} INFO - Setting next_dagrun for example_branch_datetime_operator_2 to 2025-06-01T00:00:00+00:00, run_after=2025-06-02T00:00:00+00:00
[2025-06-02T23:05:32.837+0000] {logging_mixin.py:154} INFO - [2025-06-02T23:05:32.837+0000] {dag.py:3722} INFO - Setting next_dagrun for example_branch_datetime_operator_3 to 2025-06-01T00:00:00+00:00, run_after=2025-06-02T00:00:00+00:00
[2025-06-02T23:05:32.857+0000] {processor.py:179} INFO - Processing /home/airflow/.local/lib/python3.10/site-packages/airflow/example_dags/example_branch_datetime_operator.py took 0.138 seconds
[2025-06-02T23:06:07.096+0000] {processor.py:157} INFO - Started process (PID=285) to work on /home/airflow/.local/lib/python3.10/site-packages/airflow/example_dags/example_branch_datetime_operator.py
[2025-06-02T23:06:07.098+0000] {processor.py:829} INFO - Processing file /home/airflow/.local/lib/python3.10/site-packages/airflow/example_dags/example_branch_datetime_operator.py for tasks to queue
[2025-06-02T23:06:07.100+0000] {logging_mixin.py:154} INFO - [2025-06-02T23:06:07.100+0000] {dagbag.py:536} INFO - Filling up the DagBag from /home/airflow/.local/lib/python3.10/site-packages/airflow/example_dags/example_branch_datetime_operator.py
[2025-06-02T23:06:07.114+0000] {processor.py:839} INFO - DAG(s) dict_keys(['example_branch_datetime_operator_3', 'example_branch_datetime_operator', 'example_branch_datetime_operator_2']) retrieved from /home/airflow/.local/lib/python3.10/site-packages/airflow/example_dags/example_branch_datetime_operator.py
[2025-06-02T23:06:07.161+0000] {logging_mixin.py:154} INFO - [2025-06-02T23:06:07.161+0000] {dag.py:2941} INFO - Sync 3 DAGs
[2025-06-02T23:06:07.206+0000] {logging_mixin.py:154} INFO - [2025-06-02T23:06:07.206+0000] {dag.py:3722} INFO - Setting next_dagrun for example_branch_datetime_operator to 2025-06-01T00:00:00+00:00, run_after=2025-06-02T00:00:00+00:00
[2025-06-02T23:06:07.213+0000] {logging_mixin.py:154} INFO - [2025-06-02T23:06:07.213+0000] {dag.py:3722} INFO - Setting next_dagrun for example_branch_datetime_operator_2 to 2025-06-01T00:00:00+00:00, run_after=2025-06-02T00:00:00+00:00
[2025-06-02T23:06:07.225+0000] {logging_mixin.py:154} INFO - [2025-06-02T23:06:07.225+0000] {dag.py:3722} INFO - Setting next_dagrun for example_branch_datetime_operator_3 to 2025-06-01T00:00:00+00:00, run_after=2025-06-02T00:00:00+00:00
[2025-06-02T23:06:07.268+0000] {processor.py:179} INFO - Processing /home/airflow/.local/lib/python3.10/site-packages/airflow/example_dags/example_branch_datetime_operator.py took 0.176 seconds
[2025-06-02T23:06:40.193+0000] {processor.py:157} INFO - Started process (PID=348) to work on /home/airflow/.local/lib/python3.10/site-packages/airflow/example_dags/example_branch_datetime_operator.py
[2025-06-02T23:06:40.202+0000] {processor.py:829} INFO - Processing file /home/airflow/.local/lib/python3.10/site-packages/airflow/example_dags/example_branch_datetime_operator.py for tasks to queue
[2025-06-02T23:06:40.205+0000] {logging_mixin.py:154} INFO - [2025-06-02T23:06:40.204+0000] {dagbag.py:536} INFO - Filling up the DagBag from /home/airflow/.local/lib/python3.10/site-packages/airflow/example_dags/example_branch_datetime_operator.py
[2025-06-02T23:06:40.222+0000] {processor.py:839} INFO - DAG(s) dict_keys(['example_branch_datetime_operator_2', 'example_branch_datetime_operator_3', 'example_branch_datetime_operator']) retrieved from /home/airflow/.local/lib/python3.10/site-packages/airflow/example_dags/example_branch_datetime_operator.py
[2025-06-02T23:06:40.269+0000] {logging_mixin.py:154} INFO - [2025-06-02T23:06:40.269+0000] {dag.py:2941} INFO - Sync 3 DAGs
[2025-06-02T23:06:40.333+0000] {logging_mixin.py:154} INFO - [2025-06-02T23:06:40.333+0000] {dag.py:3722} INFO - Setting next_dagrun for example_branch_datetime_operator to 2025-06-01T00:00:00+00:00, run_after=2025-06-02T00:00:00+00:00
[2025-06-02T23:06:40.349+0000] {logging_mixin.py:154} INFO - [2025-06-02T23:06:40.348+0000] {dag.py:3722} INFO - Setting next_dagrun for example_branch_datetime_operator_2 to 2025-06-01T00:00:00+00:00, run_after=2025-06-02T00:00:00+00:00
[2025-06-02T23:06:40.360+0000] {logging_mixin.py:154} INFO - [2025-06-02T23:06:40.359+0000] {dag.py:3722} INFO - Setting next_dagrun for example_branch_datetime_operator_3 to 2025-06-01T00:00:00+00:00, run_after=2025-06-02T00:00:00+00:00
[2025-06-02T23:06:40.394+0000] {processor.py:179} INFO - Processing /home/airflow/.local/lib/python3.10/site-packages/airflow/example_dags/example_branch_datetime_operator.py took 0.207 seconds
[2025-06-02T23:07:10.708+0000] {processor.py:157} INFO - Started process (PID=404) to work on /home/airflow/.local/lib/python3.10/site-packages/airflow/example_dags/example_branch_datetime_operator.py
[2025-06-02T23:07:10.709+0000] {processor.py:829} INFO - Processing file /home/airflow/.local/lib/python3.10/site-packages/airflow/example_dags/example_branch_datetime_operator.py for tasks to queue
[2025-06-02T23:07:10.711+0000] {logging_mixin.py:154} INFO - [2025-06-02T23:07:10.711+0000] {dagbag.py:536} INFO - Filling up the DagBag from /home/airflow/.local/lib/python3.10/site-packages/airflow/example_dags/example_branch_datetime_operator.py
[2025-06-02T23:07:10.725+0000] {processor.py:839} INFO - DAG(s) dict_keys(['example_branch_datetime_operator', 'example_branch_datetime_operator_3', 'example_branch_datetime_operator_2']) retrieved from /home/airflow/.local/lib/python3.10/site-packages/airflow/example_dags/example_branch_datetime_operator.py
[2025-06-02T23:07:10.797+0000] {logging_mixin.py:154} INFO - [2025-06-02T23:07:10.797+0000] {dag.py:2941} INFO - Sync 3 DAGs
[2025-06-02T23:07:10.853+0000] {logging_mixin.py:154} INFO - [2025-06-02T23:07:10.849+0000] {dag.py:3722} INFO - Setting next_dagrun for example_branch_datetime_operator to 2025-06-01T00:00:00+00:00, run_after=2025-06-02T00:00:00+00:00
[2025-06-02T23:07:10.865+0000] {logging_mixin.py:154} INFO - [2025-06-02T23:07:10.865+0000] {dag.py:3722} INFO - Setting next_dagrun for example_branch_datetime_operator_2 to 2025-06-01T00:00:00+00:00, run_after=2025-06-02T00:00:00+00:00
[2025-06-02T23:07:10.871+0000] {logging_mixin.py:154} INFO - [2025-06-02T23:07:10.871+0000] {dag.py:3722} INFO - Setting next_dagrun for example_branch_datetime_operator_3 to 2025-06-01T00:00:00+00:00, run_after=2025-06-02T00:00:00+00:00
[2025-06-02T23:07:10.927+0000] {processor.py:179} INFO - Processing /home/airflow/.local/lib/python3.10/site-packages/airflow/example_dags/example_branch_datetime_operator.py took 0.224 seconds
