[2025-06-02T22:00:00.372+0000] {processor.py:157} INFO - Started process (PID=52) to work on /home/airflow/.local/lib/python3.10/site-packages/airflow/example_dags/example_bash_operator.py
[2025-06-02T22:00:00.373+0000] {processor.py:829} INFO - Processing file /home/airflow/.local/lib/python3.10/site-packages/airflow/example_dags/example_bash_operator.py for tasks to queue
[2025-06-02T22:00:00.389+0000] {logging_mixin.py:154} INFO - [2025-06-02T22:00:00.389+0000] {dagbag.py:536} INFO - Filling up the DagBag from /home/airflow/.local/lib/python3.10/site-packages/airflow/example_dags/example_bash_operator.py
[2025-06-02T22:00:00.433+0000] {processor.py:839} INFO - DAG(s) dict_keys(['example_bash_operator']) retrieved from /home/airflow/.local/lib/python3.10/site-packages/airflow/example_dags/example_bash_operator.py
[2025-06-02T22:00:00.975+0000] {logging_mixin.py:154} INFO - [2025-06-02T22:00:00.975+0000] {manager.py:499} INFO - Created Permission View: %s
[2025-06-02T22:00:01.016+0000] {logging_mixin.py:154} INFO - [2025-06-02T22:00:01.016+0000] {manager.py:499} INFO - Created Permission View: %s
[2025-06-02T22:00:01.036+0000] {logging_mixin.py:154} INFO - [2025-06-02T22:00:01.036+0000] {manager.py:499} INFO - Created Permission View: %s
[2025-06-02T22:00:01.037+0000] {logging_mixin.py:154} INFO - [2025-06-02T22:00:01.037+0000] {dag.py:2941} INFO - Sync 1 DAGs
[2025-06-02T22:00:01.073+0000] {logging_mixin.py:154} INFO - [2025-06-02T22:00:01.073+0000] {dag.py:2963} INFO - Creating ORM DAG for example_bash_operator
[2025-06-02T22:00:01.118+0000] {logging_mixin.py:154} INFO - [2025-06-02T22:00:01.118+0000] {dag.py:3722} INFO - Setting next_dagrun for example_bash_operator to 2025-06-01T00:00:00+00:00, run_after=2025-06-02T00:00:00+00:00
[2025-06-02T22:00:01.246+0000] {processor.py:179} INFO - Processing /home/airflow/.local/lib/python3.10/site-packages/airflow/example_dags/example_bash_operator.py took 0.879 seconds
[2025-06-02T22:00:32.163+0000] {processor.py:157} INFO - Started process (PID=106) to work on /home/airflow/.local/lib/python3.10/site-packages/airflow/example_dags/example_bash_operator.py
[2025-06-02T22:00:32.167+0000] {processor.py:829} INFO - Processing file /home/airflow/.local/lib/python3.10/site-packages/airflow/example_dags/example_bash_operator.py for tasks to queue
[2025-06-02T22:00:32.170+0000] {logging_mixin.py:154} INFO - [2025-06-02T22:00:32.170+0000] {dagbag.py:536} INFO - Filling up the DagBag from /home/airflow/.local/lib/python3.10/site-packages/airflow/example_dags/example_bash_operator.py
[2025-06-02T22:00:32.184+0000] {processor.py:839} INFO - DAG(s) dict_keys(['example_bash_operator']) retrieved from /home/airflow/.local/lib/python3.10/site-packages/airflow/example_dags/example_bash_operator.py
[2025-06-02T22:00:32.223+0000] {logging_mixin.py:154} INFO - [2025-06-02T22:00:32.222+0000] {dag.py:2941} INFO - Sync 1 DAGs
[2025-06-02T22:00:32.255+0000] {logging_mixin.py:154} INFO - [2025-06-02T22:00:32.255+0000] {dag.py:3722} INFO - Setting next_dagrun for example_bash_operator to 2025-06-01T00:00:00+00:00, run_after=2025-06-02T00:00:00+00:00
[2025-06-02T22:00:32.279+0000] {processor.py:179} INFO - Processing /home/airflow/.local/lib/python3.10/site-packages/airflow/example_dags/example_bash_operator.py took 0.120 seconds
[2025-06-02T22:01:02.490+0000] {processor.py:157} INFO - Started process (PID=160) to work on /home/airflow/.local/lib/python3.10/site-packages/airflow/example_dags/example_bash_operator.py
[2025-06-02T22:01:02.491+0000] {processor.py:829} INFO - Processing file /home/airflow/.local/lib/python3.10/site-packages/airflow/example_dags/example_bash_operator.py for tasks to queue
[2025-06-02T22:01:02.495+0000] {logging_mixin.py:154} INFO - [2025-06-02T22:01:02.495+0000] {dagbag.py:536} INFO - Filling up the DagBag from /home/airflow/.local/lib/python3.10/site-packages/airflow/example_dags/example_bash_operator.py
[2025-06-02T22:01:02.513+0000] {processor.py:839} INFO - DAG(s) dict_keys(['example_bash_operator']) retrieved from /home/airflow/.local/lib/python3.10/site-packages/airflow/example_dags/example_bash_operator.py
[2025-06-02T22:01:02.553+0000] {logging_mixin.py:154} INFO - [2025-06-02T22:01:02.552+0000] {dag.py:2941} INFO - Sync 1 DAGs
[2025-06-02T22:01:02.585+0000] {logging_mixin.py:154} INFO - [2025-06-02T22:01:02.584+0000] {dag.py:3722} INFO - Setting next_dagrun for example_bash_operator to 2025-06-01T00:00:00+00:00, run_after=2025-06-02T00:00:00+00:00
[2025-06-02T22:01:02.608+0000] {processor.py:179} INFO - Processing /home/airflow/.local/lib/python3.10/site-packages/airflow/example_dags/example_bash_operator.py took 0.123 seconds
[2025-06-02T22:01:33.071+0000] {processor.py:157} INFO - Started process (PID=214) to work on /home/airflow/.local/lib/python3.10/site-packages/airflow/example_dags/example_bash_operator.py
[2025-06-02T22:01:33.075+0000] {processor.py:829} INFO - Processing file /home/airflow/.local/lib/python3.10/site-packages/airflow/example_dags/example_bash_operator.py for tasks to queue
[2025-06-02T22:01:33.082+0000] {logging_mixin.py:154} INFO - [2025-06-02T22:01:33.082+0000] {dagbag.py:536} INFO - Filling up the DagBag from /home/airflow/.local/lib/python3.10/site-packages/airflow/example_dags/example_bash_operator.py
[2025-06-02T22:01:33.101+0000] {processor.py:839} INFO - DAG(s) dict_keys(['example_bash_operator']) retrieved from /home/airflow/.local/lib/python3.10/site-packages/airflow/example_dags/example_bash_operator.py
[2025-06-02T22:01:33.143+0000] {logging_mixin.py:154} INFO - [2025-06-02T22:01:33.143+0000] {dag.py:2941} INFO - Sync 1 DAGs
[2025-06-02T22:01:33.177+0000] {logging_mixin.py:154} INFO - [2025-06-02T22:01:33.177+0000] {dag.py:3722} INFO - Setting next_dagrun for example_bash_operator to 2025-06-01T00:00:00+00:00, run_after=2025-06-02T00:00:00+00:00
[2025-06-02T22:01:33.201+0000] {processor.py:179} INFO - Processing /home/airflow/.local/lib/python3.10/site-packages/airflow/example_dags/example_bash_operator.py took 0.135 seconds
[2025-06-02T22:02:03.812+0000] {processor.py:157} INFO - Started process (PID=269) to work on /home/airflow/.local/lib/python3.10/site-packages/airflow/example_dags/example_bash_operator.py
[2025-06-02T22:02:03.813+0000] {processor.py:829} INFO - Processing file /home/airflow/.local/lib/python3.10/site-packages/airflow/example_dags/example_bash_operator.py for tasks to queue
[2025-06-02T22:02:03.817+0000] {logging_mixin.py:154} INFO - [2025-06-02T22:02:03.816+0000] {dagbag.py:536} INFO - Filling up the DagBag from /home/airflow/.local/lib/python3.10/site-packages/airflow/example_dags/example_bash_operator.py
[2025-06-02T22:02:03.833+0000] {processor.py:839} INFO - DAG(s) dict_keys(['example_bash_operator']) retrieved from /home/airflow/.local/lib/python3.10/site-packages/airflow/example_dags/example_bash_operator.py
[2025-06-02T22:02:03.873+0000] {logging_mixin.py:154} INFO - [2025-06-02T22:02:03.873+0000] {dag.py:2941} INFO - Sync 1 DAGs
[2025-06-02T22:02:03.907+0000] {logging_mixin.py:154} INFO - [2025-06-02T22:02:03.907+0000] {dag.py:3722} INFO - Setting next_dagrun for example_bash_operator to 2025-06-01T00:00:00+00:00, run_after=2025-06-02T00:00:00+00:00
[2025-06-02T22:02:03.932+0000] {processor.py:179} INFO - Processing /home/airflow/.local/lib/python3.10/site-packages/airflow/example_dags/example_bash_operator.py took 0.125 seconds
[2025-06-02T22:02:34.612+0000] {processor.py:157} INFO - Started process (PID=322) to work on /home/airflow/.local/lib/python3.10/site-packages/airflow/example_dags/example_bash_operator.py
[2025-06-02T22:02:34.614+0000] {processor.py:829} INFO - Processing file /home/airflow/.local/lib/python3.10/site-packages/airflow/example_dags/example_bash_operator.py for tasks to queue
[2025-06-02T22:02:34.617+0000] {logging_mixin.py:154} INFO - [2025-06-02T22:02:34.616+0000] {dagbag.py:536} INFO - Filling up the DagBag from /home/airflow/.local/lib/python3.10/site-packages/airflow/example_dags/example_bash_operator.py
[2025-06-02T22:02:34.633+0000] {processor.py:839} INFO - DAG(s) dict_keys(['example_bash_operator']) retrieved from /home/airflow/.local/lib/python3.10/site-packages/airflow/example_dags/example_bash_operator.py
[2025-06-02T22:02:34.696+0000] {logging_mixin.py:154} INFO - [2025-06-02T22:02:34.696+0000] {dag.py:2941} INFO - Sync 1 DAGs
[2025-06-02T22:02:34.728+0000] {logging_mixin.py:154} INFO - [2025-06-02T22:02:34.727+0000] {dag.py:3722} INFO - Setting next_dagrun for example_bash_operator to 2025-06-01T00:00:00+00:00, run_after=2025-06-02T00:00:00+00:00
[2025-06-02T22:02:34.756+0000] {processor.py:179} INFO - Processing /home/airflow/.local/lib/python3.10/site-packages/airflow/example_dags/example_bash_operator.py took 0.148 seconds
[2025-06-02T22:03:05.346+0000] {processor.py:157} INFO - Started process (PID=376) to work on /home/airflow/.local/lib/python3.10/site-packages/airflow/example_dags/example_bash_operator.py
[2025-06-02T22:03:05.347+0000] {processor.py:829} INFO - Processing file /home/airflow/.local/lib/python3.10/site-packages/airflow/example_dags/example_bash_operator.py for tasks to queue
[2025-06-02T22:03:05.351+0000] {logging_mixin.py:154} INFO - [2025-06-02T22:03:05.350+0000] {dagbag.py:536} INFO - Filling up the DagBag from /home/airflow/.local/lib/python3.10/site-packages/airflow/example_dags/example_bash_operator.py
[2025-06-02T22:03:05.368+0000] {processor.py:839} INFO - DAG(s) dict_keys(['example_bash_operator']) retrieved from /home/airflow/.local/lib/python3.10/site-packages/airflow/example_dags/example_bash_operator.py
[2025-06-02T22:03:05.410+0000] {logging_mixin.py:154} INFO - [2025-06-02T22:03:05.409+0000] {dag.py:2941} INFO - Sync 1 DAGs
[2025-06-02T22:03:05.443+0000] {logging_mixin.py:154} INFO - [2025-06-02T22:03:05.443+0000] {dag.py:3722} INFO - Setting next_dagrun for example_bash_operator to 2025-06-01T00:00:00+00:00, run_after=2025-06-02T00:00:00+00:00
[2025-06-02T22:03:05.471+0000] {processor.py:179} INFO - Processing /home/airflow/.local/lib/python3.10/site-packages/airflow/example_dags/example_bash_operator.py took 0.130 seconds
[2025-06-02T22:03:36.134+0000] {processor.py:157} INFO - Started process (PID=431) to work on /home/airflow/.local/lib/python3.10/site-packages/airflow/example_dags/example_bash_operator.py
[2025-06-02T22:03:36.145+0000] {processor.py:829} INFO - Processing file /home/airflow/.local/lib/python3.10/site-packages/airflow/example_dags/example_bash_operator.py for tasks to queue
[2025-06-02T22:03:36.158+0000] {logging_mixin.py:154} INFO - [2025-06-02T22:03:36.158+0000] {dagbag.py:536} INFO - Filling up the DagBag from /home/airflow/.local/lib/python3.10/site-packages/airflow/example_dags/example_bash_operator.py
[2025-06-02T22:03:36.235+0000] {processor.py:839} INFO - DAG(s) dict_keys(['example_bash_operator']) retrieved from /home/airflow/.local/lib/python3.10/site-packages/airflow/example_dags/example_bash_operator.py
[2025-06-02T22:03:36.342+0000] {logging_mixin.py:154} INFO - [2025-06-02T22:03:36.342+0000] {dag.py:2941} INFO - Sync 1 DAGs
[2025-06-02T22:03:36.439+0000] {logging_mixin.py:154} INFO - [2025-06-02T22:03:36.439+0000] {dag.py:3722} INFO - Setting next_dagrun for example_bash_operator to 2025-06-01T00:00:00+00:00, run_after=2025-06-02T00:00:00+00:00
[2025-06-02T22:03:36.515+0000] {processor.py:179} INFO - Processing /home/airflow/.local/lib/python3.10/site-packages/airflow/example_dags/example_bash_operator.py took 0.385 seconds
[2025-06-02T22:04:06.633+0000] {processor.py:157} INFO - Started process (PID=486) to work on /home/airflow/.local/lib/python3.10/site-packages/airflow/example_dags/example_bash_operator.py
[2025-06-02T22:04:06.633+0000] {processor.py:829} INFO - Processing file /home/airflow/.local/lib/python3.10/site-packages/airflow/example_dags/example_bash_operator.py for tasks to queue
[2025-06-02T22:04:06.636+0000] {logging_mixin.py:154} INFO - [2025-06-02T22:04:06.635+0000] {dagbag.py:536} INFO - Filling up the DagBag from /home/airflow/.local/lib/python3.10/site-packages/airflow/example_dags/example_bash_operator.py
[2025-06-02T22:04:06.648+0000] {processor.py:839} INFO - DAG(s) dict_keys(['example_bash_operator']) retrieved from /home/airflow/.local/lib/python3.10/site-packages/airflow/example_dags/example_bash_operator.py
[2025-06-02T22:04:06.676+0000] {logging_mixin.py:154} INFO - [2025-06-02T22:04:06.676+0000] {dag.py:2941} INFO - Sync 1 DAGs
[2025-06-02T22:04:06.700+0000] {logging_mixin.py:154} INFO - [2025-06-02T22:04:06.700+0000] {dag.py:3722} INFO - Setting next_dagrun for example_bash_operator to 2025-06-01T00:00:00+00:00, run_after=2025-06-02T00:00:00+00:00
[2025-06-02T22:04:06.736+0000] {processor.py:179} INFO - Processing /home/airflow/.local/lib/python3.10/site-packages/airflow/example_dags/example_bash_operator.py took 0.107 seconds
[2025-06-02T22:04:36.811+0000] {processor.py:157} INFO - Started process (PID=540) to work on /home/airflow/.local/lib/python3.10/site-packages/airflow/example_dags/example_bash_operator.py
[2025-06-02T22:04:36.812+0000] {processor.py:829} INFO - Processing file /home/airflow/.local/lib/python3.10/site-packages/airflow/example_dags/example_bash_operator.py for tasks to queue
[2025-06-02T22:04:36.815+0000] {logging_mixin.py:154} INFO - [2025-06-02T22:04:36.814+0000] {dagbag.py:536} INFO - Filling up the DagBag from /home/airflow/.local/lib/python3.10/site-packages/airflow/example_dags/example_bash_operator.py
[2025-06-02T22:04:36.827+0000] {processor.py:839} INFO - DAG(s) dict_keys(['example_bash_operator']) retrieved from /home/airflow/.local/lib/python3.10/site-packages/airflow/example_dags/example_bash_operator.py
[2025-06-02T22:04:36.858+0000] {logging_mixin.py:154} INFO - [2025-06-02T22:04:36.858+0000] {dag.py:2941} INFO - Sync 1 DAGs
[2025-06-02T22:04:36.890+0000] {logging_mixin.py:154} INFO - [2025-06-02T22:04:36.890+0000] {dag.py:3722} INFO - Setting next_dagrun for example_bash_operator to 2025-06-01T00:00:00+00:00, run_after=2025-06-02T00:00:00+00:00
[2025-06-02T22:04:36.913+0000] {processor.py:179} INFO - Processing /home/airflow/.local/lib/python3.10/site-packages/airflow/example_dags/example_bash_operator.py took 0.106 seconds
[2025-06-02T22:05:07.059+0000] {processor.py:157} INFO - Started process (PID=593) to work on /home/airflow/.local/lib/python3.10/site-packages/airflow/example_dags/example_bash_operator.py
[2025-06-02T22:05:07.060+0000] {processor.py:829} INFO - Processing file /home/airflow/.local/lib/python3.10/site-packages/airflow/example_dags/example_bash_operator.py for tasks to queue
[2025-06-02T22:05:07.063+0000] {logging_mixin.py:154} INFO - [2025-06-02T22:05:07.063+0000] {dagbag.py:536} INFO - Filling up the DagBag from /home/airflow/.local/lib/python3.10/site-packages/airflow/example_dags/example_bash_operator.py
[2025-06-02T22:05:07.081+0000] {processor.py:839} INFO - DAG(s) dict_keys(['example_bash_operator']) retrieved from /home/airflow/.local/lib/python3.10/site-packages/airflow/example_dags/example_bash_operator.py
[2025-06-02T22:05:07.126+0000] {logging_mixin.py:154} INFO - [2025-06-02T22:05:07.125+0000] {dag.py:2941} INFO - Sync 1 DAGs
[2025-06-02T22:05:07.159+0000] {logging_mixin.py:154} INFO - [2025-06-02T22:05:07.159+0000] {dag.py:3722} INFO - Setting next_dagrun for example_bash_operator to 2025-06-01T00:00:00+00:00, run_after=2025-06-02T00:00:00+00:00
[2025-06-02T22:05:07.188+0000] {processor.py:179} INFO - Processing /home/airflow/.local/lib/python3.10/site-packages/airflow/example_dags/example_bash_operator.py took 0.134 seconds
[2025-06-02T22:05:37.296+0000] {processor.py:157} INFO - Started process (PID=648) to work on /home/airflow/.local/lib/python3.10/site-packages/airflow/example_dags/example_bash_operator.py
[2025-06-02T22:05:37.298+0000] {processor.py:829} INFO - Processing file /home/airflow/.local/lib/python3.10/site-packages/airflow/example_dags/example_bash_operator.py for tasks to queue
[2025-06-02T22:05:37.301+0000] {logging_mixin.py:154} INFO - [2025-06-02T22:05:37.300+0000] {dagbag.py:536} INFO - Filling up the DagBag from /home/airflow/.local/lib/python3.10/site-packages/airflow/example_dags/example_bash_operator.py
[2025-06-02T22:05:37.317+0000] {processor.py:839} INFO - DAG(s) dict_keys(['example_bash_operator']) retrieved from /home/airflow/.local/lib/python3.10/site-packages/airflow/example_dags/example_bash_operator.py
[2025-06-02T22:05:37.359+0000] {logging_mixin.py:154} INFO - [2025-06-02T22:05:37.359+0000] {dag.py:2941} INFO - Sync 1 DAGs
[2025-06-02T22:05:37.392+0000] {logging_mixin.py:154} INFO - [2025-06-02T22:05:37.391+0000] {dag.py:3722} INFO - Setting next_dagrun for example_bash_operator to 2025-06-01T00:00:00+00:00, run_after=2025-06-02T00:00:00+00:00
[2025-06-02T22:05:37.438+0000] {processor.py:179} INFO - Processing /home/airflow/.local/lib/python3.10/site-packages/airflow/example_dags/example_bash_operator.py took 0.147 seconds
[2025-06-02T22:06:07.615+0000] {processor.py:157} INFO - Started process (PID=702) to work on /home/airflow/.local/lib/python3.10/site-packages/airflow/example_dags/example_bash_operator.py
[2025-06-02T22:06:07.616+0000] {processor.py:829} INFO - Processing file /home/airflow/.local/lib/python3.10/site-packages/airflow/example_dags/example_bash_operator.py for tasks to queue
[2025-06-02T22:06:07.619+0000] {logging_mixin.py:154} INFO - [2025-06-02T22:06:07.619+0000] {dagbag.py:536} INFO - Filling up the DagBag from /home/airflow/.local/lib/python3.10/site-packages/airflow/example_dags/example_bash_operator.py
[2025-06-02T22:06:07.637+0000] {processor.py:839} INFO - DAG(s) dict_keys(['example_bash_operator']) retrieved from /home/airflow/.local/lib/python3.10/site-packages/airflow/example_dags/example_bash_operator.py
[2025-06-02T22:06:07.679+0000] {logging_mixin.py:154} INFO - [2025-06-02T22:06:07.679+0000] {dag.py:2941} INFO - Sync 1 DAGs
[2025-06-02T22:06:07.715+0000] {logging_mixin.py:154} INFO - [2025-06-02T22:06:07.715+0000] {dag.py:3722} INFO - Setting next_dagrun for example_bash_operator to 2025-06-01T00:00:00+00:00, run_after=2025-06-02T00:00:00+00:00
[2025-06-02T22:06:07.737+0000] {processor.py:179} INFO - Processing /home/airflow/.local/lib/python3.10/site-packages/airflow/example_dags/example_bash_operator.py took 0.127 seconds
[2025-06-02T22:06:38.231+0000] {processor.py:157} INFO - Started process (PID=755) to work on /home/airflow/.local/lib/python3.10/site-packages/airflow/example_dags/example_bash_operator.py
[2025-06-02T22:06:38.232+0000] {processor.py:829} INFO - Processing file /home/airflow/.local/lib/python3.10/site-packages/airflow/example_dags/example_bash_operator.py for tasks to queue
[2025-06-02T22:06:38.235+0000] {logging_mixin.py:154} INFO - [2025-06-02T22:06:38.235+0000] {dagbag.py:536} INFO - Filling up the DagBag from /home/airflow/.local/lib/python3.10/site-packages/airflow/example_dags/example_bash_operator.py
[2025-06-02T22:06:38.252+0000] {processor.py:839} INFO - DAG(s) dict_keys(['example_bash_operator']) retrieved from /home/airflow/.local/lib/python3.10/site-packages/airflow/example_dags/example_bash_operator.py
[2025-06-02T22:06:38.294+0000] {logging_mixin.py:154} INFO - [2025-06-02T22:06:38.293+0000] {dag.py:2941} INFO - Sync 1 DAGs
[2025-06-02T22:06:38.328+0000] {logging_mixin.py:154} INFO - [2025-06-02T22:06:38.328+0000] {dag.py:3722} INFO - Setting next_dagrun for example_bash_operator to 2025-06-01T00:00:00+00:00, run_after=2025-06-02T00:00:00+00:00
[2025-06-02T22:06:38.349+0000] {processor.py:179} INFO - Processing /home/airflow/.local/lib/python3.10/site-packages/airflow/example_dags/example_bash_operator.py took 0.123 seconds
[2025-06-02T22:07:08.904+0000] {processor.py:157} INFO - Started process (PID=817) to work on /home/airflow/.local/lib/python3.10/site-packages/airflow/example_dags/example_bash_operator.py
[2025-06-02T22:07:08.906+0000] {processor.py:829} INFO - Processing file /home/airflow/.local/lib/python3.10/site-packages/airflow/example_dags/example_bash_operator.py for tasks to queue
[2025-06-02T22:07:08.910+0000] {logging_mixin.py:154} INFO - [2025-06-02T22:07:08.909+0000] {dagbag.py:536} INFO - Filling up the DagBag from /home/airflow/.local/lib/python3.10/site-packages/airflow/example_dags/example_bash_operator.py
[2025-06-02T22:07:08.933+0000] {processor.py:839} INFO - DAG(s) dict_keys(['example_bash_operator']) retrieved from /home/airflow/.local/lib/python3.10/site-packages/airflow/example_dags/example_bash_operator.py
[2025-06-02T22:07:08.994+0000] {logging_mixin.py:154} INFO - [2025-06-02T22:07:08.994+0000] {dag.py:2941} INFO - Sync 1 DAGs
[2025-06-02T22:07:09.046+0000] {logging_mixin.py:154} INFO - [2025-06-02T22:07:09.045+0000] {dag.py:3722} INFO - Setting next_dagrun for example_bash_operator to 2025-06-01T00:00:00+00:00, run_after=2025-06-02T00:00:00+00:00
[2025-06-02T22:07:09.259+0000] {processor.py:179} INFO - Processing /home/airflow/.local/lib/python3.10/site-packages/airflow/example_dags/example_bash_operator.py took 0.360 seconds
[2025-06-02T22:07:40.048+0000] {processor.py:157} INFO - Started process (PID=871) to work on /home/airflow/.local/lib/python3.10/site-packages/airflow/example_dags/example_bash_operator.py
[2025-06-02T22:07:40.050+0000] {processor.py:829} INFO - Processing file /home/airflow/.local/lib/python3.10/site-packages/airflow/example_dags/example_bash_operator.py for tasks to queue
[2025-06-02T22:07:40.053+0000] {logging_mixin.py:154} INFO - [2025-06-02T22:07:40.053+0000] {dagbag.py:536} INFO - Filling up the DagBag from /home/airflow/.local/lib/python3.10/site-packages/airflow/example_dags/example_bash_operator.py
[2025-06-02T22:07:40.070+0000] {processor.py:839} INFO - DAG(s) dict_keys(['example_bash_operator']) retrieved from /home/airflow/.local/lib/python3.10/site-packages/airflow/example_dags/example_bash_operator.py
[2025-06-02T22:07:40.110+0000] {logging_mixin.py:154} INFO - [2025-06-02T22:07:40.110+0000] {dag.py:2941} INFO - Sync 1 DAGs
[2025-06-02T22:07:40.147+0000] {logging_mixin.py:154} INFO - [2025-06-02T22:07:40.147+0000] {dag.py:3722} INFO - Setting next_dagrun for example_bash_operator to 2025-06-01T00:00:00+00:00, run_after=2025-06-02T00:00:00+00:00
[2025-06-02T22:07:40.172+0000] {processor.py:179} INFO - Processing /home/airflow/.local/lib/python3.10/site-packages/airflow/example_dags/example_bash_operator.py took 0.128 seconds
[2025-06-02T22:08:10.622+0000] {processor.py:157} INFO - Started process (PID=925) to work on /home/airflow/.local/lib/python3.10/site-packages/airflow/example_dags/example_bash_operator.py
[2025-06-02T22:08:10.624+0000] {processor.py:829} INFO - Processing file /home/airflow/.local/lib/python3.10/site-packages/airflow/example_dags/example_bash_operator.py for tasks to queue
[2025-06-02T22:08:10.627+0000] {logging_mixin.py:154} INFO - [2025-06-02T22:08:10.627+0000] {dagbag.py:536} INFO - Filling up the DagBag from /home/airflow/.local/lib/python3.10/site-packages/airflow/example_dags/example_bash_operator.py
[2025-06-02T22:08:10.647+0000] {processor.py:839} INFO - DAG(s) dict_keys(['example_bash_operator']) retrieved from /home/airflow/.local/lib/python3.10/site-packages/airflow/example_dags/example_bash_operator.py
[2025-06-02T22:08:10.686+0000] {logging_mixin.py:154} INFO - [2025-06-02T22:08:10.686+0000] {dag.py:2941} INFO - Sync 1 DAGs
[2025-06-02T22:08:10.718+0000] {logging_mixin.py:154} INFO - [2025-06-02T22:08:10.718+0000] {dag.py:3722} INFO - Setting next_dagrun for example_bash_operator to 2025-06-01T00:00:00+00:00, run_after=2025-06-02T00:00:00+00:00
[2025-06-02T22:08:10.782+0000] {processor.py:179} INFO - Processing /home/airflow/.local/lib/python3.10/site-packages/airflow/example_dags/example_bash_operator.py took 0.164 seconds
[2025-06-02T22:08:41.021+0000] {processor.py:157} INFO - Started process (PID=979) to work on /home/airflow/.local/lib/python3.10/site-packages/airflow/example_dags/example_bash_operator.py
[2025-06-02T22:08:41.026+0000] {processor.py:829} INFO - Processing file /home/airflow/.local/lib/python3.10/site-packages/airflow/example_dags/example_bash_operator.py for tasks to queue
[2025-06-02T22:08:41.034+0000] {logging_mixin.py:154} INFO - [2025-06-02T22:08:41.034+0000] {dagbag.py:536} INFO - Filling up the DagBag from /home/airflow/.local/lib/python3.10/site-packages/airflow/example_dags/example_bash_operator.py
[2025-06-02T22:08:41.063+0000] {processor.py:839} INFO - DAG(s) dict_keys(['example_bash_operator']) retrieved from /home/airflow/.local/lib/python3.10/site-packages/airflow/example_dags/example_bash_operator.py
[2025-06-02T22:08:41.123+0000] {logging_mixin.py:154} INFO - [2025-06-02T22:08:41.122+0000] {dag.py:2941} INFO - Sync 1 DAGs
[2025-06-02T22:08:41.179+0000] {logging_mixin.py:154} INFO - [2025-06-02T22:08:41.179+0000] {dag.py:3722} INFO - Setting next_dagrun for example_bash_operator to 2025-06-01T00:00:00+00:00, run_after=2025-06-02T00:00:00+00:00
[2025-06-02T22:08:41.388+0000] {processor.py:179} INFO - Processing /home/airflow/.local/lib/python3.10/site-packages/airflow/example_dags/example_bash_operator.py took 0.372 seconds
[2025-06-02T22:09:11.424+0000] {processor.py:157} INFO - Started process (PID=1033) to work on /home/airflow/.local/lib/python3.10/site-packages/airflow/example_dags/example_bash_operator.py
[2025-06-02T22:09:11.431+0000] {processor.py:829} INFO - Processing file /home/airflow/.local/lib/python3.10/site-packages/airflow/example_dags/example_bash_operator.py for tasks to queue
[2025-06-02T22:09:11.442+0000] {logging_mixin.py:154} INFO - [2025-06-02T22:09:11.433+0000] {dagbag.py:536} INFO - Filling up the DagBag from /home/airflow/.local/lib/python3.10/site-packages/airflow/example_dags/example_bash_operator.py
[2025-06-02T22:09:11.503+0000] {processor.py:839} INFO - DAG(s) dict_keys(['example_bash_operator']) retrieved from /home/airflow/.local/lib/python3.10/site-packages/airflow/example_dags/example_bash_operator.py
[2025-06-02T22:09:11.652+0000] {logging_mixin.py:154} INFO - [2025-06-02T22:09:11.652+0000] {dag.py:2941} INFO - Sync 1 DAGs
[2025-06-02T22:09:11.764+0000] {logging_mixin.py:154} INFO - [2025-06-02T22:09:11.764+0000] {dag.py:3722} INFO - Setting next_dagrun for example_bash_operator to 2025-06-01T00:00:00+00:00, run_after=2025-06-02T00:00:00+00:00
[2025-06-02T22:09:11.807+0000] {processor.py:179} INFO - Processing /home/airflow/.local/lib/python3.10/site-packages/airflow/example_dags/example_bash_operator.py took 0.396 seconds
[2025-06-02T22:09:42.033+0000] {processor.py:157} INFO - Started process (PID=1086) to work on /home/airflow/.local/lib/python3.10/site-packages/airflow/example_dags/example_bash_operator.py
[2025-06-02T22:09:42.042+0000] {processor.py:829} INFO - Processing file /home/airflow/.local/lib/python3.10/site-packages/airflow/example_dags/example_bash_operator.py for tasks to queue
[2025-06-02T22:09:42.045+0000] {logging_mixin.py:154} INFO - [2025-06-02T22:09:42.045+0000] {dagbag.py:536} INFO - Filling up the DagBag from /home/airflow/.local/lib/python3.10/site-packages/airflow/example_dags/example_bash_operator.py
[2025-06-02T22:09:42.097+0000] {processor.py:839} INFO - DAG(s) dict_keys(['example_bash_operator']) retrieved from /home/airflow/.local/lib/python3.10/site-packages/airflow/example_dags/example_bash_operator.py
[2025-06-02T22:09:43.010+0000] {logging_mixin.py:154} INFO - [2025-06-02T22:09:43.010+0000] {dag.py:2941} INFO - Sync 1 DAGs
[2025-06-02T22:09:43.100+0000] {logging_mixin.py:154} INFO - [2025-06-02T22:09:43.100+0000] {dag.py:3722} INFO - Setting next_dagrun for example_bash_operator to 2025-06-01T00:00:00+00:00, run_after=2025-06-02T00:00:00+00:00
[2025-06-02T22:09:43.147+0000] {processor.py:179} INFO - Processing /home/airflow/.local/lib/python3.10/site-packages/airflow/example_dags/example_bash_operator.py took 1.118 seconds
[2025-06-02T22:10:13.642+0000] {processor.py:157} INFO - Started process (PID=1140) to work on /home/airflow/.local/lib/python3.10/site-packages/airflow/example_dags/example_bash_operator.py
[2025-06-02T22:10:13.643+0000] {processor.py:829} INFO - Processing file /home/airflow/.local/lib/python3.10/site-packages/airflow/example_dags/example_bash_operator.py for tasks to queue
[2025-06-02T22:10:13.647+0000] {logging_mixin.py:154} INFO - [2025-06-02T22:10:13.646+0000] {dagbag.py:536} INFO - Filling up the DagBag from /home/airflow/.local/lib/python3.10/site-packages/airflow/example_dags/example_bash_operator.py
[2025-06-02T22:10:13.664+0000] {processor.py:839} INFO - DAG(s) dict_keys(['example_bash_operator']) retrieved from /home/airflow/.local/lib/python3.10/site-packages/airflow/example_dags/example_bash_operator.py
[2025-06-02T22:10:13.705+0000] {logging_mixin.py:154} INFO - [2025-06-02T22:10:13.704+0000] {dag.py:2941} INFO - Sync 1 DAGs
[2025-06-02T22:10:13.950+0000] {logging_mixin.py:154} INFO - [2025-06-02T22:10:13.949+0000] {dag.py:3722} INFO - Setting next_dagrun for example_bash_operator to 2025-06-01T00:00:00+00:00, run_after=2025-06-02T00:00:00+00:00
[2025-06-02T22:10:13.983+0000] {processor.py:179} INFO - Processing /home/airflow/.local/lib/python3.10/site-packages/airflow/example_dags/example_bash_operator.py took 0.345 seconds
[2025-06-02T22:10:44.846+0000] {processor.py:157} INFO - Started process (PID=1194) to work on /home/airflow/.local/lib/python3.10/site-packages/airflow/example_dags/example_bash_operator.py
[2025-06-02T22:10:44.848+0000] {processor.py:829} INFO - Processing file /home/airflow/.local/lib/python3.10/site-packages/airflow/example_dags/example_bash_operator.py for tasks to queue
[2025-06-02T22:10:44.851+0000] {logging_mixin.py:154} INFO - [2025-06-02T22:10:44.850+0000] {dagbag.py:536} INFO - Filling up the DagBag from /home/airflow/.local/lib/python3.10/site-packages/airflow/example_dags/example_bash_operator.py
[2025-06-02T22:10:44.868+0000] {processor.py:839} INFO - DAG(s) dict_keys(['example_bash_operator']) retrieved from /home/airflow/.local/lib/python3.10/site-packages/airflow/example_dags/example_bash_operator.py
[2025-06-02T22:10:44.908+0000] {logging_mixin.py:154} INFO - [2025-06-02T22:10:44.908+0000] {dag.py:2941} INFO - Sync 1 DAGs
[2025-06-02T22:10:44.944+0000] {logging_mixin.py:154} INFO - [2025-06-02T22:10:44.944+0000] {dag.py:3722} INFO - Setting next_dagrun for example_bash_operator to 2025-06-01T00:00:00+00:00, run_after=2025-06-02T00:00:00+00:00
[2025-06-02T22:10:44.971+0000] {processor.py:179} INFO - Processing /home/airflow/.local/lib/python3.10/site-packages/airflow/example_dags/example_bash_operator.py took 0.130 seconds
[2025-06-02T23:03:29.303+0000] {processor.py:157} INFO - Started process (PID=54) to work on /home/airflow/.local/lib/python3.10/site-packages/airflow/example_dags/example_bash_operator.py
[2025-06-02T23:03:29.314+0000] {processor.py:829} INFO - Processing file /home/airflow/.local/lib/python3.10/site-packages/airflow/example_dags/example_bash_operator.py for tasks to queue
[2025-06-02T23:03:29.326+0000] {logging_mixin.py:154} INFO - [2025-06-02T23:03:29.326+0000] {dagbag.py:536} INFO - Filling up the DagBag from /home/airflow/.local/lib/python3.10/site-packages/airflow/example_dags/example_bash_operator.py
[2025-06-02T23:03:29.398+0000] {processor.py:839} INFO - DAG(s) dict_keys(['example_bash_operator']) retrieved from /home/airflow/.local/lib/python3.10/site-packages/airflow/example_dags/example_bash_operator.py
[2025-06-02T23:03:29.622+0000] {logging_mixin.py:154} INFO - [2025-06-02T23:03:29.621+0000] {dag.py:2941} INFO - Sync 1 DAGs
[2025-06-02T23:03:29.758+0000] {logging_mixin.py:154} INFO - [2025-06-02T23:03:29.758+0000] {dag.py:3722} INFO - Setting next_dagrun for example_bash_operator to 2025-06-01T00:00:00+00:00, run_after=2025-06-02T00:00:00+00:00
[2025-06-02T23:03:29.841+0000] {processor.py:179} INFO - Processing /home/airflow/.local/lib/python3.10/site-packages/airflow/example_dags/example_bash_operator.py took 0.559 seconds
[2025-06-02T23:03:58.384+0000] {processor.py:157} INFO - Started process (PID=46) to work on /home/airflow/.local/lib/python3.10/site-packages/airflow/example_dags/example_bash_operator.py
[2025-06-02T23:03:58.386+0000] {processor.py:829} INFO - Processing file /home/airflow/.local/lib/python3.10/site-packages/airflow/example_dags/example_bash_operator.py for tasks to queue
[2025-06-02T23:03:58.389+0000] {logging_mixin.py:154} INFO - [2025-06-02T23:03:58.389+0000] {dagbag.py:536} INFO - Filling up the DagBag from /home/airflow/.local/lib/python3.10/site-packages/airflow/example_dags/example_bash_operator.py
[2025-06-02T23:03:58.407+0000] {processor.py:839} INFO - DAG(s) dict_keys(['example_bash_operator']) retrieved from /home/airflow/.local/lib/python3.10/site-packages/airflow/example_dags/example_bash_operator.py
[2025-06-02T23:03:58.462+0000] {logging_mixin.py:154} INFO - [2025-06-02T23:03:58.461+0000] {dag.py:2941} INFO - Sync 1 DAGs
[2025-06-02T23:03:58.494+0000] {logging_mixin.py:154} INFO - [2025-06-02T23:03:58.493+0000] {dag.py:3722} INFO - Setting next_dagrun for example_bash_operator to 2025-06-01T00:00:00+00:00, run_after=2025-06-02T00:00:00+00:00
[2025-06-02T23:03:58.518+0000] {processor.py:179} INFO - Processing /home/airflow/.local/lib/python3.10/site-packages/airflow/example_dags/example_bash_operator.py took 0.138 seconds
[2025-06-02T23:04:29.305+0000] {processor.py:157} INFO - Started process (PID=102) to work on /home/airflow/.local/lib/python3.10/site-packages/airflow/example_dags/example_bash_operator.py
[2025-06-02T23:04:29.307+0000] {processor.py:829} INFO - Processing file /home/airflow/.local/lib/python3.10/site-packages/airflow/example_dags/example_bash_operator.py for tasks to queue
[2025-06-02T23:04:29.310+0000] {logging_mixin.py:154} INFO - [2025-06-02T23:04:29.310+0000] {dagbag.py:536} INFO - Filling up the DagBag from /home/airflow/.local/lib/python3.10/site-packages/airflow/example_dags/example_bash_operator.py
[2025-06-02T23:04:29.324+0000] {processor.py:839} INFO - DAG(s) dict_keys(['example_bash_operator']) retrieved from /home/airflow/.local/lib/python3.10/site-packages/airflow/example_dags/example_bash_operator.py
[2025-06-02T23:04:29.367+0000] {logging_mixin.py:154} INFO - [2025-06-02T23:04:29.367+0000] {dag.py:2941} INFO - Sync 1 DAGs
[2025-06-02T23:04:29.403+0000] {logging_mixin.py:154} INFO - [2025-06-02T23:04:29.403+0000] {dag.py:3722} INFO - Setting next_dagrun for example_bash_operator to 2025-06-01T00:00:00+00:00, run_after=2025-06-02T00:00:00+00:00
[2025-06-02T23:04:29.424+0000] {processor.py:179} INFO - Processing /home/airflow/.local/lib/python3.10/site-packages/airflow/example_dags/example_bash_operator.py took 0.124 seconds
[2025-06-02T23:04:59.617+0000] {processor.py:157} INFO - Started process (PID=158) to work on /home/airflow/.local/lib/python3.10/site-packages/airflow/example_dags/example_bash_operator.py
[2025-06-02T23:04:59.618+0000] {processor.py:829} INFO - Processing file /home/airflow/.local/lib/python3.10/site-packages/airflow/example_dags/example_bash_operator.py for tasks to queue
[2025-06-02T23:04:59.620+0000] {logging_mixin.py:154} INFO - [2025-06-02T23:04:59.620+0000] {dagbag.py:536} INFO - Filling up the DagBag from /home/airflow/.local/lib/python3.10/site-packages/airflow/example_dags/example_bash_operator.py
[2025-06-02T23:04:59.637+0000] {processor.py:839} INFO - DAG(s) dict_keys(['example_bash_operator']) retrieved from /home/airflow/.local/lib/python3.10/site-packages/airflow/example_dags/example_bash_operator.py
[2025-06-02T23:04:59.675+0000] {logging_mixin.py:154} INFO - [2025-06-02T23:04:59.675+0000] {dag.py:2941} INFO - Sync 1 DAGs
[2025-06-02T23:04:59.707+0000] {logging_mixin.py:154} INFO - [2025-06-02T23:04:59.707+0000] {dag.py:3722} INFO - Setting next_dagrun for example_bash_operator to 2025-06-01T00:00:00+00:00, run_after=2025-06-02T00:00:00+00:00
[2025-06-02T23:04:59.730+0000] {processor.py:179} INFO - Processing /home/airflow/.local/lib/python3.10/site-packages/airflow/example_dags/example_bash_operator.py took 0.118 seconds
[2025-06-02T23:05:31.707+0000] {processor.py:157} INFO - Started process (PID=214) to work on /home/airflow/.local/lib/python3.10/site-packages/airflow/example_dags/example_bash_operator.py
[2025-06-02T23:05:31.713+0000] {processor.py:829} INFO - Processing file /home/airflow/.local/lib/python3.10/site-packages/airflow/example_dags/example_bash_operator.py for tasks to queue
[2025-06-02T23:05:31.721+0000] {logging_mixin.py:154} INFO - [2025-06-02T23:05:31.721+0000] {dagbag.py:536} INFO - Filling up the DagBag from /home/airflow/.local/lib/python3.10/site-packages/airflow/example_dags/example_bash_operator.py
[2025-06-02T23:05:31.744+0000] {processor.py:839} INFO - DAG(s) dict_keys(['example_bash_operator']) retrieved from /home/airflow/.local/lib/python3.10/site-packages/airflow/example_dags/example_bash_operator.py
[2025-06-02T23:05:31.787+0000] {logging_mixin.py:154} INFO - [2025-06-02T23:05:31.787+0000] {dag.py:2941} INFO - Sync 1 DAGs
[2025-06-02T23:05:31.817+0000] {logging_mixin.py:154} INFO - [2025-06-02T23:05:31.817+0000] {dag.py:3722} INFO - Setting next_dagrun for example_bash_operator to 2025-06-01T00:00:00+00:00, run_after=2025-06-02T00:00:00+00:00
[2025-06-02T23:05:31.846+0000] {processor.py:179} INFO - Processing /home/airflow/.local/lib/python3.10/site-packages/airflow/example_dags/example_bash_operator.py took 0.152 seconds
[2025-06-02T23:06:05.627+0000] {processor.py:157} INFO - Started process (PID=270) to work on /home/airflow/.local/lib/python3.10/site-packages/airflow/example_dags/example_bash_operator.py
[2025-06-02T23:06:05.634+0000] {processor.py:829} INFO - Processing file /home/airflow/.local/lib/python3.10/site-packages/airflow/example_dags/example_bash_operator.py for tasks to queue
[2025-06-02T23:06:05.637+0000] {logging_mixin.py:154} INFO - [2025-06-02T23:06:05.636+0000] {dagbag.py:536} INFO - Filling up the DagBag from /home/airflow/.local/lib/python3.10/site-packages/airflow/example_dags/example_bash_operator.py
[2025-06-02T23:06:05.685+0000] {processor.py:839} INFO - DAG(s) dict_keys(['example_bash_operator']) retrieved from /home/airflow/.local/lib/python3.10/site-packages/airflow/example_dags/example_bash_operator.py
[2025-06-02T23:06:05.745+0000] {logging_mixin.py:154} INFO - [2025-06-02T23:06:05.744+0000] {dag.py:2941} INFO - Sync 1 DAGs
[2025-06-02T23:06:05.782+0000] {logging_mixin.py:154} INFO - [2025-06-02T23:06:05.782+0000] {dag.py:3722} INFO - Setting next_dagrun for example_bash_operator to 2025-06-01T00:00:00+00:00, run_after=2025-06-02T00:00:00+00:00
[2025-06-02T23:06:05.826+0000] {processor.py:179} INFO - Processing /home/airflow/.local/lib/python3.10/site-packages/airflow/example_dags/example_bash_operator.py took 0.205 seconds
[2025-06-02T23:06:36.888+0000] {processor.py:157} INFO - Started process (PID=326) to work on /home/airflow/.local/lib/python3.10/site-packages/airflow/example_dags/example_bash_operator.py
[2025-06-02T23:06:36.889+0000] {processor.py:829} INFO - Processing file /home/airflow/.local/lib/python3.10/site-packages/airflow/example_dags/example_bash_operator.py for tasks to queue
[2025-06-02T23:06:36.892+0000] {logging_mixin.py:154} INFO - [2025-06-02T23:06:36.892+0000] {dagbag.py:536} INFO - Filling up the DagBag from /home/airflow/.local/lib/python3.10/site-packages/airflow/example_dags/example_bash_operator.py
[2025-06-02T23:06:36.955+0000] {processor.py:839} INFO - DAG(s) dict_keys(['example_bash_operator']) retrieved from /home/airflow/.local/lib/python3.10/site-packages/airflow/example_dags/example_bash_operator.py
[2025-06-02T23:06:37.102+0000] {logging_mixin.py:154} INFO - [2025-06-02T23:06:37.102+0000] {dag.py:2941} INFO - Sync 1 DAGs
[2025-06-02T23:06:37.214+0000] {logging_mixin.py:154} INFO - [2025-06-02T23:06:37.214+0000] {dag.py:3722} INFO - Setting next_dagrun for example_bash_operator to 2025-06-01T00:00:00+00:00, run_after=2025-06-02T00:00:00+00:00
[2025-06-02T23:06:37.279+0000] {processor.py:179} INFO - Processing /home/airflow/.local/lib/python3.10/site-packages/airflow/example_dags/example_bash_operator.py took 0.403 seconds
[2025-06-02T23:07:07.566+0000] {processor.py:157} INFO - Started process (PID=382) to work on /home/airflow/.local/lib/python3.10/site-packages/airflow/example_dags/example_bash_operator.py
[2025-06-02T23:07:07.568+0000] {processor.py:829} INFO - Processing file /home/airflow/.local/lib/python3.10/site-packages/airflow/example_dags/example_bash_operator.py for tasks to queue
[2025-06-02T23:07:07.570+0000] {logging_mixin.py:154} INFO - [2025-06-02T23:07:07.570+0000] {dagbag.py:536} INFO - Filling up the DagBag from /home/airflow/.local/lib/python3.10/site-packages/airflow/example_dags/example_bash_operator.py
[2025-06-02T23:07:07.586+0000] {processor.py:839} INFO - DAG(s) dict_keys(['example_bash_operator']) retrieved from /home/airflow/.local/lib/python3.10/site-packages/airflow/example_dags/example_bash_operator.py
[2025-06-02T23:07:07.626+0000] {logging_mixin.py:154} INFO - [2025-06-02T23:07:07.625+0000] {dag.py:2941} INFO - Sync 1 DAGs
[2025-06-02T23:07:07.657+0000] {logging_mixin.py:154} INFO - [2025-06-02T23:07:07.657+0000] {dag.py:3722} INFO - Setting next_dagrun for example_bash_operator to 2025-06-01T00:00:00+00:00, run_after=2025-06-02T00:00:00+00:00
[2025-06-02T23:07:07.691+0000] {processor.py:179} INFO - Processing /home/airflow/.local/lib/python3.10/site-packages/airflow/example_dags/example_bash_operator.py took 0.130 seconds
