[2025-06-02T22:00:06.830+0000] {processor.py:157} INFO - Started process (PID=71) to work on /home/airflow/.local/lib/python3.10/site-packages/airflow/example_dags/example_short_circuit_decorator.py
[2025-06-02T22:00:06.838+0000] {processor.py:829} INFO - Processing file /home/airflow/.local/lib/python3.10/site-packages/airflow/example_dags/example_short_circuit_decorator.py for tasks to queue
[2025-06-02T22:00:06.842+0000] {logging_mixin.py:154} INFO - [2025-06-02T22:00:06.841+0000] {dagbag.py:536} INFO - Filling up the DagBag from /home/airflow/.local/lib/python3.10/site-packages/airflow/example_dags/example_short_circuit_decorator.py
[2025-06-02T22:00:06.856+0000] {processor.py:839} INFO - DAG(s) dict_keys(['example_short_circuit_decorator']) retrieved from /home/airflow/.local/lib/python3.10/site-packages/airflow/example_dags/example_short_circuit_decorator.py
[2025-06-02T22:00:07.075+0000] {logging_mixin.py:154} INFO - [2025-06-02T22:00:07.075+0000] {manager.py:499} INFO - Created Permission View: %s
[2025-06-02T22:00:07.106+0000] {logging_mixin.py:154} INFO - [2025-06-02T22:00:07.106+0000] {manager.py:499} INFO - Created Permission View: %s
[2025-06-02T22:00:07.138+0000] {logging_mixin.py:154} INFO - [2025-06-02T22:00:07.138+0000] {manager.py:499} INFO - Created Permission View: %s
[2025-06-02T22:00:07.139+0000] {logging_mixin.py:154} INFO - [2025-06-02T22:00:07.139+0000] {dag.py:2941} INFO - Sync 1 DAGs
[2025-06-02T22:00:07.177+0000] {logging_mixin.py:154} INFO - [2025-06-02T22:00:07.177+0000] {dag.py:2963} INFO - Creating ORM DAG for example_short_circuit_decorator
[2025-06-02T22:00:07.210+0000] {logging_mixin.py:154} INFO - [2025-06-02T22:00:07.210+0000] {dag.py:3722} INFO - Setting next_dagrun for example_short_circuit_decorator to 2025-06-01T22:00:07.210154+00:00, run_after=2025-06-02T22:00:07.210154+00:00
[2025-06-02T22:00:07.249+0000] {processor.py:179} INFO - Processing /home/airflow/.local/lib/python3.10/site-packages/airflow/example_dags/example_short_circuit_decorator.py took 0.424 seconds
[2025-06-02T22:00:37.414+0000] {processor.py:157} INFO - Started process (PID=125) to work on /home/airflow/.local/lib/python3.10/site-packages/airflow/example_dags/example_short_circuit_decorator.py
[2025-06-02T22:00:37.416+0000] {processor.py:829} INFO - Processing file /home/airflow/.local/lib/python3.10/site-packages/airflow/example_dags/example_short_circuit_decorator.py for tasks to queue
[2025-06-02T22:00:37.419+0000] {logging_mixin.py:154} INFO - [2025-06-02T22:00:37.418+0000] {dagbag.py:536} INFO - Filling up the DagBag from /home/airflow/.local/lib/python3.10/site-packages/airflow/example_dags/example_short_circuit_decorator.py
[2025-06-02T22:00:37.431+0000] {processor.py:839} INFO - DAG(s) dict_keys(['example_short_circuit_decorator']) retrieved from /home/airflow/.local/lib/python3.10/site-packages/airflow/example_dags/example_short_circuit_decorator.py
[2025-06-02T22:00:37.454+0000] {logging_mixin.py:154} INFO - [2025-06-02T22:00:37.454+0000] {dag.py:2941} INFO - Sync 1 DAGs
[2025-06-02T22:00:37.476+0000] {logging_mixin.py:154} INFO - [2025-06-02T22:00:37.476+0000] {dag.py:3722} INFO - Setting next_dagrun for example_short_circuit_decorator to 2025-06-01T22:00:37.476522+00:00, run_after=2025-06-02T22:00:37.476522+00:00
[2025-06-02T22:00:37.501+0000] {processor.py:179} INFO - Processing /home/airflow/.local/lib/python3.10/site-packages/airflow/example_dags/example_short_circuit_decorator.py took 0.091 seconds
[2025-06-02T22:01:07.821+0000] {processor.py:157} INFO - Started process (PID=179) to work on /home/airflow/.local/lib/python3.10/site-packages/airflow/example_dags/example_short_circuit_decorator.py
[2025-06-02T22:01:07.823+0000] {processor.py:829} INFO - Processing file /home/airflow/.local/lib/python3.10/site-packages/airflow/example_dags/example_short_circuit_decorator.py for tasks to queue
[2025-06-02T22:01:07.825+0000] {logging_mixin.py:154} INFO - [2025-06-02T22:01:07.825+0000] {dagbag.py:536} INFO - Filling up the DagBag from /home/airflow/.local/lib/python3.10/site-packages/airflow/example_dags/example_short_circuit_decorator.py
[2025-06-02T22:01:07.835+0000] {processor.py:839} INFO - DAG(s) dict_keys(['example_short_circuit_decorator']) retrieved from /home/airflow/.local/lib/python3.10/site-packages/airflow/example_dags/example_short_circuit_decorator.py
[2025-06-02T22:01:07.864+0000] {logging_mixin.py:154} INFO - [2025-06-02T22:01:07.864+0000] {dag.py:2941} INFO - Sync 1 DAGs
[2025-06-02T22:01:07.927+0000] {logging_mixin.py:154} INFO - [2025-06-02T22:01:07.926+0000] {dag.py:3722} INFO - Setting next_dagrun for example_short_circuit_decorator to 2025-06-01T22:01:07.926596+00:00, run_after=2025-06-02T22:01:07.926596+00:00
[2025-06-02T22:01:07.985+0000] {processor.py:179} INFO - Processing /home/airflow/.local/lib/python3.10/site-packages/airflow/example_dags/example_short_circuit_decorator.py took 0.168 seconds
[2025-06-02T22:01:38.401+0000] {processor.py:157} INFO - Started process (PID=241) to work on /home/airflow/.local/lib/python3.10/site-packages/airflow/example_dags/example_short_circuit_decorator.py
[2025-06-02T22:01:38.402+0000] {processor.py:829} INFO - Processing file /home/airflow/.local/lib/python3.10/site-packages/airflow/example_dags/example_short_circuit_decorator.py for tasks to queue
[2025-06-02T22:01:38.405+0000] {logging_mixin.py:154} INFO - [2025-06-02T22:01:38.404+0000] {dagbag.py:536} INFO - Filling up the DagBag from /home/airflow/.local/lib/python3.10/site-packages/airflow/example_dags/example_short_circuit_decorator.py
[2025-06-02T22:01:38.418+0000] {processor.py:839} INFO - DAG(s) dict_keys(['example_short_circuit_decorator']) retrieved from /home/airflow/.local/lib/python3.10/site-packages/airflow/example_dags/example_short_circuit_decorator.py
[2025-06-02T22:01:38.452+0000] {logging_mixin.py:154} INFO - [2025-06-02T22:01:38.451+0000] {dag.py:2941} INFO - Sync 1 DAGs
[2025-06-02T22:01:38.483+0000] {logging_mixin.py:154} INFO - [2025-06-02T22:01:38.483+0000] {dag.py:3722} INFO - Setting next_dagrun for example_short_circuit_decorator to 2025-06-01T22:01:38.483275+00:00, run_after=2025-06-02T22:01:38.483275+00:00
[2025-06-02T22:01:38.510+0000] {processor.py:179} INFO - Processing /home/airflow/.local/lib/python3.10/site-packages/airflow/example_dags/example_short_circuit_decorator.py took 0.114 seconds
[2025-06-02T22:02:09.039+0000] {processor.py:157} INFO - Started process (PID=294) to work on /home/airflow/.local/lib/python3.10/site-packages/airflow/example_dags/example_short_circuit_decorator.py
[2025-06-02T22:02:09.040+0000] {processor.py:829} INFO - Processing file /home/airflow/.local/lib/python3.10/site-packages/airflow/example_dags/example_short_circuit_decorator.py for tasks to queue
[2025-06-02T22:02:09.043+0000] {logging_mixin.py:154} INFO - [2025-06-02T22:02:09.043+0000] {dagbag.py:536} INFO - Filling up the DagBag from /home/airflow/.local/lib/python3.10/site-packages/airflow/example_dags/example_short_circuit_decorator.py
[2025-06-02T22:02:09.054+0000] {processor.py:839} INFO - DAG(s) dict_keys(['example_short_circuit_decorator']) retrieved from /home/airflow/.local/lib/python3.10/site-packages/airflow/example_dags/example_short_circuit_decorator.py
[2025-06-02T22:02:09.077+0000] {logging_mixin.py:154} INFO - [2025-06-02T22:02:09.077+0000] {dag.py:2941} INFO - Sync 1 DAGs
[2025-06-02T22:02:09.099+0000] {logging_mixin.py:154} INFO - [2025-06-02T22:02:09.099+0000] {dag.py:3722} INFO - Setting next_dagrun for example_short_circuit_decorator to 2025-06-01T22:02:09.098825+00:00, run_after=2025-06-02T22:02:09.098825+00:00
[2025-06-02T22:02:09.117+0000] {processor.py:179} INFO - Processing /home/airflow/.local/lib/python3.10/site-packages/airflow/example_dags/example_short_circuit_decorator.py took 0.083 seconds
[2025-06-02T22:02:39.947+0000] {processor.py:157} INFO - Started process (PID=348) to work on /home/airflow/.local/lib/python3.10/site-packages/airflow/example_dags/example_short_circuit_decorator.py
[2025-06-02T22:02:39.949+0000] {processor.py:829} INFO - Processing file /home/airflow/.local/lib/python3.10/site-packages/airflow/example_dags/example_short_circuit_decorator.py for tasks to queue
[2025-06-02T22:02:39.952+0000] {logging_mixin.py:154} INFO - [2025-06-02T22:02:39.952+0000] {dagbag.py:536} INFO - Filling up the DagBag from /home/airflow/.local/lib/python3.10/site-packages/airflow/example_dags/example_short_circuit_decorator.py
[2025-06-02T22:02:39.964+0000] {processor.py:839} INFO - DAG(s) dict_keys(['example_short_circuit_decorator']) retrieved from /home/airflow/.local/lib/python3.10/site-packages/airflow/example_dags/example_short_circuit_decorator.py
[2025-06-02T22:02:39.987+0000] {logging_mixin.py:154} INFO - [2025-06-02T22:02:39.986+0000] {dag.py:2941} INFO - Sync 1 DAGs
[2025-06-02T22:02:40.009+0000] {logging_mixin.py:154} INFO - [2025-06-02T22:02:40.008+0000] {dag.py:3722} INFO - Setting next_dagrun for example_short_circuit_decorator to 2025-06-01T22:02:40.008726+00:00, run_after=2025-06-02T22:02:40.008726+00:00
[2025-06-02T22:02:40.028+0000] {processor.py:179} INFO - Processing /home/airflow/.local/lib/python3.10/site-packages/airflow/example_dags/example_short_circuit_decorator.py took 0.085 seconds
[2025-06-02T22:03:10.562+0000] {processor.py:157} INFO - Started process (PID=403) to work on /home/airflow/.local/lib/python3.10/site-packages/airflow/example_dags/example_short_circuit_decorator.py
[2025-06-02T22:03:10.563+0000] {processor.py:829} INFO - Processing file /home/airflow/.local/lib/python3.10/site-packages/airflow/example_dags/example_short_circuit_decorator.py for tasks to queue
[2025-06-02T22:03:10.565+0000] {logging_mixin.py:154} INFO - [2025-06-02T22:03:10.565+0000] {dagbag.py:536} INFO - Filling up the DagBag from /home/airflow/.local/lib/python3.10/site-packages/airflow/example_dags/example_short_circuit_decorator.py
[2025-06-02T22:03:10.575+0000] {processor.py:839} INFO - DAG(s) dict_keys(['example_short_circuit_decorator']) retrieved from /home/airflow/.local/lib/python3.10/site-packages/airflow/example_dags/example_short_circuit_decorator.py
[2025-06-02T22:03:10.598+0000] {logging_mixin.py:154} INFO - [2025-06-02T22:03:10.598+0000] {dag.py:2941} INFO - Sync 1 DAGs
[2025-06-02T22:03:10.620+0000] {logging_mixin.py:154} INFO - [2025-06-02T22:03:10.620+0000] {dag.py:3722} INFO - Setting next_dagrun for example_short_circuit_decorator to 2025-06-01T22:03:10.619749+00:00, run_after=2025-06-02T22:03:10.619749+00:00
[2025-06-02T22:03:10.638+0000] {processor.py:179} INFO - Processing /home/airflow/.local/lib/python3.10/site-packages/airflow/example_dags/example_short_circuit_decorator.py took 0.080 seconds
[2025-06-02T22:03:41.385+0000] {processor.py:157} INFO - Started process (PID=457) to work on /home/airflow/.local/lib/python3.10/site-packages/airflow/example_dags/example_short_circuit_decorator.py
[2025-06-02T22:03:41.386+0000] {processor.py:829} INFO - Processing file /home/airflow/.local/lib/python3.10/site-packages/airflow/example_dags/example_short_circuit_decorator.py for tasks to queue
[2025-06-02T22:03:41.389+0000] {logging_mixin.py:154} INFO - [2025-06-02T22:03:41.389+0000] {dagbag.py:536} INFO - Filling up the DagBag from /home/airflow/.local/lib/python3.10/site-packages/airflow/example_dags/example_short_circuit_decorator.py
[2025-06-02T22:03:41.401+0000] {processor.py:839} INFO - DAG(s) dict_keys(['example_short_circuit_decorator']) retrieved from /home/airflow/.local/lib/python3.10/site-packages/airflow/example_dags/example_short_circuit_decorator.py
[2025-06-02T22:03:41.423+0000] {logging_mixin.py:154} INFO - [2025-06-02T22:03:41.423+0000] {dag.py:2941} INFO - Sync 1 DAGs
[2025-06-02T22:03:41.445+0000] {logging_mixin.py:154} INFO - [2025-06-02T22:03:41.445+0000] {dag.py:3722} INFO - Setting next_dagrun for example_short_circuit_decorator to 2025-06-01T22:03:41.444756+00:00, run_after=2025-06-02T22:03:41.444756+00:00
[2025-06-02T22:03:41.462+0000] {processor.py:179} INFO - Processing /home/airflow/.local/lib/python3.10/site-packages/airflow/example_dags/example_short_circuit_decorator.py took 0.082 seconds
[2025-06-02T22:04:12.233+0000] {processor.py:157} INFO - Started process (PID=511) to work on /home/airflow/.local/lib/python3.10/site-packages/airflow/example_dags/example_short_circuit_decorator.py
[2025-06-02T22:04:12.234+0000] {processor.py:829} INFO - Processing file /home/airflow/.local/lib/python3.10/site-packages/airflow/example_dags/example_short_circuit_decorator.py for tasks to queue
[2025-06-02T22:04:12.237+0000] {logging_mixin.py:154} INFO - [2025-06-02T22:04:12.237+0000] {dagbag.py:536} INFO - Filling up the DagBag from /home/airflow/.local/lib/python3.10/site-packages/airflow/example_dags/example_short_circuit_decorator.py
[2025-06-02T22:04:12.267+0000] {processor.py:839} INFO - DAG(s) dict_keys(['example_short_circuit_decorator']) retrieved from /home/airflow/.local/lib/python3.10/site-packages/airflow/example_dags/example_short_circuit_decorator.py
[2025-06-02T22:04:12.318+0000] {logging_mixin.py:154} INFO - [2025-06-02T22:04:12.317+0000] {dag.py:2941} INFO - Sync 1 DAGs
[2025-06-02T22:04:12.348+0000] {logging_mixin.py:154} INFO - [2025-06-02T22:04:12.348+0000] {dag.py:3722} INFO - Setting next_dagrun for example_short_circuit_decorator to 2025-06-01T22:04:12.348141+00:00, run_after=2025-06-02T22:04:12.348141+00:00
[2025-06-02T22:04:12.371+0000] {processor.py:179} INFO - Processing /home/airflow/.local/lib/python3.10/site-packages/airflow/example_dags/example_short_circuit_decorator.py took 0.149 seconds
[2025-06-02T22:04:43.477+0000] {processor.py:157} INFO - Started process (PID=565) to work on /home/airflow/.local/lib/python3.10/site-packages/airflow/example_dags/example_short_circuit_decorator.py
[2025-06-02T22:04:43.494+0000] {processor.py:829} INFO - Processing file /home/airflow/.local/lib/python3.10/site-packages/airflow/example_dags/example_short_circuit_decorator.py for tasks to queue
[2025-06-02T22:04:43.497+0000] {logging_mixin.py:154} INFO - [2025-06-02T22:04:43.496+0000] {dagbag.py:536} INFO - Filling up the DagBag from /home/airflow/.local/lib/python3.10/site-packages/airflow/example_dags/example_short_circuit_decorator.py
[2025-06-02T22:04:43.541+0000] {processor.py:839} INFO - DAG(s) dict_keys(['example_short_circuit_decorator']) retrieved from /home/airflow/.local/lib/python3.10/site-packages/airflow/example_dags/example_short_circuit_decorator.py
[2025-06-02T22:04:43.646+0000] {logging_mixin.py:154} INFO - [2025-06-02T22:04:43.646+0000] {dag.py:2941} INFO - Sync 1 DAGs
[2025-06-02T22:04:43.731+0000] {logging_mixin.py:154} INFO - [2025-06-02T22:04:43.730+0000] {dag.py:3722} INFO - Setting next_dagrun for example_short_circuit_decorator to 2025-06-01T22:04:43.730479+00:00, run_after=2025-06-02T22:04:43.730479+00:00
[2025-06-02T22:04:43.782+0000] {processor.py:179} INFO - Processing /home/airflow/.local/lib/python3.10/site-packages/airflow/example_dags/example_short_circuit_decorator.py took 0.326 seconds
[2025-06-02T22:05:14.269+0000] {processor.py:157} INFO - Started process (PID=620) to work on /home/airflow/.local/lib/python3.10/site-packages/airflow/example_dags/example_short_circuit_decorator.py
[2025-06-02T22:05:14.270+0000] {processor.py:829} INFO - Processing file /home/airflow/.local/lib/python3.10/site-packages/airflow/example_dags/example_short_circuit_decorator.py for tasks to queue
[2025-06-02T22:05:14.273+0000] {logging_mixin.py:154} INFO - [2025-06-02T22:05:14.273+0000] {dagbag.py:536} INFO - Filling up the DagBag from /home/airflow/.local/lib/python3.10/site-packages/airflow/example_dags/example_short_circuit_decorator.py
[2025-06-02T22:05:14.283+0000] {processor.py:839} INFO - DAG(s) dict_keys(['example_short_circuit_decorator']) retrieved from /home/airflow/.local/lib/python3.10/site-packages/airflow/example_dags/example_short_circuit_decorator.py
[2025-06-02T22:05:14.307+0000] {logging_mixin.py:154} INFO - [2025-06-02T22:05:14.306+0000] {dag.py:2941} INFO - Sync 1 DAGs
[2025-06-02T22:05:14.330+0000] {logging_mixin.py:154} INFO - [2025-06-02T22:05:14.330+0000] {dag.py:3722} INFO - Setting next_dagrun for example_short_circuit_decorator to 2025-06-01T22:05:14.329740+00:00, run_after=2025-06-02T22:05:14.329740+00:00
[2025-06-02T22:05:14.351+0000] {processor.py:179} INFO - Processing /home/airflow/.local/lib/python3.10/site-packages/airflow/example_dags/example_short_circuit_decorator.py took 0.087 seconds
[2025-06-02T22:05:44.595+0000] {processor.py:157} INFO - Started process (PID=674) to work on /home/airflow/.local/lib/python3.10/site-packages/airflow/example_dags/example_short_circuit_decorator.py
[2025-06-02T22:05:44.596+0000] {processor.py:829} INFO - Processing file /home/airflow/.local/lib/python3.10/site-packages/airflow/example_dags/example_short_circuit_decorator.py for tasks to queue
[2025-06-02T22:05:44.599+0000] {logging_mixin.py:154} INFO - [2025-06-02T22:05:44.599+0000] {dagbag.py:536} INFO - Filling up the DagBag from /home/airflow/.local/lib/python3.10/site-packages/airflow/example_dags/example_short_circuit_decorator.py
[2025-06-02T22:05:44.612+0000] {processor.py:839} INFO - DAG(s) dict_keys(['example_short_circuit_decorator']) retrieved from /home/airflow/.local/lib/python3.10/site-packages/airflow/example_dags/example_short_circuit_decorator.py
[2025-06-02T22:05:44.643+0000] {logging_mixin.py:154} INFO - [2025-06-02T22:05:44.643+0000] {dag.py:2941} INFO - Sync 1 DAGs
[2025-06-02T22:05:44.674+0000] {logging_mixin.py:154} INFO - [2025-06-02T22:05:44.674+0000] {dag.py:3722} INFO - Setting next_dagrun for example_short_circuit_decorator to 2025-06-01T22:05:44.673815+00:00, run_after=2025-06-02T22:05:44.673815+00:00
[2025-06-02T22:05:44.696+0000] {processor.py:179} INFO - Processing /home/airflow/.local/lib/python3.10/site-packages/airflow/example_dags/example_short_circuit_decorator.py took 0.106 seconds
[2025-06-02T22:06:14.845+0000] {processor.py:157} INFO - Started process (PID=727) to work on /home/airflow/.local/lib/python3.10/site-packages/airflow/example_dags/example_short_circuit_decorator.py
[2025-06-02T22:06:14.846+0000] {processor.py:829} INFO - Processing file /home/airflow/.local/lib/python3.10/site-packages/airflow/example_dags/example_short_circuit_decorator.py for tasks to queue
[2025-06-02T22:06:14.848+0000] {logging_mixin.py:154} INFO - [2025-06-02T22:06:14.848+0000] {dagbag.py:536} INFO - Filling up the DagBag from /home/airflow/.local/lib/python3.10/site-packages/airflow/example_dags/example_short_circuit_decorator.py
[2025-06-02T22:06:14.861+0000] {processor.py:839} INFO - DAG(s) dict_keys(['example_short_circuit_decorator']) retrieved from /home/airflow/.local/lib/python3.10/site-packages/airflow/example_dags/example_short_circuit_decorator.py
[2025-06-02T22:06:14.893+0000] {logging_mixin.py:154} INFO - [2025-06-02T22:06:14.893+0000] {dag.py:2941} INFO - Sync 1 DAGs
[2025-06-02T22:06:14.924+0000] {logging_mixin.py:154} INFO - [2025-06-02T22:06:14.924+0000] {dag.py:3722} INFO - Setting next_dagrun for example_short_circuit_decorator to 2025-06-01T22:06:14.923880+00:00, run_after=2025-06-02T22:06:14.923880+00:00
[2025-06-02T22:06:14.950+0000] {processor.py:179} INFO - Processing /home/airflow/.local/lib/python3.10/site-packages/airflow/example_dags/example_short_circuit_decorator.py took 0.110 seconds
[2025-06-02T22:06:45.408+0000] {processor.py:157} INFO - Started process (PID=782) to work on /home/airflow/.local/lib/python3.10/site-packages/airflow/example_dags/example_short_circuit_decorator.py
[2025-06-02T22:06:45.410+0000] {processor.py:829} INFO - Processing file /home/airflow/.local/lib/python3.10/site-packages/airflow/example_dags/example_short_circuit_decorator.py for tasks to queue
[2025-06-02T22:06:45.413+0000] {logging_mixin.py:154} INFO - [2025-06-02T22:06:45.413+0000] {dagbag.py:536} INFO - Filling up the DagBag from /home/airflow/.local/lib/python3.10/site-packages/airflow/example_dags/example_short_circuit_decorator.py
[2025-06-02T22:06:45.431+0000] {processor.py:839} INFO - DAG(s) dict_keys(['example_short_circuit_decorator']) retrieved from /home/airflow/.local/lib/python3.10/site-packages/airflow/example_dags/example_short_circuit_decorator.py
[2025-06-02T22:06:45.463+0000] {logging_mixin.py:154} INFO - [2025-06-02T22:06:45.463+0000] {dag.py:2941} INFO - Sync 1 DAGs
[2025-06-02T22:06:45.493+0000] {logging_mixin.py:154} INFO - [2025-06-02T22:06:45.493+0000] {dag.py:3722} INFO - Setting next_dagrun for example_short_circuit_decorator to 2025-06-01T22:06:45.492841+00:00, run_after=2025-06-02T22:06:45.492841+00:00
[2025-06-02T22:06:45.521+0000] {processor.py:179} INFO - Processing /home/airflow/.local/lib/python3.10/site-packages/airflow/example_dags/example_short_circuit_decorator.py took 0.118 seconds
[2025-06-02T22:07:15.583+0000] {processor.py:157} INFO - Started process (PID=836) to work on /home/airflow/.local/lib/python3.10/site-packages/airflow/example_dags/example_short_circuit_decorator.py
[2025-06-02T22:07:15.584+0000] {processor.py:829} INFO - Processing file /home/airflow/.local/lib/python3.10/site-packages/airflow/example_dags/example_short_circuit_decorator.py for tasks to queue
[2025-06-02T22:07:15.587+0000] {logging_mixin.py:154} INFO - [2025-06-02T22:07:15.587+0000] {dagbag.py:536} INFO - Filling up the DagBag from /home/airflow/.local/lib/python3.10/site-packages/airflow/example_dags/example_short_circuit_decorator.py
[2025-06-02T22:07:15.601+0000] {processor.py:839} INFO - DAG(s) dict_keys(['example_short_circuit_decorator']) retrieved from /home/airflow/.local/lib/python3.10/site-packages/airflow/example_dags/example_short_circuit_decorator.py
[2025-06-02T22:07:15.633+0000] {logging_mixin.py:154} INFO - [2025-06-02T22:07:15.633+0000] {dag.py:2941} INFO - Sync 1 DAGs
[2025-06-02T22:07:15.664+0000] {logging_mixin.py:154} INFO - [2025-06-02T22:07:15.664+0000] {dag.py:3722} INFO - Setting next_dagrun for example_short_circuit_decorator to 2025-06-01T22:07:15.664154+00:00, run_after=2025-06-02T22:07:15.664154+00:00
[2025-06-02T22:07:15.700+0000] {processor.py:179} INFO - Processing /home/airflow/.local/lib/python3.10/site-packages/airflow/example_dags/example_short_circuit_decorator.py took 0.122 seconds
[2025-06-02T22:07:46.376+0000] {processor.py:157} INFO - Started process (PID=890) to work on /home/airflow/.local/lib/python3.10/site-packages/airflow/example_dags/example_short_circuit_decorator.py
[2025-06-02T22:07:46.378+0000] {processor.py:829} INFO - Processing file /home/airflow/.local/lib/python3.10/site-packages/airflow/example_dags/example_short_circuit_decorator.py for tasks to queue
[2025-06-02T22:07:46.381+0000] {logging_mixin.py:154} INFO - [2025-06-02T22:07:46.381+0000] {dagbag.py:536} INFO - Filling up the DagBag from /home/airflow/.local/lib/python3.10/site-packages/airflow/example_dags/example_short_circuit_decorator.py
[2025-06-02T22:07:46.395+0000] {processor.py:839} INFO - DAG(s) dict_keys(['example_short_circuit_decorator']) retrieved from /home/airflow/.local/lib/python3.10/site-packages/airflow/example_dags/example_short_circuit_decorator.py
[2025-06-02T22:07:46.472+0000] {logging_mixin.py:154} INFO - [2025-06-02T22:07:46.471+0000] {dag.py:2941} INFO - Sync 1 DAGs
[2025-06-02T22:07:46.519+0000] {logging_mixin.py:154} INFO - [2025-06-02T22:07:46.518+0000] {dag.py:3722} INFO - Setting next_dagrun for example_short_circuit_decorator to 2025-06-01T22:07:46.518625+00:00, run_after=2025-06-02T22:07:46.518625+00:00
[2025-06-02T22:07:46.541+0000] {processor.py:179} INFO - Processing /home/airflow/.local/lib/python3.10/site-packages/airflow/example_dags/example_short_circuit_decorator.py took 0.170 seconds
[2025-06-02T22:08:16.885+0000] {processor.py:157} INFO - Started process (PID=944) to work on /home/airflow/.local/lib/python3.10/site-packages/airflow/example_dags/example_short_circuit_decorator.py
[2025-06-02T22:08:16.886+0000] {processor.py:829} INFO - Processing file /home/airflow/.local/lib/python3.10/site-packages/airflow/example_dags/example_short_circuit_decorator.py for tasks to queue
[2025-06-02T22:08:16.889+0000] {logging_mixin.py:154} INFO - [2025-06-02T22:08:16.889+0000] {dagbag.py:536} INFO - Filling up the DagBag from /home/airflow/.local/lib/python3.10/site-packages/airflow/example_dags/example_short_circuit_decorator.py
[2025-06-02T22:08:16.901+0000] {processor.py:839} INFO - DAG(s) dict_keys(['example_short_circuit_decorator']) retrieved from /home/airflow/.local/lib/python3.10/site-packages/airflow/example_dags/example_short_circuit_decorator.py
[2025-06-02T22:08:16.933+0000] {logging_mixin.py:154} INFO - [2025-06-02T22:08:16.933+0000] {dag.py:2941} INFO - Sync 1 DAGs
[2025-06-02T22:08:16.963+0000] {logging_mixin.py:154} INFO - [2025-06-02T22:08:16.963+0000] {dag.py:3722} INFO - Setting next_dagrun for example_short_circuit_decorator to 2025-06-01T22:08:16.962677+00:00, run_after=2025-06-02T22:08:16.962677+00:00
[2025-06-02T22:08:16.994+0000] {processor.py:179} INFO - Processing /home/airflow/.local/lib/python3.10/site-packages/airflow/example_dags/example_short_circuit_decorator.py took 0.114 seconds
[2025-06-02T22:08:47.843+0000] {processor.py:157} INFO - Started process (PID=998) to work on /home/airflow/.local/lib/python3.10/site-packages/airflow/example_dags/example_short_circuit_decorator.py
[2025-06-02T22:08:47.846+0000] {processor.py:829} INFO - Processing file /home/airflow/.local/lib/python3.10/site-packages/airflow/example_dags/example_short_circuit_decorator.py for tasks to queue
[2025-06-02T22:08:47.849+0000] {logging_mixin.py:154} INFO - [2025-06-02T22:08:47.849+0000] {dagbag.py:536} INFO - Filling up the DagBag from /home/airflow/.local/lib/python3.10/site-packages/airflow/example_dags/example_short_circuit_decorator.py
[2025-06-02T22:08:47.862+0000] {processor.py:839} INFO - DAG(s) dict_keys(['example_short_circuit_decorator']) retrieved from /home/airflow/.local/lib/python3.10/site-packages/airflow/example_dags/example_short_circuit_decorator.py
[2025-06-02T22:08:47.893+0000] {logging_mixin.py:154} INFO - [2025-06-02T22:08:47.893+0000] {dag.py:2941} INFO - Sync 1 DAGs
[2025-06-02T22:08:48.109+0000] {logging_mixin.py:154} INFO - [2025-06-02T22:08:48.109+0000] {dag.py:3722} INFO - Setting next_dagrun for example_short_circuit_decorator to 2025-06-01T22:08:48.109367+00:00, run_after=2025-06-02T22:08:48.109367+00:00
[2025-06-02T22:08:48.140+0000] {processor.py:179} INFO - Processing /home/airflow/.local/lib/python3.10/site-packages/airflow/example_dags/example_short_circuit_decorator.py took 0.302 seconds
[2025-06-02T22:09:18.747+0000] {processor.py:157} INFO - Started process (PID=1052) to work on /home/airflow/.local/lib/python3.10/site-packages/airflow/example_dags/example_short_circuit_decorator.py
[2025-06-02T22:09:18.748+0000] {processor.py:829} INFO - Processing file /home/airflow/.local/lib/python3.10/site-packages/airflow/example_dags/example_short_circuit_decorator.py for tasks to queue
[2025-06-02T22:09:18.751+0000] {logging_mixin.py:154} INFO - [2025-06-02T22:09:18.751+0000] {dagbag.py:536} INFO - Filling up the DagBag from /home/airflow/.local/lib/python3.10/site-packages/airflow/example_dags/example_short_circuit_decorator.py
[2025-06-02T22:09:18.764+0000] {processor.py:839} INFO - DAG(s) dict_keys(['example_short_circuit_decorator']) retrieved from /home/airflow/.local/lib/python3.10/site-packages/airflow/example_dags/example_short_circuit_decorator.py
[2025-06-02T22:09:18.793+0000] {logging_mixin.py:154} INFO - [2025-06-02T22:09:18.793+0000] {dag.py:2941} INFO - Sync 1 DAGs
[2025-06-02T22:09:18.827+0000] {logging_mixin.py:154} INFO - [2025-06-02T22:09:18.827+0000] {dag.py:3722} INFO - Setting next_dagrun for example_short_circuit_decorator to 2025-06-01T22:09:18.826766+00:00, run_after=2025-06-02T22:09:18.826766+00:00
[2025-06-02T22:09:19.048+0000] {processor.py:179} INFO - Processing /home/airflow/.local/lib/python3.10/site-packages/airflow/example_dags/example_short_circuit_decorator.py took 0.306 seconds
[2025-06-02T22:09:49.420+0000] {processor.py:157} INFO - Started process (PID=1105) to work on /home/airflow/.local/lib/python3.10/site-packages/airflow/example_dags/example_short_circuit_decorator.py
[2025-06-02T22:09:49.421+0000] {processor.py:829} INFO - Processing file /home/airflow/.local/lib/python3.10/site-packages/airflow/example_dags/example_short_circuit_decorator.py for tasks to queue
[2025-06-02T22:09:49.424+0000] {logging_mixin.py:154} INFO - [2025-06-02T22:09:49.424+0000] {dagbag.py:536} INFO - Filling up the DagBag from /home/airflow/.local/lib/python3.10/site-packages/airflow/example_dags/example_short_circuit_decorator.py
[2025-06-02T22:09:49.437+0000] {processor.py:839} INFO - DAG(s) dict_keys(['example_short_circuit_decorator']) retrieved from /home/airflow/.local/lib/python3.10/site-packages/airflow/example_dags/example_short_circuit_decorator.py
[2025-06-02T22:09:49.470+0000] {logging_mixin.py:154} INFO - [2025-06-02T22:09:49.470+0000] {dag.py:2941} INFO - Sync 1 DAGs
[2025-06-02T22:09:49.501+0000] {logging_mixin.py:154} INFO - [2025-06-02T22:09:49.500+0000] {dag.py:3722} INFO - Setting next_dagrun for example_short_circuit_decorator to 2025-06-01T22:09:49.500439+00:00, run_after=2025-06-02T22:09:49.500439+00:00
[2025-06-02T22:09:49.525+0000] {processor.py:179} INFO - Processing /home/airflow/.local/lib/python3.10/site-packages/airflow/example_dags/example_short_circuit_decorator.py took 0.109 seconds
[2025-06-02T22:10:22.246+0000] {processor.py:157} INFO - Started process (PID=1159) to work on /home/airflow/.local/lib/python3.10/site-packages/airflow/example_dags/example_short_circuit_decorator.py
[2025-06-02T22:10:22.254+0000] {processor.py:829} INFO - Processing file /home/airflow/.local/lib/python3.10/site-packages/airflow/example_dags/example_short_circuit_decorator.py for tasks to queue
[2025-06-02T22:10:22.257+0000] {logging_mixin.py:154} INFO - [2025-06-02T22:10:22.256+0000] {dagbag.py:536} INFO - Filling up the DagBag from /home/airflow/.local/lib/python3.10/site-packages/airflow/example_dags/example_short_circuit_decorator.py
[2025-06-02T22:10:22.301+0000] {processor.py:839} INFO - DAG(s) dict_keys(['example_short_circuit_decorator']) retrieved from /home/airflow/.local/lib/python3.10/site-packages/airflow/example_dags/example_short_circuit_decorator.py
[2025-06-02T22:10:22.949+0000] {logging_mixin.py:154} INFO - [2025-06-02T22:10:22.949+0000] {dag.py:2941} INFO - Sync 1 DAGs
[2025-06-02T22:10:23.031+0000] {logging_mixin.py:154} INFO - [2025-06-02T22:10:23.031+0000] {dag.py:3722} INFO - Setting next_dagrun for example_short_circuit_decorator to 2025-06-01T22:10:23.031031+00:00, run_after=2025-06-02T22:10:23.031031+00:00
[2025-06-02T22:10:23.195+0000] {processor.py:179} INFO - Processing /home/airflow/.local/lib/python3.10/site-packages/airflow/example_dags/example_short_circuit_decorator.py took 0.961 seconds
[2025-06-02T22:10:53.902+0000] {processor.py:157} INFO - Started process (PID=1213) to work on /home/airflow/.local/lib/python3.10/site-packages/airflow/example_dags/example_short_circuit_decorator.py
[2025-06-02T22:10:53.903+0000] {processor.py:829} INFO - Processing file /home/airflow/.local/lib/python3.10/site-packages/airflow/example_dags/example_short_circuit_decorator.py for tasks to queue
[2025-06-02T22:10:53.905+0000] {logging_mixin.py:154} INFO - [2025-06-02T22:10:53.905+0000] {dagbag.py:536} INFO - Filling up the DagBag from /home/airflow/.local/lib/python3.10/site-packages/airflow/example_dags/example_short_circuit_decorator.py
[2025-06-02T22:10:53.918+0000] {processor.py:839} INFO - DAG(s) dict_keys(['example_short_circuit_decorator']) retrieved from /home/airflow/.local/lib/python3.10/site-packages/airflow/example_dags/example_short_circuit_decorator.py
[2025-06-02T22:10:53.983+0000] {logging_mixin.py:154} INFO - [2025-06-02T22:10:53.983+0000] {dag.py:2941} INFO - Sync 1 DAGs
[2025-06-02T22:10:54.279+0000] {logging_mixin.py:154} INFO - [2025-06-02T22:10:54.279+0000] {dag.py:3722} INFO - Setting next_dagrun for example_short_circuit_decorator to 2025-06-01T22:10:54.279096+00:00, run_after=2025-06-02T22:10:54.279096+00:00
[2025-06-02T22:10:54.314+0000] {processor.py:179} INFO - Processing /home/airflow/.local/lib/python3.10/site-packages/airflow/example_dags/example_short_circuit_decorator.py took 0.416 seconds
[2025-06-02T23:04:00.031+0000] {processor.py:157} INFO - Started process (PID=65) to work on /home/airflow/.local/lib/python3.10/site-packages/airflow/example_dags/example_short_circuit_decorator.py
[2025-06-02T23:04:00.036+0000] {processor.py:829} INFO - Processing file /home/airflow/.local/lib/python3.10/site-packages/airflow/example_dags/example_short_circuit_decorator.py for tasks to queue
[2025-06-02T23:04:00.039+0000] {logging_mixin.py:154} INFO - [2025-06-02T23:04:00.038+0000] {dagbag.py:536} INFO - Filling up the DagBag from /home/airflow/.local/lib/python3.10/site-packages/airflow/example_dags/example_short_circuit_decorator.py
[2025-06-02T23:04:00.052+0000] {processor.py:839} INFO - DAG(s) dict_keys(['example_short_circuit_decorator']) retrieved from /home/airflow/.local/lib/python3.10/site-packages/airflow/example_dags/example_short_circuit_decorator.py
[2025-06-02T23:04:00.087+0000] {logging_mixin.py:154} INFO - [2025-06-02T23:04:00.087+0000] {dag.py:2941} INFO - Sync 1 DAGs
[2025-06-02T23:04:00.120+0000] {logging_mixin.py:154} INFO - [2025-06-02T23:04:00.120+0000] {dag.py:3722} INFO - Setting next_dagrun for example_short_circuit_decorator to 2025-06-01T23:04:00.120072+00:00, run_after=2025-06-02T23:04:00.120072+00:00
[2025-06-02T23:04:00.171+0000] {processor.py:179} INFO - Processing /home/airflow/.local/lib/python3.10/site-packages/airflow/example_dags/example_short_circuit_decorator.py took 0.144 seconds
[2025-06-02T23:04:30.930+0000] {processor.py:157} INFO - Started process (PID=121) to work on /home/airflow/.local/lib/python3.10/site-packages/airflow/example_dags/example_short_circuit_decorator.py
[2025-06-02T23:04:30.931+0000] {processor.py:829} INFO - Processing file /home/airflow/.local/lib/python3.10/site-packages/airflow/example_dags/example_short_circuit_decorator.py for tasks to queue
[2025-06-02T23:04:30.934+0000] {logging_mixin.py:154} INFO - [2025-06-02T23:04:30.934+0000] {dagbag.py:536} INFO - Filling up the DagBag from /home/airflow/.local/lib/python3.10/site-packages/airflow/example_dags/example_short_circuit_decorator.py
[2025-06-02T23:04:30.950+0000] {processor.py:839} INFO - DAG(s) dict_keys(['example_short_circuit_decorator']) retrieved from /home/airflow/.local/lib/python3.10/site-packages/airflow/example_dags/example_short_circuit_decorator.py
[2025-06-02T23:04:30.983+0000] {logging_mixin.py:154} INFO - [2025-06-02T23:04:30.982+0000] {dag.py:2941} INFO - Sync 1 DAGs
[2025-06-02T23:04:31.010+0000] {logging_mixin.py:154} INFO - [2025-06-02T23:04:31.009+0000] {dag.py:3722} INFO - Setting next_dagrun for example_short_circuit_decorator to 2025-06-01T23:04:31.009519+00:00, run_after=2025-06-02T23:04:31.009519+00:00
[2025-06-02T23:04:31.046+0000] {processor.py:179} INFO - Processing /home/airflow/.local/lib/python3.10/site-packages/airflow/example_dags/example_short_circuit_decorator.py took 0.125 seconds
[2025-06-02T23:05:01.101+0000] {processor.py:157} INFO - Started process (PID=177) to work on /home/airflow/.local/lib/python3.10/site-packages/airflow/example_dags/example_short_circuit_decorator.py
[2025-06-02T23:05:01.102+0000] {processor.py:829} INFO - Processing file /home/airflow/.local/lib/python3.10/site-packages/airflow/example_dags/example_short_circuit_decorator.py for tasks to queue
[2025-06-02T23:05:01.105+0000] {logging_mixin.py:154} INFO - [2025-06-02T23:05:01.104+0000] {dagbag.py:536} INFO - Filling up the DagBag from /home/airflow/.local/lib/python3.10/site-packages/airflow/example_dags/example_short_circuit_decorator.py
[2025-06-02T23:05:01.117+0000] {processor.py:839} INFO - DAG(s) dict_keys(['example_short_circuit_decorator']) retrieved from /home/airflow/.local/lib/python3.10/site-packages/airflow/example_dags/example_short_circuit_decorator.py
[2025-06-02T23:05:01.149+0000] {logging_mixin.py:154} INFO - [2025-06-02T23:05:01.148+0000] {dag.py:2941} INFO - Sync 1 DAGs
[2025-06-02T23:05:01.179+0000] {logging_mixin.py:154} INFO - [2025-06-02T23:05:01.178+0000] {dag.py:3722} INFO - Setting next_dagrun for example_short_circuit_decorator to 2025-06-01T23:05:01.178539+00:00, run_after=2025-06-02T23:05:01.178539+00:00
[2025-06-02T23:05:01.206+0000] {processor.py:179} INFO - Processing /home/airflow/.local/lib/python3.10/site-packages/airflow/example_dags/example_short_circuit_decorator.py took 0.110 seconds
[2025-06-02T23:05:33.085+0000] {processor.py:157} INFO - Started process (PID=233) to work on /home/airflow/.local/lib/python3.10/site-packages/airflow/example_dags/example_short_circuit_decorator.py
[2025-06-02T23:05:33.087+0000] {processor.py:829} INFO - Processing file /home/airflow/.local/lib/python3.10/site-packages/airflow/example_dags/example_short_circuit_decorator.py for tasks to queue
[2025-06-02T23:05:33.090+0000] {logging_mixin.py:154} INFO - [2025-06-02T23:05:33.089+0000] {dagbag.py:536} INFO - Filling up the DagBag from /home/airflow/.local/lib/python3.10/site-packages/airflow/example_dags/example_short_circuit_decorator.py
[2025-06-02T23:05:33.103+0000] {processor.py:839} INFO - DAG(s) dict_keys(['example_short_circuit_decorator']) retrieved from /home/airflow/.local/lib/python3.10/site-packages/airflow/example_dags/example_short_circuit_decorator.py
[2025-06-02T23:05:33.134+0000] {logging_mixin.py:154} INFO - [2025-06-02T23:05:33.134+0000] {dag.py:2941} INFO - Sync 1 DAGs
[2025-06-02T23:05:33.163+0000] {logging_mixin.py:154} INFO - [2025-06-02T23:05:33.163+0000] {dag.py:3722} INFO - Setting next_dagrun for example_short_circuit_decorator to 2025-06-01T23:05:33.163147+00:00, run_after=2025-06-02T23:05:33.163147+00:00
[2025-06-02T23:05:33.189+0000] {processor.py:179} INFO - Processing /home/airflow/.local/lib/python3.10/site-packages/airflow/example_dags/example_short_circuit_decorator.py took 0.109 seconds
[2025-06-02T23:06:07.480+0000] {processor.py:157} INFO - Started process (PID=289) to work on /home/airflow/.local/lib/python3.10/site-packages/airflow/example_dags/example_short_circuit_decorator.py
[2025-06-02T23:06:07.481+0000] {processor.py:829} INFO - Processing file /home/airflow/.local/lib/python3.10/site-packages/airflow/example_dags/example_short_circuit_decorator.py for tasks to queue
[2025-06-02T23:06:07.484+0000] {logging_mixin.py:154} INFO - [2025-06-02T23:06:07.484+0000] {dagbag.py:536} INFO - Filling up the DagBag from /home/airflow/.local/lib/python3.10/site-packages/airflow/example_dags/example_short_circuit_decorator.py
[2025-06-02T23:06:07.497+0000] {processor.py:839} INFO - DAG(s) dict_keys(['example_short_circuit_decorator']) retrieved from /home/airflow/.local/lib/python3.10/site-packages/airflow/example_dags/example_short_circuit_decorator.py
[2025-06-02T23:06:07.528+0000] {logging_mixin.py:154} INFO - [2025-06-02T23:06:07.528+0000] {dag.py:2941} INFO - Sync 1 DAGs
[2025-06-02T23:06:07.557+0000] {logging_mixin.py:154} INFO - [2025-06-02T23:06:07.557+0000] {dag.py:3722} INFO - Setting next_dagrun for example_short_circuit_decorator to 2025-06-01T23:06:07.557312+00:00, run_after=2025-06-02T23:06:07.557312+00:00
[2025-06-02T23:06:07.580+0000] {processor.py:179} INFO - Processing /home/airflow/.local/lib/python3.10/site-packages/airflow/example_dags/example_short_circuit_decorator.py took 0.104 seconds
[2025-06-02T23:06:40.703+0000] {processor.py:157} INFO - Started process (PID=352) to work on /home/airflow/.local/lib/python3.10/site-packages/airflow/example_dags/example_short_circuit_decorator.py
[2025-06-02T23:06:40.704+0000] {processor.py:829} INFO - Processing file /home/airflow/.local/lib/python3.10/site-packages/airflow/example_dags/example_short_circuit_decorator.py for tasks to queue
[2025-06-02T23:06:40.707+0000] {logging_mixin.py:154} INFO - [2025-06-02T23:06:40.707+0000] {dagbag.py:536} INFO - Filling up the DagBag from /home/airflow/.local/lib/python3.10/site-packages/airflow/example_dags/example_short_circuit_decorator.py
[2025-06-02T23:06:40.720+0000] {processor.py:839} INFO - DAG(s) dict_keys(['example_short_circuit_decorator']) retrieved from /home/airflow/.local/lib/python3.10/site-packages/airflow/example_dags/example_short_circuit_decorator.py
[2025-06-02T23:06:40.752+0000] {logging_mixin.py:154} INFO - [2025-06-02T23:06:40.751+0000] {dag.py:2941} INFO - Sync 1 DAGs
[2025-06-02T23:06:40.782+0000] {logging_mixin.py:154} INFO - [2025-06-02T23:06:40.782+0000] {dag.py:3722} INFO - Setting next_dagrun for example_short_circuit_decorator to 2025-06-01T23:06:40.782194+00:00, run_after=2025-06-02T23:06:40.782194+00:00
[2025-06-02T23:06:40.823+0000] {processor.py:179} INFO - Processing /home/airflow/.local/lib/python3.10/site-packages/airflow/example_dags/example_short_circuit_decorator.py took 0.125 seconds
[2025-06-02T23:07:11.280+0000] {processor.py:157} INFO - Started process (PID=408) to work on /home/airflow/.local/lib/python3.10/site-packages/airflow/example_dags/example_short_circuit_decorator.py
[2025-06-02T23:07:11.285+0000] {processor.py:829} INFO - Processing file /home/airflow/.local/lib/python3.10/site-packages/airflow/example_dags/example_short_circuit_decorator.py for tasks to queue
[2025-06-02T23:07:11.289+0000] {logging_mixin.py:154} INFO - [2025-06-02T23:07:11.289+0000] {dagbag.py:536} INFO - Filling up the DagBag from /home/airflow/.local/lib/python3.10/site-packages/airflow/example_dags/example_short_circuit_decorator.py
[2025-06-02T23:07:11.340+0000] {processor.py:839} INFO - DAG(s) dict_keys(['example_short_circuit_decorator']) retrieved from /home/airflow/.local/lib/python3.10/site-packages/airflow/example_dags/example_short_circuit_decorator.py
[2025-06-02T23:07:11.450+0000] {logging_mixin.py:154} INFO - [2025-06-02T23:07:11.450+0000] {dag.py:2941} INFO - Sync 1 DAGs
[2025-06-02T23:07:11.514+0000] {logging_mixin.py:154} INFO - [2025-06-02T23:07:11.514+0000] {dag.py:3722} INFO - Setting next_dagrun for example_short_circuit_decorator to 2025-06-01T23:07:11.513688+00:00, run_after=2025-06-02T23:07:11.513688+00:00
[2025-06-02T23:07:11.578+0000] {processor.py:179} INFO - Processing /home/airflow/.local/lib/python3.10/site-packages/airflow/example_dags/example_short_circuit_decorator.py took 0.312 seconds
