[2025-06-02T22:00:07.058+0000] {processor.py:157} INFO - Started process (PID=72) to work on /home/airflow/.local/lib/python3.10/site-packages/airflow/example_dags/example_external_task_marker_dag.py
[2025-06-02T22:00:07.059+0000] {processor.py:829} INFO - Processing file /home/airflow/.local/lib/python3.10/site-packages/airflow/example_dags/example_external_task_marker_dag.py for tasks to queue
[2025-06-02T22:00:07.064+0000] {logging_mixin.py:154} INFO - [2025-06-02T22:00:07.063+0000] {dagbag.py:536} INFO - Filling up the DagBag from /home/airflow/.local/lib/python3.10/site-packages/airflow/example_dags/example_external_task_marker_dag.py
[2025-06-02T22:00:07.086+0000] {processor.py:839} INFO - DAG(s) dict_keys(['example_external_task_marker_child', 'example_external_task_marker_parent']) retrieved from /home/airflow/.local/lib/python3.10/site-packages/airflow/example_dags/example_external_task_marker_dag.py
[2025-06-02T22:00:07.281+0000] {logging_mixin.py:154} INFO - [2025-06-02T22:00:07.280+0000] {manager.py:499} INFO - Created Permission View: %s
[2025-06-02T22:00:07.341+0000] {logging_mixin.py:154} INFO - [2025-06-02T22:00:07.341+0000] {manager.py:499} INFO - Created Permission View: %s
[2025-06-02T22:00:07.364+0000] {logging_mixin.py:154} INFO - [2025-06-02T22:00:07.364+0000] {manager.py:499} INFO - Created Permission View: %s
[2025-06-02T22:00:07.410+0000] {logging_mixin.py:154} INFO - [2025-06-02T22:00:07.410+0000] {manager.py:499} INFO - Created Permission View: %s
[2025-06-02T22:00:07.435+0000] {logging_mixin.py:154} INFO - [2025-06-02T22:00:07.435+0000] {manager.py:499} INFO - Created Permission View: %s
[2025-06-02T22:00:07.456+0000] {logging_mixin.py:154} INFO - [2025-06-02T22:00:07.456+0000] {manager.py:499} INFO - Created Permission View: %s
[2025-06-02T22:00:07.457+0000] {logging_mixin.py:154} INFO - [2025-06-02T22:00:07.457+0000] {dag.py:2941} INFO - Sync 2 DAGs
[2025-06-02T22:00:07.486+0000] {logging_mixin.py:154} INFO - [2025-06-02T22:00:07.485+0000] {dag.py:2963} INFO - Creating ORM DAG for example_external_task_marker_parent
[2025-06-02T22:00:07.486+0000] {logging_mixin.py:154} INFO - [2025-06-02T22:00:07.486+0000] {dag.py:2963} INFO - Creating ORM DAG for example_external_task_marker_child
[2025-06-02T22:00:07.487+0000] {logging_mixin.py:154} INFO - [2025-06-02T22:00:07.487+0000] {dag.py:3722} INFO - Setting next_dagrun for example_external_task_marker_child to None, run_after=None
[2025-06-02T22:00:07.488+0000] {logging_mixin.py:154} INFO - [2025-06-02T22:00:07.488+0000] {dag.py:3722} INFO - Setting next_dagrun for example_external_task_marker_parent to None, run_after=None
[2025-06-02T22:00:07.523+0000] {processor.py:179} INFO - Processing /home/airflow/.local/lib/python3.10/site-packages/airflow/example_dags/example_external_task_marker_dag.py took 0.475 seconds
[2025-06-02T22:00:38.448+0000] {processor.py:157} INFO - Started process (PID=133) to work on /home/airflow/.local/lib/python3.10/site-packages/airflow/example_dags/example_external_task_marker_dag.py
[2025-06-02T22:00:38.449+0000] {processor.py:829} INFO - Processing file /home/airflow/.local/lib/python3.10/site-packages/airflow/example_dags/example_external_task_marker_dag.py for tasks to queue
[2025-06-02T22:00:38.452+0000] {logging_mixin.py:154} INFO - [2025-06-02T22:00:38.452+0000] {dagbag.py:536} INFO - Filling up the DagBag from /home/airflow/.local/lib/python3.10/site-packages/airflow/example_dags/example_external_task_marker_dag.py
[2025-06-02T22:00:38.460+0000] {processor.py:839} INFO - DAG(s) dict_keys(['example_external_task_marker_parent', 'example_external_task_marker_child']) retrieved from /home/airflow/.local/lib/python3.10/site-packages/airflow/example_dags/example_external_task_marker_dag.py
[2025-06-02T22:00:38.493+0000] {logging_mixin.py:154} INFO - [2025-06-02T22:00:38.493+0000] {dag.py:2941} INFO - Sync 2 DAGs
[2025-06-02T22:00:38.511+0000] {logging_mixin.py:154} INFO - [2025-06-02T22:00:38.511+0000] {dag.py:3722} INFO - Setting next_dagrun for example_external_task_marker_child to None, run_after=None
[2025-06-02T22:00:38.517+0000] {logging_mixin.py:154} INFO - [2025-06-02T22:00:38.517+0000] {dag.py:3722} INFO - Setting next_dagrun for example_external_task_marker_parent to None, run_after=None
[2025-06-02T22:00:38.554+0000] {processor.py:179} INFO - Processing /home/airflow/.local/lib/python3.10/site-packages/airflow/example_dags/example_external_task_marker_dag.py took 0.110 seconds
[2025-06-02T22:01:08.839+0000] {processor.py:157} INFO - Started process (PID=187) to work on /home/airflow/.local/lib/python3.10/site-packages/airflow/example_dags/example_external_task_marker_dag.py
[2025-06-02T22:01:08.843+0000] {processor.py:829} INFO - Processing file /home/airflow/.local/lib/python3.10/site-packages/airflow/example_dags/example_external_task_marker_dag.py for tasks to queue
[2025-06-02T22:01:08.846+0000] {logging_mixin.py:154} INFO - [2025-06-02T22:01:08.846+0000] {dagbag.py:536} INFO - Filling up the DagBag from /home/airflow/.local/lib/python3.10/site-packages/airflow/example_dags/example_external_task_marker_dag.py
[2025-06-02T22:01:08.854+0000] {processor.py:839} INFO - DAG(s) dict_keys(['example_external_task_marker_child', 'example_external_task_marker_parent']) retrieved from /home/airflow/.local/lib/python3.10/site-packages/airflow/example_dags/example_external_task_marker_dag.py
[2025-06-02T22:01:08.913+0000] {logging_mixin.py:154} INFO - [2025-06-02T22:01:08.912+0000] {dag.py:2941} INFO - Sync 2 DAGs
[2025-06-02T22:01:08.931+0000] {logging_mixin.py:154} INFO - [2025-06-02T22:01:08.931+0000] {dag.py:3722} INFO - Setting next_dagrun for example_external_task_marker_child to None, run_after=None
[2025-06-02T22:01:08.936+0000] {logging_mixin.py:154} INFO - [2025-06-02T22:01:08.936+0000] {dag.py:3722} INFO - Setting next_dagrun for example_external_task_marker_parent to None, run_after=None
[2025-06-02T22:01:08.968+0000] {processor.py:179} INFO - Processing /home/airflow/.local/lib/python3.10/site-packages/airflow/example_dags/example_external_task_marker_dag.py took 0.134 seconds
[2025-06-02T22:01:39.532+0000] {processor.py:157} INFO - Started process (PID=242) to work on /home/airflow/.local/lib/python3.10/site-packages/airflow/example_dags/example_external_task_marker_dag.py
[2025-06-02T22:01:39.533+0000] {processor.py:829} INFO - Processing file /home/airflow/.local/lib/python3.10/site-packages/airflow/example_dags/example_external_task_marker_dag.py for tasks to queue
[2025-06-02T22:01:39.536+0000] {logging_mixin.py:154} INFO - [2025-06-02T22:01:39.536+0000] {dagbag.py:536} INFO - Filling up the DagBag from /home/airflow/.local/lib/python3.10/site-packages/airflow/example_dags/example_external_task_marker_dag.py
[2025-06-02T22:01:39.545+0000] {processor.py:839} INFO - DAG(s) dict_keys(['example_external_task_marker_child', 'example_external_task_marker_parent']) retrieved from /home/airflow/.local/lib/python3.10/site-packages/airflow/example_dags/example_external_task_marker_dag.py
[2025-06-02T22:01:39.577+0000] {logging_mixin.py:154} INFO - [2025-06-02T22:01:39.577+0000] {dag.py:2941} INFO - Sync 2 DAGs
[2025-06-02T22:01:39.595+0000] {logging_mixin.py:154} INFO - [2025-06-02T22:01:39.595+0000] {dag.py:3722} INFO - Setting next_dagrun for example_external_task_marker_child to None, run_after=None
[2025-06-02T22:01:39.600+0000] {logging_mixin.py:154} INFO - [2025-06-02T22:01:39.599+0000] {dag.py:3722} INFO - Setting next_dagrun for example_external_task_marker_parent to None, run_after=None
[2025-06-02T22:01:39.619+0000] {processor.py:179} INFO - Processing /home/airflow/.local/lib/python3.10/site-packages/airflow/example_dags/example_external_task_marker_dag.py took 0.091 seconds
[2025-06-02T22:02:10.066+0000] {processor.py:157} INFO - Started process (PID=295) to work on /home/airflow/.local/lib/python3.10/site-packages/airflow/example_dags/example_external_task_marker_dag.py
[2025-06-02T22:02:10.067+0000] {processor.py:829} INFO - Processing file /home/airflow/.local/lib/python3.10/site-packages/airflow/example_dags/example_external_task_marker_dag.py for tasks to queue
[2025-06-02T22:02:10.070+0000] {logging_mixin.py:154} INFO - [2025-06-02T22:02:10.070+0000] {dagbag.py:536} INFO - Filling up the DagBag from /home/airflow/.local/lib/python3.10/site-packages/airflow/example_dags/example_external_task_marker_dag.py
[2025-06-02T22:02:10.079+0000] {processor.py:839} INFO - DAG(s) dict_keys(['example_external_task_marker_parent', 'example_external_task_marker_child']) retrieved from /home/airflow/.local/lib/python3.10/site-packages/airflow/example_dags/example_external_task_marker_dag.py
[2025-06-02T22:02:10.111+0000] {logging_mixin.py:154} INFO - [2025-06-02T22:02:10.111+0000] {dag.py:2941} INFO - Sync 2 DAGs
[2025-06-02T22:02:10.130+0000] {logging_mixin.py:154} INFO - [2025-06-02T22:02:10.130+0000] {dag.py:3722} INFO - Setting next_dagrun for example_external_task_marker_child to None, run_after=None
[2025-06-02T22:02:10.135+0000] {logging_mixin.py:154} INFO - [2025-06-02T22:02:10.135+0000] {dag.py:3722} INFO - Setting next_dagrun for example_external_task_marker_parent to None, run_after=None
[2025-06-02T22:02:10.160+0000] {processor.py:179} INFO - Processing /home/airflow/.local/lib/python3.10/site-packages/airflow/example_dags/example_external_task_marker_dag.py took 0.099 seconds
[2025-06-02T22:02:40.978+0000] {processor.py:157} INFO - Started process (PID=349) to work on /home/airflow/.local/lib/python3.10/site-packages/airflow/example_dags/example_external_task_marker_dag.py
[2025-06-02T22:02:40.980+0000] {processor.py:829} INFO - Processing file /home/airflow/.local/lib/python3.10/site-packages/airflow/example_dags/example_external_task_marker_dag.py for tasks to queue
[2025-06-02T22:02:40.983+0000] {logging_mixin.py:154} INFO - [2025-06-02T22:02:40.983+0000] {dagbag.py:536} INFO - Filling up the DagBag from /home/airflow/.local/lib/python3.10/site-packages/airflow/example_dags/example_external_task_marker_dag.py
[2025-06-02T22:02:40.991+0000] {processor.py:839} INFO - DAG(s) dict_keys(['example_external_task_marker_child', 'example_external_task_marker_parent']) retrieved from /home/airflow/.local/lib/python3.10/site-packages/airflow/example_dags/example_external_task_marker_dag.py
[2025-06-02T22:02:41.022+0000] {logging_mixin.py:154} INFO - [2025-06-02T22:02:41.022+0000] {dag.py:2941} INFO - Sync 2 DAGs
[2025-06-02T22:02:41.043+0000] {logging_mixin.py:154} INFO - [2025-06-02T22:02:41.043+0000] {dag.py:3722} INFO - Setting next_dagrun for example_external_task_marker_child to None, run_after=None
[2025-06-02T22:02:41.047+0000] {logging_mixin.py:154} INFO - [2025-06-02T22:02:41.047+0000] {dag.py:3722} INFO - Setting next_dagrun for example_external_task_marker_parent to None, run_after=None
[2025-06-02T22:02:41.070+0000] {processor.py:179} INFO - Processing /home/airflow/.local/lib/python3.10/site-packages/airflow/example_dags/example_external_task_marker_dag.py took 0.097 seconds
[2025-06-02T22:03:11.574+0000] {processor.py:157} INFO - Started process (PID=404) to work on /home/airflow/.local/lib/python3.10/site-packages/airflow/example_dags/example_external_task_marker_dag.py
[2025-06-02T22:03:11.575+0000] {processor.py:829} INFO - Processing file /home/airflow/.local/lib/python3.10/site-packages/airflow/example_dags/example_external_task_marker_dag.py for tasks to queue
[2025-06-02T22:03:11.578+0000] {logging_mixin.py:154} INFO - [2025-06-02T22:03:11.578+0000] {dagbag.py:536} INFO - Filling up the DagBag from /home/airflow/.local/lib/python3.10/site-packages/airflow/example_dags/example_external_task_marker_dag.py
[2025-06-02T22:03:11.586+0000] {processor.py:839} INFO - DAG(s) dict_keys(['example_external_task_marker_child', 'example_external_task_marker_parent']) retrieved from /home/airflow/.local/lib/python3.10/site-packages/airflow/example_dags/example_external_task_marker_dag.py
[2025-06-02T22:03:11.630+0000] {logging_mixin.py:154} INFO - [2025-06-02T22:03:11.630+0000] {dag.py:2941} INFO - Sync 2 DAGs
[2025-06-02T22:03:11.649+0000] {logging_mixin.py:154} INFO - [2025-06-02T22:03:11.648+0000] {dag.py:3722} INFO - Setting next_dagrun for example_external_task_marker_child to None, run_after=None
[2025-06-02T22:03:11.654+0000] {logging_mixin.py:154} INFO - [2025-06-02T22:03:11.654+0000] {dag.py:3722} INFO - Setting next_dagrun for example_external_task_marker_parent to None, run_after=None
[2025-06-02T22:03:11.679+0000] {processor.py:179} INFO - Processing /home/airflow/.local/lib/python3.10/site-packages/airflow/example_dags/example_external_task_marker_dag.py took 0.109 seconds
[2025-06-02T22:03:42.418+0000] {processor.py:157} INFO - Started process (PID=458) to work on /home/airflow/.local/lib/python3.10/site-packages/airflow/example_dags/example_external_task_marker_dag.py
[2025-06-02T22:03:42.420+0000] {processor.py:829} INFO - Processing file /home/airflow/.local/lib/python3.10/site-packages/airflow/example_dags/example_external_task_marker_dag.py for tasks to queue
[2025-06-02T22:03:42.423+0000] {logging_mixin.py:154} INFO - [2025-06-02T22:03:42.422+0000] {dagbag.py:536} INFO - Filling up the DagBag from /home/airflow/.local/lib/python3.10/site-packages/airflow/example_dags/example_external_task_marker_dag.py
[2025-06-02T22:03:42.431+0000] {processor.py:839} INFO - DAG(s) dict_keys(['example_external_task_marker_child', 'example_external_task_marker_parent']) retrieved from /home/airflow/.local/lib/python3.10/site-packages/airflow/example_dags/example_external_task_marker_dag.py
[2025-06-02T22:03:42.464+0000] {logging_mixin.py:154} INFO - [2025-06-02T22:03:42.464+0000] {dag.py:2941} INFO - Sync 2 DAGs
[2025-06-02T22:03:42.483+0000] {logging_mixin.py:154} INFO - [2025-06-02T22:03:42.482+0000] {dag.py:3722} INFO - Setting next_dagrun for example_external_task_marker_child to None, run_after=None
[2025-06-02T22:03:42.488+0000] {logging_mixin.py:154} INFO - [2025-06-02T22:03:42.487+0000] {dag.py:3722} INFO - Setting next_dagrun for example_external_task_marker_parent to None, run_after=None
[2025-06-02T22:03:42.513+0000] {processor.py:179} INFO - Processing /home/airflow/.local/lib/python3.10/site-packages/airflow/example_dags/example_external_task_marker_dag.py took 0.100 seconds
[2025-06-02T22:04:13.307+0000] {processor.py:157} INFO - Started process (PID=512) to work on /home/airflow/.local/lib/python3.10/site-packages/airflow/example_dags/example_external_task_marker_dag.py
[2025-06-02T22:04:13.308+0000] {processor.py:829} INFO - Processing file /home/airflow/.local/lib/python3.10/site-packages/airflow/example_dags/example_external_task_marker_dag.py for tasks to queue
[2025-06-02T22:04:13.312+0000] {logging_mixin.py:154} INFO - [2025-06-02T22:04:13.311+0000] {dagbag.py:536} INFO - Filling up the DagBag from /home/airflow/.local/lib/python3.10/site-packages/airflow/example_dags/example_external_task_marker_dag.py
[2025-06-02T22:04:13.320+0000] {processor.py:839} INFO - DAG(s) dict_keys(['example_external_task_marker_parent', 'example_external_task_marker_child']) retrieved from /home/airflow/.local/lib/python3.10/site-packages/airflow/example_dags/example_external_task_marker_dag.py
[2025-06-02T22:04:13.355+0000] {logging_mixin.py:154} INFO - [2025-06-02T22:04:13.354+0000] {dag.py:2941} INFO - Sync 2 DAGs
[2025-06-02T22:04:13.373+0000] {logging_mixin.py:154} INFO - [2025-06-02T22:04:13.373+0000] {dag.py:3722} INFO - Setting next_dagrun for example_external_task_marker_child to None, run_after=None
[2025-06-02T22:04:13.378+0000] {logging_mixin.py:154} INFO - [2025-06-02T22:04:13.378+0000] {dag.py:3722} INFO - Setting next_dagrun for example_external_task_marker_parent to None, run_after=None
[2025-06-02T22:04:13.398+0000] {processor.py:179} INFO - Processing /home/airflow/.local/lib/python3.10/site-packages/airflow/example_dags/example_external_task_marker_dag.py took 0.095 seconds
[2025-06-02T22:04:43.840+0000] {processor.py:157} INFO - Started process (PID=566) to work on /home/airflow/.local/lib/python3.10/site-packages/airflow/example_dags/example_external_task_marker_dag.py
[2025-06-02T22:04:43.845+0000] {processor.py:829} INFO - Processing file /home/airflow/.local/lib/python3.10/site-packages/airflow/example_dags/example_external_task_marker_dag.py for tasks to queue
[2025-06-02T22:04:43.848+0000] {logging_mixin.py:154} INFO - [2025-06-02T22:04:43.848+0000] {dagbag.py:536} INFO - Filling up the DagBag from /home/airflow/.local/lib/python3.10/site-packages/airflow/example_dags/example_external_task_marker_dag.py
[2025-06-02T22:04:43.868+0000] {processor.py:839} INFO - DAG(s) dict_keys(['example_external_task_marker_parent', 'example_external_task_marker_child']) retrieved from /home/airflow/.local/lib/python3.10/site-packages/airflow/example_dags/example_external_task_marker_dag.py
[2025-06-02T22:04:43.966+0000] {logging_mixin.py:154} INFO - [2025-06-02T22:04:43.966+0000] {dag.py:2941} INFO - Sync 2 DAGs
[2025-06-02T22:04:44.024+0000] {logging_mixin.py:154} INFO - [2025-06-02T22:04:44.024+0000] {dag.py:3722} INFO - Setting next_dagrun for example_external_task_marker_child to None, run_after=None
[2025-06-02T22:04:44.046+0000] {logging_mixin.py:154} INFO - [2025-06-02T22:04:44.046+0000] {dag.py:3722} INFO - Setting next_dagrun for example_external_task_marker_parent to None, run_after=None
[2025-06-02T22:04:44.107+0000] {processor.py:179} INFO - Processing /home/airflow/.local/lib/python3.10/site-packages/airflow/example_dags/example_external_task_marker_dag.py took 0.287 seconds
[2025-06-02T22:05:14.374+0000] {processor.py:157} INFO - Started process (PID=621) to work on /home/airflow/.local/lib/python3.10/site-packages/airflow/example_dags/example_external_task_marker_dag.py
[2025-06-02T22:05:14.375+0000] {processor.py:829} INFO - Processing file /home/airflow/.local/lib/python3.10/site-packages/airflow/example_dags/example_external_task_marker_dag.py for tasks to queue
[2025-06-02T22:05:14.378+0000] {logging_mixin.py:154} INFO - [2025-06-02T22:05:14.377+0000] {dagbag.py:536} INFO - Filling up the DagBag from /home/airflow/.local/lib/python3.10/site-packages/airflow/example_dags/example_external_task_marker_dag.py
[2025-06-02T22:05:14.386+0000] {processor.py:839} INFO - DAG(s) dict_keys(['example_external_task_marker_child', 'example_external_task_marker_parent']) retrieved from /home/airflow/.local/lib/python3.10/site-packages/airflow/example_dags/example_external_task_marker_dag.py
[2025-06-02T22:05:14.417+0000] {logging_mixin.py:154} INFO - [2025-06-02T22:05:14.417+0000] {dag.py:2941} INFO - Sync 2 DAGs
[2025-06-02T22:05:14.447+0000] {logging_mixin.py:154} INFO - [2025-06-02T22:05:14.447+0000] {dag.py:3722} INFO - Setting next_dagrun for example_external_task_marker_child to None, run_after=None
[2025-06-02T22:05:14.452+0000] {logging_mixin.py:154} INFO - [2025-06-02T22:05:14.452+0000] {dag.py:3722} INFO - Setting next_dagrun for example_external_task_marker_parent to None, run_after=None
[2025-06-02T22:05:14.472+0000] {processor.py:179} INFO - Processing /home/airflow/.local/lib/python3.10/site-packages/airflow/example_dags/example_external_task_marker_dag.py took 0.103 seconds
[2025-06-02T22:05:44.634+0000] {processor.py:157} INFO - Started process (PID=675) to work on /home/airflow/.local/lib/python3.10/site-packages/airflow/example_dags/example_external_task_marker_dag.py
[2025-06-02T22:05:44.635+0000] {processor.py:829} INFO - Processing file /home/airflow/.local/lib/python3.10/site-packages/airflow/example_dags/example_external_task_marker_dag.py for tasks to queue
[2025-06-02T22:05:44.639+0000] {logging_mixin.py:154} INFO - [2025-06-02T22:05:44.638+0000] {dagbag.py:536} INFO - Filling up the DagBag from /home/airflow/.local/lib/python3.10/site-packages/airflow/example_dags/example_external_task_marker_dag.py
[2025-06-02T22:05:44.647+0000] {processor.py:839} INFO - DAG(s) dict_keys(['example_external_task_marker_child', 'example_external_task_marker_parent']) retrieved from /home/airflow/.local/lib/python3.10/site-packages/airflow/example_dags/example_external_task_marker_dag.py
[2025-06-02T22:05:44.679+0000] {logging_mixin.py:154} INFO - [2025-06-02T22:05:44.678+0000] {dag.py:2941} INFO - Sync 2 DAGs
[2025-06-02T22:05:44.697+0000] {logging_mixin.py:154} INFO - [2025-06-02T22:05:44.697+0000] {dag.py:3722} INFO - Setting next_dagrun for example_external_task_marker_child to None, run_after=None
[2025-06-02T22:05:44.702+0000] {logging_mixin.py:154} INFO - [2025-06-02T22:05:44.702+0000] {dag.py:3722} INFO - Setting next_dagrun for example_external_task_marker_parent to None, run_after=None
[2025-06-02T22:05:44.725+0000] {processor.py:179} INFO - Processing /home/airflow/.local/lib/python3.10/site-packages/airflow/example_dags/example_external_task_marker_dag.py took 0.096 seconds
[2025-06-02T22:06:14.870+0000] {processor.py:157} INFO - Started process (PID=728) to work on /home/airflow/.local/lib/python3.10/site-packages/airflow/example_dags/example_external_task_marker_dag.py
[2025-06-02T22:06:14.871+0000] {processor.py:829} INFO - Processing file /home/airflow/.local/lib/python3.10/site-packages/airflow/example_dags/example_external_task_marker_dag.py for tasks to queue
[2025-06-02T22:06:14.875+0000] {logging_mixin.py:154} INFO - [2025-06-02T22:06:14.874+0000] {dagbag.py:536} INFO - Filling up the DagBag from /home/airflow/.local/lib/python3.10/site-packages/airflow/example_dags/example_external_task_marker_dag.py
[2025-06-02T22:06:14.897+0000] {processor.py:839} INFO - DAG(s) dict_keys(['example_external_task_marker_child', 'example_external_task_marker_parent']) retrieved from /home/airflow/.local/lib/python3.10/site-packages/airflow/example_dags/example_external_task_marker_dag.py
[2025-06-02T22:06:14.937+0000] {logging_mixin.py:154} INFO - [2025-06-02T22:06:14.937+0000] {dag.py:2941} INFO - Sync 2 DAGs
[2025-06-02T22:06:14.956+0000] {logging_mixin.py:154} INFO - [2025-06-02T22:06:14.955+0000] {dag.py:3722} INFO - Setting next_dagrun for example_external_task_marker_child to None, run_after=None
[2025-06-02T22:06:14.960+0000] {logging_mixin.py:154} INFO - [2025-06-02T22:06:14.960+0000] {dag.py:3722} INFO - Setting next_dagrun for example_external_task_marker_parent to None, run_after=None
[2025-06-02T22:06:14.980+0000] {processor.py:179} INFO - Processing /home/airflow/.local/lib/python3.10/site-packages/airflow/example_dags/example_external_task_marker_dag.py took 0.115 seconds
[2025-06-02T22:06:45.541+0000] {processor.py:157} INFO - Started process (PID=783) to work on /home/airflow/.local/lib/python3.10/site-packages/airflow/example_dags/example_external_task_marker_dag.py
[2025-06-02T22:06:45.542+0000] {processor.py:829} INFO - Processing file /home/airflow/.local/lib/python3.10/site-packages/airflow/example_dags/example_external_task_marker_dag.py for tasks to queue
[2025-06-02T22:06:45.545+0000] {logging_mixin.py:154} INFO - [2025-06-02T22:06:45.544+0000] {dagbag.py:536} INFO - Filling up the DagBag from /home/airflow/.local/lib/python3.10/site-packages/airflow/example_dags/example_external_task_marker_dag.py
[2025-06-02T22:06:45.551+0000] {processor.py:839} INFO - DAG(s) dict_keys(['example_external_task_marker_child', 'example_external_task_marker_parent']) retrieved from /home/airflow/.local/lib/python3.10/site-packages/airflow/example_dags/example_external_task_marker_dag.py
[2025-06-02T22:06:45.576+0000] {logging_mixin.py:154} INFO - [2025-06-02T22:06:45.576+0000] {dag.py:2941} INFO - Sync 2 DAGs
[2025-06-02T22:06:45.589+0000] {logging_mixin.py:154} INFO - [2025-06-02T22:06:45.589+0000] {dag.py:3722} INFO - Setting next_dagrun for example_external_task_marker_child to None, run_after=None
[2025-06-02T22:06:45.593+0000] {logging_mixin.py:154} INFO - [2025-06-02T22:06:45.593+0000] {dag.py:3722} INFO - Setting next_dagrun for example_external_task_marker_parent to None, run_after=None
[2025-06-02T22:06:45.611+0000] {processor.py:179} INFO - Processing /home/airflow/.local/lib/python3.10/site-packages/airflow/example_dags/example_external_task_marker_dag.py took 0.074 seconds
[2025-06-02T22:07:15.719+0000] {processor.py:157} INFO - Started process (PID=837) to work on /home/airflow/.local/lib/python3.10/site-packages/airflow/example_dags/example_external_task_marker_dag.py
[2025-06-02T22:07:15.720+0000] {processor.py:829} INFO - Processing file /home/airflow/.local/lib/python3.10/site-packages/airflow/example_dags/example_external_task_marker_dag.py for tasks to queue
[2025-06-02T22:07:15.722+0000] {logging_mixin.py:154} INFO - [2025-06-02T22:07:15.722+0000] {dagbag.py:536} INFO - Filling up the DagBag from /home/airflow/.local/lib/python3.10/site-packages/airflow/example_dags/example_external_task_marker_dag.py
[2025-06-02T22:07:15.729+0000] {processor.py:839} INFO - DAG(s) dict_keys(['example_external_task_marker_parent', 'example_external_task_marker_child']) retrieved from /home/airflow/.local/lib/python3.10/site-packages/airflow/example_dags/example_external_task_marker_dag.py
[2025-06-02T22:07:15.753+0000] {logging_mixin.py:154} INFO - [2025-06-02T22:07:15.753+0000] {dag.py:2941} INFO - Sync 2 DAGs
[2025-06-02T22:07:15.767+0000] {logging_mixin.py:154} INFO - [2025-06-02T22:07:15.767+0000] {dag.py:3722} INFO - Setting next_dagrun for example_external_task_marker_child to None, run_after=None
[2025-06-02T22:07:15.770+0000] {logging_mixin.py:154} INFO - [2025-06-02T22:07:15.770+0000] {dag.py:3722} INFO - Setting next_dagrun for example_external_task_marker_parent to None, run_after=None
[2025-06-02T22:07:15.785+0000] {processor.py:179} INFO - Processing /home/airflow/.local/lib/python3.10/site-packages/airflow/example_dags/example_external_task_marker_dag.py took 0.070 seconds
[2025-06-02T22:07:46.556+0000] {processor.py:157} INFO - Started process (PID=891) to work on /home/airflow/.local/lib/python3.10/site-packages/airflow/example_dags/example_external_task_marker_dag.py
[2025-06-02T22:07:46.557+0000] {processor.py:829} INFO - Processing file /home/airflow/.local/lib/python3.10/site-packages/airflow/example_dags/example_external_task_marker_dag.py for tasks to queue
[2025-06-02T22:07:46.560+0000] {logging_mixin.py:154} INFO - [2025-06-02T22:07:46.559+0000] {dagbag.py:536} INFO - Filling up the DagBag from /home/airflow/.local/lib/python3.10/site-packages/airflow/example_dags/example_external_task_marker_dag.py
[2025-06-02T22:07:46.568+0000] {processor.py:839} INFO - DAG(s) dict_keys(['example_external_task_marker_child', 'example_external_task_marker_parent']) retrieved from /home/airflow/.local/lib/python3.10/site-packages/airflow/example_dags/example_external_task_marker_dag.py
[2025-06-02T22:07:46.600+0000] {logging_mixin.py:154} INFO - [2025-06-02T22:07:46.599+0000] {dag.py:2941} INFO - Sync 2 DAGs
[2025-06-02T22:07:46.619+0000] {logging_mixin.py:154} INFO - [2025-06-02T22:07:46.619+0000] {dag.py:3722} INFO - Setting next_dagrun for example_external_task_marker_child to None, run_after=None
[2025-06-02T22:07:46.624+0000] {logging_mixin.py:154} INFO - [2025-06-02T22:07:46.623+0000] {dag.py:3722} INFO - Setting next_dagrun for example_external_task_marker_parent to None, run_after=None
[2025-06-02T22:07:46.646+0000] {processor.py:179} INFO - Processing /home/airflow/.local/lib/python3.10/site-packages/airflow/example_dags/example_external_task_marker_dag.py took 0.095 seconds
[2025-06-02T22:08:16.909+0000] {processor.py:157} INFO - Started process (PID=945) to work on /home/airflow/.local/lib/python3.10/site-packages/airflow/example_dags/example_external_task_marker_dag.py
[2025-06-02T22:08:16.910+0000] {processor.py:829} INFO - Processing file /home/airflow/.local/lib/python3.10/site-packages/airflow/example_dags/example_external_task_marker_dag.py for tasks to queue
[2025-06-02T22:08:16.913+0000] {logging_mixin.py:154} INFO - [2025-06-02T22:08:16.913+0000] {dagbag.py:536} INFO - Filling up the DagBag from /home/airflow/.local/lib/python3.10/site-packages/airflow/example_dags/example_external_task_marker_dag.py
[2025-06-02T22:08:16.922+0000] {processor.py:839} INFO - DAG(s) dict_keys(['example_external_task_marker_child', 'example_external_task_marker_parent']) retrieved from /home/airflow/.local/lib/python3.10/site-packages/airflow/example_dags/example_external_task_marker_dag.py
[2025-06-02T22:08:16.953+0000] {logging_mixin.py:154} INFO - [2025-06-02T22:08:16.952+0000] {dag.py:2941} INFO - Sync 2 DAGs
[2025-06-02T22:08:16.977+0000] {logging_mixin.py:154} INFO - [2025-06-02T22:08:16.977+0000] {dag.py:3722} INFO - Setting next_dagrun for example_external_task_marker_child to None, run_after=None
[2025-06-02T22:08:16.982+0000] {logging_mixin.py:154} INFO - [2025-06-02T22:08:16.982+0000] {dag.py:3722} INFO - Setting next_dagrun for example_external_task_marker_parent to None, run_after=None
[2025-06-02T22:08:17.003+0000] {processor.py:179} INFO - Processing /home/airflow/.local/lib/python3.10/site-packages/airflow/example_dags/example_external_task_marker_dag.py took 0.099 seconds
[2025-06-02T22:08:48.170+0000] {processor.py:157} INFO - Started process (PID=999) to work on /home/airflow/.local/lib/python3.10/site-packages/airflow/example_dags/example_external_task_marker_dag.py
[2025-06-02T22:08:48.173+0000] {processor.py:829} INFO - Processing file /home/airflow/.local/lib/python3.10/site-packages/airflow/example_dags/example_external_task_marker_dag.py for tasks to queue
[2025-06-02T22:08:48.175+0000] {logging_mixin.py:154} INFO - [2025-06-02T22:08:48.175+0000] {dagbag.py:536} INFO - Filling up the DagBag from /home/airflow/.local/lib/python3.10/site-packages/airflow/example_dags/example_external_task_marker_dag.py
[2025-06-02T22:08:48.181+0000] {processor.py:839} INFO - DAG(s) dict_keys(['example_external_task_marker_child', 'example_external_task_marker_parent']) retrieved from /home/airflow/.local/lib/python3.10/site-packages/airflow/example_dags/example_external_task_marker_dag.py
[2025-06-02T22:08:48.206+0000] {logging_mixin.py:154} INFO - [2025-06-02T22:08:48.206+0000] {dag.py:2941} INFO - Sync 2 DAGs
[2025-06-02T22:08:48.371+0000] {logging_mixin.py:154} INFO - [2025-06-02T22:08:48.371+0000] {dag.py:3722} INFO - Setting next_dagrun for example_external_task_marker_child to None, run_after=None
[2025-06-02T22:08:48.374+0000] {logging_mixin.py:154} INFO - [2025-06-02T22:08:48.374+0000] {dag.py:3722} INFO - Setting next_dagrun for example_external_task_marker_parent to None, run_after=None
[2025-06-02T22:08:48.389+0000] {processor.py:179} INFO - Processing /home/airflow/.local/lib/python3.10/site-packages/airflow/example_dags/example_external_task_marker_dag.py took 0.222 seconds
[2025-06-02T22:09:18.775+0000] {processor.py:157} INFO - Started process (PID=1053) to work on /home/airflow/.local/lib/python3.10/site-packages/airflow/example_dags/example_external_task_marker_dag.py
[2025-06-02T22:09:18.778+0000] {processor.py:829} INFO - Processing file /home/airflow/.local/lib/python3.10/site-packages/airflow/example_dags/example_external_task_marker_dag.py for tasks to queue
[2025-06-02T22:09:18.781+0000] {logging_mixin.py:154} INFO - [2025-06-02T22:09:18.780+0000] {dagbag.py:536} INFO - Filling up the DagBag from /home/airflow/.local/lib/python3.10/site-packages/airflow/example_dags/example_external_task_marker_dag.py
[2025-06-02T22:09:18.789+0000] {processor.py:839} INFO - DAG(s) dict_keys(['example_external_task_marker_parent', 'example_external_task_marker_child']) retrieved from /home/airflow/.local/lib/python3.10/site-packages/airflow/example_dags/example_external_task_marker_dag.py
[2025-06-02T22:09:18.822+0000] {logging_mixin.py:154} INFO - [2025-06-02T22:09:18.822+0000] {dag.py:2941} INFO - Sync 2 DAGs
[2025-06-02T22:09:18.847+0000] {logging_mixin.py:154} INFO - [2025-06-02T22:09:18.847+0000] {dag.py:3722} INFO - Setting next_dagrun for example_external_task_marker_child to None, run_after=None
[2025-06-02T22:09:18.852+0000] {logging_mixin.py:154} INFO - [2025-06-02T22:09:18.852+0000] {dag.py:3722} INFO - Setting next_dagrun for example_external_task_marker_parent to None, run_after=None
[2025-06-02T22:09:18.875+0000] {processor.py:179} INFO - Processing /home/airflow/.local/lib/python3.10/site-packages/airflow/example_dags/example_external_task_marker_dag.py took 0.109 seconds
[2025-06-02T22:09:49.439+0000] {processor.py:157} INFO - Started process (PID=1106) to work on /home/airflow/.local/lib/python3.10/site-packages/airflow/example_dags/example_external_task_marker_dag.py
[2025-06-02T22:09:49.440+0000] {processor.py:829} INFO - Processing file /home/airflow/.local/lib/python3.10/site-packages/airflow/example_dags/example_external_task_marker_dag.py for tasks to queue
[2025-06-02T22:09:49.444+0000] {logging_mixin.py:154} INFO - [2025-06-02T22:09:49.443+0000] {dagbag.py:536} INFO - Filling up the DagBag from /home/airflow/.local/lib/python3.10/site-packages/airflow/example_dags/example_external_task_marker_dag.py
[2025-06-02T22:09:49.452+0000] {processor.py:839} INFO - DAG(s) dict_keys(['example_external_task_marker_parent', 'example_external_task_marker_child']) retrieved from /home/airflow/.local/lib/python3.10/site-packages/airflow/example_dags/example_external_task_marker_dag.py
[2025-06-02T22:09:49.484+0000] {logging_mixin.py:154} INFO - [2025-06-02T22:09:49.484+0000] {dag.py:2941} INFO - Sync 2 DAGs
[2025-06-02T22:09:49.502+0000] {logging_mixin.py:154} INFO - [2025-06-02T22:09:49.502+0000] {dag.py:3722} INFO - Setting next_dagrun for example_external_task_marker_child to None, run_after=None
[2025-06-02T22:09:49.506+0000] {logging_mixin.py:154} INFO - [2025-06-02T22:09:49.506+0000] {dag.py:3722} INFO - Setting next_dagrun for example_external_task_marker_parent to None, run_after=None
[2025-06-02T22:09:49.534+0000] {processor.py:179} INFO - Processing /home/airflow/.local/lib/python3.10/site-packages/airflow/example_dags/example_external_task_marker_dag.py took 0.100 seconds
[2025-06-02T22:10:22.895+0000] {processor.py:157} INFO - Started process (PID=1160) to work on /home/airflow/.local/lib/python3.10/site-packages/airflow/example_dags/example_external_task_marker_dag.py
[2025-06-02T22:10:22.906+0000] {processor.py:829} INFO - Processing file /home/airflow/.local/lib/python3.10/site-packages/airflow/example_dags/example_external_task_marker_dag.py for tasks to queue
[2025-06-02T22:10:22.909+0000] {logging_mixin.py:154} INFO - [2025-06-02T22:10:22.909+0000] {dagbag.py:536} INFO - Filling up the DagBag from /home/airflow/.local/lib/python3.10/site-packages/airflow/example_dags/example_external_task_marker_dag.py
[2025-06-02T22:10:22.926+0000] {processor.py:839} INFO - DAG(s) dict_keys(['example_external_task_marker_parent', 'example_external_task_marker_child']) retrieved from /home/airflow/.local/lib/python3.10/site-packages/airflow/example_dags/example_external_task_marker_dag.py
[2025-06-02T22:10:23.742+0000] {logging_mixin.py:154} INFO - [2025-06-02T22:10:23.742+0000] {dag.py:2941} INFO - Sync 2 DAGs
[2025-06-02T22:10:23.800+0000] {logging_mixin.py:154} INFO - [2025-06-02T22:10:23.800+0000] {dag.py:3722} INFO - Setting next_dagrun for example_external_task_marker_child to None, run_after=None
[2025-06-02T22:10:23.811+0000] {logging_mixin.py:154} INFO - [2025-06-02T22:10:23.811+0000] {dag.py:3722} INFO - Setting next_dagrun for example_external_task_marker_parent to None, run_after=None
[2025-06-02T22:10:23.871+0000] {processor.py:179} INFO - Processing /home/airflow/.local/lib/python3.10/site-packages/airflow/example_dags/example_external_task_marker_dag.py took 0.981 seconds
[2025-06-02T22:10:54.169+0000] {processor.py:157} INFO - Started process (PID=1214) to work on /home/airflow/.local/lib/python3.10/site-packages/airflow/example_dags/example_external_task_marker_dag.py
[2025-06-02T22:10:54.174+0000] {processor.py:829} INFO - Processing file /home/airflow/.local/lib/python3.10/site-packages/airflow/example_dags/example_external_task_marker_dag.py for tasks to queue
[2025-06-02T22:10:54.178+0000] {logging_mixin.py:154} INFO - [2025-06-02T22:10:54.177+0000] {dagbag.py:536} INFO - Filling up the DagBag from /home/airflow/.local/lib/python3.10/site-packages/airflow/example_dags/example_external_task_marker_dag.py
[2025-06-02T22:10:54.194+0000] {processor.py:839} INFO - DAG(s) dict_keys(['example_external_task_marker_parent', 'example_external_task_marker_child']) retrieved from /home/airflow/.local/lib/python3.10/site-packages/airflow/example_dags/example_external_task_marker_dag.py
[2025-06-02T22:10:54.262+0000] {logging_mixin.py:154} INFO - [2025-06-02T22:10:54.262+0000] {dag.py:2941} INFO - Sync 2 DAGs
[2025-06-02T22:10:54.288+0000] {logging_mixin.py:154} INFO - [2025-06-02T22:10:54.288+0000] {dag.py:3722} INFO - Setting next_dagrun for example_external_task_marker_child to None, run_after=None
[2025-06-02T22:10:54.294+0000] {logging_mixin.py:154} INFO - [2025-06-02T22:10:54.294+0000] {dag.py:3722} INFO - Setting next_dagrun for example_external_task_marker_parent to None, run_after=None
[2025-06-02T22:10:54.724+0000] {processor.py:179} INFO - Processing /home/airflow/.local/lib/python3.10/site-packages/airflow/example_dags/example_external_task_marker_dag.py took 0.568 seconds
[2025-06-02T23:04:00.057+0000] {processor.py:157} INFO - Started process (PID=66) to work on /home/airflow/.local/lib/python3.10/site-packages/airflow/example_dags/example_external_task_marker_dag.py
[2025-06-02T23:04:00.060+0000] {processor.py:829} INFO - Processing file /home/airflow/.local/lib/python3.10/site-packages/airflow/example_dags/example_external_task_marker_dag.py for tasks to queue
[2025-06-02T23:04:00.063+0000] {logging_mixin.py:154} INFO - [2025-06-02T23:04:00.063+0000] {dagbag.py:536} INFO - Filling up the DagBag from /home/airflow/.local/lib/python3.10/site-packages/airflow/example_dags/example_external_task_marker_dag.py
[2025-06-02T23:04:00.072+0000] {processor.py:839} INFO - DAG(s) dict_keys(['example_external_task_marker_child', 'example_external_task_marker_parent']) retrieved from /home/airflow/.local/lib/python3.10/site-packages/airflow/example_dags/example_external_task_marker_dag.py
[2025-06-02T23:04:00.110+0000] {logging_mixin.py:154} INFO - [2025-06-02T23:04:00.110+0000] {dag.py:2941} INFO - Sync 2 DAGs
[2025-06-02T23:04:00.133+0000] {logging_mixin.py:154} INFO - [2025-06-02T23:04:00.129+0000] {dag.py:3722} INFO - Setting next_dagrun for example_external_task_marker_child to None, run_after=None
[2025-06-02T23:04:00.137+0000] {logging_mixin.py:154} INFO - [2025-06-02T23:04:00.137+0000] {dag.py:3722} INFO - Setting next_dagrun for example_external_task_marker_parent to None, run_after=None
[2025-06-02T23:04:00.178+0000] {processor.py:179} INFO - Processing /home/airflow/.local/lib/python3.10/site-packages/airflow/example_dags/example_external_task_marker_dag.py took 0.125 seconds
[2025-06-02T23:04:31.030+0000] {processor.py:157} INFO - Started process (PID=122) to work on /home/airflow/.local/lib/python3.10/site-packages/airflow/example_dags/example_external_task_marker_dag.py
[2025-06-02T23:04:31.035+0000] {processor.py:829} INFO - Processing file /home/airflow/.local/lib/python3.10/site-packages/airflow/example_dags/example_external_task_marker_dag.py for tasks to queue
[2025-06-02T23:04:31.038+0000] {logging_mixin.py:154} INFO - [2025-06-02T23:04:31.038+0000] {dagbag.py:536} INFO - Filling up the DagBag from /home/airflow/.local/lib/python3.10/site-packages/airflow/example_dags/example_external_task_marker_dag.py
[2025-06-02T23:04:31.048+0000] {processor.py:839} INFO - DAG(s) dict_keys(['example_external_task_marker_child', 'example_external_task_marker_parent']) retrieved from /home/airflow/.local/lib/python3.10/site-packages/airflow/example_dags/example_external_task_marker_dag.py
[2025-06-02T23:04:31.081+0000] {logging_mixin.py:154} INFO - [2025-06-02T23:04:31.081+0000] {dag.py:2941} INFO - Sync 2 DAGs
[2025-06-02T23:04:31.108+0000] {logging_mixin.py:154} INFO - [2025-06-02T23:04:31.108+0000] {dag.py:3722} INFO - Setting next_dagrun for example_external_task_marker_child to None, run_after=None
[2025-06-02T23:04:31.150+0000] {logging_mixin.py:154} INFO - [2025-06-02T23:04:31.150+0000] {dag.py:3722} INFO - Setting next_dagrun for example_external_task_marker_parent to None, run_after=None
[2025-06-02T23:04:31.220+0000] {processor.py:179} INFO - Processing /home/airflow/.local/lib/python3.10/site-packages/airflow/example_dags/example_external_task_marker_dag.py took 0.194 seconds
[2025-06-02T23:05:02.229+0000] {processor.py:157} INFO - Started process (PID=178) to work on /home/airflow/.local/lib/python3.10/site-packages/airflow/example_dags/example_external_task_marker_dag.py
[2025-06-02T23:05:02.230+0000] {processor.py:829} INFO - Processing file /home/airflow/.local/lib/python3.10/site-packages/airflow/example_dags/example_external_task_marker_dag.py for tasks to queue
[2025-06-02T23:05:02.233+0000] {logging_mixin.py:154} INFO - [2025-06-02T23:05:02.233+0000] {dagbag.py:536} INFO - Filling up the DagBag from /home/airflow/.local/lib/python3.10/site-packages/airflow/example_dags/example_external_task_marker_dag.py
[2025-06-02T23:05:02.242+0000] {processor.py:839} INFO - DAG(s) dict_keys(['example_external_task_marker_child', 'example_external_task_marker_parent']) retrieved from /home/airflow/.local/lib/python3.10/site-packages/airflow/example_dags/example_external_task_marker_dag.py
[2025-06-02T23:05:02.276+0000] {logging_mixin.py:154} INFO - [2025-06-02T23:05:02.276+0000] {dag.py:2941} INFO - Sync 2 DAGs
[2025-06-02T23:05:02.295+0000] {logging_mixin.py:154} INFO - [2025-06-02T23:05:02.294+0000] {dag.py:3722} INFO - Setting next_dagrun for example_external_task_marker_child to None, run_after=None
[2025-06-02T23:05:02.299+0000] {logging_mixin.py:154} INFO - [2025-06-02T23:05:02.299+0000] {dag.py:3722} INFO - Setting next_dagrun for example_external_task_marker_parent to None, run_after=None
[2025-06-02T23:05:02.326+0000] {processor.py:179} INFO - Processing /home/airflow/.local/lib/python3.10/site-packages/airflow/example_dags/example_external_task_marker_dag.py took 0.108 seconds
[2025-06-02T23:05:33.166+0000] {processor.py:157} INFO - Started process (PID=234) to work on /home/airflow/.local/lib/python3.10/site-packages/airflow/example_dags/example_external_task_marker_dag.py
[2025-06-02T23:05:33.168+0000] {processor.py:829} INFO - Processing file /home/airflow/.local/lib/python3.10/site-packages/airflow/example_dags/example_external_task_marker_dag.py for tasks to queue
[2025-06-02T23:05:33.171+0000] {logging_mixin.py:154} INFO - [2025-06-02T23:05:33.171+0000] {dagbag.py:536} INFO - Filling up the DagBag from /home/airflow/.local/lib/python3.10/site-packages/airflow/example_dags/example_external_task_marker_dag.py
[2025-06-02T23:05:33.179+0000] {processor.py:839} INFO - DAG(s) dict_keys(['example_external_task_marker_parent', 'example_external_task_marker_child']) retrieved from /home/airflow/.local/lib/python3.10/site-packages/airflow/example_dags/example_external_task_marker_dag.py
[2025-06-02T23:05:33.210+0000] {logging_mixin.py:154} INFO - [2025-06-02T23:05:33.210+0000] {dag.py:2941} INFO - Sync 2 DAGs
[2025-06-02T23:05:33.229+0000] {logging_mixin.py:154} INFO - [2025-06-02T23:05:33.229+0000] {dag.py:3722} INFO - Setting next_dagrun for example_external_task_marker_child to None, run_after=None
[2025-06-02T23:05:33.234+0000] {logging_mixin.py:154} INFO - [2025-06-02T23:05:33.234+0000] {dag.py:3722} INFO - Setting next_dagrun for example_external_task_marker_parent to None, run_after=None
[2025-06-02T23:05:33.259+0000] {processor.py:179} INFO - Processing /home/airflow/.local/lib/python3.10/site-packages/airflow/example_dags/example_external_task_marker_dag.py took 0.098 seconds
[2025-06-02T23:06:07.506+0000] {processor.py:157} INFO - Started process (PID=290) to work on /home/airflow/.local/lib/python3.10/site-packages/airflow/example_dags/example_external_task_marker_dag.py
[2025-06-02T23:06:07.507+0000] {processor.py:829} INFO - Processing file /home/airflow/.local/lib/python3.10/site-packages/airflow/example_dags/example_external_task_marker_dag.py for tasks to queue
[2025-06-02T23:06:07.511+0000] {logging_mixin.py:154} INFO - [2025-06-02T23:06:07.510+0000] {dagbag.py:536} INFO - Filling up the DagBag from /home/airflow/.local/lib/python3.10/site-packages/airflow/example_dags/example_external_task_marker_dag.py
[2025-06-02T23:06:07.519+0000] {processor.py:839} INFO - DAG(s) dict_keys(['example_external_task_marker_child', 'example_external_task_marker_parent']) retrieved from /home/airflow/.local/lib/python3.10/site-packages/airflow/example_dags/example_external_task_marker_dag.py
[2025-06-02T23:06:07.552+0000] {logging_mixin.py:154} INFO - [2025-06-02T23:06:07.551+0000] {dag.py:2941} INFO - Sync 2 DAGs
[2025-06-02T23:06:07.569+0000] {logging_mixin.py:154} INFO - [2025-06-02T23:06:07.569+0000] {dag.py:3722} INFO - Setting next_dagrun for example_external_task_marker_child to None, run_after=None
[2025-06-02T23:06:07.573+0000] {logging_mixin.py:154} INFO - [2025-06-02T23:06:07.573+0000] {dag.py:3722} INFO - Setting next_dagrun for example_external_task_marker_parent to None, run_after=None
[2025-06-02T23:06:07.617+0000] {processor.py:179} INFO - Processing /home/airflow/.local/lib/python3.10/site-packages/airflow/example_dags/example_external_task_marker_dag.py took 0.116 seconds
[2025-06-02T23:06:40.866+0000] {processor.py:157} INFO - Started process (PID=353) to work on /home/airflow/.local/lib/python3.10/site-packages/airflow/example_dags/example_external_task_marker_dag.py
[2025-06-02T23:06:40.874+0000] {processor.py:829} INFO - Processing file /home/airflow/.local/lib/python3.10/site-packages/airflow/example_dags/example_external_task_marker_dag.py for tasks to queue
[2025-06-02T23:06:40.877+0000] {logging_mixin.py:154} INFO - [2025-06-02T23:06:40.877+0000] {dagbag.py:536} INFO - Filling up the DagBag from /home/airflow/.local/lib/python3.10/site-packages/airflow/example_dags/example_external_task_marker_dag.py
[2025-06-02T23:06:40.885+0000] {processor.py:839} INFO - DAG(s) dict_keys(['example_external_task_marker_child', 'example_external_task_marker_parent']) retrieved from /home/airflow/.local/lib/python3.10/site-packages/airflow/example_dags/example_external_task_marker_dag.py
[2025-06-02T23:06:40.937+0000] {logging_mixin.py:154} INFO - [2025-06-02T23:06:40.937+0000] {dag.py:2941} INFO - Sync 2 DAGs
[2025-06-02T23:06:40.984+0000] {logging_mixin.py:154} INFO - [2025-06-02T23:06:40.984+0000] {dag.py:3722} INFO - Setting next_dagrun for example_external_task_marker_child to None, run_after=None
[2025-06-02T23:06:40.989+0000] {logging_mixin.py:154} INFO - [2025-06-02T23:06:40.989+0000] {dag.py:3722} INFO - Setting next_dagrun for example_external_task_marker_parent to None, run_after=None
[2025-06-02T23:06:41.038+0000] {processor.py:179} INFO - Processing /home/airflow/.local/lib/python3.10/site-packages/airflow/example_dags/example_external_task_marker_dag.py took 0.181 seconds
[2025-06-02T23:07:11.471+0000] {processor.py:157} INFO - Started process (PID=409) to work on /home/airflow/.local/lib/python3.10/site-packages/airflow/example_dags/example_external_task_marker_dag.py
[2025-06-02T23:07:11.472+0000] {processor.py:829} INFO - Processing file /home/airflow/.local/lib/python3.10/site-packages/airflow/example_dags/example_external_task_marker_dag.py for tasks to queue
[2025-06-02T23:07:11.479+0000] {logging_mixin.py:154} INFO - [2025-06-02T23:07:11.479+0000] {dagbag.py:536} INFO - Filling up the DagBag from /home/airflow/.local/lib/python3.10/site-packages/airflow/example_dags/example_external_task_marker_dag.py
[2025-06-02T23:07:11.502+0000] {processor.py:839} INFO - DAG(s) dict_keys(['example_external_task_marker_parent', 'example_external_task_marker_child']) retrieved from /home/airflow/.local/lib/python3.10/site-packages/airflow/example_dags/example_external_task_marker_dag.py
[2025-06-02T23:07:11.586+0000] {logging_mixin.py:154} INFO - [2025-06-02T23:07:11.586+0000] {dag.py:2941} INFO - Sync 2 DAGs
[2025-06-02T23:07:11.609+0000] {logging_mixin.py:154} INFO - [2025-06-02T23:07:11.609+0000] {dag.py:3722} INFO - Setting next_dagrun for example_external_task_marker_child to None, run_after=None
[2025-06-02T23:07:11.614+0000] {logging_mixin.py:154} INFO - [2025-06-02T23:07:11.614+0000] {dag.py:3722} INFO - Setting next_dagrun for example_external_task_marker_parent to None, run_after=None
[2025-06-02T23:07:11.674+0000] {processor.py:179} INFO - Processing /home/airflow/.local/lib/python3.10/site-packages/airflow/example_dags/example_external_task_marker_dag.py took 0.214 seconds
