[2025-06-02T21:59:54.806+0000] {processor.py:157} INFO - Started process (PID=41) to work on /home/airflow/.local/lib/python3.10/site-packages/airflow/example_dags/example_nested_branch_dag.py
[2025-06-02T21:59:54.807+0000] {processor.py:829} INFO - Processing file /home/airflow/.local/lib/python3.10/site-packages/airflow/example_dags/example_nested_branch_dag.py for tasks to queue
[2025-06-02T21:59:54.811+0000] {logging_mixin.py:154} INFO - [2025-06-02T21:59:54.811+0000] {dagbag.py:536} INFO - Filling up the DagBag from /home/airflow/.local/lib/python3.10/site-packages/airflow/example_dags/example_nested_branch_dag.py
[2025-06-02T21:59:54.865+0000] {processor.py:839} INFO - DAG(s) dict_keys(['example_nested_branch_dag']) retrieved from /home/airflow/.local/lib/python3.10/site-packages/airflow/example_dags/example_nested_branch_dag.py
[2025-06-02T21:59:55.401+0000] {logging_mixin.py:154} INFO - [2025-06-02T21:59:55.399+0000] {manager.py:499} INFO - Created Permission View: %s
[2025-06-02T21:59:55.458+0000] {logging_mixin.py:154} INFO - [2025-06-02T21:59:55.443+0000] {manager.py:499} INFO - Created Permission View: %s
[2025-06-02T21:59:55.489+0000] {logging_mixin.py:154} INFO - [2025-06-02T21:59:55.489+0000] {manager.py:499} INFO - Created Permission View: %s
[2025-06-02T21:59:55.490+0000] {logging_mixin.py:154} INFO - [2025-06-02T21:59:55.490+0000] {dag.py:2941} INFO - Sync 1 DAGs
[2025-06-02T21:59:55.535+0000] {logging_mixin.py:154} INFO - [2025-06-02T21:59:55.535+0000] {dag.py:2963} INFO - Creating ORM DAG for example_nested_branch_dag
[2025-06-02T21:59:55.577+0000] {logging_mixin.py:154} INFO - [2025-06-02T21:59:55.576+0000] {dag.py:3722} INFO - Setting next_dagrun for example_nested_branch_dag to 2025-06-01T00:00:00+00:00, run_after=2025-06-02T00:00:00+00:00
[2025-06-02T21:59:55.667+0000] {processor.py:179} INFO - Processing /home/airflow/.local/lib/python3.10/site-packages/airflow/example_dags/example_nested_branch_dag.py took 0.894 seconds
[2025-06-02T22:00:26.375+0000] {processor.py:157} INFO - Started process (PID=95) to work on /home/airflow/.local/lib/python3.10/site-packages/airflow/example_dags/example_nested_branch_dag.py
[2025-06-02T22:00:26.379+0000] {processor.py:829} INFO - Processing file /home/airflow/.local/lib/python3.10/site-packages/airflow/example_dags/example_nested_branch_dag.py for tasks to queue
[2025-06-02T22:00:26.382+0000] {logging_mixin.py:154} INFO - [2025-06-02T22:00:26.382+0000] {dagbag.py:536} INFO - Filling up the DagBag from /home/airflow/.local/lib/python3.10/site-packages/airflow/example_dags/example_nested_branch_dag.py
[2025-06-02T22:00:26.396+0000] {processor.py:839} INFO - DAG(s) dict_keys(['example_nested_branch_dag']) retrieved from /home/airflow/.local/lib/python3.10/site-packages/airflow/example_dags/example_nested_branch_dag.py
[2025-06-02T22:00:26.423+0000] {logging_mixin.py:154} INFO - [2025-06-02T22:00:26.423+0000] {dag.py:2941} INFO - Sync 1 DAGs
[2025-06-02T22:00:26.455+0000] {logging_mixin.py:154} INFO - [2025-06-02T22:00:26.455+0000] {dag.py:3722} INFO - Setting next_dagrun for example_nested_branch_dag to 2025-06-01T00:00:00+00:00, run_after=2025-06-02T00:00:00+00:00
[2025-06-02T22:00:26.486+0000] {processor.py:179} INFO - Processing /home/airflow/.local/lib/python3.10/site-packages/airflow/example_dags/example_nested_branch_dag.py took 0.114 seconds
[2025-06-02T22:00:56.731+0000] {processor.py:157} INFO - Started process (PID=149) to work on /home/airflow/.local/lib/python3.10/site-packages/airflow/example_dags/example_nested_branch_dag.py
[2025-06-02T22:00:56.732+0000] {processor.py:829} INFO - Processing file /home/airflow/.local/lib/python3.10/site-packages/airflow/example_dags/example_nested_branch_dag.py for tasks to queue
[2025-06-02T22:00:56.736+0000] {logging_mixin.py:154} INFO - [2025-06-02T22:00:56.736+0000] {dagbag.py:536} INFO - Filling up the DagBag from /home/airflow/.local/lib/python3.10/site-packages/airflow/example_dags/example_nested_branch_dag.py
[2025-06-02T22:00:56.751+0000] {processor.py:839} INFO - DAG(s) dict_keys(['example_nested_branch_dag']) retrieved from /home/airflow/.local/lib/python3.10/site-packages/airflow/example_dags/example_nested_branch_dag.py
[2025-06-02T22:00:56.783+0000] {logging_mixin.py:154} INFO - [2025-06-02T22:00:56.783+0000] {dag.py:2941} INFO - Sync 1 DAGs
[2025-06-02T22:00:56.816+0000] {logging_mixin.py:154} INFO - [2025-06-02T22:00:56.815+0000] {dag.py:3722} INFO - Setting next_dagrun for example_nested_branch_dag to 2025-06-01T00:00:00+00:00, run_after=2025-06-02T00:00:00+00:00
[2025-06-02T22:00:56.846+0000] {processor.py:179} INFO - Processing /home/airflow/.local/lib/python3.10/site-packages/airflow/example_dags/example_nested_branch_dag.py took 0.120 seconds
[2025-06-02T22:01:27.429+0000] {processor.py:157} INFO - Started process (PID=203) to work on /home/airflow/.local/lib/python3.10/site-packages/airflow/example_dags/example_nested_branch_dag.py
[2025-06-02T22:01:27.430+0000] {processor.py:829} INFO - Processing file /home/airflow/.local/lib/python3.10/site-packages/airflow/example_dags/example_nested_branch_dag.py for tasks to queue
[2025-06-02T22:01:27.434+0000] {logging_mixin.py:154} INFO - [2025-06-02T22:01:27.433+0000] {dagbag.py:536} INFO - Filling up the DagBag from /home/airflow/.local/lib/python3.10/site-packages/airflow/example_dags/example_nested_branch_dag.py
[2025-06-02T22:01:27.447+0000] {processor.py:839} INFO - DAG(s) dict_keys(['example_nested_branch_dag']) retrieved from /home/airflow/.local/lib/python3.10/site-packages/airflow/example_dags/example_nested_branch_dag.py
[2025-06-02T22:01:27.475+0000] {logging_mixin.py:154} INFO - [2025-06-02T22:01:27.475+0000] {dag.py:2941} INFO - Sync 1 DAGs
[2025-06-02T22:01:27.507+0000] {logging_mixin.py:154} INFO - [2025-06-02T22:01:27.507+0000] {dag.py:3722} INFO - Setting next_dagrun for example_nested_branch_dag to 2025-06-01T00:00:00+00:00, run_after=2025-06-02T00:00:00+00:00
[2025-06-02T22:01:27.529+0000] {processor.py:179} INFO - Processing /home/airflow/.local/lib/python3.10/site-packages/airflow/example_dags/example_nested_branch_dag.py took 0.107 seconds
[2025-06-02T22:01:57.997+0000] {processor.py:157} INFO - Started process (PID=258) to work on /home/airflow/.local/lib/python3.10/site-packages/airflow/example_dags/example_nested_branch_dag.py
[2025-06-02T22:01:57.998+0000] {processor.py:829} INFO - Processing file /home/airflow/.local/lib/python3.10/site-packages/airflow/example_dags/example_nested_branch_dag.py for tasks to queue
[2025-06-02T22:01:58.002+0000] {logging_mixin.py:154} INFO - [2025-06-02T22:01:58.001+0000] {dagbag.py:536} INFO - Filling up the DagBag from /home/airflow/.local/lib/python3.10/site-packages/airflow/example_dags/example_nested_branch_dag.py
[2025-06-02T22:01:58.015+0000] {processor.py:839} INFO - DAG(s) dict_keys(['example_nested_branch_dag']) retrieved from /home/airflow/.local/lib/python3.10/site-packages/airflow/example_dags/example_nested_branch_dag.py
[2025-06-02T22:01:58.048+0000] {logging_mixin.py:154} INFO - [2025-06-02T22:01:58.048+0000] {dag.py:2941} INFO - Sync 1 DAGs
[2025-06-02T22:01:58.080+0000] {logging_mixin.py:154} INFO - [2025-06-02T22:01:58.080+0000] {dag.py:3722} INFO - Setting next_dagrun for example_nested_branch_dag to 2025-06-01T00:00:00+00:00, run_after=2025-06-02T00:00:00+00:00
[2025-06-02T22:01:58.104+0000] {processor.py:179} INFO - Processing /home/airflow/.local/lib/python3.10/site-packages/airflow/example_dags/example_nested_branch_dag.py took 0.112 seconds
[2025-06-02T22:02:28.479+0000] {processor.py:157} INFO - Started process (PID=311) to work on /home/airflow/.local/lib/python3.10/site-packages/airflow/example_dags/example_nested_branch_dag.py
[2025-06-02T22:02:28.490+0000] {processor.py:829} INFO - Processing file /home/airflow/.local/lib/python3.10/site-packages/airflow/example_dags/example_nested_branch_dag.py for tasks to queue
[2025-06-02T22:02:28.494+0000] {logging_mixin.py:154} INFO - [2025-06-02T22:02:28.493+0000] {dagbag.py:536} INFO - Filling up the DagBag from /home/airflow/.local/lib/python3.10/site-packages/airflow/example_dags/example_nested_branch_dag.py
[2025-06-02T22:02:28.538+0000] {processor.py:839} INFO - DAG(s) dict_keys(['example_nested_branch_dag']) retrieved from /home/airflow/.local/lib/python3.10/site-packages/airflow/example_dags/example_nested_branch_dag.py
[2025-06-02T22:02:28.651+0000] {logging_mixin.py:154} INFO - [2025-06-02T22:02:28.650+0000] {dag.py:2941} INFO - Sync 1 DAGs
[2025-06-02T22:02:28.737+0000] {logging_mixin.py:154} INFO - [2025-06-02T22:02:28.737+0000] {dag.py:3722} INFO - Setting next_dagrun for example_nested_branch_dag to 2025-06-01T00:00:00+00:00, run_after=2025-06-02T00:00:00+00:00
[2025-06-02T22:02:28.818+0000] {processor.py:179} INFO - Processing /home/airflow/.local/lib/python3.10/site-packages/airflow/example_dags/example_nested_branch_dag.py took 0.366 seconds
[2025-06-02T22:02:58.906+0000] {processor.py:157} INFO - Started process (PID=365) to work on /home/airflow/.local/lib/python3.10/site-packages/airflow/example_dags/example_nested_branch_dag.py
[2025-06-02T22:02:58.907+0000] {processor.py:829} INFO - Processing file /home/airflow/.local/lib/python3.10/site-packages/airflow/example_dags/example_nested_branch_dag.py for tasks to queue
[2025-06-02T22:02:58.909+0000] {logging_mixin.py:154} INFO - [2025-06-02T22:02:58.909+0000] {dagbag.py:536} INFO - Filling up the DagBag from /home/airflow/.local/lib/python3.10/site-packages/airflow/example_dags/example_nested_branch_dag.py
[2025-06-02T22:02:58.920+0000] {processor.py:839} INFO - DAG(s) dict_keys(['example_nested_branch_dag']) retrieved from /home/airflow/.local/lib/python3.10/site-packages/airflow/example_dags/example_nested_branch_dag.py
[2025-06-02T22:02:58.942+0000] {logging_mixin.py:154} INFO - [2025-06-02T22:02:58.942+0000] {dag.py:2941} INFO - Sync 1 DAGs
[2025-06-02T22:02:58.965+0000] {logging_mixin.py:154} INFO - [2025-06-02T22:02:58.965+0000] {dag.py:3722} INFO - Setting next_dagrun for example_nested_branch_dag to 2025-06-01T00:00:00+00:00, run_after=2025-06-02T00:00:00+00:00
[2025-06-02T22:02:58.982+0000] {processor.py:179} INFO - Processing /home/airflow/.local/lib/python3.10/site-packages/airflow/example_dags/example_nested_branch_dag.py took 0.080 seconds
[2025-06-02T22:03:29.474+0000] {processor.py:157} INFO - Started process (PID=420) to work on /home/airflow/.local/lib/python3.10/site-packages/airflow/example_dags/example_nested_branch_dag.py
[2025-06-02T22:03:29.475+0000] {processor.py:829} INFO - Processing file /home/airflow/.local/lib/python3.10/site-packages/airflow/example_dags/example_nested_branch_dag.py for tasks to queue
[2025-06-02T22:03:29.478+0000] {logging_mixin.py:154} INFO - [2025-06-02T22:03:29.478+0000] {dagbag.py:536} INFO - Filling up the DagBag from /home/airflow/.local/lib/python3.10/site-packages/airflow/example_dags/example_nested_branch_dag.py
[2025-06-02T22:03:29.492+0000] {processor.py:839} INFO - DAG(s) dict_keys(['example_nested_branch_dag']) retrieved from /home/airflow/.local/lib/python3.10/site-packages/airflow/example_dags/example_nested_branch_dag.py
[2025-06-02T22:03:29.525+0000] {logging_mixin.py:154} INFO - [2025-06-02T22:03:29.524+0000] {dag.py:2941} INFO - Sync 1 DAGs
[2025-06-02T22:03:29.560+0000] {logging_mixin.py:154} INFO - [2025-06-02T22:03:29.559+0000] {dag.py:3722} INFO - Setting next_dagrun for example_nested_branch_dag to 2025-06-01T00:00:00+00:00, run_after=2025-06-02T00:00:00+00:00
[2025-06-02T22:03:29.579+0000] {processor.py:179} INFO - Processing /home/airflow/.local/lib/python3.10/site-packages/airflow/example_dags/example_nested_branch_dag.py took 0.111 seconds
[2025-06-02T22:03:59.708+0000] {processor.py:157} INFO - Started process (PID=474) to work on /home/airflow/.local/lib/python3.10/site-packages/airflow/example_dags/example_nested_branch_dag.py
[2025-06-02T22:03:59.710+0000] {processor.py:829} INFO - Processing file /home/airflow/.local/lib/python3.10/site-packages/airflow/example_dags/example_nested_branch_dag.py for tasks to queue
[2025-06-02T22:03:59.713+0000] {logging_mixin.py:154} INFO - [2025-06-02T22:03:59.713+0000] {dagbag.py:536} INFO - Filling up the DagBag from /home/airflow/.local/lib/python3.10/site-packages/airflow/example_dags/example_nested_branch_dag.py
[2025-06-02T22:03:59.726+0000] {processor.py:839} INFO - DAG(s) dict_keys(['example_nested_branch_dag']) retrieved from /home/airflow/.local/lib/python3.10/site-packages/airflow/example_dags/example_nested_branch_dag.py
[2025-06-02T22:03:59.756+0000] {logging_mixin.py:154} INFO - [2025-06-02T22:03:59.756+0000] {dag.py:2941} INFO - Sync 1 DAGs
[2025-06-02T22:03:59.788+0000] {logging_mixin.py:154} INFO - [2025-06-02T22:03:59.788+0000] {dag.py:3722} INFO - Setting next_dagrun for example_nested_branch_dag to 2025-06-01T00:00:00+00:00, run_after=2025-06-02T00:00:00+00:00
[2025-06-02T22:03:59.809+0000] {processor.py:179} INFO - Processing /home/airflow/.local/lib/python3.10/site-packages/airflow/example_dags/example_nested_branch_dag.py took 0.106 seconds
[2025-06-02T22:04:29.883+0000] {processor.py:157} INFO - Started process (PID=527) to work on /home/airflow/.local/lib/python3.10/site-packages/airflow/example_dags/example_nested_branch_dag.py
[2025-06-02T22:04:29.883+0000] {processor.py:829} INFO - Processing file /home/airflow/.local/lib/python3.10/site-packages/airflow/example_dags/example_nested_branch_dag.py for tasks to queue
[2025-06-02T22:04:29.887+0000] {logging_mixin.py:154} INFO - [2025-06-02T22:04:29.886+0000] {dagbag.py:536} INFO - Filling up the DagBag from /home/airflow/.local/lib/python3.10/site-packages/airflow/example_dags/example_nested_branch_dag.py
[2025-06-02T22:04:29.900+0000] {processor.py:839} INFO - DAG(s) dict_keys(['example_nested_branch_dag']) retrieved from /home/airflow/.local/lib/python3.10/site-packages/airflow/example_dags/example_nested_branch_dag.py
[2025-06-02T22:04:29.926+0000] {logging_mixin.py:154} INFO - [2025-06-02T22:04:29.926+0000] {dag.py:2941} INFO - Sync 1 DAGs
[2025-06-02T22:04:29.957+0000] {logging_mixin.py:154} INFO - [2025-06-02T22:04:29.956+0000] {dag.py:3722} INFO - Setting next_dagrun for example_nested_branch_dag to 2025-06-01T00:00:00+00:00, run_after=2025-06-02T00:00:00+00:00
[2025-06-02T22:04:29.976+0000] {processor.py:179} INFO - Processing /home/airflow/.local/lib/python3.10/site-packages/airflow/example_dags/example_nested_branch_dag.py took 0.098 seconds
[2025-06-02T22:05:00.233+0000] {processor.py:157} INFO - Started process (PID=581) to work on /home/airflow/.local/lib/python3.10/site-packages/airflow/example_dags/example_nested_branch_dag.py
[2025-06-02T22:05:00.238+0000] {processor.py:829} INFO - Processing file /home/airflow/.local/lib/python3.10/site-packages/airflow/example_dags/example_nested_branch_dag.py for tasks to queue
[2025-06-02T22:05:00.242+0000] {logging_mixin.py:154} INFO - [2025-06-02T22:05:00.241+0000] {dagbag.py:536} INFO - Filling up the DagBag from /home/airflow/.local/lib/python3.10/site-packages/airflow/example_dags/example_nested_branch_dag.py
[2025-06-02T22:05:00.268+0000] {processor.py:839} INFO - DAG(s) dict_keys(['example_nested_branch_dag']) retrieved from /home/airflow/.local/lib/python3.10/site-packages/airflow/example_dags/example_nested_branch_dag.py
[2025-06-02T22:05:00.296+0000] {logging_mixin.py:154} INFO - [2025-06-02T22:05:00.295+0000] {dag.py:2941} INFO - Sync 1 DAGs
[2025-06-02T22:05:00.326+0000] {logging_mixin.py:154} INFO - [2025-06-02T22:05:00.326+0000] {dag.py:3722} INFO - Setting next_dagrun for example_nested_branch_dag to 2025-06-01T00:00:00+00:00, run_after=2025-06-02T00:00:00+00:00
[2025-06-02T22:05:00.357+0000] {processor.py:179} INFO - Processing /home/airflow/.local/lib/python3.10/site-packages/airflow/example_dags/example_nested_branch_dag.py took 0.132 seconds
[2025-06-02T22:05:31.199+0000] {processor.py:157} INFO - Started process (PID=637) to work on /home/airflow/.local/lib/python3.10/site-packages/airflow/example_dags/example_nested_branch_dag.py
[2025-06-02T22:05:31.200+0000] {processor.py:829} INFO - Processing file /home/airflow/.local/lib/python3.10/site-packages/airflow/example_dags/example_nested_branch_dag.py for tasks to queue
[2025-06-02T22:05:31.204+0000] {logging_mixin.py:154} INFO - [2025-06-02T22:05:31.204+0000] {dagbag.py:536} INFO - Filling up the DagBag from /home/airflow/.local/lib/python3.10/site-packages/airflow/example_dags/example_nested_branch_dag.py
[2025-06-02T22:05:31.218+0000] {processor.py:839} INFO - DAG(s) dict_keys(['example_nested_branch_dag']) retrieved from /home/airflow/.local/lib/python3.10/site-packages/airflow/example_dags/example_nested_branch_dag.py
[2025-06-02T22:05:31.247+0000] {logging_mixin.py:154} INFO - [2025-06-02T22:05:31.247+0000] {dag.py:2941} INFO - Sync 1 DAGs
[2025-06-02T22:05:31.279+0000] {logging_mixin.py:154} INFO - [2025-06-02T22:05:31.279+0000] {dag.py:3722} INFO - Setting next_dagrun for example_nested_branch_dag to 2025-06-01T00:00:00+00:00, run_after=2025-06-02T00:00:00+00:00
[2025-06-02T22:05:31.306+0000] {processor.py:179} INFO - Processing /home/airflow/.local/lib/python3.10/site-packages/airflow/example_dags/example_nested_branch_dag.py took 0.112 seconds
[2025-06-02T22:06:01.403+0000] {processor.py:157} INFO - Started process (PID=690) to work on /home/airflow/.local/lib/python3.10/site-packages/airflow/example_dags/example_nested_branch_dag.py
[2025-06-02T22:06:01.404+0000] {processor.py:829} INFO - Processing file /home/airflow/.local/lib/python3.10/site-packages/airflow/example_dags/example_nested_branch_dag.py for tasks to queue
[2025-06-02T22:06:01.407+0000] {logging_mixin.py:154} INFO - [2025-06-02T22:06:01.407+0000] {dagbag.py:536} INFO - Filling up the DagBag from /home/airflow/.local/lib/python3.10/site-packages/airflow/example_dags/example_nested_branch_dag.py
[2025-06-02T22:06:01.421+0000] {processor.py:839} INFO - DAG(s) dict_keys(['example_nested_branch_dag']) retrieved from /home/airflow/.local/lib/python3.10/site-packages/airflow/example_dags/example_nested_branch_dag.py
[2025-06-02T22:06:01.451+0000] {logging_mixin.py:154} INFO - [2025-06-02T22:06:01.451+0000] {dag.py:2941} INFO - Sync 1 DAGs
[2025-06-02T22:06:01.482+0000] {logging_mixin.py:154} INFO - [2025-06-02T22:06:01.482+0000] {dag.py:3722} INFO - Setting next_dagrun for example_nested_branch_dag to 2025-06-01T00:00:00+00:00, run_after=2025-06-02T00:00:00+00:00
[2025-06-02T22:06:01.502+0000] {processor.py:179} INFO - Processing /home/airflow/.local/lib/python3.10/site-packages/airflow/example_dags/example_nested_branch_dag.py took 0.103 seconds
[2025-06-02T22:06:31.735+0000] {processor.py:157} INFO - Started process (PID=743) to work on /home/airflow/.local/lib/python3.10/site-packages/airflow/example_dags/example_nested_branch_dag.py
[2025-06-02T22:06:31.736+0000] {processor.py:829} INFO - Processing file /home/airflow/.local/lib/python3.10/site-packages/airflow/example_dags/example_nested_branch_dag.py for tasks to queue
[2025-06-02T22:06:31.739+0000] {logging_mixin.py:154} INFO - [2025-06-02T22:06:31.739+0000] {dagbag.py:536} INFO - Filling up the DagBag from /home/airflow/.local/lib/python3.10/site-packages/airflow/example_dags/example_nested_branch_dag.py
[2025-06-02T22:06:31.754+0000] {processor.py:839} INFO - DAG(s) dict_keys(['example_nested_branch_dag']) retrieved from /home/airflow/.local/lib/python3.10/site-packages/airflow/example_dags/example_nested_branch_dag.py
[2025-06-02T22:06:31.782+0000] {logging_mixin.py:154} INFO - [2025-06-02T22:06:31.782+0000] {dag.py:2941} INFO - Sync 1 DAGs
[2025-06-02T22:06:31.811+0000] {logging_mixin.py:154} INFO - [2025-06-02T22:06:31.811+0000] {dag.py:3722} INFO - Setting next_dagrun for example_nested_branch_dag to 2025-06-01T00:00:00+00:00, run_after=2025-06-02T00:00:00+00:00
[2025-06-02T22:06:31.833+0000] {processor.py:179} INFO - Processing /home/airflow/.local/lib/python3.10/site-packages/airflow/example_dags/example_nested_branch_dag.py took 0.103 seconds
[2025-06-02T22:07:02.699+0000] {processor.py:157} INFO - Started process (PID=798) to work on /home/airflow/.local/lib/python3.10/site-packages/airflow/example_dags/example_nested_branch_dag.py
[2025-06-02T22:07:02.701+0000] {processor.py:829} INFO - Processing file /home/airflow/.local/lib/python3.10/site-packages/airflow/example_dags/example_nested_branch_dag.py for tasks to queue
[2025-06-02T22:07:02.704+0000] {logging_mixin.py:154} INFO - [2025-06-02T22:07:02.703+0000] {dagbag.py:536} INFO - Filling up the DagBag from /home/airflow/.local/lib/python3.10/site-packages/airflow/example_dags/example_nested_branch_dag.py
[2025-06-02T22:07:02.718+0000] {processor.py:839} INFO - DAG(s) dict_keys(['example_nested_branch_dag']) retrieved from /home/airflow/.local/lib/python3.10/site-packages/airflow/example_dags/example_nested_branch_dag.py
[2025-06-02T22:07:02.747+0000] {logging_mixin.py:154} INFO - [2025-06-02T22:07:02.747+0000] {dag.py:2941} INFO - Sync 1 DAGs
[2025-06-02T22:07:02.773+0000] {logging_mixin.py:154} INFO - [2025-06-02T22:07:02.773+0000] {dag.py:3722} INFO - Setting next_dagrun for example_nested_branch_dag to 2025-06-01T00:00:00+00:00, run_after=2025-06-02T00:00:00+00:00
[2025-06-02T22:07:02.798+0000] {processor.py:179} INFO - Processing /home/airflow/.local/lib/python3.10/site-packages/airflow/example_dags/example_nested_branch_dag.py took 0.106 seconds
[2025-06-02T22:07:32.939+0000] {processor.py:157} INFO - Started process (PID=852) to work on /home/airflow/.local/lib/python3.10/site-packages/airflow/example_dags/example_nested_branch_dag.py
[2025-06-02T22:07:32.940+0000] {processor.py:829} INFO - Processing file /home/airflow/.local/lib/python3.10/site-packages/airflow/example_dags/example_nested_branch_dag.py for tasks to queue
[2025-06-02T22:07:32.943+0000] {logging_mixin.py:154} INFO - [2025-06-02T22:07:32.943+0000] {dagbag.py:536} INFO - Filling up the DagBag from /home/airflow/.local/lib/python3.10/site-packages/airflow/example_dags/example_nested_branch_dag.py
[2025-06-02T22:07:32.966+0000] {processor.py:839} INFO - DAG(s) dict_keys(['example_nested_branch_dag']) retrieved from /home/airflow/.local/lib/python3.10/site-packages/airflow/example_dags/example_nested_branch_dag.py
[2025-06-02T22:07:33.008+0000] {logging_mixin.py:154} INFO - [2025-06-02T22:07:33.008+0000] {dag.py:2941} INFO - Sync 1 DAGs
[2025-06-02T22:07:33.041+0000] {logging_mixin.py:154} INFO - [2025-06-02T22:07:33.041+0000] {dag.py:3722} INFO - Setting next_dagrun for example_nested_branch_dag to 2025-06-01T00:00:00+00:00, run_after=2025-06-02T00:00:00+00:00
[2025-06-02T22:07:33.062+0000] {processor.py:179} INFO - Processing /home/airflow/.local/lib/python3.10/site-packages/airflow/example_dags/example_nested_branch_dag.py took 0.129 seconds
[2025-06-02T22:08:03.496+0000] {processor.py:157} INFO - Started process (PID=906) to work on /home/airflow/.local/lib/python3.10/site-packages/airflow/example_dags/example_nested_branch_dag.py
[2025-06-02T22:08:03.501+0000] {processor.py:829} INFO - Processing file /home/airflow/.local/lib/python3.10/site-packages/airflow/example_dags/example_nested_branch_dag.py for tasks to queue
[2025-06-02T22:08:03.504+0000] {logging_mixin.py:154} INFO - [2025-06-02T22:08:03.504+0000] {dagbag.py:536} INFO - Filling up the DagBag from /home/airflow/.local/lib/python3.10/site-packages/airflow/example_dags/example_nested_branch_dag.py
[2025-06-02T22:08:03.529+0000] {processor.py:839} INFO - DAG(s) dict_keys(['example_nested_branch_dag']) retrieved from /home/airflow/.local/lib/python3.10/site-packages/airflow/example_dags/example_nested_branch_dag.py
[2025-06-02T22:08:03.597+0000] {logging_mixin.py:154} INFO - [2025-06-02T22:08:03.596+0000] {dag.py:2941} INFO - Sync 1 DAGs
[2025-06-02T22:08:04.056+0000] {logging_mixin.py:154} INFO - [2025-06-02T22:08:04.056+0000] {dag.py:3722} INFO - Setting next_dagrun for example_nested_branch_dag to 2025-06-01T00:00:00+00:00, run_after=2025-06-02T00:00:00+00:00
[2025-06-02T22:08:04.081+0000] {processor.py:179} INFO - Processing /home/airflow/.local/lib/python3.10/site-packages/airflow/example_dags/example_nested_branch_dag.py took 0.600 seconds
[2025-06-02T22:08:34.659+0000] {processor.py:157} INFO - Started process (PID=960) to work on /home/airflow/.local/lib/python3.10/site-packages/airflow/example_dags/example_nested_branch_dag.py
[2025-06-02T22:08:34.661+0000] {processor.py:829} INFO - Processing file /home/airflow/.local/lib/python3.10/site-packages/airflow/example_dags/example_nested_branch_dag.py for tasks to queue
[2025-06-02T22:08:34.664+0000] {logging_mixin.py:154} INFO - [2025-06-02T22:08:34.664+0000] {dagbag.py:536} INFO - Filling up the DagBag from /home/airflow/.local/lib/python3.10/site-packages/airflow/example_dags/example_nested_branch_dag.py
[2025-06-02T22:08:34.678+0000] {processor.py:839} INFO - DAG(s) dict_keys(['example_nested_branch_dag']) retrieved from /home/airflow/.local/lib/python3.10/site-packages/airflow/example_dags/example_nested_branch_dag.py
[2025-06-02T22:08:34.707+0000] {logging_mixin.py:154} INFO - [2025-06-02T22:08:34.707+0000] {dag.py:2941} INFO - Sync 1 DAGs
[2025-06-02T22:08:34.737+0000] {logging_mixin.py:154} INFO - [2025-06-02T22:08:34.737+0000] {dag.py:3722} INFO - Setting next_dagrun for example_nested_branch_dag to 2025-06-01T00:00:00+00:00, run_after=2025-06-02T00:00:00+00:00
[2025-06-02T22:08:34.758+0000] {processor.py:179} INFO - Processing /home/airflow/.local/lib/python3.10/site-packages/airflow/example_dags/example_nested_branch_dag.py took 0.103 seconds
[2025-06-02T22:09:05.107+0000] {processor.py:157} INFO - Started process (PID=1014) to work on /home/airflow/.local/lib/python3.10/site-packages/airflow/example_dags/example_nested_branch_dag.py
[2025-06-02T22:09:05.109+0000] {processor.py:829} INFO - Processing file /home/airflow/.local/lib/python3.10/site-packages/airflow/example_dags/example_nested_branch_dag.py for tasks to queue
[2025-06-02T22:09:05.112+0000] {logging_mixin.py:154} INFO - [2025-06-02T22:09:05.112+0000] {dagbag.py:536} INFO - Filling up the DagBag from /home/airflow/.local/lib/python3.10/site-packages/airflow/example_dags/example_nested_branch_dag.py
[2025-06-02T22:09:05.126+0000] {processor.py:839} INFO - DAG(s) dict_keys(['example_nested_branch_dag']) retrieved from /home/airflow/.local/lib/python3.10/site-packages/airflow/example_dags/example_nested_branch_dag.py
[2025-06-02T22:09:05.156+0000] {logging_mixin.py:154} INFO - [2025-06-02T22:09:05.156+0000] {dag.py:2941} INFO - Sync 1 DAGs
[2025-06-02T22:09:05.188+0000] {logging_mixin.py:154} INFO - [2025-06-02T22:09:05.188+0000] {dag.py:3722} INFO - Setting next_dagrun for example_nested_branch_dag to 2025-06-01T00:00:00+00:00, run_after=2025-06-02T00:00:00+00:00
[2025-06-02T22:09:05.228+0000] {processor.py:179} INFO - Processing /home/airflow/.local/lib/python3.10/site-packages/airflow/example_dags/example_nested_branch_dag.py took 0.130 seconds
[2025-06-02T22:09:36.021+0000] {processor.py:157} INFO - Started process (PID=1068) to work on /home/airflow/.local/lib/python3.10/site-packages/airflow/example_dags/example_nested_branch_dag.py
[2025-06-02T22:09:36.022+0000] {processor.py:829} INFO - Processing file /home/airflow/.local/lib/python3.10/site-packages/airflow/example_dags/example_nested_branch_dag.py for tasks to queue
[2025-06-02T22:09:36.025+0000] {logging_mixin.py:154} INFO - [2025-06-02T22:09:36.025+0000] {dagbag.py:536} INFO - Filling up the DagBag from /home/airflow/.local/lib/python3.10/site-packages/airflow/example_dags/example_nested_branch_dag.py
[2025-06-02T22:09:36.039+0000] {processor.py:839} INFO - DAG(s) dict_keys(['example_nested_branch_dag']) retrieved from /home/airflow/.local/lib/python3.10/site-packages/airflow/example_dags/example_nested_branch_dag.py
[2025-06-02T22:09:36.069+0000] {logging_mixin.py:154} INFO - [2025-06-02T22:09:36.069+0000] {dag.py:2941} INFO - Sync 1 DAGs
[2025-06-02T22:09:36.301+0000] {logging_mixin.py:154} INFO - [2025-06-02T22:09:36.301+0000] {dag.py:3722} INFO - Setting next_dagrun for example_nested_branch_dag to 2025-06-01T00:00:00+00:00, run_after=2025-06-02T00:00:00+00:00
[2025-06-02T22:09:36.318+0000] {processor.py:179} INFO - Processing /home/airflow/.local/lib/python3.10/site-packages/airflow/example_dags/example_nested_branch_dag.py took 0.304 seconds
[2025-06-02T22:10:06.503+0000] {processor.py:157} INFO - Started process (PID=1121) to work on /home/airflow/.local/lib/python3.10/site-packages/airflow/example_dags/example_nested_branch_dag.py
[2025-06-02T22:10:06.505+0000] {processor.py:829} INFO - Processing file /home/airflow/.local/lib/python3.10/site-packages/airflow/example_dags/example_nested_branch_dag.py for tasks to queue
[2025-06-02T22:10:06.508+0000] {logging_mixin.py:154} INFO - [2025-06-02T22:10:06.508+0000] {dagbag.py:536} INFO - Filling up the DagBag from /home/airflow/.local/lib/python3.10/site-packages/airflow/example_dags/example_nested_branch_dag.py
[2025-06-02T22:10:06.523+0000] {processor.py:839} INFO - DAG(s) dict_keys(['example_nested_branch_dag']) retrieved from /home/airflow/.local/lib/python3.10/site-packages/airflow/example_dags/example_nested_branch_dag.py
[2025-06-02T22:10:06.554+0000] {logging_mixin.py:154} INFO - [2025-06-02T22:10:06.554+0000] {dag.py:2941} INFO - Sync 1 DAGs
[2025-06-02T22:10:06.588+0000] {logging_mixin.py:154} INFO - [2025-06-02T22:10:06.587+0000] {dag.py:3722} INFO - Setting next_dagrun for example_nested_branch_dag to 2025-06-01T00:00:00+00:00, run_after=2025-06-02T00:00:00+00:00
[2025-06-02T22:10:06.797+0000] {processor.py:179} INFO - Processing /home/airflow/.local/lib/python3.10/site-packages/airflow/example_dags/example_nested_branch_dag.py took 0.299 seconds
[2025-06-02T22:10:37.610+0000] {processor.py:157} INFO - Started process (PID=1175) to work on /home/airflow/.local/lib/python3.10/site-packages/airflow/example_dags/example_nested_branch_dag.py
[2025-06-02T22:10:37.611+0000] {processor.py:829} INFO - Processing file /home/airflow/.local/lib/python3.10/site-packages/airflow/example_dags/example_nested_branch_dag.py for tasks to queue
[2025-06-02T22:10:37.614+0000] {logging_mixin.py:154} INFO - [2025-06-02T22:10:37.613+0000] {dagbag.py:536} INFO - Filling up the DagBag from /home/airflow/.local/lib/python3.10/site-packages/airflow/example_dags/example_nested_branch_dag.py
[2025-06-02T22:10:37.624+0000] {processor.py:839} INFO - DAG(s) dict_keys(['example_nested_branch_dag']) retrieved from /home/airflow/.local/lib/python3.10/site-packages/airflow/example_dags/example_nested_branch_dag.py
[2025-06-02T22:10:37.646+0000] {logging_mixin.py:154} INFO - [2025-06-02T22:10:37.646+0000] {dag.py:2941} INFO - Sync 1 DAGs
[2025-06-02T22:10:37.671+0000] {logging_mixin.py:154} INFO - [2025-06-02T22:10:37.670+0000] {dag.py:3722} INFO - Setting next_dagrun for example_nested_branch_dag to 2025-06-01T00:00:00+00:00, run_after=2025-06-02T00:00:00+00:00
[2025-06-02T22:10:37.713+0000] {processor.py:179} INFO - Processing /home/airflow/.local/lib/python3.10/site-packages/airflow/example_dags/example_nested_branch_dag.py took 0.107 seconds
[2025-06-02T22:11:07.887+0000] {processor.py:157} INFO - Started process (PID=1229) to work on /home/airflow/.local/lib/python3.10/site-packages/airflow/example_dags/example_nested_branch_dag.py
[2025-06-02T22:11:07.889+0000] {processor.py:829} INFO - Processing file /home/airflow/.local/lib/python3.10/site-packages/airflow/example_dags/example_nested_branch_dag.py for tasks to queue
[2025-06-02T22:11:07.891+0000] {logging_mixin.py:154} INFO - [2025-06-02T22:11:07.891+0000] {dagbag.py:536} INFO - Filling up the DagBag from /home/airflow/.local/lib/python3.10/site-packages/airflow/example_dags/example_nested_branch_dag.py
[2025-06-02T22:11:07.903+0000] {processor.py:839} INFO - DAG(s) dict_keys(['example_nested_branch_dag']) retrieved from /home/airflow/.local/lib/python3.10/site-packages/airflow/example_dags/example_nested_branch_dag.py
[2025-06-02T22:11:07.926+0000] {logging_mixin.py:154} INFO - [2025-06-02T22:11:07.926+0000] {dag.py:2941} INFO - Sync 1 DAGs
[2025-06-02T23:03:24.421+0000] {processor.py:157} INFO - Started process (PID=43) to work on /home/airflow/.local/lib/python3.10/site-packages/airflow/example_dags/example_nested_branch_dag.py
[2025-06-02T23:03:24.433+0000] {processor.py:829} INFO - Processing file /home/airflow/.local/lib/python3.10/site-packages/airflow/example_dags/example_nested_branch_dag.py for tasks to queue
[2025-06-02T23:03:24.439+0000] {logging_mixin.py:154} INFO - [2025-06-02T23:03:24.438+0000] {dagbag.py:536} INFO - Filling up the DagBag from /home/airflow/.local/lib/python3.10/site-packages/airflow/example_dags/example_nested_branch_dag.py
[2025-06-02T23:03:24.543+0000] {processor.py:839} INFO - DAG(s) dict_keys(['example_nested_branch_dag']) retrieved from /home/airflow/.local/lib/python3.10/site-packages/airflow/example_dags/example_nested_branch_dag.py
[2025-06-02T23:03:24.670+0000] {logging_mixin.py:154} INFO - [2025-06-02T23:03:24.670+0000] {dag.py:2941} INFO - Sync 1 DAGs
[2025-06-02T23:03:24.765+0000] {logging_mixin.py:154} INFO - [2025-06-02T23:03:24.765+0000] {dag.py:3722} INFO - Setting next_dagrun for example_nested_branch_dag to 2025-06-01T00:00:00+00:00, run_after=2025-06-02T00:00:00+00:00
[2025-06-02T23:03:24.874+0000] {processor.py:179} INFO - Processing /home/airflow/.local/lib/python3.10/site-packages/airflow/example_dags/example_nested_branch_dag.py took 0.510 seconds
[2025-06-02T23:03:57.452+0000] {processor.py:157} INFO - Started process (PID=35) to work on /home/airflow/.local/lib/python3.10/site-packages/airflow/example_dags/example_nested_branch_dag.py
[2025-06-02T23:03:57.454+0000] {processor.py:829} INFO - Processing file /home/airflow/.local/lib/python3.10/site-packages/airflow/example_dags/example_nested_branch_dag.py for tasks to queue
[2025-06-02T23:03:57.458+0000] {logging_mixin.py:154} INFO - [2025-06-02T23:03:57.458+0000] {dagbag.py:536} INFO - Filling up the DagBag from /home/airflow/.local/lib/python3.10/site-packages/airflow/example_dags/example_nested_branch_dag.py
[2025-06-02T23:03:57.476+0000] {processor.py:839} INFO - DAG(s) dict_keys(['example_nested_branch_dag']) retrieved from /home/airflow/.local/lib/python3.10/site-packages/airflow/example_dags/example_nested_branch_dag.py
[2025-06-02T23:03:57.516+0000] {logging_mixin.py:154} INFO - [2025-06-02T23:03:57.515+0000] {dag.py:2941} INFO - Sync 1 DAGs
[2025-06-02T23:03:57.545+0000] {logging_mixin.py:154} INFO - [2025-06-02T23:03:57.545+0000] {dag.py:3722} INFO - Setting next_dagrun for example_nested_branch_dag to 2025-06-01T00:00:00+00:00, run_after=2025-06-02T00:00:00+00:00
[2025-06-02T23:03:57.566+0000] {processor.py:179} INFO - Processing /home/airflow/.local/lib/python3.10/site-packages/airflow/example_dags/example_nested_branch_dag.py took 0.119 seconds
[2025-06-02T23:04:28.149+0000] {processor.py:157} INFO - Started process (PID=91) to work on /home/airflow/.local/lib/python3.10/site-packages/airflow/example_dags/example_nested_branch_dag.py
[2025-06-02T23:04:28.151+0000] {processor.py:829} INFO - Processing file /home/airflow/.local/lib/python3.10/site-packages/airflow/example_dags/example_nested_branch_dag.py for tasks to queue
[2025-06-02T23:04:28.154+0000] {logging_mixin.py:154} INFO - [2025-06-02T23:04:28.154+0000] {dagbag.py:536} INFO - Filling up the DagBag from /home/airflow/.local/lib/python3.10/site-packages/airflow/example_dags/example_nested_branch_dag.py
[2025-06-02T23:04:28.182+0000] {processor.py:839} INFO - DAG(s) dict_keys(['example_nested_branch_dag']) retrieved from /home/airflow/.local/lib/python3.10/site-packages/airflow/example_dags/example_nested_branch_dag.py
[2025-06-02T23:04:28.223+0000] {logging_mixin.py:154} INFO - [2025-06-02T23:04:28.222+0000] {dag.py:2941} INFO - Sync 1 DAGs
[2025-06-02T23:04:28.256+0000] {logging_mixin.py:154} INFO - [2025-06-02T23:04:28.256+0000] {dag.py:3722} INFO - Setting next_dagrun for example_nested_branch_dag to 2025-06-01T00:00:00+00:00, run_after=2025-06-02T00:00:00+00:00
[2025-06-02T23:04:28.287+0000] {processor.py:179} INFO - Processing /home/airflow/.local/lib/python3.10/site-packages/airflow/example_dags/example_nested_branch_dag.py took 0.143 seconds
[2025-06-02T23:04:58.773+0000] {processor.py:157} INFO - Started process (PID=147) to work on /home/airflow/.local/lib/python3.10/site-packages/airflow/example_dags/example_nested_branch_dag.py
[2025-06-02T23:04:58.774+0000] {processor.py:829} INFO - Processing file /home/airflow/.local/lib/python3.10/site-packages/airflow/example_dags/example_nested_branch_dag.py for tasks to queue
[2025-06-02T23:04:58.777+0000] {logging_mixin.py:154} INFO - [2025-06-02T23:04:58.777+0000] {dagbag.py:536} INFO - Filling up the DagBag from /home/airflow/.local/lib/python3.10/site-packages/airflow/example_dags/example_nested_branch_dag.py
[2025-06-02T23:04:58.787+0000] {processor.py:839} INFO - DAG(s) dict_keys(['example_nested_branch_dag']) retrieved from /home/airflow/.local/lib/python3.10/site-packages/airflow/example_dags/example_nested_branch_dag.py
[2025-06-02T23:04:58.808+0000] {logging_mixin.py:154} INFO - [2025-06-02T23:04:58.808+0000] {dag.py:2941} INFO - Sync 1 DAGs
[2025-06-02T23:04:58.832+0000] {logging_mixin.py:154} INFO - [2025-06-02T23:04:58.832+0000] {dag.py:3722} INFO - Setting next_dagrun for example_nested_branch_dag to 2025-06-01T00:00:00+00:00, run_after=2025-06-02T00:00:00+00:00
[2025-06-02T23:04:58.857+0000] {processor.py:179} INFO - Processing /home/airflow/.local/lib/python3.10/site-packages/airflow/example_dags/example_nested_branch_dag.py took 0.088 seconds
[2025-06-02T23:05:30.858+0000] {processor.py:157} INFO - Started process (PID=203) to work on /home/airflow/.local/lib/python3.10/site-packages/airflow/example_dags/example_nested_branch_dag.py
[2025-06-02T23:05:30.859+0000] {processor.py:829} INFO - Processing file /home/airflow/.local/lib/python3.10/site-packages/airflow/example_dags/example_nested_branch_dag.py for tasks to queue
[2025-06-02T23:05:30.862+0000] {logging_mixin.py:154} INFO - [2025-06-02T23:05:30.861+0000] {dagbag.py:536} INFO - Filling up the DagBag from /home/airflow/.local/lib/python3.10/site-packages/airflow/example_dags/example_nested_branch_dag.py
[2025-06-02T23:05:30.872+0000] {processor.py:839} INFO - DAG(s) dict_keys(['example_nested_branch_dag']) retrieved from /home/airflow/.local/lib/python3.10/site-packages/airflow/example_dags/example_nested_branch_dag.py
[2025-06-02T23:05:30.894+0000] {logging_mixin.py:154} INFO - [2025-06-02T23:05:30.894+0000] {dag.py:2941} INFO - Sync 1 DAGs
[2025-06-02T23:05:30.917+0000] {logging_mixin.py:154} INFO - [2025-06-02T23:05:30.917+0000] {dag.py:3722} INFO - Setting next_dagrun for example_nested_branch_dag to 2025-06-01T00:00:00+00:00, run_after=2025-06-02T00:00:00+00:00
[2025-06-02T23:05:30.951+0000] {processor.py:179} INFO - Processing /home/airflow/.local/lib/python3.10/site-packages/airflow/example_dags/example_nested_branch_dag.py took 0.097 seconds
[2025-06-02T23:06:02.589+0000] {processor.py:157} INFO - Started process (PID=259) to work on /home/airflow/.local/lib/python3.10/site-packages/airflow/example_dags/example_nested_branch_dag.py
[2025-06-02T23:06:02.601+0000] {processor.py:829} INFO - Processing file /home/airflow/.local/lib/python3.10/site-packages/airflow/example_dags/example_nested_branch_dag.py for tasks to queue
[2025-06-02T23:06:02.606+0000] {logging_mixin.py:154} INFO - [2025-06-02T23:06:02.606+0000] {dagbag.py:536} INFO - Filling up the DagBag from /home/airflow/.local/lib/python3.10/site-packages/airflow/example_dags/example_nested_branch_dag.py
[2025-06-02T23:06:02.651+0000] {processor.py:839} INFO - DAG(s) dict_keys(['example_nested_branch_dag']) retrieved from /home/airflow/.local/lib/python3.10/site-packages/airflow/example_dags/example_nested_branch_dag.py
[2025-06-02T23:06:02.762+0000] {logging_mixin.py:154} INFO - [2025-06-02T23:06:02.762+0000] {dag.py:2941} INFO - Sync 1 DAGs
[2025-06-02T23:06:02.861+0000] {logging_mixin.py:154} INFO - [2025-06-02T23:06:02.860+0000] {dag.py:3722} INFO - Setting next_dagrun for example_nested_branch_dag to 2025-06-01T00:00:00+00:00, run_after=2025-06-02T00:00:00+00:00
[2025-06-02T23:06:02.945+0000] {processor.py:179} INFO - Processing /home/airflow/.local/lib/python3.10/site-packages/airflow/example_dags/example_nested_branch_dag.py took 0.376 seconds
[2025-06-02T23:06:33.727+0000] {processor.py:157} INFO - Started process (PID=313) to work on /home/airflow/.local/lib/python3.10/site-packages/airflow/example_dags/example_nested_branch_dag.py
[2025-06-02T23:06:33.728+0000] {processor.py:829} INFO - Processing file /home/airflow/.local/lib/python3.10/site-packages/airflow/example_dags/example_nested_branch_dag.py for tasks to queue
[2025-06-02T23:06:33.754+0000] {logging_mixin.py:154} INFO - [2025-06-02T23:06:33.753+0000] {dagbag.py:536} INFO - Filling up the DagBag from /home/airflow/.local/lib/python3.10/site-packages/airflow/example_dags/example_nested_branch_dag.py
[2025-06-02T23:06:33.772+0000] {processor.py:839} INFO - DAG(s) dict_keys(['example_nested_branch_dag']) retrieved from /home/airflow/.local/lib/python3.10/site-packages/airflow/example_dags/example_nested_branch_dag.py
[2025-06-02T23:06:33.802+0000] {logging_mixin.py:154} INFO - [2025-06-02T23:06:33.801+0000] {dag.py:2941} INFO - Sync 1 DAGs
[2025-06-02T23:06:33.846+0000] {logging_mixin.py:154} INFO - [2025-06-02T23:06:33.846+0000] {dag.py:3722} INFO - Setting next_dagrun for example_nested_branch_dag to 2025-06-01T00:00:00+00:00, run_after=2025-06-02T00:00:00+00:00
[2025-06-02T23:06:33.883+0000] {processor.py:179} INFO - Processing /home/airflow/.local/lib/python3.10/site-packages/airflow/example_dags/example_nested_branch_dag.py took 0.171 seconds
[2025-06-02T23:07:04.066+0000] {processor.py:157} INFO - Started process (PID=369) to work on /home/airflow/.local/lib/python3.10/site-packages/airflow/example_dags/example_nested_branch_dag.py
[2025-06-02T23:07:04.067+0000] {processor.py:829} INFO - Processing file /home/airflow/.local/lib/python3.10/site-packages/airflow/example_dags/example_nested_branch_dag.py for tasks to queue
[2025-06-02T23:07:04.070+0000] {logging_mixin.py:154} INFO - [2025-06-02T23:07:04.070+0000] {dagbag.py:536} INFO - Filling up the DagBag from /home/airflow/.local/lib/python3.10/site-packages/airflow/example_dags/example_nested_branch_dag.py
[2025-06-02T23:07:04.085+0000] {processor.py:839} INFO - DAG(s) dict_keys(['example_nested_branch_dag']) retrieved from /home/airflow/.local/lib/python3.10/site-packages/airflow/example_dags/example_nested_branch_dag.py
[2025-06-02T23:07:04.115+0000] {logging_mixin.py:154} INFO - [2025-06-02T23:07:04.114+0000] {dag.py:2941} INFO - Sync 1 DAGs
[2025-06-02T23:07:04.151+0000] {logging_mixin.py:154} INFO - [2025-06-02T23:07:04.150+0000] {dag.py:3722} INFO - Setting next_dagrun for example_nested_branch_dag to 2025-06-01T00:00:00+00:00, run_after=2025-06-02T00:00:00+00:00
[2025-06-02T23:07:04.174+0000] {processor.py:179} INFO - Processing /home/airflow/.local/lib/python3.10/site-packages/airflow/example_dags/example_nested_branch_dag.py took 0.113 seconds
[2025-06-02T23:07:35.175+0000] {processor.py:157} INFO - Started process (PID=425) to work on /home/airflow/.local/lib/python3.10/site-packages/airflow/example_dags/example_nested_branch_dag.py
[2025-06-02T23:07:35.176+0000] {processor.py:829} INFO - Processing file /home/airflow/.local/lib/python3.10/site-packages/airflow/example_dags/example_nested_branch_dag.py for tasks to queue
[2025-06-02T23:07:35.191+0000] {logging_mixin.py:154} INFO - [2025-06-02T23:07:35.191+0000] {dagbag.py:536} INFO - Filling up the DagBag from /home/airflow/.local/lib/python3.10/site-packages/airflow/example_dags/example_nested_branch_dag.py
[2025-06-02T23:07:35.252+0000] {processor.py:839} INFO - DAG(s) dict_keys(['example_nested_branch_dag']) retrieved from /home/airflow/.local/lib/python3.10/site-packages/airflow/example_dags/example_nested_branch_dag.py
[2025-06-02T23:07:35.307+0000] {logging_mixin.py:154} INFO - [2025-06-02T23:07:35.307+0000] {dag.py:2941} INFO - Sync 1 DAGs
[2025-06-02T23:07:35.392+0000] {logging_mixin.py:154} INFO - [2025-06-02T23:07:35.392+0000] {dag.py:3722} INFO - Setting next_dagrun for example_nested_branch_dag to 2025-06-01T00:00:00+00:00, run_after=2025-06-02T00:00:00+00:00
[2025-06-02T23:07:35.468+0000] {processor.py:179} INFO - Processing /home/airflow/.local/lib/python3.10/site-packages/airflow/example_dags/example_nested_branch_dag.py took 0.310 seconds
