[2025-06-02T22:00:05.535+0000] {processor.py:157} INFO - Started process (PID=66) to work on /home/airflow/.local/lib/python3.10/site-packages/airflow/example_dags/example_python_operator.py
[2025-06-02T22:00:05.536+0000] {processor.py:829} INFO - Processing file /home/airflow/.local/lib/python3.10/site-packages/airflow/example_dags/example_python_operator.py for tasks to queue
[2025-06-02T22:00:05.539+0000] {logging_mixin.py:154} INFO - [2025-06-02T22:00:05.539+0000] {dagbag.py:536} INFO - Filling up the DagBag from /home/airflow/.local/lib/python3.10/site-packages/airflow/example_dags/example_python_operator.py
[2025-06-02T22:00:05.568+0000] {processor.py:839} INFO - DAG(s) dict_keys(['example_python_operator']) retrieved from /home/airflow/.local/lib/python3.10/site-packages/airflow/example_dags/example_python_operator.py
[2025-06-02T22:00:05.913+0000] {logging_mixin.py:154} INFO - [2025-06-02T22:00:05.912+0000] {manager.py:499} INFO - Created Permission View: %s
[2025-06-02T22:00:05.930+0000] {logging_mixin.py:154} INFO - [2025-06-02T22:00:05.930+0000] {manager.py:499} INFO - Created Permission View: %s
[2025-06-02T22:00:05.952+0000] {logging_mixin.py:154} INFO - [2025-06-02T22:00:05.952+0000] {manager.py:499} INFO - Created Permission View: %s
[2025-06-02T22:00:05.953+0000] {logging_mixin.py:154} INFO - [2025-06-02T22:00:05.952+0000] {dag.py:2941} INFO - Sync 1 DAGs
[2025-06-02T22:00:05.977+0000] {logging_mixin.py:154} INFO - [2025-06-02T22:00:05.976+0000] {dag.py:2963} INFO - Creating ORM DAG for example_python_operator
[2025-06-02T22:00:05.978+0000] {logging_mixin.py:154} INFO - [2025-06-02T22:00:05.977+0000] {dag.py:3722} INFO - Setting next_dagrun for example_python_operator to None, run_after=None
[2025-06-02T22:00:06.009+0000] {processor.py:179} INFO - Processing /home/airflow/.local/lib/python3.10/site-packages/airflow/example_dags/example_python_operator.py took 0.479 seconds
[2025-06-02T22:00:36.122+0000] {processor.py:157} INFO - Started process (PID=120) to work on /home/airflow/.local/lib/python3.10/site-packages/airflow/example_dags/example_python_operator.py
[2025-06-02T22:00:36.123+0000] {processor.py:829} INFO - Processing file /home/airflow/.local/lib/python3.10/site-packages/airflow/example_dags/example_python_operator.py for tasks to queue
[2025-06-02T22:00:36.125+0000] {logging_mixin.py:154} INFO - [2025-06-02T22:00:36.125+0000] {dagbag.py:536} INFO - Filling up the DagBag from /home/airflow/.local/lib/python3.10/site-packages/airflow/example_dags/example_python_operator.py
[2025-06-02T22:00:36.136+0000] {processor.py:839} INFO - DAG(s) dict_keys(['example_python_operator']) retrieved from /home/airflow/.local/lib/python3.10/site-packages/airflow/example_dags/example_python_operator.py
[2025-06-02T22:00:36.159+0000] {logging_mixin.py:154} INFO - [2025-06-02T22:00:36.159+0000] {dag.py:2941} INFO - Sync 1 DAGs
[2025-06-02T22:00:36.172+0000] {logging_mixin.py:154} INFO - [2025-06-02T22:00:36.172+0000] {dag.py:3722} INFO - Setting next_dagrun for example_python_operator to None, run_after=None
[2025-06-02T22:00:36.191+0000] {processor.py:179} INFO - Processing /home/airflow/.local/lib/python3.10/site-packages/airflow/example_dags/example_python_operator.py took 0.072 seconds
[2025-06-02T22:01:06.341+0000] {processor.py:157} INFO - Started process (PID=174) to work on /home/airflow/.local/lib/python3.10/site-packages/airflow/example_dags/example_python_operator.py
[2025-06-02T22:01:06.343+0000] {processor.py:829} INFO - Processing file /home/airflow/.local/lib/python3.10/site-packages/airflow/example_dags/example_python_operator.py for tasks to queue
[2025-06-02T22:01:06.346+0000] {logging_mixin.py:154} INFO - [2025-06-02T22:01:06.346+0000] {dagbag.py:536} INFO - Filling up the DagBag from /home/airflow/.local/lib/python3.10/site-packages/airflow/example_dags/example_python_operator.py
[2025-06-02T22:01:06.361+0000] {processor.py:839} INFO - DAG(s) dict_keys(['example_python_operator']) retrieved from /home/airflow/.local/lib/python3.10/site-packages/airflow/example_dags/example_python_operator.py
[2025-06-02T22:01:06.393+0000] {logging_mixin.py:154} INFO - [2025-06-02T22:01:06.393+0000] {dag.py:2941} INFO - Sync 1 DAGs
[2025-06-02T22:01:06.410+0000] {logging_mixin.py:154} INFO - [2025-06-02T22:01:06.410+0000] {dag.py:3722} INFO - Setting next_dagrun for example_python_operator to None, run_after=None
[2025-06-02T22:01:06.433+0000] {processor.py:179} INFO - Processing /home/airflow/.local/lib/python3.10/site-packages/airflow/example_dags/example_python_operator.py took 0.097 seconds
[2025-06-02T22:01:36.994+0000] {processor.py:157} INFO - Started process (PID=228) to work on /home/airflow/.local/lib/python3.10/site-packages/airflow/example_dags/example_python_operator.py
[2025-06-02T22:01:36.996+0000] {processor.py:829} INFO - Processing file /home/airflow/.local/lib/python3.10/site-packages/airflow/example_dags/example_python_operator.py for tasks to queue
[2025-06-02T22:01:36.999+0000] {logging_mixin.py:154} INFO - [2025-06-02T22:01:36.998+0000] {dagbag.py:536} INFO - Filling up the DagBag from /home/airflow/.local/lib/python3.10/site-packages/airflow/example_dags/example_python_operator.py
[2025-06-02T22:01:37.013+0000] {processor.py:839} INFO - DAG(s) dict_keys(['example_python_operator']) retrieved from /home/airflow/.local/lib/python3.10/site-packages/airflow/example_dags/example_python_operator.py
[2025-06-02T22:01:37.047+0000] {logging_mixin.py:154} INFO - [2025-06-02T22:01:37.047+0000] {dag.py:2941} INFO - Sync 1 DAGs
[2025-06-02T22:01:37.064+0000] {logging_mixin.py:154} INFO - [2025-06-02T22:01:37.064+0000] {dag.py:3722} INFO - Setting next_dagrun for example_python_operator to None, run_after=None
[2025-06-02T22:01:37.099+0000] {processor.py:179} INFO - Processing /home/airflow/.local/lib/python3.10/site-packages/airflow/example_dags/example_python_operator.py took 0.110 seconds
[2025-06-02T22:02:07.749+0000] {processor.py:157} INFO - Started process (PID=283) to work on /home/airflow/.local/lib/python3.10/site-packages/airflow/example_dags/example_python_operator.py
[2025-06-02T22:02:07.751+0000] {processor.py:829} INFO - Processing file /home/airflow/.local/lib/python3.10/site-packages/airflow/example_dags/example_python_operator.py for tasks to queue
[2025-06-02T22:02:07.753+0000] {logging_mixin.py:154} INFO - [2025-06-02T22:02:07.753+0000] {dagbag.py:536} INFO - Filling up the DagBag from /home/airflow/.local/lib/python3.10/site-packages/airflow/example_dags/example_python_operator.py
[2025-06-02T22:02:07.763+0000] {processor.py:839} INFO - DAG(s) dict_keys(['example_python_operator']) retrieved from /home/airflow/.local/lib/python3.10/site-packages/airflow/example_dags/example_python_operator.py
[2025-06-02T22:02:07.787+0000] {logging_mixin.py:154} INFO - [2025-06-02T22:02:07.787+0000] {dag.py:2941} INFO - Sync 1 DAGs
[2025-06-02T22:02:07.800+0000] {logging_mixin.py:154} INFO - [2025-06-02T22:02:07.800+0000] {dag.py:3722} INFO - Setting next_dagrun for example_python_operator to None, run_after=None
[2025-06-02T22:02:07.819+0000] {processor.py:179} INFO - Processing /home/airflow/.local/lib/python3.10/site-packages/airflow/example_dags/example_python_operator.py took 0.074 seconds
[2025-06-02T22:02:38.543+0000] {processor.py:157} INFO - Started process (PID=343) to work on /home/airflow/.local/lib/python3.10/site-packages/airflow/example_dags/example_python_operator.py
[2025-06-02T22:02:38.545+0000] {processor.py:829} INFO - Processing file /home/airflow/.local/lib/python3.10/site-packages/airflow/example_dags/example_python_operator.py for tasks to queue
[2025-06-02T22:02:38.547+0000] {logging_mixin.py:154} INFO - [2025-06-02T22:02:38.547+0000] {dagbag.py:536} INFO - Filling up the DagBag from /home/airflow/.local/lib/python3.10/site-packages/airflow/example_dags/example_python_operator.py
[2025-06-02T22:02:38.563+0000] {processor.py:839} INFO - DAG(s) dict_keys(['example_python_operator']) retrieved from /home/airflow/.local/lib/python3.10/site-packages/airflow/example_dags/example_python_operator.py
[2025-06-02T22:02:38.595+0000] {logging_mixin.py:154} INFO - [2025-06-02T22:02:38.595+0000] {dag.py:2941} INFO - Sync 1 DAGs
[2025-06-02T22:02:38.613+0000] {logging_mixin.py:154} INFO - [2025-06-02T22:02:38.612+0000] {dag.py:3722} INFO - Setting next_dagrun for example_python_operator to None, run_after=None
[2025-06-02T22:02:38.646+0000] {processor.py:179} INFO - Processing /home/airflow/.local/lib/python3.10/site-packages/airflow/example_dags/example_python_operator.py took 0.107 seconds
[2025-06-02T22:03:09.269+0000] {processor.py:157} INFO - Started process (PID=398) to work on /home/airflow/.local/lib/python3.10/site-packages/airflow/example_dags/example_python_operator.py
[2025-06-02T22:03:09.270+0000] {processor.py:829} INFO - Processing file /home/airflow/.local/lib/python3.10/site-packages/airflow/example_dags/example_python_operator.py for tasks to queue
[2025-06-02T22:03:09.272+0000] {logging_mixin.py:154} INFO - [2025-06-02T22:03:09.272+0000] {dagbag.py:536} INFO - Filling up the DagBag from /home/airflow/.local/lib/python3.10/site-packages/airflow/example_dags/example_python_operator.py
[2025-06-02T22:03:09.282+0000] {processor.py:839} INFO - DAG(s) dict_keys(['example_python_operator']) retrieved from /home/airflow/.local/lib/python3.10/site-packages/airflow/example_dags/example_python_operator.py
[2025-06-02T22:03:09.308+0000] {logging_mixin.py:154} INFO - [2025-06-02T22:03:09.307+0000] {dag.py:2941} INFO - Sync 1 DAGs
[2025-06-02T22:03:09.321+0000] {logging_mixin.py:154} INFO - [2025-06-02T22:03:09.321+0000] {dag.py:3722} INFO - Setting next_dagrun for example_python_operator to None, run_after=None
[2025-06-02T22:03:09.339+0000] {processor.py:179} INFO - Processing /home/airflow/.local/lib/python3.10/site-packages/airflow/example_dags/example_python_operator.py took 0.074 seconds
[2025-06-02T22:03:39.948+0000] {processor.py:157} INFO - Started process (PID=452) to work on /home/airflow/.local/lib/python3.10/site-packages/airflow/example_dags/example_python_operator.py
[2025-06-02T22:03:39.950+0000] {processor.py:829} INFO - Processing file /home/airflow/.local/lib/python3.10/site-packages/airflow/example_dags/example_python_operator.py for tasks to queue
[2025-06-02T22:03:39.952+0000] {logging_mixin.py:154} INFO - [2025-06-02T22:03:39.952+0000] {dagbag.py:536} INFO - Filling up the DagBag from /home/airflow/.local/lib/python3.10/site-packages/airflow/example_dags/example_python_operator.py
[2025-06-02T22:03:39.967+0000] {processor.py:839} INFO - DAG(s) dict_keys(['example_python_operator']) retrieved from /home/airflow/.local/lib/python3.10/site-packages/airflow/example_dags/example_python_operator.py
[2025-06-02T22:03:39.999+0000] {logging_mixin.py:154} INFO - [2025-06-02T22:03:39.999+0000] {dag.py:2941} INFO - Sync 1 DAGs
[2025-06-02T22:03:40.016+0000] {logging_mixin.py:154} INFO - [2025-06-02T22:03:40.016+0000] {dag.py:3722} INFO - Setting next_dagrun for example_python_operator to None, run_after=None
[2025-06-02T22:03:40.047+0000] {processor.py:179} INFO - Processing /home/airflow/.local/lib/python3.10/site-packages/airflow/example_dags/example_python_operator.py took 0.103 seconds
[2025-06-02T22:04:10.761+0000] {processor.py:157} INFO - Started process (PID=506) to work on /home/airflow/.local/lib/python3.10/site-packages/airflow/example_dags/example_python_operator.py
[2025-06-02T22:04:10.768+0000] {processor.py:829} INFO - Processing file /home/airflow/.local/lib/python3.10/site-packages/airflow/example_dags/example_python_operator.py for tasks to queue
[2025-06-02T22:04:10.771+0000] {logging_mixin.py:154} INFO - [2025-06-02T22:04:10.771+0000] {dagbag.py:536} INFO - Filling up the DagBag from /home/airflow/.local/lib/python3.10/site-packages/airflow/example_dags/example_python_operator.py
[2025-06-02T22:04:10.802+0000] {processor.py:839} INFO - DAG(s) dict_keys(['example_python_operator']) retrieved from /home/airflow/.local/lib/python3.10/site-packages/airflow/example_dags/example_python_operator.py
[2025-06-02T22:04:10.836+0000] {logging_mixin.py:154} INFO - [2025-06-02T22:04:10.836+0000] {dag.py:2941} INFO - Sync 1 DAGs
[2025-06-02T22:04:10.858+0000] {logging_mixin.py:154} INFO - [2025-06-02T22:04:10.858+0000] {dag.py:3722} INFO - Setting next_dagrun for example_python_operator to None, run_after=None
[2025-06-02T22:04:10.902+0000] {processor.py:179} INFO - Processing /home/airflow/.local/lib/python3.10/site-packages/airflow/example_dags/example_python_operator.py took 0.159 seconds
[2025-06-02T22:04:41.719+0000] {processor.py:157} INFO - Started process (PID=560) to work on /home/airflow/.local/lib/python3.10/site-packages/airflow/example_dags/example_python_operator.py
[2025-06-02T22:04:41.720+0000] {processor.py:829} INFO - Processing file /home/airflow/.local/lib/python3.10/site-packages/airflow/example_dags/example_python_operator.py for tasks to queue
[2025-06-02T22:04:41.722+0000] {logging_mixin.py:154} INFO - [2025-06-02T22:04:41.722+0000] {dagbag.py:536} INFO - Filling up the DagBag from /home/airflow/.local/lib/python3.10/site-packages/airflow/example_dags/example_python_operator.py
[2025-06-02T22:04:41.732+0000] {processor.py:839} INFO - DAG(s) dict_keys(['example_python_operator']) retrieved from /home/airflow/.local/lib/python3.10/site-packages/airflow/example_dags/example_python_operator.py
[2025-06-02T22:04:41.755+0000] {logging_mixin.py:154} INFO - [2025-06-02T22:04:41.755+0000] {dag.py:2941} INFO - Sync 1 DAGs
[2025-06-02T22:04:41.767+0000] {logging_mixin.py:154} INFO - [2025-06-02T22:04:41.767+0000] {dag.py:3722} INFO - Setting next_dagrun for example_python_operator to None, run_after=None
[2025-06-02T22:04:41.785+0000] {processor.py:179} INFO - Processing /home/airflow/.local/lib/python3.10/site-packages/airflow/example_dags/example_python_operator.py took 0.071 seconds
[2025-06-02T22:05:11.967+0000] {processor.py:157} INFO - Started process (PID=615) to work on /home/airflow/.local/lib/python3.10/site-packages/airflow/example_dags/example_python_operator.py
[2025-06-02T22:05:11.969+0000] {processor.py:829} INFO - Processing file /home/airflow/.local/lib/python3.10/site-packages/airflow/example_dags/example_python_operator.py for tasks to queue
[2025-06-02T22:05:11.971+0000] {logging_mixin.py:154} INFO - [2025-06-02T22:05:11.971+0000] {dagbag.py:536} INFO - Filling up the DagBag from /home/airflow/.local/lib/python3.10/site-packages/airflow/example_dags/example_python_operator.py
[2025-06-02T22:05:11.981+0000] {processor.py:839} INFO - DAG(s) dict_keys(['example_python_operator']) retrieved from /home/airflow/.local/lib/python3.10/site-packages/airflow/example_dags/example_python_operator.py
[2025-06-02T22:05:12.004+0000] {logging_mixin.py:154} INFO - [2025-06-02T22:05:12.003+0000] {dag.py:2941} INFO - Sync 1 DAGs
[2025-06-02T22:05:12.017+0000] {logging_mixin.py:154} INFO - [2025-06-02T22:05:12.016+0000] {dag.py:3722} INFO - Setting next_dagrun for example_python_operator to None, run_after=None
[2025-06-02T22:05:12.041+0000] {processor.py:179} INFO - Processing /home/airflow/.local/lib/python3.10/site-packages/airflow/example_dags/example_python_operator.py took 0.079 seconds
[2025-06-02T22:05:42.280+0000] {processor.py:157} INFO - Started process (PID=669) to work on /home/airflow/.local/lib/python3.10/site-packages/airflow/example_dags/example_python_operator.py
[2025-06-02T22:05:42.281+0000] {processor.py:829} INFO - Processing file /home/airflow/.local/lib/python3.10/site-packages/airflow/example_dags/example_python_operator.py for tasks to queue
[2025-06-02T22:05:42.284+0000] {logging_mixin.py:154} INFO - [2025-06-02T22:05:42.284+0000] {dagbag.py:536} INFO - Filling up the DagBag from /home/airflow/.local/lib/python3.10/site-packages/airflow/example_dags/example_python_operator.py
[2025-06-02T22:05:42.295+0000] {processor.py:839} INFO - DAG(s) dict_keys(['example_python_operator']) retrieved from /home/airflow/.local/lib/python3.10/site-packages/airflow/example_dags/example_python_operator.py
[2025-06-02T22:05:42.318+0000] {logging_mixin.py:154} INFO - [2025-06-02T22:05:42.318+0000] {dag.py:2941} INFO - Sync 1 DAGs
[2025-06-02T22:05:42.331+0000] {logging_mixin.py:154} INFO - [2025-06-02T22:05:42.331+0000] {dag.py:3722} INFO - Setting next_dagrun for example_python_operator to None, run_after=None
[2025-06-02T22:05:42.348+0000] {processor.py:179} INFO - Processing /home/airflow/.local/lib/python3.10/site-packages/airflow/example_dags/example_python_operator.py took 0.073 seconds
[2025-06-02T22:06:12.550+0000] {processor.py:157} INFO - Started process (PID=722) to work on /home/airflow/.local/lib/python3.10/site-packages/airflow/example_dags/example_python_operator.py
[2025-06-02T22:06:12.551+0000] {processor.py:829} INFO - Processing file /home/airflow/.local/lib/python3.10/site-packages/airflow/example_dags/example_python_operator.py for tasks to queue
[2025-06-02T22:06:12.553+0000] {logging_mixin.py:154} INFO - [2025-06-02T22:06:12.553+0000] {dagbag.py:536} INFO - Filling up the DagBag from /home/airflow/.local/lib/python3.10/site-packages/airflow/example_dags/example_python_operator.py
[2025-06-02T22:06:12.564+0000] {processor.py:839} INFO - DAG(s) dict_keys(['example_python_operator']) retrieved from /home/airflow/.local/lib/python3.10/site-packages/airflow/example_dags/example_python_operator.py
[2025-06-02T22:06:12.586+0000] {logging_mixin.py:154} INFO - [2025-06-02T22:06:12.586+0000] {dag.py:2941} INFO - Sync 1 DAGs
[2025-06-02T22:06:12.598+0000] {logging_mixin.py:154} INFO - [2025-06-02T22:06:12.598+0000] {dag.py:3722} INFO - Setting next_dagrun for example_python_operator to None, run_after=None
[2025-06-02T22:06:12.625+0000] {processor.py:179} INFO - Processing /home/airflow/.local/lib/python3.10/site-packages/airflow/example_dags/example_python_operator.py took 0.079 seconds
[2025-06-02T22:06:43.105+0000] {processor.py:157} INFO - Started process (PID=777) to work on /home/airflow/.local/lib/python3.10/site-packages/airflow/example_dags/example_python_operator.py
[2025-06-02T22:06:43.107+0000] {processor.py:829} INFO - Processing file /home/airflow/.local/lib/python3.10/site-packages/airflow/example_dags/example_python_operator.py for tasks to queue
[2025-06-02T22:06:43.110+0000] {logging_mixin.py:154} INFO - [2025-06-02T22:06:43.109+0000] {dagbag.py:536} INFO - Filling up the DagBag from /home/airflow/.local/lib/python3.10/site-packages/airflow/example_dags/example_python_operator.py
[2025-06-02T22:06:43.121+0000] {processor.py:839} INFO - DAG(s) dict_keys(['example_python_operator']) retrieved from /home/airflow/.local/lib/python3.10/site-packages/airflow/example_dags/example_python_operator.py
[2025-06-02T22:06:43.145+0000] {logging_mixin.py:154} INFO - [2025-06-02T22:06:43.145+0000] {dag.py:2941} INFO - Sync 1 DAGs
[2025-06-02T22:06:43.158+0000] {logging_mixin.py:154} INFO - [2025-06-02T22:06:43.158+0000] {dag.py:3722} INFO - Setting next_dagrun for example_python_operator to None, run_after=None
[2025-06-02T22:06:43.189+0000] {processor.py:179} INFO - Processing /home/airflow/.local/lib/python3.10/site-packages/airflow/example_dags/example_python_operator.py took 0.089 seconds
[2025-06-02T22:07:13.305+0000] {processor.py:157} INFO - Started process (PID=831) to work on /home/airflow/.local/lib/python3.10/site-packages/airflow/example_dags/example_python_operator.py
[2025-06-02T22:07:13.306+0000] {processor.py:829} INFO - Processing file /home/airflow/.local/lib/python3.10/site-packages/airflow/example_dags/example_python_operator.py for tasks to queue
[2025-06-02T22:07:13.308+0000] {logging_mixin.py:154} INFO - [2025-06-02T22:07:13.308+0000] {dagbag.py:536} INFO - Filling up the DagBag from /home/airflow/.local/lib/python3.10/site-packages/airflow/example_dags/example_python_operator.py
[2025-06-02T22:07:13.319+0000] {processor.py:839} INFO - DAG(s) dict_keys(['example_python_operator']) retrieved from /home/airflow/.local/lib/python3.10/site-packages/airflow/example_dags/example_python_operator.py
[2025-06-02T22:07:13.343+0000] {logging_mixin.py:154} INFO - [2025-06-02T22:07:13.342+0000] {dag.py:2941} INFO - Sync 1 DAGs
[2025-06-02T22:07:13.356+0000] {logging_mixin.py:154} INFO - [2025-06-02T22:07:13.356+0000] {dag.py:3722} INFO - Setting next_dagrun for example_python_operator to None, run_after=None
[2025-06-02T22:07:13.373+0000] {processor.py:179} INFO - Processing /home/airflow/.local/lib/python3.10/site-packages/airflow/example_dags/example_python_operator.py took 0.071 seconds
[2025-06-02T22:07:43.984+0000] {processor.py:157} INFO - Started process (PID=885) to work on /home/airflow/.local/lib/python3.10/site-packages/airflow/example_dags/example_python_operator.py
[2025-06-02T22:07:43.986+0000] {processor.py:829} INFO - Processing file /home/airflow/.local/lib/python3.10/site-packages/airflow/example_dags/example_python_operator.py for tasks to queue
[2025-06-02T22:07:43.989+0000] {logging_mixin.py:154} INFO - [2025-06-02T22:07:43.989+0000] {dagbag.py:536} INFO - Filling up the DagBag from /home/airflow/.local/lib/python3.10/site-packages/airflow/example_dags/example_python_operator.py
[2025-06-02T22:07:44.003+0000] {processor.py:839} INFO - DAG(s) dict_keys(['example_python_operator']) retrieved from /home/airflow/.local/lib/python3.10/site-packages/airflow/example_dags/example_python_operator.py
[2025-06-02T22:07:44.036+0000] {logging_mixin.py:154} INFO - [2025-06-02T22:07:44.036+0000] {dag.py:2941} INFO - Sync 1 DAGs
[2025-06-02T22:07:44.053+0000] {logging_mixin.py:154} INFO - [2025-06-02T22:07:44.053+0000] {dag.py:3722} INFO - Setting next_dagrun for example_python_operator to None, run_after=None
[2025-06-02T22:07:44.076+0000] {processor.py:179} INFO - Processing /home/airflow/.local/lib/python3.10/site-packages/airflow/example_dags/example_python_operator.py took 0.096 seconds
[2025-06-02T22:08:14.557+0000] {processor.py:157} INFO - Started process (PID=939) to work on /home/airflow/.local/lib/python3.10/site-packages/airflow/example_dags/example_python_operator.py
[2025-06-02T22:08:14.559+0000] {processor.py:829} INFO - Processing file /home/airflow/.local/lib/python3.10/site-packages/airflow/example_dags/example_python_operator.py for tasks to queue
[2025-06-02T22:08:14.562+0000] {logging_mixin.py:154} INFO - [2025-06-02T22:08:14.561+0000] {dagbag.py:536} INFO - Filling up the DagBag from /home/airflow/.local/lib/python3.10/site-packages/airflow/example_dags/example_python_operator.py
[2025-06-02T22:08:14.575+0000] {processor.py:839} INFO - DAG(s) dict_keys(['example_python_operator']) retrieved from /home/airflow/.local/lib/python3.10/site-packages/airflow/example_dags/example_python_operator.py
[2025-06-02T22:08:14.603+0000] {logging_mixin.py:154} INFO - [2025-06-02T22:08:14.603+0000] {dag.py:2941} INFO - Sync 1 DAGs
[2025-06-02T22:08:14.616+0000] {logging_mixin.py:154} INFO - [2025-06-02T22:08:14.616+0000] {dag.py:3722} INFO - Setting next_dagrun for example_python_operator to None, run_after=None
[2025-06-02T22:08:14.633+0000] {processor.py:179} INFO - Processing /home/airflow/.local/lib/python3.10/site-packages/airflow/example_dags/example_python_operator.py took 0.081 seconds
[2025-06-02T22:08:45.990+0000] {processor.py:157} INFO - Started process (PID=993) to work on /home/airflow/.local/lib/python3.10/site-packages/airflow/example_dags/example_python_operator.py
[2025-06-02T22:08:45.993+0000] {processor.py:829} INFO - Processing file /home/airflow/.local/lib/python3.10/site-packages/airflow/example_dags/example_python_operator.py for tasks to queue
[2025-06-02T22:08:45.996+0000] {logging_mixin.py:154} INFO - [2025-06-02T22:08:45.995+0000] {dagbag.py:536} INFO - Filling up the DagBag from /home/airflow/.local/lib/python3.10/site-packages/airflow/example_dags/example_python_operator.py
[2025-06-02T22:08:46.010+0000] {processor.py:839} INFO - DAG(s) dict_keys(['example_python_operator']) retrieved from /home/airflow/.local/lib/python3.10/site-packages/airflow/example_dags/example_python_operator.py
[2025-06-02T22:08:46.042+0000] {logging_mixin.py:154} INFO - [2025-06-02T22:08:46.041+0000] {dag.py:2941} INFO - Sync 1 DAGs
[2025-06-02T22:08:46.245+0000] {logging_mixin.py:154} INFO - [2025-06-02T22:08:46.245+0000] {dag.py:3722} INFO - Setting next_dagrun for example_python_operator to None, run_after=None
[2025-06-02T22:08:46.267+0000] {processor.py:179} INFO - Processing /home/airflow/.local/lib/python3.10/site-packages/airflow/example_dags/example_python_operator.py took 0.281 seconds
[2025-06-02T22:09:16.946+0000] {processor.py:157} INFO - Started process (PID=1047) to work on /home/airflow/.local/lib/python3.10/site-packages/airflow/example_dags/example_python_operator.py
[2025-06-02T22:09:16.947+0000] {processor.py:829} INFO - Processing file /home/airflow/.local/lib/python3.10/site-packages/airflow/example_dags/example_python_operator.py for tasks to queue
[2025-06-02T22:09:16.950+0000] {logging_mixin.py:154} INFO - [2025-06-02T22:09:16.950+0000] {dagbag.py:536} INFO - Filling up the DagBag from /home/airflow/.local/lib/python3.10/site-packages/airflow/example_dags/example_python_operator.py
[2025-06-02T22:09:16.968+0000] {processor.py:839} INFO - DAG(s) dict_keys(['example_python_operator']) retrieved from /home/airflow/.local/lib/python3.10/site-packages/airflow/example_dags/example_python_operator.py
[2025-06-02T22:09:17.003+0000] {logging_mixin.py:154} INFO - [2025-06-02T22:09:17.002+0000] {dag.py:2941} INFO - Sync 1 DAGs
[2025-06-02T22:09:17.021+0000] {logging_mixin.py:154} INFO - [2025-06-02T22:09:17.021+0000] {dag.py:3722} INFO - Setting next_dagrun for example_python_operator to None, run_after=None
[2025-06-02T22:09:17.047+0000] {processor.py:179} INFO - Processing /home/airflow/.local/lib/python3.10/site-packages/airflow/example_dags/example_python_operator.py took 0.106 seconds
[2025-06-02T22:09:48.018+0000] {processor.py:157} INFO - Started process (PID=1100) to work on /home/airflow/.local/lib/python3.10/site-packages/airflow/example_dags/example_python_operator.py
[2025-06-02T22:09:48.019+0000] {processor.py:829} INFO - Processing file /home/airflow/.local/lib/python3.10/site-packages/airflow/example_dags/example_python_operator.py for tasks to queue
[2025-06-02T22:09:48.034+0000] {logging_mixin.py:154} INFO - [2025-06-02T22:09:48.034+0000] {dagbag.py:536} INFO - Filling up the DagBag from /home/airflow/.local/lib/python3.10/site-packages/airflow/example_dags/example_python_operator.py
[2025-06-02T22:09:48.081+0000] {processor.py:839} INFO - DAG(s) dict_keys(['example_python_operator']) retrieved from /home/airflow/.local/lib/python3.10/site-packages/airflow/example_dags/example_python_operator.py
[2025-06-02T22:09:48.137+0000] {logging_mixin.py:154} INFO - [2025-06-02T22:09:48.136+0000] {dag.py:2941} INFO - Sync 1 DAGs
[2025-06-02T22:09:48.151+0000] {logging_mixin.py:154} INFO - [2025-06-02T22:09:48.151+0000] {dag.py:3722} INFO - Setting next_dagrun for example_python_operator to None, run_after=None
[2025-06-02T22:09:48.176+0000] {processor.py:179} INFO - Processing /home/airflow/.local/lib/python3.10/site-packages/airflow/example_dags/example_python_operator.py took 0.172 seconds
[2025-06-02T22:10:20.087+0000] {processor.py:157} INFO - Started process (PID=1154) to work on /home/airflow/.local/lib/python3.10/site-packages/airflow/example_dags/example_python_operator.py
[2025-06-02T22:10:20.091+0000] {processor.py:829} INFO - Processing file /home/airflow/.local/lib/python3.10/site-packages/airflow/example_dags/example_python_operator.py for tasks to queue
[2025-06-02T22:10:20.094+0000] {logging_mixin.py:154} INFO - [2025-06-02T22:10:20.094+0000] {dagbag.py:536} INFO - Filling up the DagBag from /home/airflow/.local/lib/python3.10/site-packages/airflow/example_dags/example_python_operator.py
[2025-06-02T22:10:20.129+0000] {processor.py:839} INFO - DAG(s) dict_keys(['example_python_operator']) retrieved from /home/airflow/.local/lib/python3.10/site-packages/airflow/example_dags/example_python_operator.py
[2025-06-02T22:10:20.758+0000] {logging_mixin.py:154} INFO - [2025-06-02T22:10:20.758+0000] {dag.py:2941} INFO - Sync 1 DAGs
[2025-06-02T22:10:20.807+0000] {logging_mixin.py:154} INFO - [2025-06-02T22:10:20.807+0000] {dag.py:3722} INFO - Setting next_dagrun for example_python_operator to None, run_after=None
[2025-06-02T22:10:20.958+0000] {processor.py:179} INFO - Processing /home/airflow/.local/lib/python3.10/site-packages/airflow/example_dags/example_python_operator.py took 0.878 seconds
[2025-06-02T22:10:51.796+0000] {processor.py:157} INFO - Started process (PID=1208) to work on /home/airflow/.local/lib/python3.10/site-packages/airflow/example_dags/example_python_operator.py
[2025-06-02T22:10:51.806+0000] {processor.py:829} INFO - Processing file /home/airflow/.local/lib/python3.10/site-packages/airflow/example_dags/example_python_operator.py for tasks to queue
[2025-06-02T22:10:51.809+0000] {logging_mixin.py:154} INFO - [2025-06-02T22:10:51.808+0000] {dagbag.py:536} INFO - Filling up the DagBag from /home/airflow/.local/lib/python3.10/site-packages/airflow/example_dags/example_python_operator.py
[2025-06-02T22:10:51.840+0000] {processor.py:839} INFO - DAG(s) dict_keys(['example_python_operator']) retrieved from /home/airflow/.local/lib/python3.10/site-packages/airflow/example_dags/example_python_operator.py
[2025-06-02T22:10:51.912+0000] {logging_mixin.py:154} INFO - [2025-06-02T22:10:51.912+0000] {dag.py:2941} INFO - Sync 1 DAGs
[2025-06-02T22:10:51.965+0000] {logging_mixin.py:154} INFO - [2025-06-02T22:10:51.965+0000] {dag.py:3722} INFO - Setting next_dagrun for example_python_operator to None, run_after=None
[2025-06-02T22:10:52.378+0000] {processor.py:179} INFO - Processing /home/airflow/.local/lib/python3.10/site-packages/airflow/example_dags/example_python_operator.py took 0.591 seconds
[2025-06-02T23:03:33.828+0000] {processor.py:157} INFO - Started process (PID=75) to work on /home/airflow/.local/lib/python3.10/site-packages/airflow/example_dags/example_python_operator.py
[2025-06-02T23:03:33.837+0000] {processor.py:829} INFO - Processing file /home/airflow/.local/lib/python3.10/site-packages/airflow/example_dags/example_python_operator.py for tasks to queue
[2025-06-02T23:03:33.880+0000] {logging_mixin.py:154} INFO - [2025-06-02T23:03:33.879+0000] {dagbag.py:536} INFO - Filling up the DagBag from /home/airflow/.local/lib/python3.10/site-packages/airflow/example_dags/example_python_operator.py
[2025-06-02T23:03:33.949+0000] {processor.py:839} INFO - DAG(s) dict_keys(['example_python_operator']) retrieved from /home/airflow/.local/lib/python3.10/site-packages/airflow/example_dags/example_python_operator.py
[2025-06-02T23:03:34.379+0000] {logging_mixin.py:154} INFO - [2025-06-02T23:03:34.378+0000] {dag.py:2941} INFO - Sync 1 DAGs
[2025-06-02T23:03:34.412+0000] {logging_mixin.py:154} INFO - [2025-06-02T23:03:34.412+0000] {dag.py:3722} INFO - Setting next_dagrun for example_python_operator to None, run_after=None
[2025-06-02T23:03:34.510+0000] {processor.py:179} INFO - Processing /home/airflow/.local/lib/python3.10/site-packages/airflow/example_dags/example_python_operator.py took 0.706 seconds
[2025-06-02T23:03:59.641+0000] {processor.py:157} INFO - Started process (PID=60) to work on /home/airflow/.local/lib/python3.10/site-packages/airflow/example_dags/example_python_operator.py
[2025-06-02T23:03:59.643+0000] {processor.py:829} INFO - Processing file /home/airflow/.local/lib/python3.10/site-packages/airflow/example_dags/example_python_operator.py for tasks to queue
[2025-06-02T23:03:59.650+0000] {logging_mixin.py:154} INFO - [2025-06-02T23:03:59.650+0000] {dagbag.py:536} INFO - Filling up the DagBag from /home/airflow/.local/lib/python3.10/site-packages/airflow/example_dags/example_python_operator.py
[2025-06-02T23:03:59.667+0000] {processor.py:839} INFO - DAG(s) dict_keys(['example_python_operator']) retrieved from /home/airflow/.local/lib/python3.10/site-packages/airflow/example_dags/example_python_operator.py
[2025-06-02T23:03:59.682+0000] {logging_mixin.py:154} INFO - [2025-06-02T23:03:59.682+0000] {dag.py:2941} INFO - Sync 1 DAGs
[2025-06-02T23:03:59.700+0000] {logging_mixin.py:154} INFO - [2025-06-02T23:03:59.699+0000] {dag.py:3722} INFO - Setting next_dagrun for example_python_operator to None, run_after=None
[2025-06-02T23:03:59.740+0000] {processor.py:179} INFO - Processing /home/airflow/.local/lib/python3.10/site-packages/airflow/example_dags/example_python_operator.py took 0.104 seconds
[2025-06-02T23:04:30.463+0000] {processor.py:157} INFO - Started process (PID=116) to work on /home/airflow/.local/lib/python3.10/site-packages/airflow/example_dags/example_python_operator.py
[2025-06-02T23:04:30.465+0000] {processor.py:829} INFO - Processing file /home/airflow/.local/lib/python3.10/site-packages/airflow/example_dags/example_python_operator.py for tasks to queue
[2025-06-02T23:04:30.469+0000] {logging_mixin.py:154} INFO - [2025-06-02T23:04:30.468+0000] {dagbag.py:536} INFO - Filling up the DagBag from /home/airflow/.local/lib/python3.10/site-packages/airflow/example_dags/example_python_operator.py
[2025-06-02T23:04:30.483+0000] {processor.py:839} INFO - DAG(s) dict_keys(['example_python_operator']) retrieved from /home/airflow/.local/lib/python3.10/site-packages/airflow/example_dags/example_python_operator.py
[2025-06-02T23:04:30.715+0000] {logging_mixin.py:154} INFO - [2025-06-02T23:04:30.715+0000] {dag.py:2941} INFO - Sync 1 DAGs
[2025-06-02T23:04:30.729+0000] {logging_mixin.py:154} INFO - [2025-06-02T23:04:30.729+0000] {dag.py:3722} INFO - Setting next_dagrun for example_python_operator to None, run_after=None
[2025-06-02T23:04:30.756+0000] {processor.py:179} INFO - Processing /home/airflow/.local/lib/python3.10/site-packages/airflow/example_dags/example_python_operator.py took 0.298 seconds
[2025-06-02T23:05:00.834+0000] {processor.py:157} INFO - Started process (PID=173) to work on /home/airflow/.local/lib/python3.10/site-packages/airflow/example_dags/example_python_operator.py
[2025-06-02T23:05:00.835+0000] {processor.py:829} INFO - Processing file /home/airflow/.local/lib/python3.10/site-packages/airflow/example_dags/example_python_operator.py for tasks to queue
[2025-06-02T23:05:00.837+0000] {logging_mixin.py:154} INFO - [2025-06-02T23:05:00.837+0000] {dagbag.py:536} INFO - Filling up the DagBag from /home/airflow/.local/lib/python3.10/site-packages/airflow/example_dags/example_python_operator.py
[2025-06-02T23:05:00.848+0000] {processor.py:839} INFO - DAG(s) dict_keys(['example_python_operator']) retrieved from /home/airflow/.local/lib/python3.10/site-packages/airflow/example_dags/example_python_operator.py
[2025-06-02T23:05:00.871+0000] {logging_mixin.py:154} INFO - [2025-06-02T23:05:00.871+0000] {dag.py:2941} INFO - Sync 1 DAGs
[2025-06-02T23:05:00.883+0000] {logging_mixin.py:154} INFO - [2025-06-02T23:05:00.883+0000] {dag.py:3722} INFO - Setting next_dagrun for example_python_operator to None, run_after=None
[2025-06-02T23:05:00.927+0000] {processor.py:179} INFO - Processing /home/airflow/.local/lib/python3.10/site-packages/airflow/example_dags/example_python_operator.py took 0.097 seconds
[2025-06-02T23:05:32.814+0000] {processor.py:157} INFO - Started process (PID=229) to work on /home/airflow/.local/lib/python3.10/site-packages/airflow/example_dags/example_python_operator.py
[2025-06-02T23:05:32.816+0000] {processor.py:829} INFO - Processing file /home/airflow/.local/lib/python3.10/site-packages/airflow/example_dags/example_python_operator.py for tasks to queue
[2025-06-02T23:05:32.819+0000] {logging_mixin.py:154} INFO - [2025-06-02T23:05:32.819+0000] {dagbag.py:536} INFO - Filling up the DagBag from /home/airflow/.local/lib/python3.10/site-packages/airflow/example_dags/example_python_operator.py
[2025-06-02T23:05:32.835+0000] {processor.py:839} INFO - DAG(s) dict_keys(['example_python_operator']) retrieved from /home/airflow/.local/lib/python3.10/site-packages/airflow/example_dags/example_python_operator.py
[2025-06-02T23:05:32.867+0000] {logging_mixin.py:154} INFO - [2025-06-02T23:05:32.867+0000] {dag.py:2941} INFO - Sync 1 DAGs
[2025-06-02T23:05:32.883+0000] {logging_mixin.py:154} INFO - [2025-06-02T23:05:32.883+0000] {dag.py:3722} INFO - Setting next_dagrun for example_python_operator to None, run_after=None
[2025-06-02T23:05:32.909+0000] {processor.py:179} INFO - Processing /home/airflow/.local/lib/python3.10/site-packages/airflow/example_dags/example_python_operator.py took 0.100 seconds
[2025-06-02T23:06:07.014+0000] {processor.py:157} INFO - Started process (PID=284) to work on /home/airflow/.local/lib/python3.10/site-packages/airflow/example_dags/example_python_operator.py
[2025-06-02T23:06:07.015+0000] {processor.py:829} INFO - Processing file /home/airflow/.local/lib/python3.10/site-packages/airflow/example_dags/example_python_operator.py for tasks to queue
[2025-06-02T23:06:07.018+0000] {logging_mixin.py:154} INFO - [2025-06-02T23:06:07.018+0000] {dagbag.py:536} INFO - Filling up the DagBag from /home/airflow/.local/lib/python3.10/site-packages/airflow/example_dags/example_python_operator.py
[2025-06-02T23:06:07.033+0000] {processor.py:839} INFO - DAG(s) dict_keys(['example_python_operator']) retrieved from /home/airflow/.local/lib/python3.10/site-packages/airflow/example_dags/example_python_operator.py
[2025-06-02T23:06:07.064+0000] {logging_mixin.py:154} INFO - [2025-06-02T23:06:07.064+0000] {dag.py:2941} INFO - Sync 1 DAGs
[2025-06-02T23:06:07.080+0000] {logging_mixin.py:154} INFO - [2025-06-02T23:06:07.080+0000] {dag.py:3722} INFO - Setting next_dagrun for example_python_operator to None, run_after=None
[2025-06-02T23:06:07.109+0000] {processor.py:179} INFO - Processing /home/airflow/.local/lib/python3.10/site-packages/airflow/example_dags/example_python_operator.py took 0.101 seconds
[2025-06-02T23:06:40.046+0000] {processor.py:157} INFO - Started process (PID=347) to work on /home/airflow/.local/lib/python3.10/site-packages/airflow/example_dags/example_python_operator.py
[2025-06-02T23:06:40.050+0000] {processor.py:829} INFO - Processing file /home/airflow/.local/lib/python3.10/site-packages/airflow/example_dags/example_python_operator.py for tasks to queue
[2025-06-02T23:06:40.055+0000] {logging_mixin.py:154} INFO - [2025-06-02T23:06:40.054+0000] {dagbag.py:536} INFO - Filling up the DagBag from /home/airflow/.local/lib/python3.10/site-packages/airflow/example_dags/example_python_operator.py
[2025-06-02T23:06:40.097+0000] {processor.py:839} INFO - DAG(s) dict_keys(['example_python_operator']) retrieved from /home/airflow/.local/lib/python3.10/site-packages/airflow/example_dags/example_python_operator.py
[2025-06-02T23:06:40.141+0000] {logging_mixin.py:154} INFO - [2025-06-02T23:06:40.140+0000] {dag.py:2941} INFO - Sync 1 DAGs
[2025-06-02T23:06:40.157+0000] {logging_mixin.py:154} INFO - [2025-06-02T23:06:40.157+0000] {dag.py:3722} INFO - Setting next_dagrun for example_python_operator to None, run_after=None
[2025-06-02T23:06:40.200+0000] {processor.py:179} INFO - Processing /home/airflow/.local/lib/python3.10/site-packages/airflow/example_dags/example_python_operator.py took 0.159 seconds
[2025-06-02T23:07:10.694+0000] {processor.py:157} INFO - Started process (PID=403) to work on /home/airflow/.local/lib/python3.10/site-packages/airflow/example_dags/example_python_operator.py
[2025-06-02T23:07:10.706+0000] {processor.py:829} INFO - Processing file /home/airflow/.local/lib/python3.10/site-packages/airflow/example_dags/example_python_operator.py for tasks to queue
[2025-06-02T23:07:10.709+0000] {logging_mixin.py:154} INFO - [2025-06-02T23:07:10.709+0000] {dagbag.py:536} INFO - Filling up the DagBag from /home/airflow/.local/lib/python3.10/site-packages/airflow/example_dags/example_python_operator.py
[2025-06-02T23:07:10.742+0000] {processor.py:839} INFO - DAG(s) dict_keys(['example_python_operator']) retrieved from /home/airflow/.local/lib/python3.10/site-packages/airflow/example_dags/example_python_operator.py
[2025-06-02T23:07:10.805+0000] {logging_mixin.py:154} INFO - [2025-06-02T23:07:10.805+0000] {dag.py:2941} INFO - Sync 1 DAGs
[2025-06-02T23:07:10.832+0000] {logging_mixin.py:154} INFO - [2025-06-02T23:07:10.832+0000] {dag.py:3722} INFO - Setting next_dagrun for example_python_operator to None, run_after=None
[2025-06-02T23:07:10.876+0000] {processor.py:179} INFO - Processing /home/airflow/.local/lib/python3.10/site-packages/airflow/example_dags/example_python_operator.py took 0.208 seconds
