[2025-06-02T21:59:50.220+0000] {processor.py:157} INFO - Started process (PID=32) to work on /home/airflow/.local/lib/python3.10/site-packages/airflow/example_dags/example_dynamic_task_mapping_with_no_taskflow_operators.py
[2025-06-02T21:59:50.234+0000] {processor.py:829} INFO - Processing file /home/airflow/.local/lib/python3.10/site-packages/airflow/example_dags/example_dynamic_task_mapping_with_no_taskflow_operators.py for tasks to queue
[2025-06-02T21:59:50.249+0000] {logging_mixin.py:154} INFO - [2025-06-02T21:59:50.249+0000] {dagbag.py:536} INFO - Filling up the DagBag from /home/airflow/.local/lib/python3.10/site-packages/airflow/example_dags/example_dynamic_task_mapping_with_no_taskflow_operators.py
[2025-06-02T21:59:50.369+0000] {processor.py:839} INFO - DAG(s) dict_keys(['example_dynamic_task_mapping_with_no_taskflow_operators']) retrieved from /home/airflow/.local/lib/python3.10/site-packages/airflow/example_dags/example_dynamic_task_mapping_with_no_taskflow_operators.py
[2025-06-02T21:59:51.396+0000] {logging_mixin.py:154} INFO - [2025-06-02T21:59:51.395+0000] {manager.py:499} INFO - Created Permission View: %s
[2025-06-02T21:59:51.429+0000] {logging_mixin.py:154} INFO - [2025-06-02T21:59:51.429+0000] {manager.py:499} INFO - Created Permission View: %s
[2025-06-02T21:59:51.448+0000] {logging_mixin.py:154} INFO - [2025-06-02T21:59:51.448+0000] {manager.py:499} INFO - Created Permission View: %s
[2025-06-02T21:59:51.449+0000] {logging_mixin.py:154} INFO - [2025-06-02T21:59:51.448+0000] {dag.py:2941} INFO - Sync 1 DAGs
[2025-06-02T21:59:51.497+0000] {logging_mixin.py:154} INFO - [2025-06-02T21:59:51.496+0000] {dag.py:2963} INFO - Creating ORM DAG for example_dynamic_task_mapping_with_no_taskflow_operators
[2025-06-02T21:59:51.543+0000] {logging_mixin.py:154} INFO - [2025-06-02T21:59:51.542+0000] {dag.py:3722} INFO - Setting next_dagrun for example_dynamic_task_mapping_with_no_taskflow_operators to 2025-06-01T21:59:51.542179+00:00, run_after=2025-06-02T21:59:51.542179+00:00
[2025-06-02T21:59:51.586+0000] {processor.py:179} INFO - Processing /home/airflow/.local/lib/python3.10/site-packages/airflow/example_dags/example_dynamic_task_mapping_with_no_taskflow_operators.py took 1.391 seconds
[2025-06-02T22:00:21.884+0000] {processor.py:157} INFO - Started process (PID=86) to work on /home/airflow/.local/lib/python3.10/site-packages/airflow/example_dags/example_dynamic_task_mapping_with_no_taskflow_operators.py
[2025-06-02T22:00:21.886+0000] {processor.py:829} INFO - Processing file /home/airflow/.local/lib/python3.10/site-packages/airflow/example_dags/example_dynamic_task_mapping_with_no_taskflow_operators.py for tasks to queue
[2025-06-02T22:00:21.889+0000] {logging_mixin.py:154} INFO - [2025-06-02T22:00:21.889+0000] {dagbag.py:536} INFO - Filling up the DagBag from /home/airflow/.local/lib/python3.10/site-packages/airflow/example_dags/example_dynamic_task_mapping_with_no_taskflow_operators.py
[2025-06-02T22:00:21.900+0000] {processor.py:839} INFO - DAG(s) dict_keys(['example_dynamic_task_mapping_with_no_taskflow_operators']) retrieved from /home/airflow/.local/lib/python3.10/site-packages/airflow/example_dags/example_dynamic_task_mapping_with_no_taskflow_operators.py
[2025-06-02T22:00:21.927+0000] {logging_mixin.py:154} INFO - [2025-06-02T22:00:21.927+0000] {dag.py:2941} INFO - Sync 1 DAGs
[2025-06-02T22:00:21.958+0000] {logging_mixin.py:154} INFO - [2025-06-02T22:00:21.958+0000] {dag.py:3722} INFO - Setting next_dagrun for example_dynamic_task_mapping_with_no_taskflow_operators to 2025-06-01T22:00:21.958109+00:00, run_after=2025-06-02T22:00:21.958109+00:00
[2025-06-02T22:00:21.980+0000] {processor.py:179} INFO - Processing /home/airflow/.local/lib/python3.10/site-packages/airflow/example_dags/example_dynamic_task_mapping_with_no_taskflow_operators.py took 0.101 seconds
[2025-06-02T22:00:52.328+0000] {processor.py:157} INFO - Started process (PID=140) to work on /home/airflow/.local/lib/python3.10/site-packages/airflow/example_dags/example_dynamic_task_mapping_with_no_taskflow_operators.py
[2025-06-02T22:00:52.329+0000] {processor.py:829} INFO - Processing file /home/airflow/.local/lib/python3.10/site-packages/airflow/example_dags/example_dynamic_task_mapping_with_no_taskflow_operators.py for tasks to queue
[2025-06-02T22:00:52.337+0000] {logging_mixin.py:154} INFO - [2025-06-02T22:00:52.336+0000] {dagbag.py:536} INFO - Filling up the DagBag from /home/airflow/.local/lib/python3.10/site-packages/airflow/example_dags/example_dynamic_task_mapping_with_no_taskflow_operators.py
[2025-06-02T22:00:52.347+0000] {processor.py:839} INFO - DAG(s) dict_keys(['example_dynamic_task_mapping_with_no_taskflow_operators']) retrieved from /home/airflow/.local/lib/python3.10/site-packages/airflow/example_dags/example_dynamic_task_mapping_with_no_taskflow_operators.py
[2025-06-02T22:00:52.374+0000] {logging_mixin.py:154} INFO - [2025-06-02T22:00:52.373+0000] {dag.py:2941} INFO - Sync 1 DAGs
[2025-06-02T22:00:52.406+0000] {logging_mixin.py:154} INFO - [2025-06-02T22:00:52.406+0000] {dag.py:3722} INFO - Setting next_dagrun for example_dynamic_task_mapping_with_no_taskflow_operators to 2025-06-01T22:00:52.405687+00:00, run_after=2025-06-02T22:00:52.405687+00:00
[2025-06-02T22:00:52.430+0000] {processor.py:179} INFO - Processing /home/airflow/.local/lib/python3.10/site-packages/airflow/example_dags/example_dynamic_task_mapping_with_no_taskflow_operators.py took 0.112 seconds
[2025-06-02T22:01:22.615+0000] {processor.py:157} INFO - Started process (PID=194) to work on /home/airflow/.local/lib/python3.10/site-packages/airflow/example_dags/example_dynamic_task_mapping_with_no_taskflow_operators.py
[2025-06-02T22:01:22.626+0000] {processor.py:829} INFO - Processing file /home/airflow/.local/lib/python3.10/site-packages/airflow/example_dags/example_dynamic_task_mapping_with_no_taskflow_operators.py for tasks to queue
[2025-06-02T22:01:22.629+0000] {logging_mixin.py:154} INFO - [2025-06-02T22:01:22.628+0000] {dagbag.py:536} INFO - Filling up the DagBag from /home/airflow/.local/lib/python3.10/site-packages/airflow/example_dags/example_dynamic_task_mapping_with_no_taskflow_operators.py
[2025-06-02T22:01:22.645+0000] {processor.py:839} INFO - DAG(s) dict_keys(['example_dynamic_task_mapping_with_no_taskflow_operators']) retrieved from /home/airflow/.local/lib/python3.10/site-packages/airflow/example_dags/example_dynamic_task_mapping_with_no_taskflow_operators.py
[2025-06-02T22:01:22.718+0000] {logging_mixin.py:154} INFO - [2025-06-02T22:01:22.718+0000] {dag.py:2941} INFO - Sync 1 DAGs
[2025-06-02T22:01:22.826+0000] {logging_mixin.py:154} INFO - [2025-06-02T22:01:22.826+0000] {dag.py:3722} INFO - Setting next_dagrun for example_dynamic_task_mapping_with_no_taskflow_operators to 2025-06-01T22:01:22.825729+00:00, run_after=2025-06-02T22:01:22.825729+00:00
[2025-06-02T22:01:22.863+0000] {processor.py:179} INFO - Processing /home/airflow/.local/lib/python3.10/site-packages/airflow/example_dags/example_dynamic_task_mapping_with_no_taskflow_operators.py took 0.253 seconds
[2025-06-02T22:01:53.265+0000] {processor.py:157} INFO - Started process (PID=249) to work on /home/airflow/.local/lib/python3.10/site-packages/airflow/example_dags/example_dynamic_task_mapping_with_no_taskflow_operators.py
[2025-06-02T22:01:53.268+0000] {processor.py:829} INFO - Processing file /home/airflow/.local/lib/python3.10/site-packages/airflow/example_dags/example_dynamic_task_mapping_with_no_taskflow_operators.py for tasks to queue
[2025-06-02T22:01:53.274+0000] {logging_mixin.py:154} INFO - [2025-06-02T22:01:53.274+0000] {dagbag.py:536} INFO - Filling up the DagBag from /home/airflow/.local/lib/python3.10/site-packages/airflow/example_dags/example_dynamic_task_mapping_with_no_taskflow_operators.py
[2025-06-02T22:01:53.291+0000] {processor.py:839} INFO - DAG(s) dict_keys(['example_dynamic_task_mapping_with_no_taskflow_operators']) retrieved from /home/airflow/.local/lib/python3.10/site-packages/airflow/example_dags/example_dynamic_task_mapping_with_no_taskflow_operators.py
[2025-06-02T22:01:53.331+0000] {logging_mixin.py:154} INFO - [2025-06-02T22:01:53.331+0000] {dag.py:2941} INFO - Sync 1 DAGs
[2025-06-02T22:01:53.365+0000] {logging_mixin.py:154} INFO - [2025-06-02T22:01:53.364+0000] {dag.py:3722} INFO - Setting next_dagrun for example_dynamic_task_mapping_with_no_taskflow_operators to 2025-06-01T22:01:53.364610+00:00, run_after=2025-06-02T22:01:53.364610+00:00
[2025-06-02T22:01:53.402+0000] {processor.py:179} INFO - Processing /home/airflow/.local/lib/python3.10/site-packages/airflow/example_dags/example_dynamic_task_mapping_with_no_taskflow_operators.py took 0.148 seconds
[2025-06-02T22:02:23.776+0000] {processor.py:157} INFO - Started process (PID=302) to work on /home/airflow/.local/lib/python3.10/site-packages/airflow/example_dags/example_dynamic_task_mapping_with_no_taskflow_operators.py
[2025-06-02T22:02:23.778+0000] {processor.py:829} INFO - Processing file /home/airflow/.local/lib/python3.10/site-packages/airflow/example_dags/example_dynamic_task_mapping_with_no_taskflow_operators.py for tasks to queue
[2025-06-02T22:02:23.781+0000] {logging_mixin.py:154} INFO - [2025-06-02T22:02:23.780+0000] {dagbag.py:536} INFO - Filling up the DagBag from /home/airflow/.local/lib/python3.10/site-packages/airflow/example_dags/example_dynamic_task_mapping_with_no_taskflow_operators.py
[2025-06-02T22:02:23.790+0000] {processor.py:839} INFO - DAG(s) dict_keys(['example_dynamic_task_mapping_with_no_taskflow_operators']) retrieved from /home/airflow/.local/lib/python3.10/site-packages/airflow/example_dags/example_dynamic_task_mapping_with_no_taskflow_operators.py
[2025-06-02T22:02:23.815+0000] {logging_mixin.py:154} INFO - [2025-06-02T22:02:23.815+0000] {dag.py:2941} INFO - Sync 1 DAGs
[2025-06-02T22:02:23.846+0000] {logging_mixin.py:154} INFO - [2025-06-02T22:02:23.846+0000] {dag.py:3722} INFO - Setting next_dagrun for example_dynamic_task_mapping_with_no_taskflow_operators to 2025-06-01T22:02:23.845841+00:00, run_after=2025-06-02T22:02:23.845841+00:00
[2025-06-02T22:02:23.868+0000] {processor.py:179} INFO - Processing /home/airflow/.local/lib/python3.10/site-packages/airflow/example_dags/example_dynamic_task_mapping_with_no_taskflow_operators.py took 0.097 seconds
[2025-06-02T22:02:54.250+0000] {processor.py:157} INFO - Started process (PID=356) to work on /home/airflow/.local/lib/python3.10/site-packages/airflow/example_dags/example_dynamic_task_mapping_with_no_taskflow_operators.py
[2025-06-02T22:02:54.251+0000] {processor.py:829} INFO - Processing file /home/airflow/.local/lib/python3.10/site-packages/airflow/example_dags/example_dynamic_task_mapping_with_no_taskflow_operators.py for tasks to queue
[2025-06-02T22:02:54.254+0000] {logging_mixin.py:154} INFO - [2025-06-02T22:02:54.254+0000] {dagbag.py:536} INFO - Filling up the DagBag from /home/airflow/.local/lib/python3.10/site-packages/airflow/example_dags/example_dynamic_task_mapping_with_no_taskflow_operators.py
[2025-06-02T22:02:54.263+0000] {processor.py:839} INFO - DAG(s) dict_keys(['example_dynamic_task_mapping_with_no_taskflow_operators']) retrieved from /home/airflow/.local/lib/python3.10/site-packages/airflow/example_dags/example_dynamic_task_mapping_with_no_taskflow_operators.py
[2025-06-02T22:02:54.297+0000] {logging_mixin.py:154} INFO - [2025-06-02T22:02:54.297+0000] {dag.py:2941} INFO - Sync 1 DAGs
[2025-06-02T22:02:54.327+0000] {logging_mixin.py:154} INFO - [2025-06-02T22:02:54.327+0000] {dag.py:3722} INFO - Setting next_dagrun for example_dynamic_task_mapping_with_no_taskflow_operators to 2025-06-01T22:02:54.326821+00:00, run_after=2025-06-02T22:02:54.326821+00:00
[2025-06-02T22:02:54.356+0000] {processor.py:179} INFO - Processing /home/airflow/.local/lib/python3.10/site-packages/airflow/example_dags/example_dynamic_task_mapping_with_no_taskflow_operators.py took 0.111 seconds
[2025-06-02T22:03:24.854+0000] {processor.py:157} INFO - Started process (PID=411) to work on /home/airflow/.local/lib/python3.10/site-packages/airflow/example_dags/example_dynamic_task_mapping_with_no_taskflow_operators.py
[2025-06-02T22:03:24.855+0000] {processor.py:829} INFO - Processing file /home/airflow/.local/lib/python3.10/site-packages/airflow/example_dags/example_dynamic_task_mapping_with_no_taskflow_operators.py for tasks to queue
[2025-06-02T22:03:24.859+0000] {logging_mixin.py:154} INFO - [2025-06-02T22:03:24.858+0000] {dagbag.py:536} INFO - Filling up the DagBag from /home/airflow/.local/lib/python3.10/site-packages/airflow/example_dags/example_dynamic_task_mapping_with_no_taskflow_operators.py
[2025-06-02T22:03:24.867+0000] {processor.py:839} INFO - DAG(s) dict_keys(['example_dynamic_task_mapping_with_no_taskflow_operators']) retrieved from /home/airflow/.local/lib/python3.10/site-packages/airflow/example_dags/example_dynamic_task_mapping_with_no_taskflow_operators.py
[2025-06-02T22:03:24.893+0000] {logging_mixin.py:154} INFO - [2025-06-02T22:03:24.893+0000] {dag.py:2941} INFO - Sync 1 DAGs
[2025-06-02T22:03:24.926+0000] {logging_mixin.py:154} INFO - [2025-06-02T22:03:24.926+0000] {dag.py:3722} INFO - Setting next_dagrun for example_dynamic_task_mapping_with_no_taskflow_operators to 2025-06-01T22:03:24.926013+00:00, run_after=2025-06-02T22:03:24.926013+00:00
[2025-06-02T22:03:24.957+0000] {processor.py:179} INFO - Processing /home/airflow/.local/lib/python3.10/site-packages/airflow/example_dags/example_dynamic_task_mapping_with_no_taskflow_operators.py took 0.107 seconds
[2025-06-02T22:03:55.124+0000] {processor.py:157} INFO - Started process (PID=465) to work on /home/airflow/.local/lib/python3.10/site-packages/airflow/example_dags/example_dynamic_task_mapping_with_no_taskflow_operators.py
[2025-06-02T22:03:55.125+0000] {processor.py:829} INFO - Processing file /home/airflow/.local/lib/python3.10/site-packages/airflow/example_dags/example_dynamic_task_mapping_with_no_taskflow_operators.py for tasks to queue
[2025-06-02T22:03:55.129+0000] {logging_mixin.py:154} INFO - [2025-06-02T22:03:55.129+0000] {dagbag.py:536} INFO - Filling up the DagBag from /home/airflow/.local/lib/python3.10/site-packages/airflow/example_dags/example_dynamic_task_mapping_with_no_taskflow_operators.py
[2025-06-02T22:03:55.137+0000] {processor.py:839} INFO - DAG(s) dict_keys(['example_dynamic_task_mapping_with_no_taskflow_operators']) retrieved from /home/airflow/.local/lib/python3.10/site-packages/airflow/example_dags/example_dynamic_task_mapping_with_no_taskflow_operators.py
[2025-06-02T22:03:55.165+0000] {logging_mixin.py:154} INFO - [2025-06-02T22:03:55.165+0000] {dag.py:2941} INFO - Sync 1 DAGs
[2025-06-02T22:03:55.195+0000] {logging_mixin.py:154} INFO - [2025-06-02T22:03:55.195+0000] {dag.py:3722} INFO - Setting next_dagrun for example_dynamic_task_mapping_with_no_taskflow_operators to 2025-06-01T22:03:55.194898+00:00, run_after=2025-06-02T22:03:55.194898+00:00
[2025-06-02T22:03:55.217+0000] {processor.py:179} INFO - Processing /home/airflow/.local/lib/python3.10/site-packages/airflow/example_dags/example_dynamic_task_mapping_with_no_taskflow_operators.py took 0.098 seconds
[2025-06-02T22:04:25.574+0000] {processor.py:157} INFO - Started process (PID=519) to work on /home/airflow/.local/lib/python3.10/site-packages/airflow/example_dags/example_dynamic_task_mapping_with_no_taskflow_operators.py
[2025-06-02T22:04:25.576+0000] {processor.py:829} INFO - Processing file /home/airflow/.local/lib/python3.10/site-packages/airflow/example_dags/example_dynamic_task_mapping_with_no_taskflow_operators.py for tasks to queue
[2025-06-02T22:04:25.580+0000] {logging_mixin.py:154} INFO - [2025-06-02T22:04:25.580+0000] {dagbag.py:536} INFO - Filling up the DagBag from /home/airflow/.local/lib/python3.10/site-packages/airflow/example_dags/example_dynamic_task_mapping_with_no_taskflow_operators.py
[2025-06-02T22:04:25.588+0000] {processor.py:839} INFO - DAG(s) dict_keys(['example_dynamic_task_mapping_with_no_taskflow_operators']) retrieved from /home/airflow/.local/lib/python3.10/site-packages/airflow/example_dags/example_dynamic_task_mapping_with_no_taskflow_operators.py
[2025-06-02T22:04:25.615+0000] {logging_mixin.py:154} INFO - [2025-06-02T22:04:25.615+0000] {dag.py:2941} INFO - Sync 1 DAGs
[2025-06-02T22:04:25.645+0000] {logging_mixin.py:154} INFO - [2025-06-02T22:04:25.644+0000] {dag.py:3722} INFO - Setting next_dagrun for example_dynamic_task_mapping_with_no_taskflow_operators to 2025-06-01T22:04:25.644649+00:00, run_after=2025-06-02T22:04:25.644649+00:00
[2025-06-02T22:04:25.674+0000] {processor.py:179} INFO - Processing /home/airflow/.local/lib/python3.10/site-packages/airflow/example_dags/example_dynamic_task_mapping_with_no_taskflow_operators.py took 0.104 seconds
[2025-06-02T22:04:55.928+0000] {processor.py:157} INFO - Started process (PID=573) to work on /home/airflow/.local/lib/python3.10/site-packages/airflow/example_dags/example_dynamic_task_mapping_with_no_taskflow_operators.py
[2025-06-02T22:04:55.929+0000] {processor.py:829} INFO - Processing file /home/airflow/.local/lib/python3.10/site-packages/airflow/example_dags/example_dynamic_task_mapping_with_no_taskflow_operators.py for tasks to queue
[2025-06-02T22:04:55.933+0000] {logging_mixin.py:154} INFO - [2025-06-02T22:04:55.933+0000] {dagbag.py:536} INFO - Filling up the DagBag from /home/airflow/.local/lib/python3.10/site-packages/airflow/example_dags/example_dynamic_task_mapping_with_no_taskflow_operators.py
[2025-06-02T22:04:55.942+0000] {processor.py:839} INFO - DAG(s) dict_keys(['example_dynamic_task_mapping_with_no_taskflow_operators']) retrieved from /home/airflow/.local/lib/python3.10/site-packages/airflow/example_dags/example_dynamic_task_mapping_with_no_taskflow_operators.py
[2025-06-02T22:04:55.969+0000] {logging_mixin.py:154} INFO - [2025-06-02T22:04:55.968+0000] {dag.py:2941} INFO - Sync 1 DAGs
[2025-06-02T22:04:55.999+0000] {logging_mixin.py:154} INFO - [2025-06-02T22:04:55.999+0000] {dag.py:3722} INFO - Setting next_dagrun for example_dynamic_task_mapping_with_no_taskflow_operators to 2025-06-01T22:04:55.999100+00:00, run_after=2025-06-02T22:04:55.999100+00:00
[2025-06-02T22:04:56.025+0000] {processor.py:179} INFO - Processing /home/airflow/.local/lib/python3.10/site-packages/airflow/example_dags/example_dynamic_task_mapping_with_no_taskflow_operators.py took 0.101 seconds
[2025-06-02T22:05:26.653+0000] {processor.py:157} INFO - Started process (PID=628) to work on /home/airflow/.local/lib/python3.10/site-packages/airflow/example_dags/example_dynamic_task_mapping_with_no_taskflow_operators.py
[2025-06-02T22:05:26.658+0000] {processor.py:829} INFO - Processing file /home/airflow/.local/lib/python3.10/site-packages/airflow/example_dags/example_dynamic_task_mapping_with_no_taskflow_operators.py for tasks to queue
[2025-06-02T22:05:26.662+0000] {logging_mixin.py:154} INFO - [2025-06-02T22:05:26.662+0000] {dagbag.py:536} INFO - Filling up the DagBag from /home/airflow/.local/lib/python3.10/site-packages/airflow/example_dags/example_dynamic_task_mapping_with_no_taskflow_operators.py
[2025-06-02T22:05:26.672+0000] {processor.py:839} INFO - DAG(s) dict_keys(['example_dynamic_task_mapping_with_no_taskflow_operators']) retrieved from /home/airflow/.local/lib/python3.10/site-packages/airflow/example_dags/example_dynamic_task_mapping_with_no_taskflow_operators.py
[2025-06-02T22:05:26.701+0000] {logging_mixin.py:154} INFO - [2025-06-02T22:05:26.700+0000] {dag.py:2941} INFO - Sync 1 DAGs
[2025-06-02T22:05:26.733+0000] {logging_mixin.py:154} INFO - [2025-06-02T22:05:26.732+0000] {dag.py:3722} INFO - Setting next_dagrun for example_dynamic_task_mapping_with_no_taskflow_operators to 2025-06-01T22:05:26.732579+00:00, run_after=2025-06-02T22:05:26.732579+00:00
[2025-06-02T22:05:26.755+0000] {processor.py:179} INFO - Processing /home/airflow/.local/lib/python3.10/site-packages/airflow/example_dags/example_dynamic_task_mapping_with_no_taskflow_operators.py took 0.107 seconds
[2025-06-02T22:05:56.964+0000] {processor.py:157} INFO - Started process (PID=682) to work on /home/airflow/.local/lib/python3.10/site-packages/airflow/example_dags/example_dynamic_task_mapping_with_no_taskflow_operators.py
[2025-06-02T22:05:56.965+0000] {processor.py:829} INFO - Processing file /home/airflow/.local/lib/python3.10/site-packages/airflow/example_dags/example_dynamic_task_mapping_with_no_taskflow_operators.py for tasks to queue
[2025-06-02T22:05:56.969+0000] {logging_mixin.py:154} INFO - [2025-06-02T22:05:56.968+0000] {dagbag.py:536} INFO - Filling up the DagBag from /home/airflow/.local/lib/python3.10/site-packages/airflow/example_dags/example_dynamic_task_mapping_with_no_taskflow_operators.py
[2025-06-02T22:05:56.977+0000] {processor.py:839} INFO - DAG(s) dict_keys(['example_dynamic_task_mapping_with_no_taskflow_operators']) retrieved from /home/airflow/.local/lib/python3.10/site-packages/airflow/example_dags/example_dynamic_task_mapping_with_no_taskflow_operators.py
[2025-06-02T22:05:57.003+0000] {logging_mixin.py:154} INFO - [2025-06-02T22:05:57.003+0000] {dag.py:2941} INFO - Sync 1 DAGs
[2025-06-02T22:05:57.035+0000] {logging_mixin.py:154} INFO - [2025-06-02T22:05:57.035+0000] {dag.py:3722} INFO - Setting next_dagrun for example_dynamic_task_mapping_with_no_taskflow_operators to 2025-06-01T22:05:57.034885+00:00, run_after=2025-06-02T22:05:57.034885+00:00
[2025-06-02T22:05:57.056+0000] {processor.py:179} INFO - Processing /home/airflow/.local/lib/python3.10/site-packages/airflow/example_dags/example_dynamic_task_mapping_with_no_taskflow_operators.py took 0.097 seconds
[2025-06-02T22:06:27.226+0000] {processor.py:157} INFO - Started process (PID=735) to work on /home/airflow/.local/lib/python3.10/site-packages/airflow/example_dags/example_dynamic_task_mapping_with_no_taskflow_operators.py
[2025-06-02T22:06:27.228+0000] {processor.py:829} INFO - Processing file /home/airflow/.local/lib/python3.10/site-packages/airflow/example_dags/example_dynamic_task_mapping_with_no_taskflow_operators.py for tasks to queue
[2025-06-02T22:06:27.231+0000] {logging_mixin.py:154} INFO - [2025-06-02T22:06:27.231+0000] {dagbag.py:536} INFO - Filling up the DagBag from /home/airflow/.local/lib/python3.10/site-packages/airflow/example_dags/example_dynamic_task_mapping_with_no_taskflow_operators.py
[2025-06-02T22:06:27.241+0000] {processor.py:839} INFO - DAG(s) dict_keys(['example_dynamic_task_mapping_with_no_taskflow_operators']) retrieved from /home/airflow/.local/lib/python3.10/site-packages/airflow/example_dags/example_dynamic_task_mapping_with_no_taskflow_operators.py
[2025-06-02T22:06:27.300+0000] {logging_mixin.py:154} INFO - [2025-06-02T22:06:27.300+0000] {dag.py:2941} INFO - Sync 1 DAGs
[2025-06-02T22:06:27.356+0000] {logging_mixin.py:154} INFO - [2025-06-02T22:06:27.355+0000] {dag.py:3722} INFO - Setting next_dagrun for example_dynamic_task_mapping_with_no_taskflow_operators to 2025-06-01T22:06:27.355560+00:00, run_after=2025-06-02T22:06:27.355560+00:00
[2025-06-02T22:06:27.405+0000] {processor.py:179} INFO - Processing /home/airflow/.local/lib/python3.10/site-packages/airflow/example_dags/example_dynamic_task_mapping_with_no_taskflow_operators.py took 0.192 seconds
[2025-06-02T22:06:57.820+0000] {processor.py:157} INFO - Started process (PID=790) to work on /home/airflow/.local/lib/python3.10/site-packages/airflow/example_dags/example_dynamic_task_mapping_with_no_taskflow_operators.py
[2025-06-02T22:06:57.834+0000] {processor.py:829} INFO - Processing file /home/airflow/.local/lib/python3.10/site-packages/airflow/example_dags/example_dynamic_task_mapping_with_no_taskflow_operators.py for tasks to queue
[2025-06-02T22:06:57.839+0000] {logging_mixin.py:154} INFO - [2025-06-02T22:06:57.839+0000] {dagbag.py:536} INFO - Filling up the DagBag from /home/airflow/.local/lib/python3.10/site-packages/airflow/example_dags/example_dynamic_task_mapping_with_no_taskflow_operators.py
[2025-06-02T22:06:57.859+0000] {processor.py:839} INFO - DAG(s) dict_keys(['example_dynamic_task_mapping_with_no_taskflow_operators']) retrieved from /home/airflow/.local/lib/python3.10/site-packages/airflow/example_dags/example_dynamic_task_mapping_with_no_taskflow_operators.py
[2025-06-02T22:06:57.914+0000] {logging_mixin.py:154} INFO - [2025-06-02T22:06:57.914+0000] {dag.py:2941} INFO - Sync 1 DAGs
[2025-06-02T22:06:57.976+0000] {logging_mixin.py:154} INFO - [2025-06-02T22:06:57.976+0000] {dag.py:3722} INFO - Setting next_dagrun for example_dynamic_task_mapping_with_no_taskflow_operators to 2025-06-01T22:06:57.975728+00:00, run_after=2025-06-02T22:06:57.975728+00:00
[2025-06-02T22:06:58.033+0000] {processor.py:179} INFO - Processing /home/airflow/.local/lib/python3.10/site-packages/airflow/example_dags/example_dynamic_task_mapping_with_no_taskflow_operators.py took 0.230 seconds
[2025-06-02T22:07:28.394+0000] {processor.py:157} INFO - Started process (PID=844) to work on /home/airflow/.local/lib/python3.10/site-packages/airflow/example_dags/example_dynamic_task_mapping_with_no_taskflow_operators.py
[2025-06-02T22:07:28.397+0000] {processor.py:829} INFO - Processing file /home/airflow/.local/lib/python3.10/site-packages/airflow/example_dags/example_dynamic_task_mapping_with_no_taskflow_operators.py for tasks to queue
[2025-06-02T22:07:28.400+0000] {logging_mixin.py:154} INFO - [2025-06-02T22:07:28.400+0000] {dagbag.py:536} INFO - Filling up the DagBag from /home/airflow/.local/lib/python3.10/site-packages/airflow/example_dags/example_dynamic_task_mapping_with_no_taskflow_operators.py
[2025-06-02T22:07:28.409+0000] {processor.py:839} INFO - DAG(s) dict_keys(['example_dynamic_task_mapping_with_no_taskflow_operators']) retrieved from /home/airflow/.local/lib/python3.10/site-packages/airflow/example_dags/example_dynamic_task_mapping_with_no_taskflow_operators.py
[2025-06-02T22:07:28.435+0000] {logging_mixin.py:154} INFO - [2025-06-02T22:07:28.435+0000] {dag.py:2941} INFO - Sync 1 DAGs
[2025-06-02T22:07:28.480+0000] {logging_mixin.py:154} INFO - [2025-06-02T22:07:28.480+0000] {dag.py:3722} INFO - Setting next_dagrun for example_dynamic_task_mapping_with_no_taskflow_operators to 2025-06-01T22:07:28.479903+00:00, run_after=2025-06-02T22:07:28.479903+00:00
[2025-06-02T22:07:28.502+0000] {processor.py:179} INFO - Processing /home/airflow/.local/lib/python3.10/site-packages/airflow/example_dags/example_dynamic_task_mapping_with_no_taskflow_operators.py took 0.113 seconds
[2025-06-02T22:07:58.859+0000] {processor.py:157} INFO - Started process (PID=898) to work on /home/airflow/.local/lib/python3.10/site-packages/airflow/example_dags/example_dynamic_task_mapping_with_no_taskflow_operators.py
[2025-06-02T22:07:58.861+0000] {processor.py:829} INFO - Processing file /home/airflow/.local/lib/python3.10/site-packages/airflow/example_dags/example_dynamic_task_mapping_with_no_taskflow_operators.py for tasks to queue
[2025-06-02T22:07:58.872+0000] {logging_mixin.py:154} INFO - [2025-06-02T22:07:58.871+0000] {dagbag.py:536} INFO - Filling up the DagBag from /home/airflow/.local/lib/python3.10/site-packages/airflow/example_dags/example_dynamic_task_mapping_with_no_taskflow_operators.py
[2025-06-02T22:07:58.889+0000] {processor.py:839} INFO - DAG(s) dict_keys(['example_dynamic_task_mapping_with_no_taskflow_operators']) retrieved from /home/airflow/.local/lib/python3.10/site-packages/airflow/example_dags/example_dynamic_task_mapping_with_no_taskflow_operators.py
[2025-06-02T22:07:58.922+0000] {logging_mixin.py:154} INFO - [2025-06-02T22:07:58.922+0000] {dag.py:2941} INFO - Sync 1 DAGs
[2025-06-02T22:07:59.150+0000] {logging_mixin.py:154} INFO - [2025-06-02T22:07:59.150+0000] {dag.py:3722} INFO - Setting next_dagrun for example_dynamic_task_mapping_with_no_taskflow_operators to 2025-06-01T22:07:59.150160+00:00, run_after=2025-06-02T22:07:59.150160+00:00
[2025-06-02T22:07:59.180+0000] {processor.py:179} INFO - Processing /home/airflow/.local/lib/python3.10/site-packages/airflow/example_dags/example_dynamic_task_mapping_with_no_taskflow_operators.py took 0.326 seconds
[2025-06-02T22:08:29.262+0000] {processor.py:157} INFO - Started process (PID=952) to work on /home/airflow/.local/lib/python3.10/site-packages/airflow/example_dags/example_dynamic_task_mapping_with_no_taskflow_operators.py
[2025-06-02T22:08:29.263+0000] {processor.py:829} INFO - Processing file /home/airflow/.local/lib/python3.10/site-packages/airflow/example_dags/example_dynamic_task_mapping_with_no_taskflow_operators.py for tasks to queue
[2025-06-02T22:08:29.266+0000] {logging_mixin.py:154} INFO - [2025-06-02T22:08:29.266+0000] {dagbag.py:536} INFO - Filling up the DagBag from /home/airflow/.local/lib/python3.10/site-packages/airflow/example_dags/example_dynamic_task_mapping_with_no_taskflow_operators.py
[2025-06-02T22:08:29.276+0000] {processor.py:839} INFO - DAG(s) dict_keys(['example_dynamic_task_mapping_with_no_taskflow_operators']) retrieved from /home/airflow/.local/lib/python3.10/site-packages/airflow/example_dags/example_dynamic_task_mapping_with_no_taskflow_operators.py
[2025-06-02T22:08:29.302+0000] {logging_mixin.py:154} INFO - [2025-06-02T22:08:29.302+0000] {dag.py:2941} INFO - Sync 1 DAGs
[2025-06-02T22:08:29.345+0000] {logging_mixin.py:154} INFO - [2025-06-02T22:08:29.345+0000] {dag.py:3722} INFO - Setting next_dagrun for example_dynamic_task_mapping_with_no_taskflow_operators to 2025-06-01T22:08:29.345317+00:00, run_after=2025-06-02T22:08:29.345317+00:00
[2025-06-02T22:08:29.368+0000] {processor.py:179} INFO - Processing /home/airflow/.local/lib/python3.10/site-packages/airflow/example_dags/example_dynamic_task_mapping_with_no_taskflow_operators.py took 0.111 seconds
[2025-06-02T22:08:59.752+0000] {processor.py:157} INFO - Started process (PID=1006) to work on /home/airflow/.local/lib/python3.10/site-packages/airflow/example_dags/example_dynamic_task_mapping_with_no_taskflow_operators.py
[2025-06-02T22:08:59.754+0000] {processor.py:829} INFO - Processing file /home/airflow/.local/lib/python3.10/site-packages/airflow/example_dags/example_dynamic_task_mapping_with_no_taskflow_operators.py for tasks to queue
[2025-06-02T22:08:59.757+0000] {logging_mixin.py:154} INFO - [2025-06-02T22:08:59.757+0000] {dagbag.py:536} INFO - Filling up the DagBag from /home/airflow/.local/lib/python3.10/site-packages/airflow/example_dags/example_dynamic_task_mapping_with_no_taskflow_operators.py
[2025-06-02T22:08:59.767+0000] {processor.py:839} INFO - DAG(s) dict_keys(['example_dynamic_task_mapping_with_no_taskflow_operators']) retrieved from /home/airflow/.local/lib/python3.10/site-packages/airflow/example_dags/example_dynamic_task_mapping_with_no_taskflow_operators.py
[2025-06-02T22:08:59.793+0000] {logging_mixin.py:154} INFO - [2025-06-02T22:08:59.793+0000] {dag.py:2941} INFO - Sync 1 DAGs
[2025-06-02T22:08:59.823+0000] {logging_mixin.py:154} INFO - [2025-06-02T22:08:59.823+0000] {dag.py:3722} INFO - Setting next_dagrun for example_dynamic_task_mapping_with_no_taskflow_operators to 2025-06-01T22:08:59.823343+00:00, run_after=2025-06-02T22:08:59.823343+00:00
[2025-06-02T22:08:59.858+0000] {processor.py:179} INFO - Processing /home/airflow/.local/lib/python3.10/site-packages/airflow/example_dags/example_dynamic_task_mapping_with_no_taskflow_operators.py took 0.110 seconds
[2025-06-02T22:09:30.298+0000] {processor.py:157} INFO - Started process (PID=1060) to work on /home/airflow/.local/lib/python3.10/site-packages/airflow/example_dags/example_dynamic_task_mapping_with_no_taskflow_operators.py
[2025-06-02T22:09:30.300+0000] {processor.py:829} INFO - Processing file /home/airflow/.local/lib/python3.10/site-packages/airflow/example_dags/example_dynamic_task_mapping_with_no_taskflow_operators.py for tasks to queue
[2025-06-02T22:09:30.303+0000] {logging_mixin.py:154} INFO - [2025-06-02T22:09:30.303+0000] {dagbag.py:536} INFO - Filling up the DagBag from /home/airflow/.local/lib/python3.10/site-packages/airflow/example_dags/example_dynamic_task_mapping_with_no_taskflow_operators.py
[2025-06-02T22:09:30.313+0000] {processor.py:839} INFO - DAG(s) dict_keys(['example_dynamic_task_mapping_with_no_taskflow_operators']) retrieved from /home/airflow/.local/lib/python3.10/site-packages/airflow/example_dags/example_dynamic_task_mapping_with_no_taskflow_operators.py
[2025-06-02T22:09:30.340+0000] {logging_mixin.py:154} INFO - [2025-06-02T22:09:30.339+0000] {dag.py:2941} INFO - Sync 1 DAGs
[2025-06-02T22:09:30.594+0000] {logging_mixin.py:154} INFO - [2025-06-02T22:09:30.593+0000] {dag.py:3722} INFO - Setting next_dagrun for example_dynamic_task_mapping_with_no_taskflow_operators to 2025-06-01T22:09:30.593470+00:00, run_after=2025-06-02T22:09:30.593470+00:00
[2025-06-02T22:09:30.613+0000] {processor.py:179} INFO - Processing /home/airflow/.local/lib/python3.10/site-packages/airflow/example_dags/example_dynamic_task_mapping_with_no_taskflow_operators.py took 0.319 seconds
[2025-06-02T22:10:00.822+0000] {processor.py:157} INFO - Started process (PID=1113) to work on /home/airflow/.local/lib/python3.10/site-packages/airflow/example_dags/example_dynamic_task_mapping_with_no_taskflow_operators.py
[2025-06-02T22:10:00.823+0000] {processor.py:829} INFO - Processing file /home/airflow/.local/lib/python3.10/site-packages/airflow/example_dags/example_dynamic_task_mapping_with_no_taskflow_operators.py for tasks to queue
[2025-06-02T22:10:00.826+0000] {logging_mixin.py:154} INFO - [2025-06-02T22:10:00.826+0000] {dagbag.py:536} INFO - Filling up the DagBag from /home/airflow/.local/lib/python3.10/site-packages/airflow/example_dags/example_dynamic_task_mapping_with_no_taskflow_operators.py
[2025-06-02T22:10:00.836+0000] {processor.py:839} INFO - DAG(s) dict_keys(['example_dynamic_task_mapping_with_no_taskflow_operators']) retrieved from /home/airflow/.local/lib/python3.10/site-packages/airflow/example_dags/example_dynamic_task_mapping_with_no_taskflow_operators.py
[2025-06-02T22:10:00.864+0000] {logging_mixin.py:154} INFO - [2025-06-02T22:10:00.864+0000] {dag.py:2941} INFO - Sync 1 DAGs
[2025-06-02T22:10:00.917+0000] {logging_mixin.py:154} INFO - [2025-06-02T22:10:00.916+0000] {dag.py:3722} INFO - Setting next_dagrun for example_dynamic_task_mapping_with_no_taskflow_operators to 2025-06-01T22:10:00.916486+00:00, run_after=2025-06-02T22:10:00.916486+00:00
[2025-06-02T22:10:01.098+0000] {processor.py:179} INFO - Processing /home/airflow/.local/lib/python3.10/site-packages/airflow/example_dags/example_dynamic_task_mapping_with_no_taskflow_operators.py took 0.281 seconds
[2025-06-02T22:10:31.209+0000] {processor.py:157} INFO - Started process (PID=1168) to work on /home/airflow/.local/lib/python3.10/site-packages/airflow/example_dags/example_dynamic_task_mapping_with_no_taskflow_operators.py
[2025-06-02T22:10:31.210+0000] {processor.py:829} INFO - Processing file /home/airflow/.local/lib/python3.10/site-packages/airflow/example_dags/example_dynamic_task_mapping_with_no_taskflow_operators.py for tasks to queue
[2025-06-02T22:10:31.213+0000] {logging_mixin.py:154} INFO - [2025-06-02T22:10:31.212+0000] {dagbag.py:536} INFO - Filling up the DagBag from /home/airflow/.local/lib/python3.10/site-packages/airflow/example_dags/example_dynamic_task_mapping_with_no_taskflow_operators.py
[2025-06-02T22:10:31.220+0000] {processor.py:839} INFO - DAG(s) dict_keys(['example_dynamic_task_mapping_with_no_taskflow_operators']) retrieved from /home/airflow/.local/lib/python3.10/site-packages/airflow/example_dags/example_dynamic_task_mapping_with_no_taskflow_operators.py
[2025-06-02T22:10:31.240+0000] {logging_mixin.py:154} INFO - [2025-06-02T22:10:31.240+0000] {dag.py:2941} INFO - Sync 1 DAGs
[2025-06-02T22:10:31.262+0000] {logging_mixin.py:154} INFO - [2025-06-02T22:10:31.262+0000] {dag.py:3722} INFO - Setting next_dagrun for example_dynamic_task_mapping_with_no_taskflow_operators to 2025-06-01T22:10:31.261884+00:00, run_after=2025-06-02T22:10:31.261884+00:00
[2025-06-02T22:10:31.286+0000] {processor.py:179} INFO - Processing /home/airflow/.local/lib/python3.10/site-packages/airflow/example_dags/example_dynamic_task_mapping_with_no_taskflow_operators.py took 0.081 seconds
[2025-06-02T22:11:01.660+0000] {processor.py:157} INFO - Started process (PID=1221) to work on /home/airflow/.local/lib/python3.10/site-packages/airflow/example_dags/example_dynamic_task_mapping_with_no_taskflow_operators.py
[2025-06-02T22:11:01.666+0000] {processor.py:829} INFO - Processing file /home/airflow/.local/lib/python3.10/site-packages/airflow/example_dags/example_dynamic_task_mapping_with_no_taskflow_operators.py for tasks to queue
[2025-06-02T22:11:01.678+0000] {logging_mixin.py:154} INFO - [2025-06-02T22:11:01.678+0000] {dagbag.py:536} INFO - Filling up the DagBag from /home/airflow/.local/lib/python3.10/site-packages/airflow/example_dags/example_dynamic_task_mapping_with_no_taskflow_operators.py
[2025-06-02T22:11:01.697+0000] {processor.py:839} INFO - DAG(s) dict_keys(['example_dynamic_task_mapping_with_no_taskflow_operators']) retrieved from /home/airflow/.local/lib/python3.10/site-packages/airflow/example_dags/example_dynamic_task_mapping_with_no_taskflow_operators.py
[2025-06-02T22:11:01.787+0000] {logging_mixin.py:154} INFO - [2025-06-02T22:11:01.787+0000] {dag.py:2941} INFO - Sync 1 DAGs
[2025-06-02T22:11:02.328+0000] {logging_mixin.py:154} INFO - [2025-06-02T22:11:02.327+0000] {dag.py:3722} INFO - Setting next_dagrun for example_dynamic_task_mapping_with_no_taskflow_operators to 2025-06-01T22:11:02.327541+00:00, run_after=2025-06-02T22:11:02.327541+00:00
[2025-06-02T22:11:02.368+0000] {processor.py:179} INFO - Processing /home/airflow/.local/lib/python3.10/site-packages/airflow/example_dags/example_dynamic_task_mapping_with_no_taskflow_operators.py took 0.735 seconds
[2025-06-02T23:03:16.471+0000] {processor.py:157} INFO - Started process (PID=33) to work on /home/airflow/.local/lib/python3.10/site-packages/airflow/example_dags/example_dynamic_task_mapping_with_no_taskflow_operators.py
[2025-06-02T23:03:16.494+0000] {processor.py:829} INFO - Processing file /home/airflow/.local/lib/python3.10/site-packages/airflow/example_dags/example_dynamic_task_mapping_with_no_taskflow_operators.py for tasks to queue
[2025-06-02T23:03:16.517+0000] {logging_mixin.py:154} INFO - [2025-06-02T23:03:16.516+0000] {dagbag.py:536} INFO - Filling up the DagBag from /home/airflow/.local/lib/python3.10/site-packages/airflow/example_dags/example_dynamic_task_mapping_with_no_taskflow_operators.py
[2025-06-02T23:03:16.636+0000] {processor.py:839} INFO - DAG(s) dict_keys(['example_dynamic_task_mapping_with_no_taskflow_operators']) retrieved from /home/airflow/.local/lib/python3.10/site-packages/airflow/example_dags/example_dynamic_task_mapping_with_no_taskflow_operators.py
[2025-06-02T23:03:17.069+0000] {logging_mixin.py:154} INFO - [2025-06-02T23:03:17.068+0000] {dag.py:2941} INFO - Sync 1 DAGs
[2025-06-02T23:03:17.223+0000] {logging_mixin.py:154} INFO - [2025-06-02T23:03:17.222+0000] {dag.py:3722} INFO - Setting next_dagrun for example_dynamic_task_mapping_with_no_taskflow_operators to 2025-06-01T23:03:17.222419+00:00, run_after=2025-06-02T23:03:17.222419+00:00
[2025-06-02T23:03:17.390+0000] {processor.py:179} INFO - Processing /home/airflow/.local/lib/python3.10/site-packages/airflow/example_dags/example_dynamic_task_mapping_with_no_taskflow_operators.py took 0.943 seconds
[2025-06-02T23:03:56.103+0000] {processor.py:157} INFO - Started process (PID=25) to work on /home/airflow/.local/lib/python3.10/site-packages/airflow/example_dags/example_dynamic_task_mapping_with_no_taskflow_operators.py
[2025-06-02T23:03:56.106+0000] {processor.py:829} INFO - Processing file /home/airflow/.local/lib/python3.10/site-packages/airflow/example_dags/example_dynamic_task_mapping_with_no_taskflow_operators.py for tasks to queue
[2025-06-02T23:03:56.123+0000] {logging_mixin.py:154} INFO - [2025-06-02T23:03:56.122+0000] {dagbag.py:536} INFO - Filling up the DagBag from /home/airflow/.local/lib/python3.10/site-packages/airflow/example_dags/example_dynamic_task_mapping_with_no_taskflow_operators.py
[2025-06-02T23:03:56.171+0000] {processor.py:839} INFO - DAG(s) dict_keys(['example_dynamic_task_mapping_with_no_taskflow_operators']) retrieved from /home/airflow/.local/lib/python3.10/site-packages/airflow/example_dags/example_dynamic_task_mapping_with_no_taskflow_operators.py
[2025-06-02T23:03:56.275+0000] {logging_mixin.py:154} INFO - [2025-06-02T23:03:56.275+0000] {dag.py:2941} INFO - Sync 1 DAGs
[2025-06-02T23:03:56.329+0000] {logging_mixin.py:154} INFO - [2025-06-02T23:03:56.329+0000] {dag.py:3722} INFO - Setting next_dagrun for example_dynamic_task_mapping_with_no_taskflow_operators to 2025-06-01T23:03:56.329268+00:00, run_after=2025-06-02T23:03:56.329268+00:00
[2025-06-02T23:03:56.370+0000] {processor.py:179} INFO - Processing /home/airflow/.local/lib/python3.10/site-packages/airflow/example_dags/example_dynamic_task_mapping_with_no_taskflow_operators.py took 0.284 seconds
[2025-06-02T23:04:26.984+0000] {processor.py:157} INFO - Started process (PID=80) to work on /home/airflow/.local/lib/python3.10/site-packages/airflow/example_dags/example_dynamic_task_mapping_with_no_taskflow_operators.py
[2025-06-02T23:04:26.987+0000] {processor.py:829} INFO - Processing file /home/airflow/.local/lib/python3.10/site-packages/airflow/example_dags/example_dynamic_task_mapping_with_no_taskflow_operators.py for tasks to queue
[2025-06-02T23:04:26.990+0000] {logging_mixin.py:154} INFO - [2025-06-02T23:04:26.989+0000] {dagbag.py:536} INFO - Filling up the DagBag from /home/airflow/.local/lib/python3.10/site-packages/airflow/example_dags/example_dynamic_task_mapping_with_no_taskflow_operators.py
[2025-06-02T23:04:27.009+0000] {processor.py:839} INFO - DAG(s) dict_keys(['example_dynamic_task_mapping_with_no_taskflow_operators']) retrieved from /home/airflow/.local/lib/python3.10/site-packages/airflow/example_dags/example_dynamic_task_mapping_with_no_taskflow_operators.py
[2025-06-02T23:04:27.043+0000] {logging_mixin.py:154} INFO - [2025-06-02T23:04:27.043+0000] {dag.py:2941} INFO - Sync 1 DAGs
[2025-06-02T23:04:27.075+0000] {logging_mixin.py:154} INFO - [2025-06-02T23:04:27.074+0000] {dag.py:3722} INFO - Setting next_dagrun for example_dynamic_task_mapping_with_no_taskflow_operators to 2025-06-01T23:04:27.074409+00:00, run_after=2025-06-02T23:04:27.074409+00:00
[2025-06-02T23:04:27.095+0000] {processor.py:179} INFO - Processing /home/airflow/.local/lib/python3.10/site-packages/airflow/example_dags/example_dynamic_task_mapping_with_no_taskflow_operators.py took 0.115 seconds
[2025-06-02T23:04:57.507+0000] {processor.py:157} INFO - Started process (PID=136) to work on /home/airflow/.local/lib/python3.10/site-packages/airflow/example_dags/example_dynamic_task_mapping_with_no_taskflow_operators.py
[2025-06-02T23:04:57.508+0000] {processor.py:829} INFO - Processing file /home/airflow/.local/lib/python3.10/site-packages/airflow/example_dags/example_dynamic_task_mapping_with_no_taskflow_operators.py for tasks to queue
[2025-06-02T23:04:57.511+0000] {logging_mixin.py:154} INFO - [2025-06-02T23:04:57.511+0000] {dagbag.py:536} INFO - Filling up the DagBag from /home/airflow/.local/lib/python3.10/site-packages/airflow/example_dags/example_dynamic_task_mapping_with_no_taskflow_operators.py
[2025-06-02T23:04:57.526+0000] {processor.py:839} INFO - DAG(s) dict_keys(['example_dynamic_task_mapping_with_no_taskflow_operators']) retrieved from /home/airflow/.local/lib/python3.10/site-packages/airflow/example_dags/example_dynamic_task_mapping_with_no_taskflow_operators.py
[2025-06-02T23:04:57.552+0000] {logging_mixin.py:154} INFO - [2025-06-02T23:04:57.552+0000] {dag.py:2941} INFO - Sync 1 DAGs
[2025-06-02T23:04:57.583+0000] {logging_mixin.py:154} INFO - [2025-06-02T23:04:57.582+0000] {dag.py:3722} INFO - Setting next_dagrun for example_dynamic_task_mapping_with_no_taskflow_operators to 2025-06-01T23:04:57.582582+00:00, run_after=2025-06-02T23:04:57.582582+00:00
[2025-06-02T23:04:57.603+0000] {processor.py:179} INFO - Processing /home/airflow/.local/lib/python3.10/site-packages/airflow/example_dags/example_dynamic_task_mapping_with_no_taskflow_operators.py took 0.101 seconds
[2025-06-02T23:05:28.011+0000] {processor.py:157} INFO - Started process (PID=192) to work on /home/airflow/.local/lib/python3.10/site-packages/airflow/example_dags/example_dynamic_task_mapping_with_no_taskflow_operators.py
[2025-06-02T23:05:28.022+0000] {processor.py:829} INFO - Processing file /home/airflow/.local/lib/python3.10/site-packages/airflow/example_dags/example_dynamic_task_mapping_with_no_taskflow_operators.py for tasks to queue
[2025-06-02T23:05:28.025+0000] {logging_mixin.py:154} INFO - [2025-06-02T23:05:28.025+0000] {dagbag.py:536} INFO - Filling up the DagBag from /home/airflow/.local/lib/python3.10/site-packages/airflow/example_dags/example_dynamic_task_mapping_with_no_taskflow_operators.py
[2025-06-02T23:05:28.046+0000] {processor.py:839} INFO - DAG(s) dict_keys(['example_dynamic_task_mapping_with_no_taskflow_operators']) retrieved from /home/airflow/.local/lib/python3.10/site-packages/airflow/example_dags/example_dynamic_task_mapping_with_no_taskflow_operators.py
[2025-06-02T23:05:28.120+0000] {logging_mixin.py:154} INFO - [2025-06-02T23:05:28.120+0000] {dag.py:2941} INFO - Sync 1 DAGs
[2025-06-02T23:05:28.235+0000] {logging_mixin.py:154} INFO - [2025-06-02T23:05:28.234+0000] {dag.py:3722} INFO - Setting next_dagrun for example_dynamic_task_mapping_with_no_taskflow_operators to 2025-06-01T23:05:28.234536+00:00, run_after=2025-06-02T23:05:28.234536+00:00
[2025-06-02T23:05:28.304+0000] {processor.py:179} INFO - Processing /home/airflow/.local/lib/python3.10/site-packages/airflow/example_dags/example_dynamic_task_mapping_with_no_taskflow_operators.py took 0.305 seconds
[2025-06-02T23:05:58.569+0000] {processor.py:157} INFO - Started process (PID=248) to work on /home/airflow/.local/lib/python3.10/site-packages/airflow/example_dags/example_dynamic_task_mapping_with_no_taskflow_operators.py
[2025-06-02T23:05:58.571+0000] {processor.py:829} INFO - Processing file /home/airflow/.local/lib/python3.10/site-packages/airflow/example_dags/example_dynamic_task_mapping_with_no_taskflow_operators.py for tasks to queue
[2025-06-02T23:05:58.575+0000] {logging_mixin.py:154} INFO - [2025-06-02T23:05:58.574+0000] {dagbag.py:536} INFO - Filling up the DagBag from /home/airflow/.local/lib/python3.10/site-packages/airflow/example_dags/example_dynamic_task_mapping_with_no_taskflow_operators.py
[2025-06-02T23:05:58.583+0000] {processor.py:839} INFO - DAG(s) dict_keys(['example_dynamic_task_mapping_with_no_taskflow_operators']) retrieved from /home/airflow/.local/lib/python3.10/site-packages/airflow/example_dags/example_dynamic_task_mapping_with_no_taskflow_operators.py
[2025-06-02T23:05:58.609+0000] {logging_mixin.py:154} INFO - [2025-06-02T23:05:58.609+0000] {dag.py:2941} INFO - Sync 1 DAGs
[2025-06-02T23:05:58.640+0000] {logging_mixin.py:154} INFO - [2025-06-02T23:05:58.640+0000] {dag.py:3722} INFO - Setting next_dagrun for example_dynamic_task_mapping_with_no_taskflow_operators to 2025-06-01T23:05:58.640048+00:00, run_after=2025-06-02T23:05:58.640048+00:00
[2025-06-02T23:05:58.663+0000] {processor.py:179} INFO - Processing /home/airflow/.local/lib/python3.10/site-packages/airflow/example_dags/example_dynamic_task_mapping_with_no_taskflow_operators.py took 0.098 seconds
[2025-06-02T23:06:28.903+0000] {processor.py:157} INFO - Started process (PID=304) to work on /home/airflow/.local/lib/python3.10/site-packages/airflow/example_dags/example_dynamic_task_mapping_with_no_taskflow_operators.py
[2025-06-02T23:06:28.904+0000] {processor.py:829} INFO - Processing file /home/airflow/.local/lib/python3.10/site-packages/airflow/example_dags/example_dynamic_task_mapping_with_no_taskflow_operators.py for tasks to queue
[2025-06-02T23:06:28.908+0000] {logging_mixin.py:154} INFO - [2025-06-02T23:06:28.907+0000] {dagbag.py:536} INFO - Filling up the DagBag from /home/airflow/.local/lib/python3.10/site-packages/airflow/example_dags/example_dynamic_task_mapping_with_no_taskflow_operators.py
[2025-06-02T23:06:28.916+0000] {processor.py:839} INFO - DAG(s) dict_keys(['example_dynamic_task_mapping_with_no_taskflow_operators']) retrieved from /home/airflow/.local/lib/python3.10/site-packages/airflow/example_dags/example_dynamic_task_mapping_with_no_taskflow_operators.py
[2025-06-02T23:06:28.940+0000] {logging_mixin.py:154} INFO - [2025-06-02T23:06:28.940+0000] {dag.py:2941} INFO - Sync 1 DAGs
[2025-06-02T23:06:28.970+0000] {logging_mixin.py:154} INFO - [2025-06-02T23:06:28.969+0000] {dag.py:3722} INFO - Setting next_dagrun for example_dynamic_task_mapping_with_no_taskflow_operators to 2025-06-01T23:06:28.969595+00:00, run_after=2025-06-02T23:06:28.969595+00:00
[2025-06-02T23:06:28.991+0000] {processor.py:179} INFO - Processing /home/airflow/.local/lib/python3.10/site-packages/airflow/example_dags/example_dynamic_task_mapping_with_no_taskflow_operators.py took 0.093 seconds
[2025-06-02T23:06:59.433+0000] {processor.py:157} INFO - Started process (PID=360) to work on /home/airflow/.local/lib/python3.10/site-packages/airflow/example_dags/example_dynamic_task_mapping_with_no_taskflow_operators.py
[2025-06-02T23:06:59.434+0000] {processor.py:829} INFO - Processing file /home/airflow/.local/lib/python3.10/site-packages/airflow/example_dags/example_dynamic_task_mapping_with_no_taskflow_operators.py for tasks to queue
[2025-06-02T23:06:59.437+0000] {logging_mixin.py:154} INFO - [2025-06-02T23:06:59.437+0000] {dagbag.py:536} INFO - Filling up the DagBag from /home/airflow/.local/lib/python3.10/site-packages/airflow/example_dags/example_dynamic_task_mapping_with_no_taskflow_operators.py
[2025-06-02T23:06:59.446+0000] {processor.py:839} INFO - DAG(s) dict_keys(['example_dynamic_task_mapping_with_no_taskflow_operators']) retrieved from /home/airflow/.local/lib/python3.10/site-packages/airflow/example_dags/example_dynamic_task_mapping_with_no_taskflow_operators.py
[2025-06-02T23:06:59.473+0000] {logging_mixin.py:154} INFO - [2025-06-02T23:06:59.473+0000] {dag.py:2941} INFO - Sync 1 DAGs
[2025-06-02T23:06:59.502+0000] {logging_mixin.py:154} INFO - [2025-06-02T23:06:59.502+0000] {dag.py:3722} INFO - Setting next_dagrun for example_dynamic_task_mapping_with_no_taskflow_operators to 2025-06-01T23:06:59.501961+00:00, run_after=2025-06-02T23:06:59.501961+00:00
[2025-06-02T23:06:59.527+0000] {processor.py:179} INFO - Processing /home/airflow/.local/lib/python3.10/site-packages/airflow/example_dags/example_dynamic_task_mapping_with_no_taskflow_operators.py took 0.099 seconds
[2025-06-02T23:07:30.435+0000] {processor.py:157} INFO - Started process (PID=416) to work on /home/airflow/.local/lib/python3.10/site-packages/airflow/example_dags/example_dynamic_task_mapping_with_no_taskflow_operators.py
[2025-06-02T23:07:30.436+0000] {processor.py:829} INFO - Processing file /home/airflow/.local/lib/python3.10/site-packages/airflow/example_dags/example_dynamic_task_mapping_with_no_taskflow_operators.py for tasks to queue
[2025-06-02T23:07:30.439+0000] {logging_mixin.py:154} INFO - [2025-06-02T23:07:30.439+0000] {dagbag.py:536} INFO - Filling up the DagBag from /home/airflow/.local/lib/python3.10/site-packages/airflow/example_dags/example_dynamic_task_mapping_with_no_taskflow_operators.py
[2025-06-02T23:07:30.448+0000] {processor.py:839} INFO - DAG(s) dict_keys(['example_dynamic_task_mapping_with_no_taskflow_operators']) retrieved from /home/airflow/.local/lib/python3.10/site-packages/airflow/example_dags/example_dynamic_task_mapping_with_no_taskflow_operators.py
[2025-06-02T23:07:30.481+0000] {logging_mixin.py:154} INFO - [2025-06-02T23:07:30.481+0000] {dag.py:2941} INFO - Sync 1 DAGs
[2025-06-02T23:07:30.511+0000] {logging_mixin.py:154} INFO - [2025-06-02T23:07:30.510+0000] {dag.py:3722} INFO - Setting next_dagrun for example_dynamic_task_mapping_with_no_taskflow_operators to 2025-06-01T23:07:30.510499+00:00, run_after=2025-06-02T23:07:30.510499+00:00
[2025-06-02T23:07:30.539+0000] {processor.py:179} INFO - Processing /home/airflow/.local/lib/python3.10/site-packages/airflow/example_dags/example_dynamic_task_mapping_with_no_taskflow_operators.py took 0.109 seconds
