[2025-06-02T21:59:52.966+0000] {processor.py:157} INFO - Started process (PID=37) to work on /home/airflow/.local/lib/python3.10/site-packages/airflow/example_dags/example_dag_decorator.py
[2025-06-02T21:59:52.968+0000] {processor.py:829} INFO - Processing file /home/airflow/.local/lib/python3.10/site-packages/airflow/example_dags/example_dag_decorator.py for tasks to queue
[2025-06-02T21:59:52.980+0000] {logging_mixin.py:154} INFO - [2025-06-02T21:59:52.980+0000] {dagbag.py:536} INFO - Filling up the DagBag from /home/airflow/.local/lib/python3.10/site-packages/airflow/example_dags/example_dag_decorator.py
[2025-06-02T21:59:53.345+0000] {processor.py:839} INFO - DAG(s) dict_keys(['example_dag_decorator']) retrieved from /home/airflow/.local/lib/python3.10/site-packages/airflow/example_dags/example_dag_decorator.py
[2025-06-02T21:59:53.648+0000] {logging_mixin.py:154} INFO - [2025-06-02T21:59:53.648+0000] {manager.py:499} INFO - Created Permission View: %s
[2025-06-02T21:59:53.674+0000] {logging_mixin.py:154} INFO - [2025-06-02T21:59:53.674+0000] {manager.py:499} INFO - Created Permission View: %s
[2025-06-02T21:59:53.708+0000] {logging_mixin.py:154} INFO - [2025-06-02T21:59:53.708+0000] {manager.py:499} INFO - Created Permission View: %s
[2025-06-02T21:59:53.709+0000] {logging_mixin.py:154} INFO - [2025-06-02T21:59:53.709+0000] {dag.py:2941} INFO - Sync 1 DAGs
[2025-06-02T21:59:53.752+0000] {logging_mixin.py:154} INFO - [2025-06-02T21:59:53.751+0000] {dag.py:2963} INFO - Creating ORM DAG for example_dag_decorator
[2025-06-02T21:59:53.762+0000] {logging_mixin.py:154} INFO - [2025-06-02T21:59:53.762+0000] {dag.py:3722} INFO - Setting next_dagrun for example_dag_decorator to None, run_after=None
[2025-06-02T21:59:53.827+0000] {processor.py:179} INFO - Processing /home/airflow/.local/lib/python3.10/site-packages/airflow/example_dags/example_dag_decorator.py took 0.865 seconds
[2025-06-02T22:00:24.161+0000] {processor.py:157} INFO - Started process (PID=91) to work on /home/airflow/.local/lib/python3.10/site-packages/airflow/example_dags/example_dag_decorator.py
[2025-06-02T22:00:24.163+0000] {processor.py:829} INFO - Processing file /home/airflow/.local/lib/python3.10/site-packages/airflow/example_dags/example_dag_decorator.py for tasks to queue
[2025-06-02T22:00:24.167+0000] {logging_mixin.py:154} INFO - [2025-06-02T22:00:24.167+0000] {dagbag.py:536} INFO - Filling up the DagBag from /home/airflow/.local/lib/python3.10/site-packages/airflow/example_dags/example_dag_decorator.py
[2025-06-02T22:00:24.244+0000] {processor.py:839} INFO - DAG(s) dict_keys(['example_dag_decorator']) retrieved from /home/airflow/.local/lib/python3.10/site-packages/airflow/example_dags/example_dag_decorator.py
[2025-06-02T22:00:24.347+0000] {logging_mixin.py:154} INFO - [2025-06-02T22:00:24.347+0000] {dag.py:2941} INFO - Sync 1 DAGs
[2025-06-02T22:00:24.358+0000] {logging_mixin.py:154} INFO - [2025-06-02T22:00:24.357+0000] {dag.py:3722} INFO - Setting next_dagrun for example_dag_decorator to None, run_after=None
[2025-06-02T22:00:24.376+0000] {processor.py:179} INFO - Processing /home/airflow/.local/lib/python3.10/site-packages/airflow/example_dags/example_dag_decorator.py took 0.218 seconds
[2025-06-02T22:00:54.604+0000] {processor.py:157} INFO - Started process (PID=145) to work on /home/airflow/.local/lib/python3.10/site-packages/airflow/example_dags/example_dag_decorator.py
[2025-06-02T22:00:54.605+0000] {processor.py:829} INFO - Processing file /home/airflow/.local/lib/python3.10/site-packages/airflow/example_dags/example_dag_decorator.py for tasks to queue
[2025-06-02T22:00:54.608+0000] {logging_mixin.py:154} INFO - [2025-06-02T22:00:54.608+0000] {dagbag.py:536} INFO - Filling up the DagBag from /home/airflow/.local/lib/python3.10/site-packages/airflow/example_dags/example_dag_decorator.py
[2025-06-02T22:00:54.686+0000] {processor.py:839} INFO - DAG(s) dict_keys(['example_dag_decorator']) retrieved from /home/airflow/.local/lib/python3.10/site-packages/airflow/example_dags/example_dag_decorator.py
[2025-06-02T22:00:54.794+0000] {logging_mixin.py:154} INFO - [2025-06-02T22:00:54.794+0000] {dag.py:2941} INFO - Sync 1 DAGs
[2025-06-02T22:00:54.946+0000] {logging_mixin.py:154} INFO - [2025-06-02T22:00:54.946+0000] {dag.py:3722} INFO - Setting next_dagrun for example_dag_decorator to None, run_after=None
[2025-06-02T22:00:54.964+0000] {processor.py:179} INFO - Processing /home/airflow/.local/lib/python3.10/site-packages/airflow/example_dags/example_dag_decorator.py took 0.363 seconds
[2025-06-02T22:01:25.190+0000] {processor.py:157} INFO - Started process (PID=199) to work on /home/airflow/.local/lib/python3.10/site-packages/airflow/example_dags/example_dag_decorator.py
[2025-06-02T22:01:25.191+0000] {processor.py:829} INFO - Processing file /home/airflow/.local/lib/python3.10/site-packages/airflow/example_dags/example_dag_decorator.py for tasks to queue
[2025-06-02T22:01:25.194+0000] {logging_mixin.py:154} INFO - [2025-06-02T22:01:25.193+0000] {dagbag.py:536} INFO - Filling up the DagBag from /home/airflow/.local/lib/python3.10/site-packages/airflow/example_dags/example_dag_decorator.py
[2025-06-02T22:01:25.267+0000] {processor.py:839} INFO - DAG(s) dict_keys(['example_dag_decorator']) retrieved from /home/airflow/.local/lib/python3.10/site-packages/airflow/example_dags/example_dag_decorator.py
[2025-06-02T22:01:25.369+0000] {logging_mixin.py:154} INFO - [2025-06-02T22:01:25.368+0000] {dag.py:2941} INFO - Sync 1 DAGs
[2025-06-02T22:01:25.379+0000] {logging_mixin.py:154} INFO - [2025-06-02T22:01:25.379+0000] {dag.py:3722} INFO - Setting next_dagrun for example_dag_decorator to None, run_after=None
[2025-06-02T22:01:25.400+0000] {processor.py:179} INFO - Processing /home/airflow/.local/lib/python3.10/site-packages/airflow/example_dags/example_dag_decorator.py took 0.213 seconds
[2025-06-02T22:01:55.732+0000] {processor.py:157} INFO - Started process (PID=254) to work on /home/airflow/.local/lib/python3.10/site-packages/airflow/example_dags/example_dag_decorator.py
[2025-06-02T22:01:55.742+0000] {processor.py:829} INFO - Processing file /home/airflow/.local/lib/python3.10/site-packages/airflow/example_dags/example_dag_decorator.py for tasks to queue
[2025-06-02T22:01:55.745+0000] {logging_mixin.py:154} INFO - [2025-06-02T22:01:55.744+0000] {dagbag.py:536} INFO - Filling up the DagBag from /home/airflow/.local/lib/python3.10/site-packages/airflow/example_dags/example_dag_decorator.py
[2025-06-02T22:01:55.903+0000] {processor.py:839} INFO - DAG(s) dict_keys(['example_dag_decorator']) retrieved from /home/airflow/.local/lib/python3.10/site-packages/airflow/example_dags/example_dag_decorator.py
[2025-06-02T22:01:56.303+0000] {logging_mixin.py:154} INFO - [2025-06-02T22:01:56.303+0000] {dag.py:2941} INFO - Sync 1 DAGs
[2025-06-02T22:01:56.317+0000] {logging_mixin.py:154} INFO - [2025-06-02T22:01:56.316+0000] {dag.py:3722} INFO - Setting next_dagrun for example_dag_decorator to None, run_after=None
[2025-06-02T22:01:56.338+0000] {processor.py:179} INFO - Processing /home/airflow/.local/lib/python3.10/site-packages/airflow/example_dags/example_dag_decorator.py took 0.612 seconds
[2025-06-02T22:02:27.072+0000] {processor.py:157} INFO - Started process (PID=307) to work on /home/airflow/.local/lib/python3.10/site-packages/airflow/example_dags/example_dag_decorator.py
[2025-06-02T22:02:27.074+0000] {processor.py:829} INFO - Processing file /home/airflow/.local/lib/python3.10/site-packages/airflow/example_dags/example_dag_decorator.py for tasks to queue
[2025-06-02T22:02:27.077+0000] {logging_mixin.py:154} INFO - [2025-06-02T22:02:27.077+0000] {dagbag.py:536} INFO - Filling up the DagBag from /home/airflow/.local/lib/python3.10/site-packages/airflow/example_dags/example_dag_decorator.py
[2025-06-02T22:02:27.332+0000] {processor.py:839} INFO - DAG(s) dict_keys(['example_dag_decorator']) retrieved from /home/airflow/.local/lib/python3.10/site-packages/airflow/example_dags/example_dag_decorator.py
[2025-06-02T22:02:27.407+0000] {logging_mixin.py:154} INFO - [2025-06-02T22:02:27.407+0000] {dag.py:2941} INFO - Sync 1 DAGs
[2025-06-02T22:02:27.426+0000] {logging_mixin.py:154} INFO - [2025-06-02T22:02:27.426+0000] {dag.py:3722} INFO - Setting next_dagrun for example_dag_decorator to None, run_after=None
[2025-06-02T22:02:27.447+0000] {processor.py:179} INFO - Processing /home/airflow/.local/lib/python3.10/site-packages/airflow/example_dags/example_dag_decorator.py took 0.390 seconds
[2025-06-02T22:02:57.543+0000] {processor.py:157} INFO - Started process (PID=361) to work on /home/airflow/.local/lib/python3.10/site-packages/airflow/example_dags/example_dag_decorator.py
[2025-06-02T22:02:57.544+0000] {processor.py:829} INFO - Processing file /home/airflow/.local/lib/python3.10/site-packages/airflow/example_dags/example_dag_decorator.py for tasks to queue
[2025-06-02T22:02:57.547+0000] {logging_mixin.py:154} INFO - [2025-06-02T22:02:57.547+0000] {dagbag.py:536} INFO - Filling up the DagBag from /home/airflow/.local/lib/python3.10/site-packages/airflow/example_dags/example_dag_decorator.py
[2025-06-02T22:02:57.652+0000] {processor.py:839} INFO - DAG(s) dict_keys(['example_dag_decorator']) retrieved from /home/airflow/.local/lib/python3.10/site-packages/airflow/example_dags/example_dag_decorator.py
[2025-06-02T22:02:57.932+0000] {logging_mixin.py:154} INFO - [2025-06-02T22:02:57.932+0000] {dag.py:2941} INFO - Sync 1 DAGs
[2025-06-02T22:02:57.943+0000] {logging_mixin.py:154} INFO - [2025-06-02T22:02:57.943+0000] {dag.py:3722} INFO - Setting next_dagrun for example_dag_decorator to None, run_after=None
[2025-06-02T22:02:57.967+0000] {processor.py:179} INFO - Processing /home/airflow/.local/lib/python3.10/site-packages/airflow/example_dags/example_dag_decorator.py took 0.428 seconds
[2025-06-02T22:03:28.035+0000] {processor.py:157} INFO - Started process (PID=416) to work on /home/airflow/.local/lib/python3.10/site-packages/airflow/example_dags/example_dag_decorator.py
[2025-06-02T22:03:28.038+0000] {processor.py:829} INFO - Processing file /home/airflow/.local/lib/python3.10/site-packages/airflow/example_dags/example_dag_decorator.py for tasks to queue
[2025-06-02T22:03:28.041+0000] {logging_mixin.py:154} INFO - [2025-06-02T22:03:28.040+0000] {dagbag.py:536} INFO - Filling up the DagBag from /home/airflow/.local/lib/python3.10/site-packages/airflow/example_dags/example_dag_decorator.py
[2025-06-02T22:03:28.270+0000] {processor.py:839} INFO - DAG(s) dict_keys(['example_dag_decorator']) retrieved from /home/airflow/.local/lib/python3.10/site-packages/airflow/example_dags/example_dag_decorator.py
[2025-06-02T22:03:28.596+0000] {logging_mixin.py:154} INFO - [2025-06-02T22:03:28.595+0000] {dag.py:2941} INFO - Sync 1 DAGs
[2025-06-02T22:03:28.606+0000] {logging_mixin.py:154} INFO - [2025-06-02T22:03:28.605+0000] {dag.py:3722} INFO - Setting next_dagrun for example_dag_decorator to None, run_after=None
[2025-06-02T22:03:28.625+0000] {processor.py:179} INFO - Processing /home/airflow/.local/lib/python3.10/site-packages/airflow/example_dags/example_dag_decorator.py took 0.599 seconds
[2025-06-02T22:03:59.519+0000] {processor.py:157} INFO - Started process (PID=472) to work on /home/airflow/.local/lib/python3.10/site-packages/airflow/example_dags/example_dag_decorator.py
[2025-06-02T22:03:59.520+0000] {processor.py:829} INFO - Processing file /home/airflow/.local/lib/python3.10/site-packages/airflow/example_dags/example_dag_decorator.py for tasks to queue
[2025-06-02T22:03:59.523+0000] {logging_mixin.py:154} INFO - [2025-06-02T22:03:59.523+0000] {dagbag.py:536} INFO - Filling up the DagBag from /home/airflow/.local/lib/python3.10/site-packages/airflow/example_dags/example_dag_decorator.py
[2025-06-02T22:03:59.608+0000] {processor.py:839} INFO - DAG(s) dict_keys(['example_dag_decorator']) retrieved from /home/airflow/.local/lib/python3.10/site-packages/airflow/example_dags/example_dag_decorator.py
[2025-06-02T22:03:59.907+0000] {logging_mixin.py:154} INFO - [2025-06-02T22:03:59.907+0000] {dag.py:2941} INFO - Sync 1 DAGs
[2025-06-02T22:03:59.916+0000] {logging_mixin.py:154} INFO - [2025-06-02T22:03:59.916+0000] {dag.py:3722} INFO - Setting next_dagrun for example_dag_decorator to None, run_after=None
[2025-06-02T22:03:59.933+0000] {processor.py:179} INFO - Processing /home/airflow/.local/lib/python3.10/site-packages/airflow/example_dags/example_dag_decorator.py took 0.418 seconds
[2025-06-02T22:04:29.988+0000] {processor.py:157} INFO - Started process (PID=528) to work on /home/airflow/.local/lib/python3.10/site-packages/airflow/example_dags/example_dag_decorator.py
[2025-06-02T22:04:29.990+0000] {processor.py:829} INFO - Processing file /home/airflow/.local/lib/python3.10/site-packages/airflow/example_dags/example_dag_decorator.py for tasks to queue
[2025-06-02T22:04:29.993+0000] {logging_mixin.py:154} INFO - [2025-06-02T22:04:29.993+0000] {dagbag.py:536} INFO - Filling up the DagBag from /home/airflow/.local/lib/python3.10/site-packages/airflow/example_dags/example_dag_decorator.py
[2025-06-02T22:04:30.066+0000] {processor.py:839} INFO - DAG(s) dict_keys(['example_dag_decorator']) retrieved from /home/airflow/.local/lib/python3.10/site-packages/airflow/example_dags/example_dag_decorator.py
[2025-06-02T22:04:30.316+0000] {logging_mixin.py:154} INFO - [2025-06-02T22:04:30.316+0000] {dag.py:2941} INFO - Sync 1 DAGs
[2025-06-02T22:04:30.326+0000] {logging_mixin.py:154} INFO - [2025-06-02T22:04:30.326+0000] {dag.py:3722} INFO - Setting next_dagrun for example_dag_decorator to None, run_after=None
[2025-06-02T22:04:30.347+0000] {processor.py:179} INFO - Processing /home/airflow/.local/lib/python3.10/site-packages/airflow/example_dags/example_dag_decorator.py took 0.364 seconds
[2025-06-02T22:05:00.377+0000] {processor.py:157} INFO - Started process (PID=582) to work on /home/airflow/.local/lib/python3.10/site-packages/airflow/example_dags/example_dag_decorator.py
[2025-06-02T22:05:00.380+0000] {processor.py:829} INFO - Processing file /home/airflow/.local/lib/python3.10/site-packages/airflow/example_dags/example_dag_decorator.py for tasks to queue
[2025-06-02T22:05:00.382+0000] {logging_mixin.py:154} INFO - [2025-06-02T22:05:00.382+0000] {dagbag.py:536} INFO - Filling up the DagBag from /home/airflow/.local/lib/python3.10/site-packages/airflow/example_dags/example_dag_decorator.py
[2025-06-02T22:05:00.455+0000] {processor.py:839} INFO - DAG(s) dict_keys(['example_dag_decorator']) retrieved from /home/airflow/.local/lib/python3.10/site-packages/airflow/example_dags/example_dag_decorator.py
[2025-06-02T22:05:00.702+0000] {logging_mixin.py:154} INFO - [2025-06-02T22:05:00.702+0000] {dag.py:2941} INFO - Sync 1 DAGs
[2025-06-02T22:05:00.713+0000] {logging_mixin.py:154} INFO - [2025-06-02T22:05:00.713+0000] {dag.py:3722} INFO - Setting next_dagrun for example_dag_decorator to None, run_after=None
[2025-06-02T22:05:00.743+0000] {processor.py:179} INFO - Processing /home/airflow/.local/lib/python3.10/site-packages/airflow/example_dags/example_dag_decorator.py took 0.369 seconds
[2025-06-02T22:05:31.072+0000] {processor.py:157} INFO - Started process (PID=635) to work on /home/airflow/.local/lib/python3.10/site-packages/airflow/example_dags/example_dag_decorator.py
[2025-06-02T22:05:31.073+0000] {processor.py:829} INFO - Processing file /home/airflow/.local/lib/python3.10/site-packages/airflow/example_dags/example_dag_decorator.py for tasks to queue
[2025-06-02T22:05:31.076+0000] {logging_mixin.py:154} INFO - [2025-06-02T22:05:31.076+0000] {dagbag.py:536} INFO - Filling up the DagBag from /home/airflow/.local/lib/python3.10/site-packages/airflow/example_dags/example_dag_decorator.py
[2025-06-02T22:05:31.181+0000] {processor.py:839} INFO - DAG(s) dict_keys(['example_dag_decorator']) retrieved from /home/airflow/.local/lib/python3.10/site-packages/airflow/example_dags/example_dag_decorator.py
[2025-06-02T22:05:31.464+0000] {logging_mixin.py:154} INFO - [2025-06-02T22:05:31.464+0000] {dag.py:2941} INFO - Sync 1 DAGs
[2025-06-02T22:05:31.475+0000] {logging_mixin.py:154} INFO - [2025-06-02T22:05:31.475+0000] {dag.py:3722} INFO - Setting next_dagrun for example_dag_decorator to None, run_after=None
[2025-06-02T22:05:31.493+0000] {processor.py:179} INFO - Processing /home/airflow/.local/lib/python3.10/site-packages/airflow/example_dags/example_dag_decorator.py took 0.426 seconds
[2025-06-02T22:06:01.522+0000] {processor.py:157} INFO - Started process (PID=691) to work on /home/airflow/.local/lib/python3.10/site-packages/airflow/example_dags/example_dag_decorator.py
[2025-06-02T22:06:01.523+0000] {processor.py:829} INFO - Processing file /home/airflow/.local/lib/python3.10/site-packages/airflow/example_dags/example_dag_decorator.py for tasks to queue
[2025-06-02T22:06:01.527+0000] {logging_mixin.py:154} INFO - [2025-06-02T22:06:01.527+0000] {dagbag.py:536} INFO - Filling up the DagBag from /home/airflow/.local/lib/python3.10/site-packages/airflow/example_dags/example_dag_decorator.py
[2025-06-02T22:06:01.607+0000] {processor.py:839} INFO - DAG(s) dict_keys(['example_dag_decorator']) retrieved from /home/airflow/.local/lib/python3.10/site-packages/airflow/example_dags/example_dag_decorator.py
[2025-06-02T22:06:01.860+0000] {logging_mixin.py:154} INFO - [2025-06-02T22:06:01.860+0000] {dag.py:2941} INFO - Sync 1 DAGs
[2025-06-02T22:06:01.870+0000] {logging_mixin.py:154} INFO - [2025-06-02T22:06:01.870+0000] {dag.py:3722} INFO - Setting next_dagrun for example_dag_decorator to None, run_after=None
[2025-06-02T22:06:01.889+0000] {processor.py:179} INFO - Processing /home/airflow/.local/lib/python3.10/site-packages/airflow/example_dags/example_dag_decorator.py took 0.371 seconds
[2025-06-02T22:06:32.848+0000] {processor.py:157} INFO - Started process (PID=744) to work on /home/airflow/.local/lib/python3.10/site-packages/airflow/example_dags/example_dag_decorator.py
[2025-06-02T22:06:32.849+0000] {processor.py:829} INFO - Processing file /home/airflow/.local/lib/python3.10/site-packages/airflow/example_dags/example_dag_decorator.py for tasks to queue
[2025-06-02T22:06:32.853+0000] {logging_mixin.py:154} INFO - [2025-06-02T22:06:32.853+0000] {dagbag.py:536} INFO - Filling up the DagBag from /home/airflow/.local/lib/python3.10/site-packages/airflow/example_dags/example_dag_decorator.py
[2025-06-02T22:06:32.958+0000] {processor.py:839} INFO - DAG(s) dict_keys(['example_dag_decorator']) retrieved from /home/airflow/.local/lib/python3.10/site-packages/airflow/example_dags/example_dag_decorator.py
[2025-06-02T22:06:33.282+0000] {logging_mixin.py:154} INFO - [2025-06-02T22:06:33.282+0000] {dag.py:2941} INFO - Sync 1 DAGs
[2025-06-02T22:06:33.296+0000] {logging_mixin.py:154} INFO - [2025-06-02T22:06:33.296+0000] {dag.py:3722} INFO - Setting next_dagrun for example_dag_decorator to None, run_after=None
[2025-06-02T22:06:33.317+0000] {processor.py:179} INFO - Processing /home/airflow/.local/lib/python3.10/site-packages/airflow/example_dags/example_dag_decorator.py took 0.474 seconds
[2025-06-02T22:07:03.809+0000] {processor.py:157} INFO - Started process (PID=799) to work on /home/airflow/.local/lib/python3.10/site-packages/airflow/example_dags/example_dag_decorator.py
[2025-06-02T22:07:03.811+0000] {processor.py:829} INFO - Processing file /home/airflow/.local/lib/python3.10/site-packages/airflow/example_dags/example_dag_decorator.py for tasks to queue
[2025-06-02T22:07:03.815+0000] {logging_mixin.py:154} INFO - [2025-06-02T22:07:03.814+0000] {dagbag.py:536} INFO - Filling up the DagBag from /home/airflow/.local/lib/python3.10/site-packages/airflow/example_dags/example_dag_decorator.py
[2025-06-02T22:07:03.940+0000] {processor.py:839} INFO - DAG(s) dict_keys(['example_dag_decorator']) retrieved from /home/airflow/.local/lib/python3.10/site-packages/airflow/example_dags/example_dag_decorator.py
[2025-06-02T22:07:04.255+0000] {logging_mixin.py:154} INFO - [2025-06-02T22:07:04.255+0000] {dag.py:2941} INFO - Sync 1 DAGs
[2025-06-02T22:07:04.264+0000] {logging_mixin.py:154} INFO - [2025-06-02T22:07:04.264+0000] {dag.py:3722} INFO - Setting next_dagrun for example_dag_decorator to None, run_after=None
[2025-06-02T22:07:04.281+0000] {processor.py:179} INFO - Processing /home/airflow/.local/lib/python3.10/site-packages/airflow/example_dags/example_dag_decorator.py took 0.477 seconds
[2025-06-02T22:07:34.438+0000] {processor.py:157} INFO - Started process (PID=856) to work on /home/airflow/.local/lib/python3.10/site-packages/airflow/example_dags/example_dag_decorator.py
[2025-06-02T22:07:34.440+0000] {processor.py:829} INFO - Processing file /home/airflow/.local/lib/python3.10/site-packages/airflow/example_dags/example_dag_decorator.py for tasks to queue
[2025-06-02T22:07:34.444+0000] {logging_mixin.py:154} INFO - [2025-06-02T22:07:34.443+0000] {dagbag.py:536} INFO - Filling up the DagBag from /home/airflow/.local/lib/python3.10/site-packages/airflow/example_dags/example_dag_decorator.py
[2025-06-02T22:07:34.526+0000] {processor.py:839} INFO - DAG(s) dict_keys(['example_dag_decorator']) retrieved from /home/airflow/.local/lib/python3.10/site-packages/airflow/example_dags/example_dag_decorator.py
[2025-06-02T22:07:34.781+0000] {logging_mixin.py:154} INFO - [2025-06-02T22:07:34.781+0000] {dag.py:2941} INFO - Sync 1 DAGs
[2025-06-02T22:07:34.791+0000] {logging_mixin.py:154} INFO - [2025-06-02T22:07:34.791+0000] {dag.py:3722} INFO - Setting next_dagrun for example_dag_decorator to None, run_after=None
[2025-06-02T22:07:34.808+0000] {processor.py:179} INFO - Processing /home/airflow/.local/lib/python3.10/site-packages/airflow/example_dags/example_dag_decorator.py took 0.375 seconds
[2025-06-02T22:08:05.096+0000] {processor.py:157} INFO - Started process (PID=907) to work on /home/airflow/.local/lib/python3.10/site-packages/airflow/example_dags/example_dag_decorator.py
[2025-06-02T22:08:05.097+0000] {processor.py:829} INFO - Processing file /home/airflow/.local/lib/python3.10/site-packages/airflow/example_dags/example_dag_decorator.py for tasks to queue
[2025-06-02T22:08:05.100+0000] {logging_mixin.py:154} INFO - [2025-06-02T22:08:05.099+0000] {dagbag.py:536} INFO - Filling up the DagBag from /home/airflow/.local/lib/python3.10/site-packages/airflow/example_dags/example_dag_decorator.py
[2025-06-02T22:08:05.519+0000] {processor.py:839} INFO - DAG(s) dict_keys(['example_dag_decorator']) retrieved from /home/airflow/.local/lib/python3.10/site-packages/airflow/example_dags/example_dag_decorator.py
[2025-06-02T22:08:06.110+0000] {logging_mixin.py:154} INFO - [2025-06-02T22:08:06.110+0000] {dag.py:2941} INFO - Sync 1 DAGs
[2025-06-02T22:08:06.136+0000] {logging_mixin.py:154} INFO - [2025-06-02T22:08:06.135+0000] {dag.py:3722} INFO - Setting next_dagrun for example_dag_decorator to None, run_after=None
[2025-06-02T22:08:06.182+0000] {processor.py:179} INFO - Processing /home/airflow/.local/lib/python3.10/site-packages/airflow/example_dags/example_dag_decorator.py took 1.095 seconds
[2025-06-02T22:08:36.790+0000] {processor.py:157} INFO - Started process (PID=961) to work on /home/airflow/.local/lib/python3.10/site-packages/airflow/example_dags/example_dag_decorator.py
[2025-06-02T22:08:36.803+0000] {processor.py:829} INFO - Processing file /home/airflow/.local/lib/python3.10/site-packages/airflow/example_dags/example_dag_decorator.py for tasks to queue
[2025-06-02T22:08:36.806+0000] {logging_mixin.py:154} INFO - [2025-06-02T22:08:36.805+0000] {dagbag.py:536} INFO - Filling up the DagBag from /home/airflow/.local/lib/python3.10/site-packages/airflow/example_dags/example_dag_decorator.py
[2025-06-02T22:08:37.041+0000] {processor.py:839} INFO - DAG(s) dict_keys(['example_dag_decorator']) retrieved from /home/airflow/.local/lib/python3.10/site-packages/airflow/example_dags/example_dag_decorator.py
[2025-06-02T22:08:37.570+0000] {logging_mixin.py:154} INFO - [2025-06-02T22:08:37.570+0000] {dag.py:2941} INFO - Sync 1 DAGs
[2025-06-02T22:08:37.587+0000] {logging_mixin.py:154} INFO - [2025-06-02T22:08:37.587+0000] {dag.py:3722} INFO - Setting next_dagrun for example_dag_decorator to None, run_after=None
[2025-06-02T22:08:37.649+0000] {processor.py:179} INFO - Processing /home/airflow/.local/lib/python3.10/site-packages/airflow/example_dags/example_dag_decorator.py took 0.868 seconds
[2025-06-02T22:09:08.279+0000] {processor.py:157} INFO - Started process (PID=1016) to work on /home/airflow/.local/lib/python3.10/site-packages/airflow/example_dags/example_dag_decorator.py
[2025-06-02T22:09:08.281+0000] {processor.py:829} INFO - Processing file /home/airflow/.local/lib/python3.10/site-packages/airflow/example_dags/example_dag_decorator.py for tasks to queue
[2025-06-02T22:09:08.284+0000] {logging_mixin.py:154} INFO - [2025-06-02T22:09:08.284+0000] {dagbag.py:536} INFO - Filling up the DagBag from /home/airflow/.local/lib/python3.10/site-packages/airflow/example_dags/example_dag_decorator.py
[2025-06-02T22:09:08.516+0000] {processor.py:839} INFO - DAG(s) dict_keys(['example_dag_decorator']) retrieved from /home/airflow/.local/lib/python3.10/site-packages/airflow/example_dags/example_dag_decorator.py
[2025-06-02T22:09:09.131+0000] {logging_mixin.py:154} INFO - [2025-06-02T22:09:09.131+0000] {dag.py:2941} INFO - Sync 1 DAGs
[2025-06-02T22:09:09.145+0000] {logging_mixin.py:154} INFO - [2025-06-02T22:09:09.145+0000] {dag.py:3722} INFO - Setting next_dagrun for example_dag_decorator to None, run_after=None
[2025-06-02T22:09:09.179+0000] {processor.py:179} INFO - Processing /home/airflow/.local/lib/python3.10/site-packages/airflow/example_dags/example_dag_decorator.py took 0.905 seconds
[2025-06-02T22:09:39.345+0000] {processor.py:157} INFO - Started process (PID=1073) to work on /home/airflow/.local/lib/python3.10/site-packages/airflow/example_dags/example_dag_decorator.py
[2025-06-02T22:09:39.346+0000] {processor.py:829} INFO - Processing file /home/airflow/.local/lib/python3.10/site-packages/airflow/example_dags/example_dag_decorator.py for tasks to queue
[2025-06-02T22:09:39.350+0000] {logging_mixin.py:154} INFO - [2025-06-02T22:09:39.349+0000] {dagbag.py:536} INFO - Filling up the DagBag from /home/airflow/.local/lib/python3.10/site-packages/airflow/example_dags/example_dag_decorator.py
[2025-06-02T22:09:39.798+0000] {processor.py:839} INFO - DAG(s) dict_keys(['example_dag_decorator']) retrieved from /home/airflow/.local/lib/python3.10/site-packages/airflow/example_dags/example_dag_decorator.py
[2025-06-02T22:09:39.936+0000] {logging_mixin.py:154} INFO - [2025-06-02T22:09:39.934+0000] {dag.py:2941} INFO - Sync 1 DAGs
[2025-06-02T22:09:39.954+0000] {logging_mixin.py:154} INFO - [2025-06-02T22:09:39.953+0000] {dag.py:3722} INFO - Setting next_dagrun for example_dag_decorator to None, run_after=None
[2025-06-02T22:09:39.975+0000] {processor.py:179} INFO - Processing /home/airflow/.local/lib/python3.10/site-packages/airflow/example_dags/example_dag_decorator.py took 0.636 seconds
[2025-06-02T22:10:10.390+0000] {processor.py:157} INFO - Started process (PID=1133) to work on /home/airflow/.local/lib/python3.10/site-packages/airflow/example_dags/example_dag_decorator.py
[2025-06-02T22:10:10.392+0000] {processor.py:829} INFO - Processing file /home/airflow/.local/lib/python3.10/site-packages/airflow/example_dags/example_dag_decorator.py for tasks to queue
[2025-06-02T22:10:10.395+0000] {logging_mixin.py:154} INFO - [2025-06-02T22:10:10.395+0000] {dagbag.py:536} INFO - Filling up the DagBag from /home/airflow/.local/lib/python3.10/site-packages/airflow/example_dags/example_dag_decorator.py
[2025-06-02T22:10:10.693+0000] {processor.py:839} INFO - DAG(s) dict_keys(['example_dag_decorator']) retrieved from /home/airflow/.local/lib/python3.10/site-packages/airflow/example_dags/example_dag_decorator.py
[2025-06-02T22:10:10.844+0000] {logging_mixin.py:154} INFO - [2025-06-02T22:10:10.844+0000] {dag.py:2941} INFO - Sync 1 DAGs
[2025-06-02T22:10:10.866+0000] {logging_mixin.py:154} INFO - [2025-06-02T22:10:10.866+0000] {dag.py:3722} INFO - Setting next_dagrun for example_dag_decorator to None, run_after=None
[2025-06-02T22:10:10.909+0000] {processor.py:179} INFO - Processing /home/airflow/.local/lib/python3.10/site-packages/airflow/example_dags/example_dag_decorator.py took 0.523 seconds
[2025-06-02T22:10:41.025+0000] {processor.py:157} INFO - Started process (PID=1187) to work on /home/airflow/.local/lib/python3.10/site-packages/airflow/example_dags/example_dag_decorator.py
[2025-06-02T22:10:41.026+0000] {processor.py:829} INFO - Processing file /home/airflow/.local/lib/python3.10/site-packages/airflow/example_dags/example_dag_decorator.py for tasks to queue
[2025-06-02T22:10:41.029+0000] {logging_mixin.py:154} INFO - [2025-06-02T22:10:41.029+0000] {dagbag.py:536} INFO - Filling up the DagBag from /home/airflow/.local/lib/python3.10/site-packages/airflow/example_dags/example_dag_decorator.py
[2025-06-02T22:10:41.131+0000] {processor.py:839} INFO - DAG(s) dict_keys(['example_dag_decorator']) retrieved from /home/airflow/.local/lib/python3.10/site-packages/airflow/example_dags/example_dag_decorator.py
[2025-06-02T22:10:41.463+0000] {logging_mixin.py:154} INFO - [2025-06-02T22:10:41.462+0000] {dag.py:2941} INFO - Sync 1 DAGs
[2025-06-02T22:10:41.476+0000] {logging_mixin.py:154} INFO - [2025-06-02T22:10:41.476+0000] {dag.py:3722} INFO - Setting next_dagrun for example_dag_decorator to None, run_after=None
[2025-06-02T22:10:41.499+0000] {processor.py:179} INFO - Processing /home/airflow/.local/lib/python3.10/site-packages/airflow/example_dags/example_dag_decorator.py took 0.478 seconds
[2025-06-02T23:03:19.787+0000] {processor.py:157} INFO - Started process (PID=39) to work on /home/airflow/.local/lib/python3.10/site-packages/airflow/example_dags/example_dag_decorator.py
[2025-06-02T23:03:19.789+0000] {processor.py:829} INFO - Processing file /home/airflow/.local/lib/python3.10/site-packages/airflow/example_dags/example_dag_decorator.py for tasks to queue
[2025-06-02T23:03:19.806+0000] {logging_mixin.py:154} INFO - [2025-06-02T23:03:19.806+0000] {dagbag.py:536} INFO - Filling up the DagBag from /home/airflow/.local/lib/python3.10/site-packages/airflow/example_dags/example_dag_decorator.py
[2025-06-02T23:03:20.906+0000] {processor.py:839} INFO - DAG(s) dict_keys(['example_dag_decorator']) retrieved from /home/airflow/.local/lib/python3.10/site-packages/airflow/example_dags/example_dag_decorator.py
[2025-06-02T23:03:22.518+0000] {logging_mixin.py:154} INFO - [2025-06-02T23:03:22.518+0000] {dag.py:2941} INFO - Sync 1 DAGs
[2025-06-02T23:03:22.580+0000] {logging_mixin.py:154} INFO - [2025-06-02T23:03:22.579+0000] {dag.py:3722} INFO - Setting next_dagrun for example_dag_decorator to None, run_after=None
[2025-06-02T23:03:22.690+0000] {processor.py:179} INFO - Processing /home/airflow/.local/lib/python3.10/site-packages/airflow/example_dags/example_dag_decorator.py took 2.920 seconds
[2025-06-02T23:03:57.053+0000] {processor.py:157} INFO - Started process (PID=31) to work on /home/airflow/.local/lib/python3.10/site-packages/airflow/example_dags/example_dag_decorator.py
[2025-06-02T23:03:57.056+0000] {processor.py:829} INFO - Processing file /home/airflow/.local/lib/python3.10/site-packages/airflow/example_dags/example_dag_decorator.py for tasks to queue
[2025-06-02T23:03:57.059+0000] {logging_mixin.py:154} INFO - [2025-06-02T23:03:57.058+0000] {dagbag.py:536} INFO - Filling up the DagBag from /home/airflow/.local/lib/python3.10/site-packages/airflow/example_dags/example_dag_decorator.py
[2025-06-02T23:03:57.137+0000] {processor.py:839} INFO - DAG(s) dict_keys(['example_dag_decorator']) retrieved from /home/airflow/.local/lib/python3.10/site-packages/airflow/example_dags/example_dag_decorator.py
[2025-06-02T23:03:57.249+0000] {logging_mixin.py:154} INFO - [2025-06-02T23:03:57.249+0000] {dag.py:2941} INFO - Sync 1 DAGs
[2025-06-02T23:03:57.260+0000] {logging_mixin.py:154} INFO - [2025-06-02T23:03:57.259+0000] {dag.py:3722} INFO - Setting next_dagrun for example_dag_decorator to None, run_after=None
[2025-06-02T23:03:57.278+0000] {processor.py:179} INFO - Processing /home/airflow/.local/lib/python3.10/site-packages/airflow/example_dags/example_dag_decorator.py took 0.231 seconds
[2025-06-02T23:04:27.451+0000] {processor.py:157} INFO - Started process (PID=87) to work on /home/airflow/.local/lib/python3.10/site-packages/airflow/example_dags/example_dag_decorator.py
[2025-06-02T23:04:27.453+0000] {processor.py:829} INFO - Processing file /home/airflow/.local/lib/python3.10/site-packages/airflow/example_dags/example_dag_decorator.py for tasks to queue
[2025-06-02T23:04:27.457+0000] {logging_mixin.py:154} INFO - [2025-06-02T23:04:27.457+0000] {dagbag.py:536} INFO - Filling up the DagBag from /home/airflow/.local/lib/python3.10/site-packages/airflow/example_dags/example_dag_decorator.py
[2025-06-02T23:04:27.562+0000] {processor.py:839} INFO - DAG(s) dict_keys(['example_dag_decorator']) retrieved from /home/airflow/.local/lib/python3.10/site-packages/airflow/example_dags/example_dag_decorator.py
[2025-06-02T23:04:27.703+0000] {logging_mixin.py:154} INFO - [2025-06-02T23:04:27.702+0000] {dag.py:2941} INFO - Sync 1 DAGs
[2025-06-02T23:04:27.719+0000] {logging_mixin.py:154} INFO - [2025-06-02T23:04:27.718+0000] {dag.py:3722} INFO - Setting next_dagrun for example_dag_decorator to None, run_after=None
[2025-06-02T23:04:27.746+0000] {processor.py:179} INFO - Processing /home/airflow/.local/lib/python3.10/site-packages/airflow/example_dags/example_dag_decorator.py took 0.299 seconds
[2025-06-02T23:04:57.787+0000] {processor.py:157} INFO - Started process (PID=141) to work on /home/airflow/.local/lib/python3.10/site-packages/airflow/example_dags/example_dag_decorator.py
[2025-06-02T23:04:57.788+0000] {processor.py:829} INFO - Processing file /home/airflow/.local/lib/python3.10/site-packages/airflow/example_dags/example_dag_decorator.py for tasks to queue
[2025-06-02T23:04:57.791+0000] {logging_mixin.py:154} INFO - [2025-06-02T23:04:57.791+0000] {dagbag.py:536} INFO - Filling up the DagBag from /home/airflow/.local/lib/python3.10/site-packages/airflow/example_dags/example_dag_decorator.py
[2025-06-02T23:04:57.882+0000] {processor.py:839} INFO - DAG(s) dict_keys(['example_dag_decorator']) retrieved from /home/airflow/.local/lib/python3.10/site-packages/airflow/example_dags/example_dag_decorator.py
[2025-06-02T23:04:57.982+0000] {logging_mixin.py:154} INFO - [2025-06-02T23:04:57.982+0000] {dag.py:2941} INFO - Sync 1 DAGs
[2025-06-02T23:04:57.993+0000] {logging_mixin.py:154} INFO - [2025-06-02T23:04:57.993+0000] {dag.py:3722} INFO - Setting next_dagrun for example_dag_decorator to None, run_after=None
[2025-06-02T23:04:58.018+0000] {processor.py:179} INFO - Processing /home/airflow/.local/lib/python3.10/site-packages/airflow/example_dags/example_dag_decorator.py took 0.236 seconds
[2025-06-02T23:05:29.165+0000] {processor.py:157} INFO - Started process (PID=199) to work on /home/airflow/.local/lib/python3.10/site-packages/airflow/example_dags/example_dag_decorator.py
[2025-06-02T23:05:29.184+0000] {processor.py:829} INFO - Processing file /home/airflow/.local/lib/python3.10/site-packages/airflow/example_dags/example_dag_decorator.py for tasks to queue
[2025-06-02T23:05:29.188+0000] {logging_mixin.py:154} INFO - [2025-06-02T23:05:29.188+0000] {dagbag.py:536} INFO - Filling up the DagBag from /home/airflow/.local/lib/python3.10/site-packages/airflow/example_dags/example_dag_decorator.py
[2025-06-02T23:05:29.544+0000] {processor.py:839} INFO - DAG(s) dict_keys(['example_dag_decorator']) retrieved from /home/airflow/.local/lib/python3.10/site-packages/airflow/example_dags/example_dag_decorator.py
[2025-06-02T23:05:30.070+0000] {logging_mixin.py:154} INFO - [2025-06-02T23:05:30.070+0000] {dag.py:2941} INFO - Sync 1 DAGs
[2025-06-02T23:05:30.119+0000] {logging_mixin.py:154} INFO - [2025-06-02T23:05:30.119+0000] {dag.py:3722} INFO - Setting next_dagrun for example_dag_decorator to None, run_after=None
[2025-06-02T23:05:30.206+0000] {processor.py:179} INFO - Processing /home/airflow/.local/lib/python3.10/site-packages/airflow/example_dags/example_dag_decorator.py took 1.054 seconds
[2025-06-02T23:06:00.863+0000] {processor.py:157} INFO - Started process (PID=253) to work on /home/airflow/.local/lib/python3.10/site-packages/airflow/example_dags/example_dag_decorator.py
[2025-06-02T23:06:00.874+0000] {processor.py:829} INFO - Processing file /home/airflow/.local/lib/python3.10/site-packages/airflow/example_dags/example_dag_decorator.py for tasks to queue
[2025-06-02T23:06:00.877+0000] {logging_mixin.py:154} INFO - [2025-06-02T23:06:00.877+0000] {dagbag.py:536} INFO - Filling up the DagBag from /home/airflow/.local/lib/python3.10/site-packages/airflow/example_dags/example_dag_decorator.py
[2025-06-02T23:06:01.400+0000] {processor.py:839} INFO - DAG(s) dict_keys(['example_dag_decorator']) retrieved from /home/airflow/.local/lib/python3.10/site-packages/airflow/example_dags/example_dag_decorator.py
[2025-06-02T23:06:01.913+0000] {logging_mixin.py:154} INFO - [2025-06-02T23:06:01.913+0000] {dag.py:2941} INFO - Sync 1 DAGs
[2025-06-02T23:06:01.961+0000] {logging_mixin.py:154} INFO - [2025-06-02T23:06:01.961+0000] {dag.py:3722} INFO - Setting next_dagrun for example_dag_decorator to None, run_after=None
[2025-06-02T23:06:02.110+0000] {processor.py:179} INFO - Processing /home/airflow/.local/lib/python3.10/site-packages/airflow/example_dags/example_dag_decorator.py took 1.255 seconds
[2025-06-02T23:06:32.190+0000] {processor.py:157} INFO - Started process (PID=309) to work on /home/airflow/.local/lib/python3.10/site-packages/airflow/example_dags/example_dag_decorator.py
[2025-06-02T23:06:32.191+0000] {processor.py:829} INFO - Processing file /home/airflow/.local/lib/python3.10/site-packages/airflow/example_dags/example_dag_decorator.py for tasks to queue
[2025-06-02T23:06:32.194+0000] {logging_mixin.py:154} INFO - [2025-06-02T23:06:32.194+0000] {dagbag.py:536} INFO - Filling up the DagBag from /home/airflow/.local/lib/python3.10/site-packages/airflow/example_dags/example_dag_decorator.py
[2025-06-02T23:06:32.315+0000] {processor.py:839} INFO - DAG(s) dict_keys(['example_dag_decorator']) retrieved from /home/airflow/.local/lib/python3.10/site-packages/airflow/example_dags/example_dag_decorator.py
[2025-06-02T23:06:32.614+0000] {logging_mixin.py:154} INFO - [2025-06-02T23:06:32.613+0000] {dag.py:2941} INFO - Sync 1 DAGs
[2025-06-02T23:06:32.636+0000] {logging_mixin.py:154} INFO - [2025-06-02T23:06:32.636+0000] {dag.py:3722} INFO - Setting next_dagrun for example_dag_decorator to None, run_after=None
[2025-06-02T23:06:32.665+0000] {processor.py:179} INFO - Processing /home/airflow/.local/lib/python3.10/site-packages/airflow/example_dags/example_dag_decorator.py took 0.480 seconds
[2025-06-02T23:07:02.739+0000] {processor.py:157} INFO - Started process (PID=365) to work on /home/airflow/.local/lib/python3.10/site-packages/airflow/example_dags/example_dag_decorator.py
[2025-06-02T23:07:02.741+0000] {processor.py:829} INFO - Processing file /home/airflow/.local/lib/python3.10/site-packages/airflow/example_dags/example_dag_decorator.py for tasks to queue
[2025-06-02T23:07:02.744+0000] {logging_mixin.py:154} INFO - [2025-06-02T23:07:02.744+0000] {dagbag.py:536} INFO - Filling up the DagBag from /home/airflow/.local/lib/python3.10/site-packages/airflow/example_dags/example_dag_decorator.py
[2025-06-02T23:07:02.861+0000] {processor.py:839} INFO - DAG(s) dict_keys(['example_dag_decorator']) retrieved from /home/airflow/.local/lib/python3.10/site-packages/airflow/example_dags/example_dag_decorator.py
[2025-06-02T23:07:02.983+0000] {logging_mixin.py:154} INFO - [2025-06-02T23:07:02.983+0000] {dag.py:2941} INFO - Sync 1 DAGs
[2025-06-02T23:07:03.000+0000] {logging_mixin.py:154} INFO - [2025-06-02T23:07:03.000+0000] {dag.py:3722} INFO - Setting next_dagrun for example_dag_decorator to None, run_after=None
[2025-06-02T23:07:03.025+0000] {processor.py:179} INFO - Processing /home/airflow/.local/lib/python3.10/site-packages/airflow/example_dags/example_dag_decorator.py took 0.290 seconds
[2025-06-02T23:07:33.728+0000] {processor.py:157} INFO - Started process (PID=421) to work on /home/airflow/.local/lib/python3.10/site-packages/airflow/example_dags/example_dag_decorator.py
[2025-06-02T23:07:33.729+0000] {processor.py:829} INFO - Processing file /home/airflow/.local/lib/python3.10/site-packages/airflow/example_dags/example_dag_decorator.py for tasks to queue
[2025-06-02T23:07:33.732+0000] {logging_mixin.py:154} INFO - [2025-06-02T23:07:33.731+0000] {dagbag.py:536} INFO - Filling up the DagBag from /home/airflow/.local/lib/python3.10/site-packages/airflow/example_dags/example_dag_decorator.py
[2025-06-02T23:07:33.893+0000] {processor.py:839} INFO - DAG(s) dict_keys(['example_dag_decorator']) retrieved from /home/airflow/.local/lib/python3.10/site-packages/airflow/example_dags/example_dag_decorator.py
[2025-06-02T23:07:34.043+0000] {logging_mixin.py:154} INFO - [2025-06-02T23:07:34.042+0000] {dag.py:2941} INFO - Sync 1 DAGs
[2025-06-02T23:07:34.060+0000] {logging_mixin.py:154} INFO - [2025-06-02T23:07:34.060+0000] {dag.py:3722} INFO - Setting next_dagrun for example_dag_decorator to None, run_after=None
[2025-06-02T23:07:34.095+0000] {processor.py:179} INFO - Processing /home/airflow/.local/lib/python3.10/site-packages/airflow/example_dags/example_dag_decorator.py took 0.372 seconds
