[2025-06-02T22:00:02.864+0000] {processor.py:157} INFO - Started process (PID=58) to work on /home/airflow/.local/lib/python3.10/site-packages/airflow/example_dags/example_sensor_decorator.py
[2025-06-02T22:00:02.872+0000] {processor.py:829} INFO - Processing file /home/airflow/.local/lib/python3.10/site-packages/airflow/example_dags/example_sensor_decorator.py for tasks to queue
[2025-06-02T22:00:02.877+0000] {logging_mixin.py:154} INFO - [2025-06-02T22:00:02.877+0000] {dagbag.py:536} INFO - Filling up the DagBag from /home/airflow/.local/lib/python3.10/site-packages/airflow/example_dags/example_sensor_decorator.py
[2025-06-02T22:00:02.900+0000] {processor.py:839} INFO - DAG(s) dict_keys(['example_sensor_decorator']) retrieved from /home/airflow/.local/lib/python3.10/site-packages/airflow/example_dags/example_sensor_decorator.py
[2025-06-02T22:00:03.321+0000] {logging_mixin.py:154} INFO - [2025-06-02T22:00:03.321+0000] {manager.py:499} INFO - Created Permission View: %s
[2025-06-02T22:00:03.384+0000] {logging_mixin.py:154} INFO - [2025-06-02T22:00:03.384+0000] {manager.py:499} INFO - Created Permission View: %s
[2025-06-02T22:00:03.456+0000] {logging_mixin.py:154} INFO - [2025-06-02T22:00:03.455+0000] {manager.py:499} INFO - Created Permission View: %s
[2025-06-02T22:00:03.462+0000] {logging_mixin.py:154} INFO - [2025-06-02T22:00:03.462+0000] {dag.py:2941} INFO - Sync 1 DAGs
[2025-06-02T22:00:03.490+0000] {logging_mixin.py:154} INFO - [2025-06-02T22:00:03.490+0000] {dag.py:2963} INFO - Creating ORM DAG for example_sensor_decorator
[2025-06-02T22:00:03.497+0000] {logging_mixin.py:154} INFO - [2025-06-02T22:00:03.497+0000] {dag.py:3722} INFO - Setting next_dagrun for example_sensor_decorator to None, run_after=None
[2025-06-02T22:00:03.559+0000] {processor.py:179} INFO - Processing /home/airflow/.local/lib/python3.10/site-packages/airflow/example_dags/example_sensor_decorator.py took 0.700 seconds
[2025-06-02T22:00:34.521+0000] {processor.py:157} INFO - Started process (PID=112) to work on /home/airflow/.local/lib/python3.10/site-packages/airflow/example_dags/example_sensor_decorator.py
[2025-06-02T22:00:34.523+0000] {processor.py:829} INFO - Processing file /home/airflow/.local/lib/python3.10/site-packages/airflow/example_dags/example_sensor_decorator.py for tasks to queue
[2025-06-02T22:00:34.527+0000] {logging_mixin.py:154} INFO - [2025-06-02T22:00:34.527+0000] {dagbag.py:536} INFO - Filling up the DagBag from /home/airflow/.local/lib/python3.10/site-packages/airflow/example_dags/example_sensor_decorator.py
[2025-06-02T22:00:34.535+0000] {processor.py:839} INFO - DAG(s) dict_keys(['example_sensor_decorator']) retrieved from /home/airflow/.local/lib/python3.10/site-packages/airflow/example_dags/example_sensor_decorator.py
[2025-06-02T22:00:34.561+0000] {logging_mixin.py:154} INFO - [2025-06-02T22:00:34.561+0000] {dag.py:2941} INFO - Sync 1 DAGs
[2025-06-02T22:00:34.578+0000] {logging_mixin.py:154} INFO - [2025-06-02T22:00:34.578+0000] {dag.py:3722} INFO - Setting next_dagrun for example_sensor_decorator to None, run_after=None
[2025-06-02T22:00:34.609+0000] {processor.py:179} INFO - Processing /home/airflow/.local/lib/python3.10/site-packages/airflow/example_dags/example_sensor_decorator.py took 0.092 seconds
[2025-06-02T22:01:04.795+0000] {processor.py:157} INFO - Started process (PID=166) to work on /home/airflow/.local/lib/python3.10/site-packages/airflow/example_dags/example_sensor_decorator.py
[2025-06-02T22:01:04.796+0000] {processor.py:829} INFO - Processing file /home/airflow/.local/lib/python3.10/site-packages/airflow/example_dags/example_sensor_decorator.py for tasks to queue
[2025-06-02T22:01:04.800+0000] {logging_mixin.py:154} INFO - [2025-06-02T22:01:04.800+0000] {dagbag.py:536} INFO - Filling up the DagBag from /home/airflow/.local/lib/python3.10/site-packages/airflow/example_dags/example_sensor_decorator.py
[2025-06-02T22:01:04.808+0000] {processor.py:839} INFO - DAG(s) dict_keys(['example_sensor_decorator']) retrieved from /home/airflow/.local/lib/python3.10/site-packages/airflow/example_dags/example_sensor_decorator.py
[2025-06-02T22:01:04.835+0000] {logging_mixin.py:154} INFO - [2025-06-02T22:01:04.835+0000] {dag.py:2941} INFO - Sync 1 DAGs
[2025-06-02T22:01:04.853+0000] {logging_mixin.py:154} INFO - [2025-06-02T22:01:04.852+0000] {dag.py:3722} INFO - Setting next_dagrun for example_sensor_decorator to None, run_after=None
[2025-06-02T22:01:04.882+0000] {processor.py:179} INFO - Processing /home/airflow/.local/lib/python3.10/site-packages/airflow/example_dags/example_sensor_decorator.py took 0.092 seconds
[2025-06-02T22:01:35.451+0000] {processor.py:157} INFO - Started process (PID=220) to work on /home/airflow/.local/lib/python3.10/site-packages/airflow/example_dags/example_sensor_decorator.py
[2025-06-02T22:01:35.453+0000] {processor.py:829} INFO - Processing file /home/airflow/.local/lib/python3.10/site-packages/airflow/example_dags/example_sensor_decorator.py for tasks to queue
[2025-06-02T22:01:35.456+0000] {logging_mixin.py:154} INFO - [2025-06-02T22:01:35.456+0000] {dagbag.py:536} INFO - Filling up the DagBag from /home/airflow/.local/lib/python3.10/site-packages/airflow/example_dags/example_sensor_decorator.py
[2025-06-02T22:01:35.464+0000] {processor.py:839} INFO - DAG(s) dict_keys(['example_sensor_decorator']) retrieved from /home/airflow/.local/lib/python3.10/site-packages/airflow/example_dags/example_sensor_decorator.py
[2025-06-02T22:01:35.490+0000] {logging_mixin.py:154} INFO - [2025-06-02T22:01:35.490+0000] {dag.py:2941} INFO - Sync 1 DAGs
[2025-06-02T22:01:35.508+0000] {logging_mixin.py:154} INFO - [2025-06-02T22:01:35.508+0000] {dag.py:3722} INFO - Setting next_dagrun for example_sensor_decorator to None, run_after=None
[2025-06-02T22:01:35.531+0000] {processor.py:179} INFO - Processing /home/airflow/.local/lib/python3.10/site-packages/airflow/example_dags/example_sensor_decorator.py took 0.084 seconds
[2025-06-02T22:02:06.153+0000] {processor.py:157} INFO - Started process (PID=275) to work on /home/airflow/.local/lib/python3.10/site-packages/airflow/example_dags/example_sensor_decorator.py
[2025-06-02T22:02:06.155+0000] {processor.py:829} INFO - Processing file /home/airflow/.local/lib/python3.10/site-packages/airflow/example_dags/example_sensor_decorator.py for tasks to queue
[2025-06-02T22:02:06.158+0000] {logging_mixin.py:154} INFO - [2025-06-02T22:02:06.158+0000] {dagbag.py:536} INFO - Filling up the DagBag from /home/airflow/.local/lib/python3.10/site-packages/airflow/example_dags/example_sensor_decorator.py
[2025-06-02T22:02:06.166+0000] {processor.py:839} INFO - DAG(s) dict_keys(['example_sensor_decorator']) retrieved from /home/airflow/.local/lib/python3.10/site-packages/airflow/example_dags/example_sensor_decorator.py
[2025-06-02T22:02:06.194+0000] {logging_mixin.py:154} INFO - [2025-06-02T22:02:06.193+0000] {dag.py:2941} INFO - Sync 1 DAGs
[2025-06-02T22:02:06.211+0000] {logging_mixin.py:154} INFO - [2025-06-02T22:02:06.211+0000] {dag.py:3722} INFO - Setting next_dagrun for example_sensor_decorator to None, run_after=None
[2025-06-02T22:02:06.236+0000] {processor.py:179} INFO - Processing /home/airflow/.local/lib/python3.10/site-packages/airflow/example_dags/example_sensor_decorator.py took 0.087 seconds
[2025-06-02T22:02:36.988+0000] {processor.py:157} INFO - Started process (PID=328) to work on /home/airflow/.local/lib/python3.10/site-packages/airflow/example_dags/example_sensor_decorator.py
[2025-06-02T22:02:36.989+0000] {processor.py:829} INFO - Processing file /home/airflow/.local/lib/python3.10/site-packages/airflow/example_dags/example_sensor_decorator.py for tasks to queue
[2025-06-02T22:02:36.993+0000] {logging_mixin.py:154} INFO - [2025-06-02T22:02:36.992+0000] {dagbag.py:536} INFO - Filling up the DagBag from /home/airflow/.local/lib/python3.10/site-packages/airflow/example_dags/example_sensor_decorator.py
[2025-06-02T22:02:37.001+0000] {processor.py:839} INFO - DAG(s) dict_keys(['example_sensor_decorator']) retrieved from /home/airflow/.local/lib/python3.10/site-packages/airflow/example_dags/example_sensor_decorator.py
[2025-06-02T22:02:37.027+0000] {logging_mixin.py:154} INFO - [2025-06-02T22:02:37.026+0000] {dag.py:2941} INFO - Sync 1 DAGs
[2025-06-02T22:02:37.055+0000] {logging_mixin.py:154} INFO - [2025-06-02T22:02:37.055+0000] {dag.py:3722} INFO - Setting next_dagrun for example_sensor_decorator to None, run_after=None
[2025-06-02T22:02:37.087+0000] {processor.py:179} INFO - Processing /home/airflow/.local/lib/python3.10/site-packages/airflow/example_dags/example_sensor_decorator.py took 0.103 seconds
[2025-06-02T22:03:07.699+0000] {processor.py:157} INFO - Started process (PID=382) to work on /home/airflow/.local/lib/python3.10/site-packages/airflow/example_dags/example_sensor_decorator.py
[2025-06-02T22:03:07.701+0000] {processor.py:829} INFO - Processing file /home/airflow/.local/lib/python3.10/site-packages/airflow/example_dags/example_sensor_decorator.py for tasks to queue
[2025-06-02T22:03:07.705+0000] {logging_mixin.py:154} INFO - [2025-06-02T22:03:07.704+0000] {dagbag.py:536} INFO - Filling up the DagBag from /home/airflow/.local/lib/python3.10/site-packages/airflow/example_dags/example_sensor_decorator.py
[2025-06-02T22:03:07.713+0000] {processor.py:839} INFO - DAG(s) dict_keys(['example_sensor_decorator']) retrieved from /home/airflow/.local/lib/python3.10/site-packages/airflow/example_dags/example_sensor_decorator.py
[2025-06-02T22:03:07.740+0000] {logging_mixin.py:154} INFO - [2025-06-02T22:03:07.739+0000] {dag.py:2941} INFO - Sync 1 DAGs
[2025-06-02T22:03:07.756+0000] {logging_mixin.py:154} INFO - [2025-06-02T22:03:07.756+0000] {dag.py:3722} INFO - Setting next_dagrun for example_sensor_decorator to None, run_after=None
[2025-06-02T22:03:07.782+0000] {processor.py:179} INFO - Processing /home/airflow/.local/lib/python3.10/site-packages/airflow/example_dags/example_sensor_decorator.py took 0.087 seconds
[2025-06-02T22:03:38.396+0000] {processor.py:157} INFO - Started process (PID=444) to work on /home/airflow/.local/lib/python3.10/site-packages/airflow/example_dags/example_sensor_decorator.py
[2025-06-02T22:03:38.404+0000] {processor.py:829} INFO - Processing file /home/airflow/.local/lib/python3.10/site-packages/airflow/example_dags/example_sensor_decorator.py for tasks to queue
[2025-06-02T22:03:38.410+0000] {logging_mixin.py:154} INFO - [2025-06-02T22:03:38.409+0000] {dagbag.py:536} INFO - Filling up the DagBag from /home/airflow/.local/lib/python3.10/site-packages/airflow/example_dags/example_sensor_decorator.py
[2025-06-02T22:03:38.418+0000] {processor.py:839} INFO - DAG(s) dict_keys(['example_sensor_decorator']) retrieved from /home/airflow/.local/lib/python3.10/site-packages/airflow/example_dags/example_sensor_decorator.py
[2025-06-02T22:03:38.446+0000] {logging_mixin.py:154} INFO - [2025-06-02T22:03:38.446+0000] {dag.py:2941} INFO - Sync 1 DAGs
[2025-06-02T22:03:38.465+0000] {logging_mixin.py:154} INFO - [2025-06-02T22:03:38.464+0000] {dag.py:3722} INFO - Setting next_dagrun for example_sensor_decorator to None, run_after=None
[2025-06-02T22:03:38.491+0000] {processor.py:179} INFO - Processing /home/airflow/.local/lib/python3.10/site-packages/airflow/example_dags/example_sensor_decorator.py took 0.101 seconds
[2025-06-02T22:04:09.011+0000] {processor.py:157} INFO - Started process (PID=498) to work on /home/airflow/.local/lib/python3.10/site-packages/airflow/example_dags/example_sensor_decorator.py
[2025-06-02T22:04:09.012+0000] {processor.py:829} INFO - Processing file /home/airflow/.local/lib/python3.10/site-packages/airflow/example_dags/example_sensor_decorator.py for tasks to queue
[2025-06-02T22:04:09.026+0000] {logging_mixin.py:154} INFO - [2025-06-02T22:04:09.026+0000] {dagbag.py:536} INFO - Filling up the DagBag from /home/airflow/.local/lib/python3.10/site-packages/airflow/example_dags/example_sensor_decorator.py
[2025-06-02T22:04:09.041+0000] {processor.py:839} INFO - DAG(s) dict_keys(['example_sensor_decorator']) retrieved from /home/airflow/.local/lib/python3.10/site-packages/airflow/example_dags/example_sensor_decorator.py
[2025-06-02T22:04:09.130+0000] {logging_mixin.py:154} INFO - [2025-06-02T22:04:09.129+0000] {dag.py:2941} INFO - Sync 1 DAGs
[2025-06-02T22:04:09.176+0000] {logging_mixin.py:154} INFO - [2025-06-02T22:04:09.176+0000] {dag.py:3722} INFO - Setting next_dagrun for example_sensor_decorator to None, run_after=None
[2025-06-02T22:04:09.275+0000] {processor.py:179} INFO - Processing /home/airflow/.local/lib/python3.10/site-packages/airflow/example_dags/example_sensor_decorator.py took 0.269 seconds
[2025-06-02T22:04:40.167+0000] {processor.py:157} INFO - Started process (PID=552) to work on /home/airflow/.local/lib/python3.10/site-packages/airflow/example_dags/example_sensor_decorator.py
[2025-06-02T22:04:40.168+0000] {processor.py:829} INFO - Processing file /home/airflow/.local/lib/python3.10/site-packages/airflow/example_dags/example_sensor_decorator.py for tasks to queue
[2025-06-02T22:04:40.172+0000] {logging_mixin.py:154} INFO - [2025-06-02T22:04:40.172+0000] {dagbag.py:536} INFO - Filling up the DagBag from /home/airflow/.local/lib/python3.10/site-packages/airflow/example_dags/example_sensor_decorator.py
[2025-06-02T22:04:40.180+0000] {processor.py:839} INFO - DAG(s) dict_keys(['example_sensor_decorator']) retrieved from /home/airflow/.local/lib/python3.10/site-packages/airflow/example_dags/example_sensor_decorator.py
[2025-06-02T22:04:40.207+0000] {logging_mixin.py:154} INFO - [2025-06-02T22:04:40.207+0000] {dag.py:2941} INFO - Sync 1 DAGs
[2025-06-02T22:04:40.224+0000] {logging_mixin.py:154} INFO - [2025-06-02T22:04:40.223+0000] {dag.py:3722} INFO - Setting next_dagrun for example_sensor_decorator to None, run_after=None
[2025-06-02T22:04:40.252+0000] {processor.py:179} INFO - Processing /home/airflow/.local/lib/python3.10/site-packages/airflow/example_dags/example_sensor_decorator.py took 0.090 seconds
[2025-06-02T22:05:10.435+0000] {processor.py:157} INFO - Started process (PID=607) to work on /home/airflow/.local/lib/python3.10/site-packages/airflow/example_dags/example_sensor_decorator.py
[2025-06-02T22:05:10.436+0000] {processor.py:829} INFO - Processing file /home/airflow/.local/lib/python3.10/site-packages/airflow/example_dags/example_sensor_decorator.py for tasks to queue
[2025-06-02T22:05:10.440+0000] {logging_mixin.py:154} INFO - [2025-06-02T22:05:10.439+0000] {dagbag.py:536} INFO - Filling up the DagBag from /home/airflow/.local/lib/python3.10/site-packages/airflow/example_dags/example_sensor_decorator.py
[2025-06-02T22:05:10.448+0000] {processor.py:839} INFO - DAG(s) dict_keys(['example_sensor_decorator']) retrieved from /home/airflow/.local/lib/python3.10/site-packages/airflow/example_dags/example_sensor_decorator.py
[2025-06-02T22:05:10.477+0000] {logging_mixin.py:154} INFO - [2025-06-02T22:05:10.477+0000] {dag.py:2941} INFO - Sync 1 DAGs
[2025-06-02T22:05:10.495+0000] {logging_mixin.py:154} INFO - [2025-06-02T22:05:10.495+0000] {dag.py:3722} INFO - Setting next_dagrun for example_sensor_decorator to None, run_after=None
[2025-06-02T22:05:10.518+0000] {processor.py:179} INFO - Processing /home/airflow/.local/lib/python3.10/site-packages/airflow/example_dags/example_sensor_decorator.py took 0.088 seconds
[2025-06-02T22:05:40.729+0000] {processor.py:157} INFO - Started process (PID=661) to work on /home/airflow/.local/lib/python3.10/site-packages/airflow/example_dags/example_sensor_decorator.py
[2025-06-02T22:05:40.730+0000] {processor.py:829} INFO - Processing file /home/airflow/.local/lib/python3.10/site-packages/airflow/example_dags/example_sensor_decorator.py for tasks to queue
[2025-06-02T22:05:40.734+0000] {logging_mixin.py:154} INFO - [2025-06-02T22:05:40.734+0000] {dagbag.py:536} INFO - Filling up the DagBag from /home/airflow/.local/lib/python3.10/site-packages/airflow/example_dags/example_sensor_decorator.py
[2025-06-02T22:05:40.742+0000] {processor.py:839} INFO - DAG(s) dict_keys(['example_sensor_decorator']) retrieved from /home/airflow/.local/lib/python3.10/site-packages/airflow/example_dags/example_sensor_decorator.py
[2025-06-02T22:05:40.769+0000] {logging_mixin.py:154} INFO - [2025-06-02T22:05:40.769+0000] {dag.py:2941} INFO - Sync 1 DAGs
[2025-06-02T22:05:40.787+0000] {logging_mixin.py:154} INFO - [2025-06-02T22:05:40.786+0000] {dag.py:3722} INFO - Setting next_dagrun for example_sensor_decorator to None, run_after=None
[2025-06-02T22:05:40.813+0000] {processor.py:179} INFO - Processing /home/airflow/.local/lib/python3.10/site-packages/airflow/example_dags/example_sensor_decorator.py took 0.088 seconds
[2025-06-02T22:06:11.005+0000] {processor.py:157} INFO - Started process (PID=714) to work on /home/airflow/.local/lib/python3.10/site-packages/airflow/example_dags/example_sensor_decorator.py
[2025-06-02T22:06:11.006+0000] {processor.py:829} INFO - Processing file /home/airflow/.local/lib/python3.10/site-packages/airflow/example_dags/example_sensor_decorator.py for tasks to queue
[2025-06-02T22:06:11.009+0000] {logging_mixin.py:154} INFO - [2025-06-02T22:06:11.009+0000] {dagbag.py:536} INFO - Filling up the DagBag from /home/airflow/.local/lib/python3.10/site-packages/airflow/example_dags/example_sensor_decorator.py
[2025-06-02T22:06:11.017+0000] {processor.py:839} INFO - DAG(s) dict_keys(['example_sensor_decorator']) retrieved from /home/airflow/.local/lib/python3.10/site-packages/airflow/example_dags/example_sensor_decorator.py
[2025-06-02T22:06:11.045+0000] {logging_mixin.py:154} INFO - [2025-06-02T22:06:11.045+0000] {dag.py:2941} INFO - Sync 1 DAGs
[2025-06-02T22:06:11.062+0000] {logging_mixin.py:154} INFO - [2025-06-02T22:06:11.062+0000] {dag.py:3722} INFO - Setting next_dagrun for example_sensor_decorator to None, run_after=None
[2025-06-02T22:06:11.085+0000] {processor.py:179} INFO - Processing /home/airflow/.local/lib/python3.10/site-packages/airflow/example_dags/example_sensor_decorator.py took 0.085 seconds
[2025-06-02T22:06:41.533+0000] {processor.py:157} INFO - Started process (PID=769) to work on /home/airflow/.local/lib/python3.10/site-packages/airflow/example_dags/example_sensor_decorator.py
[2025-06-02T22:06:41.535+0000] {processor.py:829} INFO - Processing file /home/airflow/.local/lib/python3.10/site-packages/airflow/example_dags/example_sensor_decorator.py for tasks to queue
[2025-06-02T22:06:41.538+0000] {logging_mixin.py:154} INFO - [2025-06-02T22:06:41.538+0000] {dagbag.py:536} INFO - Filling up the DagBag from /home/airflow/.local/lib/python3.10/site-packages/airflow/example_dags/example_sensor_decorator.py
[2025-06-02T22:06:41.546+0000] {processor.py:839} INFO - DAG(s) dict_keys(['example_sensor_decorator']) retrieved from /home/airflow/.local/lib/python3.10/site-packages/airflow/example_dags/example_sensor_decorator.py
[2025-06-02T22:06:41.572+0000] {logging_mixin.py:154} INFO - [2025-06-02T22:06:41.572+0000] {dag.py:2941} INFO - Sync 1 DAGs
[2025-06-02T22:06:41.590+0000] {logging_mixin.py:154} INFO - [2025-06-02T22:06:41.590+0000] {dag.py:3722} INFO - Setting next_dagrun for example_sensor_decorator to None, run_after=None
[2025-06-02T22:06:41.611+0000] {processor.py:179} INFO - Processing /home/airflow/.local/lib/python3.10/site-packages/airflow/example_dags/example_sensor_decorator.py took 0.082 seconds
[2025-06-02T22:07:12.637+0000] {processor.py:157} INFO - Started process (PID=823) to work on /home/airflow/.local/lib/python3.10/site-packages/airflow/example_dags/example_sensor_decorator.py
[2025-06-02T22:07:12.638+0000] {processor.py:829} INFO - Processing file /home/airflow/.local/lib/python3.10/site-packages/airflow/example_dags/example_sensor_decorator.py for tasks to queue
[2025-06-02T22:07:12.641+0000] {logging_mixin.py:154} INFO - [2025-06-02T22:07:12.641+0000] {dagbag.py:536} INFO - Filling up the DagBag from /home/airflow/.local/lib/python3.10/site-packages/airflow/example_dags/example_sensor_decorator.py
[2025-06-02T22:07:12.649+0000] {processor.py:839} INFO - DAG(s) dict_keys(['example_sensor_decorator']) retrieved from /home/airflow/.local/lib/python3.10/site-packages/airflow/example_dags/example_sensor_decorator.py
[2025-06-02T22:07:12.677+0000] {logging_mixin.py:154} INFO - [2025-06-02T22:07:12.676+0000] {dag.py:2941} INFO - Sync 1 DAGs
[2025-06-02T22:07:12.694+0000] {logging_mixin.py:154} INFO - [2025-06-02T22:07:12.694+0000] {dag.py:3722} INFO - Setting next_dagrun for example_sensor_decorator to None, run_after=None
[2025-06-02T22:07:12.717+0000] {processor.py:179} INFO - Processing /home/airflow/.local/lib/python3.10/site-packages/airflow/example_dags/example_sensor_decorator.py took 0.085 seconds
[2025-06-02T22:07:43.394+0000] {processor.py:157} INFO - Started process (PID=877) to work on /home/airflow/.local/lib/python3.10/site-packages/airflow/example_dags/example_sensor_decorator.py
[2025-06-02T22:07:43.395+0000] {processor.py:829} INFO - Processing file /home/airflow/.local/lib/python3.10/site-packages/airflow/example_dags/example_sensor_decorator.py for tasks to queue
[2025-06-02T22:07:43.399+0000] {logging_mixin.py:154} INFO - [2025-06-02T22:07:43.398+0000] {dagbag.py:536} INFO - Filling up the DagBag from /home/airflow/.local/lib/python3.10/site-packages/airflow/example_dags/example_sensor_decorator.py
[2025-06-02T22:07:43.408+0000] {processor.py:839} INFO - DAG(s) dict_keys(['example_sensor_decorator']) retrieved from /home/airflow/.local/lib/python3.10/site-packages/airflow/example_dags/example_sensor_decorator.py
[2025-06-02T22:07:43.434+0000] {logging_mixin.py:154} INFO - [2025-06-02T22:07:43.434+0000] {dag.py:2941} INFO - Sync 1 DAGs
[2025-06-02T22:07:43.452+0000] {logging_mixin.py:154} INFO - [2025-06-02T22:07:43.451+0000] {dag.py:3722} INFO - Setting next_dagrun for example_sensor_decorator to None, run_after=None
[2025-06-02T22:07:43.477+0000] {processor.py:179} INFO - Processing /home/airflow/.local/lib/python3.10/site-packages/airflow/example_dags/example_sensor_decorator.py took 0.088 seconds
[2025-06-02T22:08:14.008+0000] {processor.py:157} INFO - Started process (PID=931) to work on /home/airflow/.local/lib/python3.10/site-packages/airflow/example_dags/example_sensor_decorator.py
[2025-06-02T22:08:14.009+0000] {processor.py:829} INFO - Processing file /home/airflow/.local/lib/python3.10/site-packages/airflow/example_dags/example_sensor_decorator.py for tasks to queue
[2025-06-02T22:08:14.013+0000] {logging_mixin.py:154} INFO - [2025-06-02T22:08:14.012+0000] {dagbag.py:536} INFO - Filling up the DagBag from /home/airflow/.local/lib/python3.10/site-packages/airflow/example_dags/example_sensor_decorator.py
[2025-06-02T22:08:14.021+0000] {processor.py:839} INFO - DAG(s) dict_keys(['example_sensor_decorator']) retrieved from /home/airflow/.local/lib/python3.10/site-packages/airflow/example_dags/example_sensor_decorator.py
[2025-06-02T22:08:14.048+0000] {logging_mixin.py:154} INFO - [2025-06-02T22:08:14.048+0000] {dag.py:2941} INFO - Sync 1 DAGs
[2025-06-02T22:08:14.065+0000] {logging_mixin.py:154} INFO - [2025-06-02T22:08:14.065+0000] {dag.py:3722} INFO - Setting next_dagrun for example_sensor_decorator to None, run_after=None
[2025-06-02T22:08:14.089+0000] {processor.py:179} INFO - Processing /home/airflow/.local/lib/python3.10/site-packages/airflow/example_dags/example_sensor_decorator.py took 0.085 seconds
[2025-06-02T22:08:44.743+0000] {processor.py:157} INFO - Started process (PID=985) to work on /home/airflow/.local/lib/python3.10/site-packages/airflow/example_dags/example_sensor_decorator.py
[2025-06-02T22:08:44.745+0000] {processor.py:829} INFO - Processing file /home/airflow/.local/lib/python3.10/site-packages/airflow/example_dags/example_sensor_decorator.py for tasks to queue
[2025-06-02T22:08:44.748+0000] {logging_mixin.py:154} INFO - [2025-06-02T22:08:44.748+0000] {dagbag.py:536} INFO - Filling up the DagBag from /home/airflow/.local/lib/python3.10/site-packages/airflow/example_dags/example_sensor_decorator.py
[2025-06-02T22:08:44.756+0000] {processor.py:839} INFO - DAG(s) dict_keys(['example_sensor_decorator']) retrieved from /home/airflow/.local/lib/python3.10/site-packages/airflow/example_dags/example_sensor_decorator.py
[2025-06-02T22:08:44.784+0000] {logging_mixin.py:154} INFO - [2025-06-02T22:08:44.783+0000] {dag.py:2941} INFO - Sync 1 DAGs
[2025-06-02T22:08:44.801+0000] {logging_mixin.py:154} INFO - [2025-06-02T22:08:44.801+0000] {dag.py:3722} INFO - Setting next_dagrun for example_sensor_decorator to None, run_after=None
[2025-06-02T22:08:44.824+0000] {processor.py:179} INFO - Processing /home/airflow/.local/lib/python3.10/site-packages/airflow/example_dags/example_sensor_decorator.py took 0.085 seconds
[2025-06-02T22:09:15.304+0000] {processor.py:157} INFO - Started process (PID=1039) to work on /home/airflow/.local/lib/python3.10/site-packages/airflow/example_dags/example_sensor_decorator.py
[2025-06-02T22:09:15.306+0000] {processor.py:829} INFO - Processing file /home/airflow/.local/lib/python3.10/site-packages/airflow/example_dags/example_sensor_decorator.py for tasks to queue
[2025-06-02T22:09:15.310+0000] {logging_mixin.py:154} INFO - [2025-06-02T22:09:15.309+0000] {dagbag.py:536} INFO - Filling up the DagBag from /home/airflow/.local/lib/python3.10/site-packages/airflow/example_dags/example_sensor_decorator.py
[2025-06-02T22:09:15.319+0000] {processor.py:839} INFO - DAG(s) dict_keys(['example_sensor_decorator']) retrieved from /home/airflow/.local/lib/python3.10/site-packages/airflow/example_dags/example_sensor_decorator.py
[2025-06-02T22:09:15.349+0000] {logging_mixin.py:154} INFO - [2025-06-02T22:09:15.349+0000] {dag.py:2941} INFO - Sync 1 DAGs
[2025-06-02T22:09:15.367+0000] {logging_mixin.py:154} INFO - [2025-06-02T22:09:15.366+0000] {dag.py:3722} INFO - Setting next_dagrun for example_sensor_decorator to None, run_after=None
[2025-06-02T22:09:15.394+0000] {processor.py:179} INFO - Processing /home/airflow/.local/lib/python3.10/site-packages/airflow/example_dags/example_sensor_decorator.py took 0.094 seconds
[2025-06-02T22:09:45.500+0000] {processor.py:157} INFO - Started process (PID=1092) to work on /home/airflow/.local/lib/python3.10/site-packages/airflow/example_dags/example_sensor_decorator.py
[2025-06-02T22:09:45.514+0000] {processor.py:829} INFO - Processing file /home/airflow/.local/lib/python3.10/site-packages/airflow/example_dags/example_sensor_decorator.py for tasks to queue
[2025-06-02T22:09:45.518+0000] {logging_mixin.py:154} INFO - [2025-06-02T22:09:45.517+0000] {dagbag.py:536} INFO - Filling up the DagBag from /home/airflow/.local/lib/python3.10/site-packages/airflow/example_dags/example_sensor_decorator.py
[2025-06-02T22:09:45.537+0000] {processor.py:839} INFO - DAG(s) dict_keys(['example_sensor_decorator']) retrieved from /home/airflow/.local/lib/python3.10/site-packages/airflow/example_dags/example_sensor_decorator.py
[2025-06-02T22:09:45.589+0000] {logging_mixin.py:154} INFO - [2025-06-02T22:09:45.589+0000] {dag.py:2941} INFO - Sync 1 DAGs
[2025-06-02T22:09:45.932+0000] {logging_mixin.py:154} INFO - [2025-06-02T22:09:45.932+0000] {dag.py:3722} INFO - Setting next_dagrun for example_sensor_decorator to None, run_after=None
[2025-06-02T22:09:45.955+0000] {processor.py:179} INFO - Processing /home/airflow/.local/lib/python3.10/site-packages/airflow/example_dags/example_sensor_decorator.py took 0.459 seconds
[2025-06-02T22:10:16.622+0000] {processor.py:157} INFO - Started process (PID=1146) to work on /home/airflow/.local/lib/python3.10/site-packages/airflow/example_dags/example_sensor_decorator.py
[2025-06-02T22:10:16.632+0000] {processor.py:829} INFO - Processing file /home/airflow/.local/lib/python3.10/site-packages/airflow/example_dags/example_sensor_decorator.py for tasks to queue
[2025-06-02T22:10:16.639+0000] {logging_mixin.py:154} INFO - [2025-06-02T22:10:16.638+0000] {dagbag.py:536} INFO - Filling up the DagBag from /home/airflow/.local/lib/python3.10/site-packages/airflow/example_dags/example_sensor_decorator.py
[2025-06-02T22:10:16.661+0000] {processor.py:839} INFO - DAG(s) dict_keys(['example_sensor_decorator']) retrieved from /home/airflow/.local/lib/python3.10/site-packages/airflow/example_dags/example_sensor_decorator.py
[2025-06-02T22:10:16.703+0000] {logging_mixin.py:154} INFO - [2025-06-02T22:10:16.703+0000] {dag.py:2941} INFO - Sync 1 DAGs
[2025-06-02T22:10:16.738+0000] {logging_mixin.py:154} INFO - [2025-06-02T22:10:16.737+0000] {dag.py:3722} INFO - Setting next_dagrun for example_sensor_decorator to None, run_after=None
[2025-06-02T22:10:17.202+0000] {processor.py:179} INFO - Processing /home/airflow/.local/lib/python3.10/site-packages/airflow/example_dags/example_sensor_decorator.py took 0.585 seconds
[2025-06-02T22:10:48.219+0000] {processor.py:157} INFO - Started process (PID=1200) to work on /home/airflow/.local/lib/python3.10/site-packages/airflow/example_dags/example_sensor_decorator.py
[2025-06-02T22:10:48.220+0000] {processor.py:829} INFO - Processing file /home/airflow/.local/lib/python3.10/site-packages/airflow/example_dags/example_sensor_decorator.py for tasks to queue
[2025-06-02T22:10:48.224+0000] {logging_mixin.py:154} INFO - [2025-06-02T22:10:48.223+0000] {dagbag.py:536} INFO - Filling up the DagBag from /home/airflow/.local/lib/python3.10/site-packages/airflow/example_dags/example_sensor_decorator.py
[2025-06-02T22:10:48.233+0000] {processor.py:839} INFO - DAG(s) dict_keys(['example_sensor_decorator']) retrieved from /home/airflow/.local/lib/python3.10/site-packages/airflow/example_dags/example_sensor_decorator.py
[2025-06-02T22:10:48.260+0000] {logging_mixin.py:154} INFO - [2025-06-02T22:10:48.260+0000] {dag.py:2941} INFO - Sync 1 DAGs
[2025-06-02T22:10:48.287+0000] {logging_mixin.py:154} INFO - [2025-06-02T22:10:48.286+0000] {dag.py:3722} INFO - Setting next_dagrun for example_sensor_decorator to None, run_after=None
[2025-06-02T22:10:48.387+0000] {processor.py:179} INFO - Processing /home/airflow/.local/lib/python3.10/site-packages/airflow/example_dags/example_sensor_decorator.py took 0.173 seconds
[2025-06-02T23:03:31.146+0000] {processor.py:157} INFO - Started process (PID=60) to work on /home/airflow/.local/lib/python3.10/site-packages/airflow/example_dags/example_sensor_decorator.py
[2025-06-02T23:03:31.148+0000] {processor.py:829} INFO - Processing file /home/airflow/.local/lib/python3.10/site-packages/airflow/example_dags/example_sensor_decorator.py for tasks to queue
[2025-06-02T23:03:31.152+0000] {logging_mixin.py:154} INFO - [2025-06-02T23:03:31.152+0000] {dagbag.py:536} INFO - Filling up the DagBag from /home/airflow/.local/lib/python3.10/site-packages/airflow/example_dags/example_sensor_decorator.py
[2025-06-02T23:03:31.168+0000] {processor.py:839} INFO - DAG(s) dict_keys(['example_sensor_decorator']) retrieved from /home/airflow/.local/lib/python3.10/site-packages/airflow/example_dags/example_sensor_decorator.py
[2025-06-02T23:03:31.322+0000] {logging_mixin.py:154} INFO - [2025-06-02T23:03:31.322+0000] {dag.py:2941} INFO - Sync 1 DAGs
[2025-06-02T23:03:31.416+0000] {logging_mixin.py:154} INFO - [2025-06-02T23:03:31.416+0000] {dag.py:3722} INFO - Setting next_dagrun for example_sensor_decorator to None, run_after=None
[2025-06-02T23:03:31.543+0000] {processor.py:179} INFO - Processing /home/airflow/.local/lib/python3.10/site-packages/airflow/example_dags/example_sensor_decorator.py took 0.414 seconds
[2025-06-02T23:03:58.806+0000] {processor.py:157} INFO - Started process (PID=52) to work on /home/airflow/.local/lib/python3.10/site-packages/airflow/example_dags/example_sensor_decorator.py
[2025-06-02T23:03:58.807+0000] {processor.py:829} INFO - Processing file /home/airflow/.local/lib/python3.10/site-packages/airflow/example_dags/example_sensor_decorator.py for tasks to queue
[2025-06-02T23:03:58.812+0000] {logging_mixin.py:154} INFO - [2025-06-02T23:03:58.812+0000] {dagbag.py:536} INFO - Filling up the DagBag from /home/airflow/.local/lib/python3.10/site-packages/airflow/example_dags/example_sensor_decorator.py
[2025-06-02T23:03:58.820+0000] {processor.py:839} INFO - DAG(s) dict_keys(['example_sensor_decorator']) retrieved from /home/airflow/.local/lib/python3.10/site-packages/airflow/example_dags/example_sensor_decorator.py
[2025-06-02T23:03:58.855+0000] {logging_mixin.py:154} INFO - [2025-06-02T23:03:58.854+0000] {dag.py:2941} INFO - Sync 1 DAGs
[2025-06-02T23:03:58.872+0000] {logging_mixin.py:154} INFO - [2025-06-02T23:03:58.872+0000] {dag.py:3722} INFO - Setting next_dagrun for example_sensor_decorator to None, run_after=None
[2025-06-02T23:03:58.897+0000] {processor.py:179} INFO - Processing /home/airflow/.local/lib/python3.10/site-packages/airflow/example_dags/example_sensor_decorator.py took 0.095 seconds
[2025-06-02T23:04:29.759+0000] {processor.py:157} INFO - Started process (PID=108) to work on /home/airflow/.local/lib/python3.10/site-packages/airflow/example_dags/example_sensor_decorator.py
[2025-06-02T23:04:29.761+0000] {processor.py:829} INFO - Processing file /home/airflow/.local/lib/python3.10/site-packages/airflow/example_dags/example_sensor_decorator.py for tasks to queue
[2025-06-02T23:04:29.764+0000] {logging_mixin.py:154} INFO - [2025-06-02T23:04:29.764+0000] {dagbag.py:536} INFO - Filling up the DagBag from /home/airflow/.local/lib/python3.10/site-packages/airflow/example_dags/example_sensor_decorator.py
[2025-06-02T23:04:29.772+0000] {processor.py:839} INFO - DAG(s) dict_keys(['example_sensor_decorator']) retrieved from /home/airflow/.local/lib/python3.10/site-packages/airflow/example_dags/example_sensor_decorator.py
[2025-06-02T23:04:29.798+0000] {logging_mixin.py:154} INFO - [2025-06-02T23:04:29.797+0000] {dag.py:2941} INFO - Sync 1 DAGs
[2025-06-02T23:04:29.814+0000] {logging_mixin.py:154} INFO - [2025-06-02T23:04:29.813+0000] {dag.py:3722} INFO - Setting next_dagrun for example_sensor_decorator to None, run_after=None
[2025-06-02T23:04:29.836+0000] {processor.py:179} INFO - Processing /home/airflow/.local/lib/python3.10/site-packages/airflow/example_dags/example_sensor_decorator.py took 0.082 seconds
[2025-06-02T23:05:00.036+0000] {processor.py:157} INFO - Started process (PID=164) to work on /home/airflow/.local/lib/python3.10/site-packages/airflow/example_dags/example_sensor_decorator.py
[2025-06-02T23:05:00.037+0000] {processor.py:829} INFO - Processing file /home/airflow/.local/lib/python3.10/site-packages/airflow/example_dags/example_sensor_decorator.py for tasks to queue
[2025-06-02T23:05:00.040+0000] {logging_mixin.py:154} INFO - [2025-06-02T23:05:00.040+0000] {dagbag.py:536} INFO - Filling up the DagBag from /home/airflow/.local/lib/python3.10/site-packages/airflow/example_dags/example_sensor_decorator.py
[2025-06-02T23:05:00.049+0000] {processor.py:839} INFO - DAG(s) dict_keys(['example_sensor_decorator']) retrieved from /home/airflow/.local/lib/python3.10/site-packages/airflow/example_dags/example_sensor_decorator.py
[2025-06-02T23:05:00.076+0000] {logging_mixin.py:154} INFO - [2025-06-02T23:05:00.076+0000] {dag.py:2941} INFO - Sync 1 DAGs
[2025-06-02T23:05:00.094+0000] {logging_mixin.py:154} INFO - [2025-06-02T23:05:00.094+0000] {dag.py:3722} INFO - Setting next_dagrun for example_sensor_decorator to None, run_after=None
[2025-06-02T23:05:00.123+0000] {processor.py:179} INFO - Processing /home/airflow/.local/lib/python3.10/site-packages/airflow/example_dags/example_sensor_decorator.py took 0.091 seconds
[2025-06-02T23:05:32.121+0000] {processor.py:157} INFO - Started process (PID=220) to work on /home/airflow/.local/lib/python3.10/site-packages/airflow/example_dags/example_sensor_decorator.py
[2025-06-02T23:05:32.123+0000] {processor.py:829} INFO - Processing file /home/airflow/.local/lib/python3.10/site-packages/airflow/example_dags/example_sensor_decorator.py for tasks to queue
[2025-06-02T23:05:32.126+0000] {logging_mixin.py:154} INFO - [2025-06-02T23:05:32.126+0000] {dagbag.py:536} INFO - Filling up the DagBag from /home/airflow/.local/lib/python3.10/site-packages/airflow/example_dags/example_sensor_decorator.py
[2025-06-02T23:05:32.134+0000] {processor.py:839} INFO - DAG(s) dict_keys(['example_sensor_decorator']) retrieved from /home/airflow/.local/lib/python3.10/site-packages/airflow/example_dags/example_sensor_decorator.py
[2025-06-02T23:05:32.160+0000] {logging_mixin.py:154} INFO - [2025-06-02T23:05:32.160+0000] {dag.py:2941} INFO - Sync 1 DAGs
[2025-06-02T23:05:32.177+0000] {logging_mixin.py:154} INFO - [2025-06-02T23:05:32.176+0000] {dag.py:3722} INFO - Setting next_dagrun for example_sensor_decorator to None, run_after=None
[2025-06-02T23:05:32.207+0000] {processor.py:179} INFO - Processing /home/airflow/.local/lib/python3.10/site-packages/airflow/example_dags/example_sensor_decorator.py took 0.091 seconds
[2025-06-02T23:06:06.328+0000] {processor.py:157} INFO - Started process (PID=276) to work on /home/airflow/.local/lib/python3.10/site-packages/airflow/example_dags/example_sensor_decorator.py
[2025-06-02T23:06:06.330+0000] {processor.py:829} INFO - Processing file /home/airflow/.local/lib/python3.10/site-packages/airflow/example_dags/example_sensor_decorator.py for tasks to queue
[2025-06-02T23:06:06.333+0000] {logging_mixin.py:154} INFO - [2025-06-02T23:06:06.333+0000] {dagbag.py:536} INFO - Filling up the DagBag from /home/airflow/.local/lib/python3.10/site-packages/airflow/example_dags/example_sensor_decorator.py
[2025-06-02T23:06:06.350+0000] {processor.py:839} INFO - DAG(s) dict_keys(['example_sensor_decorator']) retrieved from /home/airflow/.local/lib/python3.10/site-packages/airflow/example_dags/example_sensor_decorator.py
[2025-06-02T23:06:06.403+0000] {logging_mixin.py:154} INFO - [2025-06-02T23:06:06.403+0000] {dag.py:2941} INFO - Sync 1 DAGs
[2025-06-02T23:06:06.438+0000] {logging_mixin.py:154} INFO - [2025-06-02T23:06:06.437+0000] {dag.py:3722} INFO - Setting next_dagrun for example_sensor_decorator to None, run_after=None
[2025-06-02T23:06:06.490+0000] {processor.py:179} INFO - Processing /home/airflow/.local/lib/python3.10/site-packages/airflow/example_dags/example_sensor_decorator.py took 0.176 seconds
[2025-06-02T23:06:38.101+0000] {processor.py:157} INFO - Started process (PID=332) to work on /home/airflow/.local/lib/python3.10/site-packages/airflow/example_dags/example_sensor_decorator.py
[2025-06-02T23:06:38.105+0000] {processor.py:829} INFO - Processing file /home/airflow/.local/lib/python3.10/site-packages/airflow/example_dags/example_sensor_decorator.py for tasks to queue
[2025-06-02T23:06:38.112+0000] {logging_mixin.py:154} INFO - [2025-06-02T23:06:38.112+0000] {dagbag.py:536} INFO - Filling up the DagBag from /home/airflow/.local/lib/python3.10/site-packages/airflow/example_dags/example_sensor_decorator.py
[2025-06-02T23:06:38.152+0000] {processor.py:839} INFO - DAG(s) dict_keys(['example_sensor_decorator']) retrieved from /home/airflow/.local/lib/python3.10/site-packages/airflow/example_dags/example_sensor_decorator.py
[2025-06-02T23:06:38.224+0000] {logging_mixin.py:154} INFO - [2025-06-02T23:06:38.224+0000] {dag.py:2941} INFO - Sync 1 DAGs
[2025-06-02T23:06:38.276+0000] {logging_mixin.py:154} INFO - [2025-06-02T23:06:38.276+0000] {dag.py:3722} INFO - Setting next_dagrun for example_sensor_decorator to None, run_after=None
[2025-06-02T23:06:38.340+0000] {processor.py:179} INFO - Processing /home/airflow/.local/lib/python3.10/site-packages/airflow/example_dags/example_sensor_decorator.py took 0.250 seconds
[2025-06-02T23:07:08.936+0000] {processor.py:157} INFO - Started process (PID=388) to work on /home/airflow/.local/lib/python3.10/site-packages/airflow/example_dags/example_sensor_decorator.py
[2025-06-02T23:07:08.937+0000] {processor.py:829} INFO - Processing file /home/airflow/.local/lib/python3.10/site-packages/airflow/example_dags/example_sensor_decorator.py for tasks to queue
[2025-06-02T23:07:08.940+0000] {logging_mixin.py:154} INFO - [2025-06-02T23:07:08.940+0000] {dagbag.py:536} INFO - Filling up the DagBag from /home/airflow/.local/lib/python3.10/site-packages/airflow/example_dags/example_sensor_decorator.py
[2025-06-02T23:07:08.949+0000] {processor.py:839} INFO - DAG(s) dict_keys(['example_sensor_decorator']) retrieved from /home/airflow/.local/lib/python3.10/site-packages/airflow/example_dags/example_sensor_decorator.py
[2025-06-02T23:07:08.974+0000] {logging_mixin.py:154} INFO - [2025-06-02T23:07:08.974+0000] {dag.py:2941} INFO - Sync 1 DAGs
[2025-06-02T23:07:08.990+0000] {logging_mixin.py:154} INFO - [2025-06-02T23:07:08.990+0000] {dag.py:3722} INFO - Setting next_dagrun for example_sensor_decorator to None, run_after=None
[2025-06-02T23:07:09.013+0000] {processor.py:179} INFO - Processing /home/airflow/.local/lib/python3.10/site-packages/airflow/example_dags/example_sensor_decorator.py took 0.082 seconds
