[2025-06-02T21:59:53.790+0000] {processor.py:157} INFO - Started process (PID=38) to work on /home/airflow/.local/lib/python3.10/site-packages/airflow/example_dags/example_latest_only.py
[2025-06-02T21:59:53.792+0000] {processor.py:829} INFO - Processing file /home/airflow/.local/lib/python3.10/site-packages/airflow/example_dags/example_latest_only.py for tasks to queue
[2025-06-02T21:59:53.810+0000] {logging_mixin.py:154} INFO - [2025-06-02T21:59:53.810+0000] {dagbag.py:536} INFO - Filling up the DagBag from /home/airflow/.local/lib/python3.10/site-packages/airflow/example_dags/example_latest_only.py
[2025-06-02T21:59:53.842+0000] {processor.py:839} INFO - DAG(s) dict_keys(['latest_only']) retrieved from /home/airflow/.local/lib/python3.10/site-packages/airflow/example_dags/example_latest_only.py
[2025-06-02T21:59:54.302+0000] {logging_mixin.py:154} INFO - [2025-06-02T21:59:54.301+0000] {manager.py:499} INFO - Created Permission View: %s
[2025-06-02T21:59:54.333+0000] {logging_mixin.py:154} INFO - [2025-06-02T21:59:54.333+0000] {manager.py:499} INFO - Created Permission View: %s
[2025-06-02T21:59:54.359+0000] {logging_mixin.py:154} INFO - [2025-06-02T21:59:54.359+0000] {manager.py:499} INFO - Created Permission View: %s
[2025-06-02T21:59:54.359+0000] {logging_mixin.py:154} INFO - [2025-06-02T21:59:54.359+0000] {dag.py:2941} INFO - Sync 1 DAGs
[2025-06-02T21:59:54.406+0000] {logging_mixin.py:154} INFO - [2025-06-02T21:59:54.405+0000] {dag.py:2963} INFO - Creating ORM DAG for latest_only
[2025-06-02T21:59:54.446+0000] {logging_mixin.py:154} INFO - [2025-06-02T21:59:54.446+0000] {dag.py:3722} INFO - Setting next_dagrun for latest_only to 2025-06-02T17:59:54.445926+00:00, run_after=2025-06-02T21:59:54.445926+00:00
[2025-06-02T21:59:54.509+0000] {processor.py:179} INFO - Processing /home/airflow/.local/lib/python3.10/site-packages/airflow/example_dags/example_latest_only.py took 0.730 seconds
[2025-06-02T22:00:25.232+0000] {processor.py:157} INFO - Started process (PID=92) to work on /home/airflow/.local/lib/python3.10/site-packages/airflow/example_dags/example_latest_only.py
[2025-06-02T22:00:25.235+0000] {processor.py:829} INFO - Processing file /home/airflow/.local/lib/python3.10/site-packages/airflow/example_dags/example_latest_only.py for tasks to queue
[2025-06-02T22:00:25.244+0000] {logging_mixin.py:154} INFO - [2025-06-02T22:00:25.244+0000] {dagbag.py:536} INFO - Filling up the DagBag from /home/airflow/.local/lib/python3.10/site-packages/airflow/example_dags/example_latest_only.py
[2025-06-02T22:00:25.252+0000] {processor.py:839} INFO - DAG(s) dict_keys(['latest_only']) retrieved from /home/airflow/.local/lib/python3.10/site-packages/airflow/example_dags/example_latest_only.py
[2025-06-02T22:00:25.280+0000] {logging_mixin.py:154} INFO - [2025-06-02T22:00:25.280+0000] {dag.py:2941} INFO - Sync 1 DAGs
[2025-06-02T22:00:25.311+0000] {logging_mixin.py:154} INFO - [2025-06-02T22:00:25.310+0000] {dag.py:3722} INFO - Setting next_dagrun for latest_only to 2025-06-02T18:00:25.309850+00:00, run_after=2025-06-02T22:00:25.309850+00:00
[2025-06-02T22:00:25.332+0000] {processor.py:179} INFO - Processing /home/airflow/.local/lib/python3.10/site-packages/airflow/example_dags/example_latest_only.py took 0.104 seconds
[2025-06-02T22:00:55.687+0000] {processor.py:157} INFO - Started process (PID=146) to work on /home/airflow/.local/lib/python3.10/site-packages/airflow/example_dags/example_latest_only.py
[2025-06-02T22:00:55.688+0000] {processor.py:829} INFO - Processing file /home/airflow/.local/lib/python3.10/site-packages/airflow/example_dags/example_latest_only.py for tasks to queue
[2025-06-02T22:00:55.694+0000] {logging_mixin.py:154} INFO - [2025-06-02T22:00:55.694+0000] {dagbag.py:536} INFO - Filling up the DagBag from /home/airflow/.local/lib/python3.10/site-packages/airflow/example_dags/example_latest_only.py
[2025-06-02T22:00:55.701+0000] {processor.py:839} INFO - DAG(s) dict_keys(['latest_only']) retrieved from /home/airflow/.local/lib/python3.10/site-packages/airflow/example_dags/example_latest_only.py
[2025-06-02T22:00:55.727+0000] {logging_mixin.py:154} INFO - [2025-06-02T22:00:55.727+0000] {dag.py:2941} INFO - Sync 1 DAGs
[2025-06-02T22:00:55.757+0000] {logging_mixin.py:154} INFO - [2025-06-02T22:00:55.757+0000] {dag.py:3722} INFO - Setting next_dagrun for latest_only to 2025-06-02T18:00:55.756947+00:00, run_after=2025-06-02T22:00:55.756947+00:00
[2025-06-02T22:00:55.785+0000] {processor.py:179} INFO - Processing /home/airflow/.local/lib/python3.10/site-packages/airflow/example_dags/example_latest_only.py took 0.107 seconds
[2025-06-02T22:01:26.289+0000] {processor.py:157} INFO - Started process (PID=200) to work on /home/airflow/.local/lib/python3.10/site-packages/airflow/example_dags/example_latest_only.py
[2025-06-02T22:01:26.291+0000] {processor.py:829} INFO - Processing file /home/airflow/.local/lib/python3.10/site-packages/airflow/example_dags/example_latest_only.py for tasks to queue
[2025-06-02T22:01:26.294+0000] {logging_mixin.py:154} INFO - [2025-06-02T22:01:26.294+0000] {dagbag.py:536} INFO - Filling up the DagBag from /home/airflow/.local/lib/python3.10/site-packages/airflow/example_dags/example_latest_only.py
[2025-06-02T22:01:26.301+0000] {processor.py:839} INFO - DAG(s) dict_keys(['latest_only']) retrieved from /home/airflow/.local/lib/python3.10/site-packages/airflow/example_dags/example_latest_only.py
[2025-06-02T22:01:26.329+0000] {logging_mixin.py:154} INFO - [2025-06-02T22:01:26.328+0000] {dag.py:2941} INFO - Sync 1 DAGs
[2025-06-02T22:01:26.359+0000] {logging_mixin.py:154} INFO - [2025-06-02T22:01:26.359+0000] {dag.py:3722} INFO - Setting next_dagrun for latest_only to 2025-06-02T18:01:26.359335+00:00, run_after=2025-06-02T22:01:26.359335+00:00
[2025-06-02T22:01:26.382+0000] {processor.py:179} INFO - Processing /home/airflow/.local/lib/python3.10/site-packages/airflow/example_dags/example_latest_only.py took 0.098 seconds
[2025-06-02T22:01:56.825+0000] {processor.py:157} INFO - Started process (PID=255) to work on /home/airflow/.local/lib/python3.10/site-packages/airflow/example_dags/example_latest_only.py
[2025-06-02T22:01:56.832+0000] {processor.py:829} INFO - Processing file /home/airflow/.local/lib/python3.10/site-packages/airflow/example_dags/example_latest_only.py for tasks to queue
[2025-06-02T22:01:56.840+0000] {logging_mixin.py:154} INFO - [2025-06-02T22:01:56.839+0000] {dagbag.py:536} INFO - Filling up the DagBag from /home/airflow/.local/lib/python3.10/site-packages/airflow/example_dags/example_latest_only.py
[2025-06-02T22:01:56.847+0000] {processor.py:839} INFO - DAG(s) dict_keys(['latest_only']) retrieved from /home/airflow/.local/lib/python3.10/site-packages/airflow/example_dags/example_latest_only.py
[2025-06-02T22:01:56.890+0000] {logging_mixin.py:154} INFO - [2025-06-02T22:01:56.890+0000] {dag.py:2941} INFO - Sync 1 DAGs
[2025-06-02T22:01:56.924+0000] {logging_mixin.py:154} INFO - [2025-06-02T22:01:56.924+0000] {dag.py:3722} INFO - Setting next_dagrun for latest_only to 2025-06-02T18:01:56.924245+00:00, run_after=2025-06-02T22:01:56.924245+00:00
[2025-06-02T22:01:56.951+0000] {processor.py:179} INFO - Processing /home/airflow/.local/lib/python3.10/site-packages/airflow/example_dags/example_latest_only.py took 0.134 seconds
[2025-06-02T22:02:27.069+0000] {processor.py:157} INFO - Started process (PID=308) to work on /home/airflow/.local/lib/python3.10/site-packages/airflow/example_dags/example_latest_only.py
[2025-06-02T22:02:27.086+0000] {processor.py:829} INFO - Processing file /home/airflow/.local/lib/python3.10/site-packages/airflow/example_dags/example_latest_only.py for tasks to queue
[2025-06-02T22:02:27.090+0000] {logging_mixin.py:154} INFO - [2025-06-02T22:02:27.089+0000] {dagbag.py:536} INFO - Filling up the DagBag from /home/airflow/.local/lib/python3.10/site-packages/airflow/example_dags/example_latest_only.py
[2025-06-02T22:02:27.106+0000] {processor.py:839} INFO - DAG(s) dict_keys(['latest_only']) retrieved from /home/airflow/.local/lib/python3.10/site-packages/airflow/example_dags/example_latest_only.py
[2025-06-02T22:02:27.136+0000] {logging_mixin.py:154} INFO - [2025-06-02T22:02:27.136+0000] {dag.py:2941} INFO - Sync 1 DAGs
[2025-06-02T22:02:27.167+0000] {logging_mixin.py:154} INFO - [2025-06-02T22:02:27.167+0000] {dag.py:3722} INFO - Setting next_dagrun for latest_only to 2025-06-02T18:02:27.167273+00:00, run_after=2025-06-02T22:02:27.167273+00:00
[2025-06-02T22:02:27.202+0000] {processor.py:179} INFO - Processing /home/airflow/.local/lib/python3.10/site-packages/airflow/example_dags/example_latest_only.py took 0.138 seconds
[2025-06-02T22:02:57.552+0000] {processor.py:157} INFO - Started process (PID=362) to work on /home/airflow/.local/lib/python3.10/site-packages/airflow/example_dags/example_latest_only.py
[2025-06-02T22:02:57.553+0000] {processor.py:829} INFO - Processing file /home/airflow/.local/lib/python3.10/site-packages/airflow/example_dags/example_latest_only.py for tasks to queue
[2025-06-02T22:02:57.556+0000] {logging_mixin.py:154} INFO - [2025-06-02T22:02:57.556+0000] {dagbag.py:536} INFO - Filling up the DagBag from /home/airflow/.local/lib/python3.10/site-packages/airflow/example_dags/example_latest_only.py
[2025-06-02T22:02:57.564+0000] {processor.py:839} INFO - DAG(s) dict_keys(['latest_only']) retrieved from /home/airflow/.local/lib/python3.10/site-packages/airflow/example_dags/example_latest_only.py
[2025-06-02T22:02:57.589+0000] {logging_mixin.py:154} INFO - [2025-06-02T22:02:57.589+0000] {dag.py:2941} INFO - Sync 1 DAGs
[2025-06-02T22:02:57.622+0000] {logging_mixin.py:154} INFO - [2025-06-02T22:02:57.622+0000] {dag.py:3722} INFO - Setting next_dagrun for latest_only to 2025-06-02T18:02:57.621699+00:00, run_after=2025-06-02T22:02:57.621699+00:00
[2025-06-02T22:02:57.652+0000] {processor.py:179} INFO - Processing /home/airflow/.local/lib/python3.10/site-packages/airflow/example_dags/example_latest_only.py took 0.104 seconds
[2025-06-02T22:03:28.045+0000] {processor.py:157} INFO - Started process (PID=417) to work on /home/airflow/.local/lib/python3.10/site-packages/airflow/example_dags/example_latest_only.py
[2025-06-02T22:03:28.050+0000] {processor.py:829} INFO - Processing file /home/airflow/.local/lib/python3.10/site-packages/airflow/example_dags/example_latest_only.py for tasks to queue
[2025-06-02T22:03:28.053+0000] {logging_mixin.py:154} INFO - [2025-06-02T22:03:28.052+0000] {dagbag.py:536} INFO - Filling up the DagBag from /home/airflow/.local/lib/python3.10/site-packages/airflow/example_dags/example_latest_only.py
[2025-06-02T22:03:28.073+0000] {processor.py:839} INFO - DAG(s) dict_keys(['latest_only']) retrieved from /home/airflow/.local/lib/python3.10/site-packages/airflow/example_dags/example_latest_only.py
[2025-06-02T22:03:28.126+0000] {logging_mixin.py:154} INFO - [2025-06-02T22:03:28.126+0000] {dag.py:2941} INFO - Sync 1 DAGs
[2025-06-02T22:03:28.207+0000] {logging_mixin.py:154} INFO - [2025-06-02T22:03:28.206+0000] {dag.py:3722} INFO - Setting next_dagrun for latest_only to 2025-06-02T18:03:28.202451+00:00, run_after=2025-06-02T22:03:28.202451+00:00
[2025-06-02T22:03:28.246+0000] {processor.py:179} INFO - Processing /home/airflow/.local/lib/python3.10/site-packages/airflow/example_dags/example_latest_only.py took 0.210 seconds
[2025-06-02T22:03:58.402+0000] {processor.py:157} INFO - Started process (PID=470) to work on /home/airflow/.local/lib/python3.10/site-packages/airflow/example_dags/example_latest_only.py
[2025-06-02T22:03:58.403+0000] {processor.py:829} INFO - Processing file /home/airflow/.local/lib/python3.10/site-packages/airflow/example_dags/example_latest_only.py for tasks to queue
[2025-06-02T22:03:58.405+0000] {logging_mixin.py:154} INFO - [2025-06-02T22:03:58.405+0000] {dagbag.py:536} INFO - Filling up the DagBag from /home/airflow/.local/lib/python3.10/site-packages/airflow/example_dags/example_latest_only.py
[2025-06-02T22:03:58.411+0000] {processor.py:839} INFO - DAG(s) dict_keys(['latest_only']) retrieved from /home/airflow/.local/lib/python3.10/site-packages/airflow/example_dags/example_latest_only.py
[2025-06-02T22:03:58.432+0000] {logging_mixin.py:154} INFO - [2025-06-02T22:03:58.432+0000] {dag.py:2941} INFO - Sync 1 DAGs
[2025-06-02T22:03:58.454+0000] {logging_mixin.py:154} INFO - [2025-06-02T22:03:58.453+0000] {dag.py:3722} INFO - Setting next_dagrun for latest_only to 2025-06-02T18:03:58.453588+00:00, run_after=2025-06-02T22:03:58.453588+00:00
[2025-06-02T22:03:58.484+0000] {processor.py:179} INFO - Processing /home/airflow/.local/lib/python3.10/site-packages/airflow/example_dags/example_latest_only.py took 0.086 seconds
[2025-06-02T22:04:28.750+0000] {processor.py:157} INFO - Started process (PID=524) to work on /home/airflow/.local/lib/python3.10/site-packages/airflow/example_dags/example_latest_only.py
[2025-06-02T22:04:28.751+0000] {processor.py:829} INFO - Processing file /home/airflow/.local/lib/python3.10/site-packages/airflow/example_dags/example_latest_only.py for tasks to queue
[2025-06-02T22:04:28.754+0000] {logging_mixin.py:154} INFO - [2025-06-02T22:04:28.754+0000] {dagbag.py:536} INFO - Filling up the DagBag from /home/airflow/.local/lib/python3.10/site-packages/airflow/example_dags/example_latest_only.py
[2025-06-02T22:04:28.761+0000] {processor.py:839} INFO - DAG(s) dict_keys(['latest_only']) retrieved from /home/airflow/.local/lib/python3.10/site-packages/airflow/example_dags/example_latest_only.py
[2025-06-02T22:04:28.791+0000] {logging_mixin.py:154} INFO - [2025-06-02T22:04:28.791+0000] {dag.py:2941} INFO - Sync 1 DAGs
[2025-06-02T22:04:28.822+0000] {logging_mixin.py:154} INFO - [2025-06-02T22:04:28.821+0000] {dag.py:3722} INFO - Setting next_dagrun for latest_only to 2025-06-02T18:04:28.821493+00:00, run_after=2025-06-02T22:04:28.821493+00:00
[2025-06-02T22:04:28.844+0000] {processor.py:179} INFO - Processing /home/airflow/.local/lib/python3.10/site-packages/airflow/example_dags/example_latest_only.py took 0.099 seconds
[2025-06-02T22:04:59.097+0000] {processor.py:157} INFO - Started process (PID=578) to work on /home/airflow/.local/lib/python3.10/site-packages/airflow/example_dags/example_latest_only.py
[2025-06-02T22:04:59.098+0000] {processor.py:829} INFO - Processing file /home/airflow/.local/lib/python3.10/site-packages/airflow/example_dags/example_latest_only.py for tasks to queue
[2025-06-02T22:04:59.101+0000] {logging_mixin.py:154} INFO - [2025-06-02T22:04:59.101+0000] {dagbag.py:536} INFO - Filling up the DagBag from /home/airflow/.local/lib/python3.10/site-packages/airflow/example_dags/example_latest_only.py
[2025-06-02T22:04:59.108+0000] {processor.py:839} INFO - DAG(s) dict_keys(['latest_only']) retrieved from /home/airflow/.local/lib/python3.10/site-packages/airflow/example_dags/example_latest_only.py
[2025-06-02T22:04:59.136+0000] {logging_mixin.py:154} INFO - [2025-06-02T22:04:59.136+0000] {dag.py:2941} INFO - Sync 1 DAGs
[2025-06-02T22:04:59.167+0000] {logging_mixin.py:154} INFO - [2025-06-02T22:04:59.166+0000] {dag.py:3722} INFO - Setting next_dagrun for latest_only to 2025-06-02T18:04:59.166617+00:00, run_after=2025-06-02T22:04:59.166617+00:00
[2025-06-02T22:04:59.189+0000] {processor.py:179} INFO - Processing /home/airflow/.local/lib/python3.10/site-packages/airflow/example_dags/example_latest_only.py took 0.099 seconds
[2025-06-02T22:05:29.939+0000] {processor.py:157} INFO - Started process (PID=633) to work on /home/airflow/.local/lib/python3.10/site-packages/airflow/example_dags/example_latest_only.py
[2025-06-02T22:05:29.940+0000] {processor.py:829} INFO - Processing file /home/airflow/.local/lib/python3.10/site-packages/airflow/example_dags/example_latest_only.py for tasks to queue
[2025-06-02T22:05:29.943+0000] {logging_mixin.py:154} INFO - [2025-06-02T22:05:29.943+0000] {dagbag.py:536} INFO - Filling up the DagBag from /home/airflow/.local/lib/python3.10/site-packages/airflow/example_dags/example_latest_only.py
[2025-06-02T22:05:29.951+0000] {processor.py:839} INFO - DAG(s) dict_keys(['latest_only']) retrieved from /home/airflow/.local/lib/python3.10/site-packages/airflow/example_dags/example_latest_only.py
[2025-06-02T22:05:29.977+0000] {logging_mixin.py:154} INFO - [2025-06-02T22:05:29.977+0000] {dag.py:2941} INFO - Sync 1 DAGs
[2025-06-02T22:05:30.015+0000] {logging_mixin.py:154} INFO - [2025-06-02T22:05:30.015+0000] {dag.py:3722} INFO - Setting next_dagrun for latest_only to 2025-06-02T18:05:30.014887+00:00, run_after=2025-06-02T22:05:30.014887+00:00
[2025-06-02T22:05:30.041+0000] {processor.py:179} INFO - Processing /home/airflow/.local/lib/python3.10/site-packages/airflow/example_dags/example_latest_only.py took 0.106 seconds
[2025-06-02T22:06:00.249+0000] {processor.py:157} INFO - Started process (PID=687) to work on /home/airflow/.local/lib/python3.10/site-packages/airflow/example_dags/example_latest_only.py
[2025-06-02T22:06:00.250+0000] {processor.py:829} INFO - Processing file /home/airflow/.local/lib/python3.10/site-packages/airflow/example_dags/example_latest_only.py for tasks to queue
[2025-06-02T22:06:00.253+0000] {logging_mixin.py:154} INFO - [2025-06-02T22:06:00.253+0000] {dagbag.py:536} INFO - Filling up the DagBag from /home/airflow/.local/lib/python3.10/site-packages/airflow/example_dags/example_latest_only.py
[2025-06-02T22:06:00.260+0000] {processor.py:839} INFO - DAG(s) dict_keys(['latest_only']) retrieved from /home/airflow/.local/lib/python3.10/site-packages/airflow/example_dags/example_latest_only.py
[2025-06-02T22:06:00.287+0000] {logging_mixin.py:154} INFO - [2025-06-02T22:06:00.287+0000] {dag.py:2941} INFO - Sync 1 DAGs
[2025-06-02T22:06:00.322+0000] {logging_mixin.py:154} INFO - [2025-06-02T22:06:00.322+0000] {dag.py:3722} INFO - Setting next_dagrun for latest_only to 2025-06-02T18:06:00.322113+00:00, run_after=2025-06-02T22:06:00.322113+00:00
[2025-06-02T22:06:00.355+0000] {processor.py:179} INFO - Processing /home/airflow/.local/lib/python3.10/site-packages/airflow/example_dags/example_latest_only.py took 0.111 seconds
[2025-06-02T22:06:30.589+0000] {processor.py:157} INFO - Started process (PID=740) to work on /home/airflow/.local/lib/python3.10/site-packages/airflow/example_dags/example_latest_only.py
[2025-06-02T22:06:30.591+0000] {processor.py:829} INFO - Processing file /home/airflow/.local/lib/python3.10/site-packages/airflow/example_dags/example_latest_only.py for tasks to queue
[2025-06-02T22:06:30.594+0000] {logging_mixin.py:154} INFO - [2025-06-02T22:06:30.594+0000] {dagbag.py:536} INFO - Filling up the DagBag from /home/airflow/.local/lib/python3.10/site-packages/airflow/example_dags/example_latest_only.py
[2025-06-02T22:06:30.601+0000] {processor.py:839} INFO - DAG(s) dict_keys(['latest_only']) retrieved from /home/airflow/.local/lib/python3.10/site-packages/airflow/example_dags/example_latest_only.py
[2025-06-02T22:06:30.630+0000] {logging_mixin.py:154} INFO - [2025-06-02T22:06:30.630+0000] {dag.py:2941} INFO - Sync 1 DAGs
[2025-06-02T22:06:30.663+0000] {logging_mixin.py:154} INFO - [2025-06-02T22:06:30.663+0000] {dag.py:3722} INFO - Setting next_dagrun for latest_only to 2025-06-02T18:06:30.663047+00:00, run_after=2025-06-02T22:06:30.663047+00:00
[2025-06-02T22:06:30.697+0000] {processor.py:179} INFO - Processing /home/airflow/.local/lib/python3.10/site-packages/airflow/example_dags/example_latest_only.py took 0.113 seconds
[2025-06-02T22:07:01.545+0000] {processor.py:157} INFO - Started process (PID=795) to work on /home/airflow/.local/lib/python3.10/site-packages/airflow/example_dags/example_latest_only.py
[2025-06-02T22:07:01.546+0000] {processor.py:829} INFO - Processing file /home/airflow/.local/lib/python3.10/site-packages/airflow/example_dags/example_latest_only.py for tasks to queue
[2025-06-02T22:07:01.549+0000] {logging_mixin.py:154} INFO - [2025-06-02T22:07:01.549+0000] {dagbag.py:536} INFO - Filling up the DagBag from /home/airflow/.local/lib/python3.10/site-packages/airflow/example_dags/example_latest_only.py
[2025-06-02T22:07:01.557+0000] {processor.py:839} INFO - DAG(s) dict_keys(['latest_only']) retrieved from /home/airflow/.local/lib/python3.10/site-packages/airflow/example_dags/example_latest_only.py
[2025-06-02T22:07:01.585+0000] {logging_mixin.py:154} INFO - [2025-06-02T22:07:01.585+0000] {dag.py:2941} INFO - Sync 1 DAGs
[2025-06-02T22:07:01.615+0000] {logging_mixin.py:154} INFO - [2025-06-02T22:07:01.615+0000] {dag.py:3722} INFO - Setting next_dagrun for latest_only to 2025-06-02T18:07:01.615209+00:00, run_after=2025-06-02T22:07:01.615209+00:00
[2025-06-02T22:07:01.649+0000] {processor.py:179} INFO - Processing /home/airflow/.local/lib/python3.10/site-packages/airflow/example_dags/example_latest_only.py took 0.109 seconds
[2025-06-02T22:07:31.703+0000] {processor.py:157} INFO - Started process (PID=849) to work on /home/airflow/.local/lib/python3.10/site-packages/airflow/example_dags/example_latest_only.py
[2025-06-02T22:07:31.706+0000] {processor.py:829} INFO - Processing file /home/airflow/.local/lib/python3.10/site-packages/airflow/example_dags/example_latest_only.py for tasks to queue
[2025-06-02T22:07:31.709+0000] {logging_mixin.py:154} INFO - [2025-06-02T22:07:31.709+0000] {dagbag.py:536} INFO - Filling up the DagBag from /home/airflow/.local/lib/python3.10/site-packages/airflow/example_dags/example_latest_only.py
[2025-06-02T22:07:31.729+0000] {processor.py:839} INFO - DAG(s) dict_keys(['latest_only']) retrieved from /home/airflow/.local/lib/python3.10/site-packages/airflow/example_dags/example_latest_only.py
[2025-06-02T22:07:31.815+0000] {logging_mixin.py:154} INFO - [2025-06-02T22:07:31.815+0000] {dag.py:2941} INFO - Sync 1 DAGs
[2025-06-02T22:07:31.967+0000] {logging_mixin.py:154} INFO - [2025-06-02T22:07:31.966+0000] {dag.py:3722} INFO - Setting next_dagrun for latest_only to 2025-06-02T18:07:31.966535+00:00, run_after=2025-06-02T22:07:31.966535+00:00
[2025-06-02T22:07:32.024+0000] {processor.py:179} INFO - Processing /home/airflow/.local/lib/python3.10/site-packages/airflow/example_dags/example_latest_only.py took 0.334 seconds
[2025-06-02T22:08:02.248+0000] {processor.py:157} INFO - Started process (PID=903) to work on /home/airflow/.local/lib/python3.10/site-packages/airflow/example_dags/example_latest_only.py
[2025-06-02T22:08:02.249+0000] {processor.py:829} INFO - Processing file /home/airflow/.local/lib/python3.10/site-packages/airflow/example_dags/example_latest_only.py for tasks to queue
[2025-06-02T22:08:02.253+0000] {logging_mixin.py:154} INFO - [2025-06-02T22:08:02.253+0000] {dagbag.py:536} INFO - Filling up the DagBag from /home/airflow/.local/lib/python3.10/site-packages/airflow/example_dags/example_latest_only.py
[2025-06-02T22:08:02.260+0000] {processor.py:839} INFO - DAG(s) dict_keys(['latest_only']) retrieved from /home/airflow/.local/lib/python3.10/site-packages/airflow/example_dags/example_latest_only.py
[2025-06-02T22:08:02.287+0000] {logging_mixin.py:154} INFO - [2025-06-02T22:08:02.287+0000] {dag.py:2941} INFO - Sync 1 DAGs
[2025-06-02T22:08:02.517+0000] {logging_mixin.py:154} INFO - [2025-06-02T22:08:02.517+0000] {dag.py:3722} INFO - Setting next_dagrun for latest_only to 2025-06-02T18:08:02.516836+00:00, run_after=2025-06-02T22:08:02.516836+00:00
[2025-06-02T22:08:02.544+0000] {processor.py:179} INFO - Processing /home/airflow/.local/lib/python3.10/site-packages/airflow/example_dags/example_latest_only.py took 0.300 seconds
[2025-06-02T22:08:32.626+0000] {processor.py:157} INFO - Started process (PID=957) to work on /home/airflow/.local/lib/python3.10/site-packages/airflow/example_dags/example_latest_only.py
[2025-06-02T22:08:32.628+0000] {processor.py:829} INFO - Processing file /home/airflow/.local/lib/python3.10/site-packages/airflow/example_dags/example_latest_only.py for tasks to queue
[2025-06-02T22:08:32.632+0000] {logging_mixin.py:154} INFO - [2025-06-02T22:08:32.631+0000] {dagbag.py:536} INFO - Filling up the DagBag from /home/airflow/.local/lib/python3.10/site-packages/airflow/example_dags/example_latest_only.py
[2025-06-02T22:08:32.639+0000] {processor.py:839} INFO - DAG(s) dict_keys(['latest_only']) retrieved from /home/airflow/.local/lib/python3.10/site-packages/airflow/example_dags/example_latest_only.py
[2025-06-02T22:08:32.666+0000] {logging_mixin.py:154} INFO - [2025-06-02T22:08:32.666+0000] {dag.py:2941} INFO - Sync 1 DAGs
[2025-06-02T22:08:32.696+0000] {logging_mixin.py:154} INFO - [2025-06-02T22:08:32.696+0000] {dag.py:3722} INFO - Setting next_dagrun for latest_only to 2025-06-02T18:08:32.695692+00:00, run_after=2025-06-02T22:08:32.695692+00:00
[2025-06-02T22:08:32.723+0000] {processor.py:179} INFO - Processing /home/airflow/.local/lib/python3.10/site-packages/airflow/example_dags/example_latest_only.py took 0.102 seconds
[2025-06-02T22:09:02.921+0000] {processor.py:157} INFO - Started process (PID=1011) to work on /home/airflow/.local/lib/python3.10/site-packages/airflow/example_dags/example_latest_only.py
[2025-06-02T22:09:02.925+0000] {processor.py:829} INFO - Processing file /home/airflow/.local/lib/python3.10/site-packages/airflow/example_dags/example_latest_only.py for tasks to queue
[2025-06-02T22:09:02.929+0000] {logging_mixin.py:154} INFO - [2025-06-02T22:09:02.929+0000] {dagbag.py:536} INFO - Filling up the DagBag from /home/airflow/.local/lib/python3.10/site-packages/airflow/example_dags/example_latest_only.py
[2025-06-02T22:09:02.935+0000] {processor.py:839} INFO - DAG(s) dict_keys(['latest_only']) retrieved from /home/airflow/.local/lib/python3.10/site-packages/airflow/example_dags/example_latest_only.py
[2025-06-02T22:09:02.964+0000] {logging_mixin.py:154} INFO - [2025-06-02T22:09:02.963+0000] {dag.py:2941} INFO - Sync 1 DAGs
[2025-06-02T22:09:03.019+0000] {logging_mixin.py:154} INFO - [2025-06-02T22:09:03.019+0000] {dag.py:3722} INFO - Setting next_dagrun for latest_only to 2025-06-02T18:09:03.019005+00:00, run_after=2025-06-02T22:09:03.019005+00:00
[2025-06-02T22:09:03.052+0000] {processor.py:179} INFO - Processing /home/airflow/.local/lib/python3.10/site-packages/airflow/example_dags/example_latest_only.py took 0.136 seconds
[2025-06-02T22:09:33.669+0000] {processor.py:157} INFO - Started process (PID=1065) to work on /home/airflow/.local/lib/python3.10/site-packages/airflow/example_dags/example_latest_only.py
[2025-06-02T22:09:33.671+0000] {processor.py:829} INFO - Processing file /home/airflow/.local/lib/python3.10/site-packages/airflow/example_dags/example_latest_only.py for tasks to queue
[2025-06-02T22:09:33.675+0000] {logging_mixin.py:154} INFO - [2025-06-02T22:09:33.675+0000] {dagbag.py:536} INFO - Filling up the DagBag from /home/airflow/.local/lib/python3.10/site-packages/airflow/example_dags/example_latest_only.py
[2025-06-02T22:09:33.682+0000] {processor.py:839} INFO - DAG(s) dict_keys(['latest_only']) retrieved from /home/airflow/.local/lib/python3.10/site-packages/airflow/example_dags/example_latest_only.py
[2025-06-02T22:09:33.710+0000] {logging_mixin.py:154} INFO - [2025-06-02T22:09:33.709+0000] {dag.py:2941} INFO - Sync 1 DAGs
[2025-06-02T22:09:33.941+0000] {logging_mixin.py:154} INFO - [2025-06-02T22:09:33.940+0000] {dag.py:3722} INFO - Setting next_dagrun for latest_only to 2025-06-02T18:09:33.940656+00:00, run_after=2025-06-02T22:09:33.940656+00:00
[2025-06-02T22:09:33.963+0000] {processor.py:179} INFO - Processing /home/airflow/.local/lib/python3.10/site-packages/airflow/example_dags/example_latest_only.py took 0.299 seconds
[2025-06-02T22:10:04.160+0000] {processor.py:157} INFO - Started process (PID=1118) to work on /home/airflow/.local/lib/python3.10/site-packages/airflow/example_dags/example_latest_only.py
[2025-06-02T22:10:04.161+0000] {processor.py:829} INFO - Processing file /home/airflow/.local/lib/python3.10/site-packages/airflow/example_dags/example_latest_only.py for tasks to queue
[2025-06-02T22:10:04.165+0000] {logging_mixin.py:154} INFO - [2025-06-02T22:10:04.165+0000] {dagbag.py:536} INFO - Filling up the DagBag from /home/airflow/.local/lib/python3.10/site-packages/airflow/example_dags/example_latest_only.py
[2025-06-02T22:10:04.172+0000] {processor.py:839} INFO - DAG(s) dict_keys(['latest_only']) retrieved from /home/airflow/.local/lib/python3.10/site-packages/airflow/example_dags/example_latest_only.py
[2025-06-02T22:10:04.200+0000] {logging_mixin.py:154} INFO - [2025-06-02T22:10:04.200+0000] {dag.py:2941} INFO - Sync 1 DAGs
[2025-06-02T22:10:04.236+0000] {logging_mixin.py:154} INFO - [2025-06-02T22:10:04.235+0000] {dag.py:3722} INFO - Setting next_dagrun for latest_only to 2025-06-02T18:10:04.235465+00:00, run_after=2025-06-02T22:10:04.235465+00:00
[2025-06-02T22:10:04.454+0000] {processor.py:179} INFO - Processing /home/airflow/.local/lib/python3.10/site-packages/airflow/example_dags/example_latest_only.py took 0.299 seconds
[2025-06-02T22:10:35.396+0000] {processor.py:157} INFO - Started process (PID=1172) to work on /home/airflow/.local/lib/python3.10/site-packages/airflow/example_dags/example_latest_only.py
[2025-06-02T22:10:35.406+0000] {processor.py:829} INFO - Processing file /home/airflow/.local/lib/python3.10/site-packages/airflow/example_dags/example_latest_only.py for tasks to queue
[2025-06-02T22:10:35.416+0000] {logging_mixin.py:154} INFO - [2025-06-02T22:10:35.416+0000] {dagbag.py:536} INFO - Filling up the DagBag from /home/airflow/.local/lib/python3.10/site-packages/airflow/example_dags/example_latest_only.py
[2025-06-02T22:10:35.432+0000] {processor.py:839} INFO - DAG(s) dict_keys(['latest_only']) retrieved from /home/airflow/.local/lib/python3.10/site-packages/airflow/example_dags/example_latest_only.py
[2025-06-02T22:10:35.473+0000] {logging_mixin.py:154} INFO - [2025-06-02T22:10:35.472+0000] {dag.py:2941} INFO - Sync 1 DAGs
[2025-06-02T22:10:35.525+0000] {logging_mixin.py:154} INFO - [2025-06-02T22:10:35.525+0000] {dag.py:3722} INFO - Setting next_dagrun for latest_only to 2025-06-02T18:10:35.524729+00:00, run_after=2025-06-02T22:10:35.524729+00:00
[2025-06-02T22:10:35.551+0000] {processor.py:179} INFO - Processing /home/airflow/.local/lib/python3.10/site-packages/airflow/example_dags/example_latest_only.py took 0.159 seconds
[2025-06-02T22:11:06.221+0000] {processor.py:157} INFO - Started process (PID=1226) to work on /home/airflow/.local/lib/python3.10/site-packages/airflow/example_dags/example_latest_only.py
[2025-06-02T22:11:06.223+0000] {processor.py:829} INFO - Processing file /home/airflow/.local/lib/python3.10/site-packages/airflow/example_dags/example_latest_only.py for tasks to queue
[2025-06-02T22:11:06.227+0000] {logging_mixin.py:154} INFO - [2025-06-02T22:11:06.227+0000] {dagbag.py:536} INFO - Filling up the DagBag from /home/airflow/.local/lib/python3.10/site-packages/airflow/example_dags/example_latest_only.py
[2025-06-02T22:11:06.235+0000] {processor.py:839} INFO - DAG(s) dict_keys(['latest_only']) retrieved from /home/airflow/.local/lib/python3.10/site-packages/airflow/example_dags/example_latest_only.py
[2025-06-02T22:11:06.262+0000] {logging_mixin.py:154} INFO - [2025-06-02T22:11:06.261+0000] {dag.py:2941} INFO - Sync 1 DAGs
[2025-06-02T22:11:06.568+0000] {logging_mixin.py:154} INFO - [2025-06-02T22:11:06.567+0000] {dag.py:3722} INFO - Setting next_dagrun for latest_only to 2025-06-02T18:11:06.567465+00:00, run_after=2025-06-02T22:11:06.567465+00:00
[2025-06-02T22:11:06.614+0000] {processor.py:179} INFO - Processing /home/airflow/.local/lib/python3.10/site-packages/airflow/example_dags/example_latest_only.py took 0.397 seconds
[2025-06-02T23:03:22.803+0000] {processor.py:157} INFO - Started process (PID=40) to work on /home/airflow/.local/lib/python3.10/site-packages/airflow/example_dags/example_latest_only.py
[2025-06-02T23:03:22.817+0000] {processor.py:829} INFO - Processing file /home/airflow/.local/lib/python3.10/site-packages/airflow/example_dags/example_latest_only.py for tasks to queue
[2025-06-02T23:03:22.832+0000] {logging_mixin.py:154} INFO - [2025-06-02T23:03:22.832+0000] {dagbag.py:536} INFO - Filling up the DagBag from /home/airflow/.local/lib/python3.10/site-packages/airflow/example_dags/example_latest_only.py
[2025-06-02T23:03:22.904+0000] {processor.py:839} INFO - DAG(s) dict_keys(['latest_only']) retrieved from /home/airflow/.local/lib/python3.10/site-packages/airflow/example_dags/example_latest_only.py
[2025-06-02T23:03:23.054+0000] {logging_mixin.py:154} INFO - [2025-06-02T23:03:23.054+0000] {dag.py:2941} INFO - Sync 1 DAGs
[2025-06-02T23:03:23.143+0000] {logging_mixin.py:154} INFO - [2025-06-02T23:03:23.142+0000] {dag.py:3722} INFO - Setting next_dagrun for latest_only to 2025-06-02T19:03:23.142563+00:00, run_after=2025-06-02T23:03:23.142563+00:00
[2025-06-02T23:03:23.207+0000] {processor.py:179} INFO - Processing /home/airflow/.local/lib/python3.10/site-packages/airflow/example_dags/example_latest_only.py took 0.426 seconds
[2025-06-02T23:03:57.304+0000] {processor.py:157} INFO - Started process (PID=32) to work on /home/airflow/.local/lib/python3.10/site-packages/airflow/example_dags/example_latest_only.py
[2025-06-02T23:03:57.307+0000] {processor.py:829} INFO - Processing file /home/airflow/.local/lib/python3.10/site-packages/airflow/example_dags/example_latest_only.py for tasks to queue
[2025-06-02T23:03:57.310+0000] {logging_mixin.py:154} INFO - [2025-06-02T23:03:57.310+0000] {dagbag.py:536} INFO - Filling up the DagBag from /home/airflow/.local/lib/python3.10/site-packages/airflow/example_dags/example_latest_only.py
[2025-06-02T23:03:57.321+0000] {processor.py:839} INFO - DAG(s) dict_keys(['latest_only']) retrieved from /home/airflow/.local/lib/python3.10/site-packages/airflow/example_dags/example_latest_only.py
[2025-06-02T23:03:57.357+0000] {logging_mixin.py:154} INFO - [2025-06-02T23:03:57.357+0000] {dag.py:2941} INFO - Sync 1 DAGs
[2025-06-02T23:03:57.387+0000] {logging_mixin.py:154} INFO - [2025-06-02T23:03:57.386+0000] {dag.py:3722} INFO - Setting next_dagrun for latest_only to 2025-06-02T19:03:57.386476+00:00, run_after=2025-06-02T23:03:57.386476+00:00
[2025-06-02T23:03:57.415+0000] {processor.py:179} INFO - Processing /home/airflow/.local/lib/python3.10/site-packages/airflow/example_dags/example_latest_only.py took 0.117 seconds
[2025-06-02T23:04:27.809+0000] {processor.py:157} INFO - Started process (PID=88) to work on /home/airflow/.local/lib/python3.10/site-packages/airflow/example_dags/example_latest_only.py
[2025-06-02T23:04:27.819+0000] {processor.py:829} INFO - Processing file /home/airflow/.local/lib/python3.10/site-packages/airflow/example_dags/example_latest_only.py for tasks to queue
[2025-06-02T23:04:27.822+0000] {logging_mixin.py:154} INFO - [2025-06-02T23:04:27.822+0000] {dagbag.py:536} INFO - Filling up the DagBag from /home/airflow/.local/lib/python3.10/site-packages/airflow/example_dags/example_latest_only.py
[2025-06-02T23:04:27.837+0000] {processor.py:839} INFO - DAG(s) dict_keys(['latest_only']) retrieved from /home/airflow/.local/lib/python3.10/site-packages/airflow/example_dags/example_latest_only.py
[2025-06-02T23:04:27.886+0000] {logging_mixin.py:154} INFO - [2025-06-02T23:04:27.886+0000] {dag.py:2941} INFO - Sync 1 DAGs
[2025-06-02T23:04:27.938+0000] {logging_mixin.py:154} INFO - [2025-06-02T23:04:27.937+0000] {dag.py:3722} INFO - Setting next_dagrun for latest_only to 2025-06-02T19:04:27.937643+00:00, run_after=2025-06-02T23:04:27.937643+00:00
[2025-06-02T23:04:27.980+0000] {processor.py:179} INFO - Processing /home/airflow/.local/lib/python3.10/site-packages/airflow/example_dags/example_latest_only.py took 0.184 seconds
[2025-06-02T23:04:58.040+0000] {processor.py:157} INFO - Started process (PID=142) to work on /home/airflow/.local/lib/python3.10/site-packages/airflow/example_dags/example_latest_only.py
[2025-06-02T23:04:58.041+0000] {processor.py:829} INFO - Processing file /home/airflow/.local/lib/python3.10/site-packages/airflow/example_dags/example_latest_only.py for tasks to queue
[2025-06-02T23:04:58.043+0000] {logging_mixin.py:154} INFO - [2025-06-02T23:04:58.043+0000] {dagbag.py:536} INFO - Filling up the DagBag from /home/airflow/.local/lib/python3.10/site-packages/airflow/example_dags/example_latest_only.py
[2025-06-02T23:04:58.048+0000] {processor.py:839} INFO - DAG(s) dict_keys(['latest_only']) retrieved from /home/airflow/.local/lib/python3.10/site-packages/airflow/example_dags/example_latest_only.py
[2025-06-02T23:04:58.069+0000] {logging_mixin.py:154} INFO - [2025-06-02T23:04:58.068+0000] {dag.py:2941} INFO - Sync 1 DAGs
[2025-06-02T23:04:58.091+0000] {logging_mixin.py:154} INFO - [2025-06-02T23:04:58.091+0000] {dag.py:3722} INFO - Setting next_dagrun for latest_only to 2025-06-02T19:04:58.091406+00:00, run_after=2025-06-02T23:04:58.091406+00:00
[2025-06-02T23:04:58.112+0000] {processor.py:179} INFO - Processing /home/airflow/.local/lib/python3.10/site-packages/airflow/example_dags/example_latest_only.py took 0.076 seconds
[2025-06-02T23:05:30.282+0000] {processor.py:157} INFO - Started process (PID=200) to work on /home/airflow/.local/lib/python3.10/site-packages/airflow/example_dags/example_latest_only.py
[2025-06-02T23:05:30.288+0000] {processor.py:829} INFO - Processing file /home/airflow/.local/lib/python3.10/site-packages/airflow/example_dags/example_latest_only.py for tasks to queue
[2025-06-02T23:05:30.302+0000] {logging_mixin.py:154} INFO - [2025-06-02T23:05:30.302+0000] {dagbag.py:536} INFO - Filling up the DagBag from /home/airflow/.local/lib/python3.10/site-packages/airflow/example_dags/example_latest_only.py
[2025-06-02T23:05:30.322+0000] {processor.py:839} INFO - DAG(s) dict_keys(['latest_only']) retrieved from /home/airflow/.local/lib/python3.10/site-packages/airflow/example_dags/example_latest_only.py
[2025-06-02T23:05:30.357+0000] {logging_mixin.py:154} INFO - [2025-06-02T23:05:30.357+0000] {dag.py:2941} INFO - Sync 1 DAGs
[2025-06-02T23:05:30.388+0000] {logging_mixin.py:154} INFO - [2025-06-02T23:05:30.388+0000] {dag.py:3722} INFO - Setting next_dagrun for latest_only to 2025-06-02T19:05:30.388300+00:00, run_after=2025-06-02T23:05:30.388300+00:00
[2025-06-02T23:05:30.427+0000] {processor.py:179} INFO - Processing /home/airflow/.local/lib/python3.10/site-packages/airflow/example_dags/example_latest_only.py took 0.174 seconds
[2025-06-02T23:06:00.899+0000] {processor.py:157} INFO - Started process (PID=254) to work on /home/airflow/.local/lib/python3.10/site-packages/airflow/example_dags/example_latest_only.py
[2025-06-02T23:06:00.902+0000] {processor.py:829} INFO - Processing file /home/airflow/.local/lib/python3.10/site-packages/airflow/example_dags/example_latest_only.py for tasks to queue
[2025-06-02T23:06:00.905+0000] {logging_mixin.py:154} INFO - [2025-06-02T23:06:00.904+0000] {dagbag.py:536} INFO - Filling up the DagBag from /home/airflow/.local/lib/python3.10/site-packages/airflow/example_dags/example_latest_only.py
[2025-06-02T23:06:00.943+0000] {processor.py:839} INFO - DAG(s) dict_keys(['latest_only']) retrieved from /home/airflow/.local/lib/python3.10/site-packages/airflow/example_dags/example_latest_only.py
[2025-06-02T23:06:01.014+0000] {logging_mixin.py:154} INFO - [2025-06-02T23:06:01.014+0000] {dag.py:2941} INFO - Sync 1 DAGs
[2025-06-02T23:06:01.131+0000] {logging_mixin.py:154} INFO - [2025-06-02T23:06:01.131+0000] {dag.py:3722} INFO - Setting next_dagrun for latest_only to 2025-06-02T19:06:01.130715+00:00, run_after=2025-06-02T23:06:01.130715+00:00
[2025-06-02T23:06:01.276+0000] {processor.py:179} INFO - Processing /home/airflow/.local/lib/python3.10/site-packages/airflow/example_dags/example_latest_only.py took 0.389 seconds
[2025-06-02T23:06:32.203+0000] {processor.py:157} INFO - Started process (PID=310) to work on /home/airflow/.local/lib/python3.10/site-packages/airflow/example_dags/example_latest_only.py
[2025-06-02T23:06:32.204+0000] {processor.py:829} INFO - Processing file /home/airflow/.local/lib/python3.10/site-packages/airflow/example_dags/example_latest_only.py for tasks to queue
[2025-06-02T23:06:32.207+0000] {logging_mixin.py:154} INFO - [2025-06-02T23:06:32.207+0000] {dagbag.py:536} INFO - Filling up the DagBag from /home/airflow/.local/lib/python3.10/site-packages/airflow/example_dags/example_latest_only.py
[2025-06-02T23:06:32.214+0000] {processor.py:839} INFO - DAG(s) dict_keys(['latest_only']) retrieved from /home/airflow/.local/lib/python3.10/site-packages/airflow/example_dags/example_latest_only.py
[2025-06-02T23:06:32.242+0000] {logging_mixin.py:154} INFO - [2025-06-02T23:06:32.242+0000] {dag.py:2941} INFO - Sync 1 DAGs
[2025-06-02T23:06:32.290+0000] {logging_mixin.py:154} INFO - [2025-06-02T23:06:32.289+0000] {dag.py:3722} INFO - Setting next_dagrun for latest_only to 2025-06-02T19:06:32.289422+00:00, run_after=2025-06-02T23:06:32.289422+00:00
[2025-06-02T23:06:32.374+0000] {processor.py:179} INFO - Processing /home/airflow/.local/lib/python3.10/site-packages/airflow/example_dags/example_latest_only.py took 0.177 seconds
[2025-06-02T23:07:02.751+0000] {processor.py:157} INFO - Started process (PID=366) to work on /home/airflow/.local/lib/python3.10/site-packages/airflow/example_dags/example_latest_only.py
[2025-06-02T23:07:02.753+0000] {processor.py:829} INFO - Processing file /home/airflow/.local/lib/python3.10/site-packages/airflow/example_dags/example_latest_only.py for tasks to queue
[2025-06-02T23:07:02.757+0000] {logging_mixin.py:154} INFO - [2025-06-02T23:07:02.757+0000] {dagbag.py:536} INFO - Filling up the DagBag from /home/airflow/.local/lib/python3.10/site-packages/airflow/example_dags/example_latest_only.py
[2025-06-02T23:07:02.764+0000] {processor.py:839} INFO - DAG(s) dict_keys(['latest_only']) retrieved from /home/airflow/.local/lib/python3.10/site-packages/airflow/example_dags/example_latest_only.py
[2025-06-02T23:07:02.800+0000] {logging_mixin.py:154} INFO - [2025-06-02T23:07:02.800+0000] {dag.py:2941} INFO - Sync 1 DAGs
[2025-06-02T23:07:02.830+0000] {logging_mixin.py:154} INFO - [2025-06-02T23:07:02.830+0000] {dag.py:3722} INFO - Setting next_dagrun for latest_only to 2025-06-02T19:07:02.829681+00:00, run_after=2025-06-02T23:07:02.829681+00:00
[2025-06-02T23:07:02.915+0000] {processor.py:179} INFO - Processing /home/airflow/.local/lib/python3.10/site-packages/airflow/example_dags/example_latest_only.py took 0.169 seconds
[2025-06-02T23:07:33.738+0000] {processor.py:157} INFO - Started process (PID=422) to work on /home/airflow/.local/lib/python3.10/site-packages/airflow/example_dags/example_latest_only.py
[2025-06-02T23:07:33.739+0000] {processor.py:829} INFO - Processing file /home/airflow/.local/lib/python3.10/site-packages/airflow/example_dags/example_latest_only.py for tasks to queue
[2025-06-02T23:07:33.742+0000] {logging_mixin.py:154} INFO - [2025-06-02T23:07:33.742+0000] {dagbag.py:536} INFO - Filling up the DagBag from /home/airflow/.local/lib/python3.10/site-packages/airflow/example_dags/example_latest_only.py
[2025-06-02T23:07:33.749+0000] {processor.py:839} INFO - DAG(s) dict_keys(['latest_only']) retrieved from /home/airflow/.local/lib/python3.10/site-packages/airflow/example_dags/example_latest_only.py
[2025-06-02T23:07:33.775+0000] {logging_mixin.py:154} INFO - [2025-06-02T23:07:33.774+0000] {dag.py:2941} INFO - Sync 1 DAGs
[2025-06-02T23:07:33.805+0000] {logging_mixin.py:154} INFO - [2025-06-02T23:07:33.805+0000] {dag.py:3722} INFO - Setting next_dagrun for latest_only to 2025-06-02T19:07:33.804688+00:00, run_after=2025-06-02T23:07:33.804688+00:00
[2025-06-02T23:07:33.874+0000] {processor.py:179} INFO - Processing /home/airflow/.local/lib/python3.10/site-packages/airflow/example_dags/example_latest_only.py took 0.141 seconds
