[2025-06-02T22:00:06.458+0000] {processor.py:157} INFO - Started process (PID=70) to work on /home/airflow/.local/lib/python3.10/site-packages/airflow/example_dags/example_branch_python_dop_operator_3.py
[2025-06-02T22:00:06.459+0000] {processor.py:829} INFO - Processing file /home/airflow/.local/lib/python3.10/site-packages/airflow/example_dags/example_branch_python_dop_operator_3.py for tasks to queue
[2025-06-02T22:00:06.474+0000] {logging_mixin.py:154} INFO - [2025-06-02T22:00:06.474+0000] {dagbag.py:536} INFO - Filling up the DagBag from /home/airflow/.local/lib/python3.10/site-packages/airflow/example_dags/example_branch_python_dop_operator_3.py
[2025-06-02T22:00:06.512+0000] {processor.py:839} INFO - DAG(s) dict_keys(['example_branch_dop_operator_v3']) retrieved from /home/airflow/.local/lib/python3.10/site-packages/airflow/example_dags/example_branch_python_dop_operator_3.py
[2025-06-02T22:00:06.790+0000] {logging_mixin.py:154} INFO - [2025-06-02T22:00:06.789+0000] {manager.py:499} INFO - Created Permission View: %s
[2025-06-02T22:00:06.823+0000] {logging_mixin.py:154} INFO - [2025-06-02T22:00:06.822+0000] {manager.py:499} INFO - Created Permission View: %s
[2025-06-02T22:00:06.857+0000] {logging_mixin.py:154} INFO - [2025-06-02T22:00:06.857+0000] {manager.py:499} INFO - Created Permission View: %s
[2025-06-02T22:00:06.857+0000] {logging_mixin.py:154} INFO - [2025-06-02T22:00:06.857+0000] {dag.py:2941} INFO - Sync 1 DAGs
[2025-06-02T22:00:06.908+0000] {logging_mixin.py:154} INFO - [2025-06-02T22:00:06.907+0000] {dag.py:2963} INFO - Creating ORM DAG for example_branch_dop_operator_v3
[2025-06-02T22:00:06.963+0000] {logging_mixin.py:154} INFO - [2025-06-02T22:00:06.962+0000] {dag.py:3722} INFO - Setting next_dagrun for example_branch_dop_operator_v3 to 2025-06-02T21:59:00+00:00, run_after=2025-06-02T22:00:00+00:00
[2025-06-02T22:00:07.009+0000] {processor.py:179} INFO - Processing /home/airflow/.local/lib/python3.10/site-packages/airflow/example_dags/example_branch_python_dop_operator_3.py took 0.566 seconds
[2025-06-02T22:00:37.300+0000] {processor.py:157} INFO - Started process (PID=124) to work on /home/airflow/.local/lib/python3.10/site-packages/airflow/example_dags/example_branch_python_dop_operator_3.py
[2025-06-02T22:00:37.302+0000] {processor.py:829} INFO - Processing file /home/airflow/.local/lib/python3.10/site-packages/airflow/example_dags/example_branch_python_dop_operator_3.py for tasks to queue
[2025-06-02T22:00:37.305+0000] {logging_mixin.py:154} INFO - [2025-06-02T22:00:37.304+0000] {dagbag.py:536} INFO - Filling up the DagBag from /home/airflow/.local/lib/python3.10/site-packages/airflow/example_dags/example_branch_python_dop_operator_3.py
[2025-06-02T22:00:37.317+0000] {processor.py:839} INFO - DAG(s) dict_keys(['example_branch_dop_operator_v3']) retrieved from /home/airflow/.local/lib/python3.10/site-packages/airflow/example_dags/example_branch_python_dop_operator_3.py
[2025-06-02T22:00:37.344+0000] {logging_mixin.py:154} INFO - [2025-06-02T22:00:37.344+0000] {dag.py:2941} INFO - Sync 1 DAGs
[2025-06-02T22:00:37.380+0000] {logging_mixin.py:154} INFO - [2025-06-02T22:00:37.380+0000] {dag.py:3722} INFO - Setting next_dagrun for example_branch_dop_operator_v3 to 2025-06-02T21:59:00+00:00, run_after=2025-06-02T22:00:00+00:00
[2025-06-02T22:00:37.414+0000] {processor.py:179} INFO - Processing /home/airflow/.local/lib/python3.10/site-packages/airflow/example_dags/example_branch_python_dop_operator_3.py took 0.119 seconds
[2025-06-02T22:01:07.713+0000] {processor.py:157} INFO - Started process (PID=178) to work on /home/airflow/.local/lib/python3.10/site-packages/airflow/example_dags/example_branch_python_dop_operator_3.py
[2025-06-02T22:01:07.715+0000] {processor.py:829} INFO - Processing file /home/airflow/.local/lib/python3.10/site-packages/airflow/example_dags/example_branch_python_dop_operator_3.py for tasks to queue
[2025-06-02T22:01:07.717+0000] {logging_mixin.py:154} INFO - [2025-06-02T22:01:07.717+0000] {dagbag.py:536} INFO - Filling up the DagBag from /home/airflow/.local/lib/python3.10/site-packages/airflow/example_dags/example_branch_python_dop_operator_3.py
[2025-06-02T22:01:07.727+0000] {processor.py:839} INFO - DAG(s) dict_keys(['example_branch_dop_operator_v3']) retrieved from /home/airflow/.local/lib/python3.10/site-packages/airflow/example_dags/example_branch_python_dop_operator_3.py
[2025-06-02T22:01:07.747+0000] {logging_mixin.py:154} INFO - [2025-06-02T22:01:07.747+0000] {dag.py:2941} INFO - Sync 1 DAGs
[2025-06-02T22:01:07.774+0000] {logging_mixin.py:154} INFO - [2025-06-02T22:01:07.774+0000] {dag.py:3722} INFO - Setting next_dagrun for example_branch_dop_operator_v3 to 2025-06-02T22:00:00+00:00, run_after=2025-06-02T22:01:00+00:00
[2025-06-02T22:01:07.795+0000] {processor.py:179} INFO - Processing /home/airflow/.local/lib/python3.10/site-packages/airflow/example_dags/example_branch_python_dop_operator_3.py took 0.086 seconds
[2025-06-02T22:01:38.390+0000] {processor.py:157} INFO - Started process (PID=240) to work on /home/airflow/.local/lib/python3.10/site-packages/airflow/example_dags/example_branch_python_dop_operator_3.py
[2025-06-02T22:01:38.391+0000] {processor.py:829} INFO - Processing file /home/airflow/.local/lib/python3.10/site-packages/airflow/example_dags/example_branch_python_dop_operator_3.py for tasks to queue
[2025-06-02T22:01:38.394+0000] {logging_mixin.py:154} INFO - [2025-06-02T22:01:38.394+0000] {dagbag.py:536} INFO - Filling up the DagBag from /home/airflow/.local/lib/python3.10/site-packages/airflow/example_dags/example_branch_python_dop_operator_3.py
[2025-06-02T22:01:38.407+0000] {processor.py:839} INFO - DAG(s) dict_keys(['example_branch_dop_operator_v3']) retrieved from /home/airflow/.local/lib/python3.10/site-packages/airflow/example_dags/example_branch_python_dop_operator_3.py
[2025-06-02T22:01:38.435+0000] {logging_mixin.py:154} INFO - [2025-06-02T22:01:38.435+0000] {dag.py:2941} INFO - Sync 1 DAGs
[2025-06-02T22:01:38.474+0000] {logging_mixin.py:154} INFO - [2025-06-02T22:01:38.474+0000] {dag.py:3722} INFO - Setting next_dagrun for example_branch_dop_operator_v3 to 2025-06-02T22:00:00+00:00, run_after=2025-06-02T22:01:00+00:00
[2025-06-02T22:01:38.501+0000] {processor.py:179} INFO - Processing /home/airflow/.local/lib/python3.10/site-packages/airflow/example_dags/example_branch_python_dop_operator_3.py took 0.115 seconds
[2025-06-02T22:02:08.922+0000] {processor.py:157} INFO - Started process (PID=293) to work on /home/airflow/.local/lib/python3.10/site-packages/airflow/example_dags/example_branch_python_dop_operator_3.py
[2025-06-02T22:02:08.923+0000] {processor.py:829} INFO - Processing file /home/airflow/.local/lib/python3.10/site-packages/airflow/example_dags/example_branch_python_dop_operator_3.py for tasks to queue
[2025-06-02T22:02:08.926+0000] {logging_mixin.py:154} INFO - [2025-06-02T22:02:08.926+0000] {dagbag.py:536} INFO - Filling up the DagBag from /home/airflow/.local/lib/python3.10/site-packages/airflow/example_dags/example_branch_python_dop_operator_3.py
[2025-06-02T22:02:08.938+0000] {processor.py:839} INFO - DAG(s) dict_keys(['example_branch_dop_operator_v3']) retrieved from /home/airflow/.local/lib/python3.10/site-packages/airflow/example_dags/example_branch_python_dop_operator_3.py
[2025-06-02T22:02:08.963+0000] {logging_mixin.py:154} INFO - [2025-06-02T22:02:08.963+0000] {dag.py:2941} INFO - Sync 1 DAGs
[2025-06-02T22:02:09.002+0000] {logging_mixin.py:154} INFO - [2025-06-02T22:02:09.002+0000] {dag.py:3722} INFO - Setting next_dagrun for example_branch_dop_operator_v3 to 2025-06-02T22:01:00+00:00, run_after=2025-06-02T22:02:00+00:00
[2025-06-02T22:02:09.033+0000] {processor.py:179} INFO - Processing /home/airflow/.local/lib/python3.10/site-packages/airflow/example_dags/example_branch_python_dop_operator_3.py took 0.117 seconds
[2025-06-02T22:02:39.838+0000] {processor.py:157} INFO - Started process (PID=347) to work on /home/airflow/.local/lib/python3.10/site-packages/airflow/example_dags/example_branch_python_dop_operator_3.py
[2025-06-02T22:02:39.840+0000] {processor.py:829} INFO - Processing file /home/airflow/.local/lib/python3.10/site-packages/airflow/example_dags/example_branch_python_dop_operator_3.py for tasks to queue
[2025-06-02T22:02:39.844+0000] {logging_mixin.py:154} INFO - [2025-06-02T22:02:39.843+0000] {dagbag.py:536} INFO - Filling up the DagBag from /home/airflow/.local/lib/python3.10/site-packages/airflow/example_dags/example_branch_python_dop_operator_3.py
[2025-06-02T22:02:39.856+0000] {processor.py:839} INFO - DAG(s) dict_keys(['example_branch_dop_operator_v3']) retrieved from /home/airflow/.local/lib/python3.10/site-packages/airflow/example_dags/example_branch_python_dop_operator_3.py
[2025-06-02T22:02:39.883+0000] {logging_mixin.py:154} INFO - [2025-06-02T22:02:39.883+0000] {dag.py:2941} INFO - Sync 1 DAGs
[2025-06-02T22:02:39.920+0000] {logging_mixin.py:154} INFO - [2025-06-02T22:02:39.920+0000] {dag.py:3722} INFO - Setting next_dagrun for example_branch_dop_operator_v3 to 2025-06-02T22:01:00+00:00, run_after=2025-06-02T22:02:00+00:00
[2025-06-02T22:02:39.945+0000] {processor.py:179} INFO - Processing /home/airflow/.local/lib/python3.10/site-packages/airflow/example_dags/example_branch_python_dop_operator_3.py took 0.112 seconds
[2025-06-02T22:03:10.440+0000] {processor.py:157} INFO - Started process (PID=402) to work on /home/airflow/.local/lib/python3.10/site-packages/airflow/example_dags/example_branch_python_dop_operator_3.py
[2025-06-02T22:03:10.441+0000] {processor.py:829} INFO - Processing file /home/airflow/.local/lib/python3.10/site-packages/airflow/example_dags/example_branch_python_dop_operator_3.py for tasks to queue
[2025-06-02T22:03:10.444+0000] {logging_mixin.py:154} INFO - [2025-06-02T22:03:10.444+0000] {dagbag.py:536} INFO - Filling up the DagBag from /home/airflow/.local/lib/python3.10/site-packages/airflow/example_dags/example_branch_python_dop_operator_3.py
[2025-06-02T22:03:10.458+0000] {processor.py:839} INFO - DAG(s) dict_keys(['example_branch_dop_operator_v3']) retrieved from /home/airflow/.local/lib/python3.10/site-packages/airflow/example_dags/example_branch_python_dop_operator_3.py
[2025-06-02T22:03:10.484+0000] {logging_mixin.py:154} INFO - [2025-06-02T22:03:10.484+0000] {dag.py:2941} INFO - Sync 1 DAGs
[2025-06-02T22:03:10.519+0000] {logging_mixin.py:154} INFO - [2025-06-02T22:03:10.519+0000] {dag.py:3722} INFO - Setting next_dagrun for example_branch_dop_operator_v3 to 2025-06-02T22:02:00+00:00, run_after=2025-06-02T22:03:00+00:00
[2025-06-02T22:03:10.541+0000] {processor.py:179} INFO - Processing /home/airflow/.local/lib/python3.10/site-packages/airflow/example_dags/example_branch_python_dop_operator_3.py took 0.105 seconds
[2025-06-02T22:03:41.283+0000] {processor.py:157} INFO - Started process (PID=456) to work on /home/airflow/.local/lib/python3.10/site-packages/airflow/example_dags/example_branch_python_dop_operator_3.py
[2025-06-02T22:03:41.284+0000] {processor.py:829} INFO - Processing file /home/airflow/.local/lib/python3.10/site-packages/airflow/example_dags/example_branch_python_dop_operator_3.py for tasks to queue
[2025-06-02T22:03:41.287+0000] {logging_mixin.py:154} INFO - [2025-06-02T22:03:41.287+0000] {dagbag.py:536} INFO - Filling up the DagBag from /home/airflow/.local/lib/python3.10/site-packages/airflow/example_dags/example_branch_python_dop_operator_3.py
[2025-06-02T22:03:41.300+0000] {processor.py:839} INFO - DAG(s) dict_keys(['example_branch_dop_operator_v3']) retrieved from /home/airflow/.local/lib/python3.10/site-packages/airflow/example_dags/example_branch_python_dop_operator_3.py
[2025-06-02T22:03:41.327+0000] {logging_mixin.py:154} INFO - [2025-06-02T22:03:41.327+0000] {dag.py:2941} INFO - Sync 1 DAGs
[2025-06-02T22:03:41.364+0000] {logging_mixin.py:154} INFO - [2025-06-02T22:03:41.363+0000] {dag.py:3722} INFO - Setting next_dagrun for example_branch_dop_operator_v3 to 2025-06-02T22:02:00+00:00, run_after=2025-06-02T22:03:00+00:00
[2025-06-02T22:03:41.384+0000] {processor.py:179} INFO - Processing /home/airflow/.local/lib/python3.10/site-packages/airflow/example_dags/example_branch_python_dop_operator_3.py took 0.106 seconds
[2025-06-02T22:04:12.102+0000] {processor.py:157} INFO - Started process (PID=510) to work on /home/airflow/.local/lib/python3.10/site-packages/airflow/example_dags/example_branch_python_dop_operator_3.py
[2025-06-02T22:04:12.103+0000] {processor.py:829} INFO - Processing file /home/airflow/.local/lib/python3.10/site-packages/airflow/example_dags/example_branch_python_dop_operator_3.py for tasks to queue
[2025-06-02T22:04:12.118+0000] {logging_mixin.py:154} INFO - [2025-06-02T22:04:12.117+0000] {dagbag.py:536} INFO - Filling up the DagBag from /home/airflow/.local/lib/python3.10/site-packages/airflow/example_dags/example_branch_python_dop_operator_3.py
[2025-06-02T22:04:12.130+0000] {processor.py:839} INFO - DAG(s) dict_keys(['example_branch_dop_operator_v3']) retrieved from /home/airflow/.local/lib/python3.10/site-packages/airflow/example_dags/example_branch_python_dop_operator_3.py
[2025-06-02T22:04:12.180+0000] {logging_mixin.py:154} INFO - [2025-06-02T22:04:12.180+0000] {dag.py:2941} INFO - Sync 1 DAGs
[2025-06-02T22:04:12.217+0000] {logging_mixin.py:154} INFO - [2025-06-02T22:04:12.217+0000] {dag.py:3722} INFO - Setting next_dagrun for example_branch_dop_operator_v3 to 2025-06-02T22:03:00+00:00, run_after=2025-06-02T22:04:00+00:00
[2025-06-02T22:04:12.270+0000] {processor.py:179} INFO - Processing /home/airflow/.local/lib/python3.10/site-packages/airflow/example_dags/example_branch_python_dop_operator_3.py took 0.193 seconds
[2025-06-02T22:04:43.466+0000] {processor.py:157} INFO - Started process (PID=564) to work on /home/airflow/.local/lib/python3.10/site-packages/airflow/example_dags/example_branch_python_dop_operator_3.py
[2025-06-02T22:04:43.480+0000] {processor.py:829} INFO - Processing file /home/airflow/.local/lib/python3.10/site-packages/airflow/example_dags/example_branch_python_dop_operator_3.py for tasks to queue
[2025-06-02T22:04:43.485+0000] {logging_mixin.py:154} INFO - [2025-06-02T22:04:43.485+0000] {dagbag.py:536} INFO - Filling up the DagBag from /home/airflow/.local/lib/python3.10/site-packages/airflow/example_dags/example_branch_python_dop_operator_3.py
[2025-06-02T22:04:43.522+0000] {processor.py:839} INFO - DAG(s) dict_keys(['example_branch_dop_operator_v3']) retrieved from /home/airflow/.local/lib/python3.10/site-packages/airflow/example_dags/example_branch_python_dop_operator_3.py
[2025-06-02T22:04:43.606+0000] {logging_mixin.py:154} INFO - [2025-06-02T22:04:43.606+0000] {dag.py:2941} INFO - Sync 1 DAGs
[2025-06-02T22:04:43.717+0000] {logging_mixin.py:154} INFO - [2025-06-02T22:04:43.717+0000] {dag.py:3722} INFO - Setting next_dagrun for example_branch_dop_operator_v3 to 2025-06-02T22:03:00+00:00, run_after=2025-06-02T22:04:00+00:00
[2025-06-02T22:04:43.774+0000] {processor.py:179} INFO - Processing /home/airflow/.local/lib/python3.10/site-packages/airflow/example_dags/example_branch_python_dop_operator_3.py took 0.328 seconds
[2025-06-02T22:05:14.145+0000] {processor.py:157} INFO - Started process (PID=619) to work on /home/airflow/.local/lib/python3.10/site-packages/airflow/example_dags/example_branch_python_dop_operator_3.py
[2025-06-02T22:05:14.146+0000] {processor.py:829} INFO - Processing file /home/airflow/.local/lib/python3.10/site-packages/airflow/example_dags/example_branch_python_dop_operator_3.py for tasks to queue
[2025-06-02T22:05:14.149+0000] {logging_mixin.py:154} INFO - [2025-06-02T22:05:14.149+0000] {dagbag.py:536} INFO - Filling up the DagBag from /home/airflow/.local/lib/python3.10/site-packages/airflow/example_dags/example_branch_python_dop_operator_3.py
[2025-06-02T22:05:14.162+0000] {processor.py:839} INFO - DAG(s) dict_keys(['example_branch_dop_operator_v3']) retrieved from /home/airflow/.local/lib/python3.10/site-packages/airflow/example_dags/example_branch_python_dop_operator_3.py
[2025-06-02T22:05:14.190+0000] {logging_mixin.py:154} INFO - [2025-06-02T22:05:14.190+0000] {dag.py:2941} INFO - Sync 1 DAGs
[2025-06-02T22:05:14.227+0000] {logging_mixin.py:154} INFO - [2025-06-02T22:05:14.227+0000] {dag.py:3722} INFO - Setting next_dagrun for example_branch_dop_operator_v3 to 2025-06-02T22:04:00+00:00, run_after=2025-06-02T22:05:00+00:00
[2025-06-02T22:05:14.250+0000] {processor.py:179} INFO - Processing /home/airflow/.local/lib/python3.10/site-packages/airflow/example_dags/example_branch_python_dop_operator_3.py took 0.109 seconds
[2025-06-02T22:05:44.476+0000] {processor.py:157} INFO - Started process (PID=673) to work on /home/airflow/.local/lib/python3.10/site-packages/airflow/example_dags/example_branch_python_dop_operator_3.py
[2025-06-02T22:05:44.477+0000] {processor.py:829} INFO - Processing file /home/airflow/.local/lib/python3.10/site-packages/airflow/example_dags/example_branch_python_dop_operator_3.py for tasks to queue
[2025-06-02T22:05:44.480+0000] {logging_mixin.py:154} INFO - [2025-06-02T22:05:44.480+0000] {dagbag.py:536} INFO - Filling up the DagBag from /home/airflow/.local/lib/python3.10/site-packages/airflow/example_dags/example_branch_python_dop_operator_3.py
[2025-06-02T22:05:44.493+0000] {processor.py:839} INFO - DAG(s) dict_keys(['example_branch_dop_operator_v3']) retrieved from /home/airflow/.local/lib/python3.10/site-packages/airflow/example_dags/example_branch_python_dop_operator_3.py
[2025-06-02T22:05:44.538+0000] {logging_mixin.py:154} INFO - [2025-06-02T22:05:44.537+0000] {dag.py:2941} INFO - Sync 1 DAGs
[2025-06-02T22:05:44.573+0000] {logging_mixin.py:154} INFO - [2025-06-02T22:05:44.573+0000] {dag.py:3722} INFO - Setting next_dagrun for example_branch_dop_operator_v3 to 2025-06-02T22:04:00+00:00, run_after=2025-06-02T22:05:00+00:00
[2025-06-02T22:05:44.601+0000] {processor.py:179} INFO - Processing /home/airflow/.local/lib/python3.10/site-packages/airflow/example_dags/example_branch_python_dop_operator_3.py took 0.131 seconds
[2025-06-02T22:06:14.734+0000] {processor.py:157} INFO - Started process (PID=726) to work on /home/airflow/.local/lib/python3.10/site-packages/airflow/example_dags/example_branch_python_dop_operator_3.py
[2025-06-02T22:06:14.735+0000] {processor.py:829} INFO - Processing file /home/airflow/.local/lib/python3.10/site-packages/airflow/example_dags/example_branch_python_dop_operator_3.py for tasks to queue
[2025-06-02T22:06:14.738+0000] {logging_mixin.py:154} INFO - [2025-06-02T22:06:14.737+0000] {dagbag.py:536} INFO - Filling up the DagBag from /home/airflow/.local/lib/python3.10/site-packages/airflow/example_dags/example_branch_python_dop_operator_3.py
[2025-06-02T22:06:14.751+0000] {processor.py:839} INFO - DAG(s) dict_keys(['example_branch_dop_operator_v3']) retrieved from /home/airflow/.local/lib/python3.10/site-packages/airflow/example_dags/example_branch_python_dop_operator_3.py
[2025-06-02T22:06:14.777+0000] {logging_mixin.py:154} INFO - [2025-06-02T22:06:14.777+0000] {dag.py:2941} INFO - Sync 1 DAGs
[2025-06-02T22:06:14.813+0000] {logging_mixin.py:154} INFO - [2025-06-02T22:06:14.813+0000] {dag.py:3722} INFO - Setting next_dagrun for example_branch_dop_operator_v3 to 2025-06-02T22:05:00+00:00, run_after=2025-06-02T22:06:00+00:00
[2025-06-02T22:06:14.838+0000] {processor.py:179} INFO - Processing /home/airflow/.local/lib/python3.10/site-packages/airflow/example_dags/example_branch_python_dop_operator_3.py took 0.109 seconds
[2025-06-02T22:06:45.398+0000] {processor.py:157} INFO - Started process (PID=781) to work on /home/airflow/.local/lib/python3.10/site-packages/airflow/example_dags/example_branch_python_dop_operator_3.py
[2025-06-02T22:06:45.399+0000] {processor.py:829} INFO - Processing file /home/airflow/.local/lib/python3.10/site-packages/airflow/example_dags/example_branch_python_dop_operator_3.py for tasks to queue
[2025-06-02T22:06:45.402+0000] {logging_mixin.py:154} INFO - [2025-06-02T22:06:45.402+0000] {dagbag.py:536} INFO - Filling up the DagBag from /home/airflow/.local/lib/python3.10/site-packages/airflow/example_dags/example_branch_python_dop_operator_3.py
[2025-06-02T22:06:45.414+0000] {processor.py:839} INFO - DAG(s) dict_keys(['example_branch_dop_operator_v3']) retrieved from /home/airflow/.local/lib/python3.10/site-packages/airflow/example_dags/example_branch_python_dop_operator_3.py
[2025-06-02T22:06:45.442+0000] {logging_mixin.py:154} INFO - [2025-06-02T22:06:45.442+0000] {dag.py:2941} INFO - Sync 1 DAGs
[2025-06-02T22:06:45.485+0000] {logging_mixin.py:154} INFO - [2025-06-02T22:06:45.484+0000] {dag.py:3722} INFO - Setting next_dagrun for example_branch_dop_operator_v3 to 2025-06-02T22:05:00+00:00, run_after=2025-06-02T22:06:00+00:00
[2025-06-02T22:06:45.515+0000] {processor.py:179} INFO - Processing /home/airflow/.local/lib/python3.10/site-packages/airflow/example_dags/example_branch_python_dop_operator_3.py took 0.121 seconds
[2025-06-02T22:07:15.573+0000] {processor.py:157} INFO - Started process (PID=835) to work on /home/airflow/.local/lib/python3.10/site-packages/airflow/example_dags/example_branch_python_dop_operator_3.py
[2025-06-02T22:07:15.574+0000] {processor.py:829} INFO - Processing file /home/airflow/.local/lib/python3.10/site-packages/airflow/example_dags/example_branch_python_dop_operator_3.py for tasks to queue
[2025-06-02T22:07:15.577+0000] {logging_mixin.py:154} INFO - [2025-06-02T22:07:15.577+0000] {dagbag.py:536} INFO - Filling up the DagBag from /home/airflow/.local/lib/python3.10/site-packages/airflow/example_dags/example_branch_python_dop_operator_3.py
[2025-06-02T22:07:15.591+0000] {processor.py:839} INFO - DAG(s) dict_keys(['example_branch_dop_operator_v3']) retrieved from /home/airflow/.local/lib/python3.10/site-packages/airflow/example_dags/example_branch_python_dop_operator_3.py
[2025-06-02T22:07:15.618+0000] {logging_mixin.py:154} INFO - [2025-06-02T22:07:15.617+0000] {dag.py:2941} INFO - Sync 1 DAGs
[2025-06-02T22:07:15.656+0000] {logging_mixin.py:154} INFO - [2025-06-02T22:07:15.656+0000] {dag.py:3722} INFO - Setting next_dagrun for example_branch_dop_operator_v3 to 2025-06-02T22:06:00+00:00, run_after=2025-06-02T22:07:00+00:00
[2025-06-02T22:07:15.690+0000] {processor.py:179} INFO - Processing /home/airflow/.local/lib/python3.10/site-packages/airflow/example_dags/example_branch_python_dop_operator_3.py took 0.122 seconds
[2025-06-02T22:07:46.366+0000] {processor.py:157} INFO - Started process (PID=889) to work on /home/airflow/.local/lib/python3.10/site-packages/airflow/example_dags/example_branch_python_dop_operator_3.py
[2025-06-02T22:07:46.367+0000] {processor.py:829} INFO - Processing file /home/airflow/.local/lib/python3.10/site-packages/airflow/example_dags/example_branch_python_dop_operator_3.py for tasks to queue
[2025-06-02T22:07:46.370+0000] {logging_mixin.py:154} INFO - [2025-06-02T22:07:46.370+0000] {dagbag.py:536} INFO - Filling up the DagBag from /home/airflow/.local/lib/python3.10/site-packages/airflow/example_dags/example_branch_python_dop_operator_3.py
[2025-06-02T22:07:46.384+0000] {processor.py:839} INFO - DAG(s) dict_keys(['example_branch_dop_operator_v3']) retrieved from /home/airflow/.local/lib/python3.10/site-packages/airflow/example_dags/example_branch_python_dop_operator_3.py
[2025-06-02T22:07:46.432+0000] {logging_mixin.py:154} INFO - [2025-06-02T22:07:46.415+0000] {dag.py:2941} INFO - Sync 1 DAGs
[2025-06-02T22:07:46.501+0000] {logging_mixin.py:154} INFO - [2025-06-02T22:07:46.500+0000] {dag.py:3722} INFO - Setting next_dagrun for example_branch_dop_operator_v3 to 2025-06-02T22:06:00+00:00, run_after=2025-06-02T22:07:00+00:00
[2025-06-02T22:07:46.525+0000] {processor.py:179} INFO - Processing /home/airflow/.local/lib/python3.10/site-packages/airflow/example_dags/example_branch_python_dop_operator_3.py took 0.163 seconds
[2025-06-02T22:08:16.775+0000] {processor.py:157} INFO - Started process (PID=943) to work on /home/airflow/.local/lib/python3.10/site-packages/airflow/example_dags/example_branch_python_dop_operator_3.py
[2025-06-02T22:08:16.776+0000] {processor.py:829} INFO - Processing file /home/airflow/.local/lib/python3.10/site-packages/airflow/example_dags/example_branch_python_dop_operator_3.py for tasks to queue
[2025-06-02T22:08:16.779+0000] {logging_mixin.py:154} INFO - [2025-06-02T22:08:16.779+0000] {dagbag.py:536} INFO - Filling up the DagBag from /home/airflow/.local/lib/python3.10/site-packages/airflow/example_dags/example_branch_python_dop_operator_3.py
[2025-06-02T22:08:16.792+0000] {processor.py:839} INFO - DAG(s) dict_keys(['example_branch_dop_operator_v3']) retrieved from /home/airflow/.local/lib/python3.10/site-packages/airflow/example_dags/example_branch_python_dop_operator_3.py
[2025-06-02T22:08:16.819+0000] {logging_mixin.py:154} INFO - [2025-06-02T22:08:16.818+0000] {dag.py:2941} INFO - Sync 1 DAGs
[2025-06-02T22:08:16.853+0000] {logging_mixin.py:154} INFO - [2025-06-02T22:08:16.853+0000] {dag.py:3722} INFO - Setting next_dagrun for example_branch_dop_operator_v3 to 2025-06-02T22:07:00+00:00, run_after=2025-06-02T22:08:00+00:00
[2025-06-02T22:08:16.876+0000] {processor.py:179} INFO - Processing /home/airflow/.local/lib/python3.10/site-packages/airflow/example_dags/example_branch_python_dop_operator_3.py took 0.106 seconds
[2025-06-02T22:08:47.834+0000] {processor.py:157} INFO - Started process (PID=997) to work on /home/airflow/.local/lib/python3.10/site-packages/airflow/example_dags/example_branch_python_dop_operator_3.py
[2025-06-02T22:08:47.837+0000] {processor.py:829} INFO - Processing file /home/airflow/.local/lib/python3.10/site-packages/airflow/example_dags/example_branch_python_dop_operator_3.py for tasks to queue
[2025-06-02T22:08:47.840+0000] {logging_mixin.py:154} INFO - [2025-06-02T22:08:47.840+0000] {dagbag.py:536} INFO - Filling up the DagBag from /home/airflow/.local/lib/python3.10/site-packages/airflow/example_dags/example_branch_python_dop_operator_3.py
[2025-06-02T22:08:47.853+0000] {processor.py:839} INFO - DAG(s) dict_keys(['example_branch_dop_operator_v3']) retrieved from /home/airflow/.local/lib/python3.10/site-packages/airflow/example_dags/example_branch_python_dop_operator_3.py
[2025-06-02T22:08:47.880+0000] {logging_mixin.py:154} INFO - [2025-06-02T22:08:47.880+0000] {dag.py:2941} INFO - Sync 1 DAGs
[2025-06-02T22:08:48.112+0000] {logging_mixin.py:154} INFO - [2025-06-02T22:08:48.112+0000] {dag.py:3722} INFO - Setting next_dagrun for example_branch_dop_operator_v3 to 2025-06-02T22:07:00+00:00, run_after=2025-06-02T22:08:00+00:00
[2025-06-02T22:08:48.142+0000] {processor.py:179} INFO - Processing /home/airflow/.local/lib/python3.10/site-packages/airflow/example_dags/example_branch_python_dop_operator_3.py took 0.313 seconds
[2025-06-02T22:09:18.431+0000] {processor.py:157} INFO - Started process (PID=1051) to work on /home/airflow/.local/lib/python3.10/site-packages/airflow/example_dags/example_branch_python_dop_operator_3.py
[2025-06-02T22:09:18.433+0000] {processor.py:829} INFO - Processing file /home/airflow/.local/lib/python3.10/site-packages/airflow/example_dags/example_branch_python_dop_operator_3.py for tasks to queue
[2025-06-02T22:09:18.437+0000] {logging_mixin.py:154} INFO - [2025-06-02T22:09:18.437+0000] {dagbag.py:536} INFO - Filling up the DagBag from /home/airflow/.local/lib/python3.10/site-packages/airflow/example_dags/example_branch_python_dop_operator_3.py
[2025-06-02T22:09:18.450+0000] {processor.py:839} INFO - DAG(s) dict_keys(['example_branch_dop_operator_v3']) retrieved from /home/airflow/.local/lib/python3.10/site-packages/airflow/example_dags/example_branch_python_dop_operator_3.py
[2025-06-02T22:09:18.478+0000] {logging_mixin.py:154} INFO - [2025-06-02T22:09:18.478+0000] {dag.py:2941} INFO - Sync 1 DAGs
[2025-06-02T22:09:18.516+0000] {logging_mixin.py:154} INFO - [2025-06-02T22:09:18.516+0000] {dag.py:3722} INFO - Setting next_dagrun for example_branch_dop_operator_v3 to 2025-06-02T22:08:00+00:00, run_after=2025-06-02T22:09:00+00:00
[2025-06-02T22:09:18.734+0000] {processor.py:179} INFO - Processing /home/airflow/.local/lib/python3.10/site-packages/airflow/example_dags/example_branch_python_dop_operator_3.py took 0.311 seconds
[2025-06-02T22:09:49.300+0000] {processor.py:157} INFO - Started process (PID=1104) to work on /home/airflow/.local/lib/python3.10/site-packages/airflow/example_dags/example_branch_python_dop_operator_3.py
[2025-06-02T22:09:49.302+0000] {processor.py:829} INFO - Processing file /home/airflow/.local/lib/python3.10/site-packages/airflow/example_dags/example_branch_python_dop_operator_3.py for tasks to queue
[2025-06-02T22:09:49.305+0000] {logging_mixin.py:154} INFO - [2025-06-02T22:09:49.304+0000] {dagbag.py:536} INFO - Filling up the DagBag from /home/airflow/.local/lib/python3.10/site-packages/airflow/example_dags/example_branch_python_dop_operator_3.py
[2025-06-02T22:09:49.318+0000] {processor.py:839} INFO - DAG(s) dict_keys(['example_branch_dop_operator_v3']) retrieved from /home/airflow/.local/lib/python3.10/site-packages/airflow/example_dags/example_branch_python_dop_operator_3.py
[2025-06-02T22:09:49.346+0000] {logging_mixin.py:154} INFO - [2025-06-02T22:09:49.346+0000] {dag.py:2941} INFO - Sync 1 DAGs
[2025-06-02T22:09:49.385+0000] {logging_mixin.py:154} INFO - [2025-06-02T22:09:49.385+0000] {dag.py:3722} INFO - Setting next_dagrun for example_branch_dop_operator_v3 to 2025-06-02T22:08:00+00:00, run_after=2025-06-02T22:09:00+00:00
[2025-06-02T22:09:49.405+0000] {processor.py:179} INFO - Processing /home/airflow/.local/lib/python3.10/site-packages/airflow/example_dags/example_branch_python_dop_operator_3.py took 0.110 seconds
[2025-06-02T22:10:22.089+0000] {processor.py:157} INFO - Started process (PID=1158) to work on /home/airflow/.local/lib/python3.10/site-packages/airflow/example_dags/example_branch_python_dop_operator_3.py
[2025-06-02T22:10:22.105+0000] {processor.py:829} INFO - Processing file /home/airflow/.local/lib/python3.10/site-packages/airflow/example_dags/example_branch_python_dop_operator_3.py for tasks to queue
[2025-06-02T22:10:22.108+0000] {logging_mixin.py:154} INFO - [2025-06-02T22:10:22.108+0000] {dagbag.py:536} INFO - Filling up the DagBag from /home/airflow/.local/lib/python3.10/site-packages/airflow/example_dags/example_branch_python_dop_operator_3.py
[2025-06-02T22:10:22.156+0000] {processor.py:839} INFO - DAG(s) dict_keys(['example_branch_dop_operator_v3']) retrieved from /home/airflow/.local/lib/python3.10/site-packages/airflow/example_dags/example_branch_python_dop_operator_3.py
[2025-06-02T22:10:22.243+0000] {logging_mixin.py:154} INFO - [2025-06-02T22:10:22.243+0000] {dag.py:2941} INFO - Sync 1 DAGs
[2025-06-02T22:10:22.786+0000] {logging_mixin.py:154} INFO - [2025-06-02T22:10:22.786+0000] {dag.py:3722} INFO - Setting next_dagrun for example_branch_dop_operator_v3 to 2025-06-02T22:09:00+00:00, run_after=2025-06-02T22:10:00+00:00
[2025-06-02T22:10:22.836+0000] {processor.py:179} INFO - Processing /home/airflow/.local/lib/python3.10/site-packages/airflow/example_dags/example_branch_python_dop_operator_3.py took 0.763 seconds
[2025-06-02T22:10:52.890+0000] {processor.py:157} INFO - Started process (PID=1212) to work on /home/airflow/.local/lib/python3.10/site-packages/airflow/example_dags/example_branch_python_dop_operator_3.py
[2025-06-02T22:10:52.891+0000] {processor.py:829} INFO - Processing file /home/airflow/.local/lib/python3.10/site-packages/airflow/example_dags/example_branch_python_dop_operator_3.py for tasks to queue
[2025-06-02T22:10:52.894+0000] {logging_mixin.py:154} INFO - [2025-06-02T22:10:52.893+0000] {dagbag.py:536} INFO - Filling up the DagBag from /home/airflow/.local/lib/python3.10/site-packages/airflow/example_dags/example_branch_python_dop_operator_3.py
[2025-06-02T22:10:52.903+0000] {processor.py:839} INFO - DAG(s) dict_keys(['example_branch_dop_operator_v3']) retrieved from /home/airflow/.local/lib/python3.10/site-packages/airflow/example_dags/example_branch_python_dop_operator_3.py
[2025-06-02T22:10:52.924+0000] {logging_mixin.py:154} INFO - [2025-06-02T22:10:52.924+0000] {dag.py:2941} INFO - Sync 1 DAGs
[2025-06-02T22:10:52.952+0000] {logging_mixin.py:154} INFO - [2025-06-02T22:10:52.951+0000] {dag.py:3722} INFO - Setting next_dagrun for example_branch_dop_operator_v3 to 2025-06-02T22:09:00+00:00, run_after=2025-06-02T22:10:00+00:00
[2025-06-02T22:10:53.120+0000] {processor.py:179} INFO - Processing /home/airflow/.local/lib/python3.10/site-packages/airflow/example_dags/example_branch_python_dop_operator_3.py took 0.233 seconds
[2025-06-02T23:03:59.912+0000] {processor.py:157} INFO - Started process (PID=64) to work on /home/airflow/.local/lib/python3.10/site-packages/airflow/example_dags/example_branch_python_dop_operator_3.py
[2025-06-02T23:03:59.914+0000] {processor.py:829} INFO - Processing file /home/airflow/.local/lib/python3.10/site-packages/airflow/example_dags/example_branch_python_dop_operator_3.py for tasks to queue
[2025-06-02T23:03:59.916+0000] {logging_mixin.py:154} INFO - [2025-06-02T23:03:59.916+0000] {dagbag.py:536} INFO - Filling up the DagBag from /home/airflow/.local/lib/python3.10/site-packages/airflow/example_dags/example_branch_python_dop_operator_3.py
[2025-06-02T23:03:59.929+0000] {processor.py:839} INFO - DAG(s) dict_keys(['example_branch_dop_operator_v3']) retrieved from /home/airflow/.local/lib/python3.10/site-packages/airflow/example_dags/example_branch_python_dop_operator_3.py
[2025-06-02T23:03:59.959+0000] {logging_mixin.py:154} INFO - [2025-06-02T23:03:59.958+0000] {dag.py:2941} INFO - Sync 1 DAGs
[2025-06-02T23:03:59.993+0000] {logging_mixin.py:154} INFO - [2025-06-02T23:03:59.992+0000] {dag.py:3722} INFO - Setting next_dagrun for example_branch_dop_operator_v3 to 2025-06-02T23:02:00+00:00, run_after=2025-06-02T23:03:00+00:00
[2025-06-02T23:04:00.017+0000] {processor.py:179} INFO - Processing /home/airflow/.local/lib/python3.10/site-packages/airflow/example_dags/example_branch_python_dop_operator_3.py took 0.111 seconds
[2025-06-02T23:04:30.860+0000] {processor.py:157} INFO - Started process (PID=120) to work on /home/airflow/.local/lib/python3.10/site-packages/airflow/example_dags/example_branch_python_dop_operator_3.py
[2025-06-02T23:04:30.863+0000] {processor.py:829} INFO - Processing file /home/airflow/.local/lib/python3.10/site-packages/airflow/example_dags/example_branch_python_dop_operator_3.py for tasks to queue
[2025-06-02T23:04:30.866+0000] {logging_mixin.py:154} INFO - [2025-06-02T23:04:30.866+0000] {dagbag.py:536} INFO - Filling up the DagBag from /home/airflow/.local/lib/python3.10/site-packages/airflow/example_dags/example_branch_python_dop_operator_3.py
[2025-06-02T23:04:30.879+0000] {processor.py:839} INFO - DAG(s) dict_keys(['example_branch_dop_operator_v3']) retrieved from /home/airflow/.local/lib/python3.10/site-packages/airflow/example_dags/example_branch_python_dop_operator_3.py
[2025-06-02T23:04:30.906+0000] {logging_mixin.py:154} INFO - [2025-06-02T23:04:30.906+0000] {dag.py:2941} INFO - Sync 1 DAGs
[2025-06-02T23:04:30.972+0000] {logging_mixin.py:154} INFO - [2025-06-02T23:04:30.971+0000] {dag.py:3722} INFO - Setting next_dagrun for example_branch_dop_operator_v3 to 2025-06-02T23:03:00+00:00, run_after=2025-06-02T23:04:00+00:00
[2025-06-02T23:04:30.999+0000] {processor.py:179} INFO - Processing /home/airflow/.local/lib/python3.10/site-packages/airflow/example_dags/example_branch_python_dop_operator_3.py took 0.144 seconds
[2025-06-02T23:05:01.083+0000] {processor.py:157} INFO - Started process (PID=176) to work on /home/airflow/.local/lib/python3.10/site-packages/airflow/example_dags/example_branch_python_dop_operator_3.py
[2025-06-02T23:05:01.084+0000] {processor.py:829} INFO - Processing file /home/airflow/.local/lib/python3.10/site-packages/airflow/example_dags/example_branch_python_dop_operator_3.py for tasks to queue
[2025-06-02T23:05:01.087+0000] {logging_mixin.py:154} INFO - [2025-06-02T23:05:01.087+0000] {dagbag.py:536} INFO - Filling up the DagBag from /home/airflow/.local/lib/python3.10/site-packages/airflow/example_dags/example_branch_python_dop_operator_3.py
[2025-06-02T23:05:01.099+0000] {processor.py:839} INFO - DAG(s) dict_keys(['example_branch_dop_operator_v3']) retrieved from /home/airflow/.local/lib/python3.10/site-packages/airflow/example_dags/example_branch_python_dop_operator_3.py
[2025-06-02T23:05:01.127+0000] {logging_mixin.py:154} INFO - [2025-06-02T23:05:01.126+0000] {dag.py:2941} INFO - Sync 1 DAGs
[2025-06-02T23:05:01.165+0000] {logging_mixin.py:154} INFO - [2025-06-02T23:05:01.165+0000] {dag.py:3722} INFO - Setting next_dagrun for example_branch_dop_operator_v3 to 2025-06-02T23:04:00+00:00, run_after=2025-06-02T23:05:00+00:00
[2025-06-02T23:05:01.191+0000] {processor.py:179} INFO - Processing /home/airflow/.local/lib/python3.10/site-packages/airflow/example_dags/example_branch_python_dop_operator_3.py took 0.112 seconds
[2025-06-02T23:05:33.027+0000] {processor.py:157} INFO - Started process (PID=232) to work on /home/airflow/.local/lib/python3.10/site-packages/airflow/example_dags/example_branch_python_dop_operator_3.py
[2025-06-02T23:05:33.030+0000] {processor.py:829} INFO - Processing file /home/airflow/.local/lib/python3.10/site-packages/airflow/example_dags/example_branch_python_dop_operator_3.py for tasks to queue
[2025-06-02T23:05:33.033+0000] {logging_mixin.py:154} INFO - [2025-06-02T23:05:33.033+0000] {dagbag.py:536} INFO - Filling up the DagBag from /home/airflow/.local/lib/python3.10/site-packages/airflow/example_dags/example_branch_python_dop_operator_3.py
[2025-06-02T23:05:33.046+0000] {processor.py:839} INFO - DAG(s) dict_keys(['example_branch_dop_operator_v3']) retrieved from /home/airflow/.local/lib/python3.10/site-packages/airflow/example_dags/example_branch_python_dop_operator_3.py
[2025-06-02T23:05:33.071+0000] {logging_mixin.py:154} INFO - [2025-06-02T23:05:33.070+0000] {dag.py:2941} INFO - Sync 1 DAGs
[2025-06-02T23:05:33.109+0000] {logging_mixin.py:154} INFO - [2025-06-02T23:05:33.109+0000] {dag.py:3722} INFO - Setting next_dagrun for example_branch_dop_operator_v3 to 2025-06-02T23:04:00+00:00, run_after=2025-06-02T23:05:00+00:00
[2025-06-02T23:05:33.132+0000] {processor.py:179} INFO - Processing /home/airflow/.local/lib/python3.10/site-packages/airflow/example_dags/example_branch_python_dop_operator_3.py took 0.109 seconds
[2025-06-02T23:06:07.382+0000] {processor.py:157} INFO - Started process (PID=288) to work on /home/airflow/.local/lib/python3.10/site-packages/airflow/example_dags/example_branch_python_dop_operator_3.py
[2025-06-02T23:06:07.384+0000] {processor.py:829} INFO - Processing file /home/airflow/.local/lib/python3.10/site-packages/airflow/example_dags/example_branch_python_dop_operator_3.py for tasks to queue
[2025-06-02T23:06:07.387+0000] {logging_mixin.py:154} INFO - [2025-06-02T23:06:07.387+0000] {dagbag.py:536} INFO - Filling up the DagBag from /home/airflow/.local/lib/python3.10/site-packages/airflow/example_dags/example_branch_python_dop_operator_3.py
[2025-06-02T23:06:07.400+0000] {processor.py:839} INFO - DAG(s) dict_keys(['example_branch_dop_operator_v3']) retrieved from /home/airflow/.local/lib/python3.10/site-packages/airflow/example_dags/example_branch_python_dop_operator_3.py
[2025-06-02T23:06:07.422+0000] {logging_mixin.py:154} INFO - [2025-06-02T23:06:07.422+0000] {dag.py:2941} INFO - Sync 1 DAGs
[2025-06-02T23:06:07.453+0000] {logging_mixin.py:154} INFO - [2025-06-02T23:06:07.453+0000] {dag.py:3722} INFO - Setting next_dagrun for example_branch_dop_operator_v3 to 2025-06-02T23:05:00+00:00, run_after=2025-06-02T23:06:00+00:00
[2025-06-02T23:06:07.472+0000] {processor.py:179} INFO - Processing /home/airflow/.local/lib/python3.10/site-packages/airflow/example_dags/example_branch_python_dop_operator_3.py took 0.100 seconds
[2025-06-02T23:06:40.522+0000] {processor.py:157} INFO - Started process (PID=351) to work on /home/airflow/.local/lib/python3.10/site-packages/airflow/example_dags/example_branch_python_dop_operator_3.py
[2025-06-02T23:06:40.532+0000] {processor.py:829} INFO - Processing file /home/airflow/.local/lib/python3.10/site-packages/airflow/example_dags/example_branch_python_dop_operator_3.py for tasks to queue
[2025-06-02T23:06:40.535+0000] {logging_mixin.py:154} INFO - [2025-06-02T23:06:40.534+0000] {dagbag.py:536} INFO - Filling up the DagBag from /home/airflow/.local/lib/python3.10/site-packages/airflow/example_dags/example_branch_python_dop_operator_3.py
[2025-06-02T23:06:40.548+0000] {processor.py:839} INFO - DAG(s) dict_keys(['example_branch_dop_operator_v3']) retrieved from /home/airflow/.local/lib/python3.10/site-packages/airflow/example_dags/example_branch_python_dop_operator_3.py
[2025-06-02T23:06:40.575+0000] {logging_mixin.py:154} INFO - [2025-06-02T23:06:40.575+0000] {dag.py:2941} INFO - Sync 1 DAGs
[2025-06-02T23:06:40.618+0000] {logging_mixin.py:154} INFO - [2025-06-02T23:06:40.618+0000] {dag.py:3722} INFO - Setting next_dagrun for example_branch_dop_operator_v3 to 2025-06-02T23:05:00+00:00, run_after=2025-06-02T23:06:00+00:00
[2025-06-02T23:06:40.651+0000] {processor.py:179} INFO - Processing /home/airflow/.local/lib/python3.10/site-packages/airflow/example_dags/example_branch_python_dop_operator_3.py took 0.135 seconds
[2025-06-02T23:07:11.179+0000] {processor.py:157} INFO - Started process (PID=407) to work on /home/airflow/.local/lib/python3.10/site-packages/airflow/example_dags/example_branch_python_dop_operator_3.py
[2025-06-02T23:07:11.180+0000] {processor.py:829} INFO - Processing file /home/airflow/.local/lib/python3.10/site-packages/airflow/example_dags/example_branch_python_dop_operator_3.py for tasks to queue
[2025-06-02T23:07:11.183+0000] {logging_mixin.py:154} INFO - [2025-06-02T23:07:11.183+0000] {dagbag.py:536} INFO - Filling up the DagBag from /home/airflow/.local/lib/python3.10/site-packages/airflow/example_dags/example_branch_python_dop_operator_3.py
[2025-06-02T23:07:11.196+0000] {processor.py:839} INFO - DAG(s) dict_keys(['example_branch_dop_operator_v3']) retrieved from /home/airflow/.local/lib/python3.10/site-packages/airflow/example_dags/example_branch_python_dop_operator_3.py
[2025-06-02T23:07:11.226+0000] {logging_mixin.py:154} INFO - [2025-06-02T23:07:11.225+0000] {dag.py:2941} INFO - Sync 1 DAGs
[2025-06-02T23:07:11.271+0000] {logging_mixin.py:154} INFO - [2025-06-02T23:07:11.271+0000] {dag.py:3722} INFO - Setting next_dagrun for example_branch_dop_operator_v3 to 2025-06-02T23:06:00+00:00, run_after=2025-06-02T23:07:00+00:00
[2025-06-02T23:07:11.325+0000] {processor.py:179} INFO - Processing /home/airflow/.local/lib/python3.10/site-packages/airflow/example_dags/example_branch_python_dop_operator_3.py took 0.151 seconds
