[2025-06-02T21:59:56.458+0000] {processor.py:157} INFO - Started process (PID=44) to work on /home/airflow/.local/lib/python3.10/site-packages/airflow/example_dags/example_dynamic_task_mapping.py
[2025-06-02T21:59:56.460+0000] {processor.py:829} INFO - Processing file /home/airflow/.local/lib/python3.10/site-packages/airflow/example_dags/example_dynamic_task_mapping.py for tasks to queue
[2025-06-02T21:59:56.473+0000] {logging_mixin.py:154} INFO - [2025-06-02T21:59:56.473+0000] {dagbag.py:536} INFO - Filling up the DagBag from /home/airflow/.local/lib/python3.10/site-packages/airflow/example_dags/example_dynamic_task_mapping.py
[2025-06-02T21:59:56.522+0000] {processor.py:839} INFO - DAG(s) dict_keys(['example_dynamic_task_mapping']) retrieved from /home/airflow/.local/lib/python3.10/site-packages/airflow/example_dags/example_dynamic_task_mapping.py
[2025-06-02T21:59:56.982+0000] {logging_mixin.py:154} INFO - [2025-06-02T21:59:56.982+0000] {manager.py:499} INFO - Created Permission View: %s
[2025-06-02T21:59:57.021+0000] {logging_mixin.py:154} INFO - [2025-06-02T21:59:57.021+0000] {manager.py:499} INFO - Created Permission View: %s
[2025-06-02T21:59:57.048+0000] {logging_mixin.py:154} INFO - [2025-06-02T21:59:57.047+0000] {manager.py:499} INFO - Created Permission View: %s
[2025-06-02T21:59:57.048+0000] {logging_mixin.py:154} INFO - [2025-06-02T21:59:57.048+0000] {dag.py:2941} INFO - Sync 1 DAGs
[2025-06-02T21:59:57.089+0000] {logging_mixin.py:154} INFO - [2025-06-02T21:59:57.089+0000] {dag.py:2963} INFO - Creating ORM DAG for example_dynamic_task_mapping
[2025-06-02T21:59:57.127+0000] {logging_mixin.py:154} INFO - [2025-06-02T21:59:57.126+0000] {dag.py:3722} INFO - Setting next_dagrun for example_dynamic_task_mapping to 2022-03-04T00:00:00+00:00, run_after=2022-03-05T00:00:00+00:00
[2025-06-02T21:59:57.186+0000] {processor.py:179} INFO - Processing /home/airflow/.local/lib/python3.10/site-packages/airflow/example_dags/example_dynamic_task_mapping.py took 0.741 seconds
[2025-06-02T22:00:27.524+0000] {processor.py:157} INFO - Started process (PID=98) to work on /home/airflow/.local/lib/python3.10/site-packages/airflow/example_dags/example_dynamic_task_mapping.py
[2025-06-02T22:00:27.527+0000] {processor.py:829} INFO - Processing file /home/airflow/.local/lib/python3.10/site-packages/airflow/example_dags/example_dynamic_task_mapping.py for tasks to queue
[2025-06-02T22:00:27.530+0000] {logging_mixin.py:154} INFO - [2025-06-02T22:00:27.530+0000] {dagbag.py:536} INFO - Filling up the DagBag from /home/airflow/.local/lib/python3.10/site-packages/airflow/example_dags/example_dynamic_task_mapping.py
[2025-06-02T22:00:27.539+0000] {processor.py:839} INFO - DAG(s) dict_keys(['example_dynamic_task_mapping']) retrieved from /home/airflow/.local/lib/python3.10/site-packages/airflow/example_dags/example_dynamic_task_mapping.py
[2025-06-02T22:00:27.567+0000] {logging_mixin.py:154} INFO - [2025-06-02T22:00:27.567+0000] {dag.py:2941} INFO - Sync 1 DAGs
[2025-06-02T22:00:27.596+0000] {logging_mixin.py:154} INFO - [2025-06-02T22:00:27.596+0000] {dag.py:3722} INFO - Setting next_dagrun for example_dynamic_task_mapping to 2022-03-04T00:00:00+00:00, run_after=2022-03-05T00:00:00+00:00
[2025-06-02T22:00:27.641+0000] {processor.py:179} INFO - Processing /home/airflow/.local/lib/python3.10/site-packages/airflow/example_dags/example_dynamic_task_mapping.py took 0.121 seconds
[2025-06-02T22:00:57.890+0000] {processor.py:157} INFO - Started process (PID=152) to work on /home/airflow/.local/lib/python3.10/site-packages/airflow/example_dags/example_dynamic_task_mapping.py
[2025-06-02T22:00:57.891+0000] {processor.py:829} INFO - Processing file /home/airflow/.local/lib/python3.10/site-packages/airflow/example_dags/example_dynamic_task_mapping.py for tasks to queue
[2025-06-02T22:00:57.894+0000] {logging_mixin.py:154} INFO - [2025-06-02T22:00:57.893+0000] {dagbag.py:536} INFO - Filling up the DagBag from /home/airflow/.local/lib/python3.10/site-packages/airflow/example_dags/example_dynamic_task_mapping.py
[2025-06-02T22:00:57.902+0000] {processor.py:839} INFO - DAG(s) dict_keys(['example_dynamic_task_mapping']) retrieved from /home/airflow/.local/lib/python3.10/site-packages/airflow/example_dags/example_dynamic_task_mapping.py
[2025-06-02T22:00:57.931+0000] {logging_mixin.py:154} INFO - [2025-06-02T22:00:57.931+0000] {dag.py:2941} INFO - Sync 1 DAGs
[2025-06-02T22:00:57.960+0000] {logging_mixin.py:154} INFO - [2025-06-02T22:00:57.959+0000] {dag.py:3722} INFO - Setting next_dagrun for example_dynamic_task_mapping to 2022-03-04T00:00:00+00:00, run_after=2022-03-05T00:00:00+00:00
[2025-06-02T22:00:57.980+0000] {processor.py:179} INFO - Processing /home/airflow/.local/lib/python3.10/site-packages/airflow/example_dags/example_dynamic_task_mapping.py took 0.095 seconds
[2025-06-02T22:01:28.571+0000] {processor.py:157} INFO - Started process (PID=206) to work on /home/airflow/.local/lib/python3.10/site-packages/airflow/example_dags/example_dynamic_task_mapping.py
[2025-06-02T22:01:28.573+0000] {processor.py:829} INFO - Processing file /home/airflow/.local/lib/python3.10/site-packages/airflow/example_dags/example_dynamic_task_mapping.py for tasks to queue
[2025-06-02T22:01:28.577+0000] {logging_mixin.py:154} INFO - [2025-06-02T22:01:28.576+0000] {dagbag.py:536} INFO - Filling up the DagBag from /home/airflow/.local/lib/python3.10/site-packages/airflow/example_dags/example_dynamic_task_mapping.py
[2025-06-02T22:01:28.585+0000] {processor.py:839} INFO - DAG(s) dict_keys(['example_dynamic_task_mapping']) retrieved from /home/airflow/.local/lib/python3.10/site-packages/airflow/example_dags/example_dynamic_task_mapping.py
[2025-06-02T22:01:28.610+0000] {logging_mixin.py:154} INFO - [2025-06-02T22:01:28.610+0000] {dag.py:2941} INFO - Sync 1 DAGs
[2025-06-02T22:01:28.644+0000] {logging_mixin.py:154} INFO - [2025-06-02T22:01:28.644+0000] {dag.py:3722} INFO - Setting next_dagrun for example_dynamic_task_mapping to 2022-03-04T00:00:00+00:00, run_after=2022-03-05T00:00:00+00:00
[2025-06-02T22:01:28.665+0000] {processor.py:179} INFO - Processing /home/airflow/.local/lib/python3.10/site-packages/airflow/example_dags/example_dynamic_task_mapping.py took 0.098 seconds
[2025-06-02T22:01:59.150+0000] {processor.py:157} INFO - Started process (PID=261) to work on /home/airflow/.local/lib/python3.10/site-packages/airflow/example_dags/example_dynamic_task_mapping.py
[2025-06-02T22:01:59.151+0000] {processor.py:829} INFO - Processing file /home/airflow/.local/lib/python3.10/site-packages/airflow/example_dags/example_dynamic_task_mapping.py for tasks to queue
[2025-06-02T22:01:59.155+0000] {logging_mixin.py:154} INFO - [2025-06-02T22:01:59.155+0000] {dagbag.py:536} INFO - Filling up the DagBag from /home/airflow/.local/lib/python3.10/site-packages/airflow/example_dags/example_dynamic_task_mapping.py
[2025-06-02T22:01:59.164+0000] {processor.py:839} INFO - DAG(s) dict_keys(['example_dynamic_task_mapping']) retrieved from /home/airflow/.local/lib/python3.10/site-packages/airflow/example_dags/example_dynamic_task_mapping.py
[2025-06-02T22:01:59.188+0000] {logging_mixin.py:154} INFO - [2025-06-02T22:01:59.188+0000] {dag.py:2941} INFO - Sync 1 DAGs
[2025-06-02T22:01:59.222+0000] {logging_mixin.py:154} INFO - [2025-06-02T22:01:59.222+0000] {dag.py:3722} INFO - Setting next_dagrun for example_dynamic_task_mapping to 2022-03-04T00:00:00+00:00, run_after=2022-03-05T00:00:00+00:00
[2025-06-02T22:01:59.247+0000] {processor.py:179} INFO - Processing /home/airflow/.local/lib/python3.10/site-packages/airflow/example_dags/example_dynamic_task_mapping.py took 0.102 seconds
[2025-06-02T22:02:29.896+0000] {processor.py:157} INFO - Started process (PID=314) to work on /home/airflow/.local/lib/python3.10/site-packages/airflow/example_dags/example_dynamic_task_mapping.py
[2025-06-02T22:02:29.906+0000] {processor.py:829} INFO - Processing file /home/airflow/.local/lib/python3.10/site-packages/airflow/example_dags/example_dynamic_task_mapping.py for tasks to queue
[2025-06-02T22:02:29.909+0000] {logging_mixin.py:154} INFO - [2025-06-02T22:02:29.909+0000] {dagbag.py:536} INFO - Filling up the DagBag from /home/airflow/.local/lib/python3.10/site-packages/airflow/example_dags/example_dynamic_task_mapping.py
[2025-06-02T22:02:29.924+0000] {processor.py:839} INFO - DAG(s) dict_keys(['example_dynamic_task_mapping']) retrieved from /home/airflow/.local/lib/python3.10/site-packages/airflow/example_dags/example_dynamic_task_mapping.py
[2025-06-02T22:02:29.971+0000] {logging_mixin.py:154} INFO - [2025-06-02T22:02:29.971+0000] {dag.py:2941} INFO - Sync 1 DAGs
[2025-06-02T22:02:30.031+0000] {logging_mixin.py:154} INFO - [2025-06-02T22:02:30.031+0000] {dag.py:3722} INFO - Setting next_dagrun for example_dynamic_task_mapping to 2022-03-04T00:00:00+00:00, run_after=2022-03-05T00:00:00+00:00
[2025-06-02T22:02:30.077+0000] {processor.py:179} INFO - Processing /home/airflow/.local/lib/python3.10/site-packages/airflow/example_dags/example_dynamic_task_mapping.py took 0.188 seconds
[2025-06-02T22:03:01.071+0000] {processor.py:157} INFO - Started process (PID=368) to work on /home/airflow/.local/lib/python3.10/site-packages/airflow/example_dags/example_dynamic_task_mapping.py
[2025-06-02T22:03:01.072+0000] {processor.py:829} INFO - Processing file /home/airflow/.local/lib/python3.10/site-packages/airflow/example_dags/example_dynamic_task_mapping.py for tasks to queue
[2025-06-02T22:03:01.075+0000] {logging_mixin.py:154} INFO - [2025-06-02T22:03:01.074+0000] {dagbag.py:536} INFO - Filling up the DagBag from /home/airflow/.local/lib/python3.10/site-packages/airflow/example_dags/example_dynamic_task_mapping.py
[2025-06-02T22:03:01.119+0000] {processor.py:839} INFO - DAG(s) dict_keys(['example_dynamic_task_mapping']) retrieved from /home/airflow/.local/lib/python3.10/site-packages/airflow/example_dags/example_dynamic_task_mapping.py
[2025-06-02T22:03:01.189+0000] {logging_mixin.py:154} INFO - [2025-06-02T22:03:01.189+0000] {dag.py:2941} INFO - Sync 1 DAGs
[2025-06-02T22:03:01.290+0000] {logging_mixin.py:154} INFO - [2025-06-02T22:03:01.277+0000] {dag.py:3722} INFO - Setting next_dagrun for example_dynamic_task_mapping to 2022-03-04T00:00:00+00:00, run_after=2022-03-05T00:00:00+00:00
[2025-06-02T22:03:01.358+0000] {processor.py:179} INFO - Processing /home/airflow/.local/lib/python3.10/site-packages/airflow/example_dags/example_dynamic_task_mapping.py took 0.304 seconds
[2025-06-02T22:03:31.622+0000] {processor.py:157} INFO - Started process (PID=423) to work on /home/airflow/.local/lib/python3.10/site-packages/airflow/example_dags/example_dynamic_task_mapping.py
[2025-06-02T22:03:31.624+0000] {processor.py:829} INFO - Processing file /home/airflow/.local/lib/python3.10/site-packages/airflow/example_dags/example_dynamic_task_mapping.py for tasks to queue
[2025-06-02T22:03:31.627+0000] {logging_mixin.py:154} INFO - [2025-06-02T22:03:31.627+0000] {dagbag.py:536} INFO - Filling up the DagBag from /home/airflow/.local/lib/python3.10/site-packages/airflow/example_dags/example_dynamic_task_mapping.py
[2025-06-02T22:03:31.636+0000] {processor.py:839} INFO - DAG(s) dict_keys(['example_dynamic_task_mapping']) retrieved from /home/airflow/.local/lib/python3.10/site-packages/airflow/example_dags/example_dynamic_task_mapping.py
[2025-06-02T22:03:31.660+0000] {logging_mixin.py:154} INFO - [2025-06-02T22:03:31.660+0000] {dag.py:2941} INFO - Sync 1 DAGs
[2025-06-02T22:03:31.695+0000] {logging_mixin.py:154} INFO - [2025-06-02T22:03:31.693+0000] {dag.py:3722} INFO - Setting next_dagrun for example_dynamic_task_mapping to 2022-03-04T00:00:00+00:00, run_after=2022-03-05T00:00:00+00:00
[2025-06-02T22:03:31.720+0000] {processor.py:179} INFO - Processing /home/airflow/.local/lib/python3.10/site-packages/airflow/example_dags/example_dynamic_task_mapping.py took 0.102 seconds
[2025-06-02T22:04:01.862+0000] {processor.py:157} INFO - Started process (PID=477) to work on /home/airflow/.local/lib/python3.10/site-packages/airflow/example_dags/example_dynamic_task_mapping.py
[2025-06-02T22:04:01.863+0000] {processor.py:829} INFO - Processing file /home/airflow/.local/lib/python3.10/site-packages/airflow/example_dags/example_dynamic_task_mapping.py for tasks to queue
[2025-06-02T22:04:01.867+0000] {logging_mixin.py:154} INFO - [2025-06-02T22:04:01.866+0000] {dagbag.py:536} INFO - Filling up the DagBag from /home/airflow/.local/lib/python3.10/site-packages/airflow/example_dags/example_dynamic_task_mapping.py
[2025-06-02T22:04:01.875+0000] {processor.py:839} INFO - DAG(s) dict_keys(['example_dynamic_task_mapping']) retrieved from /home/airflow/.local/lib/python3.10/site-packages/airflow/example_dags/example_dynamic_task_mapping.py
[2025-06-02T22:04:01.901+0000] {logging_mixin.py:154} INFO - [2025-06-02T22:04:01.900+0000] {dag.py:2941} INFO - Sync 1 DAGs
[2025-06-02T22:04:01.932+0000] {logging_mixin.py:154} INFO - [2025-06-02T22:04:01.932+0000] {dag.py:3722} INFO - Setting next_dagrun for example_dynamic_task_mapping to 2022-03-04T00:00:00+00:00, run_after=2022-03-05T00:00:00+00:00
[2025-06-02T22:04:01.955+0000] {processor.py:179} INFO - Processing /home/airflow/.local/lib/python3.10/site-packages/airflow/example_dags/example_dynamic_task_mapping.py took 0.098 seconds
[2025-06-02T22:04:32.029+0000] {processor.py:157} INFO - Started process (PID=531) to work on /home/airflow/.local/lib/python3.10/site-packages/airflow/example_dags/example_dynamic_task_mapping.py
[2025-06-02T22:04:32.031+0000] {processor.py:829} INFO - Processing file /home/airflow/.local/lib/python3.10/site-packages/airflow/example_dags/example_dynamic_task_mapping.py for tasks to queue
[2025-06-02T22:04:32.034+0000] {logging_mixin.py:154} INFO - [2025-06-02T22:04:32.034+0000] {dagbag.py:536} INFO - Filling up the DagBag from /home/airflow/.local/lib/python3.10/site-packages/airflow/example_dags/example_dynamic_task_mapping.py
[2025-06-02T22:04:32.044+0000] {processor.py:839} INFO - DAG(s) dict_keys(['example_dynamic_task_mapping']) retrieved from /home/airflow/.local/lib/python3.10/site-packages/airflow/example_dags/example_dynamic_task_mapping.py
[2025-06-02T22:04:32.069+0000] {logging_mixin.py:154} INFO - [2025-06-02T22:04:32.069+0000] {dag.py:2941} INFO - Sync 1 DAGs
[2025-06-02T22:04:32.099+0000] {logging_mixin.py:154} INFO - [2025-06-02T22:04:32.098+0000] {dag.py:3722} INFO - Setting next_dagrun for example_dynamic_task_mapping to 2022-03-04T00:00:00+00:00, run_after=2022-03-05T00:00:00+00:00
[2025-06-02T22:04:32.123+0000] {processor.py:179} INFO - Processing /home/airflow/.local/lib/python3.10/site-packages/airflow/example_dags/example_dynamic_task_mapping.py took 0.099 seconds
[2025-06-02T22:05:02.408+0000] {processor.py:157} INFO - Started process (PID=585) to work on /home/airflow/.local/lib/python3.10/site-packages/airflow/example_dags/example_dynamic_task_mapping.py
[2025-06-02T22:05:02.409+0000] {processor.py:829} INFO - Processing file /home/airflow/.local/lib/python3.10/site-packages/airflow/example_dags/example_dynamic_task_mapping.py for tasks to queue
[2025-06-02T22:05:02.413+0000] {logging_mixin.py:154} INFO - [2025-06-02T22:05:02.412+0000] {dagbag.py:536} INFO - Filling up the DagBag from /home/airflow/.local/lib/python3.10/site-packages/airflow/example_dags/example_dynamic_task_mapping.py
[2025-06-02T22:05:02.421+0000] {processor.py:839} INFO - DAG(s) dict_keys(['example_dynamic_task_mapping']) retrieved from /home/airflow/.local/lib/python3.10/site-packages/airflow/example_dags/example_dynamic_task_mapping.py
[2025-06-02T22:05:02.446+0000] {logging_mixin.py:154} INFO - [2025-06-02T22:05:02.445+0000] {dag.py:2941} INFO - Sync 1 DAGs
[2025-06-02T22:05:02.477+0000] {logging_mixin.py:154} INFO - [2025-06-02T22:05:02.477+0000] {dag.py:3722} INFO - Setting next_dagrun for example_dynamic_task_mapping to 2022-03-04T00:00:00+00:00, run_after=2022-03-05T00:00:00+00:00
[2025-06-02T22:05:02.507+0000] {processor.py:179} INFO - Processing /home/airflow/.local/lib/python3.10/site-packages/airflow/example_dags/example_dynamic_task_mapping.py took 0.104 seconds
[2025-06-02T22:05:32.641+0000] {processor.py:157} INFO - Started process (PID=640) to work on /home/airflow/.local/lib/python3.10/site-packages/airflow/example_dags/example_dynamic_task_mapping.py
[2025-06-02T22:05:32.643+0000] {processor.py:829} INFO - Processing file /home/airflow/.local/lib/python3.10/site-packages/airflow/example_dags/example_dynamic_task_mapping.py for tasks to queue
[2025-06-02T22:05:32.647+0000] {logging_mixin.py:154} INFO - [2025-06-02T22:05:32.646+0000] {dagbag.py:536} INFO - Filling up the DagBag from /home/airflow/.local/lib/python3.10/site-packages/airflow/example_dags/example_dynamic_task_mapping.py
[2025-06-02T22:05:32.655+0000] {processor.py:839} INFO - DAG(s) dict_keys(['example_dynamic_task_mapping']) retrieved from /home/airflow/.local/lib/python3.10/site-packages/airflow/example_dags/example_dynamic_task_mapping.py
[2025-06-02T22:05:32.680+0000] {logging_mixin.py:154} INFO - [2025-06-02T22:05:32.679+0000] {dag.py:2941} INFO - Sync 1 DAGs
[2025-06-02T22:05:32.711+0000] {logging_mixin.py:154} INFO - [2025-06-02T22:05:32.711+0000] {dag.py:3722} INFO - Setting next_dagrun for example_dynamic_task_mapping to 2022-03-04T00:00:00+00:00, run_after=2022-03-05T00:00:00+00:00
[2025-06-02T22:05:32.751+0000] {processor.py:179} INFO - Processing /home/airflow/.local/lib/python3.10/site-packages/airflow/example_dags/example_dynamic_task_mapping.py took 0.114 seconds
[2025-06-02T22:06:02.935+0000] {processor.py:157} INFO - Started process (PID=694) to work on /home/airflow/.local/lib/python3.10/site-packages/airflow/example_dags/example_dynamic_task_mapping.py
[2025-06-02T22:06:02.936+0000] {processor.py:829} INFO - Processing file /home/airflow/.local/lib/python3.10/site-packages/airflow/example_dags/example_dynamic_task_mapping.py for tasks to queue
[2025-06-02T22:06:02.940+0000] {logging_mixin.py:154} INFO - [2025-06-02T22:06:02.939+0000] {dagbag.py:536} INFO - Filling up the DagBag from /home/airflow/.local/lib/python3.10/site-packages/airflow/example_dags/example_dynamic_task_mapping.py
[2025-06-02T22:06:02.948+0000] {processor.py:839} INFO - DAG(s) dict_keys(['example_dynamic_task_mapping']) retrieved from /home/airflow/.local/lib/python3.10/site-packages/airflow/example_dags/example_dynamic_task_mapping.py
[2025-06-02T22:06:02.973+0000] {logging_mixin.py:154} INFO - [2025-06-02T22:06:02.973+0000] {dag.py:2941} INFO - Sync 1 DAGs
[2025-06-02T22:06:03.004+0000] {logging_mixin.py:154} INFO - [2025-06-02T22:06:03.004+0000] {dag.py:3722} INFO - Setting next_dagrun for example_dynamic_task_mapping to 2022-03-04T00:00:00+00:00, run_after=2022-03-05T00:00:00+00:00
[2025-06-02T22:06:03.031+0000] {processor.py:179} INFO - Processing /home/airflow/.local/lib/python3.10/site-packages/airflow/example_dags/example_dynamic_task_mapping.py took 0.101 seconds
[2025-06-02T22:06:33.353+0000] {processor.py:157} INFO - Started process (PID=747) to work on /home/airflow/.local/lib/python3.10/site-packages/airflow/example_dags/example_dynamic_task_mapping.py
[2025-06-02T22:06:33.354+0000] {processor.py:829} INFO - Processing file /home/airflow/.local/lib/python3.10/site-packages/airflow/example_dags/example_dynamic_task_mapping.py for tasks to queue
[2025-06-02T22:06:33.358+0000] {logging_mixin.py:154} INFO - [2025-06-02T22:06:33.358+0000] {dagbag.py:536} INFO - Filling up the DagBag from /home/airflow/.local/lib/python3.10/site-packages/airflow/example_dags/example_dynamic_task_mapping.py
[2025-06-02T22:06:33.367+0000] {processor.py:839} INFO - DAG(s) dict_keys(['example_dynamic_task_mapping']) retrieved from /home/airflow/.local/lib/python3.10/site-packages/airflow/example_dags/example_dynamic_task_mapping.py
[2025-06-02T22:06:33.393+0000] {logging_mixin.py:154} INFO - [2025-06-02T22:06:33.393+0000] {dag.py:2941} INFO - Sync 1 DAGs
[2025-06-02T22:06:33.422+0000] {logging_mixin.py:154} INFO - [2025-06-02T22:06:33.422+0000] {dag.py:3722} INFO - Setting next_dagrun for example_dynamic_task_mapping to 2022-03-04T00:00:00+00:00, run_after=2022-03-05T00:00:00+00:00
[2025-06-02T22:06:33.605+0000] {processor.py:179} INFO - Processing /home/airflow/.local/lib/python3.10/site-packages/airflow/example_dags/example_dynamic_task_mapping.py took 0.257 seconds
[2025-06-02T22:07:04.109+0000] {processor.py:157} INFO - Started process (PID=802) to work on /home/airflow/.local/lib/python3.10/site-packages/airflow/example_dags/example_dynamic_task_mapping.py
[2025-06-02T22:07:04.111+0000] {processor.py:829} INFO - Processing file /home/airflow/.local/lib/python3.10/site-packages/airflow/example_dags/example_dynamic_task_mapping.py for tasks to queue
[2025-06-02T22:07:04.115+0000] {logging_mixin.py:154} INFO - [2025-06-02T22:07:04.114+0000] {dagbag.py:536} INFO - Filling up the DagBag from /home/airflow/.local/lib/python3.10/site-packages/airflow/example_dags/example_dynamic_task_mapping.py
[2025-06-02T22:07:04.124+0000] {processor.py:839} INFO - DAG(s) dict_keys(['example_dynamic_task_mapping']) retrieved from /home/airflow/.local/lib/python3.10/site-packages/airflow/example_dags/example_dynamic_task_mapping.py
[2025-06-02T22:07:04.162+0000] {logging_mixin.py:154} INFO - [2025-06-02T22:07:04.162+0000] {dag.py:2941} INFO - Sync 1 DAGs
[2025-06-02T22:07:04.192+0000] {logging_mixin.py:154} INFO - [2025-06-02T22:07:04.191+0000] {dag.py:3722} INFO - Setting next_dagrun for example_dynamic_task_mapping to 2022-03-04T00:00:00+00:00, run_after=2022-03-05T00:00:00+00:00
[2025-06-02T22:07:04.212+0000] {processor.py:179} INFO - Processing /home/airflow/.local/lib/python3.10/site-packages/airflow/example_dags/example_dynamic_task_mapping.py took 0.108 seconds
[2025-06-02T22:07:34.277+0000] {processor.py:157} INFO - Started process (PID=855) to work on /home/airflow/.local/lib/python3.10/site-packages/airflow/example_dags/example_dynamic_task_mapping.py
[2025-06-02T22:07:34.286+0000] {processor.py:829} INFO - Processing file /home/airflow/.local/lib/python3.10/site-packages/airflow/example_dags/example_dynamic_task_mapping.py for tasks to queue
[2025-06-02T22:07:34.290+0000] {logging_mixin.py:154} INFO - [2025-06-02T22:07:34.289+0000] {dagbag.py:536} INFO - Filling up the DagBag from /home/airflow/.local/lib/python3.10/site-packages/airflow/example_dags/example_dynamic_task_mapping.py
[2025-06-02T22:07:34.307+0000] {processor.py:839} INFO - DAG(s) dict_keys(['example_dynamic_task_mapping']) retrieved from /home/airflow/.local/lib/python3.10/site-packages/airflow/example_dags/example_dynamic_task_mapping.py
[2025-06-02T22:07:34.343+0000] {logging_mixin.py:154} INFO - [2025-06-02T22:07:34.343+0000] {dag.py:2941} INFO - Sync 1 DAGs
[2025-06-02T22:07:34.375+0000] {logging_mixin.py:154} INFO - [2025-06-02T22:07:34.375+0000] {dag.py:3722} INFO - Setting next_dagrun for example_dynamic_task_mapping to 2022-03-04T00:00:00+00:00, run_after=2022-03-05T00:00:00+00:00
[2025-06-02T22:07:34.408+0000] {processor.py:179} INFO - Processing /home/airflow/.local/lib/python3.10/site-packages/airflow/example_dags/example_dynamic_task_mapping.py took 0.142 seconds
[2025-06-02T22:08:06.237+0000] {processor.py:157} INFO - Started process (PID=910) to work on /home/airflow/.local/lib/python3.10/site-packages/airflow/example_dags/example_dynamic_task_mapping.py
[2025-06-02T22:08:06.250+0000] {processor.py:829} INFO - Processing file /home/airflow/.local/lib/python3.10/site-packages/airflow/example_dags/example_dynamic_task_mapping.py for tasks to queue
[2025-06-02T22:08:06.253+0000] {logging_mixin.py:154} INFO - [2025-06-02T22:08:06.253+0000] {dagbag.py:536} INFO - Filling up the DagBag from /home/airflow/.local/lib/python3.10/site-packages/airflow/example_dags/example_dynamic_task_mapping.py
[2025-06-02T22:08:06.268+0000] {processor.py:839} INFO - DAG(s) dict_keys(['example_dynamic_task_mapping']) retrieved from /home/airflow/.local/lib/python3.10/site-packages/airflow/example_dags/example_dynamic_task_mapping.py
[2025-06-02T22:08:06.319+0000] {logging_mixin.py:154} INFO - [2025-06-02T22:08:06.318+0000] {dag.py:2941} INFO - Sync 1 DAGs
[2025-06-02T22:08:06.647+0000] {logging_mixin.py:154} INFO - [2025-06-02T22:08:06.646+0000] {dag.py:3722} INFO - Setting next_dagrun for example_dynamic_task_mapping to 2022-03-04T00:00:00+00:00, run_after=2022-03-05T00:00:00+00:00
[2025-06-02T22:08:06.698+0000] {processor.py:179} INFO - Processing /home/airflow/.local/lib/python3.10/site-packages/airflow/example_dags/example_dynamic_task_mapping.py took 0.469 seconds
[2025-06-02T22:08:37.368+0000] {processor.py:157} INFO - Started process (PID=964) to work on /home/airflow/.local/lib/python3.10/site-packages/airflow/example_dags/example_dynamic_task_mapping.py
[2025-06-02T22:08:37.390+0000] {processor.py:829} INFO - Processing file /home/airflow/.local/lib/python3.10/site-packages/airflow/example_dags/example_dynamic_task_mapping.py for tasks to queue
[2025-06-02T22:08:37.393+0000] {logging_mixin.py:154} INFO - [2025-06-02T22:08:37.393+0000] {dagbag.py:536} INFO - Filling up the DagBag from /home/airflow/.local/lib/python3.10/site-packages/airflow/example_dags/example_dynamic_task_mapping.py
[2025-06-02T22:08:37.433+0000] {processor.py:839} INFO - DAG(s) dict_keys(['example_dynamic_task_mapping']) retrieved from /home/airflow/.local/lib/python3.10/site-packages/airflow/example_dags/example_dynamic_task_mapping.py
[2025-06-02T22:08:37.485+0000] {logging_mixin.py:154} INFO - [2025-06-02T22:08:37.484+0000] {dag.py:2941} INFO - Sync 1 DAGs
[2025-06-02T22:08:37.555+0000] {logging_mixin.py:154} INFO - [2025-06-02T22:08:37.554+0000] {dag.py:3722} INFO - Setting next_dagrun for example_dynamic_task_mapping to 2022-03-04T00:00:00+00:00, run_after=2022-03-05T00:00:00+00:00
[2025-06-02T22:08:37.607+0000] {processor.py:179} INFO - Processing /home/airflow/.local/lib/python3.10/site-packages/airflow/example_dags/example_dynamic_task_mapping.py took 0.250 seconds
[2025-06-02T22:09:08.553+0000] {processor.py:157} INFO - Started process (PID=1018) to work on /home/airflow/.local/lib/python3.10/site-packages/airflow/example_dags/example_dynamic_task_mapping.py
[2025-06-02T22:09:08.555+0000] {processor.py:829} INFO - Processing file /home/airflow/.local/lib/python3.10/site-packages/airflow/example_dags/example_dynamic_task_mapping.py for tasks to queue
[2025-06-02T22:09:08.558+0000] {logging_mixin.py:154} INFO - [2025-06-02T22:09:08.558+0000] {dagbag.py:536} INFO - Filling up the DagBag from /home/airflow/.local/lib/python3.10/site-packages/airflow/example_dags/example_dynamic_task_mapping.py
[2025-06-02T22:09:08.582+0000] {processor.py:839} INFO - DAG(s) dict_keys(['example_dynamic_task_mapping']) retrieved from /home/airflow/.local/lib/python3.10/site-packages/airflow/example_dags/example_dynamic_task_mapping.py
[2025-06-02T22:09:08.615+0000] {logging_mixin.py:154} INFO - [2025-06-02T22:09:08.615+0000] {dag.py:2941} INFO - Sync 1 DAGs
[2025-06-02T22:09:08.663+0000] {logging_mixin.py:154} INFO - [2025-06-02T22:09:08.662+0000] {dag.py:3722} INFO - Setting next_dagrun for example_dynamic_task_mapping to 2022-03-04T00:00:00+00:00, run_after=2022-03-05T00:00:00+00:00
[2025-06-02T22:09:08.704+0000] {processor.py:179} INFO - Processing /home/airflow/.local/lib/python3.10/site-packages/airflow/example_dags/example_dynamic_task_mapping.py took 0.156 seconds
[2025-06-02T22:09:38.872+0000] {processor.py:157} INFO - Started process (PID=1071) to work on /home/airflow/.local/lib/python3.10/site-packages/airflow/example_dags/example_dynamic_task_mapping.py
[2025-06-02T22:09:38.873+0000] {processor.py:829} INFO - Processing file /home/airflow/.local/lib/python3.10/site-packages/airflow/example_dags/example_dynamic_task_mapping.py for tasks to queue
[2025-06-02T22:09:38.875+0000] {logging_mixin.py:154} INFO - [2025-06-02T22:09:38.875+0000] {dagbag.py:536} INFO - Filling up the DagBag from /home/airflow/.local/lib/python3.10/site-packages/airflow/example_dags/example_dynamic_task_mapping.py
[2025-06-02T22:09:38.882+0000] {processor.py:839} INFO - DAG(s) dict_keys(['example_dynamic_task_mapping']) retrieved from /home/airflow/.local/lib/python3.10/site-packages/airflow/example_dags/example_dynamic_task_mapping.py
[2025-06-02T22:09:38.902+0000] {logging_mixin.py:154} INFO - [2025-06-02T22:09:38.902+0000] {dag.py:2941} INFO - Sync 1 DAGs
[2025-06-02T22:09:39.066+0000] {logging_mixin.py:154} INFO - [2025-06-02T22:09:39.065+0000] {dag.py:3722} INFO - Setting next_dagrun for example_dynamic_task_mapping to 2022-03-04T00:00:00+00:00, run_after=2022-03-05T00:00:00+00:00
[2025-06-02T22:09:39.082+0000] {processor.py:179} INFO - Processing /home/airflow/.local/lib/python3.10/site-packages/airflow/example_dags/example_dynamic_task_mapping.py took 0.214 seconds
[2025-06-02T22:10:09.137+0000] {processor.py:157} INFO - Started process (PID=1124) to work on /home/airflow/.local/lib/python3.10/site-packages/airflow/example_dags/example_dynamic_task_mapping.py
[2025-06-02T22:10:09.138+0000] {processor.py:829} INFO - Processing file /home/airflow/.local/lib/python3.10/site-packages/airflow/example_dags/example_dynamic_task_mapping.py for tasks to queue
[2025-06-02T22:10:09.140+0000] {logging_mixin.py:154} INFO - [2025-06-02T22:10:09.140+0000] {dagbag.py:536} INFO - Filling up the DagBag from /home/airflow/.local/lib/python3.10/site-packages/airflow/example_dags/example_dynamic_task_mapping.py
[2025-06-02T22:10:09.147+0000] {processor.py:839} INFO - DAG(s) dict_keys(['example_dynamic_task_mapping']) retrieved from /home/airflow/.local/lib/python3.10/site-packages/airflow/example_dags/example_dynamic_task_mapping.py
[2025-06-02T22:10:09.168+0000] {logging_mixin.py:154} INFO - [2025-06-02T22:10:09.167+0000] {dag.py:2941} INFO - Sync 1 DAGs
[2025-06-02T22:10:09.190+0000] {logging_mixin.py:154} INFO - [2025-06-02T22:10:09.190+0000] {dag.py:3722} INFO - Setting next_dagrun for example_dynamic_task_mapping to 2022-03-04T00:00:00+00:00, run_after=2022-03-05T00:00:00+00:00
[2025-06-02T22:10:09.355+0000] {processor.py:179} INFO - Processing /home/airflow/.local/lib/python3.10/site-packages/airflow/example_dags/example_dynamic_task_mapping.py took 0.221 seconds
[2025-06-02T22:10:39.815+0000] {processor.py:157} INFO - Started process (PID=1178) to work on /home/airflow/.local/lib/python3.10/site-packages/airflow/example_dags/example_dynamic_task_mapping.py
[2025-06-02T22:10:39.818+0000] {processor.py:829} INFO - Processing file /home/airflow/.local/lib/python3.10/site-packages/airflow/example_dags/example_dynamic_task_mapping.py for tasks to queue
[2025-06-02T22:10:39.821+0000] {logging_mixin.py:154} INFO - [2025-06-02T22:10:39.821+0000] {dagbag.py:536} INFO - Filling up the DagBag from /home/airflow/.local/lib/python3.10/site-packages/airflow/example_dags/example_dynamic_task_mapping.py
[2025-06-02T22:10:39.841+0000] {processor.py:839} INFO - DAG(s) dict_keys(['example_dynamic_task_mapping']) retrieved from /home/airflow/.local/lib/python3.10/site-packages/airflow/example_dags/example_dynamic_task_mapping.py
[2025-06-02T22:10:39.903+0000] {logging_mixin.py:154} INFO - [2025-06-02T22:10:39.903+0000] {dag.py:2941} INFO - Sync 1 DAGs
[2025-06-02T22:10:39.935+0000] {logging_mixin.py:154} INFO - [2025-06-02T22:10:39.935+0000] {dag.py:3722} INFO - Setting next_dagrun for example_dynamic_task_mapping to 2022-03-04T00:00:00+00:00, run_after=2022-03-05T00:00:00+00:00
[2025-06-02T22:10:39.956+0000] {processor.py:179} INFO - Processing /home/airflow/.local/lib/python3.10/site-packages/airflow/example_dags/example_dynamic_task_mapping.py took 0.163 seconds
[2025-06-02T23:03:26.333+0000] {processor.py:157} INFO - Started process (PID=46) to work on /home/airflow/.local/lib/python3.10/site-packages/airflow/example_dags/example_dynamic_task_mapping.py
[2025-06-02T23:03:26.346+0000] {processor.py:829} INFO - Processing file /home/airflow/.local/lib/python3.10/site-packages/airflow/example_dags/example_dynamic_task_mapping.py for tasks to queue
[2025-06-02T23:03:26.369+0000] {logging_mixin.py:154} INFO - [2025-06-02T23:03:26.368+0000] {dagbag.py:536} INFO - Filling up the DagBag from /home/airflow/.local/lib/python3.10/site-packages/airflow/example_dags/example_dynamic_task_mapping.py
[2025-06-02T23:03:26.411+0000] {processor.py:839} INFO - DAG(s) dict_keys(['example_dynamic_task_mapping']) retrieved from /home/airflow/.local/lib/python3.10/site-packages/airflow/example_dags/example_dynamic_task_mapping.py
[2025-06-02T23:03:26.534+0000] {logging_mixin.py:154} INFO - [2025-06-02T23:03:26.534+0000] {dag.py:2941} INFO - Sync 1 DAGs
[2025-06-02T23:03:26.647+0000] {logging_mixin.py:154} INFO - [2025-06-02T23:03:26.646+0000] {dag.py:3722} INFO - Setting next_dagrun for example_dynamic_task_mapping to 2022-03-04T00:00:00+00:00, run_after=2022-03-05T00:00:00+00:00
[2025-06-02T23:03:26.744+0000] {processor.py:179} INFO - Processing /home/airflow/.local/lib/python3.10/site-packages/airflow/example_dags/example_dynamic_task_mapping.py took 0.437 seconds
[2025-06-02T23:03:57.733+0000] {processor.py:157} INFO - Started process (PID=38) to work on /home/airflow/.local/lib/python3.10/site-packages/airflow/example_dags/example_dynamic_task_mapping.py
[2025-06-02T23:03:57.735+0000] {processor.py:829} INFO - Processing file /home/airflow/.local/lib/python3.10/site-packages/airflow/example_dags/example_dynamic_task_mapping.py for tasks to queue
[2025-06-02T23:03:57.738+0000] {logging_mixin.py:154} INFO - [2025-06-02T23:03:57.738+0000] {dagbag.py:536} INFO - Filling up the DagBag from /home/airflow/.local/lib/python3.10/site-packages/airflow/example_dags/example_dynamic_task_mapping.py
[2025-06-02T23:03:57.750+0000] {processor.py:839} INFO - DAG(s) dict_keys(['example_dynamic_task_mapping']) retrieved from /home/airflow/.local/lib/python3.10/site-packages/airflow/example_dags/example_dynamic_task_mapping.py
[2025-06-02T23:03:57.786+0000] {logging_mixin.py:154} INFO - [2025-06-02T23:03:57.785+0000] {dag.py:2941} INFO - Sync 1 DAGs
[2025-06-02T23:03:57.816+0000] {logging_mixin.py:154} INFO - [2025-06-02T23:03:57.816+0000] {dag.py:3722} INFO - Setting next_dagrun for example_dynamic_task_mapping to 2022-03-04T00:00:00+00:00, run_after=2022-03-05T00:00:00+00:00
[2025-06-02T23:03:57.842+0000] {processor.py:179} INFO - Processing /home/airflow/.local/lib/python3.10/site-packages/airflow/example_dags/example_dynamic_task_mapping.py took 0.114 seconds
[2025-06-02T23:04:28.570+0000] {processor.py:157} INFO - Started process (PID=94) to work on /home/airflow/.local/lib/python3.10/site-packages/airflow/example_dags/example_dynamic_task_mapping.py
[2025-06-02T23:04:28.572+0000] {processor.py:829} INFO - Processing file /home/airflow/.local/lib/python3.10/site-packages/airflow/example_dags/example_dynamic_task_mapping.py for tasks to queue
[2025-06-02T23:04:28.575+0000] {logging_mixin.py:154} INFO - [2025-06-02T23:04:28.575+0000] {dagbag.py:536} INFO - Filling up the DagBag from /home/airflow/.local/lib/python3.10/site-packages/airflow/example_dags/example_dynamic_task_mapping.py
[2025-06-02T23:04:28.584+0000] {processor.py:839} INFO - DAG(s) dict_keys(['example_dynamic_task_mapping']) retrieved from /home/airflow/.local/lib/python3.10/site-packages/airflow/example_dags/example_dynamic_task_mapping.py
[2025-06-02T23:04:28.611+0000] {logging_mixin.py:154} INFO - [2025-06-02T23:04:28.611+0000] {dag.py:2941} INFO - Sync 1 DAGs
[2025-06-02T23:04:28.641+0000] {logging_mixin.py:154} INFO - [2025-06-02T23:04:28.641+0000] {dag.py:3722} INFO - Setting next_dagrun for example_dynamic_task_mapping to 2022-03-04T00:00:00+00:00, run_after=2022-03-05T00:00:00+00:00
[2025-06-02T23:04:28.672+0000] {processor.py:179} INFO - Processing /home/airflow/.local/lib/python3.10/site-packages/airflow/example_dags/example_dynamic_task_mapping.py took 0.107 seconds
[2025-06-02T23:04:59.023+0000] {processor.py:157} INFO - Started process (PID=150) to work on /home/airflow/.local/lib/python3.10/site-packages/airflow/example_dags/example_dynamic_task_mapping.py
[2025-06-02T23:04:59.025+0000] {processor.py:829} INFO - Processing file /home/airflow/.local/lib/python3.10/site-packages/airflow/example_dags/example_dynamic_task_mapping.py for tasks to queue
[2025-06-02T23:04:59.028+0000] {logging_mixin.py:154} INFO - [2025-06-02T23:04:59.028+0000] {dagbag.py:536} INFO - Filling up the DagBag from /home/airflow/.local/lib/python3.10/site-packages/airflow/example_dags/example_dynamic_task_mapping.py
[2025-06-02T23:04:59.037+0000] {processor.py:839} INFO - DAG(s) dict_keys(['example_dynamic_task_mapping']) retrieved from /home/airflow/.local/lib/python3.10/site-packages/airflow/example_dags/example_dynamic_task_mapping.py
[2025-06-02T23:04:59.063+0000] {logging_mixin.py:154} INFO - [2025-06-02T23:04:59.063+0000] {dag.py:2941} INFO - Sync 1 DAGs
[2025-06-02T23:04:59.094+0000] {logging_mixin.py:154} INFO - [2025-06-02T23:04:59.094+0000] {dag.py:3722} INFO - Setting next_dagrun for example_dynamic_task_mapping to 2022-03-04T00:00:00+00:00, run_after=2022-03-05T00:00:00+00:00
[2025-06-02T23:04:59.117+0000] {processor.py:179} INFO - Processing /home/airflow/.local/lib/python3.10/site-packages/airflow/example_dags/example_dynamic_task_mapping.py took 0.098 seconds
[2025-06-02T23:05:31.134+0000] {processor.py:157} INFO - Started process (PID=206) to work on /home/airflow/.local/lib/python3.10/site-packages/airflow/example_dags/example_dynamic_task_mapping.py
[2025-06-02T23:05:31.136+0000] {processor.py:829} INFO - Processing file /home/airflow/.local/lib/python3.10/site-packages/airflow/example_dags/example_dynamic_task_mapping.py for tasks to queue
[2025-06-02T23:05:31.140+0000] {logging_mixin.py:154} INFO - [2025-06-02T23:05:31.140+0000] {dagbag.py:536} INFO - Filling up the DagBag from /home/airflow/.local/lib/python3.10/site-packages/airflow/example_dags/example_dynamic_task_mapping.py
[2025-06-02T23:05:31.149+0000] {processor.py:839} INFO - DAG(s) dict_keys(['example_dynamic_task_mapping']) retrieved from /home/airflow/.local/lib/python3.10/site-packages/airflow/example_dags/example_dynamic_task_mapping.py
[2025-06-02T23:05:31.173+0000] {logging_mixin.py:154} INFO - [2025-06-02T23:05:31.172+0000] {dag.py:2941} INFO - Sync 1 DAGs
[2025-06-02T23:05:31.203+0000] {logging_mixin.py:154} INFO - [2025-06-02T23:05:31.203+0000] {dag.py:3722} INFO - Setting next_dagrun for example_dynamic_task_mapping to 2022-03-04T00:00:00+00:00, run_after=2022-03-05T00:00:00+00:00
[2025-06-02T23:05:31.224+0000] {processor.py:179} INFO - Processing /home/airflow/.local/lib/python3.10/site-packages/airflow/example_dags/example_dynamic_task_mapping.py took 0.098 seconds
[2025-06-02T23:06:04.010+0000] {processor.py:157} INFO - Started process (PID=262) to work on /home/airflow/.local/lib/python3.10/site-packages/airflow/example_dags/example_dynamic_task_mapping.py
[2025-06-02T23:06:04.022+0000] {processor.py:829} INFO - Processing file /home/airflow/.local/lib/python3.10/site-packages/airflow/example_dags/example_dynamic_task_mapping.py for tasks to queue
[2025-06-02T23:06:04.026+0000] {logging_mixin.py:154} INFO - [2025-06-02T23:06:04.025+0000] {dagbag.py:536} INFO - Filling up the DagBag from /home/airflow/.local/lib/python3.10/site-packages/airflow/example_dags/example_dynamic_task_mapping.py
[2025-06-02T23:06:04.053+0000] {processor.py:839} INFO - DAG(s) dict_keys(['example_dynamic_task_mapping']) retrieved from /home/airflow/.local/lib/python3.10/site-packages/airflow/example_dags/example_dynamic_task_mapping.py
[2025-06-02T23:06:04.146+0000] {logging_mixin.py:154} INFO - [2025-06-02T23:06:04.146+0000] {dag.py:2941} INFO - Sync 1 DAGs
[2025-06-02T23:06:04.246+0000] {logging_mixin.py:154} INFO - [2025-06-02T23:06:04.246+0000] {dag.py:3722} INFO - Setting next_dagrun for example_dynamic_task_mapping to 2022-03-04T00:00:00+00:00, run_after=2022-03-05T00:00:00+00:00
[2025-06-02T23:06:04.326+0000] {processor.py:179} INFO - Processing /home/airflow/.local/lib/python3.10/site-packages/airflow/example_dags/example_dynamic_task_mapping.py took 0.330 seconds
[2025-06-02T23:06:35.124+0000] {processor.py:157} INFO - Started process (PID=318) to work on /home/airflow/.local/lib/python3.10/site-packages/airflow/example_dags/example_dynamic_task_mapping.py
[2025-06-02T23:06:35.135+0000] {processor.py:829} INFO - Processing file /home/airflow/.local/lib/python3.10/site-packages/airflow/example_dags/example_dynamic_task_mapping.py for tasks to queue
[2025-06-02T23:06:35.147+0000] {logging_mixin.py:154} INFO - [2025-06-02T23:06:35.147+0000] {dagbag.py:536} INFO - Filling up the DagBag from /home/airflow/.local/lib/python3.10/site-packages/airflow/example_dags/example_dynamic_task_mapping.py
[2025-06-02T23:06:35.157+0000] {processor.py:839} INFO - DAG(s) dict_keys(['example_dynamic_task_mapping']) retrieved from /home/airflow/.local/lib/python3.10/site-packages/airflow/example_dags/example_dynamic_task_mapping.py
[2025-06-02T23:06:35.186+0000] {logging_mixin.py:154} INFO - [2025-06-02T23:06:35.186+0000] {dag.py:2941} INFO - Sync 1 DAGs
[2025-06-02T23:06:35.218+0000] {logging_mixin.py:154} INFO - [2025-06-02T23:06:35.218+0000] {dag.py:3722} INFO - Setting next_dagrun for example_dynamic_task_mapping to 2022-03-04T00:00:00+00:00, run_after=2022-03-05T00:00:00+00:00
[2025-06-02T23:06:35.254+0000] {processor.py:179} INFO - Processing /home/airflow/.local/lib/python3.10/site-packages/airflow/example_dags/example_dynamic_task_mapping.py took 0.170 seconds
[2025-06-02T23:07:05.308+0000] {processor.py:157} INFO - Started process (PID=372) to work on /home/airflow/.local/lib/python3.10/site-packages/airflow/example_dags/example_dynamic_task_mapping.py
[2025-06-02T23:07:05.309+0000] {processor.py:829} INFO - Processing file /home/airflow/.local/lib/python3.10/site-packages/airflow/example_dags/example_dynamic_task_mapping.py for tasks to queue
[2025-06-02T23:07:05.311+0000] {logging_mixin.py:154} INFO - [2025-06-02T23:07:05.311+0000] {dagbag.py:536} INFO - Filling up the DagBag from /home/airflow/.local/lib/python3.10/site-packages/airflow/example_dags/example_dynamic_task_mapping.py
[2025-06-02T23:07:05.318+0000] {processor.py:839} INFO - DAG(s) dict_keys(['example_dynamic_task_mapping']) retrieved from /home/airflow/.local/lib/python3.10/site-packages/airflow/example_dags/example_dynamic_task_mapping.py
[2025-06-02T23:07:05.337+0000] {logging_mixin.py:154} INFO - [2025-06-02T23:07:05.337+0000] {dag.py:2941} INFO - Sync 1 DAGs
[2025-06-02T23:07:05.359+0000] {logging_mixin.py:154} INFO - [2025-06-02T23:07:05.359+0000] {dag.py:3722} INFO - Setting next_dagrun for example_dynamic_task_mapping to 2022-03-04T00:00:00+00:00, run_after=2022-03-05T00:00:00+00:00
[2025-06-02T23:07:05.402+0000] {processor.py:179} INFO - Processing /home/airflow/.local/lib/python3.10/site-packages/airflow/example_dags/example_dynamic_task_mapping.py took 0.099 seconds
[2025-06-02T23:07:35.723+0000] {processor.py:157} INFO - Started process (PID=428) to work on /home/airflow/.local/lib/python3.10/site-packages/airflow/example_dags/example_dynamic_task_mapping.py
[2025-06-02T23:07:35.742+0000] {processor.py:829} INFO - Processing file /home/airflow/.local/lib/python3.10/site-packages/airflow/example_dags/example_dynamic_task_mapping.py for tasks to queue
[2025-06-02T23:07:35.745+0000] {logging_mixin.py:154} INFO - [2025-06-02T23:07:35.745+0000] {dagbag.py:536} INFO - Filling up the DagBag from /home/airflow/.local/lib/python3.10/site-packages/airflow/example_dags/example_dynamic_task_mapping.py
[2025-06-02T23:07:35.765+0000] {processor.py:839} INFO - DAG(s) dict_keys(['example_dynamic_task_mapping']) retrieved from /home/airflow/.local/lib/python3.10/site-packages/airflow/example_dags/example_dynamic_task_mapping.py
[2025-06-02T23:07:35.848+0000] {logging_mixin.py:154} INFO - [2025-06-02T23:07:35.848+0000] {dag.py:2941} INFO - Sync 1 DAGs
[2025-06-02T23:07:35.954+0000] {logging_mixin.py:154} INFO - [2025-06-02T23:07:35.953+0000] {dag.py:3722} INFO - Setting next_dagrun for example_dynamic_task_mapping to 2022-03-04T00:00:00+00:00, run_after=2022-03-05T00:00:00+00:00
[2025-06-02T23:07:36.020+0000] {processor.py:179} INFO - Processing /home/airflow/.local/lib/python3.10/site-packages/airflow/example_dags/example_dynamic_task_mapping.py took 0.302 seconds
