[2025-06-02T22:00:05.291+0000] {processor.py:157} INFO - Started process (PID=65) to work on /home/airflow/.local/lib/python3.10/site-packages/airflow/example_dags/example_trigger_controller_dag.py
[2025-06-02T22:00:05.292+0000] {processor.py:829} INFO - Processing file /home/airflow/.local/lib/python3.10/site-packages/airflow/example_dags/example_trigger_controller_dag.py for tasks to queue
[2025-06-02T22:00:05.308+0000] {logging_mixin.py:154} INFO - [2025-06-02T22:00:05.307+0000] {dagbag.py:536} INFO - Filling up the DagBag from /home/airflow/.local/lib/python3.10/site-packages/airflow/example_dags/example_trigger_controller_dag.py
[2025-06-02T22:00:05.321+0000] {processor.py:839} INFO - DAG(s) dict_keys(['example_trigger_controller_dag']) retrieved from /home/airflow/.local/lib/python3.10/site-packages/airflow/example_dags/example_trigger_controller_dag.py
[2025-06-02T22:00:05.541+0000] {logging_mixin.py:154} INFO - [2025-06-02T22:00:05.541+0000] {manager.py:499} INFO - Created Permission View: %s
[2025-06-02T22:00:05.575+0000] {logging_mixin.py:154} INFO - [2025-06-02T22:00:05.575+0000] {manager.py:499} INFO - Created Permission View: %s
[2025-06-02T22:00:05.591+0000] {logging_mixin.py:154} INFO - [2025-06-02T22:00:05.591+0000] {manager.py:499} INFO - Created Permission View: %s
[2025-06-02T22:00:05.592+0000] {logging_mixin.py:154} INFO - [2025-06-02T22:00:05.592+0000] {dag.py:2941} INFO - Sync 1 DAGs
[2025-06-02T22:00:05.625+0000] {logging_mixin.py:154} INFO - [2025-06-02T22:00:05.625+0000] {dag.py:2963} INFO - Creating ORM DAG for example_trigger_controller_dag
[2025-06-02T22:00:05.646+0000] {logging_mixin.py:154} INFO - [2025-06-02T22:00:05.645+0000] {dag.py:3722} INFO - Setting next_dagrun for example_trigger_controller_dag to 2021-01-01T00:00:00+00:00, run_after=2021-01-01T00:00:00+00:00
[2025-06-02T22:00:05.696+0000] {processor.py:179} INFO - Processing /home/airflow/.local/lib/python3.10/site-packages/airflow/example_dags/example_trigger_controller_dag.py took 0.410 seconds
[2025-06-02T22:00:36.033+0000] {processor.py:157} INFO - Started process (PID=119) to work on /home/airflow/.local/lib/python3.10/site-packages/airflow/example_dags/example_trigger_controller_dag.py
[2025-06-02T22:00:36.034+0000] {processor.py:829} INFO - Processing file /home/airflow/.local/lib/python3.10/site-packages/airflow/example_dags/example_trigger_controller_dag.py for tasks to queue
[2025-06-02T22:00:36.036+0000] {logging_mixin.py:154} INFO - [2025-06-02T22:00:36.036+0000] {dagbag.py:536} INFO - Filling up the DagBag from /home/airflow/.local/lib/python3.10/site-packages/airflow/example_dags/example_trigger_controller_dag.py
[2025-06-02T22:00:36.041+0000] {processor.py:839} INFO - DAG(s) dict_keys(['example_trigger_controller_dag']) retrieved from /home/airflow/.local/lib/python3.10/site-packages/airflow/example_dags/example_trigger_controller_dag.py
[2025-06-02T22:00:36.061+0000] {logging_mixin.py:154} INFO - [2025-06-02T22:00:36.061+0000] {dag.py:2941} INFO - Sync 1 DAGs
[2025-06-02T22:00:36.083+0000] {logging_mixin.py:154} INFO - [2025-06-02T22:00:36.083+0000] {dag.py:3722} INFO - Setting next_dagrun for example_trigger_controller_dag to 2021-01-01T00:00:00+00:00, run_after=2021-01-01T00:00:00+00:00
[2025-06-02T22:00:36.101+0000] {processor.py:179} INFO - Processing /home/airflow/.local/lib/python3.10/site-packages/airflow/example_dags/example_trigger_controller_dag.py took 0.071 seconds
[2025-06-02T22:01:06.331+0000] {processor.py:157} INFO - Started process (PID=173) to work on /home/airflow/.local/lib/python3.10/site-packages/airflow/example_dags/example_trigger_controller_dag.py
[2025-06-02T22:01:06.333+0000] {processor.py:829} INFO - Processing file /home/airflow/.local/lib/python3.10/site-packages/airflow/example_dags/example_trigger_controller_dag.py for tasks to queue
[2025-06-02T22:01:06.336+0000] {logging_mixin.py:154} INFO - [2025-06-02T22:01:06.336+0000] {dagbag.py:536} INFO - Filling up the DagBag from /home/airflow/.local/lib/python3.10/site-packages/airflow/example_dags/example_trigger_controller_dag.py
[2025-06-02T22:01:06.342+0000] {processor.py:839} INFO - DAG(s) dict_keys(['example_trigger_controller_dag']) retrieved from /home/airflow/.local/lib/python3.10/site-packages/airflow/example_dags/example_trigger_controller_dag.py
[2025-06-02T22:01:06.369+0000] {logging_mixin.py:154} INFO - [2025-06-02T22:01:06.369+0000] {dag.py:2941} INFO - Sync 1 DAGs
[2025-06-02T22:01:06.399+0000] {logging_mixin.py:154} INFO - [2025-06-02T22:01:06.399+0000] {dag.py:3722} INFO - Setting next_dagrun for example_trigger_controller_dag to 2021-01-01T00:00:00+00:00, run_after=2021-01-01T00:00:00+00:00
[2025-06-02T22:01:06.426+0000] {processor.py:179} INFO - Processing /home/airflow/.local/lib/python3.10/site-packages/airflow/example_dags/example_trigger_controller_dag.py took 0.099 seconds
[2025-06-02T22:01:36.982+0000] {processor.py:157} INFO - Started process (PID=227) to work on /home/airflow/.local/lib/python3.10/site-packages/airflow/example_dags/example_trigger_controller_dag.py
[2025-06-02T22:01:36.983+0000] {processor.py:829} INFO - Processing file /home/airflow/.local/lib/python3.10/site-packages/airflow/example_dags/example_trigger_controller_dag.py for tasks to queue
[2025-06-02T22:01:36.986+0000] {logging_mixin.py:154} INFO - [2025-06-02T22:01:36.986+0000] {dagbag.py:536} INFO - Filling up the DagBag from /home/airflow/.local/lib/python3.10/site-packages/airflow/example_dags/example_trigger_controller_dag.py
[2025-06-02T22:01:36.992+0000] {processor.py:839} INFO - DAG(s) dict_keys(['example_trigger_controller_dag']) retrieved from /home/airflow/.local/lib/python3.10/site-packages/airflow/example_dags/example_trigger_controller_dag.py
[2025-06-02T22:01:37.021+0000] {logging_mixin.py:154} INFO - [2025-06-02T22:01:37.021+0000] {dag.py:2941} INFO - Sync 1 DAGs
[2025-06-02T22:01:37.052+0000] {logging_mixin.py:154} INFO - [2025-06-02T22:01:37.051+0000] {dag.py:3722} INFO - Setting next_dagrun for example_trigger_controller_dag to 2021-01-01T00:00:00+00:00, run_after=2021-01-01T00:00:00+00:00
[2025-06-02T22:01:37.083+0000] {processor.py:179} INFO - Processing /home/airflow/.local/lib/python3.10/site-packages/airflow/example_dags/example_trigger_controller_dag.py took 0.105 seconds
[2025-06-02T22:02:07.602+0000] {processor.py:157} INFO - Started process (PID=282) to work on /home/airflow/.local/lib/python3.10/site-packages/airflow/example_dags/example_trigger_controller_dag.py
[2025-06-02T22:02:07.604+0000] {processor.py:829} INFO - Processing file /home/airflow/.local/lib/python3.10/site-packages/airflow/example_dags/example_trigger_controller_dag.py for tasks to queue
[2025-06-02T22:02:07.607+0000] {logging_mixin.py:154} INFO - [2025-06-02T22:02:07.606+0000] {dagbag.py:536} INFO - Filling up the DagBag from /home/airflow/.local/lib/python3.10/site-packages/airflow/example_dags/example_trigger_controller_dag.py
[2025-06-02T22:02:07.613+0000] {processor.py:839} INFO - DAG(s) dict_keys(['example_trigger_controller_dag']) retrieved from /home/airflow/.local/lib/python3.10/site-packages/airflow/example_dags/example_trigger_controller_dag.py
[2025-06-02T22:02:07.653+0000] {logging_mixin.py:154} INFO - [2025-06-02T22:02:07.652+0000] {dag.py:2941} INFO - Sync 1 DAGs
[2025-06-02T22:02:07.682+0000] {logging_mixin.py:154} INFO - [2025-06-02T22:02:07.682+0000] {dag.py:3722} INFO - Setting next_dagrun for example_trigger_controller_dag to 2021-01-01T00:00:00+00:00, run_after=2021-01-01T00:00:00+00:00
[2025-06-02T22:02:07.723+0000] {processor.py:179} INFO - Processing /home/airflow/.local/lib/python3.10/site-packages/airflow/example_dags/example_trigger_controller_dag.py took 0.125 seconds
[2025-06-02T22:02:38.533+0000] {processor.py:157} INFO - Started process (PID=342) to work on /home/airflow/.local/lib/python3.10/site-packages/airflow/example_dags/example_trigger_controller_dag.py
[2025-06-02T22:02:38.534+0000] {processor.py:829} INFO - Processing file /home/airflow/.local/lib/python3.10/site-packages/airflow/example_dags/example_trigger_controller_dag.py for tasks to queue
[2025-06-02T22:02:38.537+0000] {logging_mixin.py:154} INFO - [2025-06-02T22:02:38.537+0000] {dagbag.py:536} INFO - Filling up the DagBag from /home/airflow/.local/lib/python3.10/site-packages/airflow/example_dags/example_trigger_controller_dag.py
[2025-06-02T22:02:38.543+0000] {processor.py:839} INFO - DAG(s) dict_keys(['example_trigger_controller_dag']) retrieved from /home/airflow/.local/lib/python3.10/site-packages/airflow/example_dags/example_trigger_controller_dag.py
[2025-06-02T22:02:38.570+0000] {logging_mixin.py:154} INFO - [2025-06-02T22:02:38.570+0000] {dag.py:2941} INFO - Sync 1 DAGs
[2025-06-02T22:02:38.600+0000] {logging_mixin.py:154} INFO - [2025-06-02T22:02:38.599+0000] {dag.py:3722} INFO - Setting next_dagrun for example_trigger_controller_dag to 2021-01-01T00:00:00+00:00, run_after=2021-01-01T00:00:00+00:00
[2025-06-02T22:02:38.630+0000] {processor.py:179} INFO - Processing /home/airflow/.local/lib/python3.10/site-packages/airflow/example_dags/example_trigger_controller_dag.py took 0.102 seconds
[2025-06-02T22:03:09.147+0000] {processor.py:157} INFO - Started process (PID=397) to work on /home/airflow/.local/lib/python3.10/site-packages/airflow/example_dags/example_trigger_controller_dag.py
[2025-06-02T22:03:09.148+0000] {processor.py:829} INFO - Processing file /home/airflow/.local/lib/python3.10/site-packages/airflow/example_dags/example_trigger_controller_dag.py for tasks to queue
[2025-06-02T22:03:09.151+0000] {logging_mixin.py:154} INFO - [2025-06-02T22:03:09.151+0000] {dagbag.py:536} INFO - Filling up the DagBag from /home/airflow/.local/lib/python3.10/site-packages/airflow/example_dags/example_trigger_controller_dag.py
[2025-06-02T22:03:09.157+0000] {processor.py:839} INFO - DAG(s) dict_keys(['example_trigger_controller_dag']) retrieved from /home/airflow/.local/lib/python3.10/site-packages/airflow/example_dags/example_trigger_controller_dag.py
[2025-06-02T22:03:09.183+0000] {logging_mixin.py:154} INFO - [2025-06-02T22:03:09.183+0000] {dag.py:2941} INFO - Sync 1 DAGs
[2025-06-02T22:03:09.215+0000] {logging_mixin.py:154} INFO - [2025-06-02T22:03:09.215+0000] {dag.py:3722} INFO - Setting next_dagrun for example_trigger_controller_dag to 2021-01-01T00:00:00+00:00, run_after=2021-01-01T00:00:00+00:00
[2025-06-02T22:03:09.235+0000] {processor.py:179} INFO - Processing /home/airflow/.local/lib/python3.10/site-packages/airflow/example_dags/example_trigger_controller_dag.py took 0.094 seconds
[2025-06-02T22:03:39.938+0000] {processor.py:157} INFO - Started process (PID=451) to work on /home/airflow/.local/lib/python3.10/site-packages/airflow/example_dags/example_trigger_controller_dag.py
[2025-06-02T22:03:39.939+0000] {processor.py:829} INFO - Processing file /home/airflow/.local/lib/python3.10/site-packages/airflow/example_dags/example_trigger_controller_dag.py for tasks to queue
[2025-06-02T22:03:39.942+0000] {logging_mixin.py:154} INFO - [2025-06-02T22:03:39.941+0000] {dagbag.py:536} INFO - Filling up the DagBag from /home/airflow/.local/lib/python3.10/site-packages/airflow/example_dags/example_trigger_controller_dag.py
[2025-06-02T22:03:39.948+0000] {processor.py:839} INFO - DAG(s) dict_keys(['example_trigger_controller_dag']) retrieved from /home/airflow/.local/lib/python3.10/site-packages/airflow/example_dags/example_trigger_controller_dag.py
[2025-06-02T22:03:39.975+0000] {logging_mixin.py:154} INFO - [2025-06-02T22:03:39.975+0000] {dag.py:2941} INFO - Sync 1 DAGs
[2025-06-02T22:03:40.005+0000] {logging_mixin.py:154} INFO - [2025-06-02T22:03:40.005+0000] {dag.py:3722} INFO - Setting next_dagrun for example_trigger_controller_dag to 2021-01-01T00:00:00+00:00, run_after=2021-01-01T00:00:00+00:00
[2025-06-02T22:03:40.027+0000] {processor.py:179} INFO - Processing /home/airflow/.local/lib/python3.10/site-packages/airflow/example_dags/example_trigger_controller_dag.py took 0.094 seconds
[2025-06-02T22:04:10.432+0000] {processor.py:157} INFO - Started process (PID=505) to work on /home/airflow/.local/lib/python3.10/site-packages/airflow/example_dags/example_trigger_controller_dag.py
[2025-06-02T22:04:10.438+0000] {processor.py:829} INFO - Processing file /home/airflow/.local/lib/python3.10/site-packages/airflow/example_dags/example_trigger_controller_dag.py for tasks to queue
[2025-06-02T22:04:10.441+0000] {logging_mixin.py:154} INFO - [2025-06-02T22:04:10.441+0000] {dagbag.py:536} INFO - Filling up the DagBag from /home/airflow/.local/lib/python3.10/site-packages/airflow/example_dags/example_trigger_controller_dag.py
[2025-06-02T22:04:10.468+0000] {processor.py:839} INFO - DAG(s) dict_keys(['example_trigger_controller_dag']) retrieved from /home/airflow/.local/lib/python3.10/site-packages/airflow/example_dags/example_trigger_controller_dag.py
[2025-06-02T22:04:10.557+0000] {logging_mixin.py:154} INFO - [2025-06-02T22:04:10.557+0000] {dag.py:2941} INFO - Sync 1 DAGs
[2025-06-02T22:04:10.617+0000] {logging_mixin.py:154} INFO - [2025-06-02T22:04:10.616+0000] {dag.py:3722} INFO - Setting next_dagrun for example_trigger_controller_dag to 2021-01-01T00:00:00+00:00, run_after=2021-01-01T00:00:00+00:00
[2025-06-02T22:04:10.686+0000] {processor.py:179} INFO - Processing /home/airflow/.local/lib/python3.10/site-packages/airflow/example_dags/example_trigger_controller_dag.py took 0.267 seconds
[2025-06-02T22:04:41.600+0000] {processor.py:157} INFO - Started process (PID=559) to work on /home/airflow/.local/lib/python3.10/site-packages/airflow/example_dags/example_trigger_controller_dag.py
[2025-06-02T22:04:41.602+0000] {processor.py:829} INFO - Processing file /home/airflow/.local/lib/python3.10/site-packages/airflow/example_dags/example_trigger_controller_dag.py for tasks to queue
[2025-06-02T22:04:41.604+0000] {logging_mixin.py:154} INFO - [2025-06-02T22:04:41.604+0000] {dagbag.py:536} INFO - Filling up the DagBag from /home/airflow/.local/lib/python3.10/site-packages/airflow/example_dags/example_trigger_controller_dag.py
[2025-06-02T22:04:41.610+0000] {processor.py:839} INFO - DAG(s) dict_keys(['example_trigger_controller_dag']) retrieved from /home/airflow/.local/lib/python3.10/site-packages/airflow/example_dags/example_trigger_controller_dag.py
[2025-06-02T22:04:41.635+0000] {logging_mixin.py:154} INFO - [2025-06-02T22:04:41.635+0000] {dag.py:2941} INFO - Sync 1 DAGs
[2025-06-02T22:04:41.665+0000] {logging_mixin.py:154} INFO - [2025-06-02T22:04:41.665+0000] {dag.py:3722} INFO - Setting next_dagrun for example_trigger_controller_dag to 2021-01-01T00:00:00+00:00, run_after=2021-01-01T00:00:00+00:00
[2025-06-02T22:04:41.690+0000] {processor.py:179} INFO - Processing /home/airflow/.local/lib/python3.10/site-packages/airflow/example_dags/example_trigger_controller_dag.py took 0.096 seconds
[2025-06-02T22:05:11.841+0000] {processor.py:157} INFO - Started process (PID=614) to work on /home/airflow/.local/lib/python3.10/site-packages/airflow/example_dags/example_trigger_controller_dag.py
[2025-06-02T22:05:11.842+0000] {processor.py:829} INFO - Processing file /home/airflow/.local/lib/python3.10/site-packages/airflow/example_dags/example_trigger_controller_dag.py for tasks to queue
[2025-06-02T22:05:11.845+0000] {logging_mixin.py:154} INFO - [2025-06-02T22:05:11.845+0000] {dagbag.py:536} INFO - Filling up the DagBag from /home/airflow/.local/lib/python3.10/site-packages/airflow/example_dags/example_trigger_controller_dag.py
[2025-06-02T22:05:11.851+0000] {processor.py:839} INFO - DAG(s) dict_keys(['example_trigger_controller_dag']) retrieved from /home/airflow/.local/lib/python3.10/site-packages/airflow/example_dags/example_trigger_controller_dag.py
[2025-06-02T22:05:11.879+0000] {logging_mixin.py:154} INFO - [2025-06-02T22:05:11.879+0000] {dag.py:2941} INFO - Sync 1 DAGs
[2025-06-02T22:05:11.913+0000] {logging_mixin.py:154} INFO - [2025-06-02T22:05:11.912+0000] {dag.py:3722} INFO - Setting next_dagrun for example_trigger_controller_dag to 2021-01-01T00:00:00+00:00, run_after=2021-01-01T00:00:00+00:00
[2025-06-02T22:05:11.936+0000] {processor.py:179} INFO - Processing /home/airflow/.local/lib/python3.10/site-packages/airflow/example_dags/example_trigger_controller_dag.py took 0.099 seconds
[2025-06-02T22:05:42.158+0000] {processor.py:157} INFO - Started process (PID=668) to work on /home/airflow/.local/lib/python3.10/site-packages/airflow/example_dags/example_trigger_controller_dag.py
[2025-06-02T22:05:42.159+0000] {processor.py:829} INFO - Processing file /home/airflow/.local/lib/python3.10/site-packages/airflow/example_dags/example_trigger_controller_dag.py for tasks to queue
[2025-06-02T22:05:42.162+0000] {logging_mixin.py:154} INFO - [2025-06-02T22:05:42.162+0000] {dagbag.py:536} INFO - Filling up the DagBag from /home/airflow/.local/lib/python3.10/site-packages/airflow/example_dags/example_trigger_controller_dag.py
[2025-06-02T22:05:42.168+0000] {processor.py:839} INFO - DAG(s) dict_keys(['example_trigger_controller_dag']) retrieved from /home/airflow/.local/lib/python3.10/site-packages/airflow/example_dags/example_trigger_controller_dag.py
[2025-06-02T22:05:42.196+0000] {logging_mixin.py:154} INFO - [2025-06-02T22:05:42.196+0000] {dag.py:2941} INFO - Sync 1 DAGs
[2025-06-02T22:05:42.227+0000] {logging_mixin.py:154} INFO - [2025-06-02T22:05:42.227+0000] {dag.py:3722} INFO - Setting next_dagrun for example_trigger_controller_dag to 2021-01-01T00:00:00+00:00, run_after=2021-01-01T00:00:00+00:00
[2025-06-02T22:05:42.250+0000] {processor.py:179} INFO - Processing /home/airflow/.local/lib/python3.10/site-packages/airflow/example_dags/example_trigger_controller_dag.py took 0.097 seconds
[2025-06-02T22:06:12.432+0000] {processor.py:157} INFO - Started process (PID=721) to work on /home/airflow/.local/lib/python3.10/site-packages/airflow/example_dags/example_trigger_controller_dag.py
[2025-06-02T22:06:12.433+0000] {processor.py:829} INFO - Processing file /home/airflow/.local/lib/python3.10/site-packages/airflow/example_dags/example_trigger_controller_dag.py for tasks to queue
[2025-06-02T22:06:12.437+0000] {logging_mixin.py:154} INFO - [2025-06-02T22:06:12.436+0000] {dagbag.py:536} INFO - Filling up the DagBag from /home/airflow/.local/lib/python3.10/site-packages/airflow/example_dags/example_trigger_controller_dag.py
[2025-06-02T22:06:12.442+0000] {processor.py:839} INFO - DAG(s) dict_keys(['example_trigger_controller_dag']) retrieved from /home/airflow/.local/lib/python3.10/site-packages/airflow/example_dags/example_trigger_controller_dag.py
[2025-06-02T22:06:12.468+0000] {logging_mixin.py:154} INFO - [2025-06-02T22:06:12.468+0000] {dag.py:2941} INFO - Sync 1 DAGs
[2025-06-02T22:06:12.497+0000] {logging_mixin.py:154} INFO - [2025-06-02T22:06:12.497+0000] {dag.py:3722} INFO - Setting next_dagrun for example_trigger_controller_dag to 2021-01-01T00:00:00+00:00, run_after=2021-01-01T00:00:00+00:00
[2025-06-02T22:06:12.522+0000] {processor.py:179} INFO - Processing /home/airflow/.local/lib/python3.10/site-packages/airflow/example_dags/example_trigger_controller_dag.py took 0.094 seconds
[2025-06-02T22:06:42.988+0000] {processor.py:157} INFO - Started process (PID=776) to work on /home/airflow/.local/lib/python3.10/site-packages/airflow/example_dags/example_trigger_controller_dag.py
[2025-06-02T22:06:42.989+0000] {processor.py:829} INFO - Processing file /home/airflow/.local/lib/python3.10/site-packages/airflow/example_dags/example_trigger_controller_dag.py for tasks to queue
[2025-06-02T22:06:42.992+0000] {logging_mixin.py:154} INFO - [2025-06-02T22:06:42.991+0000] {dagbag.py:536} INFO - Filling up the DagBag from /home/airflow/.local/lib/python3.10/site-packages/airflow/example_dags/example_trigger_controller_dag.py
[2025-06-02T22:06:42.997+0000] {processor.py:839} INFO - DAG(s) dict_keys(['example_trigger_controller_dag']) retrieved from /home/airflow/.local/lib/python3.10/site-packages/airflow/example_dags/example_trigger_controller_dag.py
[2025-06-02T22:06:43.024+0000] {logging_mixin.py:154} INFO - [2025-06-02T22:06:43.024+0000] {dag.py:2941} INFO - Sync 1 DAGs
[2025-06-02T22:06:43.055+0000] {logging_mixin.py:154} INFO - [2025-06-02T22:06:43.054+0000] {dag.py:3722} INFO - Setting next_dagrun for example_trigger_controller_dag to 2021-01-01T00:00:00+00:00, run_after=2021-01-01T00:00:00+00:00
[2025-06-02T22:06:43.078+0000] {processor.py:179} INFO - Processing /home/airflow/.local/lib/python3.10/site-packages/airflow/example_dags/example_trigger_controller_dag.py took 0.096 seconds
[2025-06-02T22:07:13.190+0000] {processor.py:157} INFO - Started process (PID=830) to work on /home/airflow/.local/lib/python3.10/site-packages/airflow/example_dags/example_trigger_controller_dag.py
[2025-06-02T22:07:13.191+0000] {processor.py:829} INFO - Processing file /home/airflow/.local/lib/python3.10/site-packages/airflow/example_dags/example_trigger_controller_dag.py for tasks to queue
[2025-06-02T22:07:13.194+0000] {logging_mixin.py:154} INFO - [2025-06-02T22:07:13.193+0000] {dagbag.py:536} INFO - Filling up the DagBag from /home/airflow/.local/lib/python3.10/site-packages/airflow/example_dags/example_trigger_controller_dag.py
[2025-06-02T22:07:13.200+0000] {processor.py:839} INFO - DAG(s) dict_keys(['example_trigger_controller_dag']) retrieved from /home/airflow/.local/lib/python3.10/site-packages/airflow/example_dags/example_trigger_controller_dag.py
[2025-06-02T22:07:13.227+0000] {logging_mixin.py:154} INFO - [2025-06-02T22:07:13.226+0000] {dag.py:2941} INFO - Sync 1 DAGs
[2025-06-02T22:07:13.258+0000] {logging_mixin.py:154} INFO - [2025-06-02T22:07:13.258+0000] {dag.py:3722} INFO - Setting next_dagrun for example_trigger_controller_dag to 2021-01-01T00:00:00+00:00, run_after=2021-01-01T00:00:00+00:00
[2025-06-02T22:07:13.279+0000] {processor.py:179} INFO - Processing /home/airflow/.local/lib/python3.10/site-packages/airflow/example_dags/example_trigger_controller_dag.py took 0.094 seconds
[2025-06-02T22:07:43.860+0000] {processor.py:157} INFO - Started process (PID=884) to work on /home/airflow/.local/lib/python3.10/site-packages/airflow/example_dags/example_trigger_controller_dag.py
[2025-06-02T22:07:43.862+0000] {processor.py:829} INFO - Processing file /home/airflow/.local/lib/python3.10/site-packages/airflow/example_dags/example_trigger_controller_dag.py for tasks to queue
[2025-06-02T22:07:43.865+0000] {logging_mixin.py:154} INFO - [2025-06-02T22:07:43.865+0000] {dagbag.py:536} INFO - Filling up the DagBag from /home/airflow/.local/lib/python3.10/site-packages/airflow/example_dags/example_trigger_controller_dag.py
[2025-06-02T22:07:43.871+0000] {processor.py:839} INFO - DAG(s) dict_keys(['example_trigger_controller_dag']) retrieved from /home/airflow/.local/lib/python3.10/site-packages/airflow/example_dags/example_trigger_controller_dag.py
[2025-06-02T22:07:43.901+0000] {logging_mixin.py:154} INFO - [2025-06-02T22:07:43.901+0000] {dag.py:2941} INFO - Sync 1 DAGs
[2025-06-02T22:07:43.931+0000] {logging_mixin.py:154} INFO - [2025-06-02T22:07:43.931+0000] {dag.py:3722} INFO - Setting next_dagrun for example_trigger_controller_dag to 2021-01-01T00:00:00+00:00, run_after=2021-01-01T00:00:00+00:00
[2025-06-02T22:07:43.953+0000] {processor.py:179} INFO - Processing /home/airflow/.local/lib/python3.10/site-packages/airflow/example_dags/example_trigger_controller_dag.py took 0.098 seconds
[2025-06-02T22:08:14.439+0000] {processor.py:157} INFO - Started process (PID=937) to work on /home/airflow/.local/lib/python3.10/site-packages/airflow/example_dags/example_trigger_controller_dag.py
[2025-06-02T22:08:14.440+0000] {processor.py:829} INFO - Processing file /home/airflow/.local/lib/python3.10/site-packages/airflow/example_dags/example_trigger_controller_dag.py for tasks to queue
[2025-06-02T22:08:14.443+0000] {logging_mixin.py:154} INFO - [2025-06-02T22:08:14.442+0000] {dagbag.py:536} INFO - Filling up the DagBag from /home/airflow/.local/lib/python3.10/site-packages/airflow/example_dags/example_trigger_controller_dag.py
[2025-06-02T22:08:14.448+0000] {processor.py:839} INFO - DAG(s) dict_keys(['example_trigger_controller_dag']) retrieved from /home/airflow/.local/lib/python3.10/site-packages/airflow/example_dags/example_trigger_controller_dag.py
[2025-06-02T22:08:14.475+0000] {logging_mixin.py:154} INFO - [2025-06-02T22:08:14.475+0000] {dag.py:2941} INFO - Sync 1 DAGs
[2025-06-02T22:08:14.504+0000] {logging_mixin.py:154} INFO - [2025-06-02T22:08:14.504+0000] {dag.py:3722} INFO - Setting next_dagrun for example_trigger_controller_dag to 2021-01-01T00:00:00+00:00, run_after=2021-01-01T00:00:00+00:00
[2025-06-02T22:08:14.526+0000] {processor.py:179} INFO - Processing /home/airflow/.local/lib/python3.10/site-packages/airflow/example_dags/example_trigger_controller_dag.py took 0.092 seconds
[2025-06-02T22:08:45.845+0000] {processor.py:157} INFO - Started process (PID=992) to work on /home/airflow/.local/lib/python3.10/site-packages/airflow/example_dags/example_trigger_controller_dag.py
[2025-06-02T22:08:45.852+0000] {processor.py:829} INFO - Processing file /home/airflow/.local/lib/python3.10/site-packages/airflow/example_dags/example_trigger_controller_dag.py for tasks to queue
[2025-06-02T22:08:45.855+0000] {logging_mixin.py:154} INFO - [2025-06-02T22:08:45.854+0000] {dagbag.py:536} INFO - Filling up the DagBag from /home/airflow/.local/lib/python3.10/site-packages/airflow/example_dags/example_trigger_controller_dag.py
[2025-06-02T22:08:45.870+0000] {processor.py:839} INFO - DAG(s) dict_keys(['example_trigger_controller_dag']) retrieved from /home/airflow/.local/lib/python3.10/site-packages/airflow/example_dags/example_trigger_controller_dag.py
[2025-06-02T22:08:45.930+0000] {logging_mixin.py:154} INFO - [2025-06-02T22:08:45.930+0000] {dag.py:2941} INFO - Sync 1 DAGs
[2025-06-02T22:08:46.165+0000] {logging_mixin.py:154} INFO - [2025-06-02T22:08:46.165+0000] {dag.py:3722} INFO - Setting next_dagrun for example_trigger_controller_dag to 2021-01-01T00:00:00+00:00, run_after=2021-01-01T00:00:00+00:00
[2025-06-02T22:08:46.188+0000] {processor.py:179} INFO - Processing /home/airflow/.local/lib/python3.10/site-packages/airflow/example_dags/example_trigger_controller_dag.py took 0.354 seconds
[2025-06-02T22:09:16.823+0000] {processor.py:157} INFO - Started process (PID=1046) to work on /home/airflow/.local/lib/python3.10/site-packages/airflow/example_dags/example_trigger_controller_dag.py
[2025-06-02T22:09:16.824+0000] {processor.py:829} INFO - Processing file /home/airflow/.local/lib/python3.10/site-packages/airflow/example_dags/example_trigger_controller_dag.py for tasks to queue
[2025-06-02T22:09:16.827+0000] {logging_mixin.py:154} INFO - [2025-06-02T22:09:16.827+0000] {dagbag.py:536} INFO - Filling up the DagBag from /home/airflow/.local/lib/python3.10/site-packages/airflow/example_dags/example_trigger_controller_dag.py
[2025-06-02T22:09:16.834+0000] {processor.py:839} INFO - DAG(s) dict_keys(['example_trigger_controller_dag']) retrieved from /home/airflow/.local/lib/python3.10/site-packages/airflow/example_dags/example_trigger_controller_dag.py
[2025-06-02T22:09:16.861+0000] {logging_mixin.py:154} INFO - [2025-06-02T22:09:16.861+0000] {dag.py:2941} INFO - Sync 1 DAGs
[2025-06-02T22:09:16.892+0000] {logging_mixin.py:154} INFO - [2025-06-02T22:09:16.891+0000] {dag.py:3722} INFO - Setting next_dagrun for example_trigger_controller_dag to 2021-01-01T00:00:00+00:00, run_after=2021-01-01T00:00:00+00:00
[2025-06-02T22:09:16.915+0000] {processor.py:179} INFO - Processing /home/airflow/.local/lib/python3.10/site-packages/airflow/example_dags/example_trigger_controller_dag.py took 0.097 seconds
[2025-06-02T22:09:47.975+0000] {processor.py:157} INFO - Started process (PID=1099) to work on /home/airflow/.local/lib/python3.10/site-packages/airflow/example_dags/example_trigger_controller_dag.py
[2025-06-02T22:09:47.976+0000] {processor.py:829} INFO - Processing file /home/airflow/.local/lib/python3.10/site-packages/airflow/example_dags/example_trigger_controller_dag.py for tasks to queue
[2025-06-02T22:09:47.979+0000] {logging_mixin.py:154} INFO - [2025-06-02T22:09:47.979+0000] {dagbag.py:536} INFO - Filling up the DagBag from /home/airflow/.local/lib/python3.10/site-packages/airflow/example_dags/example_trigger_controller_dag.py
[2025-06-02T22:09:47.985+0000] {processor.py:839} INFO - DAG(s) dict_keys(['example_trigger_controller_dag']) retrieved from /home/airflow/.local/lib/python3.10/site-packages/airflow/example_dags/example_trigger_controller_dag.py
[2025-06-02T22:09:48.023+0000] {logging_mixin.py:154} INFO - [2025-06-02T22:09:48.023+0000] {dag.py:2941} INFO - Sync 1 DAGs
[2025-06-02T22:09:48.053+0000] {logging_mixin.py:154} INFO - [2025-06-02T22:09:48.053+0000] {dag.py:3722} INFO - Setting next_dagrun for example_trigger_controller_dag to 2021-01-01T00:00:00+00:00, run_after=2021-01-01T00:00:00+00:00
[2025-06-02T22:09:48.098+0000] {processor.py:179} INFO - Processing /home/airflow/.local/lib/python3.10/site-packages/airflow/example_dags/example_trigger_controller_dag.py took 0.128 seconds
[2025-06-02T22:10:19.426+0000] {processor.py:157} INFO - Started process (PID=1153) to work on /home/airflow/.local/lib/python3.10/site-packages/airflow/example_dags/example_trigger_controller_dag.py
[2025-06-02T22:10:19.428+0000] {processor.py:829} INFO - Processing file /home/airflow/.local/lib/python3.10/site-packages/airflow/example_dags/example_trigger_controller_dag.py for tasks to queue
[2025-06-02T22:10:19.450+0000] {logging_mixin.py:154} INFO - [2025-06-02T22:10:19.450+0000] {dagbag.py:536} INFO - Filling up the DagBag from /home/airflow/.local/lib/python3.10/site-packages/airflow/example_dags/example_trigger_controller_dag.py
[2025-06-02T22:10:19.469+0000] {processor.py:839} INFO - DAG(s) dict_keys(['example_trigger_controller_dag']) retrieved from /home/airflow/.local/lib/python3.10/site-packages/airflow/example_dags/example_trigger_controller_dag.py
[2025-06-02T22:10:19.567+0000] {logging_mixin.py:154} INFO - [2025-06-02T22:10:19.567+0000] {dag.py:2941} INFO - Sync 1 DAGs
[2025-06-02T22:10:19.977+0000] {logging_mixin.py:154} INFO - [2025-06-02T22:10:19.976+0000] {dag.py:3722} INFO - Setting next_dagrun for example_trigger_controller_dag to 2021-01-01T00:00:00+00:00, run_after=2021-01-01T00:00:00+00:00
[2025-06-02T22:10:20.032+0000] {processor.py:179} INFO - Processing /home/airflow/.local/lib/python3.10/site-packages/airflow/example_dags/example_trigger_controller_dag.py took 0.616 seconds
[2025-06-02T22:10:50.225+0000] {processor.py:157} INFO - Started process (PID=1206) to work on /home/airflow/.local/lib/python3.10/site-packages/airflow/example_dags/example_trigger_controller_dag.py
[2025-06-02T22:10:50.226+0000] {processor.py:829} INFO - Processing file /home/airflow/.local/lib/python3.10/site-packages/airflow/example_dags/example_trigger_controller_dag.py for tasks to queue
[2025-06-02T22:10:50.242+0000] {logging_mixin.py:154} INFO - [2025-06-02T22:10:50.242+0000] {dagbag.py:536} INFO - Filling up the DagBag from /home/airflow/.local/lib/python3.10/site-packages/airflow/example_dags/example_trigger_controller_dag.py
[2025-06-02T22:10:50.248+0000] {processor.py:839} INFO - DAG(s) dict_keys(['example_trigger_controller_dag']) retrieved from /home/airflow/.local/lib/python3.10/site-packages/airflow/example_dags/example_trigger_controller_dag.py
[2025-06-02T22:10:50.281+0000] {logging_mixin.py:154} INFO - [2025-06-02T22:10:50.280+0000] {dag.py:2941} INFO - Sync 1 DAGs
[2025-06-02T22:10:50.312+0000] {logging_mixin.py:154} INFO - [2025-06-02T22:10:50.312+0000] {dag.py:3722} INFO - Setting next_dagrun for example_trigger_controller_dag to 2021-01-01T00:00:00+00:00, run_after=2021-01-01T00:00:00+00:00
[2025-06-02T22:10:50.729+0000] {processor.py:179} INFO - Processing /home/airflow/.local/lib/python3.10/site-packages/airflow/example_dags/example_trigger_controller_dag.py took 0.519 seconds
[2025-06-02T23:03:33.238+0000] {processor.py:157} INFO - Started process (PID=67) to work on /home/airflow/.local/lib/python3.10/site-packages/airflow/example_dags/example_trigger_controller_dag.py
[2025-06-02T23:03:33.248+0000] {processor.py:829} INFO - Processing file /home/airflow/.local/lib/python3.10/site-packages/airflow/example_dags/example_trigger_controller_dag.py for tasks to queue
[2025-06-02T23:03:33.270+0000] {logging_mixin.py:154} INFO - [2025-06-02T23:03:33.270+0000] {dagbag.py:536} INFO - Filling up the DagBag from /home/airflow/.local/lib/python3.10/site-packages/airflow/example_dags/example_trigger_controller_dag.py
[2025-06-02T23:03:33.292+0000] {processor.py:839} INFO - DAG(s) dict_keys(['example_trigger_controller_dag']) retrieved from /home/airflow/.local/lib/python3.10/site-packages/airflow/example_dags/example_trigger_controller_dag.py
[2025-06-02T23:03:33.402+0000] {logging_mixin.py:154} INFO - [2025-06-02T23:03:33.402+0000] {dag.py:2941} INFO - Sync 1 DAGs
[2025-06-02T23:03:33.603+0000] {logging_mixin.py:154} INFO - [2025-06-02T23:03:33.602+0000] {dag.py:3722} INFO - Setting next_dagrun for example_trigger_controller_dag to 2021-01-01T00:00:00+00:00, run_after=2021-01-01T00:00:00+00:00
[2025-06-02T23:03:33.802+0000] {processor.py:179} INFO - Processing /home/airflow/.local/lib/python3.10/site-packages/airflow/example_dags/example_trigger_controller_dag.py took 0.577 seconds
[2025-06-02T23:03:59.600+0000] {processor.py:157} INFO - Started process (PID=59) to work on /home/airflow/.local/lib/python3.10/site-packages/airflow/example_dags/example_trigger_controller_dag.py
[2025-06-02T23:03:59.602+0000] {processor.py:829} INFO - Processing file /home/airflow/.local/lib/python3.10/site-packages/airflow/example_dags/example_trigger_controller_dag.py for tasks to queue
[2025-06-02T23:03:59.606+0000] {logging_mixin.py:154} INFO - [2025-06-02T23:03:59.605+0000] {dagbag.py:536} INFO - Filling up the DagBag from /home/airflow/.local/lib/python3.10/site-packages/airflow/example_dags/example_trigger_controller_dag.py
[2025-06-02T23:03:59.611+0000] {processor.py:839} INFO - DAG(s) dict_keys(['example_trigger_controller_dag']) retrieved from /home/airflow/.local/lib/python3.10/site-packages/airflow/example_dags/example_trigger_controller_dag.py
[2025-06-02T23:03:59.639+0000] {logging_mixin.py:154} INFO - [2025-06-02T23:03:59.639+0000] {dag.py:2941} INFO - Sync 1 DAGs
[2025-06-02T23:03:59.677+0000] {logging_mixin.py:154} INFO - [2025-06-02T23:03:59.677+0000] {dag.py:3722} INFO - Setting next_dagrun for example_trigger_controller_dag to 2021-01-01T00:00:00+00:00, run_after=2021-01-01T00:00:00+00:00
[2025-06-02T23:03:59.704+0000] {processor.py:179} INFO - Processing /home/airflow/.local/lib/python3.10/site-packages/airflow/example_dags/example_trigger_controller_dag.py took 0.109 seconds
[2025-06-02T23:04:30.386+0000] {processor.py:157} INFO - Started process (PID=115) to work on /home/airflow/.local/lib/python3.10/site-packages/airflow/example_dags/example_trigger_controller_dag.py
[2025-06-02T23:04:30.388+0000] {processor.py:829} INFO - Processing file /home/airflow/.local/lib/python3.10/site-packages/airflow/example_dags/example_trigger_controller_dag.py for tasks to queue
[2025-06-02T23:04:30.391+0000] {logging_mixin.py:154} INFO - [2025-06-02T23:04:30.391+0000] {dagbag.py:536} INFO - Filling up the DagBag from /home/airflow/.local/lib/python3.10/site-packages/airflow/example_dags/example_trigger_controller_dag.py
[2025-06-02T23:04:30.397+0000] {processor.py:839} INFO - DAG(s) dict_keys(['example_trigger_controller_dag']) retrieved from /home/airflow/.local/lib/python3.10/site-packages/airflow/example_dags/example_trigger_controller_dag.py
[2025-06-02T23:04:30.426+0000] {logging_mixin.py:154} INFO - [2025-06-02T23:04:30.425+0000] {dag.py:2941} INFO - Sync 1 DAGs
[2025-06-02T23:04:30.466+0000] {logging_mixin.py:154} INFO - [2025-06-02T23:04:30.466+0000] {dag.py:3722} INFO - Setting next_dagrun for example_trigger_controller_dag to 2021-01-01T00:00:00+00:00, run_after=2021-01-01T00:00:00+00:00
[2025-06-02T23:04:30.494+0000] {processor.py:179} INFO - Processing /home/airflow/.local/lib/python3.10/site-packages/airflow/example_dags/example_trigger_controller_dag.py took 0.113 seconds
[2025-06-02T23:05:00.619+0000] {processor.py:157} INFO - Started process (PID=171) to work on /home/airflow/.local/lib/python3.10/site-packages/airflow/example_dags/example_trigger_controller_dag.py
[2025-06-02T23:05:00.620+0000] {processor.py:829} INFO - Processing file /home/airflow/.local/lib/python3.10/site-packages/airflow/example_dags/example_trigger_controller_dag.py for tasks to queue
[2025-06-02T23:05:00.622+0000] {logging_mixin.py:154} INFO - [2025-06-02T23:05:00.622+0000] {dagbag.py:536} INFO - Filling up the DagBag from /home/airflow/.local/lib/python3.10/site-packages/airflow/example_dags/example_trigger_controller_dag.py
[2025-06-02T23:05:00.627+0000] {processor.py:839} INFO - DAG(s) dict_keys(['example_trigger_controller_dag']) retrieved from /home/airflow/.local/lib/python3.10/site-packages/airflow/example_dags/example_trigger_controller_dag.py
[2025-06-02T23:05:00.648+0000] {logging_mixin.py:154} INFO - [2025-06-02T23:05:00.647+0000] {dag.py:2941} INFO - Sync 1 DAGs
[2025-06-02T23:05:00.670+0000] {logging_mixin.py:154} INFO - [2025-06-02T23:05:00.670+0000] {dag.py:3722} INFO - Setting next_dagrun for example_trigger_controller_dag to 2021-01-01T00:00:00+00:00, run_after=2021-01-01T00:00:00+00:00
[2025-06-02T23:05:00.697+0000] {processor.py:179} INFO - Processing /home/airflow/.local/lib/python3.10/site-packages/airflow/example_dags/example_trigger_controller_dag.py took 0.082 seconds
[2025-06-02T23:05:32.680+0000] {processor.py:157} INFO - Started process (PID=227) to work on /home/airflow/.local/lib/python3.10/site-packages/airflow/example_dags/example_trigger_controller_dag.py
[2025-06-02T23:05:32.683+0000] {processor.py:829} INFO - Processing file /home/airflow/.local/lib/python3.10/site-packages/airflow/example_dags/example_trigger_controller_dag.py for tasks to queue
[2025-06-02T23:05:32.686+0000] {logging_mixin.py:154} INFO - [2025-06-02T23:05:32.685+0000] {dagbag.py:536} INFO - Filling up the DagBag from /home/airflow/.local/lib/python3.10/site-packages/airflow/example_dags/example_trigger_controller_dag.py
[2025-06-02T23:05:32.691+0000] {processor.py:839} INFO - DAG(s) dict_keys(['example_trigger_controller_dag']) retrieved from /home/airflow/.local/lib/python3.10/site-packages/airflow/example_dags/example_trigger_controller_dag.py
[2025-06-02T23:05:32.715+0000] {logging_mixin.py:154} INFO - [2025-06-02T23:05:32.715+0000] {dag.py:2941} INFO - Sync 1 DAGs
[2025-06-02T23:05:32.745+0000] {logging_mixin.py:154} INFO - [2025-06-02T23:05:32.745+0000] {dag.py:3722} INFO - Setting next_dagrun for example_trigger_controller_dag to 2021-01-01T00:00:00+00:00, run_after=2021-01-01T00:00:00+00:00
[2025-06-02T23:05:32.777+0000] {processor.py:179} INFO - Processing /home/airflow/.local/lib/python3.10/site-packages/airflow/example_dags/example_trigger_controller_dag.py took 0.102 seconds
[2025-06-02T23:06:06.976+0000] {processor.py:157} INFO - Started process (PID=283) to work on /home/airflow/.local/lib/python3.10/site-packages/airflow/example_dags/example_trigger_controller_dag.py
[2025-06-02T23:06:06.978+0000] {processor.py:829} INFO - Processing file /home/airflow/.local/lib/python3.10/site-packages/airflow/example_dags/example_trigger_controller_dag.py for tasks to queue
[2025-06-02T23:06:06.981+0000] {logging_mixin.py:154} INFO - [2025-06-02T23:06:06.980+0000] {dagbag.py:536} INFO - Filling up the DagBag from /home/airflow/.local/lib/python3.10/site-packages/airflow/example_dags/example_trigger_controller_dag.py
[2025-06-02T23:06:06.986+0000] {processor.py:839} INFO - DAG(s) dict_keys(['example_trigger_controller_dag']) retrieved from /home/airflow/.local/lib/python3.10/site-packages/airflow/example_dags/example_trigger_controller_dag.py
[2025-06-02T23:06:07.011+0000] {logging_mixin.py:154} INFO - [2025-06-02T23:06:07.011+0000] {dag.py:2941} INFO - Sync 1 DAGs
[2025-06-02T23:06:07.042+0000] {logging_mixin.py:154} INFO - [2025-06-02T23:06:07.042+0000] {dag.py:3722} INFO - Setting next_dagrun for example_trigger_controller_dag to 2021-01-01T00:00:00+00:00, run_after=2021-01-01T00:00:00+00:00
[2025-06-02T23:06:07.063+0000] {processor.py:179} INFO - Processing /home/airflow/.local/lib/python3.10/site-packages/airflow/example_dags/example_trigger_controller_dag.py took 0.092 seconds
[2025-06-02T23:06:39.903+0000] {processor.py:157} INFO - Started process (PID=346) to work on /home/airflow/.local/lib/python3.10/site-packages/airflow/example_dags/example_trigger_controller_dag.py
[2025-06-02T23:06:39.904+0000] {processor.py:829} INFO - Processing file /home/airflow/.local/lib/python3.10/site-packages/airflow/example_dags/example_trigger_controller_dag.py for tasks to queue
[2025-06-02T23:06:39.910+0000] {logging_mixin.py:154} INFO - [2025-06-02T23:06:39.910+0000] {dagbag.py:536} INFO - Filling up the DagBag from /home/airflow/.local/lib/python3.10/site-packages/airflow/example_dags/example_trigger_controller_dag.py
[2025-06-02T23:06:39.927+0000] {processor.py:839} INFO - DAG(s) dict_keys(['example_trigger_controller_dag']) retrieved from /home/airflow/.local/lib/python3.10/site-packages/airflow/example_dags/example_trigger_controller_dag.py
[2025-06-02T23:06:39.998+0000] {logging_mixin.py:154} INFO - [2025-06-02T23:06:39.998+0000] {dag.py:2941} INFO - Sync 1 DAGs
[2025-06-02T23:06:40.087+0000] {logging_mixin.py:154} INFO - [2025-06-02T23:06:40.086+0000] {dag.py:3722} INFO - Setting next_dagrun for example_trigger_controller_dag to 2021-01-01T00:00:00+00:00, run_after=2021-01-01T00:00:00+00:00
[2025-06-02T23:06:40.144+0000] {processor.py:179} INFO - Processing /home/airflow/.local/lib/python3.10/site-packages/airflow/example_dags/example_trigger_controller_dag.py took 0.259 seconds
[2025-06-02T23:07:10.519+0000] {processor.py:157} INFO - Started process (PID=402) to work on /home/airflow/.local/lib/python3.10/site-packages/airflow/example_dags/example_trigger_controller_dag.py
[2025-06-02T23:07:10.520+0000] {processor.py:829} INFO - Processing file /home/airflow/.local/lib/python3.10/site-packages/airflow/example_dags/example_trigger_controller_dag.py for tasks to queue
[2025-06-02T23:07:10.523+0000] {logging_mixin.py:154} INFO - [2025-06-02T23:07:10.523+0000] {dagbag.py:536} INFO - Filling up the DagBag from /home/airflow/.local/lib/python3.10/site-packages/airflow/example_dags/example_trigger_controller_dag.py
[2025-06-02T23:07:10.533+0000] {processor.py:839} INFO - DAG(s) dict_keys(['example_trigger_controller_dag']) retrieved from /home/airflow/.local/lib/python3.10/site-packages/airflow/example_dags/example_trigger_controller_dag.py
[2025-06-02T23:07:10.596+0000] {logging_mixin.py:154} INFO - [2025-06-02T23:07:10.594+0000] {dag.py:2941} INFO - Sync 1 DAGs
[2025-06-02T23:07:10.645+0000] {logging_mixin.py:154} INFO - [2025-06-02T23:07:10.645+0000] {dag.py:3722} INFO - Setting next_dagrun for example_trigger_controller_dag to 2021-01-01T00:00:00+00:00, run_after=2021-01-01T00:00:00+00:00
[2025-06-02T23:07:10.671+0000] {processor.py:179} INFO - Processing /home/airflow/.local/lib/python3.10/site-packages/airflow/example_dags/example_trigger_controller_dag.py took 0.166 seconds
