[2025-06-02T22:00:06.396+0000] {processor.py:157} INFO - Started process (PID=69) to work on /home/airflow/.local/lib/python3.10/site-packages/airflow/example_dags/example_task_group.py
[2025-06-02T22:00:06.397+0000] {processor.py:829} INFO - Processing file /home/airflow/.local/lib/python3.10/site-packages/airflow/example_dags/example_task_group.py for tasks to queue
[2025-06-02T22:00:06.403+0000] {logging_mixin.py:154} INFO - [2025-06-02T22:00:06.402+0000] {dagbag.py:536} INFO - Filling up the DagBag from /home/airflow/.local/lib/python3.10/site-packages/airflow/example_dags/example_task_group.py
[2025-06-02T22:00:06.413+0000] {processor.py:839} INFO - DAG(s) dict_keys(['example_task_group']) retrieved from /home/airflow/.local/lib/python3.10/site-packages/airflow/example_dags/example_task_group.py
[2025-06-02T22:00:06.644+0000] {logging_mixin.py:154} INFO - [2025-06-02T22:00:06.644+0000] {manager.py:499} INFO - Created Permission View: %s
[2025-06-02T22:00:06.669+0000] {logging_mixin.py:154} INFO - [2025-06-02T22:00:06.669+0000] {manager.py:499} INFO - Created Permission View: %s
[2025-06-02T22:00:06.724+0000] {logging_mixin.py:154} INFO - [2025-06-02T22:00:06.723+0000] {manager.py:499} INFO - Created Permission View: %s
[2025-06-02T22:00:06.737+0000] {logging_mixin.py:154} INFO - [2025-06-02T22:00:06.737+0000] {dag.py:2941} INFO - Sync 1 DAGs
[2025-06-02T22:00:06.751+0000] {logging_mixin.py:154} INFO - [2025-06-02T22:00:06.750+0000] {dag.py:2963} INFO - Creating ORM DAG for example_task_group
[2025-06-02T22:00:06.764+0000] {logging_mixin.py:154} INFO - [2025-06-02T22:00:06.764+0000] {dag.py:3722} INFO - Setting next_dagrun for example_task_group to 2025-06-01T22:00:06.764172+00:00, run_after=2025-06-02T22:00:06.764172+00:00
[2025-06-02T22:00:06.796+0000] {processor.py:179} INFO - Processing /home/airflow/.local/lib/python3.10/site-packages/airflow/example_dags/example_task_group.py took 0.405 seconds
[2025-06-02T22:00:37.283+0000] {processor.py:157} INFO - Started process (PID=123) to work on /home/airflow/.local/lib/python3.10/site-packages/airflow/example_dags/example_task_group.py
[2025-06-02T22:00:37.284+0000] {processor.py:829} INFO - Processing file /home/airflow/.local/lib/python3.10/site-packages/airflow/example_dags/example_task_group.py for tasks to queue
[2025-06-02T22:00:37.287+0000] {logging_mixin.py:154} INFO - [2025-06-02T22:00:37.286+0000] {dagbag.py:536} INFO - Filling up the DagBag from /home/airflow/.local/lib/python3.10/site-packages/airflow/example_dags/example_task_group.py
[2025-06-02T22:00:37.296+0000] {processor.py:839} INFO - DAG(s) dict_keys(['example_task_group']) retrieved from /home/airflow/.local/lib/python3.10/site-packages/airflow/example_dags/example_task_group.py
[2025-06-02T22:00:37.325+0000] {logging_mixin.py:154} INFO - [2025-06-02T22:00:37.325+0000] {dag.py:2941} INFO - Sync 1 DAGs
[2025-06-02T22:00:37.356+0000] {logging_mixin.py:154} INFO - [2025-06-02T22:00:37.356+0000] {dag.py:3722} INFO - Setting next_dagrun for example_task_group to 2025-06-01T22:00:37.355715+00:00, run_after=2025-06-02T22:00:37.355715+00:00
[2025-06-02T22:00:37.381+0000] {processor.py:179} INFO - Processing /home/airflow/.local/lib/python3.10/site-packages/airflow/example_dags/example_task_group.py took 0.103 seconds
[2025-06-02T22:01:07.615+0000] {processor.py:157} INFO - Started process (PID=177) to work on /home/airflow/.local/lib/python3.10/site-packages/airflow/example_dags/example_task_group.py
[2025-06-02T22:01:07.617+0000] {processor.py:829} INFO - Processing file /home/airflow/.local/lib/python3.10/site-packages/airflow/example_dags/example_task_group.py for tasks to queue
[2025-06-02T22:01:07.619+0000] {logging_mixin.py:154} INFO - [2025-06-02T22:01:07.619+0000] {dagbag.py:536} INFO - Filling up the DagBag from /home/airflow/.local/lib/python3.10/site-packages/airflow/example_dags/example_task_group.py
[2025-06-02T22:01:07.627+0000] {processor.py:839} INFO - DAG(s) dict_keys(['example_task_group']) retrieved from /home/airflow/.local/lib/python3.10/site-packages/airflow/example_dags/example_task_group.py
[2025-06-02T22:01:07.649+0000] {logging_mixin.py:154} INFO - [2025-06-02T22:01:07.648+0000] {dag.py:2941} INFO - Sync 1 DAGs
[2025-06-02T22:01:07.671+0000] {logging_mixin.py:154} INFO - [2025-06-02T22:01:07.671+0000] {dag.py:3722} INFO - Setting next_dagrun for example_task_group to 2025-06-01T22:01:07.671135+00:00, run_after=2025-06-02T22:01:07.671135+00:00
[2025-06-02T22:01:07.692+0000] {processor.py:179} INFO - Processing /home/airflow/.local/lib/python3.10/site-packages/airflow/example_dags/example_task_group.py took 0.081 seconds
[2025-06-02T22:01:38.291+0000] {processor.py:157} INFO - Started process (PID=239) to work on /home/airflow/.local/lib/python3.10/site-packages/airflow/example_dags/example_task_group.py
[2025-06-02T22:01:38.292+0000] {processor.py:829} INFO - Processing file /home/airflow/.local/lib/python3.10/site-packages/airflow/example_dags/example_task_group.py for tasks to queue
[2025-06-02T22:01:38.295+0000] {logging_mixin.py:154} INFO - [2025-06-02T22:01:38.294+0000] {dagbag.py:536} INFO - Filling up the DagBag from /home/airflow/.local/lib/python3.10/site-packages/airflow/example_dags/example_task_group.py
[2025-06-02T22:01:38.302+0000] {processor.py:839} INFO - DAG(s) dict_keys(['example_task_group']) retrieved from /home/airflow/.local/lib/python3.10/site-packages/airflow/example_dags/example_task_group.py
[2025-06-02T22:01:38.325+0000] {logging_mixin.py:154} INFO - [2025-06-02T22:01:38.325+0000] {dag.py:2941} INFO - Sync 1 DAGs
[2025-06-02T22:01:38.347+0000] {logging_mixin.py:154} INFO - [2025-06-02T22:01:38.347+0000] {dag.py:3722} INFO - Setting next_dagrun for example_task_group to 2025-06-01T22:01:38.347486+00:00, run_after=2025-06-02T22:01:38.347486+00:00
[2025-06-02T22:01:38.368+0000] {processor.py:179} INFO - Processing /home/airflow/.local/lib/python3.10/site-packages/airflow/example_dags/example_task_group.py took 0.081 seconds
[2025-06-02T22:02:08.912+0000] {processor.py:157} INFO - Started process (PID=292) to work on /home/airflow/.local/lib/python3.10/site-packages/airflow/example_dags/example_task_group.py
[2025-06-02T22:02:08.913+0000] {processor.py:829} INFO - Processing file /home/airflow/.local/lib/python3.10/site-packages/airflow/example_dags/example_task_group.py for tasks to queue
[2025-06-02T22:02:08.916+0000] {logging_mixin.py:154} INFO - [2025-06-02T22:02:08.916+0000] {dagbag.py:536} INFO - Filling up the DagBag from /home/airflow/.local/lib/python3.10/site-packages/airflow/example_dags/example_task_group.py
[2025-06-02T22:02:08.926+0000] {processor.py:839} INFO - DAG(s) dict_keys(['example_task_group']) retrieved from /home/airflow/.local/lib/python3.10/site-packages/airflow/example_dags/example_task_group.py
[2025-06-02T22:02:08.961+0000] {logging_mixin.py:154} INFO - [2025-06-02T22:02:08.961+0000] {dag.py:2941} INFO - Sync 1 DAGs
[2025-06-02T22:02:08.993+0000] {logging_mixin.py:154} INFO - [2025-06-02T22:02:08.992+0000] {dag.py:3722} INFO - Setting next_dagrun for example_task_group to 2025-06-01T22:02:08.992530+00:00, run_after=2025-06-02T22:02:08.992530+00:00
[2025-06-02T22:02:09.014+0000] {processor.py:179} INFO - Processing /home/airflow/.local/lib/python3.10/site-packages/airflow/example_dags/example_task_group.py took 0.107 seconds
[2025-06-02T22:02:39.822+0000] {processor.py:157} INFO - Started process (PID=346) to work on /home/airflow/.local/lib/python3.10/site-packages/airflow/example_dags/example_task_group.py
[2025-06-02T22:02:39.824+0000] {processor.py:829} INFO - Processing file /home/airflow/.local/lib/python3.10/site-packages/airflow/example_dags/example_task_group.py for tasks to queue
[2025-06-02T22:02:39.827+0000] {logging_mixin.py:154} INFO - [2025-06-02T22:02:39.827+0000] {dagbag.py:536} INFO - Filling up the DagBag from /home/airflow/.local/lib/python3.10/site-packages/airflow/example_dags/example_task_group.py
[2025-06-02T22:02:39.836+0000] {processor.py:839} INFO - DAG(s) dict_keys(['example_task_group']) retrieved from /home/airflow/.local/lib/python3.10/site-packages/airflow/example_dags/example_task_group.py
[2025-06-02T22:02:39.864+0000] {logging_mixin.py:154} INFO - [2025-06-02T22:02:39.864+0000] {dag.py:2941} INFO - Sync 1 DAGs
[2025-06-02T22:02:39.894+0000] {logging_mixin.py:154} INFO - [2025-06-02T22:02:39.894+0000] {dag.py:3722} INFO - Setting next_dagrun for example_task_group to 2025-06-01T22:02:39.894111+00:00, run_after=2025-06-02T22:02:39.894111+00:00
[2025-06-02T22:02:39.917+0000] {processor.py:179} INFO - Processing /home/airflow/.local/lib/python3.10/site-packages/airflow/example_dags/example_task_group.py took 0.099 seconds
[2025-06-02T22:03:10.430+0000] {processor.py:157} INFO - Started process (PID=401) to work on /home/airflow/.local/lib/python3.10/site-packages/airflow/example_dags/example_task_group.py
[2025-06-02T22:03:10.431+0000] {processor.py:829} INFO - Processing file /home/airflow/.local/lib/python3.10/site-packages/airflow/example_dags/example_task_group.py for tasks to queue
[2025-06-02T22:03:10.434+0000] {logging_mixin.py:154} INFO - [2025-06-02T22:03:10.433+0000] {dagbag.py:536} INFO - Filling up the DagBag from /home/airflow/.local/lib/python3.10/site-packages/airflow/example_dags/example_task_group.py
[2025-06-02T22:03:10.444+0000] {processor.py:839} INFO - DAG(s) dict_keys(['example_task_group']) retrieved from /home/airflow/.local/lib/python3.10/site-packages/airflow/example_dags/example_task_group.py
[2025-06-02T22:03:10.473+0000] {logging_mixin.py:154} INFO - [2025-06-02T22:03:10.473+0000] {dag.py:2941} INFO - Sync 1 DAGs
[2025-06-02T22:03:10.502+0000] {logging_mixin.py:154} INFO - [2025-06-02T22:03:10.502+0000] {dag.py:3722} INFO - Setting next_dagrun for example_task_group to 2025-06-01T22:03:10.502350+00:00, run_after=2025-06-02T22:03:10.502350+00:00
[2025-06-02T22:03:10.527+0000] {processor.py:179} INFO - Processing /home/airflow/.local/lib/python3.10/site-packages/airflow/example_dags/example_task_group.py took 0.101 seconds
[2025-06-02T22:03:41.259+0000] {processor.py:157} INFO - Started process (PID=455) to work on /home/airflow/.local/lib/python3.10/site-packages/airflow/example_dags/example_task_group.py
[2025-06-02T22:03:41.260+0000] {processor.py:829} INFO - Processing file /home/airflow/.local/lib/python3.10/site-packages/airflow/example_dags/example_task_group.py for tasks to queue
[2025-06-02T22:03:41.263+0000] {logging_mixin.py:154} INFO - [2025-06-02T22:03:41.263+0000] {dagbag.py:536} INFO - Filling up the DagBag from /home/airflow/.local/lib/python3.10/site-packages/airflow/example_dags/example_task_group.py
[2025-06-02T22:03:41.273+0000] {processor.py:839} INFO - DAG(s) dict_keys(['example_task_group']) retrieved from /home/airflow/.local/lib/python3.10/site-packages/airflow/example_dags/example_task_group.py
[2025-06-02T22:03:41.302+0000] {logging_mixin.py:154} INFO - [2025-06-02T22:03:41.302+0000] {dag.py:2941} INFO - Sync 1 DAGs
[2025-06-02T22:03:41.331+0000] {logging_mixin.py:154} INFO - [2025-06-02T22:03:41.331+0000] {dag.py:3722} INFO - Setting next_dagrun for example_task_group to 2025-06-01T22:03:41.331362+00:00, run_after=2025-06-02T22:03:41.331362+00:00
[2025-06-02T22:03:41.353+0000] {processor.py:179} INFO - Processing /home/airflow/.local/lib/python3.10/site-packages/airflow/example_dags/example_task_group.py took 0.099 seconds
[2025-06-02T22:04:12.032+0000] {processor.py:157} INFO - Started process (PID=509) to work on /home/airflow/.local/lib/python3.10/site-packages/airflow/example_dags/example_task_group.py
[2025-06-02T22:04:12.033+0000] {processor.py:829} INFO - Processing file /home/airflow/.local/lib/python3.10/site-packages/airflow/example_dags/example_task_group.py for tasks to queue
[2025-06-02T22:04:12.036+0000] {logging_mixin.py:154} INFO - [2025-06-02T22:04:12.036+0000] {dagbag.py:536} INFO - Filling up the DagBag from /home/airflow/.local/lib/python3.10/site-packages/airflow/example_dags/example_task_group.py
[2025-06-02T22:04:12.046+0000] {processor.py:839} INFO - DAG(s) dict_keys(['example_task_group']) retrieved from /home/airflow/.local/lib/python3.10/site-packages/airflow/example_dags/example_task_group.py
[2025-06-02T22:04:12.082+0000] {logging_mixin.py:154} INFO - [2025-06-02T22:04:12.082+0000] {dag.py:2941} INFO - Sync 1 DAGs
[2025-06-02T22:04:12.113+0000] {logging_mixin.py:154} INFO - [2025-06-02T22:04:12.113+0000] {dag.py:3722} INFO - Setting next_dagrun for example_task_group to 2025-06-01T22:04:12.113143+00:00, run_after=2025-06-02T22:04:12.113143+00:00
[2025-06-02T22:04:12.167+0000] {processor.py:179} INFO - Processing /home/airflow/.local/lib/python3.10/site-packages/airflow/example_dags/example_task_group.py took 0.140 seconds
[2025-06-02T22:04:43.197+0000] {processor.py:157} INFO - Started process (PID=563) to work on /home/airflow/.local/lib/python3.10/site-packages/airflow/example_dags/example_task_group.py
[2025-06-02T22:04:43.206+0000] {processor.py:829} INFO - Processing file /home/airflow/.local/lib/python3.10/site-packages/airflow/example_dags/example_task_group.py for tasks to queue
[2025-06-02T22:04:43.209+0000] {logging_mixin.py:154} INFO - [2025-06-02T22:04:43.208+0000] {dagbag.py:536} INFO - Filling up the DagBag from /home/airflow/.local/lib/python3.10/site-packages/airflow/example_dags/example_task_group.py
[2025-06-02T22:04:43.227+0000] {processor.py:839} INFO - DAG(s) dict_keys(['example_task_group']) retrieved from /home/airflow/.local/lib/python3.10/site-packages/airflow/example_dags/example_task_group.py
[2025-06-02T22:04:43.289+0000] {logging_mixin.py:154} INFO - [2025-06-02T22:04:43.289+0000] {dag.py:2941} INFO - Sync 1 DAGs
[2025-06-02T22:04:43.351+0000] {logging_mixin.py:154} INFO - [2025-06-02T22:04:43.350+0000] {dag.py:3722} INFO - Setting next_dagrun for example_task_group to 2025-06-01T22:04:43.350448+00:00, run_after=2025-06-02T22:04:43.350448+00:00
[2025-06-02T22:04:43.398+0000] {processor.py:179} INFO - Processing /home/airflow/.local/lib/python3.10/site-packages/airflow/example_dags/example_task_group.py took 0.214 seconds
[2025-06-02T22:05:14.135+0000] {processor.py:157} INFO - Started process (PID=618) to work on /home/airflow/.local/lib/python3.10/site-packages/airflow/example_dags/example_task_group.py
[2025-06-02T22:05:14.136+0000] {processor.py:829} INFO - Processing file /home/airflow/.local/lib/python3.10/site-packages/airflow/example_dags/example_task_group.py for tasks to queue
[2025-06-02T22:05:14.140+0000] {logging_mixin.py:154} INFO - [2025-06-02T22:05:14.139+0000] {dagbag.py:536} INFO - Filling up the DagBag from /home/airflow/.local/lib/python3.10/site-packages/airflow/example_dags/example_task_group.py
[2025-06-02T22:05:14.150+0000] {processor.py:839} INFO - DAG(s) dict_keys(['example_task_group']) retrieved from /home/airflow/.local/lib/python3.10/site-packages/airflow/example_dags/example_task_group.py
[2025-06-02T22:05:14.179+0000] {logging_mixin.py:154} INFO - [2025-06-02T22:05:14.179+0000] {dag.py:2941} INFO - Sync 1 DAGs
[2025-06-02T22:05:14.210+0000] {logging_mixin.py:154} INFO - [2025-06-02T22:05:14.209+0000] {dag.py:3722} INFO - Setting next_dagrun for example_task_group to 2025-06-01T22:05:14.209618+00:00, run_after=2025-06-02T22:05:14.209618+00:00
[2025-06-02T22:05:14.231+0000] {processor.py:179} INFO - Processing /home/airflow/.local/lib/python3.10/site-packages/airflow/example_dags/example_task_group.py took 0.100 seconds
[2025-06-02T22:05:44.458+0000] {processor.py:157} INFO - Started process (PID=672) to work on /home/airflow/.local/lib/python3.10/site-packages/airflow/example_dags/example_task_group.py
[2025-06-02T22:05:44.459+0000] {processor.py:829} INFO - Processing file /home/airflow/.local/lib/python3.10/site-packages/airflow/example_dags/example_task_group.py for tasks to queue
[2025-06-02T22:05:44.462+0000] {logging_mixin.py:154} INFO - [2025-06-02T22:05:44.462+0000] {dagbag.py:536} INFO - Filling up the DagBag from /home/airflow/.local/lib/python3.10/site-packages/airflow/example_dags/example_task_group.py
[2025-06-02T22:05:44.472+0000] {processor.py:839} INFO - DAG(s) dict_keys(['example_task_group']) retrieved from /home/airflow/.local/lib/python3.10/site-packages/airflow/example_dags/example_task_group.py
[2025-06-02T22:05:44.501+0000] {logging_mixin.py:154} INFO - [2025-06-02T22:05:44.500+0000] {dag.py:2941} INFO - Sync 1 DAGs
[2025-06-02T22:05:44.538+0000] {logging_mixin.py:154} INFO - [2025-06-02T22:05:44.537+0000] {dag.py:3722} INFO - Setting next_dagrun for example_task_group to 2025-06-01T22:05:44.537377+00:00, run_after=2025-06-02T22:05:44.537377+00:00
[2025-06-02T22:05:44.564+0000] {processor.py:179} INFO - Processing /home/airflow/.local/lib/python3.10/site-packages/airflow/example_dags/example_task_group.py took 0.110 seconds
[2025-06-02T22:06:14.715+0000] {processor.py:157} INFO - Started process (PID=725) to work on /home/airflow/.local/lib/python3.10/site-packages/airflow/example_dags/example_task_group.py
[2025-06-02T22:06:14.716+0000] {processor.py:829} INFO - Processing file /home/airflow/.local/lib/python3.10/site-packages/airflow/example_dags/example_task_group.py for tasks to queue
[2025-06-02T22:06:14.719+0000] {logging_mixin.py:154} INFO - [2025-06-02T22:06:14.719+0000] {dagbag.py:536} INFO - Filling up the DagBag from /home/airflow/.local/lib/python3.10/site-packages/airflow/example_dags/example_task_group.py
[2025-06-02T22:06:14.729+0000] {processor.py:839} INFO - DAG(s) dict_keys(['example_task_group']) retrieved from /home/airflow/.local/lib/python3.10/site-packages/airflow/example_dags/example_task_group.py
[2025-06-02T22:06:14.758+0000] {logging_mixin.py:154} INFO - [2025-06-02T22:06:14.757+0000] {dag.py:2941} INFO - Sync 1 DAGs
[2025-06-02T22:06:14.788+0000] {logging_mixin.py:154} INFO - [2025-06-02T22:06:14.787+0000] {dag.py:3722} INFO - Setting next_dagrun for example_task_group to 2025-06-01T22:06:14.787625+00:00, run_after=2025-06-02T22:06:14.787625+00:00
[2025-06-02T22:06:14.814+0000] {processor.py:179} INFO - Processing /home/airflow/.local/lib/python3.10/site-packages/airflow/example_dags/example_task_group.py took 0.103 seconds
[2025-06-02T22:06:45.296+0000] {processor.py:157} INFO - Started process (PID=780) to work on /home/airflow/.local/lib/python3.10/site-packages/airflow/example_dags/example_task_group.py
[2025-06-02T22:06:45.297+0000] {processor.py:829} INFO - Processing file /home/airflow/.local/lib/python3.10/site-packages/airflow/example_dags/example_task_group.py for tasks to queue
[2025-06-02T22:06:45.299+0000] {logging_mixin.py:154} INFO - [2025-06-02T22:06:45.299+0000] {dagbag.py:536} INFO - Filling up the DagBag from /home/airflow/.local/lib/python3.10/site-packages/airflow/example_dags/example_task_group.py
[2025-06-02T22:06:45.307+0000] {processor.py:839} INFO - DAG(s) dict_keys(['example_task_group']) retrieved from /home/airflow/.local/lib/python3.10/site-packages/airflow/example_dags/example_task_group.py
[2025-06-02T22:06:45.330+0000] {logging_mixin.py:154} INFO - [2025-06-02T22:06:45.329+0000] {dag.py:2941} INFO - Sync 1 DAGs
[2025-06-02T22:06:45.354+0000] {logging_mixin.py:154} INFO - [2025-06-02T22:06:45.354+0000] {dag.py:3722} INFO - Setting next_dagrun for example_task_group to 2025-06-01T22:06:45.354097+00:00, run_after=2025-06-02T22:06:45.354097+00:00
[2025-06-02T22:06:45.376+0000] {processor.py:179} INFO - Processing /home/airflow/.local/lib/python3.10/site-packages/airflow/example_dags/example_task_group.py took 0.084 seconds
[2025-06-02T22:07:15.471+0000] {processor.py:157} INFO - Started process (PID=834) to work on /home/airflow/.local/lib/python3.10/site-packages/airflow/example_dags/example_task_group.py
[2025-06-02T22:07:15.472+0000] {processor.py:829} INFO - Processing file /home/airflow/.local/lib/python3.10/site-packages/airflow/example_dags/example_task_group.py for tasks to queue
[2025-06-02T22:07:15.475+0000] {logging_mixin.py:154} INFO - [2025-06-02T22:07:15.475+0000] {dagbag.py:536} INFO - Filling up the DagBag from /home/airflow/.local/lib/python3.10/site-packages/airflow/example_dags/example_task_group.py
[2025-06-02T22:07:15.486+0000] {processor.py:839} INFO - DAG(s) dict_keys(['example_task_group']) retrieved from /home/airflow/.local/lib/python3.10/site-packages/airflow/example_dags/example_task_group.py
[2025-06-02T22:07:15.508+0000] {logging_mixin.py:154} INFO - [2025-06-02T22:07:15.507+0000] {dag.py:2941} INFO - Sync 1 DAGs
[2025-06-02T22:07:15.530+0000] {logging_mixin.py:154} INFO - [2025-06-02T22:07:15.530+0000] {dag.py:3722} INFO - Setting next_dagrun for example_task_group to 2025-06-01T22:07:15.529957+00:00, run_after=2025-06-02T22:07:15.529957+00:00
[2025-06-02T22:07:15.552+0000] {processor.py:179} INFO - Processing /home/airflow/.local/lib/python3.10/site-packages/airflow/example_dags/example_task_group.py took 0.085 seconds
[2025-06-02T22:07:46.259+0000] {processor.py:157} INFO - Started process (PID=888) to work on /home/airflow/.local/lib/python3.10/site-packages/airflow/example_dags/example_task_group.py
[2025-06-02T22:07:46.260+0000] {processor.py:829} INFO - Processing file /home/airflow/.local/lib/python3.10/site-packages/airflow/example_dags/example_task_group.py for tasks to queue
[2025-06-02T22:07:46.263+0000] {logging_mixin.py:154} INFO - [2025-06-02T22:07:46.262+0000] {dagbag.py:536} INFO - Filling up the DagBag from /home/airflow/.local/lib/python3.10/site-packages/airflow/example_dags/example_task_group.py
[2025-06-02T22:07:46.271+0000] {processor.py:839} INFO - DAG(s) dict_keys(['example_task_group']) retrieved from /home/airflow/.local/lib/python3.10/site-packages/airflow/example_dags/example_task_group.py
[2025-06-02T22:07:46.293+0000] {logging_mixin.py:154} INFO - [2025-06-02T22:07:46.293+0000] {dag.py:2941} INFO - Sync 1 DAGs
[2025-06-02T22:07:46.316+0000] {logging_mixin.py:154} INFO - [2025-06-02T22:07:46.315+0000] {dag.py:3722} INFO - Setting next_dagrun for example_task_group to 2025-06-01T22:07:46.315632+00:00, run_after=2025-06-02T22:07:46.315632+00:00
[2025-06-02T22:07:46.343+0000] {processor.py:179} INFO - Processing /home/airflow/.local/lib/python3.10/site-packages/airflow/example_dags/example_task_group.py took 0.087 seconds
[2025-06-02T22:08:16.758+0000] {processor.py:157} INFO - Started process (PID=942) to work on /home/airflow/.local/lib/python3.10/site-packages/airflow/example_dags/example_task_group.py
[2025-06-02T22:08:16.759+0000] {processor.py:829} INFO - Processing file /home/airflow/.local/lib/python3.10/site-packages/airflow/example_dags/example_task_group.py for tasks to queue
[2025-06-02T22:08:16.762+0000] {logging_mixin.py:154} INFO - [2025-06-02T22:08:16.762+0000] {dagbag.py:536} INFO - Filling up the DagBag from /home/airflow/.local/lib/python3.10/site-packages/airflow/example_dags/example_task_group.py
[2025-06-02T22:08:16.772+0000] {processor.py:839} INFO - DAG(s) dict_keys(['example_task_group']) retrieved from /home/airflow/.local/lib/python3.10/site-packages/airflow/example_dags/example_task_group.py
[2025-06-02T22:08:16.800+0000] {logging_mixin.py:154} INFO - [2025-06-02T22:08:16.800+0000] {dag.py:2941} INFO - Sync 1 DAGs
[2025-06-02T22:08:16.831+0000] {logging_mixin.py:154} INFO - [2025-06-02T22:08:16.830+0000] {dag.py:3722} INFO - Setting next_dagrun for example_task_group to 2025-06-01T22:08:16.830523+00:00, run_after=2025-06-02T22:08:16.830523+00:00
[2025-06-02T22:08:16.856+0000] {processor.py:179} INFO - Processing /home/airflow/.local/lib/python3.10/site-packages/airflow/example_dags/example_task_group.py took 0.102 seconds
[2025-06-02T22:08:47.587+0000] {processor.py:157} INFO - Started process (PID=996) to work on /home/airflow/.local/lib/python3.10/site-packages/airflow/example_dags/example_task_group.py
[2025-06-02T22:08:47.589+0000] {processor.py:829} INFO - Processing file /home/airflow/.local/lib/python3.10/site-packages/airflow/example_dags/example_task_group.py for tasks to queue
[2025-06-02T22:08:47.592+0000] {logging_mixin.py:154} INFO - [2025-06-02T22:08:47.591+0000] {dagbag.py:536} INFO - Filling up the DagBag from /home/airflow/.local/lib/python3.10/site-packages/airflow/example_dags/example_task_group.py
[2025-06-02T22:08:47.599+0000] {processor.py:839} INFO - DAG(s) dict_keys(['example_task_group']) retrieved from /home/airflow/.local/lib/python3.10/site-packages/airflow/example_dags/example_task_group.py
[2025-06-02T22:08:47.622+0000] {logging_mixin.py:154} INFO - [2025-06-02T22:08:47.622+0000] {dag.py:2941} INFO - Sync 1 DAGs
[2025-06-02T22:08:47.792+0000] {logging_mixin.py:154} INFO - [2025-06-02T22:08:47.792+0000] {dag.py:3722} INFO - Setting next_dagrun for example_task_group to 2025-06-01T22:08:47.792418+00:00, run_after=2025-06-02T22:08:47.792418+00:00
[2025-06-02T22:08:47.809+0000] {processor.py:179} INFO - Processing /home/airflow/.local/lib/python3.10/site-packages/airflow/example_dags/example_task_group.py took 0.225 seconds
[2025-06-02T22:09:18.408+0000] {processor.py:157} INFO - Started process (PID=1050) to work on /home/airflow/.local/lib/python3.10/site-packages/airflow/example_dags/example_task_group.py
[2025-06-02T22:09:18.409+0000] {processor.py:829} INFO - Processing file /home/airflow/.local/lib/python3.10/site-packages/airflow/example_dags/example_task_group.py for tasks to queue
[2025-06-02T22:09:18.412+0000] {logging_mixin.py:154} INFO - [2025-06-02T22:09:18.412+0000] {dagbag.py:536} INFO - Filling up the DagBag from /home/airflow/.local/lib/python3.10/site-packages/airflow/example_dags/example_task_group.py
[2025-06-02T22:09:18.421+0000] {processor.py:839} INFO - DAG(s) dict_keys(['example_task_group']) retrieved from /home/airflow/.local/lib/python3.10/site-packages/airflow/example_dags/example_task_group.py
[2025-06-02T22:09:18.448+0000] {logging_mixin.py:154} INFO - [2025-06-02T22:09:18.448+0000] {dag.py:2941} INFO - Sync 1 DAGs
[2025-06-02T22:09:18.479+0000] {logging_mixin.py:154} INFO - [2025-06-02T22:09:18.479+0000] {dag.py:3722} INFO - Setting next_dagrun for example_task_group to 2025-06-01T22:09:18.479334+00:00, run_after=2025-06-02T22:09:18.479334+00:00
[2025-06-02T22:09:18.707+0000] {processor.py:179} INFO - Processing /home/airflow/.local/lib/python3.10/site-packages/airflow/example_dags/example_task_group.py took 0.304 seconds
[2025-06-02T22:09:49.290+0000] {processor.py:157} INFO - Started process (PID=1103) to work on /home/airflow/.local/lib/python3.10/site-packages/airflow/example_dags/example_task_group.py
[2025-06-02T22:09:49.292+0000] {processor.py:829} INFO - Processing file /home/airflow/.local/lib/python3.10/site-packages/airflow/example_dags/example_task_group.py for tasks to queue
[2025-06-02T22:09:49.295+0000] {logging_mixin.py:154} INFO - [2025-06-02T22:09:49.294+0000] {dagbag.py:536} INFO - Filling up the DagBag from /home/airflow/.local/lib/python3.10/site-packages/airflow/example_dags/example_task_group.py
[2025-06-02T22:09:49.304+0000] {processor.py:839} INFO - DAG(s) dict_keys(['example_task_group']) retrieved from /home/airflow/.local/lib/python3.10/site-packages/airflow/example_dags/example_task_group.py
[2025-06-02T22:09:49.335+0000] {logging_mixin.py:154} INFO - [2025-06-02T22:09:49.335+0000] {dag.py:2941} INFO - Sync 1 DAGs
[2025-06-02T22:09:49.366+0000] {logging_mixin.py:154} INFO - [2025-06-02T22:09:49.366+0000] {dag.py:3722} INFO - Setting next_dagrun for example_task_group to 2025-06-01T22:09:49.366328+00:00, run_after=2025-06-02T22:09:49.366328+00:00
[2025-06-02T22:09:49.388+0000] {processor.py:179} INFO - Processing /home/airflow/.local/lib/python3.10/site-packages/airflow/example_dags/example_task_group.py took 0.103 seconds
[2025-06-02T22:10:21.379+0000] {processor.py:157} INFO - Started process (PID=1157) to work on /home/airflow/.local/lib/python3.10/site-packages/airflow/example_dags/example_task_group.py
[2025-06-02T22:10:21.386+0000] {processor.py:829} INFO - Processing file /home/airflow/.local/lib/python3.10/site-packages/airflow/example_dags/example_task_group.py for tasks to queue
[2025-06-02T22:10:21.389+0000] {logging_mixin.py:154} INFO - [2025-06-02T22:10:21.389+0000] {dagbag.py:536} INFO - Filling up the DagBag from /home/airflow/.local/lib/python3.10/site-packages/airflow/example_dags/example_task_group.py
[2025-06-02T22:10:21.412+0000] {processor.py:839} INFO - DAG(s) dict_keys(['example_task_group']) retrieved from /home/airflow/.local/lib/python3.10/site-packages/airflow/example_dags/example_task_group.py
[2025-06-02T22:10:22.009+0000] {logging_mixin.py:154} INFO - [2025-06-02T22:10:22.003+0000] {dag.py:2941} INFO - Sync 1 DAGs
[2025-06-02T22:10:22.095+0000] {logging_mixin.py:154} INFO - [2025-06-02T22:10:22.094+0000] {dag.py:3722} INFO - Setting next_dagrun for example_task_group to 2025-06-01T22:10:22.094458+00:00, run_after=2025-06-02T22:10:22.094458+00:00
[2025-06-02T22:10:22.174+0000] {processor.py:179} INFO - Processing /home/airflow/.local/lib/python3.10/site-packages/airflow/example_dags/example_task_group.py took 0.812 seconds
[2025-06-02T22:10:52.511+0000] {processor.py:157} INFO - Started process (PID=1211) to work on /home/airflow/.local/lib/python3.10/site-packages/airflow/example_dags/example_task_group.py
[2025-06-02T22:10:52.516+0000] {processor.py:829} INFO - Processing file /home/airflow/.local/lib/python3.10/site-packages/airflow/example_dags/example_task_group.py for tasks to queue
[2025-06-02T22:10:52.523+0000] {logging_mixin.py:154} INFO - [2025-06-02T22:10:52.523+0000] {dagbag.py:536} INFO - Filling up the DagBag from /home/airflow/.local/lib/python3.10/site-packages/airflow/example_dags/example_task_group.py
[2025-06-02T22:10:52.545+0000] {processor.py:839} INFO - DAG(s) dict_keys(['example_task_group']) retrieved from /home/airflow/.local/lib/python3.10/site-packages/airflow/example_dags/example_task_group.py
[2025-06-02T22:10:52.599+0000] {logging_mixin.py:154} INFO - [2025-06-02T22:10:52.599+0000] {dag.py:2941} INFO - Sync 1 DAGs
[2025-06-02T22:10:52.849+0000] {logging_mixin.py:154} INFO - [2025-06-02T22:10:52.849+0000] {dag.py:3722} INFO - Setting next_dagrun for example_task_group to 2025-06-01T22:10:52.849105+00:00, run_after=2025-06-02T22:10:52.849105+00:00
[2025-06-02T22:10:52.866+0000] {processor.py:179} INFO - Processing /home/airflow/.local/lib/python3.10/site-packages/airflow/example_dags/example_task_group.py took 0.360 seconds
[2025-06-02T23:03:34.657+0000] {processor.py:157} INFO - Started process (PID=78) to work on /home/airflow/.local/lib/python3.10/site-packages/airflow/example_dags/example_task_group.py
[2025-06-02T23:03:34.675+0000] {processor.py:829} INFO - Processing file /home/airflow/.local/lib/python3.10/site-packages/airflow/example_dags/example_task_group.py for tasks to queue
[2025-06-02T23:03:34.683+0000] {logging_mixin.py:154} INFO - [2025-06-02T23:03:34.683+0000] {dagbag.py:536} INFO - Filling up the DagBag from /home/airflow/.local/lib/python3.10/site-packages/airflow/example_dags/example_task_group.py
[2025-06-02T23:03:36.503+0000] {logging_mixin.py:154} INFO - [2025-06-02T23:03:36.503+0000] {process_utils.py:259} INFO - Waiting up to 5 seconds for processes to exit...
[2025-06-02T23:03:59.892+0000] {processor.py:157} INFO - Started process (PID=63) to work on /home/airflow/.local/lib/python3.10/site-packages/airflow/example_dags/example_task_group.py
[2025-06-02T23:03:59.893+0000] {processor.py:829} INFO - Processing file /home/airflow/.local/lib/python3.10/site-packages/airflow/example_dags/example_task_group.py for tasks to queue
[2025-06-02T23:03:59.896+0000] {logging_mixin.py:154} INFO - [2025-06-02T23:03:59.896+0000] {dagbag.py:536} INFO - Filling up the DagBag from /home/airflow/.local/lib/python3.10/site-packages/airflow/example_dags/example_task_group.py
[2025-06-02T23:03:59.906+0000] {processor.py:839} INFO - DAG(s) dict_keys(['example_task_group']) retrieved from /home/airflow/.local/lib/python3.10/site-packages/airflow/example_dags/example_task_group.py
[2025-06-02T23:03:59.938+0000] {logging_mixin.py:154} INFO - [2025-06-02T23:03:59.937+0000] {dag.py:2941} INFO - Sync 1 DAGs
[2025-06-02T23:03:59.970+0000] {logging_mixin.py:154} INFO - [2025-06-02T23:03:59.970+0000] {dag.py:3722} INFO - Setting next_dagrun for example_task_group to 2025-06-01T23:03:59.969925+00:00, run_after=2025-06-02T23:03:59.969925+00:00
[2025-06-02T23:03:59.999+0000] {processor.py:179} INFO - Processing /home/airflow/.local/lib/python3.10/site-packages/airflow/example_dags/example_task_group.py took 0.114 seconds
[2025-06-02T23:04:30.789+0000] {processor.py:157} INFO - Started process (PID=119) to work on /home/airflow/.local/lib/python3.10/site-packages/airflow/example_dags/example_task_group.py
[2025-06-02T23:04:30.791+0000] {processor.py:829} INFO - Processing file /home/airflow/.local/lib/python3.10/site-packages/airflow/example_dags/example_task_group.py for tasks to queue
[2025-06-02T23:04:30.794+0000] {logging_mixin.py:154} INFO - [2025-06-02T23:04:30.794+0000] {dagbag.py:536} INFO - Filling up the DagBag from /home/airflow/.local/lib/python3.10/site-packages/airflow/example_dags/example_task_group.py
[2025-06-02T23:04:30.806+0000] {processor.py:839} INFO - DAG(s) dict_keys(['example_task_group']) retrieved from /home/airflow/.local/lib/python3.10/site-packages/airflow/example_dags/example_task_group.py
[2025-06-02T23:04:30.834+0000] {logging_mixin.py:154} INFO - [2025-06-02T23:04:30.834+0000] {dag.py:2941} INFO - Sync 1 DAGs
[2025-06-02T23:04:30.865+0000] {logging_mixin.py:154} INFO - [2025-06-02T23:04:30.865+0000] {dag.py:3722} INFO - Setting next_dagrun for example_task_group to 2025-06-01T23:04:30.864964+00:00, run_after=2025-06-02T23:04:30.864964+00:00
[2025-06-02T23:04:30.889+0000] {processor.py:179} INFO - Processing /home/airflow/.local/lib/python3.10/site-packages/airflow/example_dags/example_task_group.py took 0.105 seconds
[2025-06-02T23:05:00.960+0000] {processor.py:157} INFO - Started process (PID=175) to work on /home/airflow/.local/lib/python3.10/site-packages/airflow/example_dags/example_task_group.py
[2025-06-02T23:05:00.961+0000] {processor.py:829} INFO - Processing file /home/airflow/.local/lib/python3.10/site-packages/airflow/example_dags/example_task_group.py for tasks to queue
[2025-06-02T23:05:00.964+0000] {logging_mixin.py:154} INFO - [2025-06-02T23:05:00.964+0000] {dagbag.py:536} INFO - Filling up the DagBag from /home/airflow/.local/lib/python3.10/site-packages/airflow/example_dags/example_task_group.py
[2025-06-02T23:05:00.975+0000] {processor.py:839} INFO - DAG(s) dict_keys(['example_task_group']) retrieved from /home/airflow/.local/lib/python3.10/site-packages/airflow/example_dags/example_task_group.py
[2025-06-02T23:05:01.007+0000] {logging_mixin.py:154} INFO - [2025-06-02T23:05:01.007+0000] {dag.py:2941} INFO - Sync 1 DAGs
[2025-06-02T23:05:01.039+0000] {logging_mixin.py:154} INFO - [2025-06-02T23:05:01.039+0000] {dag.py:3722} INFO - Setting next_dagrun for example_task_group to 2025-06-01T23:05:01.039238+00:00, run_after=2025-06-02T23:05:01.039238+00:00
[2025-06-02T23:05:01.067+0000] {processor.py:179} INFO - Processing /home/airflow/.local/lib/python3.10/site-packages/airflow/example_dags/example_task_group.py took 0.112 seconds
[2025-06-02T23:05:32.942+0000] {processor.py:157} INFO - Started process (PID=231) to work on /home/airflow/.local/lib/python3.10/site-packages/airflow/example_dags/example_task_group.py
[2025-06-02T23:05:32.944+0000] {processor.py:829} INFO - Processing file /home/airflow/.local/lib/python3.10/site-packages/airflow/example_dags/example_task_group.py for tasks to queue
[2025-06-02T23:05:32.947+0000] {logging_mixin.py:154} INFO - [2025-06-02T23:05:32.946+0000] {dagbag.py:536} INFO - Filling up the DagBag from /home/airflow/.local/lib/python3.10/site-packages/airflow/example_dags/example_task_group.py
[2025-06-02T23:05:32.957+0000] {processor.py:839} INFO - DAG(s) dict_keys(['example_task_group']) retrieved from /home/airflow/.local/lib/python3.10/site-packages/airflow/example_dags/example_task_group.py
[2025-06-02T23:05:32.987+0000] {logging_mixin.py:154} INFO - [2025-06-02T23:05:32.987+0000] {dag.py:2941} INFO - Sync 1 DAGs
[2025-06-02T23:05:33.029+0000] {logging_mixin.py:154} INFO - [2025-06-02T23:05:33.029+0000] {dag.py:3722} INFO - Setting next_dagrun for example_task_group to 2025-06-01T23:05:33.029043+00:00, run_after=2025-06-02T23:05:33.029043+00:00
[2025-06-02T23:05:33.053+0000] {processor.py:179} INFO - Processing /home/airflow/.local/lib/python3.10/site-packages/airflow/example_dags/example_task_group.py took 0.116 seconds
[2025-06-02T23:06:07.309+0000] {processor.py:157} INFO - Started process (PID=287) to work on /home/airflow/.local/lib/python3.10/site-packages/airflow/example_dags/example_task_group.py
[2025-06-02T23:06:07.311+0000] {processor.py:829} INFO - Processing file /home/airflow/.local/lib/python3.10/site-packages/airflow/example_dags/example_task_group.py for tasks to queue
[2025-06-02T23:06:07.314+0000] {logging_mixin.py:154} INFO - [2025-06-02T23:06:07.313+0000] {dagbag.py:536} INFO - Filling up the DagBag from /home/airflow/.local/lib/python3.10/site-packages/airflow/example_dags/example_task_group.py
[2025-06-02T23:06:07.331+0000] {processor.py:839} INFO - DAG(s) dict_keys(['example_task_group']) retrieved from /home/airflow/.local/lib/python3.10/site-packages/airflow/example_dags/example_task_group.py
[2025-06-02T23:06:07.364+0000] {logging_mixin.py:154} INFO - [2025-06-02T23:06:07.363+0000] {dag.py:2941} INFO - Sync 1 DAGs
[2025-06-02T23:06:07.398+0000] {logging_mixin.py:154} INFO - [2025-06-02T23:06:07.398+0000] {dag.py:3722} INFO - Setting next_dagrun for example_task_group to 2025-06-01T23:06:07.397971+00:00, run_after=2025-06-02T23:06:07.397971+00:00
[2025-06-02T23:06:07.449+0000] {processor.py:179} INFO - Processing /home/airflow/.local/lib/python3.10/site-packages/airflow/example_dags/example_task_group.py took 0.149 seconds
[2025-06-02T23:06:40.445+0000] {processor.py:157} INFO - Started process (PID=350) to work on /home/airflow/.local/lib/python3.10/site-packages/airflow/example_dags/example_task_group.py
[2025-06-02T23:06:40.449+0000] {processor.py:829} INFO - Processing file /home/airflow/.local/lib/python3.10/site-packages/airflow/example_dags/example_task_group.py for tasks to queue
[2025-06-02T23:06:40.452+0000] {logging_mixin.py:154} INFO - [2025-06-02T23:06:40.451+0000] {dagbag.py:536} INFO - Filling up the DagBag from /home/airflow/.local/lib/python3.10/site-packages/airflow/example_dags/example_task_group.py
[2025-06-02T23:06:40.473+0000] {processor.py:839} INFO - DAG(s) dict_keys(['example_task_group']) retrieved from /home/airflow/.local/lib/python3.10/site-packages/airflow/example_dags/example_task_group.py
[2025-06-02T23:06:40.538+0000] {logging_mixin.py:154} INFO - [2025-06-02T23:06:40.538+0000] {dag.py:2941} INFO - Sync 1 DAGs
[2025-06-02T23:06:40.627+0000] {logging_mixin.py:154} INFO - [2025-06-02T23:06:40.626+0000] {dag.py:3722} INFO - Setting next_dagrun for example_task_group to 2025-06-01T23:06:40.626401+00:00, run_after=2025-06-02T23:06:40.626401+00:00
[2025-06-02T23:06:40.674+0000] {processor.py:179} INFO - Processing /home/airflow/.local/lib/python3.10/site-packages/airflow/example_dags/example_task_group.py took 0.234 seconds
[2025-06-02T23:07:10.986+0000] {processor.py:157} INFO - Started process (PID=406) to work on /home/airflow/.local/lib/python3.10/site-packages/airflow/example_dags/example_task_group.py
[2025-06-02T23:07:10.987+0000] {processor.py:829} INFO - Processing file /home/airflow/.local/lib/python3.10/site-packages/airflow/example_dags/example_task_group.py for tasks to queue
[2025-06-02T23:07:10.998+0000] {logging_mixin.py:154} INFO - [2025-06-02T23:07:10.989+0000] {dagbag.py:536} INFO - Filling up the DagBag from /home/airflow/.local/lib/python3.10/site-packages/airflow/example_dags/example_task_group.py
[2025-06-02T23:07:11.016+0000] {processor.py:839} INFO - DAG(s) dict_keys(['example_task_group']) retrieved from /home/airflow/.local/lib/python3.10/site-packages/airflow/example_dags/example_task_group.py
[2025-06-02T23:07:11.070+0000] {logging_mixin.py:154} INFO - [2025-06-02T23:07:11.070+0000] {dag.py:2941} INFO - Sync 1 DAGs
[2025-06-02T23:07:11.127+0000] {logging_mixin.py:154} INFO - [2025-06-02T23:07:11.127+0000] {dag.py:3722} INFO - Setting next_dagrun for example_task_group to 2025-06-01T23:07:11.127309+00:00, run_after=2025-06-02T23:07:11.127309+00:00
[2025-06-02T23:07:11.204+0000] {processor.py:179} INFO - Processing /home/airflow/.local/lib/python3.10/site-packages/airflow/example_dags/example_task_group.py took 0.230 seconds
