[2025-06-02T21:59:50.290+0000] {processor.py:157} INFO - Started process (PID=33) to work on /home/airflow/.local/lib/python3.10/site-packages/airflow/example_dags/example_branch_labels.py
[2025-06-02T21:59:50.297+0000] {processor.py:829} INFO - Processing file /home/airflow/.local/lib/python3.10/site-packages/airflow/example_dags/example_branch_labels.py for tasks to queue
[2025-06-02T21:59:50.314+0000] {logging_mixin.py:154} INFO - [2025-06-02T21:59:50.314+0000] {dagbag.py:536} INFO - Filling up the DagBag from /home/airflow/.local/lib/python3.10/site-packages/airflow/example_dags/example_branch_labels.py
[2025-06-02T21:59:50.393+0000] {processor.py:839} INFO - DAG(s) dict_keys(['example_branch_labels']) retrieved from /home/airflow/.local/lib/python3.10/site-packages/airflow/example_dags/example_branch_labels.py
[2025-06-02T21:59:51.397+0000] {logging_mixin.py:154} INFO - [2025-06-02T21:59:51.397+0000] {manager.py:499} INFO - Created Permission View: %s
[2025-06-02T21:59:51.432+0000] {logging_mixin.py:154} INFO - [2025-06-02T21:59:51.432+0000] {manager.py:499} INFO - Created Permission View: %s
[2025-06-02T21:59:51.458+0000] {logging_mixin.py:154} INFO - [2025-06-02T21:59:51.451+0000] {manager.py:499} INFO - Created Permission View: %s
[2025-06-02T21:59:51.458+0000] {logging_mixin.py:154} INFO - [2025-06-02T21:59:51.458+0000] {dag.py:2941} INFO - Sync 1 DAGs
[2025-06-02T21:59:51.505+0000] {logging_mixin.py:154} INFO - [2025-06-02T21:59:51.498+0000] {dag.py:2963} INFO - Creating ORM DAG for example_branch_labels
[2025-06-02T21:59:51.552+0000] {logging_mixin.py:154} INFO - [2025-06-02T21:59:51.551+0000] {dag.py:3722} INFO - Setting next_dagrun for example_branch_labels to 2025-06-01T00:00:00+00:00, run_after=2025-06-02T00:00:00+00:00
[2025-06-02T21:59:51.615+0000] {processor.py:179} INFO - Processing /home/airflow/.local/lib/python3.10/site-packages/airflow/example_dags/example_branch_labels.py took 1.345 seconds
[2025-06-02T22:00:21.893+0000] {processor.py:157} INFO - Started process (PID=87) to work on /home/airflow/.local/lib/python3.10/site-packages/airflow/example_dags/example_branch_labels.py
[2025-06-02T22:00:21.895+0000] {processor.py:829} INFO - Processing file /home/airflow/.local/lib/python3.10/site-packages/airflow/example_dags/example_branch_labels.py for tasks to queue
[2025-06-02T22:00:21.898+0000] {logging_mixin.py:154} INFO - [2025-06-02T22:00:21.898+0000] {dagbag.py:536} INFO - Filling up the DagBag from /home/airflow/.local/lib/python3.10/site-packages/airflow/example_dags/example_branch_labels.py
[2025-06-02T22:00:21.916+0000] {processor.py:839} INFO - DAG(s) dict_keys(['example_branch_labels']) retrieved from /home/airflow/.local/lib/python3.10/site-packages/airflow/example_dags/example_branch_labels.py
[2025-06-02T22:00:21.943+0000] {logging_mixin.py:154} INFO - [2025-06-02T22:00:21.943+0000] {dag.py:2941} INFO - Sync 1 DAGs
[2025-06-02T22:00:21.975+0000] {logging_mixin.py:154} INFO - [2025-06-02T22:00:21.974+0000] {dag.py:3722} INFO - Setting next_dagrun for example_branch_labels to 2025-06-01T00:00:00+00:00, run_after=2025-06-02T00:00:00+00:00
[2025-06-02T22:00:21.994+0000] {processor.py:179} INFO - Processing /home/airflow/.local/lib/python3.10/site-packages/airflow/example_dags/example_branch_labels.py took 0.106 seconds
[2025-06-02T22:00:52.341+0000] {processor.py:157} INFO - Started process (PID=141) to work on /home/airflow/.local/lib/python3.10/site-packages/airflow/example_dags/example_branch_labels.py
[2025-06-02T22:00:52.342+0000] {processor.py:829} INFO - Processing file /home/airflow/.local/lib/python3.10/site-packages/airflow/example_dags/example_branch_labels.py for tasks to queue
[2025-06-02T22:00:52.345+0000] {logging_mixin.py:154} INFO - [2025-06-02T22:00:52.345+0000] {dagbag.py:536} INFO - Filling up the DagBag from /home/airflow/.local/lib/python3.10/site-packages/airflow/example_dags/example_branch_labels.py
[2025-06-02T22:00:52.357+0000] {processor.py:839} INFO - DAG(s) dict_keys(['example_branch_labels']) retrieved from /home/airflow/.local/lib/python3.10/site-packages/airflow/example_dags/example_branch_labels.py
[2025-06-02T22:00:52.386+0000] {logging_mixin.py:154} INFO - [2025-06-02T22:00:52.386+0000] {dag.py:2941} INFO - Sync 1 DAGs
[2025-06-02T22:00:52.419+0000] {logging_mixin.py:154} INFO - [2025-06-02T22:00:52.418+0000] {dag.py:3722} INFO - Setting next_dagrun for example_branch_labels to 2025-06-01T00:00:00+00:00, run_after=2025-06-02T00:00:00+00:00
[2025-06-02T22:00:52.440+0000] {processor.py:179} INFO - Processing /home/airflow/.local/lib/python3.10/site-packages/airflow/example_dags/example_branch_labels.py took 0.104 seconds
[2025-06-02T22:01:22.660+0000] {processor.py:157} INFO - Started process (PID=195) to work on /home/airflow/.local/lib/python3.10/site-packages/airflow/example_dags/example_branch_labels.py
[2025-06-02T22:01:22.662+0000] {processor.py:829} INFO - Processing file /home/airflow/.local/lib/python3.10/site-packages/airflow/example_dags/example_branch_labels.py for tasks to queue
[2025-06-02T22:01:22.668+0000] {logging_mixin.py:154} INFO - [2025-06-02T22:01:22.668+0000] {dagbag.py:536} INFO - Filling up the DagBag from /home/airflow/.local/lib/python3.10/site-packages/airflow/example_dags/example_branch_labels.py
[2025-06-02T22:01:22.700+0000] {processor.py:839} INFO - DAG(s) dict_keys(['example_branch_labels']) retrieved from /home/airflow/.local/lib/python3.10/site-packages/airflow/example_dags/example_branch_labels.py
[2025-06-02T22:01:22.800+0000] {logging_mixin.py:154} INFO - [2025-06-02T22:01:22.800+0000] {dag.py:2941} INFO - Sync 1 DAGs
[2025-06-02T22:01:22.859+0000] {logging_mixin.py:154} INFO - [2025-06-02T22:01:22.859+0000] {dag.py:3722} INFO - Setting next_dagrun for example_branch_labels to 2025-06-01T00:00:00+00:00, run_after=2025-06-02T00:00:00+00:00
[2025-06-02T22:01:22.931+0000] {processor.py:179} INFO - Processing /home/airflow/.local/lib/python3.10/site-packages/airflow/example_dags/example_branch_labels.py took 0.284 seconds
[2025-06-02T22:01:53.283+0000] {processor.py:157} INFO - Started process (PID=250) to work on /home/airflow/.local/lib/python3.10/site-packages/airflow/example_dags/example_branch_labels.py
[2025-06-02T22:01:53.285+0000] {processor.py:829} INFO - Processing file /home/airflow/.local/lib/python3.10/site-packages/airflow/example_dags/example_branch_labels.py for tasks to queue
[2025-06-02T22:01:53.288+0000] {logging_mixin.py:154} INFO - [2025-06-02T22:01:53.287+0000] {dagbag.py:536} INFO - Filling up the DagBag from /home/airflow/.local/lib/python3.10/site-packages/airflow/example_dags/example_branch_labels.py
[2025-06-02T22:01:53.308+0000] {processor.py:839} INFO - DAG(s) dict_keys(['example_branch_labels']) retrieved from /home/airflow/.local/lib/python3.10/site-packages/airflow/example_dags/example_branch_labels.py
[2025-06-02T22:01:53.383+0000] {logging_mixin.py:154} INFO - [2025-06-02T22:01:53.382+0000] {dag.py:2941} INFO - Sync 1 DAGs
[2025-06-02T22:01:53.436+0000] {logging_mixin.py:154} INFO - [2025-06-02T22:01:53.435+0000] {dag.py:3722} INFO - Setting next_dagrun for example_branch_labels to 2025-06-01T00:00:00+00:00, run_after=2025-06-02T00:00:00+00:00
[2025-06-02T22:01:53.463+0000] {processor.py:179} INFO - Processing /home/airflow/.local/lib/python3.10/site-packages/airflow/example_dags/example_branch_labels.py took 0.196 seconds
[2025-06-02T22:02:23.785+0000] {processor.py:157} INFO - Started process (PID=303) to work on /home/airflow/.local/lib/python3.10/site-packages/airflow/example_dags/example_branch_labels.py
[2025-06-02T22:02:23.787+0000] {processor.py:829} INFO - Processing file /home/airflow/.local/lib/python3.10/site-packages/airflow/example_dags/example_branch_labels.py for tasks to queue
[2025-06-02T22:02:23.790+0000] {logging_mixin.py:154} INFO - [2025-06-02T22:02:23.789+0000] {dagbag.py:536} INFO - Filling up the DagBag from /home/airflow/.local/lib/python3.10/site-packages/airflow/example_dags/example_branch_labels.py
[2025-06-02T22:02:23.802+0000] {processor.py:839} INFO - DAG(s) dict_keys(['example_branch_labels']) retrieved from /home/airflow/.local/lib/python3.10/site-packages/airflow/example_dags/example_branch_labels.py
[2025-06-02T22:02:23.838+0000] {logging_mixin.py:154} INFO - [2025-06-02T22:02:23.837+0000] {dag.py:2941} INFO - Sync 1 DAGs
[2025-06-02T22:02:23.874+0000] {logging_mixin.py:154} INFO - [2025-06-02T22:02:23.874+0000] {dag.py:3722} INFO - Setting next_dagrun for example_branch_labels to 2025-06-01T00:00:00+00:00, run_after=2025-06-02T00:00:00+00:00
[2025-06-02T22:02:23.895+0000] {processor.py:179} INFO - Processing /home/airflow/.local/lib/python3.10/site-packages/airflow/example_dags/example_branch_labels.py took 0.114 seconds
[2025-06-02T22:02:54.261+0000] {processor.py:157} INFO - Started process (PID=357) to work on /home/airflow/.local/lib/python3.10/site-packages/airflow/example_dags/example_branch_labels.py
[2025-06-02T22:02:54.262+0000] {processor.py:829} INFO - Processing file /home/airflow/.local/lib/python3.10/site-packages/airflow/example_dags/example_branch_labels.py for tasks to queue
[2025-06-02T22:02:54.271+0000] {logging_mixin.py:154} INFO - [2025-06-02T22:02:54.271+0000] {dagbag.py:536} INFO - Filling up the DagBag from /home/airflow/.local/lib/python3.10/site-packages/airflow/example_dags/example_branch_labels.py
[2025-06-02T22:02:54.285+0000] {processor.py:839} INFO - DAG(s) dict_keys(['example_branch_labels']) retrieved from /home/airflow/.local/lib/python3.10/site-packages/airflow/example_dags/example_branch_labels.py
[2025-06-02T22:02:54.314+0000] {logging_mixin.py:154} INFO - [2025-06-02T22:02:54.314+0000] {dag.py:2941} INFO - Sync 1 DAGs
[2025-06-02T22:02:54.344+0000] {logging_mixin.py:154} INFO - [2025-06-02T22:02:54.344+0000] {dag.py:3722} INFO - Setting next_dagrun for example_branch_labels to 2025-06-01T00:00:00+00:00, run_after=2025-06-02T00:00:00+00:00
[2025-06-02T22:02:54.366+0000] {processor.py:179} INFO - Processing /home/airflow/.local/lib/python3.10/site-packages/airflow/example_dags/example_branch_labels.py took 0.111 seconds
[2025-06-02T22:03:24.864+0000] {processor.py:157} INFO - Started process (PID=412) to work on /home/airflow/.local/lib/python3.10/site-packages/airflow/example_dags/example_branch_labels.py
[2025-06-02T22:03:24.865+0000] {processor.py:829} INFO - Processing file /home/airflow/.local/lib/python3.10/site-packages/airflow/example_dags/example_branch_labels.py for tasks to queue
[2025-06-02T22:03:24.868+0000] {logging_mixin.py:154} INFO - [2025-06-02T22:03:24.868+0000] {dagbag.py:536} INFO - Filling up the DagBag from /home/airflow/.local/lib/python3.10/site-packages/airflow/example_dags/example_branch_labels.py
[2025-06-02T22:03:24.879+0000] {processor.py:839} INFO - DAG(s) dict_keys(['example_branch_labels']) retrieved from /home/airflow/.local/lib/python3.10/site-packages/airflow/example_dags/example_branch_labels.py
[2025-06-02T22:03:24.906+0000] {logging_mixin.py:154} INFO - [2025-06-02T22:03:24.906+0000] {dag.py:2941} INFO - Sync 1 DAGs
[2025-06-02T22:03:24.938+0000] {logging_mixin.py:154} INFO - [2025-06-02T22:03:24.938+0000] {dag.py:3722} INFO - Setting next_dagrun for example_branch_labels to 2025-06-01T00:00:00+00:00, run_after=2025-06-02T00:00:00+00:00
[2025-06-02T22:03:24.958+0000] {processor.py:179} INFO - Processing /home/airflow/.local/lib/python3.10/site-packages/airflow/example_dags/example_branch_labels.py took 0.099 seconds
[2025-06-02T22:03:55.134+0000] {processor.py:157} INFO - Started process (PID=466) to work on /home/airflow/.local/lib/python3.10/site-packages/airflow/example_dags/example_branch_labels.py
[2025-06-02T22:03:55.135+0000] {processor.py:829} INFO - Processing file /home/airflow/.local/lib/python3.10/site-packages/airflow/example_dags/example_branch_labels.py for tasks to queue
[2025-06-02T22:03:55.139+0000] {logging_mixin.py:154} INFO - [2025-06-02T22:03:55.138+0000] {dagbag.py:536} INFO - Filling up the DagBag from /home/airflow/.local/lib/python3.10/site-packages/airflow/example_dags/example_branch_labels.py
[2025-06-02T22:03:55.149+0000] {processor.py:839} INFO - DAG(s) dict_keys(['example_branch_labels']) retrieved from /home/airflow/.local/lib/python3.10/site-packages/airflow/example_dags/example_branch_labels.py
[2025-06-02T22:03:55.178+0000] {logging_mixin.py:154} INFO - [2025-06-02T22:03:55.177+0000] {dag.py:2941} INFO - Sync 1 DAGs
[2025-06-02T22:03:55.208+0000] {logging_mixin.py:154} INFO - [2025-06-02T22:03:55.208+0000] {dag.py:3722} INFO - Setting next_dagrun for example_branch_labels to 2025-06-01T00:00:00+00:00, run_after=2025-06-02T00:00:00+00:00
[2025-06-02T22:03:55.231+0000] {processor.py:179} INFO - Processing /home/airflow/.local/lib/python3.10/site-packages/airflow/example_dags/example_branch_labels.py took 0.101 seconds
[2025-06-02T22:04:25.584+0000] {processor.py:157} INFO - Started process (PID=520) to work on /home/airflow/.local/lib/python3.10/site-packages/airflow/example_dags/example_branch_labels.py
[2025-06-02T22:04:25.585+0000] {processor.py:829} INFO - Processing file /home/airflow/.local/lib/python3.10/site-packages/airflow/example_dags/example_branch_labels.py for tasks to queue
[2025-06-02T22:04:25.589+0000] {logging_mixin.py:154} INFO - [2025-06-02T22:04:25.589+0000] {dagbag.py:536} INFO - Filling up the DagBag from /home/airflow/.local/lib/python3.10/site-packages/airflow/example_dags/example_branch_labels.py
[2025-06-02T22:04:25.601+0000] {processor.py:839} INFO - DAG(s) dict_keys(['example_branch_labels']) retrieved from /home/airflow/.local/lib/python3.10/site-packages/airflow/example_dags/example_branch_labels.py
[2025-06-02T22:04:25.630+0000] {logging_mixin.py:154} INFO - [2025-06-02T22:04:25.630+0000] {dag.py:2941} INFO - Sync 1 DAGs
[2025-06-02T22:04:25.660+0000] {logging_mixin.py:154} INFO - [2025-06-02T22:04:25.660+0000] {dag.py:3722} INFO - Setting next_dagrun for example_branch_labels to 2025-06-01T00:00:00+00:00, run_after=2025-06-02T00:00:00+00:00
[2025-06-02T22:04:25.678+0000] {processor.py:179} INFO - Processing /home/airflow/.local/lib/python3.10/site-packages/airflow/example_dags/example_branch_labels.py took 0.099 seconds
[2025-06-02T22:04:55.938+0000] {processor.py:157} INFO - Started process (PID=574) to work on /home/airflow/.local/lib/python3.10/site-packages/airflow/example_dags/example_branch_labels.py
[2025-06-02T22:04:55.939+0000] {processor.py:829} INFO - Processing file /home/airflow/.local/lib/python3.10/site-packages/airflow/example_dags/example_branch_labels.py for tasks to queue
[2025-06-02T22:04:55.942+0000] {logging_mixin.py:154} INFO - [2025-06-02T22:04:55.942+0000] {dagbag.py:536} INFO - Filling up the DagBag from /home/airflow/.local/lib/python3.10/site-packages/airflow/example_dags/example_branch_labels.py
[2025-06-02T22:04:55.953+0000] {processor.py:839} INFO - DAG(s) dict_keys(['example_branch_labels']) retrieved from /home/airflow/.local/lib/python3.10/site-packages/airflow/example_dags/example_branch_labels.py
[2025-06-02T22:04:55.982+0000] {logging_mixin.py:154} INFO - [2025-06-02T22:04:55.981+0000] {dag.py:2941} INFO - Sync 1 DAGs
[2025-06-02T22:04:56.013+0000] {logging_mixin.py:154} INFO - [2025-06-02T22:04:56.013+0000] {dag.py:3722} INFO - Setting next_dagrun for example_branch_labels to 2025-06-01T00:00:00+00:00, run_after=2025-06-02T00:00:00+00:00
[2025-06-02T22:04:56.032+0000] {processor.py:179} INFO - Processing /home/airflow/.local/lib/python3.10/site-packages/airflow/example_dags/example_branch_labels.py took 0.099 seconds
[2025-06-02T22:05:26.675+0000] {processor.py:157} INFO - Started process (PID=629) to work on /home/airflow/.local/lib/python3.10/site-packages/airflow/example_dags/example_branch_labels.py
[2025-06-02T22:05:26.677+0000] {processor.py:829} INFO - Processing file /home/airflow/.local/lib/python3.10/site-packages/airflow/example_dags/example_branch_labels.py for tasks to queue
[2025-06-02T22:05:26.681+0000] {logging_mixin.py:154} INFO - [2025-06-02T22:05:26.680+0000] {dagbag.py:536} INFO - Filling up the DagBag from /home/airflow/.local/lib/python3.10/site-packages/airflow/example_dags/example_branch_labels.py
[2025-06-02T22:05:26.691+0000] {processor.py:839} INFO - DAG(s) dict_keys(['example_branch_labels']) retrieved from /home/airflow/.local/lib/python3.10/site-packages/airflow/example_dags/example_branch_labels.py
[2025-06-02T22:05:26.720+0000] {logging_mixin.py:154} INFO - [2025-06-02T22:05:26.719+0000] {dag.py:2941} INFO - Sync 1 DAGs
[2025-06-02T22:05:26.753+0000] {logging_mixin.py:154} INFO - [2025-06-02T22:05:26.753+0000] {dag.py:3722} INFO - Setting next_dagrun for example_branch_labels to 2025-06-01T00:00:00+00:00, run_after=2025-06-02T00:00:00+00:00
[2025-06-02T22:05:26.774+0000] {processor.py:179} INFO - Processing /home/airflow/.local/lib/python3.10/site-packages/airflow/example_dags/example_branch_labels.py took 0.104 seconds
[2025-06-02T22:05:56.981+0000] {processor.py:157} INFO - Started process (PID=683) to work on /home/airflow/.local/lib/python3.10/site-packages/airflow/example_dags/example_branch_labels.py
[2025-06-02T22:05:56.982+0000] {processor.py:829} INFO - Processing file /home/airflow/.local/lib/python3.10/site-packages/airflow/example_dags/example_branch_labels.py for tasks to queue
[2025-06-02T22:05:56.985+0000] {logging_mixin.py:154} INFO - [2025-06-02T22:05:56.985+0000] {dagbag.py:536} INFO - Filling up the DagBag from /home/airflow/.local/lib/python3.10/site-packages/airflow/example_dags/example_branch_labels.py
[2025-06-02T22:05:56.996+0000] {processor.py:839} INFO - DAG(s) dict_keys(['example_branch_labels']) retrieved from /home/airflow/.local/lib/python3.10/site-packages/airflow/example_dags/example_branch_labels.py
[2025-06-02T22:05:57.025+0000] {logging_mixin.py:154} INFO - [2025-06-02T22:05:57.024+0000] {dag.py:2941} INFO - Sync 1 DAGs
[2025-06-02T22:05:57.058+0000] {logging_mixin.py:154} INFO - [2025-06-02T22:05:57.058+0000] {dag.py:3722} INFO - Setting next_dagrun for example_branch_labels to 2025-06-01T00:00:00+00:00, run_after=2025-06-02T00:00:00+00:00
[2025-06-02T22:05:57.077+0000] {processor.py:179} INFO - Processing /home/airflow/.local/lib/python3.10/site-packages/airflow/example_dags/example_branch_labels.py took 0.103 seconds
[2025-06-02T22:06:27.232+0000] {processor.py:157} INFO - Started process (PID=736) to work on /home/airflow/.local/lib/python3.10/site-packages/airflow/example_dags/example_branch_labels.py
[2025-06-02T22:06:27.242+0000] {processor.py:829} INFO - Processing file /home/airflow/.local/lib/python3.10/site-packages/airflow/example_dags/example_branch_labels.py for tasks to queue
[2025-06-02T22:06:27.246+0000] {logging_mixin.py:154} INFO - [2025-06-02T22:06:27.245+0000] {dagbag.py:536} INFO - Filling up the DagBag from /home/airflow/.local/lib/python3.10/site-packages/airflow/example_dags/example_branch_labels.py
[2025-06-02T22:06:27.261+0000] {processor.py:839} INFO - DAG(s) dict_keys(['example_branch_labels']) retrieved from /home/airflow/.local/lib/python3.10/site-packages/airflow/example_dags/example_branch_labels.py
[2025-06-02T22:06:27.322+0000] {logging_mixin.py:154} INFO - [2025-06-02T22:06:27.322+0000] {dag.py:2941} INFO - Sync 1 DAGs
[2025-06-02T22:06:27.377+0000] {logging_mixin.py:154} INFO - [2025-06-02T22:06:27.377+0000] {dag.py:3722} INFO - Setting next_dagrun for example_branch_labels to 2025-06-01T00:00:00+00:00, run_after=2025-06-02T00:00:00+00:00
[2025-06-02T22:06:27.426+0000] {processor.py:179} INFO - Processing /home/airflow/.local/lib/python3.10/site-packages/airflow/example_dags/example_branch_labels.py took 0.205 seconds
[2025-06-02T22:06:57.838+0000] {processor.py:157} INFO - Started process (PID=791) to work on /home/airflow/.local/lib/python3.10/site-packages/airflow/example_dags/example_branch_labels.py
[2025-06-02T22:06:57.840+0000] {processor.py:829} INFO - Processing file /home/airflow/.local/lib/python3.10/site-packages/airflow/example_dags/example_branch_labels.py for tasks to queue
[2025-06-02T22:06:57.851+0000] {logging_mixin.py:154} INFO - [2025-06-02T22:06:57.850+0000] {dagbag.py:536} INFO - Filling up the DagBag from /home/airflow/.local/lib/python3.10/site-packages/airflow/example_dags/example_branch_labels.py
[2025-06-02T22:06:57.868+0000] {processor.py:839} INFO - DAG(s) dict_keys(['example_branch_labels']) retrieved from /home/airflow/.local/lib/python3.10/site-packages/airflow/example_dags/example_branch_labels.py
[2025-06-02T22:06:57.933+0000] {logging_mixin.py:154} INFO - [2025-06-02T22:06:57.933+0000] {dag.py:2941} INFO - Sync 1 DAGs
[2025-06-02T22:06:58.000+0000] {logging_mixin.py:154} INFO - [2025-06-02T22:06:57.999+0000] {dag.py:3722} INFO - Setting next_dagrun for example_branch_labels to 2025-06-01T00:00:00+00:00, run_after=2025-06-02T00:00:00+00:00
[2025-06-02T22:06:58.082+0000] {processor.py:179} INFO - Processing /home/airflow/.local/lib/python3.10/site-packages/airflow/example_dags/example_branch_labels.py took 0.269 seconds
[2025-06-02T22:07:28.403+0000] {processor.py:157} INFO - Started process (PID=845) to work on /home/airflow/.local/lib/python3.10/site-packages/airflow/example_dags/example_branch_labels.py
[2025-06-02T22:07:28.406+0000] {processor.py:829} INFO - Processing file /home/airflow/.local/lib/python3.10/site-packages/airflow/example_dags/example_branch_labels.py for tasks to queue
[2025-06-02T22:07:28.409+0000] {logging_mixin.py:154} INFO - [2025-06-02T22:07:28.409+0000] {dagbag.py:536} INFO - Filling up the DagBag from /home/airflow/.local/lib/python3.10/site-packages/airflow/example_dags/example_branch_labels.py
[2025-06-02T22:07:28.419+0000] {processor.py:839} INFO - DAG(s) dict_keys(['example_branch_labels']) retrieved from /home/airflow/.local/lib/python3.10/site-packages/airflow/example_dags/example_branch_labels.py
[2025-06-02T22:07:28.448+0000] {logging_mixin.py:154} INFO - [2025-06-02T22:07:28.447+0000] {dag.py:2941} INFO - Sync 1 DAGs
[2025-06-02T22:07:28.480+0000] {logging_mixin.py:154} INFO - [2025-06-02T22:07:28.480+0000] {dag.py:3722} INFO - Setting next_dagrun for example_branch_labels to 2025-06-01T00:00:00+00:00, run_after=2025-06-02T00:00:00+00:00
[2025-06-02T22:07:28.502+0000] {processor.py:179} INFO - Processing /home/airflow/.local/lib/python3.10/site-packages/airflow/example_dags/example_branch_labels.py took 0.103 seconds
[2025-06-02T22:07:58.871+0000] {processor.py:157} INFO - Started process (PID=899) to work on /home/airflow/.local/lib/python3.10/site-packages/airflow/example_dags/example_branch_labels.py
[2025-06-02T22:07:58.873+0000] {processor.py:829} INFO - Processing file /home/airflow/.local/lib/python3.10/site-packages/airflow/example_dags/example_branch_labels.py for tasks to queue
[2025-06-02T22:07:58.879+0000] {logging_mixin.py:154} INFO - [2025-06-02T22:07:58.879+0000] {dagbag.py:536} INFO - Filling up the DagBag from /home/airflow/.local/lib/python3.10/site-packages/airflow/example_dags/example_branch_labels.py
[2025-06-02T22:07:58.903+0000] {processor.py:839} INFO - DAG(s) dict_keys(['example_branch_labels']) retrieved from /home/airflow/.local/lib/python3.10/site-packages/airflow/example_dags/example_branch_labels.py
[2025-06-02T22:07:58.932+0000] {logging_mixin.py:154} INFO - [2025-06-02T22:07:58.932+0000] {dag.py:2941} INFO - Sync 1 DAGs
[2025-06-02T22:07:58.964+0000] {logging_mixin.py:154} INFO - [2025-06-02T22:07:58.964+0000] {dag.py:3722} INFO - Setting next_dagrun for example_branch_labels to 2025-06-01T00:00:00+00:00, run_after=2025-06-02T00:00:00+00:00
[2025-06-02T22:07:59.181+0000] {processor.py:179} INFO - Processing /home/airflow/.local/lib/python3.10/site-packages/airflow/example_dags/example_branch_labels.py took 0.316 seconds
[2025-06-02T22:08:29.273+0000] {processor.py:157} INFO - Started process (PID=953) to work on /home/airflow/.local/lib/python3.10/site-packages/airflow/example_dags/example_branch_labels.py
[2025-06-02T22:08:29.274+0000] {processor.py:829} INFO - Processing file /home/airflow/.local/lib/python3.10/site-packages/airflow/example_dags/example_branch_labels.py for tasks to queue
[2025-06-02T22:08:29.277+0000] {logging_mixin.py:154} INFO - [2025-06-02T22:08:29.277+0000] {dagbag.py:536} INFO - Filling up the DagBag from /home/airflow/.local/lib/python3.10/site-packages/airflow/example_dags/example_branch_labels.py
[2025-06-02T22:08:29.288+0000] {processor.py:839} INFO - DAG(s) dict_keys(['example_branch_labels']) retrieved from /home/airflow/.local/lib/python3.10/site-packages/airflow/example_dags/example_branch_labels.py
[2025-06-02T22:08:29.319+0000] {logging_mixin.py:154} INFO - [2025-06-02T22:08:29.319+0000] {dag.py:2941} INFO - Sync 1 DAGs
[2025-06-02T22:08:29.351+0000] {logging_mixin.py:154} INFO - [2025-06-02T22:08:29.351+0000] {dag.py:3722} INFO - Setting next_dagrun for example_branch_labels to 2025-06-01T00:00:00+00:00, run_after=2025-06-02T00:00:00+00:00
[2025-06-02T22:08:29.380+0000] {processor.py:179} INFO - Processing /home/airflow/.local/lib/python3.10/site-packages/airflow/example_dags/example_branch_labels.py took 0.111 seconds
[2025-06-02T22:08:59.762+0000] {processor.py:157} INFO - Started process (PID=1007) to work on /home/airflow/.local/lib/python3.10/site-packages/airflow/example_dags/example_branch_labels.py
[2025-06-02T22:08:59.764+0000] {processor.py:829} INFO - Processing file /home/airflow/.local/lib/python3.10/site-packages/airflow/example_dags/example_branch_labels.py for tasks to queue
[2025-06-02T22:08:59.768+0000] {logging_mixin.py:154} INFO - [2025-06-02T22:08:59.767+0000] {dagbag.py:536} INFO - Filling up the DagBag from /home/airflow/.local/lib/python3.10/site-packages/airflow/example_dags/example_branch_labels.py
[2025-06-02T22:08:59.779+0000] {processor.py:839} INFO - DAG(s) dict_keys(['example_branch_labels']) retrieved from /home/airflow/.local/lib/python3.10/site-packages/airflow/example_dags/example_branch_labels.py
[2025-06-02T22:08:59.808+0000] {logging_mixin.py:154} INFO - [2025-06-02T22:08:59.807+0000] {dag.py:2941} INFO - Sync 1 DAGs
[2025-06-02T22:08:59.839+0000] {logging_mixin.py:154} INFO - [2025-06-02T22:08:59.839+0000] {dag.py:3722} INFO - Setting next_dagrun for example_branch_labels to 2025-06-01T00:00:00+00:00, run_after=2025-06-02T00:00:00+00:00
[2025-06-02T22:08:59.859+0000] {processor.py:179} INFO - Processing /home/airflow/.local/lib/python3.10/site-packages/airflow/example_dags/example_branch_labels.py took 0.101 seconds
[2025-06-02T22:09:30.309+0000] {processor.py:157} INFO - Started process (PID=1061) to work on /home/airflow/.local/lib/python3.10/site-packages/airflow/example_dags/example_branch_labels.py
[2025-06-02T22:09:30.310+0000] {processor.py:829} INFO - Processing file /home/airflow/.local/lib/python3.10/site-packages/airflow/example_dags/example_branch_labels.py for tasks to queue
[2025-06-02T22:09:30.313+0000] {logging_mixin.py:154} INFO - [2025-06-02T22:09:30.313+0000] {dagbag.py:536} INFO - Filling up the DagBag from /home/airflow/.local/lib/python3.10/site-packages/airflow/example_dags/example_branch_labels.py
[2025-06-02T22:09:30.326+0000] {processor.py:839} INFO - DAG(s) dict_keys(['example_branch_labels']) retrieved from /home/airflow/.local/lib/python3.10/site-packages/airflow/example_dags/example_branch_labels.py
[2025-06-02T22:09:30.355+0000] {logging_mixin.py:154} INFO - [2025-06-02T22:09:30.355+0000] {dag.py:2941} INFO - Sync 1 DAGs
[2025-06-02T22:09:30.584+0000] {logging_mixin.py:154} INFO - [2025-06-02T22:09:30.584+0000] {dag.py:3722} INFO - Setting next_dagrun for example_branch_labels to 2025-06-01T00:00:00+00:00, run_after=2025-06-02T00:00:00+00:00
[2025-06-02T22:09:30.607+0000] {processor.py:179} INFO - Processing /home/airflow/.local/lib/python3.10/site-packages/airflow/example_dags/example_branch_labels.py took 0.304 seconds
[2025-06-02T22:10:00.831+0000] {processor.py:157} INFO - Started process (PID=1114) to work on /home/airflow/.local/lib/python3.10/site-packages/airflow/example_dags/example_branch_labels.py
[2025-06-02T22:10:00.833+0000] {processor.py:829} INFO - Processing file /home/airflow/.local/lib/python3.10/site-packages/airflow/example_dags/example_branch_labels.py for tasks to queue
[2025-06-02T22:10:00.836+0000] {logging_mixin.py:154} INFO - [2025-06-02T22:10:00.835+0000] {dagbag.py:536} INFO - Filling up the DagBag from /home/airflow/.local/lib/python3.10/site-packages/airflow/example_dags/example_branch_labels.py
[2025-06-02T22:10:00.847+0000] {processor.py:839} INFO - DAG(s) dict_keys(['example_branch_labels']) retrieved from /home/airflow/.local/lib/python3.10/site-packages/airflow/example_dags/example_branch_labels.py
[2025-06-02T22:10:00.881+0000] {logging_mixin.py:154} INFO - [2025-06-02T22:10:00.881+0000] {dag.py:2941} INFO - Sync 1 DAGs
[2025-06-02T22:10:00.915+0000] {logging_mixin.py:154} INFO - [2025-06-02T22:10:00.915+0000] {dag.py:3722} INFO - Setting next_dagrun for example_branch_labels to 2025-06-01T00:00:00+00:00, run_after=2025-06-02T00:00:00+00:00
[2025-06-02T22:10:00.943+0000] {processor.py:179} INFO - Processing /home/airflow/.local/lib/python3.10/site-packages/airflow/example_dags/example_branch_labels.py took 0.117 seconds
[2025-06-02T22:10:31.112+0000] {processor.py:157} INFO - Started process (PID=1167) to work on /home/airflow/.local/lib/python3.10/site-packages/airflow/example_dags/example_branch_labels.py
[2025-06-02T22:10:31.113+0000] {processor.py:829} INFO - Processing file /home/airflow/.local/lib/python3.10/site-packages/airflow/example_dags/example_branch_labels.py for tasks to queue
[2025-06-02T22:10:31.115+0000] {logging_mixin.py:154} INFO - [2025-06-02T22:10:31.115+0000] {dagbag.py:536} INFO - Filling up the DagBag from /home/airflow/.local/lib/python3.10/site-packages/airflow/example_dags/example_branch_labels.py
[2025-06-02T22:10:31.124+0000] {processor.py:839} INFO - DAG(s) dict_keys(['example_branch_labels']) retrieved from /home/airflow/.local/lib/python3.10/site-packages/airflow/example_dags/example_branch_labels.py
[2025-06-02T22:10:31.146+0000] {logging_mixin.py:154} INFO - [2025-06-02T22:10:31.146+0000] {dag.py:2941} INFO - Sync 1 DAGs
[2025-06-02T22:10:31.169+0000] {logging_mixin.py:154} INFO - [2025-06-02T22:10:31.169+0000] {dag.py:3722} INFO - Setting next_dagrun for example_branch_labels to 2025-06-01T00:00:00+00:00, run_after=2025-06-02T00:00:00+00:00
[2025-06-02T22:10:31.187+0000] {processor.py:179} INFO - Processing /home/airflow/.local/lib/python3.10/site-packages/airflow/example_dags/example_branch_labels.py took 0.079 seconds
[2025-06-02T22:11:01.697+0000] {processor.py:157} INFO - Started process (PID=1222) to work on /home/airflow/.local/lib/python3.10/site-packages/airflow/example_dags/example_branch_labels.py
[2025-06-02T22:11:01.722+0000] {processor.py:829} INFO - Processing file /home/airflow/.local/lib/python3.10/site-packages/airflow/example_dags/example_branch_labels.py for tasks to queue
[2025-06-02T22:11:01.725+0000] {logging_mixin.py:154} INFO - [2025-06-02T22:11:01.724+0000] {dagbag.py:536} INFO - Filling up the DagBag from /home/airflow/.local/lib/python3.10/site-packages/airflow/example_dags/example_branch_labels.py
[2025-06-02T22:11:01.785+0000] {processor.py:839} INFO - DAG(s) dict_keys(['example_branch_labels']) retrieved from /home/airflow/.local/lib/python3.10/site-packages/airflow/example_dags/example_branch_labels.py
[2025-06-02T22:11:01.890+0000] {logging_mixin.py:154} INFO - [2025-06-02T22:11:01.890+0000] {dag.py:2941} INFO - Sync 1 DAGs
[2025-06-02T22:11:02.490+0000] {logging_mixin.py:154} INFO - [2025-06-02T22:11:02.489+0000] {dag.py:3722} INFO - Setting next_dagrun for example_branch_labels to 2025-06-01T00:00:00+00:00, run_after=2025-06-02T00:00:00+00:00
[2025-06-02T22:11:02.543+0000] {processor.py:179} INFO - Processing /home/airflow/.local/lib/python3.10/site-packages/airflow/example_dags/example_branch_labels.py took 0.873 seconds
[2025-06-02T23:03:17.486+0000] {processor.py:157} INFO - Started process (PID=35) to work on /home/airflow/.local/lib/python3.10/site-packages/airflow/example_dags/example_branch_labels.py
[2025-06-02T23:03:17.494+0000] {processor.py:829} INFO - Processing file /home/airflow/.local/lib/python3.10/site-packages/airflow/example_dags/example_branch_labels.py for tasks to queue
[2025-06-02T23:03:17.506+0000] {logging_mixin.py:154} INFO - [2025-06-02T23:03:17.506+0000] {dagbag.py:536} INFO - Filling up the DagBag from /home/airflow/.local/lib/python3.10/site-packages/airflow/example_dags/example_branch_labels.py
[2025-06-02T23:03:17.585+0000] {processor.py:839} INFO - DAG(s) dict_keys(['example_branch_labels']) retrieved from /home/airflow/.local/lib/python3.10/site-packages/airflow/example_dags/example_branch_labels.py
[2025-06-02T23:03:17.786+0000] {logging_mixin.py:154} INFO - [2025-06-02T23:03:17.786+0000] {dag.py:2941} INFO - Sync 1 DAGs
[2025-06-02T23:03:17.917+0000] {logging_mixin.py:154} INFO - [2025-06-02T23:03:17.916+0000] {dag.py:3722} INFO - Setting next_dagrun for example_branch_labels to 2025-06-01T00:00:00+00:00, run_after=2025-06-02T00:00:00+00:00
[2025-06-02T23:03:18.038+0000] {processor.py:179} INFO - Processing /home/airflow/.local/lib/python3.10/site-packages/airflow/example_dags/example_branch_labels.py took 0.582 seconds
[2025-06-02T23:03:56.427+0000] {processor.py:157} INFO - Started process (PID=27) to work on /home/airflow/.local/lib/python3.10/site-packages/airflow/example_dags/example_branch_labels.py
[2025-06-02T23:03:56.438+0000] {processor.py:829} INFO - Processing file /home/airflow/.local/lib/python3.10/site-packages/airflow/example_dags/example_branch_labels.py for tasks to queue
[2025-06-02T23:03:56.441+0000] {logging_mixin.py:154} INFO - [2025-06-02T23:03:56.441+0000] {dagbag.py:536} INFO - Filling up the DagBag from /home/airflow/.local/lib/python3.10/site-packages/airflow/example_dags/example_branch_labels.py
[2025-06-02T23:03:56.463+0000] {processor.py:839} INFO - DAG(s) dict_keys(['example_branch_labels']) retrieved from /home/airflow/.local/lib/python3.10/site-packages/airflow/example_dags/example_branch_labels.py
[2025-06-02T23:03:56.518+0000] {logging_mixin.py:154} INFO - [2025-06-02T23:03:56.518+0000] {dag.py:2941} INFO - Sync 1 DAGs
[2025-06-02T23:03:56.551+0000] {logging_mixin.py:154} INFO - [2025-06-02T23:03:56.550+0000] {dag.py:3722} INFO - Setting next_dagrun for example_branch_labels to 2025-06-01T00:00:00+00:00, run_after=2025-06-02T00:00:00+00:00
[2025-06-02T23:03:56.575+0000] {processor.py:179} INFO - Processing /home/airflow/.local/lib/python3.10/site-packages/airflow/example_dags/example_branch_labels.py took 0.153 seconds
[2025-06-02T23:04:27.001+0000] {processor.py:157} INFO - Started process (PID=81) to work on /home/airflow/.local/lib/python3.10/site-packages/airflow/example_dags/example_branch_labels.py
[2025-06-02T23:04:27.003+0000] {processor.py:829} INFO - Processing file /home/airflow/.local/lib/python3.10/site-packages/airflow/example_dags/example_branch_labels.py for tasks to queue
[2025-06-02T23:04:27.006+0000] {logging_mixin.py:154} INFO - [2025-06-02T23:04:27.006+0000] {dagbag.py:536} INFO - Filling up the DagBag from /home/airflow/.local/lib/python3.10/site-packages/airflow/example_dags/example_branch_labels.py
[2025-06-02T23:04:27.021+0000] {processor.py:839} INFO - DAG(s) dict_keys(['example_branch_labels']) retrieved from /home/airflow/.local/lib/python3.10/site-packages/airflow/example_dags/example_branch_labels.py
[2025-06-02T23:04:27.050+0000] {logging_mixin.py:154} INFO - [2025-06-02T23:04:27.050+0000] {dag.py:2941} INFO - Sync 1 DAGs
[2025-06-02T23:04:27.083+0000] {logging_mixin.py:154} INFO - [2025-06-02T23:04:27.082+0000] {dag.py:3722} INFO - Setting next_dagrun for example_branch_labels to 2025-06-01T00:00:00+00:00, run_after=2025-06-02T00:00:00+00:00
[2025-06-02T23:04:27.103+0000] {processor.py:179} INFO - Processing /home/airflow/.local/lib/python3.10/site-packages/airflow/example_dags/example_branch_labels.py took 0.106 seconds
[2025-06-02T23:04:57.526+0000] {processor.py:157} INFO - Started process (PID=137) to work on /home/airflow/.local/lib/python3.10/site-packages/airflow/example_dags/example_branch_labels.py
[2025-06-02T23:04:57.527+0000] {processor.py:829} INFO - Processing file /home/airflow/.local/lib/python3.10/site-packages/airflow/example_dags/example_branch_labels.py for tasks to queue
[2025-06-02T23:04:57.530+0000] {logging_mixin.py:154} INFO - [2025-06-02T23:04:57.530+0000] {dagbag.py:536} INFO - Filling up the DagBag from /home/airflow/.local/lib/python3.10/site-packages/airflow/example_dags/example_branch_labels.py
[2025-06-02T23:04:57.542+0000] {processor.py:839} INFO - DAG(s) dict_keys(['example_branch_labels']) retrieved from /home/airflow/.local/lib/python3.10/site-packages/airflow/example_dags/example_branch_labels.py
[2025-06-02T23:04:57.571+0000] {logging_mixin.py:154} INFO - [2025-06-02T23:04:57.570+0000] {dag.py:2941} INFO - Sync 1 DAGs
[2025-06-02T23:04:57.603+0000] {logging_mixin.py:154} INFO - [2025-06-02T23:04:57.602+0000] {dag.py:3722} INFO - Setting next_dagrun for example_branch_labels to 2025-06-01T00:00:00+00:00, run_after=2025-06-02T00:00:00+00:00
[2025-06-02T23:04:57.623+0000] {processor.py:179} INFO - Processing /home/airflow/.local/lib/python3.10/site-packages/airflow/example_dags/example_branch_labels.py took 0.102 seconds
[2025-06-02T23:05:28.050+0000] {processor.py:157} INFO - Started process (PID=193) to work on /home/airflow/.local/lib/python3.10/site-packages/airflow/example_dags/example_branch_labels.py
[2025-06-02T23:05:28.058+0000] {processor.py:829} INFO - Processing file /home/airflow/.local/lib/python3.10/site-packages/airflow/example_dags/example_branch_labels.py for tasks to queue
[2025-06-02T23:05:28.066+0000] {logging_mixin.py:154} INFO - [2025-06-02T23:05:28.066+0000] {dagbag.py:536} INFO - Filling up the DagBag from /home/airflow/.local/lib/python3.10/site-packages/airflow/example_dags/example_branch_labels.py
[2025-06-02T23:05:28.105+0000] {processor.py:839} INFO - DAG(s) dict_keys(['example_branch_labels']) retrieved from /home/airflow/.local/lib/python3.10/site-packages/airflow/example_dags/example_branch_labels.py
[2025-06-02T23:05:28.199+0000] {logging_mixin.py:154} INFO - [2025-06-02T23:05:28.198+0000] {dag.py:2941} INFO - Sync 1 DAGs
[2025-06-02T23:05:28.298+0000] {logging_mixin.py:154} INFO - [2025-06-02T23:05:28.297+0000] {dag.py:3722} INFO - Setting next_dagrun for example_branch_labels to 2025-06-01T00:00:00+00:00, run_after=2025-06-02T00:00:00+00:00
[2025-06-02T23:05:28.358+0000] {processor.py:179} INFO - Processing /home/airflow/.local/lib/python3.10/site-packages/airflow/example_dags/example_branch_labels.py took 0.327 seconds
[2025-06-02T23:05:58.580+0000] {processor.py:157} INFO - Started process (PID=249) to work on /home/airflow/.local/lib/python3.10/site-packages/airflow/example_dags/example_branch_labels.py
[2025-06-02T23:05:58.582+0000] {processor.py:829} INFO - Processing file /home/airflow/.local/lib/python3.10/site-packages/airflow/example_dags/example_branch_labels.py for tasks to queue
[2025-06-02T23:05:58.584+0000] {logging_mixin.py:154} INFO - [2025-06-02T23:05:58.584+0000] {dagbag.py:536} INFO - Filling up the DagBag from /home/airflow/.local/lib/python3.10/site-packages/airflow/example_dags/example_branch_labels.py
[2025-06-02T23:05:58.596+0000] {processor.py:839} INFO - DAG(s) dict_keys(['example_branch_labels']) retrieved from /home/airflow/.local/lib/python3.10/site-packages/airflow/example_dags/example_branch_labels.py
[2025-06-02T23:05:58.625+0000] {logging_mixin.py:154} INFO - [2025-06-02T23:05:58.624+0000] {dag.py:2941} INFO - Sync 1 DAGs
[2025-06-02T23:05:58.658+0000] {logging_mixin.py:154} INFO - [2025-06-02T23:05:58.658+0000] {dag.py:3722} INFO - Setting next_dagrun for example_branch_labels to 2025-06-01T00:00:00+00:00, run_after=2025-06-02T00:00:00+00:00
[2025-06-02T23:05:58.680+0000] {processor.py:179} INFO - Processing /home/airflow/.local/lib/python3.10/site-packages/airflow/example_dags/example_branch_labels.py took 0.105 seconds
[2025-06-02T23:06:28.914+0000] {processor.py:157} INFO - Started process (PID=305) to work on /home/airflow/.local/lib/python3.10/site-packages/airflow/example_dags/example_branch_labels.py
[2025-06-02T23:06:28.915+0000] {processor.py:829} INFO - Processing file /home/airflow/.local/lib/python3.10/site-packages/airflow/example_dags/example_branch_labels.py for tasks to queue
[2025-06-02T23:06:28.919+0000] {logging_mixin.py:154} INFO - [2025-06-02T23:06:28.919+0000] {dagbag.py:536} INFO - Filling up the DagBag from /home/airflow/.local/lib/python3.10/site-packages/airflow/example_dags/example_branch_labels.py
[2025-06-02T23:06:28.930+0000] {processor.py:839} INFO - DAG(s) dict_keys(['example_branch_labels']) retrieved from /home/airflow/.local/lib/python3.10/site-packages/airflow/example_dags/example_branch_labels.py
[2025-06-02T23:06:28.959+0000] {logging_mixin.py:154} INFO - [2025-06-02T23:06:28.958+0000] {dag.py:2941} INFO - Sync 1 DAGs
[2025-06-02T23:06:28.989+0000] {logging_mixin.py:154} INFO - [2025-06-02T23:06:28.988+0000] {dag.py:3722} INFO - Setting next_dagrun for example_branch_labels to 2025-06-01T00:00:00+00:00, run_after=2025-06-02T00:00:00+00:00
[2025-06-02T23:06:29.009+0000] {processor.py:179} INFO - Processing /home/airflow/.local/lib/python3.10/site-packages/airflow/example_dags/example_branch_labels.py took 0.100 seconds
[2025-06-02T23:06:59.444+0000] {processor.py:157} INFO - Started process (PID=361) to work on /home/airflow/.local/lib/python3.10/site-packages/airflow/example_dags/example_branch_labels.py
[2025-06-02T23:06:59.445+0000] {processor.py:829} INFO - Processing file /home/airflow/.local/lib/python3.10/site-packages/airflow/example_dags/example_branch_labels.py for tasks to queue
[2025-06-02T23:06:59.448+0000] {logging_mixin.py:154} INFO - [2025-06-02T23:06:59.448+0000] {dagbag.py:536} INFO - Filling up the DagBag from /home/airflow/.local/lib/python3.10/site-packages/airflow/example_dags/example_branch_labels.py
[2025-06-02T23:06:59.459+0000] {processor.py:839} INFO - DAG(s) dict_keys(['example_branch_labels']) retrieved from /home/airflow/.local/lib/python3.10/site-packages/airflow/example_dags/example_branch_labels.py
[2025-06-02T23:06:59.487+0000] {logging_mixin.py:154} INFO - [2025-06-02T23:06:59.486+0000] {dag.py:2941} INFO - Sync 1 DAGs
[2025-06-02T23:06:59.516+0000] {logging_mixin.py:154} INFO - [2025-06-02T23:06:59.516+0000] {dag.py:3722} INFO - Setting next_dagrun for example_branch_labels to 2025-06-01T00:00:00+00:00, run_after=2025-06-02T00:00:00+00:00
[2025-06-02T23:06:59.536+0000] {processor.py:179} INFO - Processing /home/airflow/.local/lib/python3.10/site-packages/airflow/example_dags/example_branch_labels.py took 0.097 seconds
[2025-06-02T23:07:30.447+0000] {processor.py:157} INFO - Started process (PID=417) to work on /home/airflow/.local/lib/python3.10/site-packages/airflow/example_dags/example_branch_labels.py
[2025-06-02T23:07:30.448+0000] {processor.py:829} INFO - Processing file /home/airflow/.local/lib/python3.10/site-packages/airflow/example_dags/example_branch_labels.py for tasks to queue
[2025-06-02T23:07:30.451+0000] {logging_mixin.py:154} INFO - [2025-06-02T23:07:30.451+0000] {dagbag.py:536} INFO - Filling up the DagBag from /home/airflow/.local/lib/python3.10/site-packages/airflow/example_dags/example_branch_labels.py
[2025-06-02T23:07:30.463+0000] {processor.py:839} INFO - DAG(s) dict_keys(['example_branch_labels']) retrieved from /home/airflow/.local/lib/python3.10/site-packages/airflow/example_dags/example_branch_labels.py
[2025-06-02T23:07:30.489+0000] {logging_mixin.py:154} INFO - [2025-06-02T23:07:30.489+0000] {dag.py:2941} INFO - Sync 1 DAGs
[2025-06-02T23:07:30.522+0000] {logging_mixin.py:154} INFO - [2025-06-02T23:07:30.521+0000] {dag.py:3722} INFO - Setting next_dagrun for example_branch_labels to 2025-06-01T00:00:00+00:00, run_after=2025-06-02T00:00:00+00:00
[2025-06-02T23:07:30.553+0000] {processor.py:179} INFO - Processing /home/airflow/.local/lib/python3.10/site-packages/airflow/example_dags/example_branch_labels.py took 0.111 seconds
