[2025-06-02T22:00:01.466+0000] {processor.py:157} INFO - Started process (PID=55) to work on /home/airflow/.local/lib/python3.10/site-packages/airflow/example_dags/example_setup_teardown.py
[2025-06-02T22:00:01.467+0000] {processor.py:829} INFO - Processing file /home/airflow/.local/lib/python3.10/site-packages/airflow/example_dags/example_setup_teardown.py for tasks to queue
[2025-06-02T22:00:01.479+0000] {logging_mixin.py:154} INFO - [2025-06-02T22:00:01.478+0000] {dagbag.py:536} INFO - Filling up the DagBag from /home/airflow/.local/lib/python3.10/site-packages/airflow/example_dags/example_setup_teardown.py
[2025-06-02T22:00:01.514+0000] {processor.py:839} INFO - DAG(s) dict_keys(['example_setup_teardown']) retrieved from /home/airflow/.local/lib/python3.10/site-packages/airflow/example_dags/example_setup_teardown.py
[2025-06-02T22:00:02.017+0000] {logging_mixin.py:154} INFO - [2025-06-02T22:00:02.017+0000] {manager.py:499} INFO - Created Permission View: %s
[2025-06-02T22:00:02.070+0000] {logging_mixin.py:154} INFO - [2025-06-02T22:00:02.070+0000] {manager.py:499} INFO - Created Permission View: %s
[2025-06-02T22:00:02.104+0000] {logging_mixin.py:154} INFO - [2025-06-02T22:00:02.103+0000] {manager.py:499} INFO - Created Permission View: %s
[2025-06-02T22:00:02.104+0000] {logging_mixin.py:154} INFO - [2025-06-02T22:00:02.104+0000] {dag.py:2941} INFO - Sync 1 DAGs
[2025-06-02T22:00:02.136+0000] {logging_mixin.py:154} INFO - [2025-06-02T22:00:02.136+0000] {dag.py:2963} INFO - Creating ORM DAG for example_setup_teardown
[2025-06-02T22:00:02.179+0000] {logging_mixin.py:154} INFO - [2025-06-02T22:00:02.179+0000] {dag.py:3722} INFO - Setting next_dagrun for example_setup_teardown to 2025-06-01T22:00:02.178616+00:00, run_after=2025-06-02T22:00:02.178616+00:00
[2025-06-02T22:00:02.282+0000] {processor.py:179} INFO - Processing /home/airflow/.local/lib/python3.10/site-packages/airflow/example_dags/example_setup_teardown.py took 0.836 seconds
[2025-06-02T22:00:32.390+0000] {processor.py:157} INFO - Started process (PID=109) to work on /home/airflow/.local/lib/python3.10/site-packages/airflow/example_dags/example_setup_teardown.py
[2025-06-02T22:00:32.393+0000] {processor.py:829} INFO - Processing file /home/airflow/.local/lib/python3.10/site-packages/airflow/example_dags/example_setup_teardown.py for tasks to queue
[2025-06-02T22:00:32.395+0000] {logging_mixin.py:154} INFO - [2025-06-02T22:00:32.395+0000] {dagbag.py:536} INFO - Filling up the DagBag from /home/airflow/.local/lib/python3.10/site-packages/airflow/example_dags/example_setup_teardown.py
[2025-06-02T22:00:32.402+0000] {processor.py:839} INFO - DAG(s) dict_keys(['example_setup_teardown']) retrieved from /home/airflow/.local/lib/python3.10/site-packages/airflow/example_dags/example_setup_teardown.py
[2025-06-02T22:00:32.423+0000] {logging_mixin.py:154} INFO - [2025-06-02T22:00:32.423+0000] {dag.py:2941} INFO - Sync 1 DAGs
[2025-06-02T22:00:32.446+0000] {logging_mixin.py:154} INFO - [2025-06-02T22:00:32.446+0000] {dag.py:3722} INFO - Setting next_dagrun for example_setup_teardown to 2025-06-01T22:00:32.445797+00:00, run_after=2025-06-02T22:00:32.445797+00:00
[2025-06-02T22:00:32.467+0000] {processor.py:179} INFO - Processing /home/airflow/.local/lib/python3.10/site-packages/airflow/example_dags/example_setup_teardown.py took 0.081 seconds
[2025-06-02T22:01:02.641+0000] {processor.py:157} INFO - Started process (PID=163) to work on /home/airflow/.local/lib/python3.10/site-packages/airflow/example_dags/example_setup_teardown.py
[2025-06-02T22:01:02.642+0000] {processor.py:829} INFO - Processing file /home/airflow/.local/lib/python3.10/site-packages/airflow/example_dags/example_setup_teardown.py for tasks to queue
[2025-06-02T22:01:02.645+0000] {logging_mixin.py:154} INFO - [2025-06-02T22:01:02.645+0000] {dagbag.py:536} INFO - Filling up the DagBag from /home/airflow/.local/lib/python3.10/site-packages/airflow/example_dags/example_setup_teardown.py
[2025-06-02T22:01:02.654+0000] {processor.py:839} INFO - DAG(s) dict_keys(['example_setup_teardown']) retrieved from /home/airflow/.local/lib/python3.10/site-packages/airflow/example_dags/example_setup_teardown.py
[2025-06-02T22:01:02.682+0000] {logging_mixin.py:154} INFO - [2025-06-02T22:01:02.682+0000] {dag.py:2941} INFO - Sync 1 DAGs
[2025-06-02T22:01:02.708+0000] {logging_mixin.py:154} INFO - [2025-06-02T22:01:02.708+0000] {dag.py:3722} INFO - Setting next_dagrun for example_setup_teardown to 2025-06-01T22:01:02.708440+00:00, run_after=2025-06-02T22:01:02.708440+00:00
[2025-06-02T22:01:02.752+0000] {processor.py:179} INFO - Processing /home/airflow/.local/lib/python3.10/site-packages/airflow/example_dags/example_setup_teardown.py took 0.116 seconds
[2025-06-02T22:01:33.257+0000] {processor.py:157} INFO - Started process (PID=217) to work on /home/airflow/.local/lib/python3.10/site-packages/airflow/example_dags/example_setup_teardown.py
[2025-06-02T22:01:33.259+0000] {processor.py:829} INFO - Processing file /home/airflow/.local/lib/python3.10/site-packages/airflow/example_dags/example_setup_teardown.py for tasks to queue
[2025-06-02T22:01:33.262+0000] {logging_mixin.py:154} INFO - [2025-06-02T22:01:33.262+0000] {dagbag.py:536} INFO - Filling up the DagBag from /home/airflow/.local/lib/python3.10/site-packages/airflow/example_dags/example_setup_teardown.py
[2025-06-02T22:01:33.272+0000] {processor.py:839} INFO - DAG(s) dict_keys(['example_setup_teardown']) retrieved from /home/airflow/.local/lib/python3.10/site-packages/airflow/example_dags/example_setup_teardown.py
[2025-06-02T22:01:33.300+0000] {logging_mixin.py:154} INFO - [2025-06-02T22:01:33.299+0000] {dag.py:2941} INFO - Sync 1 DAGs
[2025-06-02T22:01:33.328+0000] {logging_mixin.py:154} INFO - [2025-06-02T22:01:33.327+0000] {dag.py:3722} INFO - Setting next_dagrun for example_setup_teardown to 2025-06-01T22:01:33.327705+00:00, run_after=2025-06-02T22:01:33.327705+00:00
[2025-06-02T22:01:33.345+0000] {processor.py:179} INFO - Processing /home/airflow/.local/lib/python3.10/site-packages/airflow/example_dags/example_setup_teardown.py took 0.092 seconds
[2025-06-02T22:02:04.030+0000] {processor.py:157} INFO - Started process (PID=272) to work on /home/airflow/.local/lib/python3.10/site-packages/airflow/example_dags/example_setup_teardown.py
[2025-06-02T22:02:04.031+0000] {processor.py:829} INFO - Processing file /home/airflow/.local/lib/python3.10/site-packages/airflow/example_dags/example_setup_teardown.py for tasks to queue
[2025-06-02T22:02:04.034+0000] {logging_mixin.py:154} INFO - [2025-06-02T22:02:04.033+0000] {dagbag.py:536} INFO - Filling up the DagBag from /home/airflow/.local/lib/python3.10/site-packages/airflow/example_dags/example_setup_teardown.py
[2025-06-02T22:02:04.040+0000] {processor.py:839} INFO - DAG(s) dict_keys(['example_setup_teardown']) retrieved from /home/airflow/.local/lib/python3.10/site-packages/airflow/example_dags/example_setup_teardown.py
[2025-06-02T22:02:04.061+0000] {logging_mixin.py:154} INFO - [2025-06-02T22:02:04.060+0000] {dag.py:2941} INFO - Sync 1 DAGs
[2025-06-02T22:02:04.083+0000] {logging_mixin.py:154} INFO - [2025-06-02T22:02:04.082+0000] {dag.py:3722} INFO - Setting next_dagrun for example_setup_teardown to 2025-06-01T22:02:04.082673+00:00, run_after=2025-06-02T22:02:04.082673+00:00
[2025-06-02T22:02:04.100+0000] {processor.py:179} INFO - Processing /home/airflow/.local/lib/python3.10/site-packages/airflow/example_dags/example_setup_teardown.py took 0.073 seconds
[2025-06-02T22:02:34.789+0000] {processor.py:157} INFO - Started process (PID=325) to work on /home/airflow/.local/lib/python3.10/site-packages/airflow/example_dags/example_setup_teardown.py
[2025-06-02T22:02:34.791+0000] {processor.py:829} INFO - Processing file /home/airflow/.local/lib/python3.10/site-packages/airflow/example_dags/example_setup_teardown.py for tasks to queue
[2025-06-02T22:02:34.794+0000] {logging_mixin.py:154} INFO - [2025-06-02T22:02:34.794+0000] {dagbag.py:536} INFO - Filling up the DagBag from /home/airflow/.local/lib/python3.10/site-packages/airflow/example_dags/example_setup_teardown.py
[2025-06-02T22:02:34.804+0000] {processor.py:839} INFO - DAG(s) dict_keys(['example_setup_teardown']) retrieved from /home/airflow/.local/lib/python3.10/site-packages/airflow/example_dags/example_setup_teardown.py
[2025-06-02T22:02:34.830+0000] {logging_mixin.py:154} INFO - [2025-06-02T22:02:34.830+0000] {dag.py:2941} INFO - Sync 1 DAGs
[2025-06-02T22:02:34.856+0000] {logging_mixin.py:154} INFO - [2025-06-02T22:02:34.856+0000] {dag.py:3722} INFO - Setting next_dagrun for example_setup_teardown to 2025-06-01T22:02:34.856301+00:00, run_after=2025-06-02T22:02:34.856301+00:00
[2025-06-02T22:02:34.875+0000] {processor.py:179} INFO - Processing /home/airflow/.local/lib/python3.10/site-packages/airflow/example_dags/example_setup_teardown.py took 0.090 seconds
[2025-06-02T22:03:05.580+0000] {processor.py:157} INFO - Started process (PID=379) to work on /home/airflow/.local/lib/python3.10/site-packages/airflow/example_dags/example_setup_teardown.py
[2025-06-02T22:03:05.581+0000] {processor.py:829} INFO - Processing file /home/airflow/.local/lib/python3.10/site-packages/airflow/example_dags/example_setup_teardown.py for tasks to queue
[2025-06-02T22:03:05.583+0000] {logging_mixin.py:154} INFO - [2025-06-02T22:03:05.583+0000] {dagbag.py:536} INFO - Filling up the DagBag from /home/airflow/.local/lib/python3.10/site-packages/airflow/example_dags/example_setup_teardown.py
[2025-06-02T22:03:05.591+0000] {processor.py:839} INFO - DAG(s) dict_keys(['example_setup_teardown']) retrieved from /home/airflow/.local/lib/python3.10/site-packages/airflow/example_dags/example_setup_teardown.py
[2025-06-02T22:03:05.612+0000] {logging_mixin.py:154} INFO - [2025-06-02T22:03:05.612+0000] {dag.py:2941} INFO - Sync 1 DAGs
[2025-06-02T22:03:05.634+0000] {logging_mixin.py:154} INFO - [2025-06-02T22:03:05.634+0000] {dag.py:3722} INFO - Setting next_dagrun for example_setup_teardown to 2025-06-01T22:03:05.634008+00:00, run_after=2025-06-02T22:03:05.634008+00:00
[2025-06-02T22:03:05.679+0000] {processor.py:179} INFO - Processing /home/airflow/.local/lib/python3.10/site-packages/airflow/example_dags/example_setup_teardown.py took 0.103 seconds
[2025-06-02T22:03:36.794+0000] {processor.py:157} INFO - Started process (PID=434) to work on /home/airflow/.local/lib/python3.10/site-packages/airflow/example_dags/example_setup_teardown.py
[2025-06-02T22:03:36.796+0000] {processor.py:829} INFO - Processing file /home/airflow/.local/lib/python3.10/site-packages/airflow/example_dags/example_setup_teardown.py for tasks to queue
[2025-06-02T22:03:36.799+0000] {logging_mixin.py:154} INFO - [2025-06-02T22:03:36.798+0000] {dagbag.py:536} INFO - Filling up the DagBag from /home/airflow/.local/lib/python3.10/site-packages/airflow/example_dags/example_setup_teardown.py
[2025-06-02T22:03:36.823+0000] {processor.py:839} INFO - DAG(s) dict_keys(['example_setup_teardown']) retrieved from /home/airflow/.local/lib/python3.10/site-packages/airflow/example_dags/example_setup_teardown.py
[2025-06-02T22:03:36.882+0000] {logging_mixin.py:154} INFO - [2025-06-02T22:03:36.882+0000] {dag.py:2941} INFO - Sync 1 DAGs
[2025-06-02T22:03:36.947+0000] {logging_mixin.py:154} INFO - [2025-06-02T22:03:36.946+0000] {dag.py:3722} INFO - Setting next_dagrun for example_setup_teardown to 2025-06-01T22:03:36.946622+00:00, run_after=2025-06-02T22:03:36.946622+00:00
[2025-06-02T22:03:36.999+0000] {processor.py:179} INFO - Processing /home/airflow/.local/lib/python3.10/site-packages/airflow/example_dags/example_setup_teardown.py took 0.222 seconds
[2025-06-02T22:04:07.668+0000] {processor.py:157} INFO - Started process (PID=488) to work on /home/airflow/.local/lib/python3.10/site-packages/airflow/example_dags/example_setup_teardown.py
[2025-06-02T22:04:07.676+0000] {processor.py:829} INFO - Processing file /home/airflow/.local/lib/python3.10/site-packages/airflow/example_dags/example_setup_teardown.py for tasks to queue
[2025-06-02T22:04:07.679+0000] {logging_mixin.py:154} INFO - [2025-06-02T22:04:07.679+0000] {dagbag.py:536} INFO - Filling up the DagBag from /home/airflow/.local/lib/python3.10/site-packages/airflow/example_dags/example_setup_teardown.py
[2025-06-02T22:04:07.693+0000] {processor.py:839} INFO - DAG(s) dict_keys(['example_setup_teardown']) retrieved from /home/airflow/.local/lib/python3.10/site-packages/airflow/example_dags/example_setup_teardown.py
[2025-06-02T22:04:07.748+0000] {logging_mixin.py:154} INFO - [2025-06-02T22:04:07.747+0000] {dag.py:2941} INFO - Sync 1 DAGs
[2025-06-02T22:04:07.811+0000] {logging_mixin.py:154} INFO - [2025-06-02T22:04:07.811+0000] {dag.py:3722} INFO - Setting next_dagrun for example_setup_teardown to 2025-06-01T22:04:07.810938+00:00, run_after=2025-06-02T22:04:07.810938+00:00
[2025-06-02T22:04:07.883+0000] {processor.py:179} INFO - Processing /home/airflow/.local/lib/python3.10/site-packages/airflow/example_dags/example_setup_teardown.py took 0.221 seconds
[2025-06-02T22:04:37.949+0000] {processor.py:157} INFO - Started process (PID=542) to work on /home/airflow/.local/lib/python3.10/site-packages/airflow/example_dags/example_setup_teardown.py
[2025-06-02T22:04:37.951+0000] {processor.py:829} INFO - Processing file /home/airflow/.local/lib/python3.10/site-packages/airflow/example_dags/example_setup_teardown.py for tasks to queue
[2025-06-02T22:04:37.953+0000] {logging_mixin.py:154} INFO - [2025-06-02T22:04:37.953+0000] {dagbag.py:536} INFO - Filling up the DagBag from /home/airflow/.local/lib/python3.10/site-packages/airflow/example_dags/example_setup_teardown.py
[2025-06-02T22:04:37.964+0000] {processor.py:839} INFO - DAG(s) dict_keys(['example_setup_teardown']) retrieved from /home/airflow/.local/lib/python3.10/site-packages/airflow/example_dags/example_setup_teardown.py
[2025-06-02T22:04:37.990+0000] {logging_mixin.py:154} INFO - [2025-06-02T22:04:37.990+0000] {dag.py:2941} INFO - Sync 1 DAGs
[2025-06-02T22:04:38.024+0000] {logging_mixin.py:154} INFO - [2025-06-02T22:04:38.023+0000] {dag.py:3722} INFO - Setting next_dagrun for example_setup_teardown to 2025-06-01T22:04:38.023669+00:00, run_after=2025-06-02T22:04:38.023669+00:00
[2025-06-02T22:04:38.045+0000] {processor.py:179} INFO - Processing /home/airflow/.local/lib/python3.10/site-packages/airflow/example_dags/example_setup_teardown.py took 0.100 seconds
[2025-06-02T22:05:08.225+0000] {processor.py:157} INFO - Started process (PID=596) to work on /home/airflow/.local/lib/python3.10/site-packages/airflow/example_dags/example_setup_teardown.py
[2025-06-02T22:05:08.229+0000] {processor.py:829} INFO - Processing file /home/airflow/.local/lib/python3.10/site-packages/airflow/example_dags/example_setup_teardown.py for tasks to queue
[2025-06-02T22:05:08.232+0000] {logging_mixin.py:154} INFO - [2025-06-02T22:05:08.231+0000] {dagbag.py:536} INFO - Filling up the DagBag from /home/airflow/.local/lib/python3.10/site-packages/airflow/example_dags/example_setup_teardown.py
[2025-06-02T22:05:08.241+0000] {processor.py:839} INFO - DAG(s) dict_keys(['example_setup_teardown']) retrieved from /home/airflow/.local/lib/python3.10/site-packages/airflow/example_dags/example_setup_teardown.py
[2025-06-02T22:05:08.268+0000] {logging_mixin.py:154} INFO - [2025-06-02T22:05:08.267+0000] {dag.py:2941} INFO - Sync 1 DAGs
[2025-06-02T22:05:08.297+0000] {logging_mixin.py:154} INFO - [2025-06-02T22:05:08.297+0000] {dag.py:3722} INFO - Setting next_dagrun for example_setup_teardown to 2025-06-01T22:05:08.297140+00:00, run_after=2025-06-02T22:05:08.297140+00:00
[2025-06-02T22:05:08.319+0000] {processor.py:179} INFO - Processing /home/airflow/.local/lib/python3.10/site-packages/airflow/example_dags/example_setup_teardown.py took 0.098 seconds
[2025-06-02T22:05:38.464+0000] {processor.py:157} INFO - Started process (PID=651) to work on /home/airflow/.local/lib/python3.10/site-packages/airflow/example_dags/example_setup_teardown.py
[2025-06-02T22:05:38.465+0000] {processor.py:829} INFO - Processing file /home/airflow/.local/lib/python3.10/site-packages/airflow/example_dags/example_setup_teardown.py for tasks to queue
[2025-06-02T22:05:38.469+0000] {logging_mixin.py:154} INFO - [2025-06-02T22:05:38.468+0000] {dagbag.py:536} INFO - Filling up the DagBag from /home/airflow/.local/lib/python3.10/site-packages/airflow/example_dags/example_setup_teardown.py
[2025-06-02T22:05:38.480+0000] {processor.py:839} INFO - DAG(s) dict_keys(['example_setup_teardown']) retrieved from /home/airflow/.local/lib/python3.10/site-packages/airflow/example_dags/example_setup_teardown.py
[2025-06-02T22:05:38.504+0000] {logging_mixin.py:154} INFO - [2025-06-02T22:05:38.504+0000] {dag.py:2941} INFO - Sync 1 DAGs
[2025-06-02T22:05:38.533+0000] {logging_mixin.py:154} INFO - [2025-06-02T22:05:38.533+0000] {dag.py:3722} INFO - Setting next_dagrun for example_setup_teardown to 2025-06-01T22:05:38.533273+00:00, run_after=2025-06-02T22:05:38.533273+00:00
[2025-06-02T22:05:38.560+0000] {processor.py:179} INFO - Processing /home/airflow/.local/lib/python3.10/site-packages/airflow/example_dags/example_setup_teardown.py took 0.100 seconds
[2025-06-02T22:06:08.663+0000] {processor.py:157} INFO - Started process (PID=705) to work on /home/airflow/.local/lib/python3.10/site-packages/airflow/example_dags/example_setup_teardown.py
[2025-06-02T22:06:08.664+0000] {processor.py:829} INFO - Processing file /home/airflow/.local/lib/python3.10/site-packages/airflow/example_dags/example_setup_teardown.py for tasks to queue
[2025-06-02T22:06:08.667+0000] {logging_mixin.py:154} INFO - [2025-06-02T22:06:08.667+0000] {dagbag.py:536} INFO - Filling up the DagBag from /home/airflow/.local/lib/python3.10/site-packages/airflow/example_dags/example_setup_teardown.py
[2025-06-02T22:06:08.704+0000] {processor.py:839} INFO - DAG(s) dict_keys(['example_setup_teardown']) retrieved from /home/airflow/.local/lib/python3.10/site-packages/airflow/example_dags/example_setup_teardown.py
[2025-06-02T22:06:08.802+0000] {logging_mixin.py:154} INFO - [2025-06-02T22:06:08.802+0000] {dag.py:2941} INFO - Sync 1 DAGs
[2025-06-02T22:06:08.852+0000] {logging_mixin.py:154} INFO - [2025-06-02T22:06:08.852+0000] {dag.py:3722} INFO - Setting next_dagrun for example_setup_teardown to 2025-06-01T22:06:08.852028+00:00, run_after=2025-06-02T22:06:08.852028+00:00
[2025-06-02T22:06:08.877+0000] {processor.py:179} INFO - Processing /home/airflow/.local/lib/python3.10/site-packages/airflow/example_dags/example_setup_teardown.py took 0.221 seconds
[2025-06-02T22:06:39.309+0000] {processor.py:157} INFO - Started process (PID=766) to work on /home/airflow/.local/lib/python3.10/site-packages/airflow/example_dags/example_setup_teardown.py
[2025-06-02T22:06:39.310+0000] {processor.py:829} INFO - Processing file /home/airflow/.local/lib/python3.10/site-packages/airflow/example_dags/example_setup_teardown.py for tasks to queue
[2025-06-02T22:06:39.313+0000] {logging_mixin.py:154} INFO - [2025-06-02T22:06:39.313+0000] {dagbag.py:536} INFO - Filling up the DagBag from /home/airflow/.local/lib/python3.10/site-packages/airflow/example_dags/example_setup_teardown.py
[2025-06-02T22:06:39.324+0000] {processor.py:839} INFO - DAG(s) dict_keys(['example_setup_teardown']) retrieved from /home/airflow/.local/lib/python3.10/site-packages/airflow/example_dags/example_setup_teardown.py
[2025-06-02T22:06:39.373+0000] {logging_mixin.py:154} INFO - [2025-06-02T22:06:39.372+0000] {dag.py:2941} INFO - Sync 1 DAGs
[2025-06-02T22:06:39.402+0000] {logging_mixin.py:154} INFO - [2025-06-02T22:06:39.402+0000] {dag.py:3722} INFO - Setting next_dagrun for example_setup_teardown to 2025-06-01T22:06:39.401985+00:00, run_after=2025-06-02T22:06:39.401985+00:00
[2025-06-02T22:06:39.436+0000] {processor.py:179} INFO - Processing /home/airflow/.local/lib/python3.10/site-packages/airflow/example_dags/example_setup_teardown.py took 0.131 seconds
[2025-06-02T22:07:10.307+0000] {processor.py:157} INFO - Started process (PID=820) to work on /home/airflow/.local/lib/python3.10/site-packages/airflow/example_dags/example_setup_teardown.py
[2025-06-02T22:07:10.308+0000] {processor.py:829} INFO - Processing file /home/airflow/.local/lib/python3.10/site-packages/airflow/example_dags/example_setup_teardown.py for tasks to queue
[2025-06-02T22:07:10.311+0000] {logging_mixin.py:154} INFO - [2025-06-02T22:07:10.310+0000] {dagbag.py:536} INFO - Filling up the DagBag from /home/airflow/.local/lib/python3.10/site-packages/airflow/example_dags/example_setup_teardown.py
[2025-06-02T22:07:10.320+0000] {processor.py:839} INFO - DAG(s) dict_keys(['example_setup_teardown']) retrieved from /home/airflow/.local/lib/python3.10/site-packages/airflow/example_dags/example_setup_teardown.py
[2025-06-02T22:07:10.346+0000] {logging_mixin.py:154} INFO - [2025-06-02T22:07:10.346+0000] {dag.py:2941} INFO - Sync 1 DAGs
[2025-06-02T22:07:10.379+0000] {logging_mixin.py:154} INFO - [2025-06-02T22:07:10.378+0000] {dag.py:3722} INFO - Setting next_dagrun for example_setup_teardown to 2025-06-01T22:07:10.378564+00:00, run_after=2025-06-02T22:07:10.378564+00:00
[2025-06-02T22:07:10.596+0000] {processor.py:179} INFO - Processing /home/airflow/.local/lib/python3.10/site-packages/airflow/example_dags/example_setup_teardown.py took 0.296 seconds
[2025-06-02T22:07:41.157+0000] {processor.py:157} INFO - Started process (PID=874) to work on /home/airflow/.local/lib/python3.10/site-packages/airflow/example_dags/example_setup_teardown.py
[2025-06-02T22:07:41.159+0000] {processor.py:829} INFO - Processing file /home/airflow/.local/lib/python3.10/site-packages/airflow/example_dags/example_setup_teardown.py for tasks to queue
[2025-06-02T22:07:41.162+0000] {logging_mixin.py:154} INFO - [2025-06-02T22:07:41.161+0000] {dagbag.py:536} INFO - Filling up the DagBag from /home/airflow/.local/lib/python3.10/site-packages/airflow/example_dags/example_setup_teardown.py
[2025-06-02T22:07:41.172+0000] {processor.py:839} INFO - DAG(s) dict_keys(['example_setup_teardown']) retrieved from /home/airflow/.local/lib/python3.10/site-packages/airflow/example_dags/example_setup_teardown.py
[2025-06-02T22:07:41.199+0000] {logging_mixin.py:154} INFO - [2025-06-02T22:07:41.199+0000] {dag.py:2941} INFO - Sync 1 DAGs
[2025-06-02T22:07:41.227+0000] {logging_mixin.py:154} INFO - [2025-06-02T22:07:41.227+0000] {dag.py:3722} INFO - Setting next_dagrun for example_setup_teardown to 2025-06-01T22:07:41.227528+00:00, run_after=2025-06-02T22:07:41.227528+00:00
[2025-06-02T22:07:41.266+0000] {processor.py:179} INFO - Processing /home/airflow/.local/lib/python3.10/site-packages/airflow/example_dags/example_setup_teardown.py took 0.114 seconds
[2025-06-02T22:08:11.804+0000] {processor.py:157} INFO - Started process (PID=928) to work on /home/airflow/.local/lib/python3.10/site-packages/airflow/example_dags/example_setup_teardown.py
[2025-06-02T22:08:11.805+0000] {processor.py:829} INFO - Processing file /home/airflow/.local/lib/python3.10/site-packages/airflow/example_dags/example_setup_teardown.py for tasks to queue
[2025-06-02T22:08:11.809+0000] {logging_mixin.py:154} INFO - [2025-06-02T22:08:11.808+0000] {dagbag.py:536} INFO - Filling up the DagBag from /home/airflow/.local/lib/python3.10/site-packages/airflow/example_dags/example_setup_teardown.py
[2025-06-02T22:08:11.818+0000] {processor.py:839} INFO - DAG(s) dict_keys(['example_setup_teardown']) retrieved from /home/airflow/.local/lib/python3.10/site-packages/airflow/example_dags/example_setup_teardown.py
[2025-06-02T22:08:11.844+0000] {logging_mixin.py:154} INFO - [2025-06-02T22:08:11.844+0000] {dag.py:2941} INFO - Sync 1 DAGs
[2025-06-02T22:08:11.873+0000] {logging_mixin.py:154} INFO - [2025-06-02T22:08:11.873+0000] {dag.py:3722} INFO - Setting next_dagrun for example_setup_teardown to 2025-06-01T22:08:11.873000+00:00, run_after=2025-06-02T22:08:11.873000+00:00
[2025-06-02T22:08:11.893+0000] {processor.py:179} INFO - Processing /home/airflow/.local/lib/python3.10/site-packages/airflow/example_dags/example_setup_teardown.py took 0.093 seconds
[2025-06-02T22:08:42.416+0000] {processor.py:157} INFO - Started process (PID=982) to work on /home/airflow/.local/lib/python3.10/site-packages/airflow/example_dags/example_setup_teardown.py
[2025-06-02T22:08:42.418+0000] {processor.py:829} INFO - Processing file /home/airflow/.local/lib/python3.10/site-packages/airflow/example_dags/example_setup_teardown.py for tasks to queue
[2025-06-02T22:08:42.421+0000] {logging_mixin.py:154} INFO - [2025-06-02T22:08:42.420+0000] {dagbag.py:536} INFO - Filling up the DagBag from /home/airflow/.local/lib/python3.10/site-packages/airflow/example_dags/example_setup_teardown.py
[2025-06-02T22:08:42.430+0000] {processor.py:839} INFO - DAG(s) dict_keys(['example_setup_teardown']) retrieved from /home/airflow/.local/lib/python3.10/site-packages/airflow/example_dags/example_setup_teardown.py
[2025-06-02T22:08:42.456+0000] {logging_mixin.py:154} INFO - [2025-06-02T22:08:42.456+0000] {dag.py:2941} INFO - Sync 1 DAGs
[2025-06-02T22:08:42.486+0000] {logging_mixin.py:154} INFO - [2025-06-02T22:08:42.486+0000] {dag.py:3722} INFO - Setting next_dagrun for example_setup_teardown to 2025-06-01T22:08:42.485929+00:00, run_after=2025-06-02T22:08:42.485929+00:00
[2025-06-02T22:08:42.702+0000] {processor.py:179} INFO - Processing /home/airflow/.local/lib/python3.10/site-packages/airflow/example_dags/example_setup_teardown.py took 0.293 seconds
[2025-06-02T22:09:12.881+0000] {processor.py:157} INFO - Started process (PID=1036) to work on /home/airflow/.local/lib/python3.10/site-packages/airflow/example_dags/example_setup_teardown.py
[2025-06-02T22:09:12.883+0000] {processor.py:829} INFO - Processing file /home/airflow/.local/lib/python3.10/site-packages/airflow/example_dags/example_setup_teardown.py for tasks to queue
[2025-06-02T22:09:12.886+0000] {logging_mixin.py:154} INFO - [2025-06-02T22:09:12.885+0000] {dagbag.py:536} INFO - Filling up the DagBag from /home/airflow/.local/lib/python3.10/site-packages/airflow/example_dags/example_setup_teardown.py
[2025-06-02T22:09:12.898+0000] {processor.py:839} INFO - DAG(s) dict_keys(['example_setup_teardown']) retrieved from /home/airflow/.local/lib/python3.10/site-packages/airflow/example_dags/example_setup_teardown.py
[2025-06-02T22:09:12.950+0000] {logging_mixin.py:154} INFO - [2025-06-02T22:09:12.950+0000] {dag.py:2941} INFO - Sync 1 DAGs
[2025-06-02T22:09:13.007+0000] {logging_mixin.py:154} INFO - [2025-06-02T22:09:13.007+0000] {dag.py:3722} INFO - Setting next_dagrun for example_setup_teardown to 2025-06-01T22:09:13.007005+00:00, run_after=2025-06-02T22:09:13.007005+00:00
[2025-06-02T22:09:13.092+0000] {processor.py:179} INFO - Processing /home/airflow/.local/lib/python3.10/site-packages/airflow/example_dags/example_setup_teardown.py took 0.230 seconds
[2025-06-02T22:09:43.205+0000] {processor.py:157} INFO - Started process (PID=1089) to work on /home/airflow/.local/lib/python3.10/site-packages/airflow/example_dags/example_setup_teardown.py
[2025-06-02T22:09:43.223+0000] {processor.py:829} INFO - Processing file /home/airflow/.local/lib/python3.10/site-packages/airflow/example_dags/example_setup_teardown.py for tasks to queue
[2025-06-02T22:09:43.238+0000] {logging_mixin.py:154} INFO - [2025-06-02T22:09:43.225+0000] {dagbag.py:536} INFO - Filling up the DagBag from /home/airflow/.local/lib/python3.10/site-packages/airflow/example_dags/example_setup_teardown.py
[2025-06-02T22:09:43.258+0000] {processor.py:839} INFO - DAG(s) dict_keys(['example_setup_teardown']) retrieved from /home/airflow/.local/lib/python3.10/site-packages/airflow/example_dags/example_setup_teardown.py
[2025-06-02T22:09:43.739+0000] {logging_mixin.py:154} INFO - [2025-06-02T22:09:43.739+0000] {dag.py:2941} INFO - Sync 1 DAGs
[2025-06-02T22:09:43.784+0000] {logging_mixin.py:154} INFO - [2025-06-02T22:09:43.784+0000] {dag.py:3722} INFO - Setting next_dagrun for example_setup_teardown to 2025-06-01T22:09:43.783782+00:00, run_after=2025-06-02T22:09:43.783782+00:00
[2025-06-02T22:09:43.835+0000] {processor.py:179} INFO - Processing /home/airflow/.local/lib/python3.10/site-packages/airflow/example_dags/example_setup_teardown.py took 0.634 seconds
[2025-06-02T22:10:14.021+0000] {processor.py:157} INFO - Started process (PID=1143) to work on /home/airflow/.local/lib/python3.10/site-packages/airflow/example_dags/example_setup_teardown.py
[2025-06-02T22:10:14.022+0000] {processor.py:829} INFO - Processing file /home/airflow/.local/lib/python3.10/site-packages/airflow/example_dags/example_setup_teardown.py for tasks to queue
[2025-06-02T22:10:14.025+0000] {logging_mixin.py:154} INFO - [2025-06-02T22:10:14.025+0000] {dagbag.py:536} INFO - Filling up the DagBag from /home/airflow/.local/lib/python3.10/site-packages/airflow/example_dags/example_setup_teardown.py
[2025-06-02T22:10:14.035+0000] {processor.py:839} INFO - DAG(s) dict_keys(['example_setup_teardown']) retrieved from /home/airflow/.local/lib/python3.10/site-packages/airflow/example_dags/example_setup_teardown.py
[2025-06-02T22:10:14.063+0000] {logging_mixin.py:154} INFO - [2025-06-02T22:10:14.063+0000] {dag.py:2941} INFO - Sync 1 DAGs
[2025-06-02T22:10:14.282+0000] {logging_mixin.py:154} INFO - [2025-06-02T22:10:14.282+0000] {dag.py:3722} INFO - Setting next_dagrun for example_setup_teardown to 2025-06-01T22:10:14.282036+00:00, run_after=2025-06-02T22:10:14.282036+00:00
[2025-06-02T22:10:14.300+0000] {processor.py:179} INFO - Processing /home/airflow/.local/lib/python3.10/site-packages/airflow/example_dags/example_setup_teardown.py took 0.284 seconds
[2025-06-02T22:10:45.004+0000] {processor.py:157} INFO - Started process (PID=1197) to work on /home/airflow/.local/lib/python3.10/site-packages/airflow/example_dags/example_setup_teardown.py
[2025-06-02T22:10:45.008+0000] {processor.py:829} INFO - Processing file /home/airflow/.local/lib/python3.10/site-packages/airflow/example_dags/example_setup_teardown.py for tasks to queue
[2025-06-02T22:10:45.012+0000] {logging_mixin.py:154} INFO - [2025-06-02T22:10:45.012+0000] {dagbag.py:536} INFO - Filling up the DagBag from /home/airflow/.local/lib/python3.10/site-packages/airflow/example_dags/example_setup_teardown.py
[2025-06-02T22:10:45.022+0000] {processor.py:839} INFO - DAG(s) dict_keys(['example_setup_teardown']) retrieved from /home/airflow/.local/lib/python3.10/site-packages/airflow/example_dags/example_setup_teardown.py
[2025-06-02T22:10:45.051+0000] {logging_mixin.py:154} INFO - [2025-06-02T22:10:45.051+0000] {dag.py:2941} INFO - Sync 1 DAGs
[2025-06-02T22:10:45.076+0000] {logging_mixin.py:154} INFO - [2025-06-02T22:10:45.076+0000] {dag.py:3722} INFO - Setting next_dagrun for example_setup_teardown to 2025-06-01T22:10:45.076298+00:00, run_after=2025-06-02T22:10:45.076298+00:00
[2025-06-02T22:10:45.097+0000] {processor.py:179} INFO - Processing /home/airflow/.local/lib/python3.10/site-packages/airflow/example_dags/example_setup_teardown.py took 0.098 seconds
[2025-06-02T23:03:30.402+0000] {processor.py:157} INFO - Started process (PID=57) to work on /home/airflow/.local/lib/python3.10/site-packages/airflow/example_dags/example_setup_teardown.py
[2025-06-02T23:03:30.406+0000] {processor.py:829} INFO - Processing file /home/airflow/.local/lib/python3.10/site-packages/airflow/example_dags/example_setup_teardown.py for tasks to queue
[2025-06-02T23:03:30.410+0000] {logging_mixin.py:154} INFO - [2025-06-02T23:03:30.409+0000] {dagbag.py:536} INFO - Filling up the DagBag from /home/airflow/.local/lib/python3.10/site-packages/airflow/example_dags/example_setup_teardown.py
[2025-06-02T23:03:30.452+0000] {processor.py:839} INFO - DAG(s) dict_keys(['example_setup_teardown']) retrieved from /home/airflow/.local/lib/python3.10/site-packages/airflow/example_dags/example_setup_teardown.py
[2025-06-02T23:03:30.568+0000] {logging_mixin.py:154} INFO - [2025-06-02T23:03:30.568+0000] {dag.py:2941} INFO - Sync 1 DAGs
[2025-06-02T23:03:30.683+0000] {logging_mixin.py:154} INFO - [2025-06-02T23:03:30.682+0000] {dag.py:3722} INFO - Setting next_dagrun for example_setup_teardown to 2025-06-01T23:03:30.682434+00:00, run_after=2025-06-02T23:03:30.682434+00:00
[2025-06-02T23:03:30.796+0000] {processor.py:179} INFO - Processing /home/airflow/.local/lib/python3.10/site-packages/airflow/example_dags/example_setup_teardown.py took 0.407 seconds
[2025-06-02T23:03:58.572+0000] {processor.py:157} INFO - Started process (PID=49) to work on /home/airflow/.local/lib/python3.10/site-packages/airflow/example_dags/example_setup_teardown.py
[2025-06-02T23:03:58.574+0000] {processor.py:829} INFO - Processing file /home/airflow/.local/lib/python3.10/site-packages/airflow/example_dags/example_setup_teardown.py for tasks to queue
[2025-06-02T23:03:58.577+0000] {logging_mixin.py:154} INFO - [2025-06-02T23:03:58.576+0000] {dagbag.py:536} INFO - Filling up the DagBag from /home/airflow/.local/lib/python3.10/site-packages/airflow/example_dags/example_setup_teardown.py
[2025-06-02T23:03:58.588+0000] {processor.py:839} INFO - DAG(s) dict_keys(['example_setup_teardown']) retrieved from /home/airflow/.local/lib/python3.10/site-packages/airflow/example_dags/example_setup_teardown.py
[2025-06-02T23:03:58.625+0000] {logging_mixin.py:154} INFO - [2025-06-02T23:03:58.624+0000] {dag.py:2941} INFO - Sync 1 DAGs
[2025-06-02T23:03:58.655+0000] {logging_mixin.py:154} INFO - [2025-06-02T23:03:58.654+0000] {dag.py:3722} INFO - Setting next_dagrun for example_setup_teardown to 2025-06-01T23:03:58.654065+00:00, run_after=2025-06-02T23:03:58.654065+00:00
[2025-06-02T23:03:58.678+0000] {processor.py:179} INFO - Processing /home/airflow/.local/lib/python3.10/site-packages/airflow/example_dags/example_setup_teardown.py took 0.110 seconds
[2025-06-02T23:04:29.513+0000] {processor.py:157} INFO - Started process (PID=105) to work on /home/airflow/.local/lib/python3.10/site-packages/airflow/example_dags/example_setup_teardown.py
[2025-06-02T23:04:29.530+0000] {processor.py:829} INFO - Processing file /home/airflow/.local/lib/python3.10/site-packages/airflow/example_dags/example_setup_teardown.py for tasks to queue
[2025-06-02T23:04:29.535+0000] {logging_mixin.py:154} INFO - [2025-06-02T23:04:29.534+0000] {dagbag.py:536} INFO - Filling up the DagBag from /home/airflow/.local/lib/python3.10/site-packages/airflow/example_dags/example_setup_teardown.py
[2025-06-02T23:04:29.555+0000] {processor.py:839} INFO - DAG(s) dict_keys(['example_setup_teardown']) retrieved from /home/airflow/.local/lib/python3.10/site-packages/airflow/example_dags/example_setup_teardown.py
[2025-06-02T23:04:29.611+0000] {logging_mixin.py:154} INFO - [2025-06-02T23:04:29.611+0000] {dag.py:2941} INFO - Sync 1 DAGs
[2025-06-02T23:04:29.645+0000] {logging_mixin.py:154} INFO - [2025-06-02T23:04:29.645+0000] {dag.py:3722} INFO - Setting next_dagrun for example_setup_teardown to 2025-06-01T23:04:29.645187+00:00, run_after=2025-06-02T23:04:29.645187+00:00
[2025-06-02T23:04:29.679+0000] {processor.py:179} INFO - Processing /home/airflow/.local/lib/python3.10/site-packages/airflow/example_dags/example_setup_teardown.py took 0.178 seconds
[2025-06-02T23:04:59.837+0000] {processor.py:157} INFO - Started process (PID=161) to work on /home/airflow/.local/lib/python3.10/site-packages/airflow/example_dags/example_setup_teardown.py
[2025-06-02T23:04:59.838+0000] {processor.py:829} INFO - Processing file /home/airflow/.local/lib/python3.10/site-packages/airflow/example_dags/example_setup_teardown.py for tasks to queue
[2025-06-02T23:04:59.841+0000] {logging_mixin.py:154} INFO - [2025-06-02T23:04:59.841+0000] {dagbag.py:536} INFO - Filling up the DagBag from /home/airflow/.local/lib/python3.10/site-packages/airflow/example_dags/example_setup_teardown.py
[2025-06-02T23:04:59.850+0000] {processor.py:839} INFO - DAG(s) dict_keys(['example_setup_teardown']) retrieved from /home/airflow/.local/lib/python3.10/site-packages/airflow/example_dags/example_setup_teardown.py
[2025-06-02T23:04:59.879+0000] {logging_mixin.py:154} INFO - [2025-06-02T23:04:59.878+0000] {dag.py:2941} INFO - Sync 1 DAGs
[2025-06-02T23:04:59.909+0000] {logging_mixin.py:154} INFO - [2025-06-02T23:04:59.909+0000] {dag.py:3722} INFO - Setting next_dagrun for example_setup_teardown to 2025-06-01T23:04:59.909109+00:00, run_after=2025-06-02T23:04:59.909109+00:00
[2025-06-02T23:04:59.929+0000] {processor.py:179} INFO - Processing /home/airflow/.local/lib/python3.10/site-packages/airflow/example_dags/example_setup_teardown.py took 0.096 seconds
[2025-06-02T23:05:31.968+0000] {processor.py:157} INFO - Started process (PID=217) to work on /home/airflow/.local/lib/python3.10/site-packages/airflow/example_dags/example_setup_teardown.py
[2025-06-02T23:05:31.970+0000] {processor.py:829} INFO - Processing file /home/airflow/.local/lib/python3.10/site-packages/airflow/example_dags/example_setup_teardown.py for tasks to queue
[2025-06-02T23:05:31.973+0000] {logging_mixin.py:154} INFO - [2025-06-02T23:05:31.973+0000] {dagbag.py:536} INFO - Filling up the DagBag from /home/airflow/.local/lib/python3.10/site-packages/airflow/example_dags/example_setup_teardown.py
[2025-06-02T23:05:31.982+0000] {processor.py:839} INFO - DAG(s) dict_keys(['example_setup_teardown']) retrieved from /home/airflow/.local/lib/python3.10/site-packages/airflow/example_dags/example_setup_teardown.py
[2025-06-02T23:05:32.018+0000] {logging_mixin.py:154} INFO - [2025-06-02T23:05:32.018+0000] {dag.py:2941} INFO - Sync 1 DAGs
[2025-06-02T23:05:32.048+0000] {logging_mixin.py:154} INFO - [2025-06-02T23:05:32.047+0000] {dag.py:3722} INFO - Setting next_dagrun for example_setup_teardown to 2025-06-01T23:05:32.047494+00:00, run_after=2025-06-02T23:05:32.047494+00:00
[2025-06-02T23:05:32.073+0000] {processor.py:179} INFO - Processing /home/airflow/.local/lib/python3.10/site-packages/airflow/example_dags/example_setup_teardown.py took 0.109 seconds
[2025-06-02T23:06:05.994+0000] {processor.py:157} INFO - Started process (PID=273) to work on /home/airflow/.local/lib/python3.10/site-packages/airflow/example_dags/example_setup_teardown.py
[2025-06-02T23:06:06.004+0000] {processor.py:829} INFO - Processing file /home/airflow/.local/lib/python3.10/site-packages/airflow/example_dags/example_setup_teardown.py for tasks to queue
[2025-06-02T23:06:06.007+0000] {logging_mixin.py:154} INFO - [2025-06-02T23:06:06.006+0000] {dagbag.py:536} INFO - Filling up the DagBag from /home/airflow/.local/lib/python3.10/site-packages/airflow/example_dags/example_setup_teardown.py
[2025-06-02T23:06:06.016+0000] {processor.py:839} INFO - DAG(s) dict_keys(['example_setup_teardown']) retrieved from /home/airflow/.local/lib/python3.10/site-packages/airflow/example_dags/example_setup_teardown.py
[2025-06-02T23:06:06.067+0000] {logging_mixin.py:154} INFO - [2025-06-02T23:06:06.067+0000] {dag.py:2941} INFO - Sync 1 DAGs
[2025-06-02T23:06:06.110+0000] {logging_mixin.py:154} INFO - [2025-06-02T23:06:06.110+0000] {dag.py:3722} INFO - Setting next_dagrun for example_setup_teardown to 2025-06-01T23:06:06.110011+00:00, run_after=2025-06-02T23:06:06.110011+00:00
[2025-06-02T23:06:06.150+0000] {processor.py:179} INFO - Processing /home/airflow/.local/lib/python3.10/site-packages/airflow/example_dags/example_setup_teardown.py took 0.168 seconds
[2025-06-02T23:06:37.515+0000] {processor.py:157} INFO - Started process (PID=329) to work on /home/airflow/.local/lib/python3.10/site-packages/airflow/example_dags/example_setup_teardown.py
[2025-06-02T23:06:37.523+0000] {processor.py:829} INFO - Processing file /home/airflow/.local/lib/python3.10/site-packages/airflow/example_dags/example_setup_teardown.py for tasks to queue
[2025-06-02T23:06:37.534+0000] {logging_mixin.py:154} INFO - [2025-06-02T23:06:37.534+0000] {dagbag.py:536} INFO - Filling up the DagBag from /home/airflow/.local/lib/python3.10/site-packages/airflow/example_dags/example_setup_teardown.py
[2025-06-02T23:06:37.575+0000] {processor.py:839} INFO - DAG(s) dict_keys(['example_setup_teardown']) retrieved from /home/airflow/.local/lib/python3.10/site-packages/airflow/example_dags/example_setup_teardown.py
[2025-06-02T23:06:37.688+0000] {logging_mixin.py:154} INFO - [2025-06-02T23:06:37.688+0000] {dag.py:2941} INFO - Sync 1 DAGs
[2025-06-02T23:06:37.774+0000] {logging_mixin.py:154} INFO - [2025-06-02T23:06:37.774+0000] {dag.py:3722} INFO - Setting next_dagrun for example_setup_teardown to 2025-06-01T23:06:37.774302+00:00, run_after=2025-06-02T23:06:37.774302+00:00
[2025-06-02T23:06:37.862+0000] {processor.py:179} INFO - Processing /home/airflow/.local/lib/python3.10/site-packages/airflow/example_dags/example_setup_teardown.py took 0.363 seconds
[2025-06-02T23:07:08.734+0000] {processor.py:157} INFO - Started process (PID=385) to work on /home/airflow/.local/lib/python3.10/site-packages/airflow/example_dags/example_setup_teardown.py
[2025-06-02T23:07:08.735+0000] {processor.py:829} INFO - Processing file /home/airflow/.local/lib/python3.10/site-packages/airflow/example_dags/example_setup_teardown.py for tasks to queue
[2025-06-02T23:07:08.738+0000] {logging_mixin.py:154} INFO - [2025-06-02T23:07:08.737+0000] {dagbag.py:536} INFO - Filling up the DagBag from /home/airflow/.local/lib/python3.10/site-packages/airflow/example_dags/example_setup_teardown.py
[2025-06-02T23:07:08.747+0000] {processor.py:839} INFO - DAG(s) dict_keys(['example_setup_teardown']) retrieved from /home/airflow/.local/lib/python3.10/site-packages/airflow/example_dags/example_setup_teardown.py
[2025-06-02T23:07:08.775+0000] {logging_mixin.py:154} INFO - [2025-06-02T23:07:08.774+0000] {dag.py:2941} INFO - Sync 1 DAGs
[2025-06-02T23:07:08.803+0000] {logging_mixin.py:154} INFO - [2025-06-02T23:07:08.803+0000] {dag.py:3722} INFO - Setting next_dagrun for example_setup_teardown to 2025-06-01T23:07:08.803334+00:00, run_after=2025-06-02T23:07:08.803334+00:00
[2025-06-02T23:07:08.835+0000] {processor.py:179} INFO - Processing /home/airflow/.local/lib/python3.10/site-packages/airflow/example_dags/example_setup_teardown.py took 0.108 seconds
