[2025-06-02T22:00:07.287+0000] {processor.py:157} INFO - Started process (PID=73) to work on /home/airflow/.local/lib/python3.10/site-packages/airflow/example_dags/example_skip_dag.py
[2025-06-02T22:00:07.288+0000] {processor.py:829} INFO - Processing file /home/airflow/.local/lib/python3.10/site-packages/airflow/example_dags/example_skip_dag.py for tasks to queue
[2025-06-02T22:00:07.292+0000] {logging_mixin.py:154} INFO - [2025-06-02T22:00:07.292+0000] {dagbag.py:536} INFO - Filling up the DagBag from /home/airflow/.local/lib/python3.10/site-packages/airflow/example_dags/example_skip_dag.py
[2025-06-02T22:00:07.302+0000] {processor.py:839} INFO - DAG(s) dict_keys(['example_skip_dag']) retrieved from /home/airflow/.local/lib/python3.10/site-packages/airflow/example_dags/example_skip_dag.py
[2025-06-02T22:00:07.473+0000] {logging_mixin.py:154} INFO - [2025-06-02T22:00:07.473+0000] {manager.py:499} INFO - Created Permission View: %s
[2025-06-02T22:00:07.492+0000] {logging_mixin.py:154} INFO - [2025-06-02T22:00:07.492+0000] {manager.py:499} INFO - Created Permission View: %s
[2025-06-02T22:00:07.511+0000] {logging_mixin.py:154} INFO - [2025-06-02T22:00:07.510+0000] {manager.py:499} INFO - Created Permission View: %s
[2025-06-02T22:00:07.511+0000] {logging_mixin.py:154} INFO - [2025-06-02T22:00:07.511+0000] {dag.py:2941} INFO - Sync 1 DAGs
[2025-06-02T22:00:07.549+0000] {logging_mixin.py:154} INFO - [2025-06-02T22:00:07.549+0000] {dag.py:2963} INFO - Creating ORM DAG for example_skip_dag
[2025-06-02T22:00:07.587+0000] {logging_mixin.py:154} INFO - [2025-06-02T22:00:07.586+0000] {dag.py:3722} INFO - Setting next_dagrun for example_skip_dag to 2025-06-01T22:00:07.586406+00:00, run_after=2025-06-02T22:00:07.586406+00:00
[2025-06-02T22:00:07.743+0000] {processor.py:179} INFO - Processing /home/airflow/.local/lib/python3.10/site-packages/airflow/example_dags/example_skip_dag.py took 0.461 seconds
[2025-06-02T22:00:38.459+0000] {processor.py:157} INFO - Started process (PID=134) to work on /home/airflow/.local/lib/python3.10/site-packages/airflow/example_dags/example_skip_dag.py
[2025-06-02T22:00:38.461+0000] {processor.py:829} INFO - Processing file /home/airflow/.local/lib/python3.10/site-packages/airflow/example_dags/example_skip_dag.py for tasks to queue
[2025-06-02T22:00:38.464+0000] {logging_mixin.py:154} INFO - [2025-06-02T22:00:38.464+0000] {dagbag.py:536} INFO - Filling up the DagBag from /home/airflow/.local/lib/python3.10/site-packages/airflow/example_dags/example_skip_dag.py
[2025-06-02T22:00:38.473+0000] {processor.py:839} INFO - DAG(s) dict_keys(['example_skip_dag']) retrieved from /home/airflow/.local/lib/python3.10/site-packages/airflow/example_dags/example_skip_dag.py
[2025-06-02T22:00:38.501+0000] {logging_mixin.py:154} INFO - [2025-06-02T22:00:38.501+0000] {dag.py:2941} INFO - Sync 1 DAGs
[2025-06-02T22:00:38.533+0000] {logging_mixin.py:154} INFO - [2025-06-02T22:00:38.533+0000] {dag.py:3722} INFO - Setting next_dagrun for example_skip_dag to 2025-06-01T22:00:38.533299+00:00, run_after=2025-06-02T22:00:38.533299+00:00
[2025-06-02T22:00:38.555+0000] {processor.py:179} INFO - Processing /home/airflow/.local/lib/python3.10/site-packages/airflow/example_dags/example_skip_dag.py took 0.101 seconds
[2025-06-02T22:01:08.843+0000] {processor.py:157} INFO - Started process (PID=188) to work on /home/airflow/.local/lib/python3.10/site-packages/airflow/example_dags/example_skip_dag.py
[2025-06-02T22:01:08.845+0000] {processor.py:829} INFO - Processing file /home/airflow/.local/lib/python3.10/site-packages/airflow/example_dags/example_skip_dag.py for tasks to queue
[2025-06-02T22:01:08.848+0000] {logging_mixin.py:154} INFO - [2025-06-02T22:01:08.847+0000] {dagbag.py:536} INFO - Filling up the DagBag from /home/airflow/.local/lib/python3.10/site-packages/airflow/example_dags/example_skip_dag.py
[2025-06-02T22:01:08.856+0000] {processor.py:839} INFO - DAG(s) dict_keys(['example_skip_dag']) retrieved from /home/airflow/.local/lib/python3.10/site-packages/airflow/example_dags/example_skip_dag.py
[2025-06-02T22:01:08.884+0000] {logging_mixin.py:154} INFO - [2025-06-02T22:01:08.884+0000] {dag.py:2941} INFO - Sync 1 DAGs
[2025-06-02T22:01:08.917+0000] {logging_mixin.py:154} INFO - [2025-06-02T22:01:08.917+0000] {dag.py:3722} INFO - Setting next_dagrun for example_skip_dag to 2025-06-01T22:01:08.916689+00:00, run_after=2025-06-02T22:01:08.916689+00:00
[2025-06-02T22:01:08.939+0000] {processor.py:179} INFO - Processing /home/airflow/.local/lib/python3.10/site-packages/airflow/example_dags/example_skip_dag.py took 0.100 seconds
[2025-06-02T22:01:39.548+0000] {processor.py:157} INFO - Started process (PID=243) to work on /home/airflow/.local/lib/python3.10/site-packages/airflow/example_dags/example_skip_dag.py
[2025-06-02T22:01:39.548+0000] {processor.py:829} INFO - Processing file /home/airflow/.local/lib/python3.10/site-packages/airflow/example_dags/example_skip_dag.py for tasks to queue
[2025-06-02T22:01:39.551+0000] {logging_mixin.py:154} INFO - [2025-06-02T22:01:39.551+0000] {dagbag.py:536} INFO - Filling up the DagBag from /home/airflow/.local/lib/python3.10/site-packages/airflow/example_dags/example_skip_dag.py
[2025-06-02T22:01:39.560+0000] {processor.py:839} INFO - DAG(s) dict_keys(['example_skip_dag']) retrieved from /home/airflow/.local/lib/python3.10/site-packages/airflow/example_dags/example_skip_dag.py
[2025-06-02T22:01:39.588+0000] {logging_mixin.py:154} INFO - [2025-06-02T22:01:39.588+0000] {dag.py:2941} INFO - Sync 1 DAGs
[2025-06-02T22:01:39.617+0000] {logging_mixin.py:154} INFO - [2025-06-02T22:01:39.617+0000] {dag.py:3722} INFO - Setting next_dagrun for example_skip_dag to 2025-06-01T22:01:39.617115+00:00, run_after=2025-06-02T22:01:39.617115+00:00
[2025-06-02T22:01:39.643+0000] {processor.py:179} INFO - Processing /home/airflow/.local/lib/python3.10/site-packages/airflow/example_dags/example_skip_dag.py took 0.101 seconds
[2025-06-02T22:02:10.077+0000] {processor.py:157} INFO - Started process (PID=296) to work on /home/airflow/.local/lib/python3.10/site-packages/airflow/example_dags/example_skip_dag.py
[2025-06-02T22:02:10.079+0000] {processor.py:829} INFO - Processing file /home/airflow/.local/lib/python3.10/site-packages/airflow/example_dags/example_skip_dag.py for tasks to queue
[2025-06-02T22:02:10.082+0000] {logging_mixin.py:154} INFO - [2025-06-02T22:02:10.081+0000] {dagbag.py:536} INFO - Filling up the DagBag from /home/airflow/.local/lib/python3.10/site-packages/airflow/example_dags/example_skip_dag.py
[2025-06-02T22:02:10.092+0000] {processor.py:839} INFO - DAG(s) dict_keys(['example_skip_dag']) retrieved from /home/airflow/.local/lib/python3.10/site-packages/airflow/example_dags/example_skip_dag.py
[2025-06-02T22:02:10.120+0000] {logging_mixin.py:154} INFO - [2025-06-02T22:02:10.120+0000] {dag.py:2941} INFO - Sync 1 DAGs
[2025-06-02T22:02:10.158+0000] {logging_mixin.py:154} INFO - [2025-06-02T22:02:10.158+0000] {dag.py:3722} INFO - Setting next_dagrun for example_skip_dag to 2025-06-01T22:02:10.157702+00:00, run_after=2025-06-02T22:02:10.157702+00:00
[2025-06-02T22:02:10.181+0000] {processor.py:179} INFO - Processing /home/airflow/.local/lib/python3.10/site-packages/airflow/example_dags/example_skip_dag.py took 0.109 seconds
[2025-06-02T22:02:40.988+0000] {processor.py:157} INFO - Started process (PID=350) to work on /home/airflow/.local/lib/python3.10/site-packages/airflow/example_dags/example_skip_dag.py
[2025-06-02T22:02:40.990+0000] {processor.py:829} INFO - Processing file /home/airflow/.local/lib/python3.10/site-packages/airflow/example_dags/example_skip_dag.py for tasks to queue
[2025-06-02T22:02:40.994+0000] {logging_mixin.py:154} INFO - [2025-06-02T22:02:40.994+0000] {dagbag.py:536} INFO - Filling up the DagBag from /home/airflow/.local/lib/python3.10/site-packages/airflow/example_dags/example_skip_dag.py
[2025-06-02T22:02:41.003+0000] {processor.py:839} INFO - DAG(s) dict_keys(['example_skip_dag']) retrieved from /home/airflow/.local/lib/python3.10/site-packages/airflow/example_dags/example_skip_dag.py
[2025-06-02T22:02:41.031+0000] {logging_mixin.py:154} INFO - [2025-06-02T22:02:41.031+0000] {dag.py:2941} INFO - Sync 1 DAGs
[2025-06-02T22:02:41.060+0000] {logging_mixin.py:154} INFO - [2025-06-02T22:02:41.060+0000] {dag.py:3722} INFO - Setting next_dagrun for example_skip_dag to 2025-06-01T22:02:41.060132+00:00, run_after=2025-06-02T22:02:41.060132+00:00
[2025-06-02T22:02:41.095+0000] {processor.py:179} INFO - Processing /home/airflow/.local/lib/python3.10/site-packages/airflow/example_dags/example_skip_dag.py took 0.111 seconds
[2025-06-02T22:03:11.584+0000] {processor.py:157} INFO - Started process (PID=405) to work on /home/airflow/.local/lib/python3.10/site-packages/airflow/example_dags/example_skip_dag.py
[2025-06-02T22:03:11.598+0000] {processor.py:829} INFO - Processing file /home/airflow/.local/lib/python3.10/site-packages/airflow/example_dags/example_skip_dag.py for tasks to queue
[2025-06-02T22:03:11.602+0000] {logging_mixin.py:154} INFO - [2025-06-02T22:03:11.601+0000] {dagbag.py:536} INFO - Filling up the DagBag from /home/airflow/.local/lib/python3.10/site-packages/airflow/example_dags/example_skip_dag.py
[2025-06-02T22:03:11.611+0000] {processor.py:839} INFO - DAG(s) dict_keys(['example_skip_dag']) retrieved from /home/airflow/.local/lib/python3.10/site-packages/airflow/example_dags/example_skip_dag.py
[2025-06-02T22:03:11.639+0000] {logging_mixin.py:154} INFO - [2025-06-02T22:03:11.639+0000] {dag.py:2941} INFO - Sync 1 DAGs
[2025-06-02T22:03:11.671+0000] {logging_mixin.py:154} INFO - [2025-06-02T22:03:11.670+0000] {dag.py:3722} INFO - Setting next_dagrun for example_skip_dag to 2025-06-01T22:03:11.670557+00:00, run_after=2025-06-02T22:03:11.670557+00:00
[2025-06-02T22:03:11.705+0000] {processor.py:179} INFO - Processing /home/airflow/.local/lib/python3.10/site-packages/airflow/example_dags/example_skip_dag.py took 0.126 seconds
[2025-06-02T22:03:42.428+0000] {processor.py:157} INFO - Started process (PID=459) to work on /home/airflow/.local/lib/python3.10/site-packages/airflow/example_dags/example_skip_dag.py
[2025-06-02T22:03:42.429+0000] {processor.py:829} INFO - Processing file /home/airflow/.local/lib/python3.10/site-packages/airflow/example_dags/example_skip_dag.py for tasks to queue
[2025-06-02T22:03:42.432+0000] {logging_mixin.py:154} INFO - [2025-06-02T22:03:42.432+0000] {dagbag.py:536} INFO - Filling up the DagBag from /home/airflow/.local/lib/python3.10/site-packages/airflow/example_dags/example_skip_dag.py
[2025-06-02T22:03:42.441+0000] {processor.py:839} INFO - DAG(s) dict_keys(['example_skip_dag']) retrieved from /home/airflow/.local/lib/python3.10/site-packages/airflow/example_dags/example_skip_dag.py
[2025-06-02T22:03:42.469+0000] {logging_mixin.py:154} INFO - [2025-06-02T22:03:42.469+0000] {dag.py:2941} INFO - Sync 1 DAGs
[2025-06-02T22:03:42.501+0000] {logging_mixin.py:154} INFO - [2025-06-02T22:03:42.501+0000] {dag.py:3722} INFO - Setting next_dagrun for example_skip_dag to 2025-06-01T22:03:42.501373+00:00, run_after=2025-06-02T22:03:42.501373+00:00
[2025-06-02T22:03:42.527+0000] {processor.py:179} INFO - Processing /home/airflow/.local/lib/python3.10/site-packages/airflow/example_dags/example_skip_dag.py took 0.104 seconds
[2025-06-02T22:04:13.318+0000] {processor.py:157} INFO - Started process (PID=513) to work on /home/airflow/.local/lib/python3.10/site-packages/airflow/example_dags/example_skip_dag.py
[2025-06-02T22:04:13.319+0000] {processor.py:829} INFO - Processing file /home/airflow/.local/lib/python3.10/site-packages/airflow/example_dags/example_skip_dag.py for tasks to queue
[2025-06-02T22:04:13.322+0000] {logging_mixin.py:154} INFO - [2025-06-02T22:04:13.322+0000] {dagbag.py:536} INFO - Filling up the DagBag from /home/airflow/.local/lib/python3.10/site-packages/airflow/example_dags/example_skip_dag.py
[2025-06-02T22:04:13.332+0000] {processor.py:839} INFO - DAG(s) dict_keys(['example_skip_dag']) retrieved from /home/airflow/.local/lib/python3.10/site-packages/airflow/example_dags/example_skip_dag.py
[2025-06-02T22:04:13.360+0000] {logging_mixin.py:154} INFO - [2025-06-02T22:04:13.360+0000] {dag.py:2941} INFO - Sync 1 DAGs
[2025-06-02T22:04:13.392+0000] {logging_mixin.py:154} INFO - [2025-06-02T22:04:13.392+0000] {dag.py:3722} INFO - Setting next_dagrun for example_skip_dag to 2025-06-01T22:04:13.392246+00:00, run_after=2025-06-02T22:04:13.392246+00:00
[2025-06-02T22:04:13.413+0000] {processor.py:179} INFO - Processing /home/airflow/.local/lib/python3.10/site-packages/airflow/example_dags/example_skip_dag.py took 0.100 seconds
[2025-06-02T22:04:43.891+0000] {processor.py:157} INFO - Started process (PID=567) to work on /home/airflow/.local/lib/python3.10/site-packages/airflow/example_dags/example_skip_dag.py
[2025-06-02T22:04:43.894+0000] {processor.py:829} INFO - Processing file /home/airflow/.local/lib/python3.10/site-packages/airflow/example_dags/example_skip_dag.py for tasks to queue
[2025-06-02T22:04:43.907+0000] {logging_mixin.py:154} INFO - [2025-06-02T22:04:43.907+0000] {dagbag.py:536} INFO - Filling up the DagBag from /home/airflow/.local/lib/python3.10/site-packages/airflow/example_dags/example_skip_dag.py
[2025-06-02T22:04:43.929+0000] {processor.py:839} INFO - DAG(s) dict_keys(['example_skip_dag']) retrieved from /home/airflow/.local/lib/python3.10/site-packages/airflow/example_dags/example_skip_dag.py
[2025-06-02T22:04:44.066+0000] {logging_mixin.py:154} INFO - [2025-06-02T22:04:44.065+0000] {dag.py:2941} INFO - Sync 1 DAGs
[2025-06-02T22:04:44.157+0000] {logging_mixin.py:154} INFO - [2025-06-02T22:04:44.156+0000] {dag.py:3722} INFO - Setting next_dagrun for example_skip_dag to 2025-06-01T22:04:44.156405+00:00, run_after=2025-06-02T22:04:44.156405+00:00
[2025-06-02T22:04:44.236+0000] {processor.py:179} INFO - Processing /home/airflow/.local/lib/python3.10/site-packages/airflow/example_dags/example_skip_dag.py took 0.355 seconds
[2025-06-02T22:05:14.384+0000] {processor.py:157} INFO - Started process (PID=622) to work on /home/airflow/.local/lib/python3.10/site-packages/airflow/example_dags/example_skip_dag.py
[2025-06-02T22:05:14.385+0000] {processor.py:829} INFO - Processing file /home/airflow/.local/lib/python3.10/site-packages/airflow/example_dags/example_skip_dag.py for tasks to queue
[2025-06-02T22:05:14.388+0000] {logging_mixin.py:154} INFO - [2025-06-02T22:05:14.388+0000] {dagbag.py:536} INFO - Filling up the DagBag from /home/airflow/.local/lib/python3.10/site-packages/airflow/example_dags/example_skip_dag.py
[2025-06-02T22:05:14.397+0000] {processor.py:839} INFO - DAG(s) dict_keys(['example_skip_dag']) retrieved from /home/airflow/.local/lib/python3.10/site-packages/airflow/example_dags/example_skip_dag.py
[2025-06-02T22:05:14.427+0000] {logging_mixin.py:154} INFO - [2025-06-02T22:05:14.426+0000] {dag.py:2941} INFO - Sync 1 DAGs
[2025-06-02T22:05:14.457+0000] {logging_mixin.py:154} INFO - [2025-06-02T22:05:14.457+0000] {dag.py:3722} INFO - Setting next_dagrun for example_skip_dag to 2025-06-01T22:05:14.457139+00:00, run_after=2025-06-02T22:05:14.457139+00:00
[2025-06-02T22:05:14.479+0000] {processor.py:179} INFO - Processing /home/airflow/.local/lib/python3.10/site-packages/airflow/example_dags/example_skip_dag.py took 0.101 seconds
[2025-06-02T22:05:44.727+0000] {processor.py:157} INFO - Started process (PID=676) to work on /home/airflow/.local/lib/python3.10/site-packages/airflow/example_dags/example_skip_dag.py
[2025-06-02T22:05:44.729+0000] {processor.py:829} INFO - Processing file /home/airflow/.local/lib/python3.10/site-packages/airflow/example_dags/example_skip_dag.py for tasks to queue
[2025-06-02T22:05:44.732+0000] {logging_mixin.py:154} INFO - [2025-06-02T22:05:44.731+0000] {dagbag.py:536} INFO - Filling up the DagBag from /home/airflow/.local/lib/python3.10/site-packages/airflow/example_dags/example_skip_dag.py
[2025-06-02T22:05:44.741+0000] {processor.py:839} INFO - DAG(s) dict_keys(['example_skip_dag']) retrieved from /home/airflow/.local/lib/python3.10/site-packages/airflow/example_dags/example_skip_dag.py
[2025-06-02T22:05:44.770+0000] {logging_mixin.py:154} INFO - [2025-06-02T22:05:44.769+0000] {dag.py:2941} INFO - Sync 1 DAGs
[2025-06-02T22:05:44.799+0000] {logging_mixin.py:154} INFO - [2025-06-02T22:05:44.798+0000] {dag.py:3722} INFO - Setting next_dagrun for example_skip_dag to 2025-06-01T22:05:44.798502+00:00, run_after=2025-06-02T22:05:44.798502+00:00
[2025-06-02T22:05:44.821+0000] {processor.py:179} INFO - Processing /home/airflow/.local/lib/python3.10/site-packages/airflow/example_dags/example_skip_dag.py took 0.099 seconds
[2025-06-02T22:06:15.013+0000] {processor.py:157} INFO - Started process (PID=730) to work on /home/airflow/.local/lib/python3.10/site-packages/airflow/example_dags/example_skip_dag.py
[2025-06-02T22:06:15.015+0000] {processor.py:829} INFO - Processing file /home/airflow/.local/lib/python3.10/site-packages/airflow/example_dags/example_skip_dag.py for tasks to queue
[2025-06-02T22:06:15.018+0000] {logging_mixin.py:154} INFO - [2025-06-02T22:06:15.018+0000] {dagbag.py:536} INFO - Filling up the DagBag from /home/airflow/.local/lib/python3.10/site-packages/airflow/example_dags/example_skip_dag.py
[2025-06-02T22:06:15.027+0000] {processor.py:839} INFO - DAG(s) dict_keys(['example_skip_dag']) retrieved from /home/airflow/.local/lib/python3.10/site-packages/airflow/example_dags/example_skip_dag.py
[2025-06-02T22:06:15.058+0000] {logging_mixin.py:154} INFO - [2025-06-02T22:06:15.058+0000] {dag.py:2941} INFO - Sync 1 DAGs
[2025-06-02T22:06:15.085+0000] {logging_mixin.py:154} INFO - [2025-06-02T22:06:15.085+0000] {dag.py:3722} INFO - Setting next_dagrun for example_skip_dag to 2025-06-01T22:06:15.085394+00:00, run_after=2025-06-02T22:06:15.085394+00:00
[2025-06-02T22:06:15.113+0000] {processor.py:179} INFO - Processing /home/airflow/.local/lib/python3.10/site-packages/airflow/example_dags/example_skip_dag.py took 0.105 seconds
[2025-06-02T22:06:45.689+0000] {processor.py:157} INFO - Started process (PID=786) to work on /home/airflow/.local/lib/python3.10/site-packages/airflow/example_dags/example_skip_dag.py
[2025-06-02T22:06:45.690+0000] {processor.py:829} INFO - Processing file /home/airflow/.local/lib/python3.10/site-packages/airflow/example_dags/example_skip_dag.py for tasks to queue
[2025-06-02T22:06:45.693+0000] {logging_mixin.py:154} INFO - [2025-06-02T22:06:45.692+0000] {dagbag.py:536} INFO - Filling up the DagBag from /home/airflow/.local/lib/python3.10/site-packages/airflow/example_dags/example_skip_dag.py
[2025-06-02T22:06:45.700+0000] {processor.py:839} INFO - DAG(s) dict_keys(['example_skip_dag']) retrieved from /home/airflow/.local/lib/python3.10/site-packages/airflow/example_dags/example_skip_dag.py
[2025-06-02T22:06:45.721+0000] {logging_mixin.py:154} INFO - [2025-06-02T22:06:45.721+0000] {dag.py:2941} INFO - Sync 1 DAGs
[2025-06-02T22:06:45.745+0000] {logging_mixin.py:154} INFO - [2025-06-02T22:06:45.744+0000] {dag.py:3722} INFO - Setting next_dagrun for example_skip_dag to 2025-06-01T22:06:45.744632+00:00, run_after=2025-06-02T22:06:45.744632+00:00
[2025-06-02T22:06:45.769+0000] {processor.py:179} INFO - Processing /home/airflow/.local/lib/python3.10/site-packages/airflow/example_dags/example_skip_dag.py took 0.084 seconds
[2025-06-02T22:07:15.862+0000] {processor.py:157} INFO - Started process (PID=840) to work on /home/airflow/.local/lib/python3.10/site-packages/airflow/example_dags/example_skip_dag.py
[2025-06-02T22:07:15.863+0000] {processor.py:829} INFO - Processing file /home/airflow/.local/lib/python3.10/site-packages/airflow/example_dags/example_skip_dag.py for tasks to queue
[2025-06-02T22:07:15.866+0000] {logging_mixin.py:154} INFO - [2025-06-02T22:07:15.865+0000] {dagbag.py:536} INFO - Filling up the DagBag from /home/airflow/.local/lib/python3.10/site-packages/airflow/example_dags/example_skip_dag.py
[2025-06-02T22:07:15.873+0000] {processor.py:839} INFO - DAG(s) dict_keys(['example_skip_dag']) retrieved from /home/airflow/.local/lib/python3.10/site-packages/airflow/example_dags/example_skip_dag.py
[2025-06-02T22:07:15.895+0000] {logging_mixin.py:154} INFO - [2025-06-02T22:07:15.894+0000] {dag.py:2941} INFO - Sync 1 DAGs
[2025-06-02T22:07:15.921+0000] {logging_mixin.py:154} INFO - [2025-06-02T22:07:15.921+0000] {dag.py:3722} INFO - Setting next_dagrun for example_skip_dag to 2025-06-01T22:07:15.921171+00:00, run_after=2025-06-02T22:07:15.921171+00:00
[2025-06-02T22:07:15.939+0000] {processor.py:179} INFO - Processing /home/airflow/.local/lib/python3.10/site-packages/airflow/example_dags/example_skip_dag.py took 0.081 seconds
[2025-06-02T22:07:46.577+0000] {processor.py:157} INFO - Started process (PID=892) to work on /home/airflow/.local/lib/python3.10/site-packages/airflow/example_dags/example_skip_dag.py
[2025-06-02T22:07:46.579+0000] {processor.py:829} INFO - Processing file /home/airflow/.local/lib/python3.10/site-packages/airflow/example_dags/example_skip_dag.py for tasks to queue
[2025-06-02T22:07:46.583+0000] {logging_mixin.py:154} INFO - [2025-06-02T22:07:46.583+0000] {dagbag.py:536} INFO - Filling up the DagBag from /home/airflow/.local/lib/python3.10/site-packages/airflow/example_dags/example_skip_dag.py
[2025-06-02T22:07:46.592+0000] {processor.py:839} INFO - DAG(s) dict_keys(['example_skip_dag']) retrieved from /home/airflow/.local/lib/python3.10/site-packages/airflow/example_dags/example_skip_dag.py
[2025-06-02T22:07:46.623+0000] {logging_mixin.py:154} INFO - [2025-06-02T22:07:46.622+0000] {dag.py:2941} INFO - Sync 1 DAGs
[2025-06-02T22:07:46.667+0000] {logging_mixin.py:154} INFO - [2025-06-02T22:07:46.667+0000] {dag.py:3722} INFO - Setting next_dagrun for example_skip_dag to 2025-06-01T22:07:46.666701+00:00, run_after=2025-06-02T22:07:46.666701+00:00
[2025-06-02T22:07:46.691+0000] {processor.py:179} INFO - Processing /home/airflow/.local/lib/python3.10/site-packages/airflow/example_dags/example_skip_dag.py took 0.120 seconds
[2025-06-02T22:08:17.021+0000] {processor.py:157} INFO - Started process (PID=946) to work on /home/airflow/.local/lib/python3.10/site-packages/airflow/example_dags/example_skip_dag.py
[2025-06-02T22:08:17.022+0000] {processor.py:829} INFO - Processing file /home/airflow/.local/lib/python3.10/site-packages/airflow/example_dags/example_skip_dag.py for tasks to queue
[2025-06-02T22:08:17.025+0000] {logging_mixin.py:154} INFO - [2025-06-02T22:08:17.025+0000] {dagbag.py:536} INFO - Filling up the DagBag from /home/airflow/.local/lib/python3.10/site-packages/airflow/example_dags/example_skip_dag.py
[2025-06-02T22:08:17.031+0000] {processor.py:839} INFO - DAG(s) dict_keys(['example_skip_dag']) retrieved from /home/airflow/.local/lib/python3.10/site-packages/airflow/example_dags/example_skip_dag.py
[2025-06-02T22:08:17.053+0000] {logging_mixin.py:154} INFO - [2025-06-02T22:08:17.053+0000] {dag.py:2941} INFO - Sync 1 DAGs
[2025-06-02T22:08:17.075+0000] {logging_mixin.py:154} INFO - [2025-06-02T22:08:17.074+0000] {dag.py:3722} INFO - Setting next_dagrun for example_skip_dag to 2025-06-01T22:08:17.074637+00:00, run_after=2025-06-02T22:08:17.074637+00:00
[2025-06-02T22:08:17.091+0000] {processor.py:179} INFO - Processing /home/airflow/.local/lib/python3.10/site-packages/airflow/example_dags/example_skip_dag.py took 0.074 seconds
[2025-06-02T22:08:48.414+0000] {processor.py:157} INFO - Started process (PID=1000) to work on /home/airflow/.local/lib/python3.10/site-packages/airflow/example_dags/example_skip_dag.py
[2025-06-02T22:08:48.416+0000] {processor.py:829} INFO - Processing file /home/airflow/.local/lib/python3.10/site-packages/airflow/example_dags/example_skip_dag.py for tasks to queue
[2025-06-02T22:08:48.419+0000] {logging_mixin.py:154} INFO - [2025-06-02T22:08:48.419+0000] {dagbag.py:536} INFO - Filling up the DagBag from /home/airflow/.local/lib/python3.10/site-packages/airflow/example_dags/example_skip_dag.py
[2025-06-02T22:08:48.429+0000] {processor.py:839} INFO - DAG(s) dict_keys(['example_skip_dag']) retrieved from /home/airflow/.local/lib/python3.10/site-packages/airflow/example_dags/example_skip_dag.py
[2025-06-02T22:08:48.457+0000] {logging_mixin.py:154} INFO - [2025-06-02T22:08:48.457+0000] {dag.py:2941} INFO - Sync 1 DAGs
[2025-06-02T22:08:48.657+0000] {logging_mixin.py:154} INFO - [2025-06-02T22:08:48.656+0000] {dag.py:3722} INFO - Setting next_dagrun for example_skip_dag to 2025-06-01T22:08:48.656749+00:00, run_after=2025-06-02T22:08:48.656749+00:00
[2025-06-02T22:08:48.677+0000] {processor.py:179} INFO - Processing /home/airflow/.local/lib/python3.10/site-packages/airflow/example_dags/example_skip_dag.py took 0.267 seconds
[2025-06-02T22:09:18.908+0000] {processor.py:157} INFO - Started process (PID=1054) to work on /home/airflow/.local/lib/python3.10/site-packages/airflow/example_dags/example_skip_dag.py
[2025-06-02T22:09:18.909+0000] {processor.py:829} INFO - Processing file /home/airflow/.local/lib/python3.10/site-packages/airflow/example_dags/example_skip_dag.py for tasks to queue
[2025-06-02T22:09:18.912+0000] {logging_mixin.py:154} INFO - [2025-06-02T22:09:18.912+0000] {dagbag.py:536} INFO - Filling up the DagBag from /home/airflow/.local/lib/python3.10/site-packages/airflow/example_dags/example_skip_dag.py
[2025-06-02T22:09:18.922+0000] {processor.py:839} INFO - DAG(s) dict_keys(['example_skip_dag']) retrieved from /home/airflow/.local/lib/python3.10/site-packages/airflow/example_dags/example_skip_dag.py
[2025-06-02T22:09:18.950+0000] {logging_mixin.py:154} INFO - [2025-06-02T22:09:18.950+0000] {dag.py:2941} INFO - Sync 1 DAGs
[2025-06-02T22:09:18.980+0000] {logging_mixin.py:154} INFO - [2025-06-02T22:09:18.980+0000] {dag.py:3722} INFO - Setting next_dagrun for example_skip_dag to 2025-06-01T22:09:18.979768+00:00, run_after=2025-06-02T22:09:18.979768+00:00
[2025-06-02T22:09:19.190+0000] {processor.py:179} INFO - Processing /home/airflow/.local/lib/python3.10/site-packages/airflow/example_dags/example_skip_dag.py took 0.287 seconds
[2025-06-02T22:09:49.598+0000] {processor.py:157} INFO - Started process (PID=1108) to work on /home/airflow/.local/lib/python3.10/site-packages/airflow/example_dags/example_skip_dag.py
[2025-06-02T22:09:49.600+0000] {processor.py:829} INFO - Processing file /home/airflow/.local/lib/python3.10/site-packages/airflow/example_dags/example_skip_dag.py for tasks to queue
[2025-06-02T22:09:49.603+0000] {logging_mixin.py:154} INFO - [2025-06-02T22:09:49.602+0000] {dagbag.py:536} INFO - Filling up the DagBag from /home/airflow/.local/lib/python3.10/site-packages/airflow/example_dags/example_skip_dag.py
[2025-06-02T22:09:49.612+0000] {processor.py:839} INFO - DAG(s) dict_keys(['example_skip_dag']) retrieved from /home/airflow/.local/lib/python3.10/site-packages/airflow/example_dags/example_skip_dag.py
[2025-06-02T22:09:49.642+0000] {logging_mixin.py:154} INFO - [2025-06-02T22:09:49.642+0000] {dag.py:2941} INFO - Sync 1 DAGs
[2025-06-02T22:09:49.672+0000] {logging_mixin.py:154} INFO - [2025-06-02T22:09:49.672+0000] {dag.py:3722} INFO - Setting next_dagrun for example_skip_dag to 2025-06-01T22:09:49.671920+00:00, run_after=2025-06-02T22:09:49.671920+00:00
[2025-06-02T22:09:49.700+0000] {processor.py:179} INFO - Processing /home/airflow/.local/lib/python3.10/site-packages/airflow/example_dags/example_skip_dag.py took 0.106 seconds
[2025-06-02T22:10:23.289+0000] {processor.py:157} INFO - Started process (PID=1161) to work on /home/airflow/.local/lib/python3.10/site-packages/airflow/example_dags/example_skip_dag.py
[2025-06-02T22:10:23.302+0000] {processor.py:829} INFO - Processing file /home/airflow/.local/lib/python3.10/site-packages/airflow/example_dags/example_skip_dag.py for tasks to queue
[2025-06-02T22:10:23.305+0000] {logging_mixin.py:154} INFO - [2025-06-02T22:10:23.304+0000] {dagbag.py:536} INFO - Filling up the DagBag from /home/airflow/.local/lib/python3.10/site-packages/airflow/example_dags/example_skip_dag.py
[2025-06-02T22:10:23.356+0000] {processor.py:839} INFO - DAG(s) dict_keys(['example_skip_dag']) retrieved from /home/airflow/.local/lib/python3.10/site-packages/airflow/example_dags/example_skip_dag.py
[2025-06-02T22:10:23.463+0000] {logging_mixin.py:154} INFO - [2025-06-02T22:10:23.463+0000] {dag.py:2941} INFO - Sync 1 DAGs
[2025-06-02T22:10:23.982+0000] {logging_mixin.py:154} INFO - [2025-06-02T22:10:23.982+0000] {dag.py:3722} INFO - Setting next_dagrun for example_skip_dag to 2025-06-01T22:10:23.982283+00:00, run_after=2025-06-02T22:10:23.982283+00:00
[2025-06-02T22:10:24.008+0000] {processor.py:179} INFO - Processing /home/airflow/.local/lib/python3.10/site-packages/airflow/example_dags/example_skip_dag.py took 0.737 seconds
[2025-06-02T22:10:54.368+0000] {processor.py:157} INFO - Started process (PID=1215) to work on /home/airflow/.local/lib/python3.10/site-packages/airflow/example_dags/example_skip_dag.py
[2025-06-02T22:10:54.369+0000] {processor.py:829} INFO - Processing file /home/airflow/.local/lib/python3.10/site-packages/airflow/example_dags/example_skip_dag.py for tasks to queue
[2025-06-02T22:10:54.383+0000] {logging_mixin.py:154} INFO - [2025-06-02T22:10:54.383+0000] {dagbag.py:536} INFO - Filling up the DagBag from /home/airflow/.local/lib/python3.10/site-packages/airflow/example_dags/example_skip_dag.py
[2025-06-02T22:10:54.400+0000] {processor.py:839} INFO - DAG(s) dict_keys(['example_skip_dag']) retrieved from /home/airflow/.local/lib/python3.10/site-packages/airflow/example_dags/example_skip_dag.py
[2025-06-02T22:10:54.451+0000] {logging_mixin.py:154} INFO - [2025-06-02T22:10:54.450+0000] {dag.py:2941} INFO - Sync 1 DAGs
[2025-06-02T22:10:54.511+0000] {logging_mixin.py:154} INFO - [2025-06-02T22:10:54.510+0000] {dag.py:3722} INFO - Setting next_dagrun for example_skip_dag to 2025-06-01T22:10:54.510443+00:00, run_after=2025-06-02T22:10:54.510443+00:00
[2025-06-02T22:10:54.922+0000] {processor.py:179} INFO - Processing /home/airflow/.local/lib/python3.10/site-packages/airflow/example_dags/example_skip_dag.py took 0.568 seconds
[2025-06-02T23:04:00.197+0000] {processor.py:157} INFO - Started process (PID=67) to work on /home/airflow/.local/lib/python3.10/site-packages/airflow/example_dags/example_skip_dag.py
[2025-06-02T23:04:00.208+0000] {processor.py:829} INFO - Processing file /home/airflow/.local/lib/python3.10/site-packages/airflow/example_dags/example_skip_dag.py for tasks to queue
[2025-06-02T23:04:00.211+0000] {logging_mixin.py:154} INFO - [2025-06-02T23:04:00.210+0000] {dagbag.py:536} INFO - Filling up the DagBag from /home/airflow/.local/lib/python3.10/site-packages/airflow/example_dags/example_skip_dag.py
[2025-06-02T23:04:00.218+0000] {processor.py:839} INFO - DAG(s) dict_keys(['example_skip_dag']) retrieved from /home/airflow/.local/lib/python3.10/site-packages/airflow/example_dags/example_skip_dag.py
[2025-06-02T23:04:00.240+0000] {logging_mixin.py:154} INFO - [2025-06-02T23:04:00.240+0000] {dag.py:2941} INFO - Sync 1 DAGs
[2025-06-02T23:04:00.263+0000] {logging_mixin.py:154} INFO - [2025-06-02T23:04:00.263+0000] {dag.py:3722} INFO - Setting next_dagrun for example_skip_dag to 2025-06-01T23:04:00.262774+00:00, run_after=2025-06-02T23:04:00.262774+00:00
[2025-06-02T23:04:00.294+0000] {processor.py:179} INFO - Processing /home/airflow/.local/lib/python3.10/site-packages/airflow/example_dags/example_skip_dag.py took 0.101 seconds
[2025-06-02T23:04:31.089+0000] {processor.py:157} INFO - Started process (PID=123) to work on /home/airflow/.local/lib/python3.10/site-packages/airflow/example_dags/example_skip_dag.py
[2025-06-02T23:04:31.091+0000] {processor.py:829} INFO - Processing file /home/airflow/.local/lib/python3.10/site-packages/airflow/example_dags/example_skip_dag.py for tasks to queue
[2025-06-02T23:04:31.094+0000] {logging_mixin.py:154} INFO - [2025-06-02T23:04:31.094+0000] {dagbag.py:536} INFO - Filling up the DagBag from /home/airflow/.local/lib/python3.10/site-packages/airflow/example_dags/example_skip_dag.py
[2025-06-02T23:04:31.104+0000] {processor.py:839} INFO - DAG(s) dict_keys(['example_skip_dag']) retrieved from /home/airflow/.local/lib/python3.10/site-packages/airflow/example_dags/example_skip_dag.py
[2025-06-02T23:04:31.134+0000] {logging_mixin.py:154} INFO - [2025-06-02T23:04:31.133+0000] {dag.py:2941} INFO - Sync 1 DAGs
[2025-06-02T23:04:31.179+0000] {logging_mixin.py:154} INFO - [2025-06-02T23:04:31.178+0000] {dag.py:3722} INFO - Setting next_dagrun for example_skip_dag to 2025-06-01T23:04:31.178505+00:00, run_after=2025-06-02T23:04:31.178505+00:00
[2025-06-02T23:04:31.229+0000] {processor.py:179} INFO - Processing /home/airflow/.local/lib/python3.10/site-packages/airflow/example_dags/example_skip_dag.py took 0.151 seconds
[2025-06-02T23:05:02.245+0000] {processor.py:157} INFO - Started process (PID=179) to work on /home/airflow/.local/lib/python3.10/site-packages/airflow/example_dags/example_skip_dag.py
[2025-06-02T23:05:02.247+0000] {processor.py:829} INFO - Processing file /home/airflow/.local/lib/python3.10/site-packages/airflow/example_dags/example_skip_dag.py for tasks to queue
[2025-06-02T23:05:02.251+0000] {logging_mixin.py:154} INFO - [2025-06-02T23:05:02.251+0000] {dagbag.py:536} INFO - Filling up the DagBag from /home/airflow/.local/lib/python3.10/site-packages/airflow/example_dags/example_skip_dag.py
[2025-06-02T23:05:02.260+0000] {processor.py:839} INFO - DAG(s) dict_keys(['example_skip_dag']) retrieved from /home/airflow/.local/lib/python3.10/site-packages/airflow/example_dags/example_skip_dag.py
[2025-06-02T23:05:02.287+0000] {logging_mixin.py:154} INFO - [2025-06-02T23:05:02.286+0000] {dag.py:2941} INFO - Sync 1 DAGs
[2025-06-02T23:05:02.320+0000] {logging_mixin.py:154} INFO - [2025-06-02T23:05:02.320+0000] {dag.py:3722} INFO - Setting next_dagrun for example_skip_dag to 2025-06-01T23:05:02.319750+00:00, run_after=2025-06-02T23:05:02.319750+00:00
[2025-06-02T23:05:02.347+0000] {processor.py:179} INFO - Processing /home/airflow/.local/lib/python3.10/site-packages/airflow/example_dags/example_skip_dag.py took 0.107 seconds
[2025-06-02T23:05:33.222+0000] {processor.py:157} INFO - Started process (PID=235) to work on /home/airflow/.local/lib/python3.10/site-packages/airflow/example_dags/example_skip_dag.py
[2025-06-02T23:05:33.224+0000] {processor.py:829} INFO - Processing file /home/airflow/.local/lib/python3.10/site-packages/airflow/example_dags/example_skip_dag.py for tasks to queue
[2025-06-02T23:05:33.227+0000] {logging_mixin.py:154} INFO - [2025-06-02T23:05:33.226+0000] {dagbag.py:536} INFO - Filling up the DagBag from /home/airflow/.local/lib/python3.10/site-packages/airflow/example_dags/example_skip_dag.py
[2025-06-02T23:05:33.236+0000] {processor.py:839} INFO - DAG(s) dict_keys(['example_skip_dag']) retrieved from /home/airflow/.local/lib/python3.10/site-packages/airflow/example_dags/example_skip_dag.py
[2025-06-02T23:05:33.266+0000] {logging_mixin.py:154} INFO - [2025-06-02T23:05:33.263+0000] {dag.py:2941} INFO - Sync 1 DAGs
[2025-06-02T23:05:33.321+0000] {logging_mixin.py:154} INFO - [2025-06-02T23:05:33.321+0000] {dag.py:3722} INFO - Setting next_dagrun for example_skip_dag to 2025-06-01T23:05:33.320926+00:00, run_after=2025-06-02T23:05:33.320926+00:00
[2025-06-02T23:05:33.358+0000] {processor.py:179} INFO - Processing /home/airflow/.local/lib/python3.10/site-packages/airflow/example_dags/example_skip_dag.py took 0.140 seconds
[2025-06-02T23:06:07.607+0000] {processor.py:157} INFO - Started process (PID=291) to work on /home/airflow/.local/lib/python3.10/site-packages/airflow/example_dags/example_skip_dag.py
[2025-06-02T23:06:07.609+0000] {processor.py:829} INFO - Processing file /home/airflow/.local/lib/python3.10/site-packages/airflow/example_dags/example_skip_dag.py for tasks to queue
[2025-06-02T23:06:07.614+0000] {logging_mixin.py:154} INFO - [2025-06-02T23:06:07.612+0000] {dagbag.py:536} INFO - Filling up the DagBag from /home/airflow/.local/lib/python3.10/site-packages/airflow/example_dags/example_skip_dag.py
[2025-06-02T23:06:07.623+0000] {processor.py:839} INFO - DAG(s) dict_keys(['example_skip_dag']) retrieved from /home/airflow/.local/lib/python3.10/site-packages/airflow/example_dags/example_skip_dag.py
[2025-06-02T23:06:07.650+0000] {logging_mixin.py:154} INFO - [2025-06-02T23:06:07.649+0000] {dag.py:2941} INFO - Sync 1 DAGs
[2025-06-02T23:06:07.679+0000] {logging_mixin.py:154} INFO - [2025-06-02T23:06:07.679+0000] {dag.py:3722} INFO - Setting next_dagrun for example_skip_dag to 2025-06-01T23:06:07.679350+00:00, run_after=2025-06-02T23:06:07.679350+00:00
[2025-06-02T23:06:07.701+0000] {processor.py:179} INFO - Processing /home/airflow/.local/lib/python3.10/site-packages/airflow/example_dags/example_skip_dag.py took 0.100 seconds
[2025-06-02T23:06:40.873+0000] {processor.py:157} INFO - Started process (PID=354) to work on /home/airflow/.local/lib/python3.10/site-packages/airflow/example_dags/example_skip_dag.py
[2025-06-02T23:06:40.886+0000] {processor.py:829} INFO - Processing file /home/airflow/.local/lib/python3.10/site-packages/airflow/example_dags/example_skip_dag.py for tasks to queue
[2025-06-02T23:06:40.889+0000] {logging_mixin.py:154} INFO - [2025-06-02T23:06:40.888+0000] {dagbag.py:536} INFO - Filling up the DagBag from /home/airflow/.local/lib/python3.10/site-packages/airflow/example_dags/example_skip_dag.py
[2025-06-02T23:06:40.906+0000] {processor.py:839} INFO - DAG(s) dict_keys(['example_skip_dag']) retrieved from /home/airflow/.local/lib/python3.10/site-packages/airflow/example_dags/example_skip_dag.py
[2025-06-02T23:06:40.972+0000] {logging_mixin.py:154} INFO - [2025-06-02T23:06:40.972+0000] {dag.py:2941} INFO - Sync 1 DAGs
[2025-06-02T23:06:41.019+0000] {logging_mixin.py:154} INFO - [2025-06-02T23:06:41.019+0000] {dag.py:3722} INFO - Setting next_dagrun for example_skip_dag to 2025-06-01T23:06:41.019247+00:00, run_after=2025-06-02T23:06:41.019247+00:00
[2025-06-02T23:06:41.067+0000] {processor.py:179} INFO - Processing /home/airflow/.local/lib/python3.10/site-packages/airflow/example_dags/example_skip_dag.py took 0.198 seconds
[2025-06-02T23:07:11.723+0000] {processor.py:157} INFO - Started process (PID=410) to work on /home/airflow/.local/lib/python3.10/site-packages/airflow/example_dags/example_skip_dag.py
[2025-06-02T23:07:11.728+0000] {processor.py:829} INFO - Processing file /home/airflow/.local/lib/python3.10/site-packages/airflow/example_dags/example_skip_dag.py for tasks to queue
[2025-06-02T23:07:11.753+0000] {logging_mixin.py:154} INFO - [2025-06-02T23:07:11.753+0000] {dagbag.py:536} INFO - Filling up the DagBag from /home/airflow/.local/lib/python3.10/site-packages/airflow/example_dags/example_skip_dag.py
[2025-06-02T23:07:11.839+0000] {processor.py:839} INFO - DAG(s) dict_keys(['example_skip_dag']) retrieved from /home/airflow/.local/lib/python3.10/site-packages/airflow/example_dags/example_skip_dag.py
[2025-06-02T23:07:11.967+0000] {logging_mixin.py:154} INFO - [2025-06-02T23:07:11.966+0000] {dag.py:2941} INFO - Sync 1 DAGs
[2025-06-02T23:07:12.104+0000] {logging_mixin.py:154} INFO - [2025-06-02T23:07:12.104+0000] {dag.py:3722} INFO - Setting next_dagrun for example_skip_dag to 2025-06-01T23:07:12.103857+00:00, run_after=2025-06-02T23:07:12.103857+00:00
[2025-06-02T23:07:12.202+0000] {processor.py:179} INFO - Processing /home/airflow/.local/lib/python3.10/site-packages/airflow/example_dags/example_skip_dag.py took 0.501 seconds
