[2025-06-02T21:59:57.546+0000] {processor.py:157} INFO - Started process (PID=47) to work on /home/airflow/.local/lib/python3.10/site-packages/airflow/example_dags/example_subdag_operator.py
[2025-06-02T21:59:57.550+0000] {processor.py:829} INFO - Processing file /home/airflow/.local/lib/python3.10/site-packages/airflow/example_dags/example_subdag_operator.py for tasks to queue
[2025-06-02T21:59:57.570+0000] {logging_mixin.py:154} INFO - [2025-06-02T21:59:57.570+0000] {dagbag.py:536} INFO - Filling up the DagBag from /home/airflow/.local/lib/python3.10/site-packages/airflow/example_dags/example_subdag_operator.py
[2025-06-02T21:59:57.660+0000] {processor.py:839} INFO - DAG(s) dict_keys(['example_subdag_operator.section-1', 'example_subdag_operator.section-2', 'example_subdag_operator']) retrieved from /home/airflow/.local/lib/python3.10/site-packages/airflow/example_dags/example_subdag_operator.py
[2025-06-02T21:59:58.114+0000] {logging_mixin.py:154} INFO - [2025-06-02T21:59:58.114+0000] {manager.py:499} INFO - Created Permission View: %s
[2025-06-02T21:59:58.140+0000] {logging_mixin.py:154} INFO - [2025-06-02T21:59:58.139+0000] {manager.py:499} INFO - Created Permission View: %s
[2025-06-02T21:59:58.165+0000] {logging_mixin.py:154} INFO - [2025-06-02T21:59:58.165+0000] {manager.py:499} INFO - Created Permission View: %s
[2025-06-02T21:59:58.166+0000] {logging_mixin.py:154} INFO - [2025-06-02T21:59:58.166+0000] {dag.py:2941} INFO - Sync 3 DAGs
[2025-06-02T21:59:58.223+0000] {logging_mixin.py:154} INFO - [2025-06-02T21:59:58.222+0000] {dag.py:2963} INFO - Creating ORM DAG for example_subdag_operator.section-2
[2025-06-02T21:59:58.226+0000] {logging_mixin.py:154} INFO - [2025-06-02T21:59:58.226+0000] {dag.py:2963} INFO - Creating ORM DAG for example_subdag_operator
[2025-06-02T21:59:58.230+0000] {logging_mixin.py:154} INFO - [2025-06-02T21:59:58.230+0000] {dag.py:2963} INFO - Creating ORM DAG for example_subdag_operator.section-1
[2025-06-02T21:59:58.285+0000] {logging_mixin.py:154} INFO - [2025-06-02T21:59:58.284+0000] {dag.py:3722} INFO - Setting next_dagrun for example_subdag_operator to 2022-01-01T00:00:00+00:00, run_after=2022-01-01T00:00:00+00:00
[2025-06-02T21:59:58.290+0000] {logging_mixin.py:154} INFO - [2025-06-02T21:59:58.285+0000] {dag.py:3722} INFO - Setting next_dagrun for example_subdag_operator.section-1 to None, run_after=None
[2025-06-02T21:59:58.290+0000] {logging_mixin.py:154} INFO - [2025-06-02T21:59:58.290+0000] {dag.py:3722} INFO - Setting next_dagrun for example_subdag_operator.section-2 to None, run_after=None
[2025-06-02T21:59:58.342+0000] {logging_mixin.py:154} INFO - [2025-06-02T21:59:58.341+0000] {dag.py:2941} INFO - Sync 2 DAGs
[2025-06-02T21:59:58.356+0000] {logging_mixin.py:154} INFO - [2025-06-02T21:59:58.356+0000] {dag.py:3722} INFO - Setting next_dagrun for example_subdag_operator.section-1 to None, run_after=None
[2025-06-02T21:59:58.378+0000] {logging_mixin.py:154} INFO - [2025-06-02T21:59:58.378+0000] {dag.py:3722} INFO - Setting next_dagrun for example_subdag_operator.section-2 to None, run_after=None
[2025-06-02T21:59:58.451+0000] {processor.py:179} INFO - Processing /home/airflow/.local/lib/python3.10/site-packages/airflow/example_dags/example_subdag_operator.py took 0.924 seconds
[2025-06-02T22:00:28.706+0000] {processor.py:157} INFO - Started process (PID=101) to work on /home/airflow/.local/lib/python3.10/site-packages/airflow/example_dags/example_subdag_operator.py
[2025-06-02T22:00:28.709+0000] {processor.py:829} INFO - Processing file /home/airflow/.local/lib/python3.10/site-packages/airflow/example_dags/example_subdag_operator.py for tasks to queue
[2025-06-02T22:00:28.712+0000] {logging_mixin.py:154} INFO - [2025-06-02T22:00:28.711+0000] {dagbag.py:536} INFO - Filling up the DagBag from /home/airflow/.local/lib/python3.10/site-packages/airflow/example_dags/example_subdag_operator.py
[2025-06-02T22:00:28.745+0000] {processor.py:839} INFO - DAG(s) dict_keys(['example_subdag_operator.section-1', 'example_subdag_operator.section-2', 'example_subdag_operator']) retrieved from /home/airflow/.local/lib/python3.10/site-packages/airflow/example_dags/example_subdag_operator.py
[2025-06-02T22:00:28.767+0000] {logging_mixin.py:154} INFO - [2025-06-02T22:00:28.767+0000] {dag.py:2941} INFO - Sync 3 DAGs
[2025-06-02T22:00:28.797+0000] {logging_mixin.py:154} INFO - [2025-06-02T22:00:28.797+0000] {dag.py:3722} INFO - Setting next_dagrun for example_subdag_operator to 2022-01-01T00:00:00+00:00, run_after=2022-01-01T00:00:00+00:00
[2025-06-02T22:00:28.801+0000] {logging_mixin.py:154} INFO - [2025-06-02T22:00:28.801+0000] {dag.py:3722} INFO - Setting next_dagrun for example_subdag_operator.section-1 to None, run_after=None
[2025-06-02T22:00:28.802+0000] {logging_mixin.py:154} INFO - [2025-06-02T22:00:28.802+0000] {dag.py:3722} INFO - Setting next_dagrun for example_subdag_operator.section-2 to None, run_after=None
[2025-06-02T22:00:28.811+0000] {logging_mixin.py:154} INFO - [2025-06-02T22:00:28.810+0000] {dag.py:2941} INFO - Sync 2 DAGs
[2025-06-02T22:00:28.816+0000] {logging_mixin.py:154} INFO - [2025-06-02T22:00:28.816+0000] {dag.py:3722} INFO - Setting next_dagrun for example_subdag_operator.section-1 to None, run_after=None
[2025-06-02T22:00:28.817+0000] {logging_mixin.py:154} INFO - [2025-06-02T22:00:28.817+0000] {dag.py:3722} INFO - Setting next_dagrun for example_subdag_operator.section-2 to None, run_after=None
[2025-06-02T22:00:28.829+0000] {processor.py:179} INFO - Processing /home/airflow/.local/lib/python3.10/site-packages/airflow/example_dags/example_subdag_operator.py took 0.128 seconds
[2025-06-02T22:00:59.037+0000] {processor.py:157} INFO - Started process (PID=155) to work on /home/airflow/.local/lib/python3.10/site-packages/airflow/example_dags/example_subdag_operator.py
[2025-06-02T22:00:59.038+0000] {processor.py:829} INFO - Processing file /home/airflow/.local/lib/python3.10/site-packages/airflow/example_dags/example_subdag_operator.py for tasks to queue
[2025-06-02T22:00:59.040+0000] {logging_mixin.py:154} INFO - [2025-06-02T22:00:59.040+0000] {dagbag.py:536} INFO - Filling up the DagBag from /home/airflow/.local/lib/python3.10/site-packages/airflow/example_dags/example_subdag_operator.py
[2025-06-02T22:00:59.073+0000] {processor.py:839} INFO - DAG(s) dict_keys(['example_subdag_operator.section-1', 'example_subdag_operator.section-2', 'example_subdag_operator']) retrieved from /home/airflow/.local/lib/python3.10/site-packages/airflow/example_dags/example_subdag_operator.py
[2025-06-02T22:00:59.100+0000] {logging_mixin.py:154} INFO - [2025-06-02T22:00:59.099+0000] {dag.py:2941} INFO - Sync 3 DAGs
[2025-06-02T22:00:59.128+0000] {logging_mixin.py:154} INFO - [2025-06-02T22:00:59.128+0000] {dag.py:3722} INFO - Setting next_dagrun for example_subdag_operator to 2022-01-01T00:00:00+00:00, run_after=2022-01-01T00:00:00+00:00
[2025-06-02T22:00:59.133+0000] {logging_mixin.py:154} INFO - [2025-06-02T22:00:59.133+0000] {dag.py:3722} INFO - Setting next_dagrun for example_subdag_operator.section-1 to None, run_after=None
[2025-06-02T22:00:59.135+0000] {logging_mixin.py:154} INFO - [2025-06-02T22:00:59.134+0000] {dag.py:3722} INFO - Setting next_dagrun for example_subdag_operator.section-2 to None, run_after=None
[2025-06-02T22:00:59.143+0000] {logging_mixin.py:154} INFO - [2025-06-02T22:00:59.143+0000] {dag.py:2941} INFO - Sync 2 DAGs
[2025-06-02T22:00:59.149+0000] {logging_mixin.py:154} INFO - [2025-06-02T22:00:59.149+0000] {dag.py:3722} INFO - Setting next_dagrun for example_subdag_operator.section-1 to None, run_after=None
[2025-06-02T22:00:59.150+0000] {logging_mixin.py:154} INFO - [2025-06-02T22:00:59.150+0000] {dag.py:3722} INFO - Setting next_dagrun for example_subdag_operator.section-2 to None, run_after=None
[2025-06-02T22:00:59.160+0000] {processor.py:179} INFO - Processing /home/airflow/.local/lib/python3.10/site-packages/airflow/example_dags/example_subdag_operator.py took 0.128 seconds
[2025-06-02T22:01:29.721+0000] {processor.py:157} INFO - Started process (PID=209) to work on /home/airflow/.local/lib/python3.10/site-packages/airflow/example_dags/example_subdag_operator.py
[2025-06-02T22:01:29.722+0000] {processor.py:829} INFO - Processing file /home/airflow/.local/lib/python3.10/site-packages/airflow/example_dags/example_subdag_operator.py for tasks to queue
[2025-06-02T22:01:29.725+0000] {logging_mixin.py:154} INFO - [2025-06-02T22:01:29.724+0000] {dagbag.py:536} INFO - Filling up the DagBag from /home/airflow/.local/lib/python3.10/site-packages/airflow/example_dags/example_subdag_operator.py
[2025-06-02T22:01:29.758+0000] {processor.py:839} INFO - DAG(s) dict_keys(['example_subdag_operator.section-1', 'example_subdag_operator.section-2', 'example_subdag_operator']) retrieved from /home/airflow/.local/lib/python3.10/site-packages/airflow/example_dags/example_subdag_operator.py
[2025-06-02T22:01:29.785+0000] {logging_mixin.py:154} INFO - [2025-06-02T22:01:29.784+0000] {dag.py:2941} INFO - Sync 3 DAGs
[2025-06-02T22:01:29.813+0000] {logging_mixin.py:154} INFO - [2025-06-02T22:01:29.812+0000] {dag.py:3722} INFO - Setting next_dagrun for example_subdag_operator to 2022-01-01T00:00:00+00:00, run_after=2022-01-01T00:00:00+00:00
[2025-06-02T22:01:29.817+0000] {logging_mixin.py:154} INFO - [2025-06-02T22:01:29.817+0000] {dag.py:3722} INFO - Setting next_dagrun for example_subdag_operator.section-1 to None, run_after=None
[2025-06-02T22:01:29.819+0000] {logging_mixin.py:154} INFO - [2025-06-02T22:01:29.819+0000] {dag.py:3722} INFO - Setting next_dagrun for example_subdag_operator.section-2 to None, run_after=None
[2025-06-02T22:01:29.827+0000] {logging_mixin.py:154} INFO - [2025-06-02T22:01:29.827+0000] {dag.py:2941} INFO - Sync 2 DAGs
[2025-06-02T22:01:29.833+0000] {logging_mixin.py:154} INFO - [2025-06-02T22:01:29.833+0000] {dag.py:3722} INFO - Setting next_dagrun for example_subdag_operator.section-1 to None, run_after=None
[2025-06-02T22:01:29.834+0000] {logging_mixin.py:154} INFO - [2025-06-02T22:01:29.834+0000] {dag.py:3722} INFO - Setting next_dagrun for example_subdag_operator.section-2 to None, run_after=None
[2025-06-02T22:01:29.844+0000] {processor.py:179} INFO - Processing /home/airflow/.local/lib/python3.10/site-packages/airflow/example_dags/example_subdag_operator.py took 0.129 seconds
[2025-06-02T22:02:00.292+0000] {processor.py:157} INFO - Started process (PID=264) to work on /home/airflow/.local/lib/python3.10/site-packages/airflow/example_dags/example_subdag_operator.py
[2025-06-02T22:02:00.294+0000] {processor.py:829} INFO - Processing file /home/airflow/.local/lib/python3.10/site-packages/airflow/example_dags/example_subdag_operator.py for tasks to queue
[2025-06-02T22:02:00.297+0000] {logging_mixin.py:154} INFO - [2025-06-02T22:02:00.296+0000] {dagbag.py:536} INFO - Filling up the DagBag from /home/airflow/.local/lib/python3.10/site-packages/airflow/example_dags/example_subdag_operator.py
[2025-06-02T22:02:00.328+0000] {processor.py:839} INFO - DAG(s) dict_keys(['example_subdag_operator.section-1', 'example_subdag_operator.section-2', 'example_subdag_operator']) retrieved from /home/airflow/.local/lib/python3.10/site-packages/airflow/example_dags/example_subdag_operator.py
[2025-06-02T22:02:00.379+0000] {logging_mixin.py:154} INFO - [2025-06-02T22:02:00.379+0000] {dag.py:2941} INFO - Sync 3 DAGs
[2025-06-02T22:02:00.416+0000] {logging_mixin.py:154} INFO - [2025-06-02T22:02:00.415+0000] {dag.py:3722} INFO - Setting next_dagrun for example_subdag_operator to 2022-01-01T00:00:00+00:00, run_after=2022-01-01T00:00:00+00:00
[2025-06-02T22:02:00.420+0000] {logging_mixin.py:154} INFO - [2025-06-02T22:02:00.420+0000] {dag.py:3722} INFO - Setting next_dagrun for example_subdag_operator.section-1 to None, run_after=None
[2025-06-02T22:02:00.422+0000] {logging_mixin.py:154} INFO - [2025-06-02T22:02:00.422+0000] {dag.py:3722} INFO - Setting next_dagrun for example_subdag_operator.section-2 to None, run_after=None
[2025-06-02T22:02:00.431+0000] {logging_mixin.py:154} INFO - [2025-06-02T22:02:00.431+0000] {dag.py:2941} INFO - Sync 2 DAGs
[2025-06-02T22:02:00.439+0000] {logging_mixin.py:154} INFO - [2025-06-02T22:02:00.439+0000] {dag.py:3722} INFO - Setting next_dagrun for example_subdag_operator.section-1 to None, run_after=None
[2025-06-02T22:02:00.440+0000] {logging_mixin.py:154} INFO - [2025-06-02T22:02:00.439+0000] {dag.py:3722} INFO - Setting next_dagrun for example_subdag_operator.section-2 to None, run_after=None
[2025-06-02T22:02:00.466+0000] {processor.py:179} INFO - Processing /home/airflow/.local/lib/python3.10/site-packages/airflow/example_dags/example_subdag_operator.py took 0.178 seconds
[2025-06-02T22:02:31.169+0000] {processor.py:157} INFO - Started process (PID=317) to work on /home/airflow/.local/lib/python3.10/site-packages/airflow/example_dags/example_subdag_operator.py
[2025-06-02T22:02:31.171+0000] {processor.py:829} INFO - Processing file /home/airflow/.local/lib/python3.10/site-packages/airflow/example_dags/example_subdag_operator.py for tasks to queue
[2025-06-02T22:02:31.174+0000] {logging_mixin.py:154} INFO - [2025-06-02T22:02:31.173+0000] {dagbag.py:536} INFO - Filling up the DagBag from /home/airflow/.local/lib/python3.10/site-packages/airflow/example_dags/example_subdag_operator.py
[2025-06-02T22:02:31.208+0000] {processor.py:839} INFO - DAG(s) dict_keys(['example_subdag_operator.section-1', 'example_subdag_operator.section-2', 'example_subdag_operator']) retrieved from /home/airflow/.local/lib/python3.10/site-packages/airflow/example_dags/example_subdag_operator.py
[2025-06-02T22:02:31.229+0000] {logging_mixin.py:154} INFO - [2025-06-02T22:02:31.229+0000] {dag.py:2941} INFO - Sync 3 DAGs
[2025-06-02T22:02:31.260+0000] {logging_mixin.py:154} INFO - [2025-06-02T22:02:31.259+0000] {dag.py:3722} INFO - Setting next_dagrun for example_subdag_operator to 2022-01-01T00:00:00+00:00, run_after=2022-01-01T00:00:00+00:00
[2025-06-02T22:02:31.263+0000] {logging_mixin.py:154} INFO - [2025-06-02T22:02:31.263+0000] {dag.py:3722} INFO - Setting next_dagrun for example_subdag_operator.section-1 to None, run_after=None
[2025-06-02T22:02:31.264+0000] {logging_mixin.py:154} INFO - [2025-06-02T22:02:31.264+0000] {dag.py:3722} INFO - Setting next_dagrun for example_subdag_operator.section-2 to None, run_after=None
[2025-06-02T22:02:31.274+0000] {logging_mixin.py:154} INFO - [2025-06-02T22:02:31.272+0000] {dag.py:2941} INFO - Sync 2 DAGs
[2025-06-02T22:02:31.281+0000] {logging_mixin.py:154} INFO - [2025-06-02T22:02:31.281+0000] {dag.py:3722} INFO - Setting next_dagrun for example_subdag_operator.section-1 to None, run_after=None
[2025-06-02T22:02:31.281+0000] {logging_mixin.py:154} INFO - [2025-06-02T22:02:31.281+0000] {dag.py:3722} INFO - Setting next_dagrun for example_subdag_operator.section-2 to None, run_after=None
[2025-06-02T22:02:31.302+0000] {processor.py:179} INFO - Processing /home/airflow/.local/lib/python3.10/site-packages/airflow/example_dags/example_subdag_operator.py took 0.137 seconds
[2025-06-02T22:03:01.812+0000] {processor.py:157} INFO - Started process (PID=371) to work on /home/airflow/.local/lib/python3.10/site-packages/airflow/example_dags/example_subdag_operator.py
[2025-06-02T22:03:01.813+0000] {processor.py:829} INFO - Processing file /home/airflow/.local/lib/python3.10/site-packages/airflow/example_dags/example_subdag_operator.py for tasks to queue
[2025-06-02T22:03:01.846+0000] {logging_mixin.py:154} INFO - [2025-06-02T22:03:01.845+0000] {dagbag.py:536} INFO - Filling up the DagBag from /home/airflow/.local/lib/python3.10/site-packages/airflow/example_dags/example_subdag_operator.py
[2025-06-02T22:03:01.941+0000] {processor.py:839} INFO - DAG(s) dict_keys(['example_subdag_operator.section-1', 'example_subdag_operator.section-2', 'example_subdag_operator']) retrieved from /home/airflow/.local/lib/python3.10/site-packages/airflow/example_dags/example_subdag_operator.py
[2025-06-02T22:03:02.002+0000] {logging_mixin.py:154} INFO - [2025-06-02T22:03:02.002+0000] {dag.py:2941} INFO - Sync 3 DAGs
[2025-06-02T22:03:02.062+0000] {logging_mixin.py:154} INFO - [2025-06-02T22:03:02.062+0000] {dag.py:3722} INFO - Setting next_dagrun for example_subdag_operator to 2022-01-01T00:00:00+00:00, run_after=2022-01-01T00:00:00+00:00
[2025-06-02T22:03:02.067+0000] {logging_mixin.py:154} INFO - [2025-06-02T22:03:02.067+0000] {dag.py:3722} INFO - Setting next_dagrun for example_subdag_operator.section-1 to None, run_after=None
[2025-06-02T22:03:02.074+0000] {logging_mixin.py:154} INFO - [2025-06-02T22:03:02.074+0000] {dag.py:3722} INFO - Setting next_dagrun for example_subdag_operator.section-2 to None, run_after=None
[2025-06-02T22:03:02.085+0000] {logging_mixin.py:154} INFO - [2025-06-02T22:03:02.085+0000] {dag.py:2941} INFO - Sync 2 DAGs
[2025-06-02T22:03:02.118+0000] {logging_mixin.py:154} INFO - [2025-06-02T22:03:02.118+0000] {dag.py:3722} INFO - Setting next_dagrun for example_subdag_operator.section-1 to None, run_after=None
[2025-06-02T22:03:02.119+0000] {logging_mixin.py:154} INFO - [2025-06-02T22:03:02.119+0000] {dag.py:3722} INFO - Setting next_dagrun for example_subdag_operator.section-2 to None, run_after=None
[2025-06-02T22:03:02.145+0000] {processor.py:179} INFO - Processing /home/airflow/.local/lib/python3.10/site-packages/airflow/example_dags/example_subdag_operator.py took 0.346 seconds
[2025-06-02T22:03:32.987+0000] {processor.py:157} INFO - Started process (PID=426) to work on /home/airflow/.local/lib/python3.10/site-packages/airflow/example_dags/example_subdag_operator.py
[2025-06-02T22:03:32.993+0000] {processor.py:829} INFO - Processing file /home/airflow/.local/lib/python3.10/site-packages/airflow/example_dags/example_subdag_operator.py for tasks to queue
[2025-06-02T22:03:32.996+0000] {logging_mixin.py:154} INFO - [2025-06-02T22:03:32.996+0000] {dagbag.py:536} INFO - Filling up the DagBag from /home/airflow/.local/lib/python3.10/site-packages/airflow/example_dags/example_subdag_operator.py
[2025-06-02T22:03:33.035+0000] {processor.py:839} INFO - DAG(s) dict_keys(['example_subdag_operator.section-1', 'example_subdag_operator.section-2', 'example_subdag_operator']) retrieved from /home/airflow/.local/lib/python3.10/site-packages/airflow/example_dags/example_subdag_operator.py
[2025-06-02T22:03:33.056+0000] {logging_mixin.py:154} INFO - [2025-06-02T22:03:33.056+0000] {dag.py:2941} INFO - Sync 3 DAGs
[2025-06-02T22:03:33.086+0000] {logging_mixin.py:154} INFO - [2025-06-02T22:03:33.086+0000] {dag.py:3722} INFO - Setting next_dagrun for example_subdag_operator to 2022-01-01T00:00:00+00:00, run_after=2022-01-01T00:00:00+00:00
[2025-06-02T22:03:33.091+0000] {logging_mixin.py:154} INFO - [2025-06-02T22:03:33.090+0000] {dag.py:3722} INFO - Setting next_dagrun for example_subdag_operator.section-1 to None, run_after=None
[2025-06-02T22:03:33.092+0000] {logging_mixin.py:154} INFO - [2025-06-02T22:03:33.092+0000] {dag.py:3722} INFO - Setting next_dagrun for example_subdag_operator.section-2 to None, run_after=None
[2025-06-02T22:03:33.101+0000] {logging_mixin.py:154} INFO - [2025-06-02T22:03:33.101+0000] {dag.py:2941} INFO - Sync 2 DAGs
[2025-06-02T22:03:33.107+0000] {logging_mixin.py:154} INFO - [2025-06-02T22:03:33.107+0000] {dag.py:3722} INFO - Setting next_dagrun for example_subdag_operator.section-1 to None, run_after=None
[2025-06-02T22:03:33.108+0000] {logging_mixin.py:154} INFO - [2025-06-02T22:03:33.108+0000] {dag.py:3722} INFO - Setting next_dagrun for example_subdag_operator.section-2 to None, run_after=None
[2025-06-02T22:03:33.127+0000] {processor.py:179} INFO - Processing /home/airflow/.local/lib/python3.10/site-packages/airflow/example_dags/example_subdag_operator.py took 0.145 seconds
[2025-06-02T22:04:03.180+0000] {processor.py:157} INFO - Started process (PID=480) to work on /home/airflow/.local/lib/python3.10/site-packages/airflow/example_dags/example_subdag_operator.py
[2025-06-02T22:04:03.181+0000] {processor.py:829} INFO - Processing file /home/airflow/.local/lib/python3.10/site-packages/airflow/example_dags/example_subdag_operator.py for tasks to queue
[2025-06-02T22:04:03.183+0000] {logging_mixin.py:154} INFO - [2025-06-02T22:04:03.183+0000] {dagbag.py:536} INFO - Filling up the DagBag from /home/airflow/.local/lib/python3.10/site-packages/airflow/example_dags/example_subdag_operator.py
[2025-06-02T22:04:03.208+0000] {processor.py:839} INFO - DAG(s) dict_keys(['example_subdag_operator.section-1', 'example_subdag_operator.section-2', 'example_subdag_operator']) retrieved from /home/airflow/.local/lib/python3.10/site-packages/airflow/example_dags/example_subdag_operator.py
[2025-06-02T22:04:03.224+0000] {logging_mixin.py:154} INFO - [2025-06-02T22:04:03.224+0000] {dag.py:2941} INFO - Sync 3 DAGs
[2025-06-02T22:04:03.246+0000] {logging_mixin.py:154} INFO - [2025-06-02T22:04:03.246+0000] {dag.py:3722} INFO - Setting next_dagrun for example_subdag_operator to 2022-01-01T00:00:00+00:00, run_after=2022-01-01T00:00:00+00:00
[2025-06-02T22:04:03.250+0000] {logging_mixin.py:154} INFO - [2025-06-02T22:04:03.250+0000] {dag.py:3722} INFO - Setting next_dagrun for example_subdag_operator.section-1 to None, run_after=None
[2025-06-02T22:04:03.251+0000] {logging_mixin.py:154} INFO - [2025-06-02T22:04:03.251+0000] {dag.py:3722} INFO - Setting next_dagrun for example_subdag_operator.section-2 to None, run_after=None
[2025-06-02T22:04:03.258+0000] {logging_mixin.py:154} INFO - [2025-06-02T22:04:03.257+0000] {dag.py:2941} INFO - Sync 2 DAGs
[2025-06-02T22:04:03.263+0000] {logging_mixin.py:154} INFO - [2025-06-02T22:04:03.263+0000] {dag.py:3722} INFO - Setting next_dagrun for example_subdag_operator.section-1 to None, run_after=None
[2025-06-02T22:04:03.264+0000] {logging_mixin.py:154} INFO - [2025-06-02T22:04:03.264+0000] {dag.py:3722} INFO - Setting next_dagrun for example_subdag_operator.section-2 to None, run_after=None
[2025-06-02T22:04:03.275+0000] {processor.py:179} INFO - Processing /home/airflow/.local/lib/python3.10/site-packages/airflow/example_dags/example_subdag_operator.py took 0.099 seconds
[2025-06-02T22:04:33.375+0000] {processor.py:157} INFO - Started process (PID=534) to work on /home/airflow/.local/lib/python3.10/site-packages/airflow/example_dags/example_subdag_operator.py
[2025-06-02T22:04:33.376+0000] {processor.py:829} INFO - Processing file /home/airflow/.local/lib/python3.10/site-packages/airflow/example_dags/example_subdag_operator.py for tasks to queue
[2025-06-02T22:04:33.378+0000] {logging_mixin.py:154} INFO - [2025-06-02T22:04:33.378+0000] {dagbag.py:536} INFO - Filling up the DagBag from /home/airflow/.local/lib/python3.10/site-packages/airflow/example_dags/example_subdag_operator.py
[2025-06-02T22:04:33.403+0000] {processor.py:839} INFO - DAG(s) dict_keys(['example_subdag_operator.section-1', 'example_subdag_operator.section-2', 'example_subdag_operator']) retrieved from /home/airflow/.local/lib/python3.10/site-packages/airflow/example_dags/example_subdag_operator.py
[2025-06-02T22:04:33.419+0000] {logging_mixin.py:154} INFO - [2025-06-02T22:04:33.419+0000] {dag.py:2941} INFO - Sync 3 DAGs
[2025-06-02T22:04:33.440+0000] {logging_mixin.py:154} INFO - [2025-06-02T22:04:33.440+0000] {dag.py:3722} INFO - Setting next_dagrun for example_subdag_operator to 2022-01-01T00:00:00+00:00, run_after=2022-01-01T00:00:00+00:00
[2025-06-02T22:04:33.444+0000] {logging_mixin.py:154} INFO - [2025-06-02T22:04:33.444+0000] {dag.py:3722} INFO - Setting next_dagrun for example_subdag_operator.section-1 to None, run_after=None
[2025-06-02T22:04:33.445+0000] {logging_mixin.py:154} INFO - [2025-06-02T22:04:33.445+0000] {dag.py:3722} INFO - Setting next_dagrun for example_subdag_operator.section-2 to None, run_after=None
[2025-06-02T22:04:33.451+0000] {logging_mixin.py:154} INFO - [2025-06-02T22:04:33.451+0000] {dag.py:2941} INFO - Sync 2 DAGs
[2025-06-02T22:04:33.456+0000] {logging_mixin.py:154} INFO - [2025-06-02T22:04:33.456+0000] {dag.py:3722} INFO - Setting next_dagrun for example_subdag_operator.section-1 to None, run_after=None
[2025-06-02T22:04:33.456+0000] {logging_mixin.py:154} INFO - [2025-06-02T22:04:33.456+0000] {dag.py:3722} INFO - Setting next_dagrun for example_subdag_operator.section-2 to None, run_after=None
[2025-06-02T22:04:33.471+0000] {processor.py:179} INFO - Processing /home/airflow/.local/lib/python3.10/site-packages/airflow/example_dags/example_subdag_operator.py took 0.100 seconds
[2025-06-02T22:05:03.712+0000] {processor.py:157} INFO - Started process (PID=588) to work on /home/airflow/.local/lib/python3.10/site-packages/airflow/example_dags/example_subdag_operator.py
[2025-06-02T22:05:03.713+0000] {processor.py:829} INFO - Processing file /home/airflow/.local/lib/python3.10/site-packages/airflow/example_dags/example_subdag_operator.py for tasks to queue
[2025-06-02T22:05:03.716+0000] {logging_mixin.py:154} INFO - [2025-06-02T22:05:03.716+0000] {dagbag.py:536} INFO - Filling up the DagBag from /home/airflow/.local/lib/python3.10/site-packages/airflow/example_dags/example_subdag_operator.py
[2025-06-02T22:05:03.742+0000] {processor.py:839} INFO - DAG(s) dict_keys(['example_subdag_operator.section-1', 'example_subdag_operator.section-2', 'example_subdag_operator']) retrieved from /home/airflow/.local/lib/python3.10/site-packages/airflow/example_dags/example_subdag_operator.py
[2025-06-02T22:05:03.758+0000] {logging_mixin.py:154} INFO - [2025-06-02T22:05:03.758+0000] {dag.py:2941} INFO - Sync 3 DAGs
[2025-06-02T22:05:03.780+0000] {logging_mixin.py:154} INFO - [2025-06-02T22:05:03.780+0000] {dag.py:3722} INFO - Setting next_dagrun for example_subdag_operator to 2022-01-01T00:00:00+00:00, run_after=2022-01-01T00:00:00+00:00
[2025-06-02T22:05:03.783+0000] {logging_mixin.py:154} INFO - [2025-06-02T22:05:03.783+0000] {dag.py:3722} INFO - Setting next_dagrun for example_subdag_operator.section-1 to None, run_after=None
[2025-06-02T22:05:03.784+0000] {logging_mixin.py:154} INFO - [2025-06-02T22:05:03.784+0000] {dag.py:3722} INFO - Setting next_dagrun for example_subdag_operator.section-2 to None, run_after=None
[2025-06-02T22:05:03.791+0000] {logging_mixin.py:154} INFO - [2025-06-02T22:05:03.791+0000] {dag.py:2941} INFO - Sync 2 DAGs
[2025-06-02T22:05:03.796+0000] {logging_mixin.py:154} INFO - [2025-06-02T22:05:03.796+0000] {dag.py:3722} INFO - Setting next_dagrun for example_subdag_operator.section-1 to None, run_after=None
[2025-06-02T22:05:03.796+0000] {logging_mixin.py:154} INFO - [2025-06-02T22:05:03.796+0000] {dag.py:3722} INFO - Setting next_dagrun for example_subdag_operator.section-2 to None, run_after=None
[2025-06-02T22:05:03.807+0000] {processor.py:179} INFO - Processing /home/airflow/.local/lib/python3.10/site-packages/airflow/example_dags/example_subdag_operator.py took 0.100 seconds
[2025-06-02T22:05:33.947+0000] {processor.py:157} INFO - Started process (PID=643) to work on /home/airflow/.local/lib/python3.10/site-packages/airflow/example_dags/example_subdag_operator.py
[2025-06-02T22:05:33.949+0000] {processor.py:829} INFO - Processing file /home/airflow/.local/lib/python3.10/site-packages/airflow/example_dags/example_subdag_operator.py for tasks to queue
[2025-06-02T22:05:33.957+0000] {logging_mixin.py:154} INFO - [2025-06-02T22:05:33.956+0000] {dagbag.py:536} INFO - Filling up the DagBag from /home/airflow/.local/lib/python3.10/site-packages/airflow/example_dags/example_subdag_operator.py
[2025-06-02T22:05:34.006+0000] {processor.py:839} INFO - DAG(s) dict_keys(['example_subdag_operator.section-1', 'example_subdag_operator.section-2', 'example_subdag_operator']) retrieved from /home/airflow/.local/lib/python3.10/site-packages/airflow/example_dags/example_subdag_operator.py
[2025-06-02T22:05:34.022+0000] {logging_mixin.py:154} INFO - [2025-06-02T22:05:34.022+0000] {dag.py:2941} INFO - Sync 3 DAGs
[2025-06-02T22:05:34.043+0000] {logging_mixin.py:154} INFO - [2025-06-02T22:05:34.043+0000] {dag.py:3722} INFO - Setting next_dagrun for example_subdag_operator to 2022-01-01T00:00:00+00:00, run_after=2022-01-01T00:00:00+00:00
[2025-06-02T22:05:34.046+0000] {logging_mixin.py:154} INFO - [2025-06-02T22:05:34.046+0000] {dag.py:3722} INFO - Setting next_dagrun for example_subdag_operator.section-1 to None, run_after=None
[2025-06-02T22:05:34.047+0000] {logging_mixin.py:154} INFO - [2025-06-02T22:05:34.047+0000] {dag.py:3722} INFO - Setting next_dagrun for example_subdag_operator.section-2 to None, run_after=None
[2025-06-02T22:05:34.053+0000] {logging_mixin.py:154} INFO - [2025-06-02T22:05:34.053+0000] {dag.py:2941} INFO - Sync 2 DAGs
[2025-06-02T22:05:34.058+0000] {logging_mixin.py:154} INFO - [2025-06-02T22:05:34.058+0000] {dag.py:3722} INFO - Setting next_dagrun for example_subdag_operator.section-1 to None, run_after=None
[2025-06-02T22:05:34.059+0000] {logging_mixin.py:154} INFO - [2025-06-02T22:05:34.058+0000] {dag.py:3722} INFO - Setting next_dagrun for example_subdag_operator.section-2 to None, run_after=None
[2025-06-02T22:05:34.071+0000] {processor.py:179} INFO - Processing /home/airflow/.local/lib/python3.10/site-packages/airflow/example_dags/example_subdag_operator.py took 0.131 seconds
[2025-06-02T22:06:04.143+0000] {processor.py:157} INFO - Started process (PID=697) to work on /home/airflow/.local/lib/python3.10/site-packages/airflow/example_dags/example_subdag_operator.py
[2025-06-02T22:06:04.144+0000] {processor.py:829} INFO - Processing file /home/airflow/.local/lib/python3.10/site-packages/airflow/example_dags/example_subdag_operator.py for tasks to queue
[2025-06-02T22:06:04.147+0000] {logging_mixin.py:154} INFO - [2025-06-02T22:06:04.146+0000] {dagbag.py:536} INFO - Filling up the DagBag from /home/airflow/.local/lib/python3.10/site-packages/airflow/example_dags/example_subdag_operator.py
[2025-06-02T22:06:04.171+0000] {processor.py:839} INFO - DAG(s) dict_keys(['example_subdag_operator.section-1', 'example_subdag_operator.section-2', 'example_subdag_operator']) retrieved from /home/airflow/.local/lib/python3.10/site-packages/airflow/example_dags/example_subdag_operator.py
[2025-06-02T22:06:04.188+0000] {logging_mixin.py:154} INFO - [2025-06-02T22:06:04.188+0000] {dag.py:2941} INFO - Sync 3 DAGs
[2025-06-02T22:06:04.211+0000] {logging_mixin.py:154} INFO - [2025-06-02T22:06:04.211+0000] {dag.py:3722} INFO - Setting next_dagrun for example_subdag_operator to 2022-01-01T00:00:00+00:00, run_after=2022-01-01T00:00:00+00:00
[2025-06-02T22:06:04.215+0000] {logging_mixin.py:154} INFO - [2025-06-02T22:06:04.214+0000] {dag.py:3722} INFO - Setting next_dagrun for example_subdag_operator.section-1 to None, run_after=None
[2025-06-02T22:06:04.216+0000] {logging_mixin.py:154} INFO - [2025-06-02T22:06:04.216+0000] {dag.py:3722} INFO - Setting next_dagrun for example_subdag_operator.section-2 to None, run_after=None
[2025-06-02T22:06:04.223+0000] {logging_mixin.py:154} INFO - [2025-06-02T22:06:04.222+0000] {dag.py:2941} INFO - Sync 2 DAGs
[2025-06-02T22:06:04.232+0000] {logging_mixin.py:154} INFO - [2025-06-02T22:06:04.232+0000] {dag.py:3722} INFO - Setting next_dagrun for example_subdag_operator.section-1 to None, run_after=None
[2025-06-02T22:06:04.233+0000] {logging_mixin.py:154} INFO - [2025-06-02T22:06:04.233+0000] {dag.py:3722} INFO - Setting next_dagrun for example_subdag_operator.section-2 to None, run_after=None
[2025-06-02T22:06:04.280+0000] {processor.py:179} INFO - Processing /home/airflow/.local/lib/python3.10/site-packages/airflow/example_dags/example_subdag_operator.py took 0.141 seconds
[2025-06-02T22:06:34.760+0000] {processor.py:157} INFO - Started process (PID=750) to work on /home/airflow/.local/lib/python3.10/site-packages/airflow/example_dags/example_subdag_operator.py
[2025-06-02T22:06:34.762+0000] {processor.py:829} INFO - Processing file /home/airflow/.local/lib/python3.10/site-packages/airflow/example_dags/example_subdag_operator.py for tasks to queue
[2025-06-02T22:06:34.765+0000] {logging_mixin.py:154} INFO - [2025-06-02T22:06:34.764+0000] {dagbag.py:536} INFO - Filling up the DagBag from /home/airflow/.local/lib/python3.10/site-packages/airflow/example_dags/example_subdag_operator.py
[2025-06-02T22:06:34.799+0000] {processor.py:839} INFO - DAG(s) dict_keys(['example_subdag_operator.section-1', 'example_subdag_operator.section-2', 'example_subdag_operator']) retrieved from /home/airflow/.local/lib/python3.10/site-packages/airflow/example_dags/example_subdag_operator.py
[2025-06-02T22:06:34.819+0000] {logging_mixin.py:154} INFO - [2025-06-02T22:06:34.819+0000] {dag.py:2941} INFO - Sync 3 DAGs
[2025-06-02T22:06:34.849+0000] {logging_mixin.py:154} INFO - [2025-06-02T22:06:34.849+0000] {dag.py:3722} INFO - Setting next_dagrun for example_subdag_operator to 2022-01-01T00:00:00+00:00, run_after=2022-01-01T00:00:00+00:00
[2025-06-02T22:06:35.007+0000] {logging_mixin.py:154} INFO - [2025-06-02T22:06:35.007+0000] {dag.py:3722} INFO - Setting next_dagrun for example_subdag_operator.section-1 to None, run_after=None
[2025-06-02T22:06:35.009+0000] {logging_mixin.py:154} INFO - [2025-06-02T22:06:35.009+0000] {dag.py:3722} INFO - Setting next_dagrun for example_subdag_operator.section-2 to None, run_after=None
[2025-06-02T22:06:35.015+0000] {logging_mixin.py:154} INFO - [2025-06-02T22:06:35.015+0000] {dag.py:2941} INFO - Sync 2 DAGs
[2025-06-02T22:06:35.020+0000] {logging_mixin.py:154} INFO - [2025-06-02T22:06:35.020+0000] {dag.py:3722} INFO - Setting next_dagrun for example_subdag_operator.section-1 to None, run_after=None
[2025-06-02T22:06:35.021+0000] {logging_mixin.py:154} INFO - [2025-06-02T22:06:35.021+0000] {dag.py:3722} INFO - Setting next_dagrun for example_subdag_operator.section-2 to None, run_after=None
[2025-06-02T22:06:35.041+0000] {processor.py:179} INFO - Processing /home/airflow/.local/lib/python3.10/site-packages/airflow/example_dags/example_subdag_operator.py took 0.286 seconds
[2025-06-02T22:07:05.383+0000] {processor.py:157} INFO - Started process (PID=805) to work on /home/airflow/.local/lib/python3.10/site-packages/airflow/example_dags/example_subdag_operator.py
[2025-06-02T22:07:05.384+0000] {processor.py:829} INFO - Processing file /home/airflow/.local/lib/python3.10/site-packages/airflow/example_dags/example_subdag_operator.py for tasks to queue
[2025-06-02T22:07:05.387+0000] {logging_mixin.py:154} INFO - [2025-06-02T22:07:05.386+0000] {dagbag.py:536} INFO - Filling up the DagBag from /home/airflow/.local/lib/python3.10/site-packages/airflow/example_dags/example_subdag_operator.py
[2025-06-02T22:07:05.411+0000] {processor.py:839} INFO - DAG(s) dict_keys(['example_subdag_operator.section-1', 'example_subdag_operator.section-2', 'example_subdag_operator']) retrieved from /home/airflow/.local/lib/python3.10/site-packages/airflow/example_dags/example_subdag_operator.py
[2025-06-02T22:07:05.426+0000] {logging_mixin.py:154} INFO - [2025-06-02T22:07:05.426+0000] {dag.py:2941} INFO - Sync 3 DAGs
[2025-06-02T22:07:05.448+0000] {logging_mixin.py:154} INFO - [2025-06-02T22:07:05.448+0000] {dag.py:3722} INFO - Setting next_dagrun for example_subdag_operator to 2022-01-01T00:00:00+00:00, run_after=2022-01-01T00:00:00+00:00
[2025-06-02T22:07:05.452+0000] {logging_mixin.py:154} INFO - [2025-06-02T22:07:05.451+0000] {dag.py:3722} INFO - Setting next_dagrun for example_subdag_operator.section-1 to None, run_after=None
[2025-06-02T22:07:05.453+0000] {logging_mixin.py:154} INFO - [2025-06-02T22:07:05.453+0000] {dag.py:3722} INFO - Setting next_dagrun for example_subdag_operator.section-2 to None, run_after=None
[2025-06-02T22:07:05.459+0000] {logging_mixin.py:154} INFO - [2025-06-02T22:07:05.459+0000] {dag.py:2941} INFO - Sync 2 DAGs
[2025-06-02T22:07:05.465+0000] {logging_mixin.py:154} INFO - [2025-06-02T22:07:05.464+0000] {dag.py:3722} INFO - Setting next_dagrun for example_subdag_operator.section-1 to None, run_after=None
[2025-06-02T22:07:05.465+0000] {logging_mixin.py:154} INFO - [2025-06-02T22:07:05.465+0000] {dag.py:3722} INFO - Setting next_dagrun for example_subdag_operator.section-2 to None, run_after=None
[2025-06-02T22:07:05.476+0000] {processor.py:179} INFO - Processing /home/airflow/.local/lib/python3.10/site-packages/airflow/example_dags/example_subdag_operator.py took 0.097 seconds
[2025-06-02T22:07:35.646+0000] {processor.py:157} INFO - Started process (PID=859) to work on /home/airflow/.local/lib/python3.10/site-packages/airflow/example_dags/example_subdag_operator.py
[2025-06-02T22:07:35.654+0000] {processor.py:829} INFO - Processing file /home/airflow/.local/lib/python3.10/site-packages/airflow/example_dags/example_subdag_operator.py for tasks to queue
[2025-06-02T22:07:35.657+0000] {logging_mixin.py:154} INFO - [2025-06-02T22:07:35.656+0000] {dagbag.py:536} INFO - Filling up the DagBag from /home/airflow/.local/lib/python3.10/site-packages/airflow/example_dags/example_subdag_operator.py
[2025-06-02T22:07:35.681+0000] {processor.py:839} INFO - DAG(s) dict_keys(['example_subdag_operator.section-1', 'example_subdag_operator.section-2', 'example_subdag_operator']) retrieved from /home/airflow/.local/lib/python3.10/site-packages/airflow/example_dags/example_subdag_operator.py
[2025-06-02T22:07:35.697+0000] {logging_mixin.py:154} INFO - [2025-06-02T22:07:35.697+0000] {dag.py:2941} INFO - Sync 3 DAGs
[2025-06-02T22:07:35.719+0000] {logging_mixin.py:154} INFO - [2025-06-02T22:07:35.719+0000] {dag.py:3722} INFO - Setting next_dagrun for example_subdag_operator to 2022-01-01T00:00:00+00:00, run_after=2022-01-01T00:00:00+00:00
[2025-06-02T22:07:35.722+0000] {logging_mixin.py:154} INFO - [2025-06-02T22:07:35.722+0000] {dag.py:3722} INFO - Setting next_dagrun for example_subdag_operator.section-1 to None, run_after=None
[2025-06-02T22:07:35.724+0000] {logging_mixin.py:154} INFO - [2025-06-02T22:07:35.723+0000] {dag.py:3722} INFO - Setting next_dagrun for example_subdag_operator.section-2 to None, run_after=None
[2025-06-02T22:07:35.731+0000] {logging_mixin.py:154} INFO - [2025-06-02T22:07:35.730+0000] {dag.py:2941} INFO - Sync 2 DAGs
[2025-06-02T22:07:35.735+0000] {logging_mixin.py:154} INFO - [2025-06-02T22:07:35.735+0000] {dag.py:3722} INFO - Setting next_dagrun for example_subdag_operator.section-1 to None, run_after=None
[2025-06-02T22:07:35.736+0000] {logging_mixin.py:154} INFO - [2025-06-02T22:07:35.736+0000] {dag.py:3722} INFO - Setting next_dagrun for example_subdag_operator.section-2 to None, run_after=None
[2025-06-02T22:07:35.750+0000] {processor.py:179} INFO - Processing /home/airflow/.local/lib/python3.10/site-packages/airflow/example_dags/example_subdag_operator.py took 0.107 seconds
[2025-06-02T22:08:07.227+0000] {processor.py:157} INFO - Started process (PID=913) to work on /home/airflow/.local/lib/python3.10/site-packages/airflow/example_dags/example_subdag_operator.py
[2025-06-02T22:08:07.228+0000] {processor.py:829} INFO - Processing file /home/airflow/.local/lib/python3.10/site-packages/airflow/example_dags/example_subdag_operator.py for tasks to queue
[2025-06-02T22:08:07.243+0000] {logging_mixin.py:154} INFO - [2025-06-02T22:08:07.243+0000] {dagbag.py:536} INFO - Filling up the DagBag from /home/airflow/.local/lib/python3.10/site-packages/airflow/example_dags/example_subdag_operator.py
[2025-06-02T22:08:07.305+0000] {processor.py:839} INFO - DAG(s) dict_keys(['example_subdag_operator.section-1', 'example_subdag_operator.section-2', 'example_subdag_operator']) retrieved from /home/airflow/.local/lib/python3.10/site-packages/airflow/example_dags/example_subdag_operator.py
[2025-06-02T22:08:07.328+0000] {logging_mixin.py:154} INFO - [2025-06-02T22:08:07.327+0000] {dag.py:2941} INFO - Sync 3 DAGs
[2025-06-02T22:08:07.564+0000] {logging_mixin.py:154} INFO - [2025-06-02T22:08:07.564+0000] {dag.py:3722} INFO - Setting next_dagrun for example_subdag_operator to 2022-01-01T00:00:00+00:00, run_after=2022-01-01T00:00:00+00:00
[2025-06-02T22:08:07.569+0000] {logging_mixin.py:154} INFO - [2025-06-02T22:08:07.569+0000] {dag.py:3722} INFO - Setting next_dagrun for example_subdag_operator.section-1 to None, run_after=None
[2025-06-02T22:08:07.570+0000] {logging_mixin.py:154} INFO - [2025-06-02T22:08:07.570+0000] {dag.py:3722} INFO - Setting next_dagrun for example_subdag_operator.section-2 to None, run_after=None
[2025-06-02T22:08:07.579+0000] {logging_mixin.py:154} INFO - [2025-06-02T22:08:07.578+0000] {dag.py:2941} INFO - Sync 2 DAGs
[2025-06-02T22:08:07.586+0000] {logging_mixin.py:154} INFO - [2025-06-02T22:08:07.586+0000] {dag.py:3722} INFO - Setting next_dagrun for example_subdag_operator.section-1 to None, run_after=None
[2025-06-02T22:08:07.586+0000] {logging_mixin.py:154} INFO - [2025-06-02T22:08:07.586+0000] {dag.py:3722} INFO - Setting next_dagrun for example_subdag_operator.section-2 to None, run_after=None
[2025-06-02T22:08:07.601+0000] {processor.py:179} INFO - Processing /home/airflow/.local/lib/python3.10/site-packages/airflow/example_dags/example_subdag_operator.py took 0.387 seconds
[2025-06-02T22:08:37.912+0000] {processor.py:157} INFO - Started process (PID=967) to work on /home/airflow/.local/lib/python3.10/site-packages/airflow/example_dags/example_subdag_operator.py
[2025-06-02T22:08:37.914+0000] {processor.py:829} INFO - Processing file /home/airflow/.local/lib/python3.10/site-packages/airflow/example_dags/example_subdag_operator.py for tasks to queue
[2025-06-02T22:08:37.917+0000] {logging_mixin.py:154} INFO - [2025-06-02T22:08:37.917+0000] {dagbag.py:536} INFO - Filling up the DagBag from /home/airflow/.local/lib/python3.10/site-packages/airflow/example_dags/example_subdag_operator.py
[2025-06-02T22:08:37.952+0000] {processor.py:839} INFO - DAG(s) dict_keys(['example_subdag_operator.section-1', 'example_subdag_operator.section-2', 'example_subdag_operator']) retrieved from /home/airflow/.local/lib/python3.10/site-packages/airflow/example_dags/example_subdag_operator.py
[2025-06-02T22:08:37.973+0000] {logging_mixin.py:154} INFO - [2025-06-02T22:08:37.972+0000] {dag.py:2941} INFO - Sync 3 DAGs
[2025-06-02T22:08:38.003+0000] {logging_mixin.py:154} INFO - [2025-06-02T22:08:38.003+0000] {dag.py:3722} INFO - Setting next_dagrun for example_subdag_operator to 2022-01-01T00:00:00+00:00, run_after=2022-01-01T00:00:00+00:00
[2025-06-02T22:08:38.008+0000] {logging_mixin.py:154} INFO - [2025-06-02T22:08:38.008+0000] {dag.py:3722} INFO - Setting next_dagrun for example_subdag_operator.section-1 to None, run_after=None
[2025-06-02T22:08:38.010+0000] {logging_mixin.py:154} INFO - [2025-06-02T22:08:38.010+0000] {dag.py:3722} INFO - Setting next_dagrun for example_subdag_operator.section-2 to None, run_after=None
[2025-06-02T22:08:38.023+0000] {logging_mixin.py:154} INFO - [2025-06-02T22:08:38.023+0000] {dag.py:2941} INFO - Sync 2 DAGs
[2025-06-02T22:08:38.039+0000] {logging_mixin.py:154} INFO - [2025-06-02T22:08:38.038+0000] {dag.py:3722} INFO - Setting next_dagrun for example_subdag_operator.section-1 to None, run_after=None
[2025-06-02T22:08:38.039+0000] {logging_mixin.py:154} INFO - [2025-06-02T22:08:38.039+0000] {dag.py:3722} INFO - Setting next_dagrun for example_subdag_operator.section-2 to None, run_after=None
[2025-06-02T22:08:38.052+0000] {processor.py:179} INFO - Processing /home/airflow/.local/lib/python3.10/site-packages/airflow/example_dags/example_subdag_operator.py took 0.144 seconds
[2025-06-02T22:09:09.228+0000] {processor.py:157} INFO - Started process (PID=1021) to work on /home/airflow/.local/lib/python3.10/site-packages/airflow/example_dags/example_subdag_operator.py
[2025-06-02T22:09:09.230+0000] {processor.py:829} INFO - Processing file /home/airflow/.local/lib/python3.10/site-packages/airflow/example_dags/example_subdag_operator.py for tasks to queue
[2025-06-02T22:09:09.234+0000] {logging_mixin.py:154} INFO - [2025-06-02T22:09:09.233+0000] {dagbag.py:536} INFO - Filling up the DagBag from /home/airflow/.local/lib/python3.10/site-packages/airflow/example_dags/example_subdag_operator.py
[2025-06-02T22:09:09.272+0000] {processor.py:839} INFO - DAG(s) dict_keys(['example_subdag_operator.section-1', 'example_subdag_operator.section-2', 'example_subdag_operator']) retrieved from /home/airflow/.local/lib/python3.10/site-packages/airflow/example_dags/example_subdag_operator.py
[2025-06-02T22:09:09.311+0000] {logging_mixin.py:154} INFO - [2025-06-02T22:09:09.311+0000] {dag.py:2941} INFO - Sync 3 DAGs
[2025-06-02T22:09:09.462+0000] {logging_mixin.py:154} INFO - [2025-06-02T22:09:09.462+0000] {dag.py:3722} INFO - Setting next_dagrun for example_subdag_operator to 2022-01-01T00:00:00+00:00, run_after=2022-01-01T00:00:00+00:00
[2025-06-02T22:09:09.474+0000] {logging_mixin.py:154} INFO - [2025-06-02T22:09:09.474+0000] {dag.py:3722} INFO - Setting next_dagrun for example_subdag_operator.section-1 to None, run_after=None
[2025-06-02T22:09:09.482+0000] {logging_mixin.py:154} INFO - [2025-06-02T22:09:09.481+0000] {dag.py:3722} INFO - Setting next_dagrun for example_subdag_operator.section-2 to None, run_after=None
[2025-06-02T22:09:09.515+0000] {logging_mixin.py:154} INFO - [2025-06-02T22:09:09.515+0000] {dag.py:2941} INFO - Sync 2 DAGs
[2025-06-02T22:09:09.522+0000] {logging_mixin.py:154} INFO - [2025-06-02T22:09:09.522+0000] {dag.py:3722} INFO - Setting next_dagrun for example_subdag_operator.section-1 to None, run_after=None
[2025-06-02T22:09:09.522+0000] {logging_mixin.py:154} INFO - [2025-06-02T22:09:09.522+0000] {dag.py:3722} INFO - Setting next_dagrun for example_subdag_operator.section-2 to None, run_after=None
[2025-06-02T22:09:09.536+0000] {processor.py:179} INFO - Processing /home/airflow/.local/lib/python3.10/site-packages/airflow/example_dags/example_subdag_operator.py took 0.313 seconds
[2025-06-02T22:09:39.831+0000] {processor.py:157} INFO - Started process (PID=1081) to work on /home/airflow/.local/lib/python3.10/site-packages/airflow/example_dags/example_subdag_operator.py
[2025-06-02T22:09:39.833+0000] {processor.py:829} INFO - Processing file /home/airflow/.local/lib/python3.10/site-packages/airflow/example_dags/example_subdag_operator.py for tasks to queue
[2025-06-02T22:09:39.836+0000] {logging_mixin.py:154} INFO - [2025-06-02T22:09:39.836+0000] {dagbag.py:536} INFO - Filling up the DagBag from /home/airflow/.local/lib/python3.10/site-packages/airflow/example_dags/example_subdag_operator.py
[2025-06-02T22:09:39.869+0000] {processor.py:839} INFO - DAG(s) dict_keys(['example_subdag_operator.section-1', 'example_subdag_operator.section-2', 'example_subdag_operator']) retrieved from /home/airflow/.local/lib/python3.10/site-packages/airflow/example_dags/example_subdag_operator.py
[2025-06-02T22:09:39.891+0000] {logging_mixin.py:154} INFO - [2025-06-02T22:09:39.891+0000] {dag.py:2941} INFO - Sync 3 DAGs
[2025-06-02T22:09:40.081+0000] {logging_mixin.py:154} INFO - [2025-06-02T22:09:40.081+0000] {dag.py:3722} INFO - Setting next_dagrun for example_subdag_operator to 2022-01-01T00:00:00+00:00, run_after=2022-01-01T00:00:00+00:00
[2025-06-02T22:09:40.085+0000] {logging_mixin.py:154} INFO - [2025-06-02T22:09:40.084+0000] {dag.py:3722} INFO - Setting next_dagrun for example_subdag_operator.section-1 to None, run_after=None
[2025-06-02T22:09:40.086+0000] {logging_mixin.py:154} INFO - [2025-06-02T22:09:40.086+0000] {dag.py:3722} INFO - Setting next_dagrun for example_subdag_operator.section-2 to None, run_after=None
[2025-06-02T22:09:40.092+0000] {logging_mixin.py:154} INFO - [2025-06-02T22:09:40.092+0000] {dag.py:2941} INFO - Sync 2 DAGs
[2025-06-02T22:09:40.097+0000] {logging_mixin.py:154} INFO - [2025-06-02T22:09:40.097+0000] {dag.py:3722} INFO - Setting next_dagrun for example_subdag_operator.section-1 to None, run_after=None
[2025-06-02T22:09:40.097+0000] {logging_mixin.py:154} INFO - [2025-06-02T22:09:40.097+0000] {dag.py:3722} INFO - Setting next_dagrun for example_subdag_operator.section-2 to None, run_after=None
[2025-06-02T22:09:40.116+0000] {processor.py:179} INFO - Processing /home/airflow/.local/lib/python3.10/site-packages/airflow/example_dags/example_subdag_operator.py took 0.289 seconds
[2025-06-02T22:10:10.742+0000] {processor.py:157} INFO - Started process (PID=1135) to work on /home/airflow/.local/lib/python3.10/site-packages/airflow/example_dags/example_subdag_operator.py
[2025-06-02T22:10:10.746+0000] {processor.py:829} INFO - Processing file /home/airflow/.local/lib/python3.10/site-packages/airflow/example_dags/example_subdag_operator.py for tasks to queue
[2025-06-02T22:10:10.753+0000] {logging_mixin.py:154} INFO - [2025-06-02T22:10:10.752+0000] {dagbag.py:536} INFO - Filling up the DagBag from /home/airflow/.local/lib/python3.10/site-packages/airflow/example_dags/example_subdag_operator.py
[2025-06-02T22:10:10.789+0000] {processor.py:839} INFO - DAG(s) dict_keys(['example_subdag_operator.section-1', 'example_subdag_operator.section-2', 'example_subdag_operator']) retrieved from /home/airflow/.local/lib/python3.10/site-packages/airflow/example_dags/example_subdag_operator.py
[2025-06-02T22:10:10.821+0000] {logging_mixin.py:154} INFO - [2025-06-02T22:10:10.821+0000] {dag.py:2941} INFO - Sync 3 DAGs
[2025-06-02T22:10:10.853+0000] {logging_mixin.py:154} INFO - [2025-06-02T22:10:10.853+0000] {dag.py:3722} INFO - Setting next_dagrun for example_subdag_operator to 2022-01-01T00:00:00+00:00, run_after=2022-01-01T00:00:00+00:00
[2025-06-02T22:10:11.045+0000] {logging_mixin.py:154} INFO - [2025-06-02T22:10:11.045+0000] {dag.py:3722} INFO - Setting next_dagrun for example_subdag_operator.section-1 to None, run_after=None
[2025-06-02T22:10:11.047+0000] {logging_mixin.py:154} INFO - [2025-06-02T22:10:11.047+0000] {dag.py:3722} INFO - Setting next_dagrun for example_subdag_operator.section-2 to None, run_after=None
[2025-06-02T22:10:11.056+0000] {logging_mixin.py:154} INFO - [2025-06-02T22:10:11.055+0000] {dag.py:2941} INFO - Sync 2 DAGs
[2025-06-02T22:10:11.062+0000] {logging_mixin.py:154} INFO - [2025-06-02T22:10:11.062+0000] {dag.py:3722} INFO - Setting next_dagrun for example_subdag_operator.section-1 to None, run_after=None
[2025-06-02T22:10:11.063+0000] {logging_mixin.py:154} INFO - [2025-06-02T22:10:11.062+0000] {dag.py:3722} INFO - Setting next_dagrun for example_subdag_operator.section-2 to None, run_after=None
[2025-06-02T22:10:11.075+0000] {processor.py:179} INFO - Processing /home/airflow/.local/lib/python3.10/site-packages/airflow/example_dags/example_subdag_operator.py took 0.341 seconds
[2025-06-02T22:10:41.196+0000] {processor.py:157} INFO - Started process (PID=1189) to work on /home/airflow/.local/lib/python3.10/site-packages/airflow/example_dags/example_subdag_operator.py
[2025-06-02T22:10:41.197+0000] {processor.py:829} INFO - Processing file /home/airflow/.local/lib/python3.10/site-packages/airflow/example_dags/example_subdag_operator.py for tasks to queue
[2025-06-02T22:10:41.201+0000] {logging_mixin.py:154} INFO - [2025-06-02T22:10:41.201+0000] {dagbag.py:536} INFO - Filling up the DagBag from /home/airflow/.local/lib/python3.10/site-packages/airflow/example_dags/example_subdag_operator.py
[2025-06-02T22:10:41.236+0000] {processor.py:839} INFO - DAG(s) dict_keys(['example_subdag_operator.section-1', 'example_subdag_operator.section-2', 'example_subdag_operator']) retrieved from /home/airflow/.local/lib/python3.10/site-packages/airflow/example_dags/example_subdag_operator.py
[2025-06-02T22:10:41.257+0000] {logging_mixin.py:154} INFO - [2025-06-02T22:10:41.256+0000] {dag.py:2941} INFO - Sync 3 DAGs
[2025-06-02T22:10:41.285+0000] {logging_mixin.py:154} INFO - [2025-06-02T22:10:41.285+0000] {dag.py:3722} INFO - Setting next_dagrun for example_subdag_operator to 2022-01-01T00:00:00+00:00, run_after=2022-01-01T00:00:00+00:00
[2025-06-02T22:10:41.289+0000] {logging_mixin.py:154} INFO - [2025-06-02T22:10:41.289+0000] {dag.py:3722} INFO - Setting next_dagrun for example_subdag_operator.section-1 to None, run_after=None
[2025-06-02T22:10:41.291+0000] {logging_mixin.py:154} INFO - [2025-06-02T22:10:41.290+0000] {dag.py:3722} INFO - Setting next_dagrun for example_subdag_operator.section-2 to None, run_after=None
[2025-06-02T22:10:41.300+0000] {logging_mixin.py:154} INFO - [2025-06-02T22:10:41.300+0000] {dag.py:2941} INFO - Sync 2 DAGs
[2025-06-02T22:10:41.307+0000] {logging_mixin.py:154} INFO - [2025-06-02T22:10:41.306+0000] {dag.py:3722} INFO - Setting next_dagrun for example_subdag_operator.section-1 to None, run_after=None
[2025-06-02T22:10:41.307+0000] {logging_mixin.py:154} INFO - [2025-06-02T22:10:41.307+0000] {dag.py:3722} INFO - Setting next_dagrun for example_subdag_operator.section-2 to None, run_after=None
[2025-06-02T22:10:41.320+0000] {processor.py:179} INFO - Processing /home/airflow/.local/lib/python3.10/site-packages/airflow/example_dags/example_subdag_operator.py took 0.130 seconds
[2025-06-02T23:03:27.373+0000] {processor.py:157} INFO - Started process (PID=49) to work on /home/airflow/.local/lib/python3.10/site-packages/airflow/example_dags/example_subdag_operator.py
[2025-06-02T23:03:27.385+0000] {processor.py:829} INFO - Processing file /home/airflow/.local/lib/python3.10/site-packages/airflow/example_dags/example_subdag_operator.py for tasks to queue
[2025-06-02T23:03:27.389+0000] {logging_mixin.py:154} INFO - [2025-06-02T23:03:27.388+0000] {dagbag.py:536} INFO - Filling up the DagBag from /home/airflow/.local/lib/python3.10/site-packages/airflow/example_dags/example_subdag_operator.py
[2025-06-02T23:03:27.502+0000] {processor.py:839} INFO - DAG(s) dict_keys(['example_subdag_operator.section-1', 'example_subdag_operator.section-2', 'example_subdag_operator']) retrieved from /home/airflow/.local/lib/python3.10/site-packages/airflow/example_dags/example_subdag_operator.py
[2025-06-02T23:03:27.631+0000] {logging_mixin.py:154} INFO - [2025-06-02T23:03:27.631+0000] {dag.py:2941} INFO - Sync 3 DAGs
[2025-06-02T23:03:27.718+0000] {logging_mixin.py:154} INFO - [2025-06-02T23:03:27.718+0000] {dag.py:3722} INFO - Setting next_dagrun for example_subdag_operator to 2022-01-01T00:00:00+00:00, run_after=2022-01-01T00:00:00+00:00
[2025-06-02T23:03:27.739+0000] {logging_mixin.py:154} INFO - [2025-06-02T23:03:27.739+0000] {dag.py:3722} INFO - Setting next_dagrun for example_subdag_operator.section-1 to None, run_after=None
[2025-06-02T23:03:27.751+0000] {logging_mixin.py:154} INFO - [2025-06-02T23:03:27.751+0000] {dag.py:3722} INFO - Setting next_dagrun for example_subdag_operator.section-2 to None, run_after=None
[2025-06-02T23:03:27.791+0000] {logging_mixin.py:154} INFO - [2025-06-02T23:03:27.791+0000] {dag.py:2941} INFO - Sync 2 DAGs
[2025-06-02T23:03:27.801+0000] {logging_mixin.py:154} INFO - [2025-06-02T23:03:27.801+0000] {dag.py:3722} INFO - Setting next_dagrun for example_subdag_operator.section-1 to None, run_after=None
[2025-06-02T23:03:27.801+0000] {logging_mixin.py:154} INFO - [2025-06-02T23:03:27.801+0000] {dag.py:3722} INFO - Setting next_dagrun for example_subdag_operator.section-2 to None, run_after=None
[2025-06-02T23:03:27.934+0000] {processor.py:179} INFO - Processing /home/airflow/.local/lib/python3.10/site-packages/airflow/example_dags/example_subdag_operator.py took 0.581 seconds
[2025-06-02T23:03:57.903+0000] {processor.py:157} INFO - Started process (PID=41) to work on /home/airflow/.local/lib/python3.10/site-packages/airflow/example_dags/example_subdag_operator.py
[2025-06-02T23:03:57.905+0000] {processor.py:829} INFO - Processing file /home/airflow/.local/lib/python3.10/site-packages/airflow/example_dags/example_subdag_operator.py for tasks to queue
[2025-06-02T23:03:57.909+0000] {logging_mixin.py:154} INFO - [2025-06-02T23:03:57.908+0000] {dagbag.py:536} INFO - Filling up the DagBag from /home/airflow/.local/lib/python3.10/site-packages/airflow/example_dags/example_subdag_operator.py
[2025-06-02T23:03:57.940+0000] {processor.py:839} INFO - DAG(s) dict_keys(['example_subdag_operator.section-1', 'example_subdag_operator.section-2', 'example_subdag_operator']) retrieved from /home/airflow/.local/lib/python3.10/site-packages/airflow/example_dags/example_subdag_operator.py
[2025-06-02T23:03:57.972+0000] {logging_mixin.py:154} INFO - [2025-06-02T23:03:57.971+0000] {dag.py:2941} INFO - Sync 3 DAGs
[2025-06-02T23:03:57.999+0000] {logging_mixin.py:154} INFO - [2025-06-02T23:03:57.999+0000] {dag.py:3722} INFO - Setting next_dagrun for example_subdag_operator to 2022-01-01T00:00:00+00:00, run_after=2022-01-01T00:00:00+00:00
[2025-06-02T23:03:58.004+0000] {logging_mixin.py:154} INFO - [2025-06-02T23:03:58.003+0000] {dag.py:3722} INFO - Setting next_dagrun for example_subdag_operator.section-1 to None, run_after=None
[2025-06-02T23:03:58.005+0000] {logging_mixin.py:154} INFO - [2025-06-02T23:03:58.005+0000] {dag.py:3722} INFO - Setting next_dagrun for example_subdag_operator.section-2 to None, run_after=None
[2025-06-02T23:03:58.013+0000] {logging_mixin.py:154} INFO - [2025-06-02T23:03:58.013+0000] {dag.py:2941} INFO - Sync 2 DAGs
[2025-06-02T23:03:58.020+0000] {logging_mixin.py:154} INFO - [2025-06-02T23:03:58.020+0000] {dag.py:3722} INFO - Setting next_dagrun for example_subdag_operator.section-1 to None, run_after=None
[2025-06-02T23:03:58.020+0000] {logging_mixin.py:154} INFO - [2025-06-02T23:03:58.020+0000] {dag.py:3722} INFO - Setting next_dagrun for example_subdag_operator.section-2 to None, run_after=None
[2025-06-02T23:03:58.033+0000] {processor.py:179} INFO - Processing /home/airflow/.local/lib/python3.10/site-packages/airflow/example_dags/example_subdag_operator.py took 0.136 seconds
[2025-06-02T23:04:28.800+0000] {processor.py:157} INFO - Started process (PID=97) to work on /home/airflow/.local/lib/python3.10/site-packages/airflow/example_dags/example_subdag_operator.py
[2025-06-02T23:04:28.802+0000] {processor.py:829} INFO - Processing file /home/airflow/.local/lib/python3.10/site-packages/airflow/example_dags/example_subdag_operator.py for tasks to queue
[2025-06-02T23:04:28.805+0000] {logging_mixin.py:154} INFO - [2025-06-02T23:04:28.804+0000] {dagbag.py:536} INFO - Filling up the DagBag from /home/airflow/.local/lib/python3.10/site-packages/airflow/example_dags/example_subdag_operator.py
[2025-06-02T23:04:28.836+0000] {processor.py:839} INFO - DAG(s) dict_keys(['example_subdag_operator.section-1', 'example_subdag_operator.section-2', 'example_subdag_operator']) retrieved from /home/airflow/.local/lib/python3.10/site-packages/airflow/example_dags/example_subdag_operator.py
[2025-06-02T23:04:28.859+0000] {logging_mixin.py:154} INFO - [2025-06-02T23:04:28.859+0000] {dag.py:2941} INFO - Sync 3 DAGs
[2025-06-02T23:04:28.891+0000] {logging_mixin.py:154} INFO - [2025-06-02T23:04:28.891+0000] {dag.py:3722} INFO - Setting next_dagrun for example_subdag_operator to 2022-01-01T00:00:00+00:00, run_after=2022-01-01T00:00:00+00:00
[2025-06-02T23:04:28.895+0000] {logging_mixin.py:154} INFO - [2025-06-02T23:04:28.895+0000] {dag.py:3722} INFO - Setting next_dagrun for example_subdag_operator.section-1 to None, run_after=None
[2025-06-02T23:04:28.898+0000] {logging_mixin.py:154} INFO - [2025-06-02T23:04:28.897+0000] {dag.py:3722} INFO - Setting next_dagrun for example_subdag_operator.section-2 to None, run_after=None
[2025-06-02T23:04:28.927+0000] {logging_mixin.py:154} INFO - [2025-06-02T23:04:28.927+0000] {dag.py:2941} INFO - Sync 2 DAGs
[2025-06-02T23:04:28.946+0000] {logging_mixin.py:154} INFO - [2025-06-02T23:04:28.946+0000] {dag.py:3722} INFO - Setting next_dagrun for example_subdag_operator.section-1 to None, run_after=None
[2025-06-02T23:04:28.947+0000] {logging_mixin.py:154} INFO - [2025-06-02T23:04:28.947+0000] {dag.py:3722} INFO - Setting next_dagrun for example_subdag_operator.section-2 to None, run_after=None
[2025-06-02T23:04:28.988+0000] {processor.py:179} INFO - Processing /home/airflow/.local/lib/python3.10/site-packages/airflow/example_dags/example_subdag_operator.py took 0.192 seconds
[2025-06-02T23:04:59.167+0000] {processor.py:157} INFO - Started process (PID=153) to work on /home/airflow/.local/lib/python3.10/site-packages/airflow/example_dags/example_subdag_operator.py
[2025-06-02T23:04:59.168+0000] {processor.py:829} INFO - Processing file /home/airflow/.local/lib/python3.10/site-packages/airflow/example_dags/example_subdag_operator.py for tasks to queue
[2025-06-02T23:04:59.171+0000] {logging_mixin.py:154} INFO - [2025-06-02T23:04:59.171+0000] {dagbag.py:536} INFO - Filling up the DagBag from /home/airflow/.local/lib/python3.10/site-packages/airflow/example_dags/example_subdag_operator.py
[2025-06-02T23:04:59.203+0000] {processor.py:839} INFO - DAG(s) dict_keys(['example_subdag_operator.section-1', 'example_subdag_operator.section-2', 'example_subdag_operator']) retrieved from /home/airflow/.local/lib/python3.10/site-packages/airflow/example_dags/example_subdag_operator.py
[2025-06-02T23:04:59.224+0000] {logging_mixin.py:154} INFO - [2025-06-02T23:04:59.224+0000] {dag.py:2941} INFO - Sync 3 DAGs
[2025-06-02T23:04:59.252+0000] {logging_mixin.py:154} INFO - [2025-06-02T23:04:59.251+0000] {dag.py:3722} INFO - Setting next_dagrun for example_subdag_operator to 2022-01-01T00:00:00+00:00, run_after=2022-01-01T00:00:00+00:00
[2025-06-02T23:04:59.256+0000] {logging_mixin.py:154} INFO - [2025-06-02T23:04:59.256+0000] {dag.py:3722} INFO - Setting next_dagrun for example_subdag_operator.section-1 to None, run_after=None
[2025-06-02T23:04:59.258+0000] {logging_mixin.py:154} INFO - [2025-06-02T23:04:59.258+0000] {dag.py:3722} INFO - Setting next_dagrun for example_subdag_operator.section-2 to None, run_after=None
[2025-06-02T23:04:59.268+0000] {logging_mixin.py:154} INFO - [2025-06-02T23:04:59.267+0000] {dag.py:2941} INFO - Sync 2 DAGs
[2025-06-02T23:04:59.274+0000] {logging_mixin.py:154} INFO - [2025-06-02T23:04:59.273+0000] {dag.py:3722} INFO - Setting next_dagrun for example_subdag_operator.section-1 to None, run_after=None
[2025-06-02T23:04:59.274+0000] {logging_mixin.py:154} INFO - [2025-06-02T23:04:59.274+0000] {dag.py:3722} INFO - Setting next_dagrun for example_subdag_operator.section-2 to None, run_after=None
[2025-06-02T23:04:59.288+0000] {processor.py:179} INFO - Processing /home/airflow/.local/lib/python3.10/site-packages/airflow/example_dags/example_subdag_operator.py took 0.128 seconds
[2025-06-02T23:05:31.294+0000] {processor.py:157} INFO - Started process (PID=209) to work on /home/airflow/.local/lib/python3.10/site-packages/airflow/example_dags/example_subdag_operator.py
[2025-06-02T23:05:31.304+0000] {processor.py:829} INFO - Processing file /home/airflow/.local/lib/python3.10/site-packages/airflow/example_dags/example_subdag_operator.py for tasks to queue
[2025-06-02T23:05:31.308+0000] {logging_mixin.py:154} INFO - [2025-06-02T23:05:31.308+0000] {dagbag.py:536} INFO - Filling up the DagBag from /home/airflow/.local/lib/python3.10/site-packages/airflow/example_dags/example_subdag_operator.py
[2025-06-02T23:05:31.343+0000] {processor.py:839} INFO - DAG(s) dict_keys(['example_subdag_operator.section-1', 'example_subdag_operator.section-2', 'example_subdag_operator']) retrieved from /home/airflow/.local/lib/python3.10/site-packages/airflow/example_dags/example_subdag_operator.py
[2025-06-02T23:05:31.360+0000] {logging_mixin.py:154} INFO - [2025-06-02T23:05:31.360+0000] {dag.py:2941} INFO - Sync 3 DAGs
[2025-06-02T23:05:31.386+0000] {logging_mixin.py:154} INFO - [2025-06-02T23:05:31.386+0000] {dag.py:3722} INFO - Setting next_dagrun for example_subdag_operator to 2022-01-01T00:00:00+00:00, run_after=2022-01-01T00:00:00+00:00
[2025-06-02T23:05:31.390+0000] {logging_mixin.py:154} INFO - [2025-06-02T23:05:31.390+0000] {dag.py:3722} INFO - Setting next_dagrun for example_subdag_operator.section-1 to None, run_after=None
[2025-06-02T23:05:31.391+0000] {logging_mixin.py:154} INFO - [2025-06-02T23:05:31.391+0000] {dag.py:3722} INFO - Setting next_dagrun for example_subdag_operator.section-2 to None, run_after=None
[2025-06-02T23:05:31.399+0000] {logging_mixin.py:154} INFO - [2025-06-02T23:05:31.399+0000] {dag.py:2941} INFO - Sync 2 DAGs
[2025-06-02T23:05:31.405+0000] {logging_mixin.py:154} INFO - [2025-06-02T23:05:31.405+0000] {dag.py:3722} INFO - Setting next_dagrun for example_subdag_operator.section-1 to None, run_after=None
[2025-06-02T23:05:31.406+0000] {logging_mixin.py:154} INFO - [2025-06-02T23:05:31.405+0000] {dag.py:3722} INFO - Setting next_dagrun for example_subdag_operator.section-2 to None, run_after=None
[2025-06-02T23:05:31.419+0000] {processor.py:179} INFO - Processing /home/airflow/.local/lib/python3.10/site-packages/airflow/example_dags/example_subdag_operator.py took 0.130 seconds
[2025-06-02T23:06:04.772+0000] {processor.py:157} INFO - Started process (PID=265) to work on /home/airflow/.local/lib/python3.10/site-packages/airflow/example_dags/example_subdag_operator.py
[2025-06-02T23:06:04.774+0000] {processor.py:829} INFO - Processing file /home/airflow/.local/lib/python3.10/site-packages/airflow/example_dags/example_subdag_operator.py for tasks to queue
[2025-06-02T23:06:04.786+0000] {logging_mixin.py:154} INFO - [2025-06-02T23:06:04.786+0000] {dagbag.py:536} INFO - Filling up the DagBag from /home/airflow/.local/lib/python3.10/site-packages/airflow/example_dags/example_subdag_operator.py
[2025-06-02T23:06:04.866+0000] {processor.py:839} INFO - DAG(s) dict_keys(['example_subdag_operator.section-1', 'example_subdag_operator.section-2', 'example_subdag_operator']) retrieved from /home/airflow/.local/lib/python3.10/site-packages/airflow/example_dags/example_subdag_operator.py
[2025-06-02T23:06:04.913+0000] {logging_mixin.py:154} INFO - [2025-06-02T23:06:04.913+0000] {dag.py:2941} INFO - Sync 3 DAGs
[2025-06-02T23:06:04.998+0000] {logging_mixin.py:154} INFO - [2025-06-02T23:06:04.998+0000] {dag.py:3722} INFO - Setting next_dagrun for example_subdag_operator to 2022-01-01T00:00:00+00:00, run_after=2022-01-01T00:00:00+00:00
[2025-06-02T23:06:05.006+0000] {logging_mixin.py:154} INFO - [2025-06-02T23:06:05.006+0000] {dag.py:3722} INFO - Setting next_dagrun for example_subdag_operator.section-1 to None, run_after=None
[2025-06-02T23:06:05.008+0000] {logging_mixin.py:154} INFO - [2025-06-02T23:06:05.008+0000] {dag.py:3722} INFO - Setting next_dagrun for example_subdag_operator.section-2 to None, run_after=None
[2025-06-02T23:06:05.037+0000] {logging_mixin.py:154} INFO - [2025-06-02T23:06:05.037+0000] {dag.py:2941} INFO - Sync 2 DAGs
[2025-06-02T23:06:05.084+0000] {logging_mixin.py:154} INFO - [2025-06-02T23:06:05.084+0000] {dag.py:3722} INFO - Setting next_dagrun for example_subdag_operator.section-1 to None, run_after=None
[2025-06-02T23:06:05.085+0000] {logging_mixin.py:154} INFO - [2025-06-02T23:06:05.084+0000] {dag.py:3722} INFO - Setting next_dagrun for example_subdag_operator.section-2 to None, run_after=None
[2025-06-02T23:06:05.114+0000] {processor.py:179} INFO - Processing /home/airflow/.local/lib/python3.10/site-packages/airflow/example_dags/example_subdag_operator.py took 0.359 seconds
[2025-06-02T23:06:35.843+0000] {processor.py:157} INFO - Started process (PID=321) to work on /home/airflow/.local/lib/python3.10/site-packages/airflow/example_dags/example_subdag_operator.py
[2025-06-02T23:06:35.844+0000] {processor.py:829} INFO - Processing file /home/airflow/.local/lib/python3.10/site-packages/airflow/example_dags/example_subdag_operator.py for tasks to queue
[2025-06-02T23:06:35.864+0000] {logging_mixin.py:154} INFO - [2025-06-02T23:06:35.864+0000] {dagbag.py:536} INFO - Filling up the DagBag from /home/airflow/.local/lib/python3.10/site-packages/airflow/example_dags/example_subdag_operator.py
[2025-06-02T23:06:35.912+0000] {processor.py:839} INFO - DAG(s) dict_keys(['example_subdag_operator.section-1', 'example_subdag_operator.section-2', 'example_subdag_operator']) retrieved from /home/airflow/.local/lib/python3.10/site-packages/airflow/example_dags/example_subdag_operator.py
[2025-06-02T23:06:36.011+0000] {logging_mixin.py:154} INFO - [2025-06-02T23:06:36.011+0000] {dag.py:2941} INFO - Sync 3 DAGs
[2025-06-02T23:06:36.107+0000] {logging_mixin.py:154} INFO - [2025-06-02T23:06:36.107+0000] {dag.py:3722} INFO - Setting next_dagrun for example_subdag_operator to 2022-01-01T00:00:00+00:00, run_after=2022-01-01T00:00:00+00:00
[2025-06-02T23:06:36.126+0000] {logging_mixin.py:154} INFO - [2025-06-02T23:06:36.126+0000] {dag.py:3722} INFO - Setting next_dagrun for example_subdag_operator.section-1 to None, run_after=None
[2025-06-02T23:06:36.128+0000] {logging_mixin.py:154} INFO - [2025-06-02T23:06:36.128+0000] {dag.py:3722} INFO - Setting next_dagrun for example_subdag_operator.section-2 to None, run_after=None
[2025-06-02T23:06:36.151+0000] {logging_mixin.py:154} INFO - [2025-06-02T23:06:36.151+0000] {dag.py:2941} INFO - Sync 2 DAGs
[2025-06-02T23:06:36.182+0000] {logging_mixin.py:154} INFO - [2025-06-02T23:06:36.179+0000] {dag.py:3722} INFO - Setting next_dagrun for example_subdag_operator.section-1 to None, run_after=None
[2025-06-02T23:06:36.185+0000] {logging_mixin.py:154} INFO - [2025-06-02T23:06:36.184+0000] {dag.py:3722} INFO - Setting next_dagrun for example_subdag_operator.section-2 to None, run_after=None
[2025-06-02T23:06:36.212+0000] {processor.py:179} INFO - Processing /home/airflow/.local/lib/python3.10/site-packages/airflow/example_dags/example_subdag_operator.py took 0.392 seconds
[2025-06-02T23:07:06.521+0000] {processor.py:157} INFO - Started process (PID=375) to work on /home/airflow/.local/lib/python3.10/site-packages/airflow/example_dags/example_subdag_operator.py
[2025-06-02T23:07:06.525+0000] {processor.py:829} INFO - Processing file /home/airflow/.local/lib/python3.10/site-packages/airflow/example_dags/example_subdag_operator.py for tasks to queue
[2025-06-02T23:07:06.531+0000] {logging_mixin.py:154} INFO - [2025-06-02T23:07:06.531+0000] {dagbag.py:536} INFO - Filling up the DagBag from /home/airflow/.local/lib/python3.10/site-packages/airflow/example_dags/example_subdag_operator.py
[2025-06-02T23:07:06.647+0000] {processor.py:839} INFO - DAG(s) dict_keys(['example_subdag_operator.section-1', 'example_subdag_operator.section-2', 'example_subdag_operator']) retrieved from /home/airflow/.local/lib/python3.10/site-packages/airflow/example_dags/example_subdag_operator.py
[2025-06-02T23:07:06.675+0000] {logging_mixin.py:154} INFO - [2025-06-02T23:07:06.674+0000] {dag.py:2941} INFO - Sync 3 DAGs
[2025-06-02T23:07:06.731+0000] {logging_mixin.py:154} INFO - [2025-06-02T23:07:06.724+0000] {dag.py:3722} INFO - Setting next_dagrun for example_subdag_operator to 2022-01-01T00:00:00+00:00, run_after=2022-01-01T00:00:00+00:00
[2025-06-02T23:07:06.743+0000] {logging_mixin.py:154} INFO - [2025-06-02T23:07:06.742+0000] {dag.py:3722} INFO - Setting next_dagrun for example_subdag_operator.section-1 to None, run_after=None
[2025-06-02T23:07:06.745+0000] {logging_mixin.py:154} INFO - [2025-06-02T23:07:06.745+0000] {dag.py:3722} INFO - Setting next_dagrun for example_subdag_operator.section-2 to None, run_after=None
[2025-06-02T23:07:06.766+0000] {logging_mixin.py:154} INFO - [2025-06-02T23:07:06.766+0000] {dag.py:2941} INFO - Sync 2 DAGs
[2025-06-02T23:07:06.779+0000] {logging_mixin.py:154} INFO - [2025-06-02T23:07:06.779+0000] {dag.py:3722} INFO - Setting next_dagrun for example_subdag_operator.section-1 to None, run_after=None
[2025-06-02T23:07:06.780+0000] {logging_mixin.py:154} INFO - [2025-06-02T23:07:06.780+0000] {dag.py:3722} INFO - Setting next_dagrun for example_subdag_operator.section-2 to None, run_after=None
[2025-06-02T23:07:06.807+0000] {processor.py:179} INFO - Processing /home/airflow/.local/lib/python3.10/site-packages/airflow/example_dags/example_subdag_operator.py took 0.299 seconds
