[2025-06-02T21:59:58.166+0000] {processor.py:157} INFO - Started process (PID=48) to work on /home/airflow/.local/lib/python3.10/site-packages/airflow/example_dags/example_params_ui_tutorial.py
[2025-06-02T21:59:58.169+0000] {processor.py:829} INFO - Processing file /home/airflow/.local/lib/python3.10/site-packages/airflow/example_dags/example_params_ui_tutorial.py for tasks to queue
[2025-06-02T21:59:58.172+0000] {logging_mixin.py:154} INFO - [2025-06-02T21:59:58.172+0000] {dagbag.py:536} INFO - Filling up the DagBag from /home/airflow/.local/lib/python3.10/site-packages/airflow/example_dags/example_params_ui_tutorial.py
[2025-06-02T21:59:58.329+0000] {processor.py:839} INFO - DAG(s) dict_keys(['example_params_ui_tutorial']) retrieved from /home/airflow/.local/lib/python3.10/site-packages/airflow/example_dags/example_params_ui_tutorial.py
[2025-06-02T21:59:58.968+0000] {logging_mixin.py:154} INFO - [2025-06-02T21:59:58.968+0000] {manager.py:499} INFO - Created Permission View: %s
[2025-06-02T21:59:59.022+0000] {logging_mixin.py:154} INFO - [2025-06-02T21:59:59.022+0000] {manager.py:499} INFO - Created Permission View: %s
[2025-06-02T21:59:59.053+0000] {logging_mixin.py:154} INFO - [2025-06-02T21:59:59.052+0000] {manager.py:499} INFO - Created Permission View: %s
[2025-06-02T21:59:59.053+0000] {logging_mixin.py:154} INFO - [2025-06-02T21:59:59.053+0000] {dag.py:2941} INFO - Sync 1 DAGs
[2025-06-02T21:59:59.089+0000] {logging_mixin.py:154} INFO - [2025-06-02T21:59:59.088+0000] {dag.py:2963} INFO - Creating ORM DAG for example_params_ui_tutorial
[2025-06-02T21:59:59.102+0000] {logging_mixin.py:154} INFO - [2025-06-02T21:59:59.089+0000] {dag.py:3722} INFO - Setting next_dagrun for example_params_ui_tutorial to None, run_after=None
[2025-06-02T21:59:59.167+0000] {processor.py:179} INFO - Processing /home/airflow/.local/lib/python3.10/site-packages/airflow/example_dags/example_params_ui_tutorial.py took 1.018 seconds
[2025-06-02T22:00:29.843+0000] {processor.py:157} INFO - Started process (PID=102) to work on /home/airflow/.local/lib/python3.10/site-packages/airflow/example_dags/example_params_ui_tutorial.py
[2025-06-02T22:00:29.846+0000] {processor.py:829} INFO - Processing file /home/airflow/.local/lib/python3.10/site-packages/airflow/example_dags/example_params_ui_tutorial.py for tasks to queue
[2025-06-02T22:00:29.849+0000] {logging_mixin.py:154} INFO - [2025-06-02T22:00:29.849+0000] {dagbag.py:536} INFO - Filling up the DagBag from /home/airflow/.local/lib/python3.10/site-packages/airflow/example_dags/example_params_ui_tutorial.py
[2025-06-02T22:00:29.895+0000] {processor.py:839} INFO - DAG(s) dict_keys(['example_params_ui_tutorial']) retrieved from /home/airflow/.local/lib/python3.10/site-packages/airflow/example_dags/example_params_ui_tutorial.py
[2025-06-02T22:00:29.971+0000] {logging_mixin.py:154} INFO - [2025-06-02T22:00:29.971+0000] {dag.py:2941} INFO - Sync 1 DAGs
[2025-06-02T22:00:29.987+0000] {logging_mixin.py:154} INFO - [2025-06-02T22:00:29.987+0000] {dag.py:3722} INFO - Setting next_dagrun for example_params_ui_tutorial to None, run_after=None
[2025-06-02T22:00:30.039+0000] {processor.py:179} INFO - Processing /home/airflow/.local/lib/python3.10/site-packages/airflow/example_dags/example_params_ui_tutorial.py took 0.201 seconds
[2025-06-02T22:01:00.165+0000] {processor.py:157} INFO - Started process (PID=156) to work on /home/airflow/.local/lib/python3.10/site-packages/airflow/example_dags/example_params_ui_tutorial.py
[2025-06-02T22:01:00.166+0000] {processor.py:829} INFO - Processing file /home/airflow/.local/lib/python3.10/site-packages/airflow/example_dags/example_params_ui_tutorial.py for tasks to queue
[2025-06-02T22:01:00.169+0000] {logging_mixin.py:154} INFO - [2025-06-02T22:01:00.169+0000] {dagbag.py:536} INFO - Filling up the DagBag from /home/airflow/.local/lib/python3.10/site-packages/airflow/example_dags/example_params_ui_tutorial.py
[2025-06-02T22:01:00.220+0000] {processor.py:839} INFO - DAG(s) dict_keys(['example_params_ui_tutorial']) retrieved from /home/airflow/.local/lib/python3.10/site-packages/airflow/example_dags/example_params_ui_tutorial.py
[2025-06-02T22:01:00.293+0000] {logging_mixin.py:154} INFO - [2025-06-02T22:01:00.292+0000] {dag.py:2941} INFO - Sync 1 DAGs
[2025-06-02T22:01:00.310+0000] {logging_mixin.py:154} INFO - [2025-06-02T22:01:00.310+0000] {dag.py:3722} INFO - Setting next_dagrun for example_params_ui_tutorial to None, run_after=None
[2025-06-02T22:01:00.343+0000] {processor.py:179} INFO - Processing /home/airflow/.local/lib/python3.10/site-packages/airflow/example_dags/example_params_ui_tutorial.py took 0.183 seconds
[2025-06-02T22:01:30.855+0000] {processor.py:157} INFO - Started process (PID=210) to work on /home/airflow/.local/lib/python3.10/site-packages/airflow/example_dags/example_params_ui_tutorial.py
[2025-06-02T22:01:30.857+0000] {processor.py:829} INFO - Processing file /home/airflow/.local/lib/python3.10/site-packages/airflow/example_dags/example_params_ui_tutorial.py for tasks to queue
[2025-06-02T22:01:30.860+0000] {logging_mixin.py:154} INFO - [2025-06-02T22:01:30.860+0000] {dagbag.py:536} INFO - Filling up the DagBag from /home/airflow/.local/lib/python3.10/site-packages/airflow/example_dags/example_params_ui_tutorial.py
[2025-06-02T22:01:30.913+0000] {processor.py:839} INFO - DAG(s) dict_keys(['example_params_ui_tutorial']) retrieved from /home/airflow/.local/lib/python3.10/site-packages/airflow/example_dags/example_params_ui_tutorial.py
[2025-06-02T22:01:30.990+0000] {logging_mixin.py:154} INFO - [2025-06-02T22:01:30.989+0000] {dag.py:2941} INFO - Sync 1 DAGs
[2025-06-02T22:01:31.006+0000] {logging_mixin.py:154} INFO - [2025-06-02T22:01:31.005+0000] {dag.py:3722} INFO - Setting next_dagrun for example_params_ui_tutorial to None, run_after=None
[2025-06-02T22:01:31.032+0000] {processor.py:179} INFO - Processing /home/airflow/.local/lib/python3.10/site-packages/airflow/example_dags/example_params_ui_tutorial.py took 0.181 seconds
[2025-06-02T22:02:01.476+0000] {processor.py:157} INFO - Started process (PID=265) to work on /home/airflow/.local/lib/python3.10/site-packages/airflow/example_dags/example_params_ui_tutorial.py
[2025-06-02T22:02:01.477+0000] {processor.py:829} INFO - Processing file /home/airflow/.local/lib/python3.10/site-packages/airflow/example_dags/example_params_ui_tutorial.py for tasks to queue
[2025-06-02T22:02:01.481+0000] {logging_mixin.py:154} INFO - [2025-06-02T22:02:01.480+0000] {dagbag.py:536} INFO - Filling up the DagBag from /home/airflow/.local/lib/python3.10/site-packages/airflow/example_dags/example_params_ui_tutorial.py
[2025-06-02T22:02:01.535+0000] {processor.py:839} INFO - DAG(s) dict_keys(['example_params_ui_tutorial']) retrieved from /home/airflow/.local/lib/python3.10/site-packages/airflow/example_dags/example_params_ui_tutorial.py
[2025-06-02T22:02:01.611+0000] {logging_mixin.py:154} INFO - [2025-06-02T22:02:01.611+0000] {dag.py:2941} INFO - Sync 1 DAGs
[2025-06-02T22:02:01.624+0000] {logging_mixin.py:154} INFO - [2025-06-02T22:02:01.624+0000] {dag.py:3722} INFO - Setting next_dagrun for example_params_ui_tutorial to None, run_after=None
[2025-06-02T22:02:01.658+0000] {processor.py:179} INFO - Processing /home/airflow/.local/lib/python3.10/site-packages/airflow/example_dags/example_params_ui_tutorial.py took 0.187 seconds
[2025-06-02T22:02:32.306+0000] {processor.py:157} INFO - Started process (PID=318) to work on /home/airflow/.local/lib/python3.10/site-packages/airflow/example_dags/example_params_ui_tutorial.py
[2025-06-02T22:02:32.307+0000] {processor.py:829} INFO - Processing file /home/airflow/.local/lib/python3.10/site-packages/airflow/example_dags/example_params_ui_tutorial.py for tasks to queue
[2025-06-02T22:02:32.311+0000] {logging_mixin.py:154} INFO - [2025-06-02T22:02:32.310+0000] {dagbag.py:536} INFO - Filling up the DagBag from /home/airflow/.local/lib/python3.10/site-packages/airflow/example_dags/example_params_ui_tutorial.py
[2025-06-02T22:02:32.362+0000] {processor.py:839} INFO - DAG(s) dict_keys(['example_params_ui_tutorial']) retrieved from /home/airflow/.local/lib/python3.10/site-packages/airflow/example_dags/example_params_ui_tutorial.py
[2025-06-02T22:02:32.435+0000] {logging_mixin.py:154} INFO - [2025-06-02T22:02:32.435+0000] {dag.py:2941} INFO - Sync 1 DAGs
[2025-06-02T22:02:32.450+0000] {logging_mixin.py:154} INFO - [2025-06-02T22:02:32.450+0000] {dag.py:3722} INFO - Setting next_dagrun for example_params_ui_tutorial to None, run_after=None
[2025-06-02T22:02:32.479+0000] {processor.py:179} INFO - Processing /home/airflow/.local/lib/python3.10/site-packages/airflow/example_dags/example_params_ui_tutorial.py took 0.178 seconds
[2025-06-02T22:03:02.913+0000] {processor.py:157} INFO - Started process (PID=372) to work on /home/airflow/.local/lib/python3.10/site-packages/airflow/example_dags/example_params_ui_tutorial.py
[2025-06-02T22:03:02.924+0000] {processor.py:829} INFO - Processing file /home/airflow/.local/lib/python3.10/site-packages/airflow/example_dags/example_params_ui_tutorial.py for tasks to queue
[2025-06-02T22:03:02.928+0000] {logging_mixin.py:154} INFO - [2025-06-02T22:03:02.927+0000] {dagbag.py:536} INFO - Filling up the DagBag from /home/airflow/.local/lib/python3.10/site-packages/airflow/example_dags/example_params_ui_tutorial.py
[2025-06-02T22:03:03.059+0000] {processor.py:839} INFO - DAG(s) dict_keys(['example_params_ui_tutorial']) retrieved from /home/airflow/.local/lib/python3.10/site-packages/airflow/example_dags/example_params_ui_tutorial.py
[2025-06-02T22:03:03.201+0000] {logging_mixin.py:154} INFO - [2025-06-02T22:03:03.200+0000] {dag.py:2941} INFO - Sync 1 DAGs
[2025-06-02T22:03:03.219+0000] {logging_mixin.py:154} INFO - [2025-06-02T22:03:03.218+0000] {dag.py:3722} INFO - Setting next_dagrun for example_params_ui_tutorial to None, run_after=None
[2025-06-02T22:03:03.250+0000] {processor.py:179} INFO - Processing /home/airflow/.local/lib/python3.10/site-packages/airflow/example_dags/example_params_ui_tutorial.py took 0.342 seconds
[2025-06-02T22:03:34.049+0000] {processor.py:157} INFO - Started process (PID=427) to work on /home/airflow/.local/lib/python3.10/site-packages/airflow/example_dags/example_params_ui_tutorial.py
[2025-06-02T22:03:34.062+0000] {processor.py:829} INFO - Processing file /home/airflow/.local/lib/python3.10/site-packages/airflow/example_dags/example_params_ui_tutorial.py for tasks to queue
[2025-06-02T22:03:34.065+0000] {logging_mixin.py:154} INFO - [2025-06-02T22:03:34.065+0000] {dagbag.py:536} INFO - Filling up the DagBag from /home/airflow/.local/lib/python3.10/site-packages/airflow/example_dags/example_params_ui_tutorial.py
[2025-06-02T22:03:34.232+0000] {processor.py:839} INFO - DAG(s) dict_keys(['example_params_ui_tutorial']) retrieved from /home/airflow/.local/lib/python3.10/site-packages/airflow/example_dags/example_params_ui_tutorial.py
[2025-06-02T22:03:34.563+0000] {logging_mixin.py:154} INFO - [2025-06-02T22:03:34.563+0000] {dag.py:2941} INFO - Sync 1 DAGs
[2025-06-02T22:03:34.619+0000] {logging_mixin.py:154} INFO - [2025-06-02T22:03:34.619+0000] {dag.py:3722} INFO - Setting next_dagrun for example_params_ui_tutorial to None, run_after=None
[2025-06-02T22:03:34.709+0000] {processor.py:179} INFO - Processing /home/airflow/.local/lib/python3.10/site-packages/airflow/example_dags/example_params_ui_tutorial.py took 0.676 seconds
[2025-06-02T22:04:05.196+0000] {processor.py:157} INFO - Started process (PID=481) to work on /home/airflow/.local/lib/python3.10/site-packages/airflow/example_dags/example_params_ui_tutorial.py
[2025-06-02T22:04:05.198+0000] {processor.py:829} INFO - Processing file /home/airflow/.local/lib/python3.10/site-packages/airflow/example_dags/example_params_ui_tutorial.py for tasks to queue
[2025-06-02T22:04:05.201+0000] {logging_mixin.py:154} INFO - [2025-06-02T22:04:05.200+0000] {dagbag.py:536} INFO - Filling up the DagBag from /home/airflow/.local/lib/python3.10/site-packages/airflow/example_dags/example_params_ui_tutorial.py
[2025-06-02T22:04:05.252+0000] {processor.py:839} INFO - DAG(s) dict_keys(['example_params_ui_tutorial']) retrieved from /home/airflow/.local/lib/python3.10/site-packages/airflow/example_dags/example_params_ui_tutorial.py
[2025-06-02T22:04:05.326+0000] {logging_mixin.py:154} INFO - [2025-06-02T22:04:05.325+0000] {dag.py:2941} INFO - Sync 1 DAGs
[2025-06-02T22:04:05.342+0000] {logging_mixin.py:154} INFO - [2025-06-02T22:04:05.341+0000] {dag.py:3722} INFO - Setting next_dagrun for example_params_ui_tutorial to None, run_after=None
[2025-06-02T22:04:05.364+0000] {processor.py:179} INFO - Processing /home/airflow/.local/lib/python3.10/site-packages/airflow/example_dags/example_params_ui_tutorial.py took 0.172 seconds
[2025-06-02T22:04:35.391+0000] {processor.py:157} INFO - Started process (PID=535) to work on /home/airflow/.local/lib/python3.10/site-packages/airflow/example_dags/example_params_ui_tutorial.py
[2025-06-02T22:04:35.392+0000] {processor.py:829} INFO - Processing file /home/airflow/.local/lib/python3.10/site-packages/airflow/example_dags/example_params_ui_tutorial.py for tasks to queue
[2025-06-02T22:04:35.395+0000] {logging_mixin.py:154} INFO - [2025-06-02T22:04:35.395+0000] {dagbag.py:536} INFO - Filling up the DagBag from /home/airflow/.local/lib/python3.10/site-packages/airflow/example_dags/example_params_ui_tutorial.py
[2025-06-02T22:04:35.448+0000] {processor.py:839} INFO - DAG(s) dict_keys(['example_params_ui_tutorial']) retrieved from /home/airflow/.local/lib/python3.10/site-packages/airflow/example_dags/example_params_ui_tutorial.py
[2025-06-02T22:04:35.519+0000] {logging_mixin.py:154} INFO - [2025-06-02T22:04:35.518+0000] {dag.py:2941} INFO - Sync 1 DAGs
[2025-06-02T22:04:35.535+0000] {logging_mixin.py:154} INFO - [2025-06-02T22:04:35.535+0000] {dag.py:3722} INFO - Setting next_dagrun for example_params_ui_tutorial to None, run_after=None
[2025-06-02T22:04:35.568+0000] {processor.py:179} INFO - Processing /home/airflow/.local/lib/python3.10/site-packages/airflow/example_dags/example_params_ui_tutorial.py took 0.182 seconds
[2025-06-02T22:05:05.747+0000] {processor.py:157} INFO - Started process (PID=589) to work on /home/airflow/.local/lib/python3.10/site-packages/airflow/example_dags/example_params_ui_tutorial.py
[2025-06-02T22:05:05.748+0000] {processor.py:829} INFO - Processing file /home/airflow/.local/lib/python3.10/site-packages/airflow/example_dags/example_params_ui_tutorial.py for tasks to queue
[2025-06-02T22:05:05.751+0000] {logging_mixin.py:154} INFO - [2025-06-02T22:05:05.751+0000] {dagbag.py:536} INFO - Filling up the DagBag from /home/airflow/.local/lib/python3.10/site-packages/airflow/example_dags/example_params_ui_tutorial.py
[2025-06-02T22:05:05.804+0000] {processor.py:839} INFO - DAG(s) dict_keys(['example_params_ui_tutorial']) retrieved from /home/airflow/.local/lib/python3.10/site-packages/airflow/example_dags/example_params_ui_tutorial.py
[2025-06-02T22:05:05.892+0000] {logging_mixin.py:154} INFO - [2025-06-02T22:05:05.892+0000] {dag.py:2941} INFO - Sync 1 DAGs
[2025-06-02T22:05:05.909+0000] {logging_mixin.py:154} INFO - [2025-06-02T22:05:05.908+0000] {dag.py:3722} INFO - Setting next_dagrun for example_params_ui_tutorial to None, run_after=None
[2025-06-02T22:05:05.937+0000] {processor.py:179} INFO - Processing /home/airflow/.local/lib/python3.10/site-packages/airflow/example_dags/example_params_ui_tutorial.py took 0.194 seconds
[2025-06-02T22:05:36.008+0000] {processor.py:157} INFO - Started process (PID=644) to work on /home/airflow/.local/lib/python3.10/site-packages/airflow/example_dags/example_params_ui_tutorial.py
[2025-06-02T22:05:36.012+0000] {processor.py:829} INFO - Processing file /home/airflow/.local/lib/python3.10/site-packages/airflow/example_dags/example_params_ui_tutorial.py for tasks to queue
[2025-06-02T22:05:36.015+0000] {logging_mixin.py:154} INFO - [2025-06-02T22:05:36.015+0000] {dagbag.py:536} INFO - Filling up the DagBag from /home/airflow/.local/lib/python3.10/site-packages/airflow/example_dags/example_params_ui_tutorial.py
[2025-06-02T22:05:36.066+0000] {processor.py:839} INFO - DAG(s) dict_keys(['example_params_ui_tutorial']) retrieved from /home/airflow/.local/lib/python3.10/site-packages/airflow/example_dags/example_params_ui_tutorial.py
[2025-06-02T22:05:36.148+0000] {logging_mixin.py:154} INFO - [2025-06-02T22:05:36.148+0000] {dag.py:2941} INFO - Sync 1 DAGs
[2025-06-02T22:05:36.165+0000] {logging_mixin.py:154} INFO - [2025-06-02T22:05:36.165+0000] {dag.py:3722} INFO - Setting next_dagrun for example_params_ui_tutorial to None, run_after=None
[2025-06-02T22:05:36.194+0000] {processor.py:179} INFO - Processing /home/airflow/.local/lib/python3.10/site-packages/airflow/example_dags/example_params_ui_tutorial.py took 0.191 seconds
[2025-06-02T22:06:06.283+0000] {processor.py:157} INFO - Started process (PID=699) to work on /home/airflow/.local/lib/python3.10/site-packages/airflow/example_dags/example_params_ui_tutorial.py
[2025-06-02T22:06:06.284+0000] {processor.py:829} INFO - Processing file /home/airflow/.local/lib/python3.10/site-packages/airflow/example_dags/example_params_ui_tutorial.py for tasks to queue
[2025-06-02T22:06:06.287+0000] {logging_mixin.py:154} INFO - [2025-06-02T22:06:06.286+0000] {dagbag.py:536} INFO - Filling up the DagBag from /home/airflow/.local/lib/python3.10/site-packages/airflow/example_dags/example_params_ui_tutorial.py
[2025-06-02T22:06:06.327+0000] {processor.py:839} INFO - DAG(s) dict_keys(['example_params_ui_tutorial']) retrieved from /home/airflow/.local/lib/python3.10/site-packages/airflow/example_dags/example_params_ui_tutorial.py
[2025-06-02T22:06:06.406+0000] {logging_mixin.py:154} INFO - [2025-06-02T22:06:06.406+0000] {dag.py:2941} INFO - Sync 1 DAGs
[2025-06-02T22:06:06.419+0000] {logging_mixin.py:154} INFO - [2025-06-02T22:06:06.418+0000] {dag.py:3722} INFO - Setting next_dagrun for example_params_ui_tutorial to None, run_after=None
[2025-06-02T22:06:06.438+0000] {processor.py:179} INFO - Processing /home/airflow/.local/lib/python3.10/site-packages/airflow/example_dags/example_params_ui_tutorial.py took 0.158 seconds
[2025-06-02T22:06:36.932+0000] {processor.py:157} INFO - Started process (PID=751) to work on /home/airflow/.local/lib/python3.10/site-packages/airflow/example_dags/example_params_ui_tutorial.py
[2025-06-02T22:06:36.935+0000] {processor.py:829} INFO - Processing file /home/airflow/.local/lib/python3.10/site-packages/airflow/example_dags/example_params_ui_tutorial.py for tasks to queue
[2025-06-02T22:06:36.938+0000] {logging_mixin.py:154} INFO - [2025-06-02T22:06:36.937+0000] {dagbag.py:536} INFO - Filling up the DagBag from /home/airflow/.local/lib/python3.10/site-packages/airflow/example_dags/example_params_ui_tutorial.py
[2025-06-02T22:06:36.989+0000] {processor.py:839} INFO - DAG(s) dict_keys(['example_params_ui_tutorial']) retrieved from /home/airflow/.local/lib/python3.10/site-packages/airflow/example_dags/example_params_ui_tutorial.py
[2025-06-02T22:06:37.066+0000] {logging_mixin.py:154} INFO - [2025-06-02T22:06:37.066+0000] {dag.py:2941} INFO - Sync 1 DAGs
[2025-06-02T22:06:37.083+0000] {logging_mixin.py:154} INFO - [2025-06-02T22:06:37.083+0000] {dag.py:3722} INFO - Setting next_dagrun for example_params_ui_tutorial to None, run_after=None
[2025-06-02T22:06:37.108+0000] {processor.py:179} INFO - Processing /home/airflow/.local/lib/python3.10/site-packages/airflow/example_dags/example_params_ui_tutorial.py took 0.180 seconds
[2025-06-02T22:07:07.410+0000] {processor.py:157} INFO - Started process (PID=806) to work on /home/airflow/.local/lib/python3.10/site-packages/airflow/example_dags/example_params_ui_tutorial.py
[2025-06-02T22:07:07.411+0000] {processor.py:829} INFO - Processing file /home/airflow/.local/lib/python3.10/site-packages/airflow/example_dags/example_params_ui_tutorial.py for tasks to queue
[2025-06-02T22:07:07.414+0000] {logging_mixin.py:154} INFO - [2025-06-02T22:07:07.414+0000] {dagbag.py:536} INFO - Filling up the DagBag from /home/airflow/.local/lib/python3.10/site-packages/airflow/example_dags/example_params_ui_tutorial.py
[2025-06-02T22:07:07.466+0000] {processor.py:839} INFO - DAG(s) dict_keys(['example_params_ui_tutorial']) retrieved from /home/airflow/.local/lib/python3.10/site-packages/airflow/example_dags/example_params_ui_tutorial.py
[2025-06-02T22:07:07.539+0000] {logging_mixin.py:154} INFO - [2025-06-02T22:07:07.539+0000] {dag.py:2941} INFO - Sync 1 DAGs
[2025-06-02T22:07:07.555+0000] {logging_mixin.py:154} INFO - [2025-06-02T22:07:07.555+0000] {dag.py:3722} INFO - Setting next_dagrun for example_params_ui_tutorial to None, run_after=None
[2025-06-02T22:07:07.583+0000] {processor.py:179} INFO - Processing /home/airflow/.local/lib/python3.10/site-packages/airflow/example_dags/example_params_ui_tutorial.py took 0.177 seconds
[2025-06-02T22:07:37.664+0000] {processor.py:157} INFO - Started process (PID=860) to work on /home/airflow/.local/lib/python3.10/site-packages/airflow/example_dags/example_params_ui_tutorial.py
[2025-06-02T22:07:37.672+0000] {processor.py:829} INFO - Processing file /home/airflow/.local/lib/python3.10/site-packages/airflow/example_dags/example_params_ui_tutorial.py for tasks to queue
[2025-06-02T22:07:37.675+0000] {logging_mixin.py:154} INFO - [2025-06-02T22:07:37.675+0000] {dagbag.py:536} INFO - Filling up the DagBag from /home/airflow/.local/lib/python3.10/site-packages/airflow/example_dags/example_params_ui_tutorial.py
[2025-06-02T22:07:37.728+0000] {processor.py:839} INFO - DAG(s) dict_keys(['example_params_ui_tutorial']) retrieved from /home/airflow/.local/lib/python3.10/site-packages/airflow/example_dags/example_params_ui_tutorial.py
[2025-06-02T22:07:37.831+0000] {logging_mixin.py:154} INFO - [2025-06-02T22:07:37.831+0000] {dag.py:2941} INFO - Sync 1 DAGs
[2025-06-02T22:07:37.861+0000] {logging_mixin.py:154} INFO - [2025-06-02T22:07:37.860+0000] {dag.py:3722} INFO - Setting next_dagrun for example_params_ui_tutorial to None, run_after=None
[2025-06-02T22:07:37.890+0000] {processor.py:179} INFO - Processing /home/airflow/.local/lib/python3.10/site-packages/airflow/example_dags/example_params_ui_tutorial.py took 0.231 seconds
[2025-06-02T22:08:08.311+0000] {processor.py:157} INFO - Started process (PID=914) to work on /home/airflow/.local/lib/python3.10/site-packages/airflow/example_dags/example_params_ui_tutorial.py
[2025-06-02T22:08:08.312+0000] {processor.py:829} INFO - Processing file /home/airflow/.local/lib/python3.10/site-packages/airflow/example_dags/example_params_ui_tutorial.py for tasks to queue
[2025-06-02T22:08:08.315+0000] {logging_mixin.py:154} INFO - [2025-06-02T22:08:08.314+0000] {dagbag.py:536} INFO - Filling up the DagBag from /home/airflow/.local/lib/python3.10/site-packages/airflow/example_dags/example_params_ui_tutorial.py
[2025-06-02T22:08:08.366+0000] {processor.py:839} INFO - DAG(s) dict_keys(['example_params_ui_tutorial']) retrieved from /home/airflow/.local/lib/python3.10/site-packages/airflow/example_dags/example_params_ui_tutorial.py
[2025-06-02T22:08:08.441+0000] {logging_mixin.py:154} INFO - [2025-06-02T22:08:08.441+0000] {dag.py:2941} INFO - Sync 1 DAGs
[2025-06-02T22:08:08.458+0000] {logging_mixin.py:154} INFO - [2025-06-02T22:08:08.457+0000] {dag.py:3722} INFO - Setting next_dagrun for example_params_ui_tutorial to None, run_after=None
[2025-06-02T22:08:08.482+0000] {processor.py:179} INFO - Processing /home/airflow/.local/lib/python3.10/site-packages/airflow/example_dags/example_params_ui_tutorial.py took 0.176 seconds
[2025-06-02T22:08:38.942+0000] {processor.py:157} INFO - Started process (PID=968) to work on /home/airflow/.local/lib/python3.10/site-packages/airflow/example_dags/example_params_ui_tutorial.py
[2025-06-02T22:08:38.943+0000] {processor.py:829} INFO - Processing file /home/airflow/.local/lib/python3.10/site-packages/airflow/example_dags/example_params_ui_tutorial.py for tasks to queue
[2025-06-02T22:08:38.946+0000] {logging_mixin.py:154} INFO - [2025-06-02T22:08:38.946+0000] {dagbag.py:536} INFO - Filling up the DagBag from /home/airflow/.local/lib/python3.10/site-packages/airflow/example_dags/example_params_ui_tutorial.py
[2025-06-02T22:08:39.111+0000] {processor.py:839} INFO - DAG(s) dict_keys(['example_params_ui_tutorial']) retrieved from /home/airflow/.local/lib/python3.10/site-packages/airflow/example_dags/example_params_ui_tutorial.py
[2025-06-02T22:08:39.369+0000] {logging_mixin.py:154} INFO - [2025-06-02T22:08:39.369+0000] {dag.py:2941} INFO - Sync 1 DAGs
[2025-06-02T22:08:39.389+0000] {logging_mixin.py:154} INFO - [2025-06-02T22:08:39.389+0000] {dag.py:3722} INFO - Setting next_dagrun for example_params_ui_tutorial to None, run_after=None
[2025-06-02T22:08:39.459+0000] {processor.py:179} INFO - Processing /home/airflow/.local/lib/python3.10/site-packages/airflow/example_dags/example_params_ui_tutorial.py took 0.529 seconds
[2025-06-02T22:09:09.634+0000] {processor.py:157} INFO - Started process (PID=1029) to work on /home/airflow/.local/lib/python3.10/site-packages/airflow/example_dags/example_params_ui_tutorial.py
[2025-06-02T22:09:09.636+0000] {processor.py:829} INFO - Processing file /home/airflow/.local/lib/python3.10/site-packages/airflow/example_dags/example_params_ui_tutorial.py for tasks to queue
[2025-06-02T22:09:09.639+0000] {logging_mixin.py:154} INFO - [2025-06-02T22:09:09.638+0000] {dagbag.py:536} INFO - Filling up the DagBag from /home/airflow/.local/lib/python3.10/site-packages/airflow/example_dags/example_params_ui_tutorial.py
[2025-06-02T22:09:09.851+0000] {processor.py:839} INFO - DAG(s) dict_keys(['example_params_ui_tutorial']) retrieved from /home/airflow/.local/lib/python3.10/site-packages/airflow/example_dags/example_params_ui_tutorial.py
[2025-06-02T22:09:10.078+0000] {logging_mixin.py:154} INFO - [2025-06-02T22:09:10.078+0000] {dag.py:2941} INFO - Sync 1 DAGs
[2025-06-02T22:09:10.096+0000] {logging_mixin.py:154} INFO - [2025-06-02T22:09:10.096+0000] {dag.py:3722} INFO - Setting next_dagrun for example_params_ui_tutorial to None, run_after=None
[2025-06-02T22:09:10.151+0000] {processor.py:179} INFO - Processing /home/airflow/.local/lib/python3.10/site-packages/airflow/example_dags/example_params_ui_tutorial.py took 0.553 seconds
[2025-06-02T22:09:40.394+0000] {processor.py:157} INFO - Started process (PID=1083) to work on /home/airflow/.local/lib/python3.10/site-packages/airflow/example_dags/example_params_ui_tutorial.py
[2025-06-02T22:09:40.395+0000] {processor.py:829} INFO - Processing file /home/airflow/.local/lib/python3.10/site-packages/airflow/example_dags/example_params_ui_tutorial.py for tasks to queue
[2025-06-02T22:09:40.398+0000] {logging_mixin.py:154} INFO - [2025-06-02T22:09:40.398+0000] {dagbag.py:536} INFO - Filling up the DagBag from /home/airflow/.local/lib/python3.10/site-packages/airflow/example_dags/example_params_ui_tutorial.py
[2025-06-02T22:09:40.449+0000] {processor.py:839} INFO - DAG(s) dict_keys(['example_params_ui_tutorial']) retrieved from /home/airflow/.local/lib/python3.10/site-packages/airflow/example_dags/example_params_ui_tutorial.py
[2025-06-02T22:09:40.731+0000] {logging_mixin.py:154} INFO - [2025-06-02T22:09:40.731+0000] {dag.py:2941} INFO - Sync 1 DAGs
[2025-06-02T22:09:40.745+0000] {logging_mixin.py:154} INFO - [2025-06-02T22:09:40.745+0000] {dag.py:3722} INFO - Setting next_dagrun for example_params_ui_tutorial to None, run_after=None
[2025-06-02T22:09:40.766+0000] {processor.py:179} INFO - Processing /home/airflow/.local/lib/python3.10/site-packages/airflow/example_dags/example_params_ui_tutorial.py took 0.377 seconds
[2025-06-02T22:10:11.114+0000] {processor.py:157} INFO - Started process (PID=1137) to work on /home/airflow/.local/lib/python3.10/site-packages/airflow/example_dags/example_params_ui_tutorial.py
[2025-06-02T22:10:11.115+0000] {processor.py:829} INFO - Processing file /home/airflow/.local/lib/python3.10/site-packages/airflow/example_dags/example_params_ui_tutorial.py for tasks to queue
[2025-06-02T22:10:11.118+0000] {logging_mixin.py:154} INFO - [2025-06-02T22:10:11.118+0000] {dagbag.py:536} INFO - Filling up the DagBag from /home/airflow/.local/lib/python3.10/site-packages/airflow/example_dags/example_params_ui_tutorial.py
[2025-06-02T22:10:11.168+0000] {processor.py:839} INFO - DAG(s) dict_keys(['example_params_ui_tutorial']) retrieved from /home/airflow/.local/lib/python3.10/site-packages/airflow/example_dags/example_params_ui_tutorial.py
[2025-06-02T22:10:11.244+0000] {logging_mixin.py:154} INFO - [2025-06-02T22:10:11.244+0000] {dag.py:2941} INFO - Sync 1 DAGs
[2025-06-02T22:10:11.448+0000] {logging_mixin.py:154} INFO - [2025-06-02T22:10:11.448+0000] {dag.py:3722} INFO - Setting next_dagrun for example_params_ui_tutorial to None, run_after=None
[2025-06-02T22:10:11.468+0000] {processor.py:179} INFO - Processing /home/airflow/.local/lib/python3.10/site-packages/airflow/example_dags/example_params_ui_tutorial.py took 0.360 seconds
[2025-06-02T22:10:41.526+0000] {processor.py:157} INFO - Started process (PID=1191) to work on /home/airflow/.local/lib/python3.10/site-packages/airflow/example_dags/example_params_ui_tutorial.py
[2025-06-02T22:10:41.526+0000] {processor.py:829} INFO - Processing file /home/airflow/.local/lib/python3.10/site-packages/airflow/example_dags/example_params_ui_tutorial.py for tasks to queue
[2025-06-02T22:10:41.529+0000] {logging_mixin.py:154} INFO - [2025-06-02T22:10:41.528+0000] {dagbag.py:536} INFO - Filling up the DagBag from /home/airflow/.local/lib/python3.10/site-packages/airflow/example_dags/example_params_ui_tutorial.py
[2025-06-02T22:10:41.566+0000] {processor.py:839} INFO - DAG(s) dict_keys(['example_params_ui_tutorial']) retrieved from /home/airflow/.local/lib/python3.10/site-packages/airflow/example_dags/example_params_ui_tutorial.py
[2025-06-02T22:10:41.618+0000] {logging_mixin.py:154} INFO - [2025-06-02T22:10:41.618+0000] {dag.py:2941} INFO - Sync 1 DAGs
[2025-06-02T22:10:41.631+0000] {logging_mixin.py:154} INFO - [2025-06-02T22:10:41.631+0000] {dag.py:3722} INFO - Setting next_dagrun for example_params_ui_tutorial to None, run_after=None
[2025-06-02T22:10:41.699+0000] {processor.py:179} INFO - Processing /home/airflow/.local/lib/python3.10/site-packages/airflow/example_dags/example_params_ui_tutorial.py took 0.177 seconds
[2025-06-02T23:03:27.745+0000] {processor.py:157} INFO - Started process (PID=50) to work on /home/airflow/.local/lib/python3.10/site-packages/airflow/example_dags/example_params_ui_tutorial.py
[2025-06-02T23:03:27.759+0000] {processor.py:829} INFO - Processing file /home/airflow/.local/lib/python3.10/site-packages/airflow/example_dags/example_params_ui_tutorial.py for tasks to queue
[2025-06-02T23:03:27.771+0000] {logging_mixin.py:154} INFO - [2025-06-02T23:03:27.771+0000] {dagbag.py:536} INFO - Filling up the DagBag from /home/airflow/.local/lib/python3.10/site-packages/airflow/example_dags/example_params_ui_tutorial.py
[2025-06-02T23:03:27.942+0000] {processor.py:839} INFO - DAG(s) dict_keys(['example_params_ui_tutorial']) retrieved from /home/airflow/.local/lib/python3.10/site-packages/airflow/example_dags/example_params_ui_tutorial.py
[2025-06-02T23:03:28.259+0000] {logging_mixin.py:154} INFO - [2025-06-02T23:03:28.259+0000] {dag.py:2941} INFO - Sync 1 DAGs
[2025-06-02T23:03:28.302+0000] {logging_mixin.py:154} INFO - [2025-06-02T23:03:28.301+0000] {dag.py:3722} INFO - Setting next_dagrun for example_params_ui_tutorial to None, run_after=None
[2025-06-02T23:03:28.875+0000] {processor.py:179} INFO - Processing /home/airflow/.local/lib/python3.10/site-packages/airflow/example_dags/example_params_ui_tutorial.py took 1.144 seconds
[2025-06-02T23:03:58.024+0000] {processor.py:157} INFO - Started process (PID=42) to work on /home/airflow/.local/lib/python3.10/site-packages/airflow/example_dags/example_params_ui_tutorial.py
[2025-06-02T23:03:58.026+0000] {processor.py:829} INFO - Processing file /home/airflow/.local/lib/python3.10/site-packages/airflow/example_dags/example_params_ui_tutorial.py for tasks to queue
[2025-06-02T23:03:58.029+0000] {logging_mixin.py:154} INFO - [2025-06-02T23:03:58.028+0000] {dagbag.py:536} INFO - Filling up the DagBag from /home/airflow/.local/lib/python3.10/site-packages/airflow/example_dags/example_params_ui_tutorial.py
[2025-06-02T23:03:58.079+0000] {processor.py:839} INFO - DAG(s) dict_keys(['example_params_ui_tutorial']) retrieved from /home/airflow/.local/lib/python3.10/site-packages/airflow/example_dags/example_params_ui_tutorial.py
[2025-06-02T23:03:58.175+0000] {logging_mixin.py:154} INFO - [2025-06-02T23:03:58.175+0000] {dag.py:2941} INFO - Sync 1 DAGs
[2025-06-02T23:03:58.191+0000] {logging_mixin.py:154} INFO - [2025-06-02T23:03:58.190+0000] {dag.py:3722} INFO - Setting next_dagrun for example_params_ui_tutorial to None, run_after=None
[2025-06-02T23:03:58.222+0000] {processor.py:179} INFO - Processing /home/airflow/.local/lib/python3.10/site-packages/airflow/example_dags/example_params_ui_tutorial.py took 0.204 seconds
[2025-06-02T23:04:28.815+0000] {processor.py:157} INFO - Started process (PID=98) to work on /home/airflow/.local/lib/python3.10/site-packages/airflow/example_dags/example_params_ui_tutorial.py
[2025-06-02T23:04:28.817+0000] {processor.py:829} INFO - Processing file /home/airflow/.local/lib/python3.10/site-packages/airflow/example_dags/example_params_ui_tutorial.py for tasks to queue
[2025-06-02T23:04:28.820+0000] {logging_mixin.py:154} INFO - [2025-06-02T23:04:28.820+0000] {dagbag.py:536} INFO - Filling up the DagBag from /home/airflow/.local/lib/python3.10/site-packages/airflow/example_dags/example_params_ui_tutorial.py
[2025-06-02T23:04:28.873+0000] {processor.py:839} INFO - DAG(s) dict_keys(['example_params_ui_tutorial']) retrieved from /home/airflow/.local/lib/python3.10/site-packages/airflow/example_dags/example_params_ui_tutorial.py
[2025-06-02T23:04:29.028+0000] {logging_mixin.py:154} INFO - [2025-06-02T23:04:29.027+0000] {dag.py:2941} INFO - Sync 1 DAGs
[2025-06-02T23:04:29.078+0000] {logging_mixin.py:154} INFO - [2025-06-02T23:04:29.078+0000] {dag.py:3722} INFO - Setting next_dagrun for example_params_ui_tutorial to None, run_after=None
[2025-06-02T23:04:29.115+0000] {processor.py:179} INFO - Processing /home/airflow/.local/lib/python3.10/site-packages/airflow/example_dags/example_params_ui_tutorial.py took 0.305 seconds
[2025-06-02T23:04:59.287+0000] {processor.py:157} INFO - Started process (PID=154) to work on /home/airflow/.local/lib/python3.10/site-packages/airflow/example_dags/example_params_ui_tutorial.py
[2025-06-02T23:04:59.288+0000] {processor.py:829} INFO - Processing file /home/airflow/.local/lib/python3.10/site-packages/airflow/example_dags/example_params_ui_tutorial.py for tasks to queue
[2025-06-02T23:04:59.291+0000] {logging_mixin.py:154} INFO - [2025-06-02T23:04:59.290+0000] {dagbag.py:536} INFO - Filling up the DagBag from /home/airflow/.local/lib/python3.10/site-packages/airflow/example_dags/example_params_ui_tutorial.py
[2025-06-02T23:04:59.340+0000] {processor.py:839} INFO - DAG(s) dict_keys(['example_params_ui_tutorial']) retrieved from /home/airflow/.local/lib/python3.10/site-packages/airflow/example_dags/example_params_ui_tutorial.py
[2025-06-02T23:04:59.414+0000] {logging_mixin.py:154} INFO - [2025-06-02T23:04:59.413+0000] {dag.py:2941} INFO - Sync 1 DAGs
[2025-06-02T23:04:59.430+0000] {logging_mixin.py:154} INFO - [2025-06-02T23:04:59.430+0000] {dag.py:3722} INFO - Setting next_dagrun for example_params_ui_tutorial to None, run_after=None
[2025-06-02T23:04:59.456+0000] {processor.py:179} INFO - Processing /home/airflow/.local/lib/python3.10/site-packages/airflow/example_dags/example_params_ui_tutorial.py took 0.174 seconds
[2025-06-02T23:05:31.404+0000] {processor.py:157} INFO - Started process (PID=210) to work on /home/airflow/.local/lib/python3.10/site-packages/airflow/example_dags/example_params_ui_tutorial.py
[2025-06-02T23:05:31.407+0000] {processor.py:829} INFO - Processing file /home/airflow/.local/lib/python3.10/site-packages/airflow/example_dags/example_params_ui_tutorial.py for tasks to queue
[2025-06-02T23:05:31.410+0000] {logging_mixin.py:154} INFO - [2025-06-02T23:05:31.409+0000] {dagbag.py:536} INFO - Filling up the DagBag from /home/airflow/.local/lib/python3.10/site-packages/airflow/example_dags/example_params_ui_tutorial.py
[2025-06-02T23:05:31.459+0000] {processor.py:839} INFO - DAG(s) dict_keys(['example_params_ui_tutorial']) retrieved from /home/airflow/.local/lib/python3.10/site-packages/airflow/example_dags/example_params_ui_tutorial.py
[2025-06-02T23:05:31.533+0000] {logging_mixin.py:154} INFO - [2025-06-02T23:05:31.533+0000] {dag.py:2941} INFO - Sync 1 DAGs
[2025-06-02T23:05:31.550+0000] {logging_mixin.py:154} INFO - [2025-06-02T23:05:31.550+0000] {dag.py:3722} INFO - Setting next_dagrun for example_params_ui_tutorial to None, run_after=None
[2025-06-02T23:05:31.573+0000] {processor.py:179} INFO - Processing /home/airflow/.local/lib/python3.10/site-packages/airflow/example_dags/example_params_ui_tutorial.py took 0.175 seconds
[2025-06-02T23:06:04.869+0000] {processor.py:157} INFO - Started process (PID=266) to work on /home/airflow/.local/lib/python3.10/site-packages/airflow/example_dags/example_params_ui_tutorial.py
[2025-06-02T23:06:04.874+0000] {processor.py:829} INFO - Processing file /home/airflow/.local/lib/python3.10/site-packages/airflow/example_dags/example_params_ui_tutorial.py for tasks to queue
[2025-06-02T23:06:04.877+0000] {logging_mixin.py:154} INFO - [2025-06-02T23:06:04.876+0000] {dagbag.py:536} INFO - Filling up the DagBag from /home/airflow/.local/lib/python3.10/site-packages/airflow/example_dags/example_params_ui_tutorial.py
[2025-06-02T23:06:05.013+0000] {processor.py:839} INFO - DAG(s) dict_keys(['example_params_ui_tutorial']) retrieved from /home/airflow/.local/lib/python3.10/site-packages/airflow/example_dags/example_params_ui_tutorial.py
[2025-06-02T23:06:05.207+0000] {logging_mixin.py:154} INFO - [2025-06-02T23:06:05.207+0000] {dag.py:2941} INFO - Sync 1 DAGs
[2025-06-02T23:06:05.240+0000] {logging_mixin.py:154} INFO - [2025-06-02T23:06:05.240+0000] {dag.py:3722} INFO - Setting next_dagrun for example_params_ui_tutorial to None, run_after=None
[2025-06-02T23:06:05.295+0000] {processor.py:179} INFO - Processing /home/airflow/.local/lib/python3.10/site-packages/airflow/example_dags/example_params_ui_tutorial.py took 0.441 seconds
[2025-06-02T23:06:36.253+0000] {processor.py:157} INFO - Started process (PID=322) to work on /home/airflow/.local/lib/python3.10/site-packages/airflow/example_dags/example_params_ui_tutorial.py
[2025-06-02T23:06:36.254+0000] {processor.py:829} INFO - Processing file /home/airflow/.local/lib/python3.10/site-packages/airflow/example_dags/example_params_ui_tutorial.py for tasks to queue
[2025-06-02T23:06:36.257+0000] {logging_mixin.py:154} INFO - [2025-06-02T23:06:36.257+0000] {dagbag.py:536} INFO - Filling up the DagBag from /home/airflow/.local/lib/python3.10/site-packages/airflow/example_dags/example_params_ui_tutorial.py
[2025-06-02T23:06:36.319+0000] {processor.py:839} INFO - DAG(s) dict_keys(['example_params_ui_tutorial']) retrieved from /home/airflow/.local/lib/python3.10/site-packages/airflow/example_dags/example_params_ui_tutorial.py
[2025-06-02T23:06:36.438+0000] {logging_mixin.py:154} INFO - [2025-06-02T23:06:36.438+0000] {dag.py:2941} INFO - Sync 1 DAGs
[2025-06-02T23:06:36.472+0000] {logging_mixin.py:154} INFO - [2025-06-02T23:06:36.472+0000] {dag.py:3722} INFO - Setting next_dagrun for example_params_ui_tutorial to None, run_after=None
[2025-06-02T23:06:36.510+0000] {processor.py:179} INFO - Processing /home/airflow/.local/lib/python3.10/site-packages/airflow/example_dags/example_params_ui_tutorial.py took 0.262 seconds
[2025-06-02T23:07:06.903+0000] {processor.py:157} INFO - Started process (PID=378) to work on /home/airflow/.local/lib/python3.10/site-packages/airflow/example_dags/example_params_ui_tutorial.py
[2025-06-02T23:07:06.910+0000] {processor.py:829} INFO - Processing file /home/airflow/.local/lib/python3.10/site-packages/airflow/example_dags/example_params_ui_tutorial.py for tasks to queue
[2025-06-02T23:07:06.913+0000] {logging_mixin.py:154} INFO - [2025-06-02T23:07:06.913+0000] {dagbag.py:536} INFO - Filling up the DagBag from /home/airflow/.local/lib/python3.10/site-packages/airflow/example_dags/example_params_ui_tutorial.py
[2025-06-02T23:07:07.001+0000] {processor.py:839} INFO - DAG(s) dict_keys(['example_params_ui_tutorial']) retrieved from /home/airflow/.local/lib/python3.10/site-packages/airflow/example_dags/example_params_ui_tutorial.py
[2025-06-02T23:07:07.114+0000] {logging_mixin.py:154} INFO - [2025-06-02T23:07:07.114+0000] {dag.py:2941} INFO - Sync 1 DAGs
[2025-06-02T23:07:07.131+0000] {logging_mixin.py:154} INFO - [2025-06-02T23:07:07.130+0000] {dag.py:3722} INFO - Setting next_dagrun for example_params_ui_tutorial to None, run_after=None
[2025-06-02T23:07:07.155+0000] {processor.py:179} INFO - Processing /home/airflow/.local/lib/python3.10/site-packages/airflow/example_dags/example_params_ui_tutorial.py took 0.279 seconds
