[2025-06-02T21:59:58.517+0000] {processor.py:157} INFO - Started process (PID=49) to work on /home/airflow/.local/lib/python3.10/site-packages/airflow/example_dags/example_complex.py
[2025-06-02T21:59:58.530+0000] {processor.py:829} INFO - Processing file /home/airflow/.local/lib/python3.10/site-packages/airflow/example_dags/example_complex.py for tasks to queue
[2025-06-02T21:59:58.545+0000] {logging_mixin.py:154} INFO - [2025-06-02T21:59:58.544+0000] {dagbag.py:536} INFO - Filling up the DagBag from /home/airflow/.local/lib/python3.10/site-packages/airflow/example_dags/example_complex.py
[2025-06-02T21:59:58.608+0000] {processor.py:839} INFO - DAG(s) dict_keys(['example_complex']) retrieved from /home/airflow/.local/lib/python3.10/site-packages/airflow/example_dags/example_complex.py
[2025-06-02T21:59:59.142+0000] {logging_mixin.py:154} INFO - [2025-06-02T21:59:59.142+0000] {manager.py:499} INFO - Created Permission View: %s
[2025-06-02T21:59:59.216+0000] {logging_mixin.py:154} INFO - [2025-06-02T21:59:59.215+0000] {manager.py:499} INFO - Created Permission View: %s
[2025-06-02T21:59:59.234+0000] {logging_mixin.py:154} INFO - [2025-06-02T21:59:59.234+0000] {manager.py:499} INFO - Created Permission View: %s
[2025-06-02T21:59:59.235+0000] {logging_mixin.py:154} INFO - [2025-06-02T21:59:59.235+0000] {dag.py:2941} INFO - Sync 1 DAGs
[2025-06-02T21:59:59.282+0000] {logging_mixin.py:154} INFO - [2025-06-02T21:59:59.282+0000] {dag.py:2963} INFO - Creating ORM DAG for example_complex
[2025-06-02T21:59:59.286+0000] {logging_mixin.py:154} INFO - [2025-06-02T21:59:59.286+0000] {dag.py:3722} INFO - Setting next_dagrun for example_complex to None, run_after=None
[2025-06-02T21:59:59.354+0000] {processor.py:179} INFO - Processing /home/airflow/.local/lib/python3.10/site-packages/airflow/example_dags/example_complex.py took 0.848 seconds
[2025-06-02T22:00:29.864+0000] {processor.py:157} INFO - Started process (PID=103) to work on /home/airflow/.local/lib/python3.10/site-packages/airflow/example_dags/example_complex.py
[2025-06-02T22:00:29.870+0000] {processor.py:829} INFO - Processing file /home/airflow/.local/lib/python3.10/site-packages/airflow/example_dags/example_complex.py for tasks to queue
[2025-06-02T22:00:29.873+0000] {logging_mixin.py:154} INFO - [2025-06-02T22:00:29.873+0000] {dagbag.py:536} INFO - Filling up the DagBag from /home/airflow/.local/lib/python3.10/site-packages/airflow/example_dags/example_complex.py
[2025-06-02T22:00:29.889+0000] {processor.py:839} INFO - DAG(s) dict_keys(['example_complex']) retrieved from /home/airflow/.local/lib/python3.10/site-packages/airflow/example_dags/example_complex.py
[2025-06-02T22:00:29.937+0000] {logging_mixin.py:154} INFO - [2025-06-02T22:00:29.937+0000] {dag.py:2941} INFO - Sync 1 DAGs
[2025-06-02T22:00:29.955+0000] {logging_mixin.py:154} INFO - [2025-06-02T22:00:29.955+0000] {dag.py:3722} INFO - Setting next_dagrun for example_complex to None, run_after=None
[2025-06-02T22:00:29.978+0000] {processor.py:179} INFO - Processing /home/airflow/.local/lib/python3.10/site-packages/airflow/example_dags/example_complex.py took 0.118 seconds
[2025-06-02T22:01:00.185+0000] {processor.py:157} INFO - Started process (PID=157) to work on /home/airflow/.local/lib/python3.10/site-packages/airflow/example_dags/example_complex.py
[2025-06-02T22:01:00.186+0000] {processor.py:829} INFO - Processing file /home/airflow/.local/lib/python3.10/site-packages/airflow/example_dags/example_complex.py for tasks to queue
[2025-06-02T22:01:00.189+0000] {logging_mixin.py:154} INFO - [2025-06-02T22:01:00.189+0000] {dagbag.py:536} INFO - Filling up the DagBag from /home/airflow/.local/lib/python3.10/site-packages/airflow/example_dags/example_complex.py
[2025-06-02T22:01:00.205+0000] {processor.py:839} INFO - DAG(s) dict_keys(['example_complex']) retrieved from /home/airflow/.local/lib/python3.10/site-packages/airflow/example_dags/example_complex.py
[2025-06-02T22:01:00.253+0000] {logging_mixin.py:154} INFO - [2025-06-02T22:01:00.252+0000] {dag.py:2941} INFO - Sync 1 DAGs
[2025-06-02T22:01:00.270+0000] {logging_mixin.py:154} INFO - [2025-06-02T22:01:00.270+0000] {dag.py:3722} INFO - Setting next_dagrun for example_complex to None, run_after=None
[2025-06-02T22:01:00.305+0000] {processor.py:179} INFO - Processing /home/airflow/.local/lib/python3.10/site-packages/airflow/example_dags/example_complex.py took 0.127 seconds
[2025-06-02T22:01:30.874+0000] {processor.py:157} INFO - Started process (PID=211) to work on /home/airflow/.local/lib/python3.10/site-packages/airflow/example_dags/example_complex.py
[2025-06-02T22:01:30.875+0000] {processor.py:829} INFO - Processing file /home/airflow/.local/lib/python3.10/site-packages/airflow/example_dags/example_complex.py for tasks to queue
[2025-06-02T22:01:30.878+0000] {logging_mixin.py:154} INFO - [2025-06-02T22:01:30.877+0000] {dagbag.py:536} INFO - Filling up the DagBag from /home/airflow/.local/lib/python3.10/site-packages/airflow/example_dags/example_complex.py
[2025-06-02T22:01:30.894+0000] {processor.py:839} INFO - DAG(s) dict_keys(['example_complex']) retrieved from /home/airflow/.local/lib/python3.10/site-packages/airflow/example_dags/example_complex.py
[2025-06-02T22:01:30.940+0000] {logging_mixin.py:154} INFO - [2025-06-02T22:01:30.939+0000] {dag.py:2941} INFO - Sync 1 DAGs
[2025-06-02T22:01:30.964+0000] {logging_mixin.py:154} INFO - [2025-06-02T22:01:30.957+0000] {dag.py:3722} INFO - Setting next_dagrun for example_complex to None, run_after=None
[2025-06-02T22:01:31.013+0000] {processor.py:179} INFO - Processing /home/airflow/.local/lib/python3.10/site-packages/airflow/example_dags/example_complex.py took 0.147 seconds
[2025-06-02T22:02:01.494+0000] {processor.py:157} INFO - Started process (PID=266) to work on /home/airflow/.local/lib/python3.10/site-packages/airflow/example_dags/example_complex.py
[2025-06-02T22:02:01.495+0000] {processor.py:829} INFO - Processing file /home/airflow/.local/lib/python3.10/site-packages/airflow/example_dags/example_complex.py for tasks to queue
[2025-06-02T22:02:01.499+0000] {logging_mixin.py:154} INFO - [2025-06-02T22:02:01.498+0000] {dagbag.py:536} INFO - Filling up the DagBag from /home/airflow/.local/lib/python3.10/site-packages/airflow/example_dags/example_complex.py
[2025-06-02T22:02:01.516+0000] {processor.py:839} INFO - DAG(s) dict_keys(['example_complex']) retrieved from /home/airflow/.local/lib/python3.10/site-packages/airflow/example_dags/example_complex.py
[2025-06-02T22:02:01.578+0000] {logging_mixin.py:154} INFO - [2025-06-02T22:02:01.577+0000] {dag.py:2941} INFO - Sync 1 DAGs
[2025-06-02T22:02:01.598+0000] {logging_mixin.py:154} INFO - [2025-06-02T22:02:01.598+0000] {dag.py:3722} INFO - Setting next_dagrun for example_complex to None, run_after=None
[2025-06-02T22:02:01.642+0000] {processor.py:179} INFO - Processing /home/airflow/.local/lib/python3.10/site-packages/airflow/example_dags/example_complex.py took 0.153 seconds
[2025-06-02T22:02:32.320+0000] {processor.py:157} INFO - Started process (PID=319) to work on /home/airflow/.local/lib/python3.10/site-packages/airflow/example_dags/example_complex.py
[2025-06-02T22:02:32.323+0000] {processor.py:829} INFO - Processing file /home/airflow/.local/lib/python3.10/site-packages/airflow/example_dags/example_complex.py for tasks to queue
[2025-06-02T22:02:32.328+0000] {logging_mixin.py:154} INFO - [2025-06-02T22:02:32.327+0000] {dagbag.py:536} INFO - Filling up the DagBag from /home/airflow/.local/lib/python3.10/site-packages/airflow/example_dags/example_complex.py
[2025-06-02T22:02:32.344+0000] {processor.py:839} INFO - DAG(s) dict_keys(['example_complex']) retrieved from /home/airflow/.local/lib/python3.10/site-packages/airflow/example_dags/example_complex.py
[2025-06-02T22:02:32.390+0000] {logging_mixin.py:154} INFO - [2025-06-02T22:02:32.390+0000] {dag.py:2941} INFO - Sync 1 DAGs
[2025-06-02T22:02:32.408+0000] {logging_mixin.py:154} INFO - [2025-06-02T22:02:32.408+0000] {dag.py:3722} INFO - Setting next_dagrun for example_complex to None, run_after=None
[2025-06-02T22:02:32.433+0000] {processor.py:179} INFO - Processing /home/airflow/.local/lib/python3.10/site-packages/airflow/example_dags/example_complex.py took 0.117 seconds
[2025-06-02T22:03:02.923+0000] {processor.py:157} INFO - Started process (PID=373) to work on /home/airflow/.local/lib/python3.10/site-packages/airflow/example_dags/example_complex.py
[2025-06-02T22:03:02.934+0000] {processor.py:829} INFO - Processing file /home/airflow/.local/lib/python3.10/site-packages/airflow/example_dags/example_complex.py for tasks to queue
[2025-06-02T22:03:02.937+0000] {logging_mixin.py:154} INFO - [2025-06-02T22:03:02.936+0000] {dagbag.py:536} INFO - Filling up the DagBag from /home/airflow/.local/lib/python3.10/site-packages/airflow/example_dags/example_complex.py
[2025-06-02T22:03:02.987+0000] {processor.py:839} INFO - DAG(s) dict_keys(['example_complex']) retrieved from /home/airflow/.local/lib/python3.10/site-packages/airflow/example_dags/example_complex.py
[2025-06-02T22:03:03.073+0000] {logging_mixin.py:154} INFO - [2025-06-02T22:03:03.072+0000] {dag.py:2941} INFO - Sync 1 DAGs
[2025-06-02T22:03:03.106+0000] {logging_mixin.py:154} INFO - [2025-06-02T22:03:03.106+0000] {dag.py:3722} INFO - Setting next_dagrun for example_complex to None, run_after=None
[2025-06-02T22:03:03.158+0000] {processor.py:179} INFO - Processing /home/airflow/.local/lib/python3.10/site-packages/airflow/example_dags/example_complex.py took 0.240 seconds
[2025-06-02T22:03:34.097+0000] {processor.py:157} INFO - Started process (PID=428) to work on /home/airflow/.local/lib/python3.10/site-packages/airflow/example_dags/example_complex.py
[2025-06-02T22:03:34.106+0000] {processor.py:829} INFO - Processing file /home/airflow/.local/lib/python3.10/site-packages/airflow/example_dags/example_complex.py for tasks to queue
[2025-06-02T22:03:34.109+0000] {logging_mixin.py:154} INFO - [2025-06-02T22:03:34.108+0000] {dagbag.py:536} INFO - Filling up the DagBag from /home/airflow/.local/lib/python3.10/site-packages/airflow/example_dags/example_complex.py
[2025-06-02T22:03:34.179+0000] {processor.py:839} INFO - DAG(s) dict_keys(['example_complex']) retrieved from /home/airflow/.local/lib/python3.10/site-packages/airflow/example_dags/example_complex.py
[2025-06-02T22:03:34.470+0000] {logging_mixin.py:154} INFO - [2025-06-02T22:03:34.470+0000] {dag.py:2941} INFO - Sync 1 DAGs
[2025-06-02T22:03:34.538+0000] {logging_mixin.py:154} INFO - [2025-06-02T22:03:34.538+0000] {dag.py:3722} INFO - Setting next_dagrun for example_complex to None, run_after=None
[2025-06-02T22:03:34.614+0000] {processor.py:179} INFO - Processing /home/airflow/.local/lib/python3.10/site-packages/airflow/example_dags/example_complex.py took 0.534 seconds
[2025-06-02T22:04:05.209+0000] {processor.py:157} INFO - Started process (PID=482) to work on /home/airflow/.local/lib/python3.10/site-packages/airflow/example_dags/example_complex.py
[2025-06-02T22:04:05.211+0000] {processor.py:829} INFO - Processing file /home/airflow/.local/lib/python3.10/site-packages/airflow/example_dags/example_complex.py for tasks to queue
[2025-06-02T22:04:05.214+0000] {logging_mixin.py:154} INFO - [2025-06-02T22:04:05.214+0000] {dagbag.py:536} INFO - Filling up the DagBag from /home/airflow/.local/lib/python3.10/site-packages/airflow/example_dags/example_complex.py
[2025-06-02T22:04:05.231+0000] {processor.py:839} INFO - DAG(s) dict_keys(['example_complex']) retrieved from /home/airflow/.local/lib/python3.10/site-packages/airflow/example_dags/example_complex.py
[2025-06-02T22:04:05.276+0000] {logging_mixin.py:154} INFO - [2025-06-02T22:04:05.276+0000] {dag.py:2941} INFO - Sync 1 DAGs
[2025-06-02T22:04:05.299+0000] {logging_mixin.py:154} INFO - [2025-06-02T22:04:05.299+0000] {dag.py:3722} INFO - Setting next_dagrun for example_complex to None, run_after=None
[2025-06-02T22:04:05.327+0000] {processor.py:179} INFO - Processing /home/airflow/.local/lib/python3.10/site-packages/airflow/example_dags/example_complex.py took 0.123 seconds
[2025-06-02T22:04:35.403+0000] {processor.py:157} INFO - Started process (PID=536) to work on /home/airflow/.local/lib/python3.10/site-packages/airflow/example_dags/example_complex.py
[2025-06-02T22:04:35.404+0000] {processor.py:829} INFO - Processing file /home/airflow/.local/lib/python3.10/site-packages/airflow/example_dags/example_complex.py for tasks to queue
[2025-06-02T22:04:35.407+0000] {logging_mixin.py:154} INFO - [2025-06-02T22:04:35.406+0000] {dagbag.py:536} INFO - Filling up the DagBag from /home/airflow/.local/lib/python3.10/site-packages/airflow/example_dags/example_complex.py
[2025-06-02T22:04:35.424+0000] {processor.py:839} INFO - DAG(s) dict_keys(['example_complex']) retrieved from /home/airflow/.local/lib/python3.10/site-packages/airflow/example_dags/example_complex.py
[2025-06-02T22:04:35.470+0000] {logging_mixin.py:154} INFO - [2025-06-02T22:04:35.469+0000] {dag.py:2941} INFO - Sync 1 DAGs
[2025-06-02T22:04:35.493+0000] {logging_mixin.py:154} INFO - [2025-06-02T22:04:35.493+0000] {dag.py:3722} INFO - Setting next_dagrun for example_complex to None, run_after=None
[2025-06-02T22:04:35.532+0000] {processor.py:179} INFO - Processing /home/airflow/.local/lib/python3.10/site-packages/airflow/example_dags/example_complex.py took 0.134 seconds
[2025-06-02T22:05:05.759+0000] {processor.py:157} INFO - Started process (PID=590) to work on /home/airflow/.local/lib/python3.10/site-packages/airflow/example_dags/example_complex.py
[2025-06-02T22:05:05.761+0000] {processor.py:829} INFO - Processing file /home/airflow/.local/lib/python3.10/site-packages/airflow/example_dags/example_complex.py for tasks to queue
[2025-06-02T22:05:05.764+0000] {logging_mixin.py:154} INFO - [2025-06-02T22:05:05.764+0000] {dagbag.py:536} INFO - Filling up the DagBag from /home/airflow/.local/lib/python3.10/site-packages/airflow/example_dags/example_complex.py
[2025-06-02T22:05:05.781+0000] {processor.py:839} INFO - DAG(s) dict_keys(['example_complex']) retrieved from /home/airflow/.local/lib/python3.10/site-packages/airflow/example_dags/example_complex.py
[2025-06-02T22:05:05.833+0000] {logging_mixin.py:154} INFO - [2025-06-02T22:05:05.833+0000] {dag.py:2941} INFO - Sync 1 DAGs
[2025-06-02T22:05:05.866+0000] {logging_mixin.py:154} INFO - [2025-06-02T22:05:05.863+0000] {dag.py:3722} INFO - Setting next_dagrun for example_complex to None, run_after=None
[2025-06-02T22:05:05.892+0000] {processor.py:179} INFO - Processing /home/airflow/.local/lib/python3.10/site-packages/airflow/example_dags/example_complex.py took 0.137 seconds
[2025-06-02T22:05:36.018+0000] {processor.py:157} INFO - Started process (PID=645) to work on /home/airflow/.local/lib/python3.10/site-packages/airflow/example_dags/example_complex.py
[2025-06-02T22:05:36.019+0000] {processor.py:829} INFO - Processing file /home/airflow/.local/lib/python3.10/site-packages/airflow/example_dags/example_complex.py for tasks to queue
[2025-06-02T22:05:36.022+0000] {logging_mixin.py:154} INFO - [2025-06-02T22:05:36.022+0000] {dagbag.py:536} INFO - Filling up the DagBag from /home/airflow/.local/lib/python3.10/site-packages/airflow/example_dags/example_complex.py
[2025-06-02T22:05:36.039+0000] {processor.py:839} INFO - DAG(s) dict_keys(['example_complex']) retrieved from /home/airflow/.local/lib/python3.10/site-packages/airflow/example_dags/example_complex.py
[2025-06-02T22:05:36.084+0000] {logging_mixin.py:154} INFO - [2025-06-02T22:05:36.084+0000] {dag.py:2941} INFO - Sync 1 DAGs
[2025-06-02T22:05:36.102+0000] {logging_mixin.py:154} INFO - [2025-06-02T22:05:36.102+0000] {dag.py:3722} INFO - Setting next_dagrun for example_complex to None, run_after=None
[2025-06-02T22:05:36.130+0000] {processor.py:179} INFO - Processing /home/airflow/.local/lib/python3.10/site-packages/airflow/example_dags/example_complex.py took 0.117 seconds
[2025-06-02T22:06:06.158+0000] {processor.py:157} INFO - Started process (PID=698) to work on /home/airflow/.local/lib/python3.10/site-packages/airflow/example_dags/example_complex.py
[2025-06-02T22:06:06.160+0000] {processor.py:829} INFO - Processing file /home/airflow/.local/lib/python3.10/site-packages/airflow/example_dags/example_complex.py for tasks to queue
[2025-06-02T22:06:06.162+0000] {logging_mixin.py:154} INFO - [2025-06-02T22:06:06.162+0000] {dagbag.py:536} INFO - Filling up the DagBag from /home/airflow/.local/lib/python3.10/site-packages/airflow/example_dags/example_complex.py
[2025-06-02T22:06:06.174+0000] {processor.py:839} INFO - DAG(s) dict_keys(['example_complex']) retrieved from /home/airflow/.local/lib/python3.10/site-packages/airflow/example_dags/example_complex.py
[2025-06-02T22:06:06.207+0000] {logging_mixin.py:154} INFO - [2025-06-02T22:06:06.207+0000] {dag.py:2941} INFO - Sync 1 DAGs
[2025-06-02T22:06:06.220+0000] {logging_mixin.py:154} INFO - [2025-06-02T22:06:06.220+0000] {dag.py:3722} INFO - Setting next_dagrun for example_complex to None, run_after=None
[2025-06-02T22:06:06.250+0000] {processor.py:179} INFO - Processing /home/airflow/.local/lib/python3.10/site-packages/airflow/example_dags/example_complex.py took 0.096 seconds
[2025-06-02T22:06:36.944+0000] {processor.py:157} INFO - Started process (PID=752) to work on /home/airflow/.local/lib/python3.10/site-packages/airflow/example_dags/example_complex.py
[2025-06-02T22:06:36.945+0000] {processor.py:829} INFO - Processing file /home/airflow/.local/lib/python3.10/site-packages/airflow/example_dags/example_complex.py for tasks to queue
[2025-06-02T22:06:36.948+0000] {logging_mixin.py:154} INFO - [2025-06-02T22:06:36.947+0000] {dagbag.py:536} INFO - Filling up the DagBag from /home/airflow/.local/lib/python3.10/site-packages/airflow/example_dags/example_complex.py
[2025-06-02T22:06:36.964+0000] {processor.py:839} INFO - DAG(s) dict_keys(['example_complex']) retrieved from /home/airflow/.local/lib/python3.10/site-packages/airflow/example_dags/example_complex.py
[2025-06-02T22:06:37.009+0000] {logging_mixin.py:154} INFO - [2025-06-02T22:06:37.009+0000] {dag.py:2941} INFO - Sync 1 DAGs
[2025-06-02T22:06:37.030+0000] {logging_mixin.py:154} INFO - [2025-06-02T22:06:37.030+0000] {dag.py:3722} INFO - Setting next_dagrun for example_complex to None, run_after=None
[2025-06-02T22:06:37.056+0000] {processor.py:179} INFO - Processing /home/airflow/.local/lib/python3.10/site-packages/airflow/example_dags/example_complex.py took 0.117 seconds
[2025-06-02T22:07:07.422+0000] {processor.py:157} INFO - Started process (PID=807) to work on /home/airflow/.local/lib/python3.10/site-packages/airflow/example_dags/example_complex.py
[2025-06-02T22:07:07.424+0000] {processor.py:829} INFO - Processing file /home/airflow/.local/lib/python3.10/site-packages/airflow/example_dags/example_complex.py for tasks to queue
[2025-06-02T22:07:07.427+0000] {logging_mixin.py:154} INFO - [2025-06-02T22:07:07.426+0000] {dagbag.py:536} INFO - Filling up the DagBag from /home/airflow/.local/lib/python3.10/site-packages/airflow/example_dags/example_complex.py
[2025-06-02T22:07:07.443+0000] {processor.py:839} INFO - DAG(s) dict_keys(['example_complex']) retrieved from /home/airflow/.local/lib/python3.10/site-packages/airflow/example_dags/example_complex.py
[2025-06-02T22:07:07.494+0000] {logging_mixin.py:154} INFO - [2025-06-02T22:07:07.494+0000] {dag.py:2941} INFO - Sync 1 DAGs
[2025-06-02T22:07:07.512+0000] {logging_mixin.py:154} INFO - [2025-06-02T22:07:07.512+0000] {dag.py:3722} INFO - Setting next_dagrun for example_complex to None, run_after=None
[2025-06-02T22:07:07.541+0000] {processor.py:179} INFO - Processing /home/airflow/.local/lib/python3.10/site-packages/airflow/example_dags/example_complex.py took 0.124 seconds
[2025-06-02T22:07:37.674+0000] {processor.py:157} INFO - Started process (PID=861) to work on /home/airflow/.local/lib/python3.10/site-packages/airflow/example_dags/example_complex.py
[2025-06-02T22:07:37.676+0000] {processor.py:829} INFO - Processing file /home/airflow/.local/lib/python3.10/site-packages/airflow/example_dags/example_complex.py for tasks to queue
[2025-06-02T22:07:37.679+0000] {logging_mixin.py:154} INFO - [2025-06-02T22:07:37.678+0000] {dagbag.py:536} INFO - Filling up the DagBag from /home/airflow/.local/lib/python3.10/site-packages/airflow/example_dags/example_complex.py
[2025-06-02T22:07:37.695+0000] {processor.py:839} INFO - DAG(s) dict_keys(['example_complex']) retrieved from /home/airflow/.local/lib/python3.10/site-packages/airflow/example_dags/example_complex.py
[2025-06-02T22:07:37.741+0000] {logging_mixin.py:154} INFO - [2025-06-02T22:07:37.741+0000] {dag.py:2941} INFO - Sync 1 DAGs
[2025-06-02T22:07:37.760+0000] {logging_mixin.py:154} INFO - [2025-06-02T22:07:37.760+0000] {dag.py:3722} INFO - Setting next_dagrun for example_complex to None, run_after=None
[2025-06-02T22:07:37.787+0000] {processor.py:179} INFO - Processing /home/airflow/.local/lib/python3.10/site-packages/airflow/example_dags/example_complex.py took 0.118 seconds
[2025-06-02T22:08:08.323+0000] {processor.py:157} INFO - Started process (PID=915) to work on /home/airflow/.local/lib/python3.10/site-packages/airflow/example_dags/example_complex.py
[2025-06-02T22:08:08.324+0000] {processor.py:829} INFO - Processing file /home/airflow/.local/lib/python3.10/site-packages/airflow/example_dags/example_complex.py for tasks to queue
[2025-06-02T22:08:08.327+0000] {logging_mixin.py:154} INFO - [2025-06-02T22:08:08.327+0000] {dagbag.py:536} INFO - Filling up the DagBag from /home/airflow/.local/lib/python3.10/site-packages/airflow/example_dags/example_complex.py
[2025-06-02T22:08:08.344+0000] {processor.py:839} INFO - DAG(s) dict_keys(['example_complex']) retrieved from /home/airflow/.local/lib/python3.10/site-packages/airflow/example_dags/example_complex.py
[2025-06-02T22:08:08.390+0000] {logging_mixin.py:154} INFO - [2025-06-02T22:08:08.389+0000] {dag.py:2941} INFO - Sync 1 DAGs
[2025-06-02T22:08:08.407+0000] {logging_mixin.py:154} INFO - [2025-06-02T22:08:08.407+0000] {dag.py:3722} INFO - Setting next_dagrun for example_complex to None, run_after=None
[2025-06-02T22:08:08.429+0000] {processor.py:179} INFO - Processing /home/airflow/.local/lib/python3.10/site-packages/airflow/example_dags/example_complex.py took 0.111 seconds
[2025-06-02T22:08:38.954+0000] {processor.py:157} INFO - Started process (PID=969) to work on /home/airflow/.local/lib/python3.10/site-packages/airflow/example_dags/example_complex.py
[2025-06-02T22:08:38.958+0000] {processor.py:829} INFO - Processing file /home/airflow/.local/lib/python3.10/site-packages/airflow/example_dags/example_complex.py for tasks to queue
[2025-06-02T22:08:38.963+0000] {logging_mixin.py:154} INFO - [2025-06-02T22:08:38.962+0000] {dagbag.py:536} INFO - Filling up the DagBag from /home/airflow/.local/lib/python3.10/site-packages/airflow/example_dags/example_complex.py
[2025-06-02T22:08:38.997+0000] {processor.py:839} INFO - DAG(s) dict_keys(['example_complex']) retrieved from /home/airflow/.local/lib/python3.10/site-packages/airflow/example_dags/example_complex.py
[2025-06-02T22:08:39.152+0000] {logging_mixin.py:154} INFO - [2025-06-02T22:08:39.152+0000] {dag.py:2941} INFO - Sync 1 DAGs
[2025-06-02T22:08:39.268+0000] {logging_mixin.py:154} INFO - [2025-06-02T22:08:39.268+0000] {dag.py:3722} INFO - Setting next_dagrun for example_complex to None, run_after=None
[2025-06-02T22:08:39.330+0000] {processor.py:179} INFO - Processing /home/airflow/.local/lib/python3.10/site-packages/airflow/example_dags/example_complex.py took 0.390 seconds
[2025-06-02T22:09:09.632+0000] {processor.py:157} INFO - Started process (PID=1030) to work on /home/airflow/.local/lib/python3.10/site-packages/airflow/example_dags/example_complex.py
[2025-06-02T22:09:09.642+0000] {processor.py:829} INFO - Processing file /home/airflow/.local/lib/python3.10/site-packages/airflow/example_dags/example_complex.py for tasks to queue
[2025-06-02T22:09:09.658+0000] {logging_mixin.py:154} INFO - [2025-06-02T22:09:09.658+0000] {dagbag.py:536} INFO - Filling up the DagBag from /home/airflow/.local/lib/python3.10/site-packages/airflow/example_dags/example_complex.py
[2025-06-02T22:09:09.761+0000] {processor.py:839} INFO - DAG(s) dict_keys(['example_complex']) retrieved from /home/airflow/.local/lib/python3.10/site-packages/airflow/example_dags/example_complex.py
[2025-06-02T22:09:09.954+0000] {logging_mixin.py:154} INFO - [2025-06-02T22:09:09.954+0000] {dag.py:2941} INFO - Sync 1 DAGs
[2025-06-02T22:09:10.020+0000] {logging_mixin.py:154} INFO - [2025-06-02T22:09:10.020+0000] {dag.py:3722} INFO - Setting next_dagrun for example_complex to None, run_after=None
[2025-06-02T22:09:10.060+0000] {processor.py:179} INFO - Processing /home/airflow/.local/lib/python3.10/site-packages/airflow/example_dags/example_complex.py took 0.445 seconds
[2025-06-02T22:09:40.141+0000] {processor.py:157} INFO - Started process (PID=1082) to work on /home/airflow/.local/lib/python3.10/site-packages/airflow/example_dags/example_complex.py
[2025-06-02T22:09:40.142+0000] {processor.py:829} INFO - Processing file /home/airflow/.local/lib/python3.10/site-packages/airflow/example_dags/example_complex.py for tasks to queue
[2025-06-02T22:09:40.144+0000] {logging_mixin.py:154} INFO - [2025-06-02T22:09:40.144+0000] {dagbag.py:536} INFO - Filling up the DagBag from /home/airflow/.local/lib/python3.10/site-packages/airflow/example_dags/example_complex.py
[2025-06-02T22:09:40.156+0000] {processor.py:839} INFO - DAG(s) dict_keys(['example_complex']) retrieved from /home/airflow/.local/lib/python3.10/site-packages/airflow/example_dags/example_complex.py
[2025-06-02T22:09:40.189+0000] {logging_mixin.py:154} INFO - [2025-06-02T22:09:40.189+0000] {dag.py:2941} INFO - Sync 1 DAGs
[2025-06-02T22:09:40.349+0000] {logging_mixin.py:154} INFO - [2025-06-02T22:09:40.349+0000] {dag.py:3722} INFO - Setting next_dagrun for example_complex to None, run_after=None
[2025-06-02T22:09:40.366+0000] {processor.py:179} INFO - Processing /home/airflow/.local/lib/python3.10/site-packages/airflow/example_dags/example_complex.py took 0.229 seconds
[2025-06-02T22:10:10.948+0000] {processor.py:157} INFO - Started process (PID=1136) to work on /home/airflow/.local/lib/python3.10/site-packages/airflow/example_dags/example_complex.py
[2025-06-02T22:10:10.949+0000] {processor.py:829} INFO - Processing file /home/airflow/.local/lib/python3.10/site-packages/airflow/example_dags/example_complex.py for tasks to queue
[2025-06-02T22:10:10.952+0000] {logging_mixin.py:154} INFO - [2025-06-02T22:10:10.952+0000] {dagbag.py:536} INFO - Filling up the DagBag from /home/airflow/.local/lib/python3.10/site-packages/airflow/example_dags/example_complex.py
[2025-06-02T22:10:10.967+0000] {processor.py:839} INFO - DAG(s) dict_keys(['example_complex']) retrieved from /home/airflow/.local/lib/python3.10/site-packages/airflow/example_dags/example_complex.py
[2025-06-02T22:10:11.050+0000] {logging_mixin.py:154} INFO - [2025-06-02T22:10:11.050+0000] {dag.py:2941} INFO - Sync 1 DAGs
[2025-06-02T22:10:11.067+0000] {logging_mixin.py:154} INFO - [2025-06-02T22:10:11.067+0000] {dag.py:3722} INFO - Setting next_dagrun for example_complex to None, run_after=None
[2025-06-02T22:10:11.276+0000] {processor.py:179} INFO - Processing /home/airflow/.local/lib/python3.10/site-packages/airflow/example_dags/example_complex.py took 0.334 seconds
[2025-06-02T22:10:41.357+0000] {processor.py:157} INFO - Started process (PID=1190) to work on /home/airflow/.local/lib/python3.10/site-packages/airflow/example_dags/example_complex.py
[2025-06-02T22:10:41.358+0000] {processor.py:829} INFO - Processing file /home/airflow/.local/lib/python3.10/site-packages/airflow/example_dags/example_complex.py for tasks to queue
[2025-06-02T22:10:41.361+0000] {logging_mixin.py:154} INFO - [2025-06-02T22:10:41.361+0000] {dagbag.py:536} INFO - Filling up the DagBag from /home/airflow/.local/lib/python3.10/site-packages/airflow/example_dags/example_complex.py
[2025-06-02T22:10:41.378+0000] {processor.py:839} INFO - DAG(s) dict_keys(['example_complex']) retrieved from /home/airflow/.local/lib/python3.10/site-packages/airflow/example_dags/example_complex.py
[2025-06-02T22:10:41.445+0000] {logging_mixin.py:154} INFO - [2025-06-02T22:10:41.445+0000] {dag.py:2941} INFO - Sync 1 DAGs
[2025-06-02T22:10:41.463+0000] {logging_mixin.py:154} INFO - [2025-06-02T22:10:41.463+0000] {dag.py:3722} INFO - Setting next_dagrun for example_complex to None, run_after=None
[2025-06-02T22:10:41.485+0000] {processor.py:179} INFO - Processing /home/airflow/.local/lib/python3.10/site-packages/airflow/example_dags/example_complex.py took 0.133 seconds
[2025-06-02T23:03:28.036+0000] {processor.py:157} INFO - Started process (PID=51) to work on /home/airflow/.local/lib/python3.10/site-packages/airflow/example_dags/example_complex.py
[2025-06-02T23:03:28.040+0000] {processor.py:829} INFO - Processing file /home/airflow/.local/lib/python3.10/site-packages/airflow/example_dags/example_complex.py for tasks to queue
[2025-06-02T23:03:28.050+0000] {logging_mixin.py:154} INFO - [2025-06-02T23:03:28.043+0000] {dagbag.py:536} INFO - Filling up the DagBag from /home/airflow/.local/lib/python3.10/site-packages/airflow/example_dags/example_complex.py
[2025-06-02T23:03:28.084+0000] {processor.py:839} INFO - DAG(s) dict_keys(['example_complex']) retrieved from /home/airflow/.local/lib/python3.10/site-packages/airflow/example_dags/example_complex.py
[2025-06-02T23:03:28.218+0000] {logging_mixin.py:154} INFO - [2025-06-02T23:03:28.218+0000] {dag.py:2941} INFO - Sync 1 DAGs
[2025-06-02T23:03:28.262+0000] {logging_mixin.py:154} INFO - [2025-06-02T23:03:28.262+0000] {dag.py:3722} INFO - Setting next_dagrun for example_complex to None, run_after=None
[2025-06-02T23:03:28.870+0000] {processor.py:179} INFO - Processing /home/airflow/.local/lib/python3.10/site-packages/airflow/example_dags/example_complex.py took 0.848 seconds
[2025-06-02T23:03:58.069+0000] {processor.py:157} INFO - Started process (PID=43) to work on /home/airflow/.local/lib/python3.10/site-packages/airflow/example_dags/example_complex.py
[2025-06-02T23:03:58.071+0000] {processor.py:829} INFO - Processing file /home/airflow/.local/lib/python3.10/site-packages/airflow/example_dags/example_complex.py for tasks to queue
[2025-06-02T23:03:58.074+0000] {logging_mixin.py:154} INFO - [2025-06-02T23:03:58.074+0000] {dagbag.py:536} INFO - Filling up the DagBag from /home/airflow/.local/lib/python3.10/site-packages/airflow/example_dags/example_complex.py
[2025-06-02T23:03:58.094+0000] {processor.py:839} INFO - DAG(s) dict_keys(['example_complex']) retrieved from /home/airflow/.local/lib/python3.10/site-packages/airflow/example_dags/example_complex.py
[2025-06-02T23:03:58.157+0000] {logging_mixin.py:154} INFO - [2025-06-02T23:03:58.157+0000] {dag.py:2941} INFO - Sync 1 DAGs
[2025-06-02T23:03:58.175+0000] {logging_mixin.py:154} INFO - [2025-06-02T23:03:58.175+0000] {dag.py:3722} INFO - Setting next_dagrun for example_complex to None, run_after=None
[2025-06-02T23:03:58.204+0000] {processor.py:179} INFO - Processing /home/airflow/.local/lib/python3.10/site-packages/airflow/example_dags/example_complex.py took 0.140 seconds
[2025-06-02T23:04:29.071+0000] {processor.py:157} INFO - Started process (PID=99) to work on /home/airflow/.local/lib/python3.10/site-packages/airflow/example_dags/example_complex.py
[2025-06-02T23:04:29.074+0000] {processor.py:829} INFO - Processing file /home/airflow/.local/lib/python3.10/site-packages/airflow/example_dags/example_complex.py for tasks to queue
[2025-06-02T23:04:29.077+0000] {logging_mixin.py:154} INFO - [2025-06-02T23:04:29.076+0000] {dagbag.py:536} INFO - Filling up the DagBag from /home/airflow/.local/lib/python3.10/site-packages/airflow/example_dags/example_complex.py
[2025-06-02T23:04:29.096+0000] {processor.py:839} INFO - DAG(s) dict_keys(['example_complex']) retrieved from /home/airflow/.local/lib/python3.10/site-packages/airflow/example_dags/example_complex.py
[2025-06-02T23:04:29.144+0000] {logging_mixin.py:154} INFO - [2025-06-02T23:04:29.144+0000] {dag.py:2941} INFO - Sync 1 DAGs
[2025-06-02T23:04:29.161+0000] {logging_mixin.py:154} INFO - [2025-06-02T23:04:29.161+0000] {dag.py:3722} INFO - Setting next_dagrun for example_complex to None, run_after=None
[2025-06-02T23:04:29.191+0000] {processor.py:179} INFO - Processing /home/airflow/.local/lib/python3.10/site-packages/airflow/example_dags/example_complex.py took 0.125 seconds
[2025-06-02T23:04:59.323+0000] {processor.py:157} INFO - Started process (PID=155) to work on /home/airflow/.local/lib/python3.10/site-packages/airflow/example_dags/example_complex.py
[2025-06-02T23:04:59.324+0000] {processor.py:829} INFO - Processing file /home/airflow/.local/lib/python3.10/site-packages/airflow/example_dags/example_complex.py for tasks to queue
[2025-06-02T23:04:59.327+0000] {logging_mixin.py:154} INFO - [2025-06-02T23:04:59.327+0000] {dagbag.py:536} INFO - Filling up the DagBag from /home/airflow/.local/lib/python3.10/site-packages/airflow/example_dags/example_complex.py
[2025-06-02T23:04:59.345+0000] {processor.py:839} INFO - DAG(s) dict_keys(['example_complex']) retrieved from /home/airflow/.local/lib/python3.10/site-packages/airflow/example_dags/example_complex.py
[2025-06-02T23:04:59.388+0000] {logging_mixin.py:154} INFO - [2025-06-02T23:04:59.387+0000] {dag.py:2941} INFO - Sync 1 DAGs
[2025-06-02T23:04:59.405+0000] {logging_mixin.py:154} INFO - [2025-06-02T23:04:59.404+0000] {dag.py:3722} INFO - Setting next_dagrun for example_complex to None, run_after=None
[2025-06-02T23:04:59.428+0000] {processor.py:179} INFO - Processing /home/airflow/.local/lib/python3.10/site-packages/airflow/example_dags/example_complex.py took 0.110 seconds
[2025-06-02T23:05:31.454+0000] {processor.py:157} INFO - Started process (PID=211) to work on /home/airflow/.local/lib/python3.10/site-packages/airflow/example_dags/example_complex.py
[2025-06-02T23:05:31.456+0000] {processor.py:829} INFO - Processing file /home/airflow/.local/lib/python3.10/site-packages/airflow/example_dags/example_complex.py for tasks to queue
[2025-06-02T23:05:31.459+0000] {logging_mixin.py:154} INFO - [2025-06-02T23:05:31.459+0000] {dagbag.py:536} INFO - Filling up the DagBag from /home/airflow/.local/lib/python3.10/site-packages/airflow/example_dags/example_complex.py
[2025-06-02T23:05:31.476+0000] {processor.py:839} INFO - DAG(s) dict_keys(['example_complex']) retrieved from /home/airflow/.local/lib/python3.10/site-packages/airflow/example_dags/example_complex.py
[2025-06-02T23:05:31.520+0000] {logging_mixin.py:154} INFO - [2025-06-02T23:05:31.519+0000] {dag.py:2941} INFO - Sync 1 DAGs
[2025-06-02T23:05:31.537+0000] {logging_mixin.py:154} INFO - [2025-06-02T23:05:31.537+0000] {dag.py:3722} INFO - Setting next_dagrun for example_complex to None, run_after=None
[2025-06-02T23:05:31.562+0000] {processor.py:179} INFO - Processing /home/airflow/.local/lib/python3.10/site-packages/airflow/example_dags/example_complex.py took 0.112 seconds
[2025-06-02T23:06:05.173+0000] {processor.py:157} INFO - Started process (PID=267) to work on /home/airflow/.local/lib/python3.10/site-packages/airflow/example_dags/example_complex.py
[2025-06-02T23:06:05.179+0000] {processor.py:829} INFO - Processing file /home/airflow/.local/lib/python3.10/site-packages/airflow/example_dags/example_complex.py for tasks to queue
[2025-06-02T23:06:05.182+0000] {logging_mixin.py:154} INFO - [2025-06-02T23:06:05.182+0000] {dagbag.py:536} INFO - Filling up the DagBag from /home/airflow/.local/lib/python3.10/site-packages/airflow/example_dags/example_complex.py
[2025-06-02T23:06:05.212+0000] {processor.py:839} INFO - DAG(s) dict_keys(['example_complex']) retrieved from /home/airflow/.local/lib/python3.10/site-packages/airflow/example_dags/example_complex.py
[2025-06-02T23:06:05.278+0000] {logging_mixin.py:154} INFO - [2025-06-02T23:06:05.278+0000] {dag.py:2941} INFO - Sync 1 DAGs
[2025-06-02T23:06:05.309+0000] {logging_mixin.py:154} INFO - [2025-06-02T23:06:05.309+0000] {dag.py:3722} INFO - Setting next_dagrun for example_complex to None, run_after=None
[2025-06-02T23:06:05.350+0000] {processor.py:179} INFO - Processing /home/airflow/.local/lib/python3.10/site-packages/airflow/example_dags/example_complex.py took 0.191 seconds
[2025-06-02T23:06:36.436+0000] {processor.py:157} INFO - Started process (PID=323) to work on /home/airflow/.local/lib/python3.10/site-packages/airflow/example_dags/example_complex.py
[2025-06-02T23:06:36.437+0000] {processor.py:829} INFO - Processing file /home/airflow/.local/lib/python3.10/site-packages/airflow/example_dags/example_complex.py for tasks to queue
[2025-06-02T23:06:36.440+0000] {logging_mixin.py:154} INFO - [2025-06-02T23:06:36.440+0000] {dagbag.py:536} INFO - Filling up the DagBag from /home/airflow/.local/lib/python3.10/site-packages/airflow/example_dags/example_complex.py
[2025-06-02T23:06:36.457+0000] {processor.py:839} INFO - DAG(s) dict_keys(['example_complex']) retrieved from /home/airflow/.local/lib/python3.10/site-packages/airflow/example_dags/example_complex.py
[2025-06-02T23:06:36.542+0000] {logging_mixin.py:154} INFO - [2025-06-02T23:06:36.542+0000] {dag.py:2941} INFO - Sync 1 DAGs
[2025-06-02T23:06:36.629+0000] {logging_mixin.py:154} INFO - [2025-06-02T23:06:36.625+0000] {dag.py:3722} INFO - Setting next_dagrun for example_complex to None, run_after=None
[2025-06-02T23:06:36.690+0000] {processor.py:179} INFO - Processing /home/airflow/.local/lib/python3.10/site-packages/airflow/example_dags/example_complex.py took 0.260 seconds
[2025-06-02T23:07:07.188+0000] {processor.py:157} INFO - Started process (PID=379) to work on /home/airflow/.local/lib/python3.10/site-packages/airflow/example_dags/example_complex.py
[2025-06-02T23:07:07.190+0000] {processor.py:829} INFO - Processing file /home/airflow/.local/lib/python3.10/site-packages/airflow/example_dags/example_complex.py for tasks to queue
[2025-06-02T23:07:07.193+0000] {logging_mixin.py:154} INFO - [2025-06-02T23:07:07.193+0000] {dagbag.py:536} INFO - Filling up the DagBag from /home/airflow/.local/lib/python3.10/site-packages/airflow/example_dags/example_complex.py
[2025-06-02T23:07:07.209+0000] {processor.py:839} INFO - DAG(s) dict_keys(['example_complex']) retrieved from /home/airflow/.local/lib/python3.10/site-packages/airflow/example_dags/example_complex.py
[2025-06-02T23:07:07.252+0000] {logging_mixin.py:154} INFO - [2025-06-02T23:07:07.252+0000] {dag.py:2941} INFO - Sync 1 DAGs
[2025-06-02T23:07:07.269+0000] {logging_mixin.py:154} INFO - [2025-06-02T23:07:07.269+0000] {dag.py:3722} INFO - Setting next_dagrun for example_complex to None, run_after=None
[2025-06-02T23:07:07.295+0000] {processor.py:179} INFO - Processing /home/airflow/.local/lib/python3.10/site-packages/airflow/example_dags/example_complex.py took 0.112 seconds
