[2025-06-02T22:00:04.208+0000] {processor.py:157} INFO - Started process (PID=61) to work on /home/airflow/.local/lib/python3.10/site-packages/airflow/example_dags/example_branch_day_of_week_operator.py
[2025-06-02T22:00:04.210+0000] {processor.py:829} INFO - Processing file /home/airflow/.local/lib/python3.10/site-packages/airflow/example_dags/example_branch_day_of_week_operator.py for tasks to queue
[2025-06-02T22:00:04.213+0000] {logging_mixin.py:154} INFO - [2025-06-02T22:00:04.213+0000] {dagbag.py:536} INFO - Filling up the DagBag from /home/airflow/.local/lib/python3.10/site-packages/airflow/example_dags/example_branch_day_of_week_operator.py
[2025-06-02T22:00:04.241+0000] {processor.py:839} INFO - DAG(s) dict_keys(['example_weekday_branch_operator']) retrieved from /home/airflow/.local/lib/python3.10/site-packages/airflow/example_dags/example_branch_day_of_week_operator.py
[2025-06-02T22:00:04.475+0000] {logging_mixin.py:154} INFO - [2025-06-02T22:00:04.475+0000] {manager.py:499} INFO - Created Permission View: %s
[2025-06-02T22:00:04.496+0000] {logging_mixin.py:154} INFO - [2025-06-02T22:00:04.496+0000] {manager.py:499} INFO - Created Permission View: %s
[2025-06-02T22:00:04.521+0000] {logging_mixin.py:154} INFO - [2025-06-02T22:00:04.520+0000] {manager.py:499} INFO - Created Permission View: %s
[2025-06-02T22:00:04.521+0000] {logging_mixin.py:154} INFO - [2025-06-02T22:00:04.521+0000] {dag.py:2941} INFO - Sync 1 DAGs
[2025-06-02T22:00:04.568+0000] {logging_mixin.py:154} INFO - [2025-06-02T22:00:04.568+0000] {dag.py:2963} INFO - Creating ORM DAG for example_weekday_branch_operator
[2025-06-02T22:00:04.613+0000] {logging_mixin.py:154} INFO - [2025-06-02T22:00:04.613+0000] {dag.py:3722} INFO - Setting next_dagrun for example_weekday_branch_operator to 2025-06-01T00:00:00+00:00, run_after=2025-06-02T00:00:00+00:00
[2025-06-02T22:00:04.715+0000] {processor.py:179} INFO - Processing /home/airflow/.local/lib/python3.10/site-packages/airflow/example_dags/example_branch_day_of_week_operator.py took 0.517 seconds
[2025-06-02T22:00:34.787+0000] {processor.py:157} INFO - Started process (PID=115) to work on /home/airflow/.local/lib/python3.10/site-packages/airflow/example_dags/example_branch_day_of_week_operator.py
[2025-06-02T22:00:34.788+0000] {processor.py:829} INFO - Processing file /home/airflow/.local/lib/python3.10/site-packages/airflow/example_dags/example_branch_day_of_week_operator.py for tasks to queue
[2025-06-02T22:00:34.791+0000] {logging_mixin.py:154} INFO - [2025-06-02T22:00:34.790+0000] {dagbag.py:536} INFO - Filling up the DagBag from /home/airflow/.local/lib/python3.10/site-packages/airflow/example_dags/example_branch_day_of_week_operator.py
[2025-06-02T22:00:34.799+0000] {processor.py:839} INFO - DAG(s) dict_keys(['example_weekday_branch_operator']) retrieved from /home/airflow/.local/lib/python3.10/site-packages/airflow/example_dags/example_branch_day_of_week_operator.py
[2025-06-02T22:00:34.820+0000] {logging_mixin.py:154} INFO - [2025-06-02T22:00:34.820+0000] {dag.py:2941} INFO - Sync 1 DAGs
[2025-06-02T22:00:34.843+0000] {logging_mixin.py:154} INFO - [2025-06-02T22:00:34.843+0000] {dag.py:3722} INFO - Setting next_dagrun for example_weekday_branch_operator to 2025-06-01T00:00:00+00:00, run_after=2025-06-02T00:00:00+00:00
[2025-06-02T22:00:34.874+0000] {processor.py:179} INFO - Processing /home/airflow/.local/lib/python3.10/site-packages/airflow/example_dags/example_branch_day_of_week_operator.py took 0.090 seconds
[2025-06-02T22:01:05.010+0000] {processor.py:157} INFO - Started process (PID=169) to work on /home/airflow/.local/lib/python3.10/site-packages/airflow/example_dags/example_branch_day_of_week_operator.py
[2025-06-02T22:01:05.012+0000] {processor.py:829} INFO - Processing file /home/airflow/.local/lib/python3.10/site-packages/airflow/example_dags/example_branch_day_of_week_operator.py for tasks to queue
[2025-06-02T22:01:05.016+0000] {logging_mixin.py:154} INFO - [2025-06-02T22:01:05.015+0000] {dagbag.py:536} INFO - Filling up the DagBag from /home/airflow/.local/lib/python3.10/site-packages/airflow/example_dags/example_branch_day_of_week_operator.py
[2025-06-02T22:01:05.027+0000] {processor.py:839} INFO - DAG(s) dict_keys(['example_weekday_branch_operator']) retrieved from /home/airflow/.local/lib/python3.10/site-packages/airflow/example_dags/example_branch_day_of_week_operator.py
[2025-06-02T22:01:05.055+0000] {logging_mixin.py:154} INFO - [2025-06-02T22:01:05.055+0000] {dag.py:2941} INFO - Sync 1 DAGs
[2025-06-02T22:01:05.082+0000] {logging_mixin.py:154} INFO - [2025-06-02T22:01:05.082+0000] {dag.py:3722} INFO - Setting next_dagrun for example_weekday_branch_operator to 2025-06-01T00:00:00+00:00, run_after=2025-06-02T00:00:00+00:00
[2025-06-02T22:01:05.115+0000] {processor.py:179} INFO - Processing /home/airflow/.local/lib/python3.10/site-packages/airflow/example_dags/example_branch_day_of_week_operator.py took 0.110 seconds
[2025-06-02T22:01:35.643+0000] {processor.py:157} INFO - Started process (PID=223) to work on /home/airflow/.local/lib/python3.10/site-packages/airflow/example_dags/example_branch_day_of_week_operator.py
[2025-06-02T22:01:35.644+0000] {processor.py:829} INFO - Processing file /home/airflow/.local/lib/python3.10/site-packages/airflow/example_dags/example_branch_day_of_week_operator.py for tasks to queue
[2025-06-02T22:01:35.648+0000] {logging_mixin.py:154} INFO - [2025-06-02T22:01:35.647+0000] {dagbag.py:536} INFO - Filling up the DagBag from /home/airflow/.local/lib/python3.10/site-packages/airflow/example_dags/example_branch_day_of_week_operator.py
[2025-06-02T22:01:35.659+0000] {processor.py:839} INFO - DAG(s) dict_keys(['example_weekday_branch_operator']) retrieved from /home/airflow/.local/lib/python3.10/site-packages/airflow/example_dags/example_branch_day_of_week_operator.py
[2025-06-02T22:01:35.689+0000] {logging_mixin.py:154} INFO - [2025-06-02T22:01:35.688+0000] {dag.py:2941} INFO - Sync 1 DAGs
[2025-06-02T22:01:35.718+0000] {logging_mixin.py:154} INFO - [2025-06-02T22:01:35.718+0000] {dag.py:3722} INFO - Setting next_dagrun for example_weekday_branch_operator to 2025-06-01T00:00:00+00:00, run_after=2025-06-02T00:00:00+00:00
[2025-06-02T22:01:35.735+0000] {processor.py:179} INFO - Processing /home/airflow/.local/lib/python3.10/site-packages/airflow/example_dags/example_branch_day_of_week_operator.py took 0.097 seconds
[2025-06-02T22:02:06.360+0000] {processor.py:157} INFO - Started process (PID=278) to work on /home/airflow/.local/lib/python3.10/site-packages/airflow/example_dags/example_branch_day_of_week_operator.py
[2025-06-02T22:02:06.361+0000] {processor.py:829} INFO - Processing file /home/airflow/.local/lib/python3.10/site-packages/airflow/example_dags/example_branch_day_of_week_operator.py for tasks to queue
[2025-06-02T22:02:06.365+0000] {logging_mixin.py:154} INFO - [2025-06-02T22:02:06.364+0000] {dagbag.py:536} INFO - Filling up the DagBag from /home/airflow/.local/lib/python3.10/site-packages/airflow/example_dags/example_branch_day_of_week_operator.py
[2025-06-02T22:02:06.376+0000] {processor.py:839} INFO - DAG(s) dict_keys(['example_weekday_branch_operator']) retrieved from /home/airflow/.local/lib/python3.10/site-packages/airflow/example_dags/example_branch_day_of_week_operator.py
[2025-06-02T22:02:06.405+0000] {logging_mixin.py:154} INFO - [2025-06-02T22:02:06.405+0000] {dag.py:2941} INFO - Sync 1 DAGs
[2025-06-02T22:02:06.436+0000] {logging_mixin.py:154} INFO - [2025-06-02T22:02:06.436+0000] {dag.py:3722} INFO - Setting next_dagrun for example_weekday_branch_operator to 2025-06-01T00:00:00+00:00, run_after=2025-06-02T00:00:00+00:00
[2025-06-02T22:02:06.456+0000] {processor.py:179} INFO - Processing /home/airflow/.local/lib/python3.10/site-packages/airflow/example_dags/example_branch_day_of_week_operator.py took 0.102 seconds
[2025-06-02T22:02:37.192+0000] {processor.py:157} INFO - Started process (PID=331) to work on /home/airflow/.local/lib/python3.10/site-packages/airflow/example_dags/example_branch_day_of_week_operator.py
[2025-06-02T22:02:37.193+0000] {processor.py:829} INFO - Processing file /home/airflow/.local/lib/python3.10/site-packages/airflow/example_dags/example_branch_day_of_week_operator.py for tasks to queue
[2025-06-02T22:02:37.197+0000] {logging_mixin.py:154} INFO - [2025-06-02T22:02:37.196+0000] {dagbag.py:536} INFO - Filling up the DagBag from /home/airflow/.local/lib/python3.10/site-packages/airflow/example_dags/example_branch_day_of_week_operator.py
[2025-06-02T22:02:37.208+0000] {processor.py:839} INFO - DAG(s) dict_keys(['example_weekday_branch_operator']) retrieved from /home/airflow/.local/lib/python3.10/site-packages/airflow/example_dags/example_branch_day_of_week_operator.py
[2025-06-02T22:02:37.238+0000] {logging_mixin.py:154} INFO - [2025-06-02T22:02:37.238+0000] {dag.py:2941} INFO - Sync 1 DAGs
[2025-06-02T22:02:37.268+0000] {logging_mixin.py:154} INFO - [2025-06-02T22:02:37.268+0000] {dag.py:3722} INFO - Setting next_dagrun for example_weekday_branch_operator to 2025-06-01T00:00:00+00:00, run_after=2025-06-02T00:00:00+00:00
[2025-06-02T22:02:37.287+0000] {processor.py:179} INFO - Processing /home/airflow/.local/lib/python3.10/site-packages/airflow/example_dags/example_branch_day_of_week_operator.py took 0.101 seconds
[2025-06-02T22:03:07.895+0000] {processor.py:157} INFO - Started process (PID=385) to work on /home/airflow/.local/lib/python3.10/site-packages/airflow/example_dags/example_branch_day_of_week_operator.py
[2025-06-02T22:03:07.896+0000] {processor.py:829} INFO - Processing file /home/airflow/.local/lib/python3.10/site-packages/airflow/example_dags/example_branch_day_of_week_operator.py for tasks to queue
[2025-06-02T22:03:07.899+0000] {logging_mixin.py:154} INFO - [2025-06-02T22:03:07.899+0000] {dagbag.py:536} INFO - Filling up the DagBag from /home/airflow/.local/lib/python3.10/site-packages/airflow/example_dags/example_branch_day_of_week_operator.py
[2025-06-02T22:03:07.910+0000] {processor.py:839} INFO - DAG(s) dict_keys(['example_weekday_branch_operator']) retrieved from /home/airflow/.local/lib/python3.10/site-packages/airflow/example_dags/example_branch_day_of_week_operator.py
[2025-06-02T22:03:07.938+0000] {logging_mixin.py:154} INFO - [2025-06-02T22:03:07.938+0000] {dag.py:2941} INFO - Sync 1 DAGs
[2025-06-02T22:03:07.967+0000] {logging_mixin.py:154} INFO - [2025-06-02T22:03:07.967+0000] {dag.py:3722} INFO - Setting next_dagrun for example_weekday_branch_operator to 2025-06-01T00:00:00+00:00, run_after=2025-06-02T00:00:00+00:00
[2025-06-02T22:03:07.998+0000] {processor.py:179} INFO - Processing /home/airflow/.local/lib/python3.10/site-packages/airflow/example_dags/example_branch_day_of_week_operator.py took 0.108 seconds
[2025-06-02T22:03:38.609+0000] {processor.py:157} INFO - Started process (PID=447) to work on /home/airflow/.local/lib/python3.10/site-packages/airflow/example_dags/example_branch_day_of_week_operator.py
[2025-06-02T22:03:38.611+0000] {processor.py:829} INFO - Processing file /home/airflow/.local/lib/python3.10/site-packages/airflow/example_dags/example_branch_day_of_week_operator.py for tasks to queue
[2025-06-02T22:03:38.614+0000] {logging_mixin.py:154} INFO - [2025-06-02T22:03:38.614+0000] {dagbag.py:536} INFO - Filling up the DagBag from /home/airflow/.local/lib/python3.10/site-packages/airflow/example_dags/example_branch_day_of_week_operator.py
[2025-06-02T22:03:38.626+0000] {processor.py:839} INFO - DAG(s) dict_keys(['example_weekday_branch_operator']) retrieved from /home/airflow/.local/lib/python3.10/site-packages/airflow/example_dags/example_branch_day_of_week_operator.py
[2025-06-02T22:03:38.655+0000] {logging_mixin.py:154} INFO - [2025-06-02T22:03:38.654+0000] {dag.py:2941} INFO - Sync 1 DAGs
[2025-06-02T22:03:38.684+0000] {logging_mixin.py:154} INFO - [2025-06-02T22:03:38.684+0000] {dag.py:3722} INFO - Setting next_dagrun for example_weekday_branch_operator to 2025-06-01T00:00:00+00:00, run_after=2025-06-02T00:00:00+00:00
[2025-06-02T22:03:38.728+0000] {processor.py:179} INFO - Processing /home/airflow/.local/lib/python3.10/site-packages/airflow/example_dags/example_branch_day_of_week_operator.py took 0.123 seconds
[2025-06-02T22:04:09.659+0000] {processor.py:157} INFO - Started process (PID=501) to work on /home/airflow/.local/lib/python3.10/site-packages/airflow/example_dags/example_branch_day_of_week_operator.py
[2025-06-02T22:04:09.666+0000] {processor.py:829} INFO - Processing file /home/airflow/.local/lib/python3.10/site-packages/airflow/example_dags/example_branch_day_of_week_operator.py for tasks to queue
[2025-06-02T22:04:09.682+0000] {logging_mixin.py:154} INFO - [2025-06-02T22:04:09.682+0000] {dagbag.py:536} INFO - Filling up the DagBag from /home/airflow/.local/lib/python3.10/site-packages/airflow/example_dags/example_branch_day_of_week_operator.py
[2025-06-02T22:04:09.711+0000] {processor.py:839} INFO - DAG(s) dict_keys(['example_weekday_branch_operator']) retrieved from /home/airflow/.local/lib/python3.10/site-packages/airflow/example_dags/example_branch_day_of_week_operator.py
[2025-06-02T22:04:09.822+0000] {logging_mixin.py:154} INFO - [2025-06-02T22:04:09.822+0000] {dag.py:2941} INFO - Sync 1 DAGs
[2025-06-02T22:04:09.921+0000] {logging_mixin.py:154} INFO - [2025-06-02T22:04:09.921+0000] {dag.py:3722} INFO - Setting next_dagrun for example_weekday_branch_operator to 2025-06-01T00:00:00+00:00, run_after=2025-06-02T00:00:00+00:00
[2025-06-02T22:04:09.998+0000] {processor.py:179} INFO - Processing /home/airflow/.local/lib/python3.10/site-packages/airflow/example_dags/example_branch_day_of_week_operator.py took 0.363 seconds
[2025-06-02T22:04:40.362+0000] {processor.py:157} INFO - Started process (PID=555) to work on /home/airflow/.local/lib/python3.10/site-packages/airflow/example_dags/example_branch_day_of_week_operator.py
[2025-06-02T22:04:40.363+0000] {processor.py:829} INFO - Processing file /home/airflow/.local/lib/python3.10/site-packages/airflow/example_dags/example_branch_day_of_week_operator.py for tasks to queue
[2025-06-02T22:04:40.366+0000] {logging_mixin.py:154} INFO - [2025-06-02T22:04:40.366+0000] {dagbag.py:536} INFO - Filling up the DagBag from /home/airflow/.local/lib/python3.10/site-packages/airflow/example_dags/example_branch_day_of_week_operator.py
[2025-06-02T22:04:40.378+0000] {processor.py:839} INFO - DAG(s) dict_keys(['example_weekday_branch_operator']) retrieved from /home/airflow/.local/lib/python3.10/site-packages/airflow/example_dags/example_branch_day_of_week_operator.py
[2025-06-02T22:04:40.407+0000] {logging_mixin.py:154} INFO - [2025-06-02T22:04:40.407+0000] {dag.py:2941} INFO - Sync 1 DAGs
[2025-06-02T22:04:40.437+0000] {logging_mixin.py:154} INFO - [2025-06-02T22:04:40.437+0000] {dag.py:3722} INFO - Setting next_dagrun for example_weekday_branch_operator to 2025-06-01T00:00:00+00:00, run_after=2025-06-02T00:00:00+00:00
[2025-06-02T22:04:40.459+0000] {processor.py:179} INFO - Processing /home/airflow/.local/lib/python3.10/site-packages/airflow/example_dags/example_branch_day_of_week_operator.py took 0.102 seconds
[2025-06-02T22:05:10.640+0000] {processor.py:157} INFO - Started process (PID=610) to work on /home/airflow/.local/lib/python3.10/site-packages/airflow/example_dags/example_branch_day_of_week_operator.py
[2025-06-02T22:05:10.642+0000] {processor.py:829} INFO - Processing file /home/airflow/.local/lib/python3.10/site-packages/airflow/example_dags/example_branch_day_of_week_operator.py for tasks to queue
[2025-06-02T22:05:10.645+0000] {logging_mixin.py:154} INFO - [2025-06-02T22:05:10.645+0000] {dagbag.py:536} INFO - Filling up the DagBag from /home/airflow/.local/lib/python3.10/site-packages/airflow/example_dags/example_branch_day_of_week_operator.py
[2025-06-02T22:05:10.657+0000] {processor.py:839} INFO - DAG(s) dict_keys(['example_weekday_branch_operator']) retrieved from /home/airflow/.local/lib/python3.10/site-packages/airflow/example_dags/example_branch_day_of_week_operator.py
[2025-06-02T22:05:10.685+0000] {logging_mixin.py:154} INFO - [2025-06-02T22:05:10.684+0000] {dag.py:2941} INFO - Sync 1 DAGs
[2025-06-02T22:05:10.717+0000] {logging_mixin.py:154} INFO - [2025-06-02T22:05:10.717+0000] {dag.py:3722} INFO - Setting next_dagrun for example_weekday_branch_operator to 2025-06-01T00:00:00+00:00, run_after=2025-06-02T00:00:00+00:00
[2025-06-02T22:05:10.772+0000] {processor.py:179} INFO - Processing /home/airflow/.local/lib/python3.10/site-packages/airflow/example_dags/example_branch_day_of_week_operator.py took 0.137 seconds
[2025-06-02T22:05:40.939+0000] {processor.py:157} INFO - Started process (PID=664) to work on /home/airflow/.local/lib/python3.10/site-packages/airflow/example_dags/example_branch_day_of_week_operator.py
[2025-06-02T22:05:40.940+0000] {processor.py:829} INFO - Processing file /home/airflow/.local/lib/python3.10/site-packages/airflow/example_dags/example_branch_day_of_week_operator.py for tasks to queue
[2025-06-02T22:05:40.944+0000] {logging_mixin.py:154} INFO - [2025-06-02T22:05:40.943+0000] {dagbag.py:536} INFO - Filling up the DagBag from /home/airflow/.local/lib/python3.10/site-packages/airflow/example_dags/example_branch_day_of_week_operator.py
[2025-06-02T22:05:40.955+0000] {processor.py:839} INFO - DAG(s) dict_keys(['example_weekday_branch_operator']) retrieved from /home/airflow/.local/lib/python3.10/site-packages/airflow/example_dags/example_branch_day_of_week_operator.py
[2025-06-02T22:05:40.984+0000] {logging_mixin.py:154} INFO - [2025-06-02T22:05:40.984+0000] {dag.py:2941} INFO - Sync 1 DAGs
[2025-06-02T22:05:41.015+0000] {logging_mixin.py:154} INFO - [2025-06-02T22:05:41.015+0000] {dag.py:3722} INFO - Setting next_dagrun for example_weekday_branch_operator to 2025-06-01T00:00:00+00:00, run_after=2025-06-02T00:00:00+00:00
[2025-06-02T22:05:41.044+0000] {processor.py:179} INFO - Processing /home/airflow/.local/lib/python3.10/site-packages/airflow/example_dags/example_branch_day_of_week_operator.py took 0.110 seconds
[2025-06-02T22:06:11.197+0000] {processor.py:157} INFO - Started process (PID=717) to work on /home/airflow/.local/lib/python3.10/site-packages/airflow/example_dags/example_branch_day_of_week_operator.py
[2025-06-02T22:06:11.198+0000] {processor.py:829} INFO - Processing file /home/airflow/.local/lib/python3.10/site-packages/airflow/example_dags/example_branch_day_of_week_operator.py for tasks to queue
[2025-06-02T22:06:11.201+0000] {logging_mixin.py:154} INFO - [2025-06-02T22:06:11.201+0000] {dagbag.py:536} INFO - Filling up the DagBag from /home/airflow/.local/lib/python3.10/site-packages/airflow/example_dags/example_branch_day_of_week_operator.py
[2025-06-02T22:06:11.212+0000] {processor.py:839} INFO - DAG(s) dict_keys(['example_weekday_branch_operator']) retrieved from /home/airflow/.local/lib/python3.10/site-packages/airflow/example_dags/example_branch_day_of_week_operator.py
[2025-06-02T22:06:11.240+0000] {logging_mixin.py:154} INFO - [2025-06-02T22:06:11.240+0000] {dag.py:2941} INFO - Sync 1 DAGs
[2025-06-02T22:06:11.270+0000] {logging_mixin.py:154} INFO - [2025-06-02T22:06:11.270+0000] {dag.py:3722} INFO - Setting next_dagrun for example_weekday_branch_operator to 2025-06-01T00:00:00+00:00, run_after=2025-06-02T00:00:00+00:00
[2025-06-02T22:06:11.291+0000] {processor.py:179} INFO - Processing /home/airflow/.local/lib/python3.10/site-packages/airflow/example_dags/example_branch_day_of_week_operator.py took 0.099 seconds
[2025-06-02T22:06:41.739+0000] {processor.py:157} INFO - Started process (PID=772) to work on /home/airflow/.local/lib/python3.10/site-packages/airflow/example_dags/example_branch_day_of_week_operator.py
[2025-06-02T22:06:41.740+0000] {processor.py:829} INFO - Processing file /home/airflow/.local/lib/python3.10/site-packages/airflow/example_dags/example_branch_day_of_week_operator.py for tasks to queue
[2025-06-02T22:06:41.742+0000] {logging_mixin.py:154} INFO - [2025-06-02T22:06:41.742+0000] {dagbag.py:536} INFO - Filling up the DagBag from /home/airflow/.local/lib/python3.10/site-packages/airflow/example_dags/example_branch_day_of_week_operator.py
[2025-06-02T22:06:41.753+0000] {processor.py:839} INFO - DAG(s) dict_keys(['example_weekday_branch_operator']) retrieved from /home/airflow/.local/lib/python3.10/site-packages/airflow/example_dags/example_branch_day_of_week_operator.py
[2025-06-02T22:06:41.781+0000] {logging_mixin.py:154} INFO - [2025-06-02T22:06:41.781+0000] {dag.py:2941} INFO - Sync 1 DAGs
[2025-06-02T22:06:41.813+0000] {logging_mixin.py:154} INFO - [2025-06-02T22:06:41.813+0000] {dag.py:3722} INFO - Setting next_dagrun for example_weekday_branch_operator to 2025-06-01T00:00:00+00:00, run_after=2025-06-02T00:00:00+00:00
[2025-06-02T22:06:41.834+0000] {processor.py:179} INFO - Processing /home/airflow/.local/lib/python3.10/site-packages/airflow/example_dags/example_branch_day_of_week_operator.py took 0.100 seconds
[2025-06-02T22:07:12.935+0000] {processor.py:157} INFO - Started process (PID=826) to work on /home/airflow/.local/lib/python3.10/site-packages/airflow/example_dags/example_branch_day_of_week_operator.py
[2025-06-02T22:07:12.937+0000] {processor.py:829} INFO - Processing file /home/airflow/.local/lib/python3.10/site-packages/airflow/example_dags/example_branch_day_of_week_operator.py for tasks to queue
[2025-06-02T22:07:12.940+0000] {logging_mixin.py:154} INFO - [2025-06-02T22:07:12.940+0000] {dagbag.py:536} INFO - Filling up the DagBag from /home/airflow/.local/lib/python3.10/site-packages/airflow/example_dags/example_branch_day_of_week_operator.py
[2025-06-02T22:07:12.951+0000] {processor.py:839} INFO - DAG(s) dict_keys(['example_weekday_branch_operator']) retrieved from /home/airflow/.local/lib/python3.10/site-packages/airflow/example_dags/example_branch_day_of_week_operator.py
[2025-06-02T22:07:12.978+0000] {logging_mixin.py:154} INFO - [2025-06-02T22:07:12.978+0000] {dag.py:2941} INFO - Sync 1 DAGs
[2025-06-02T22:07:13.009+0000] {logging_mixin.py:154} INFO - [2025-06-02T22:07:13.009+0000] {dag.py:3722} INFO - Setting next_dagrun for example_weekday_branch_operator to 2025-06-01T00:00:00+00:00, run_after=2025-06-02T00:00:00+00:00
[2025-06-02T22:07:13.034+0000] {processor.py:179} INFO - Processing /home/airflow/.local/lib/python3.10/site-packages/airflow/example_dags/example_branch_day_of_week_operator.py took 0.104 seconds
[2025-06-02T22:07:43.594+0000] {processor.py:157} INFO - Started process (PID=880) to work on /home/airflow/.local/lib/python3.10/site-packages/airflow/example_dags/example_branch_day_of_week_operator.py
[2025-06-02T22:07:43.595+0000] {processor.py:829} INFO - Processing file /home/airflow/.local/lib/python3.10/site-packages/airflow/example_dags/example_branch_day_of_week_operator.py for tasks to queue
[2025-06-02T22:07:43.598+0000] {logging_mixin.py:154} INFO - [2025-06-02T22:07:43.598+0000] {dagbag.py:536} INFO - Filling up the DagBag from /home/airflow/.local/lib/python3.10/site-packages/airflow/example_dags/example_branch_day_of_week_operator.py
[2025-06-02T22:07:43.610+0000] {processor.py:839} INFO - DAG(s) dict_keys(['example_weekday_branch_operator']) retrieved from /home/airflow/.local/lib/python3.10/site-packages/airflow/example_dags/example_branch_day_of_week_operator.py
[2025-06-02T22:07:43.638+0000] {logging_mixin.py:154} INFO - [2025-06-02T22:07:43.638+0000] {dag.py:2941} INFO - Sync 1 DAGs
[2025-06-02T22:07:43.685+0000] {logging_mixin.py:154} INFO - [2025-06-02T22:07:43.685+0000] {dag.py:3722} INFO - Setting next_dagrun for example_weekday_branch_operator to 2025-06-01T00:00:00+00:00, run_after=2025-06-02T00:00:00+00:00
[2025-06-02T22:07:43.714+0000] {processor.py:179} INFO - Processing /home/airflow/.local/lib/python3.10/site-packages/airflow/example_dags/example_branch_day_of_week_operator.py took 0.125 seconds
[2025-06-02T22:08:14.205+0000] {processor.py:157} INFO - Started process (PID=934) to work on /home/airflow/.local/lib/python3.10/site-packages/airflow/example_dags/example_branch_day_of_week_operator.py
[2025-06-02T22:08:14.207+0000] {processor.py:829} INFO - Processing file /home/airflow/.local/lib/python3.10/site-packages/airflow/example_dags/example_branch_day_of_week_operator.py for tasks to queue
[2025-06-02T22:08:14.210+0000] {logging_mixin.py:154} INFO - [2025-06-02T22:08:14.209+0000] {dagbag.py:536} INFO - Filling up the DagBag from /home/airflow/.local/lib/python3.10/site-packages/airflow/example_dags/example_branch_day_of_week_operator.py
[2025-06-02T22:08:14.221+0000] {processor.py:839} INFO - DAG(s) dict_keys(['example_weekday_branch_operator']) retrieved from /home/airflow/.local/lib/python3.10/site-packages/airflow/example_dags/example_branch_day_of_week_operator.py
[2025-06-02T22:08:14.250+0000] {logging_mixin.py:154} INFO - [2025-06-02T22:08:14.249+0000] {dag.py:2941} INFO - Sync 1 DAGs
[2025-06-02T22:08:14.281+0000] {logging_mixin.py:154} INFO - [2025-06-02T22:08:14.281+0000] {dag.py:3722} INFO - Setting next_dagrun for example_weekday_branch_operator to 2025-06-01T00:00:00+00:00, run_after=2025-06-02T00:00:00+00:00
[2025-06-02T22:08:14.301+0000] {processor.py:179} INFO - Processing /home/airflow/.local/lib/python3.10/site-packages/airflow/example_dags/example_branch_day_of_week_operator.py took 0.100 seconds
[2025-06-02T22:08:45.152+0000] {processor.py:157} INFO - Started process (PID=988) to work on /home/airflow/.local/lib/python3.10/site-packages/airflow/example_dags/example_branch_day_of_week_operator.py
[2025-06-02T22:08:45.156+0000] {processor.py:829} INFO - Processing file /home/airflow/.local/lib/python3.10/site-packages/airflow/example_dags/example_branch_day_of_week_operator.py for tasks to queue
[2025-06-02T22:08:45.161+0000] {logging_mixin.py:154} INFO - [2025-06-02T22:08:45.160+0000] {dagbag.py:536} INFO - Filling up the DagBag from /home/airflow/.local/lib/python3.10/site-packages/airflow/example_dags/example_branch_day_of_week_operator.py
[2025-06-02T22:08:45.175+0000] {processor.py:839} INFO - DAG(s) dict_keys(['example_weekday_branch_operator']) retrieved from /home/airflow/.local/lib/python3.10/site-packages/airflow/example_dags/example_branch_day_of_week_operator.py
[2025-06-02T22:08:45.208+0000] {logging_mixin.py:154} INFO - [2025-06-02T22:08:45.208+0000] {dag.py:2941} INFO - Sync 1 DAGs
[2025-06-02T22:08:45.431+0000] {logging_mixin.py:154} INFO - [2025-06-02T22:08:45.431+0000] {dag.py:3722} INFO - Setting next_dagrun for example_weekday_branch_operator to 2025-06-01T00:00:00+00:00, run_after=2025-06-02T00:00:00+00:00
[2025-06-02T22:08:45.463+0000] {processor.py:179} INFO - Processing /home/airflow/.local/lib/python3.10/site-packages/airflow/example_dags/example_branch_day_of_week_operator.py took 0.323 seconds
[2025-06-02T22:09:15.550+0000] {processor.py:157} INFO - Started process (PID=1042) to work on /home/airflow/.local/lib/python3.10/site-packages/airflow/example_dags/example_branch_day_of_week_operator.py
[2025-06-02T22:09:15.551+0000] {processor.py:829} INFO - Processing file /home/airflow/.local/lib/python3.10/site-packages/airflow/example_dags/example_branch_day_of_week_operator.py for tasks to queue
[2025-06-02T22:09:15.554+0000] {logging_mixin.py:154} INFO - [2025-06-02T22:09:15.554+0000] {dagbag.py:536} INFO - Filling up the DagBag from /home/airflow/.local/lib/python3.10/site-packages/airflow/example_dags/example_branch_day_of_week_operator.py
[2025-06-02T22:09:15.565+0000] {processor.py:839} INFO - DAG(s) dict_keys(['example_weekday_branch_operator']) retrieved from /home/airflow/.local/lib/python3.10/site-packages/airflow/example_dags/example_branch_day_of_week_operator.py
[2025-06-02T22:09:15.597+0000] {logging_mixin.py:154} INFO - [2025-06-02T22:09:15.597+0000] {dag.py:2941} INFO - Sync 1 DAGs
[2025-06-02T22:09:15.634+0000] {logging_mixin.py:154} INFO - [2025-06-02T22:09:15.633+0000] {dag.py:3722} INFO - Setting next_dagrun for example_weekday_branch_operator to 2025-06-01T00:00:00+00:00, run_after=2025-06-02T00:00:00+00:00
[2025-06-02T22:09:15.668+0000] {processor.py:179} INFO - Processing /home/airflow/.local/lib/python3.10/site-packages/airflow/example_dags/example_branch_day_of_week_operator.py took 0.123 seconds
[2025-06-02T22:09:46.359+0000] {processor.py:157} INFO - Started process (PID=1095) to work on /home/airflow/.local/lib/python3.10/site-packages/airflow/example_dags/example_branch_day_of_week_operator.py
[2025-06-02T22:09:46.361+0000] {processor.py:829} INFO - Processing file /home/airflow/.local/lib/python3.10/site-packages/airflow/example_dags/example_branch_day_of_week_operator.py for tasks to queue
[2025-06-02T22:09:46.364+0000] {logging_mixin.py:154} INFO - [2025-06-02T22:09:46.363+0000] {dagbag.py:536} INFO - Filling up the DagBag from /home/airflow/.local/lib/python3.10/site-packages/airflow/example_dags/example_branch_day_of_week_operator.py
[2025-06-02T22:09:46.375+0000] {processor.py:839} INFO - DAG(s) dict_keys(['example_weekday_branch_operator']) retrieved from /home/airflow/.local/lib/python3.10/site-packages/airflow/example_dags/example_branch_day_of_week_operator.py
[2025-06-02T22:09:46.404+0000] {logging_mixin.py:154} INFO - [2025-06-02T22:09:46.404+0000] {dag.py:2941} INFO - Sync 1 DAGs
[2025-06-02T22:09:46.437+0000] {logging_mixin.py:154} INFO - [2025-06-02T22:09:46.436+0000] {dag.py:3722} INFO - Setting next_dagrun for example_weekday_branch_operator to 2025-06-01T00:00:00+00:00, run_after=2025-06-02T00:00:00+00:00
[2025-06-02T22:09:46.509+0000] {processor.py:179} INFO - Processing /home/airflow/.local/lib/python3.10/site-packages/airflow/example_dags/example_branch_day_of_week_operator.py took 0.174 seconds
[2025-06-02T22:10:17.474+0000] {processor.py:157} INFO - Started process (PID=1149) to work on /home/airflow/.local/lib/python3.10/site-packages/airflow/example_dags/example_branch_day_of_week_operator.py
[2025-06-02T22:10:17.477+0000] {processor.py:829} INFO - Processing file /home/airflow/.local/lib/python3.10/site-packages/airflow/example_dags/example_branch_day_of_week_operator.py for tasks to queue
[2025-06-02T22:10:17.490+0000] {logging_mixin.py:154} INFO - [2025-06-02T22:10:17.490+0000] {dagbag.py:536} INFO - Filling up the DagBag from /home/airflow/.local/lib/python3.10/site-packages/airflow/example_dags/example_branch_day_of_week_operator.py
[2025-06-02T22:10:17.502+0000] {processor.py:839} INFO - DAG(s) dict_keys(['example_weekday_branch_operator']) retrieved from /home/airflow/.local/lib/python3.10/site-packages/airflow/example_dags/example_branch_day_of_week_operator.py
[2025-06-02T22:10:17.560+0000] {logging_mixin.py:154} INFO - [2025-06-02T22:10:17.560+0000] {dag.py:2941} INFO - Sync 1 DAGs
[2025-06-02T22:10:18.119+0000] {logging_mixin.py:154} INFO - [2025-06-02T22:10:18.118+0000] {dag.py:3722} INFO - Setting next_dagrun for example_weekday_branch_operator to 2025-06-01T00:00:00+00:00, run_after=2025-06-02T00:00:00+00:00
[2025-06-02T22:10:18.186+0000] {processor.py:179} INFO - Processing /home/airflow/.local/lib/python3.10/site-packages/airflow/example_dags/example_branch_day_of_week_operator.py took 0.733 seconds
[2025-06-02T22:10:48.826+0000] {processor.py:157} INFO - Started process (PID=1203) to work on /home/airflow/.local/lib/python3.10/site-packages/airflow/example_dags/example_branch_day_of_week_operator.py
[2025-06-02T22:10:48.828+0000] {processor.py:829} INFO - Processing file /home/airflow/.local/lib/python3.10/site-packages/airflow/example_dags/example_branch_day_of_week_operator.py for tasks to queue
[2025-06-02T22:10:48.831+0000] {logging_mixin.py:154} INFO - [2025-06-02T22:10:48.830+0000] {dagbag.py:536} INFO - Filling up the DagBag from /home/airflow/.local/lib/python3.10/site-packages/airflow/example_dags/example_branch_day_of_week_operator.py
[2025-06-02T22:10:48.842+0000] {processor.py:839} INFO - DAG(s) dict_keys(['example_weekday_branch_operator']) retrieved from /home/airflow/.local/lib/python3.10/site-packages/airflow/example_dags/example_branch_day_of_week_operator.py
[2025-06-02T22:10:48.872+0000] {logging_mixin.py:154} INFO - [2025-06-02T22:10:48.872+0000] {dag.py:2941} INFO - Sync 1 DAGs
[2025-06-02T22:10:48.906+0000] {logging_mixin.py:154} INFO - [2025-06-02T22:10:48.905+0000] {dag.py:3722} INFO - Setting next_dagrun for example_weekday_branch_operator to 2025-06-01T00:00:00+00:00, run_after=2025-06-02T00:00:00+00:00
[2025-06-02T22:10:49.082+0000] {processor.py:179} INFO - Processing /home/airflow/.local/lib/python3.10/site-packages/airflow/example_dags/example_branch_day_of_week_operator.py took 0.261 seconds
[2025-06-02T23:03:32.077+0000] {processor.py:157} INFO - Started process (PID=63) to work on /home/airflow/.local/lib/python3.10/site-packages/airflow/example_dags/example_branch_day_of_week_operator.py
[2025-06-02T23:03:32.089+0000] {processor.py:829} INFO - Processing file /home/airflow/.local/lib/python3.10/site-packages/airflow/example_dags/example_branch_day_of_week_operator.py for tasks to queue
[2025-06-02T23:03:32.092+0000] {logging_mixin.py:154} INFO - [2025-06-02T23:03:32.092+0000] {dagbag.py:536} INFO - Filling up the DagBag from /home/airflow/.local/lib/python3.10/site-packages/airflow/example_dags/example_branch_day_of_week_operator.py
[2025-06-02T23:03:32.140+0000] {processor.py:839} INFO - DAG(s) dict_keys(['example_weekday_branch_operator']) retrieved from /home/airflow/.local/lib/python3.10/site-packages/airflow/example_dags/example_branch_day_of_week_operator.py
[2025-06-02T23:03:32.286+0000] {logging_mixin.py:154} INFO - [2025-06-02T23:03:32.284+0000] {dag.py:2941} INFO - Sync 1 DAGs
[2025-06-02T23:03:32.437+0000] {logging_mixin.py:154} INFO - [2025-06-02T23:03:32.437+0000] {dag.py:3722} INFO - Setting next_dagrun for example_weekday_branch_operator to 2025-06-01T00:00:00+00:00, run_after=2025-06-02T00:00:00+00:00
[2025-06-02T23:03:32.603+0000] {processor.py:179} INFO - Processing /home/airflow/.local/lib/python3.10/site-packages/airflow/example_dags/example_branch_day_of_week_operator.py took 0.543 seconds
[2025-06-02T23:03:59.060+0000] {processor.py:157} INFO - Started process (PID=55) to work on /home/airflow/.local/lib/python3.10/site-packages/airflow/example_dags/example_branch_day_of_week_operator.py
[2025-06-02T23:03:59.061+0000] {processor.py:829} INFO - Processing file /home/airflow/.local/lib/python3.10/site-packages/airflow/example_dags/example_branch_day_of_week_operator.py for tasks to queue
[2025-06-02T23:03:59.064+0000] {logging_mixin.py:154} INFO - [2025-06-02T23:03:59.064+0000] {dagbag.py:536} INFO - Filling up the DagBag from /home/airflow/.local/lib/python3.10/site-packages/airflow/example_dags/example_branch_day_of_week_operator.py
[2025-06-02T23:03:59.075+0000] {processor.py:839} INFO - DAG(s) dict_keys(['example_weekday_branch_operator']) retrieved from /home/airflow/.local/lib/python3.10/site-packages/airflow/example_dags/example_branch_day_of_week_operator.py
[2025-06-02T23:03:59.120+0000] {logging_mixin.py:154} INFO - [2025-06-02T23:03:59.120+0000] {dag.py:2941} INFO - Sync 1 DAGs
[2025-06-02T23:03:59.189+0000] {logging_mixin.py:154} INFO - [2025-06-02T23:03:59.188+0000] {dag.py:3722} INFO - Setting next_dagrun for example_weekday_branch_operator to 2025-06-01T00:00:00+00:00, run_after=2025-06-02T00:00:00+00:00
[2025-06-02T23:03:59.436+0000] {processor.py:179} INFO - Processing /home/airflow/.local/lib/python3.10/site-packages/airflow/example_dags/example_branch_day_of_week_operator.py took 0.381 seconds
[2025-06-02T23:04:30.056+0000] {processor.py:157} INFO - Started process (PID=111) to work on /home/airflow/.local/lib/python3.10/site-packages/airflow/example_dags/example_branch_day_of_week_operator.py
[2025-06-02T23:04:30.062+0000] {processor.py:829} INFO - Processing file /home/airflow/.local/lib/python3.10/site-packages/airflow/example_dags/example_branch_day_of_week_operator.py for tasks to queue
[2025-06-02T23:04:30.073+0000] {logging_mixin.py:154} INFO - [2025-06-02T23:04:30.073+0000] {dagbag.py:536} INFO - Filling up the DagBag from /home/airflow/.local/lib/python3.10/site-packages/airflow/example_dags/example_branch_day_of_week_operator.py
[2025-06-02T23:04:30.090+0000] {processor.py:839} INFO - DAG(s) dict_keys(['example_weekday_branch_operator']) retrieved from /home/airflow/.local/lib/python3.10/site-packages/airflow/example_dags/example_branch_day_of_week_operator.py
[2025-06-02T23:04:30.136+0000] {logging_mixin.py:154} INFO - [2025-06-02T23:04:30.135+0000] {dag.py:2941} INFO - Sync 1 DAGs
[2025-06-02T23:04:30.188+0000] {logging_mixin.py:154} INFO - [2025-06-02T23:04:30.188+0000] {dag.py:3722} INFO - Setting next_dagrun for example_weekday_branch_operator to 2025-06-01T00:00:00+00:00, run_after=2025-06-02T00:00:00+00:00
[2025-06-02T23:04:30.214+0000] {processor.py:179} INFO - Processing /home/airflow/.local/lib/python3.10/site-packages/airflow/example_dags/example_branch_day_of_week_operator.py took 0.179 seconds
[2025-06-02T23:05:00.256+0000] {processor.py:157} INFO - Started process (PID=167) to work on /home/airflow/.local/lib/python3.10/site-packages/airflow/example_dags/example_branch_day_of_week_operator.py
[2025-06-02T23:05:00.257+0000] {processor.py:829} INFO - Processing file /home/airflow/.local/lib/python3.10/site-packages/airflow/example_dags/example_branch_day_of_week_operator.py for tasks to queue
[2025-06-02T23:05:00.260+0000] {logging_mixin.py:154} INFO - [2025-06-02T23:05:00.260+0000] {dagbag.py:536} INFO - Filling up the DagBag from /home/airflow/.local/lib/python3.10/site-packages/airflow/example_dags/example_branch_day_of_week_operator.py
[2025-06-02T23:05:00.271+0000] {processor.py:839} INFO - DAG(s) dict_keys(['example_weekday_branch_operator']) retrieved from /home/airflow/.local/lib/python3.10/site-packages/airflow/example_dags/example_branch_day_of_week_operator.py
[2025-06-02T23:05:00.297+0000] {logging_mixin.py:154} INFO - [2025-06-02T23:05:00.297+0000] {dag.py:2941} INFO - Sync 1 DAGs
[2025-06-02T23:05:00.330+0000] {logging_mixin.py:154} INFO - [2025-06-02T23:05:00.329+0000] {dag.py:3722} INFO - Setting next_dagrun for example_weekday_branch_operator to 2025-06-01T00:00:00+00:00, run_after=2025-06-02T00:00:00+00:00
[2025-06-02T23:05:00.354+0000] {processor.py:179} INFO - Processing /home/airflow/.local/lib/python3.10/site-packages/airflow/example_dags/example_branch_day_of_week_operator.py took 0.103 seconds
[2025-06-02T23:05:32.411+0000] {processor.py:157} INFO - Started process (PID=223) to work on /home/airflow/.local/lib/python3.10/site-packages/airflow/example_dags/example_branch_day_of_week_operator.py
[2025-06-02T23:05:32.413+0000] {processor.py:829} INFO - Processing file /home/airflow/.local/lib/python3.10/site-packages/airflow/example_dags/example_branch_day_of_week_operator.py for tasks to queue
[2025-06-02T23:05:32.416+0000] {logging_mixin.py:154} INFO - [2025-06-02T23:05:32.416+0000] {dagbag.py:536} INFO - Filling up the DagBag from /home/airflow/.local/lib/python3.10/site-packages/airflow/example_dags/example_branch_day_of_week_operator.py
[2025-06-02T23:05:32.426+0000] {processor.py:839} INFO - DAG(s) dict_keys(['example_weekday_branch_operator']) retrieved from /home/airflow/.local/lib/python3.10/site-packages/airflow/example_dags/example_branch_day_of_week_operator.py
[2025-06-02T23:05:32.460+0000] {logging_mixin.py:154} INFO - [2025-06-02T23:05:32.460+0000] {dag.py:2941} INFO - Sync 1 DAGs
[2025-06-02T23:05:32.493+0000] {logging_mixin.py:154} INFO - [2025-06-02T23:05:32.493+0000] {dag.py:3722} INFO - Setting next_dagrun for example_weekday_branch_operator to 2025-06-01T00:00:00+00:00, run_after=2025-06-02T00:00:00+00:00
[2025-06-02T23:05:32.522+0000] {processor.py:179} INFO - Processing /home/airflow/.local/lib/python3.10/site-packages/airflow/example_dags/example_branch_day_of_week_operator.py took 0.115 seconds
[2025-06-02T23:06:06.676+0000] {processor.py:157} INFO - Started process (PID=279) to work on /home/airflow/.local/lib/python3.10/site-packages/airflow/example_dags/example_branch_day_of_week_operator.py
[2025-06-02T23:06:06.678+0000] {processor.py:829} INFO - Processing file /home/airflow/.local/lib/python3.10/site-packages/airflow/example_dags/example_branch_day_of_week_operator.py for tasks to queue
[2025-06-02T23:06:06.681+0000] {logging_mixin.py:154} INFO - [2025-06-02T23:06:06.680+0000] {dagbag.py:536} INFO - Filling up the DagBag from /home/airflow/.local/lib/python3.10/site-packages/airflow/example_dags/example_branch_day_of_week_operator.py
[2025-06-02T23:06:06.690+0000] {processor.py:839} INFO - DAG(s) dict_keys(['example_weekday_branch_operator']) retrieved from /home/airflow/.local/lib/python3.10/site-packages/airflow/example_dags/example_branch_day_of_week_operator.py
[2025-06-02T23:06:06.719+0000] {logging_mixin.py:154} INFO - [2025-06-02T23:06:06.719+0000] {dag.py:2941} INFO - Sync 1 DAGs
[2025-06-02T23:06:06.751+0000] {logging_mixin.py:154} INFO - [2025-06-02T23:06:06.750+0000] {dag.py:3722} INFO - Setting next_dagrun for example_weekday_branch_operator to 2025-06-01T00:00:00+00:00, run_after=2025-06-02T00:00:00+00:00
[2025-06-02T23:06:06.784+0000] {processor.py:179} INFO - Processing /home/airflow/.local/lib/python3.10/site-packages/airflow/example_dags/example_branch_day_of_week_operator.py took 0.114 seconds
[2025-06-02T23:06:38.913+0000] {processor.py:157} INFO - Started process (PID=335) to work on /home/airflow/.local/lib/python3.10/site-packages/airflow/example_dags/example_branch_day_of_week_operator.py
[2025-06-02T23:06:38.915+0000] {processor.py:829} INFO - Processing file /home/airflow/.local/lib/python3.10/site-packages/airflow/example_dags/example_branch_day_of_week_operator.py for tasks to queue
[2025-06-02T23:06:38.918+0000] {logging_mixin.py:154} INFO - [2025-06-02T23:06:38.918+0000] {dagbag.py:536} INFO - Filling up the DagBag from /home/airflow/.local/lib/python3.10/site-packages/airflow/example_dags/example_branch_day_of_week_operator.py
[2025-06-02T23:06:38.946+0000] {processor.py:839} INFO - DAG(s) dict_keys(['example_weekday_branch_operator']) retrieved from /home/airflow/.local/lib/python3.10/site-packages/airflow/example_dags/example_branch_day_of_week_operator.py
[2025-06-02T23:06:38.986+0000] {logging_mixin.py:154} INFO - [2025-06-02T23:06:38.985+0000] {dag.py:2941} INFO - Sync 1 DAGs
[2025-06-02T23:06:39.018+0000] {logging_mixin.py:154} INFO - [2025-06-02T23:06:39.018+0000] {dag.py:3722} INFO - Setting next_dagrun for example_weekday_branch_operator to 2025-06-01T00:00:00+00:00, run_after=2025-06-02T00:00:00+00:00
[2025-06-02T23:06:39.060+0000] {processor.py:179} INFO - Processing /home/airflow/.local/lib/python3.10/site-packages/airflow/example_dags/example_branch_day_of_week_operator.py took 0.167 seconds
[2025-06-02T23:07:09.177+0000] {processor.py:157} INFO - Started process (PID=391) to work on /home/airflow/.local/lib/python3.10/site-packages/airflow/example_dags/example_branch_day_of_week_operator.py
[2025-06-02T23:07:09.179+0000] {processor.py:829} INFO - Processing file /home/airflow/.local/lib/python3.10/site-packages/airflow/example_dags/example_branch_day_of_week_operator.py for tasks to queue
[2025-06-02T23:07:09.182+0000] {logging_mixin.py:154} INFO - [2025-06-02T23:07:09.182+0000] {dagbag.py:536} INFO - Filling up the DagBag from /home/airflow/.local/lib/python3.10/site-packages/airflow/example_dags/example_branch_day_of_week_operator.py
[2025-06-02T23:07:09.192+0000] {processor.py:839} INFO - DAG(s) dict_keys(['example_weekday_branch_operator']) retrieved from /home/airflow/.local/lib/python3.10/site-packages/airflow/example_dags/example_branch_day_of_week_operator.py
[2025-06-02T23:07:09.215+0000] {logging_mixin.py:154} INFO - [2025-06-02T23:07:09.215+0000] {dag.py:2941} INFO - Sync 1 DAGs
[2025-06-02T23:07:09.239+0000] {logging_mixin.py:154} INFO - [2025-06-02T23:07:09.238+0000] {dag.py:3722} INFO - Setting next_dagrun for example_weekday_branch_operator to 2025-06-01T00:00:00+00:00, run_after=2025-06-02T00:00:00+00:00
[2025-06-02T23:07:09.257+0000] {processor.py:179} INFO - Processing /home/airflow/.local/lib/python3.10/site-packages/airflow/example_dags/example_branch_day_of_week_operator.py took 0.084 seconds
