[2025-06-02T22:00:04.748+0000] {processor.py:157} INFO - Started process (PID=63) to work on /home/airflow/.local/lib/python3.10/site-packages/airflow/example_dags/example_xcomargs.py
[2025-06-02T22:00:04.749+0000] {processor.py:829} INFO - Processing file /home/airflow/.local/lib/python3.10/site-packages/airflow/example_dags/example_xcomargs.py for tasks to queue
[2025-06-02T22:00:04.752+0000] {logging_mixin.py:154} INFO - [2025-06-02T22:00:04.751+0000] {dagbag.py:536} INFO - Filling up the DagBag from /home/airflow/.local/lib/python3.10/site-packages/airflow/example_dags/example_xcomargs.py
[2025-06-02T22:00:04.764+0000] {processor.py:839} INFO - DAG(s) dict_keys(['example_xcom_args', 'example_xcom_args_with_operators']) retrieved from /home/airflow/.local/lib/python3.10/site-packages/airflow/example_dags/example_xcomargs.py
[2025-06-02T22:00:04.992+0000] {logging_mixin.py:154} INFO - [2025-06-02T22:00:04.991+0000] {manager.py:499} INFO - Created Permission View: %s
[2025-06-02T22:00:05.032+0000] {logging_mixin.py:154} INFO - [2025-06-02T22:00:05.032+0000] {manager.py:499} INFO - Created Permission View: %s
[2025-06-02T22:00:05.044+0000] {logging_mixin.py:154} INFO - [2025-06-02T22:00:05.044+0000] {manager.py:499} INFO - Created Permission View: %s
[2025-06-02T22:00:05.093+0000] {logging_mixin.py:154} INFO - [2025-06-02T22:00:05.092+0000] {manager.py:499} INFO - Created Permission View: %s
[2025-06-02T22:00:05.107+0000] {logging_mixin.py:154} INFO - [2025-06-02T22:00:05.107+0000] {manager.py:499} INFO - Created Permission View: %s
[2025-06-02T22:00:05.118+0000] {logging_mixin.py:154} INFO - [2025-06-02T22:00:05.118+0000] {manager.py:499} INFO - Created Permission View: %s
[2025-06-02T22:00:05.119+0000] {logging_mixin.py:154} INFO - [2025-06-02T22:00:05.119+0000] {dag.py:2941} INFO - Sync 2 DAGs
[2025-06-02T22:00:05.142+0000] {logging_mixin.py:154} INFO - [2025-06-02T22:00:05.142+0000] {dag.py:2963} INFO - Creating ORM DAG for example_xcom_args
[2025-06-02T22:00:05.150+0000] {logging_mixin.py:154} INFO - [2025-06-02T22:00:05.150+0000] {dag.py:2963} INFO - Creating ORM DAG for example_xcom_args_with_operators
[2025-06-02T22:00:05.151+0000] {logging_mixin.py:154} INFO - [2025-06-02T22:00:05.151+0000] {dag.py:3722} INFO - Setting next_dagrun for example_xcom_args to None, run_after=None
[2025-06-02T22:00:05.152+0000] {logging_mixin.py:154} INFO - [2025-06-02T22:00:05.152+0000] {dag.py:3722} INFO - Setting next_dagrun for example_xcom_args_with_operators to None, run_after=None
[2025-06-02T22:00:05.226+0000] {processor.py:179} INFO - Processing /home/airflow/.local/lib/python3.10/site-packages/airflow/example_dags/example_xcomargs.py took 0.484 seconds
[2025-06-02T22:00:35.810+0000] {processor.py:157} INFO - Started process (PID=117) to work on /home/airflow/.local/lib/python3.10/site-packages/airflow/example_dags/example_xcomargs.py
[2025-06-02T22:00:35.811+0000] {processor.py:829} INFO - Processing file /home/airflow/.local/lib/python3.10/site-packages/airflow/example_dags/example_xcomargs.py for tasks to queue
[2025-06-02T22:00:35.814+0000] {logging_mixin.py:154} INFO - [2025-06-02T22:00:35.814+0000] {dagbag.py:536} INFO - Filling up the DagBag from /home/airflow/.local/lib/python3.10/site-packages/airflow/example_dags/example_xcomargs.py
[2025-06-02T22:00:35.827+0000] {processor.py:839} INFO - DAG(s) dict_keys(['example_xcom_args', 'example_xcom_args_with_operators']) retrieved from /home/airflow/.local/lib/python3.10/site-packages/airflow/example_dags/example_xcomargs.py
[2025-06-02T22:00:35.857+0000] {logging_mixin.py:154} INFO - [2025-06-02T22:00:35.856+0000] {dag.py:2941} INFO - Sync 2 DAGs
[2025-06-02T22:00:35.874+0000] {logging_mixin.py:154} INFO - [2025-06-02T22:00:35.874+0000] {dag.py:3722} INFO - Setting next_dagrun for example_xcom_args to None, run_after=None
[2025-06-02T22:00:35.879+0000] {logging_mixin.py:154} INFO - [2025-06-02T22:00:35.878+0000] {dag.py:3722} INFO - Setting next_dagrun for example_xcom_args_with_operators to None, run_after=None
[2025-06-02T22:00:35.900+0000] {processor.py:179} INFO - Processing /home/airflow/.local/lib/python3.10/site-packages/airflow/example_dags/example_xcomargs.py took 0.095 seconds
[2025-06-02T22:01:06.098+0000] {processor.py:157} INFO - Started process (PID=171) to work on /home/airflow/.local/lib/python3.10/site-packages/airflow/example_dags/example_xcomargs.py
[2025-06-02T22:01:06.100+0000] {processor.py:829} INFO - Processing file /home/airflow/.local/lib/python3.10/site-packages/airflow/example_dags/example_xcomargs.py for tasks to queue
[2025-06-02T22:01:06.103+0000] {logging_mixin.py:154} INFO - [2025-06-02T22:01:06.103+0000] {dagbag.py:536} INFO - Filling up the DagBag from /home/airflow/.local/lib/python3.10/site-packages/airflow/example_dags/example_xcomargs.py
[2025-06-02T22:01:06.115+0000] {processor.py:839} INFO - DAG(s) dict_keys(['example_xcom_args_with_operators', 'example_xcom_args']) retrieved from /home/airflow/.local/lib/python3.10/site-packages/airflow/example_dags/example_xcomargs.py
[2025-06-02T22:01:06.149+0000] {logging_mixin.py:154} INFO - [2025-06-02T22:01:06.149+0000] {dag.py:2941} INFO - Sync 2 DAGs
[2025-06-02T22:01:06.166+0000] {logging_mixin.py:154} INFO - [2025-06-02T22:01:06.166+0000] {dag.py:3722} INFO - Setting next_dagrun for example_xcom_args to None, run_after=None
[2025-06-02T22:01:06.171+0000] {logging_mixin.py:154} INFO - [2025-06-02T22:01:06.171+0000] {dag.py:3722} INFO - Setting next_dagrun for example_xcom_args_with_operators to None, run_after=None
[2025-06-02T22:01:06.196+0000] {processor.py:179} INFO - Processing /home/airflow/.local/lib/python3.10/site-packages/airflow/example_dags/example_xcomargs.py took 0.103 seconds
[2025-06-02T22:01:36.750+0000] {processor.py:157} INFO - Started process (PID=225) to work on /home/airflow/.local/lib/python3.10/site-packages/airflow/example_dags/example_xcomargs.py
[2025-06-02T22:01:36.751+0000] {processor.py:829} INFO - Processing file /home/airflow/.local/lib/python3.10/site-packages/airflow/example_dags/example_xcomargs.py for tasks to queue
[2025-06-02T22:01:36.754+0000] {logging_mixin.py:154} INFO - [2025-06-02T22:01:36.754+0000] {dagbag.py:536} INFO - Filling up the DagBag from /home/airflow/.local/lib/python3.10/site-packages/airflow/example_dags/example_xcomargs.py
[2025-06-02T22:01:36.766+0000] {processor.py:839} INFO - DAG(s) dict_keys(['example_xcom_args', 'example_xcom_args_with_operators']) retrieved from /home/airflow/.local/lib/python3.10/site-packages/airflow/example_dags/example_xcomargs.py
[2025-06-02T22:01:36.797+0000] {logging_mixin.py:154} INFO - [2025-06-02T22:01:36.797+0000] {dag.py:2941} INFO - Sync 2 DAGs
[2025-06-02T22:01:36.818+0000] {logging_mixin.py:154} INFO - [2025-06-02T22:01:36.818+0000] {dag.py:3722} INFO - Setting next_dagrun for example_xcom_args to None, run_after=None
[2025-06-02T22:01:36.822+0000] {logging_mixin.py:154} INFO - [2025-06-02T22:01:36.822+0000] {dag.py:3722} INFO - Setting next_dagrun for example_xcom_args_with_operators to None, run_after=None
[2025-06-02T22:01:36.849+0000] {processor.py:179} INFO - Processing /home/airflow/.local/lib/python3.10/site-packages/airflow/example_dags/example_xcomargs.py took 0.108 seconds
[2025-06-02T22:02:07.469+0000] {processor.py:157} INFO - Started process (PID=280) to work on /home/airflow/.local/lib/python3.10/site-packages/airflow/example_dags/example_xcomargs.py
[2025-06-02T22:02:07.473+0000] {processor.py:829} INFO - Processing file /home/airflow/.local/lib/python3.10/site-packages/airflow/example_dags/example_xcomargs.py for tasks to queue
[2025-06-02T22:02:07.476+0000] {logging_mixin.py:154} INFO - [2025-06-02T22:02:07.476+0000] {dagbag.py:536} INFO - Filling up the DagBag from /home/airflow/.local/lib/python3.10/site-packages/airflow/example_dags/example_xcomargs.py
[2025-06-02T22:02:07.488+0000] {processor.py:839} INFO - DAG(s) dict_keys(['example_xcom_args', 'example_xcom_args_with_operators']) retrieved from /home/airflow/.local/lib/python3.10/site-packages/airflow/example_dags/example_xcomargs.py
[2025-06-02T22:02:07.520+0000] {logging_mixin.py:154} INFO - [2025-06-02T22:02:07.519+0000] {dag.py:2941} INFO - Sync 2 DAGs
[2025-06-02T22:02:07.537+0000] {logging_mixin.py:154} INFO - [2025-06-02T22:02:07.537+0000] {dag.py:3722} INFO - Setting next_dagrun for example_xcom_args to None, run_after=None
[2025-06-02T22:02:07.542+0000] {logging_mixin.py:154} INFO - [2025-06-02T22:02:07.542+0000] {dag.py:3722} INFO - Setting next_dagrun for example_xcom_args_with_operators to None, run_after=None
[2025-06-02T22:02:07.569+0000] {processor.py:179} INFO - Processing /home/airflow/.local/lib/python3.10/site-packages/airflow/example_dags/example_xcomargs.py took 0.104 seconds
[2025-06-02T22:02:38.309+0000] {processor.py:157} INFO - Started process (PID=340) to work on /home/airflow/.local/lib/python3.10/site-packages/airflow/example_dags/example_xcomargs.py
[2025-06-02T22:02:38.311+0000] {processor.py:829} INFO - Processing file /home/airflow/.local/lib/python3.10/site-packages/airflow/example_dags/example_xcomargs.py for tasks to queue
[2025-06-02T22:02:38.314+0000] {logging_mixin.py:154} INFO - [2025-06-02T22:02:38.313+0000] {dagbag.py:536} INFO - Filling up the DagBag from /home/airflow/.local/lib/python3.10/site-packages/airflow/example_dags/example_xcomargs.py
[2025-06-02T22:02:38.325+0000] {processor.py:839} INFO - DAG(s) dict_keys(['example_xcom_args', 'example_xcom_args_with_operators']) retrieved from /home/airflow/.local/lib/python3.10/site-packages/airflow/example_dags/example_xcomargs.py
[2025-06-02T22:02:38.355+0000] {logging_mixin.py:154} INFO - [2025-06-02T22:02:38.355+0000] {dag.py:2941} INFO - Sync 2 DAGs
[2025-06-02T22:02:38.374+0000] {logging_mixin.py:154} INFO - [2025-06-02T22:02:38.373+0000] {dag.py:3722} INFO - Setting next_dagrun for example_xcom_args to None, run_after=None
[2025-06-02T22:02:38.378+0000] {logging_mixin.py:154} INFO - [2025-06-02T22:02:38.378+0000] {dag.py:3722} INFO - Setting next_dagrun for example_xcom_args_with_operators to None, run_after=None
[2025-06-02T22:02:38.395+0000] {processor.py:179} INFO - Processing /home/airflow/.local/lib/python3.10/site-packages/airflow/example_dags/example_xcomargs.py took 0.090 seconds
[2025-06-02T22:03:08.996+0000] {processor.py:157} INFO - Started process (PID=395) to work on /home/airflow/.local/lib/python3.10/site-packages/airflow/example_dags/example_xcomargs.py
[2025-06-02T22:03:08.997+0000] {processor.py:829} INFO - Processing file /home/airflow/.local/lib/python3.10/site-packages/airflow/example_dags/example_xcomargs.py for tasks to queue
[2025-06-02T22:03:09.000+0000] {logging_mixin.py:154} INFO - [2025-06-02T22:03:08.999+0000] {dagbag.py:536} INFO - Filling up the DagBag from /home/airflow/.local/lib/python3.10/site-packages/airflow/example_dags/example_xcomargs.py
[2025-06-02T22:03:09.012+0000] {processor.py:839} INFO - DAG(s) dict_keys(['example_xcom_args', 'example_xcom_args_with_operators']) retrieved from /home/airflow/.local/lib/python3.10/site-packages/airflow/example_dags/example_xcomargs.py
[2025-06-02T22:03:09.046+0000] {logging_mixin.py:154} INFO - [2025-06-02T22:03:09.045+0000] {dag.py:2941} INFO - Sync 2 DAGs
[2025-06-02T22:03:09.065+0000] {logging_mixin.py:154} INFO - [2025-06-02T22:03:09.064+0000] {dag.py:3722} INFO - Setting next_dagrun for example_xcom_args to None, run_after=None
[2025-06-02T22:03:09.069+0000] {logging_mixin.py:154} INFO - [2025-06-02T22:03:09.069+0000] {dag.py:3722} INFO - Setting next_dagrun for example_xcom_args_with_operators to None, run_after=None
[2025-06-02T22:03:09.093+0000] {processor.py:179} INFO - Processing /home/airflow/.local/lib/python3.10/site-packages/airflow/example_dags/example_xcomargs.py took 0.102 seconds
[2025-06-02T22:03:39.702+0000] {processor.py:157} INFO - Started process (PID=449) to work on /home/airflow/.local/lib/python3.10/site-packages/airflow/example_dags/example_xcomargs.py
[2025-06-02T22:03:39.705+0000] {processor.py:829} INFO - Processing file /home/airflow/.local/lib/python3.10/site-packages/airflow/example_dags/example_xcomargs.py for tasks to queue
[2025-06-02T22:03:39.708+0000] {logging_mixin.py:154} INFO - [2025-06-02T22:03:39.707+0000] {dagbag.py:536} INFO - Filling up the DagBag from /home/airflow/.local/lib/python3.10/site-packages/airflow/example_dags/example_xcomargs.py
[2025-06-02T22:03:39.719+0000] {processor.py:839} INFO - DAG(s) dict_keys(['example_xcom_args', 'example_xcom_args_with_operators']) retrieved from /home/airflow/.local/lib/python3.10/site-packages/airflow/example_dags/example_xcomargs.py
[2025-06-02T22:03:39.756+0000] {logging_mixin.py:154} INFO - [2025-06-02T22:03:39.756+0000] {dag.py:2941} INFO - Sync 2 DAGs
[2025-06-02T22:03:39.776+0000] {logging_mixin.py:154} INFO - [2025-06-02T22:03:39.776+0000] {dag.py:3722} INFO - Setting next_dagrun for example_xcom_args to None, run_after=None
[2025-06-02T22:03:39.783+0000] {logging_mixin.py:154} INFO - [2025-06-02T22:03:39.782+0000] {dag.py:3722} INFO - Setting next_dagrun for example_xcom_args_with_operators to None, run_after=None
[2025-06-02T22:03:39.801+0000] {processor.py:179} INFO - Processing /home/airflow/.local/lib/python3.10/site-packages/airflow/example_dags/example_xcomargs.py took 0.103 seconds
[2025-06-02T22:04:10.055+0000] {processor.py:157} INFO - Started process (PID=503) to work on /home/airflow/.local/lib/python3.10/site-packages/airflow/example_dags/example_xcomargs.py
[2025-06-02T22:04:10.063+0000] {processor.py:829} INFO - Processing file /home/airflow/.local/lib/python3.10/site-packages/airflow/example_dags/example_xcomargs.py for tasks to queue
[2025-06-02T22:04:10.070+0000] {logging_mixin.py:154} INFO - [2025-06-02T22:04:10.070+0000] {dagbag.py:536} INFO - Filling up the DagBag from /home/airflow/.local/lib/python3.10/site-packages/airflow/example_dags/example_xcomargs.py
[2025-06-02T22:04:10.105+0000] {processor.py:839} INFO - DAG(s) dict_keys(['example_xcom_args_with_operators', 'example_xcom_args']) retrieved from /home/airflow/.local/lib/python3.10/site-packages/airflow/example_dags/example_xcomargs.py
[2025-06-02T22:04:10.194+0000] {logging_mixin.py:154} INFO - [2025-06-02T22:04:10.194+0000] {dag.py:2941} INFO - Sync 2 DAGs
[2025-06-02T22:04:10.248+0000] {logging_mixin.py:154} INFO - [2025-06-02T22:04:10.248+0000] {dag.py:3722} INFO - Setting next_dagrun for example_xcom_args to None, run_after=None
[2025-06-02T22:04:10.267+0000] {logging_mixin.py:154} INFO - [2025-06-02T22:04:10.266+0000] {dag.py:3722} INFO - Setting next_dagrun for example_xcom_args_with_operators to None, run_after=None
[2025-06-02T22:04:10.346+0000] {processor.py:179} INFO - Processing /home/airflow/.local/lib/python3.10/site-packages/airflow/example_dags/example_xcomargs.py took 0.300 seconds
[2025-06-02T22:04:40.490+0000] {processor.py:157} INFO - Started process (PID=557) to work on /home/airflow/.local/lib/python3.10/site-packages/airflow/example_dags/example_xcomargs.py
[2025-06-02T22:04:40.492+0000] {processor.py:829} INFO - Processing file /home/airflow/.local/lib/python3.10/site-packages/airflow/example_dags/example_xcomargs.py for tasks to queue
[2025-06-02T22:04:40.495+0000] {logging_mixin.py:154} INFO - [2025-06-02T22:04:40.494+0000] {dagbag.py:536} INFO - Filling up the DagBag from /home/airflow/.local/lib/python3.10/site-packages/airflow/example_dags/example_xcomargs.py
[2025-06-02T22:04:40.506+0000] {processor.py:839} INFO - DAG(s) dict_keys(['example_xcom_args', 'example_xcom_args_with_operators']) retrieved from /home/airflow/.local/lib/python3.10/site-packages/airflow/example_dags/example_xcomargs.py
[2025-06-02T22:04:40.538+0000] {logging_mixin.py:154} INFO - [2025-06-02T22:04:40.537+0000] {dag.py:2941} INFO - Sync 2 DAGs
[2025-06-02T22:04:40.554+0000] {logging_mixin.py:154} INFO - [2025-06-02T22:04:40.554+0000] {dag.py:3722} INFO - Setting next_dagrun for example_xcom_args to None, run_after=None
[2025-06-02T22:04:40.559+0000] {logging_mixin.py:154} INFO - [2025-06-02T22:04:40.558+0000] {dag.py:3722} INFO - Setting next_dagrun for example_xcom_args_with_operators to None, run_after=None
[2025-06-02T22:04:40.576+0000] {processor.py:179} INFO - Processing /home/airflow/.local/lib/python3.10/site-packages/airflow/example_dags/example_xcomargs.py took 0.091 seconds
[2025-06-02T22:05:10.802+0000] {processor.py:157} INFO - Started process (PID=612) to work on /home/airflow/.local/lib/python3.10/site-packages/airflow/example_dags/example_xcomargs.py
[2025-06-02T22:05:10.804+0000] {processor.py:829} INFO - Processing file /home/airflow/.local/lib/python3.10/site-packages/airflow/example_dags/example_xcomargs.py for tasks to queue
[2025-06-02T22:05:10.807+0000] {logging_mixin.py:154} INFO - [2025-06-02T22:05:10.807+0000] {dagbag.py:536} INFO - Filling up the DagBag from /home/airflow/.local/lib/python3.10/site-packages/airflow/example_dags/example_xcomargs.py
[2025-06-02T22:05:10.817+0000] {processor.py:839} INFO - DAG(s) dict_keys(['example_xcom_args_with_operators', 'example_xcom_args']) retrieved from /home/airflow/.local/lib/python3.10/site-packages/airflow/example_dags/example_xcomargs.py
[2025-06-02T22:05:10.840+0000] {logging_mixin.py:154} INFO - [2025-06-02T22:05:10.840+0000] {dag.py:2941} INFO - Sync 2 DAGs
[2025-06-02T22:05:10.853+0000] {logging_mixin.py:154} INFO - [2025-06-02T22:05:10.853+0000] {dag.py:3722} INFO - Setting next_dagrun for example_xcom_args to None, run_after=None
[2025-06-02T22:05:10.856+0000] {logging_mixin.py:154} INFO - [2025-06-02T22:05:10.856+0000] {dag.py:3722} INFO - Setting next_dagrun for example_xcom_args_with_operators to None, run_after=None
[2025-06-02T22:05:10.872+0000] {processor.py:179} INFO - Processing /home/airflow/.local/lib/python3.10/site-packages/airflow/example_dags/example_xcomargs.py took 0.074 seconds
[2025-06-02T22:05:41.078+0000] {processor.py:157} INFO - Started process (PID=666) to work on /home/airflow/.local/lib/python3.10/site-packages/airflow/example_dags/example_xcomargs.py
[2025-06-02T22:05:41.079+0000] {processor.py:829} INFO - Processing file /home/airflow/.local/lib/python3.10/site-packages/airflow/example_dags/example_xcomargs.py for tasks to queue
[2025-06-02T22:05:41.082+0000] {logging_mixin.py:154} INFO - [2025-06-02T22:05:41.082+0000] {dagbag.py:536} INFO - Filling up the DagBag from /home/airflow/.local/lib/python3.10/site-packages/airflow/example_dags/example_xcomargs.py
[2025-06-02T22:05:41.093+0000] {processor.py:839} INFO - DAG(s) dict_keys(['example_xcom_args', 'example_xcom_args_with_operators']) retrieved from /home/airflow/.local/lib/python3.10/site-packages/airflow/example_dags/example_xcomargs.py
[2025-06-02T22:05:41.125+0000] {logging_mixin.py:154} INFO - [2025-06-02T22:05:41.125+0000] {dag.py:2941} INFO - Sync 2 DAGs
[2025-06-02T22:05:41.140+0000] {logging_mixin.py:154} INFO - [2025-06-02T22:05:41.140+0000] {dag.py:3722} INFO - Setting next_dagrun for example_xcom_args to None, run_after=None
[2025-06-02T22:05:41.144+0000] {logging_mixin.py:154} INFO - [2025-06-02T22:05:41.144+0000] {dag.py:3722} INFO - Setting next_dagrun for example_xcom_args_with_operators to None, run_after=None
[2025-06-02T22:05:41.163+0000] {processor.py:179} INFO - Processing /home/airflow/.local/lib/python3.10/site-packages/airflow/example_dags/example_xcomargs.py took 0.090 seconds
[2025-06-02T22:06:11.323+0000] {processor.py:157} INFO - Started process (PID=719) to work on /home/airflow/.local/lib/python3.10/site-packages/airflow/example_dags/example_xcomargs.py
[2025-06-02T22:06:11.325+0000] {processor.py:829} INFO - Processing file /home/airflow/.local/lib/python3.10/site-packages/airflow/example_dags/example_xcomargs.py for tasks to queue
[2025-06-02T22:06:11.328+0000] {logging_mixin.py:154} INFO - [2025-06-02T22:06:11.327+0000] {dagbag.py:536} INFO - Filling up the DagBag from /home/airflow/.local/lib/python3.10/site-packages/airflow/example_dags/example_xcomargs.py
[2025-06-02T22:06:11.339+0000] {processor.py:839} INFO - DAG(s) dict_keys(['example_xcom_args', 'example_xcom_args_with_operators']) retrieved from /home/airflow/.local/lib/python3.10/site-packages/airflow/example_dags/example_xcomargs.py
[2025-06-02T22:06:11.374+0000] {logging_mixin.py:154} INFO - [2025-06-02T22:06:11.374+0000] {dag.py:2941} INFO - Sync 2 DAGs
[2025-06-02T22:06:11.392+0000] {logging_mixin.py:154} INFO - [2025-06-02T22:06:11.391+0000] {dag.py:3722} INFO - Setting next_dagrun for example_xcom_args to None, run_after=None
[2025-06-02T22:06:11.396+0000] {logging_mixin.py:154} INFO - [2025-06-02T22:06:11.396+0000] {dag.py:3722} INFO - Setting next_dagrun for example_xcom_args_with_operators to None, run_after=None
[2025-06-02T22:06:11.413+0000] {processor.py:179} INFO - Processing /home/airflow/.local/lib/python3.10/site-packages/airflow/example_dags/example_xcomargs.py took 0.095 seconds
[2025-06-02T22:06:41.865+0000] {processor.py:157} INFO - Started process (PID=774) to work on /home/airflow/.local/lib/python3.10/site-packages/airflow/example_dags/example_xcomargs.py
[2025-06-02T22:06:41.866+0000] {processor.py:829} INFO - Processing file /home/airflow/.local/lib/python3.10/site-packages/airflow/example_dags/example_xcomargs.py for tasks to queue
[2025-06-02T22:06:41.869+0000] {logging_mixin.py:154} INFO - [2025-06-02T22:06:41.868+0000] {dagbag.py:536} INFO - Filling up the DagBag from /home/airflow/.local/lib/python3.10/site-packages/airflow/example_dags/example_xcomargs.py
[2025-06-02T22:06:41.880+0000] {processor.py:839} INFO - DAG(s) dict_keys(['example_xcom_args', 'example_xcom_args_with_operators']) retrieved from /home/airflow/.local/lib/python3.10/site-packages/airflow/example_dags/example_xcomargs.py
[2025-06-02T22:06:41.911+0000] {logging_mixin.py:154} INFO - [2025-06-02T22:06:41.911+0000] {dag.py:2941} INFO - Sync 2 DAGs
[2025-06-02T22:06:41.925+0000] {logging_mixin.py:154} INFO - [2025-06-02T22:06:41.925+0000] {dag.py:3722} INFO - Setting next_dagrun for example_xcom_args to None, run_after=None
[2025-06-02T22:06:41.929+0000] {logging_mixin.py:154} INFO - [2025-06-02T22:06:41.928+0000] {dag.py:3722} INFO - Setting next_dagrun for example_xcom_args_with_operators to None, run_after=None
[2025-06-02T22:06:41.947+0000] {processor.py:179} INFO - Processing /home/airflow/.local/lib/python3.10/site-packages/airflow/example_dags/example_xcomargs.py took 0.087 seconds
[2025-06-02T22:07:13.067+0000] {processor.py:157} INFO - Started process (PID=828) to work on /home/airflow/.local/lib/python3.10/site-packages/airflow/example_dags/example_xcomargs.py
[2025-06-02T22:07:13.069+0000] {processor.py:829} INFO - Processing file /home/airflow/.local/lib/python3.10/site-packages/airflow/example_dags/example_xcomargs.py for tasks to queue
[2025-06-02T22:07:13.072+0000] {logging_mixin.py:154} INFO - [2025-06-02T22:07:13.072+0000] {dagbag.py:536} INFO - Filling up the DagBag from /home/airflow/.local/lib/python3.10/site-packages/airflow/example_dags/example_xcomargs.py
[2025-06-02T22:07:13.083+0000] {processor.py:839} INFO - DAG(s) dict_keys(['example_xcom_args_with_operators', 'example_xcom_args']) retrieved from /home/airflow/.local/lib/python3.10/site-packages/airflow/example_dags/example_xcomargs.py
[2025-06-02T22:07:13.114+0000] {logging_mixin.py:154} INFO - [2025-06-02T22:07:13.114+0000] {dag.py:2941} INFO - Sync 2 DAGs
[2025-06-02T22:07:13.131+0000] {logging_mixin.py:154} INFO - [2025-06-02T22:07:13.131+0000] {dag.py:3722} INFO - Setting next_dagrun for example_xcom_args to None, run_after=None
[2025-06-02T22:07:13.136+0000] {logging_mixin.py:154} INFO - [2025-06-02T22:07:13.136+0000] {dag.py:3722} INFO - Setting next_dagrun for example_xcom_args_with_operators to None, run_after=None
[2025-06-02T22:07:13.154+0000] {processor.py:179} INFO - Processing /home/airflow/.local/lib/python3.10/site-packages/airflow/example_dags/example_xcomargs.py took 0.092 seconds
[2025-06-02T22:07:43.745+0000] {processor.py:157} INFO - Started process (PID=882) to work on /home/airflow/.local/lib/python3.10/site-packages/airflow/example_dags/example_xcomargs.py
[2025-06-02T22:07:43.746+0000] {processor.py:829} INFO - Processing file /home/airflow/.local/lib/python3.10/site-packages/airflow/example_dags/example_xcomargs.py for tasks to queue
[2025-06-02T22:07:43.749+0000] {logging_mixin.py:154} INFO - [2025-06-02T22:07:43.749+0000] {dagbag.py:536} INFO - Filling up the DagBag from /home/airflow/.local/lib/python3.10/site-packages/airflow/example_dags/example_xcomargs.py
[2025-06-02T22:07:43.760+0000] {processor.py:839} INFO - DAG(s) dict_keys(['example_xcom_args', 'example_xcom_args_with_operators']) retrieved from /home/airflow/.local/lib/python3.10/site-packages/airflow/example_dags/example_xcomargs.py
[2025-06-02T22:07:43.790+0000] {logging_mixin.py:154} INFO - [2025-06-02T22:07:43.789+0000] {dag.py:2941} INFO - Sync 2 DAGs
[2025-06-02T22:07:43.806+0000] {logging_mixin.py:154} INFO - [2025-06-02T22:07:43.806+0000] {dag.py:3722} INFO - Setting next_dagrun for example_xcom_args to None, run_after=None
[2025-06-02T22:07:43.811+0000] {logging_mixin.py:154} INFO - [2025-06-02T22:07:43.810+0000] {dag.py:3722} INFO - Setting next_dagrun for example_xcom_args_with_operators to None, run_after=None
[2025-06-02T22:07:43.829+0000] {processor.py:179} INFO - Processing /home/airflow/.local/lib/python3.10/site-packages/airflow/example_dags/example_xcomargs.py took 0.089 seconds
[2025-06-02T22:08:14.335+0000] {processor.py:157} INFO - Started process (PID=936) to work on /home/airflow/.local/lib/python3.10/site-packages/airflow/example_dags/example_xcomargs.py
[2025-06-02T22:08:14.336+0000] {processor.py:829} INFO - Processing file /home/airflow/.local/lib/python3.10/site-packages/airflow/example_dags/example_xcomargs.py for tasks to queue
[2025-06-02T22:08:14.339+0000] {logging_mixin.py:154} INFO - [2025-06-02T22:08:14.339+0000] {dagbag.py:536} INFO - Filling up the DagBag from /home/airflow/.local/lib/python3.10/site-packages/airflow/example_dags/example_xcomargs.py
[2025-06-02T22:08:14.350+0000] {processor.py:839} INFO - DAG(s) dict_keys(['example_xcom_args_with_operators', 'example_xcom_args']) retrieved from /home/airflow/.local/lib/python3.10/site-packages/airflow/example_dags/example_xcomargs.py
[2025-06-02T22:08:14.383+0000] {logging_mixin.py:154} INFO - [2025-06-02T22:08:14.382+0000] {dag.py:2941} INFO - Sync 2 DAGs
[2025-06-02T22:08:14.400+0000] {logging_mixin.py:154} INFO - [2025-06-02T22:08:14.400+0000] {dag.py:3722} INFO - Setting next_dagrun for example_xcom_args to None, run_after=None
[2025-06-02T22:08:14.404+0000] {logging_mixin.py:154} INFO - [2025-06-02T22:08:14.404+0000] {dag.py:3722} INFO - Setting next_dagrun for example_xcom_args_with_operators to None, run_after=None
[2025-06-02T22:08:14.424+0000] {processor.py:179} INFO - Processing /home/airflow/.local/lib/python3.10/site-packages/airflow/example_dags/example_xcomargs.py took 0.093 seconds
[2025-06-02T22:08:45.504+0000] {processor.py:157} INFO - Started process (PID=990) to work on /home/airflow/.local/lib/python3.10/site-packages/airflow/example_dags/example_xcomargs.py
[2025-06-02T22:08:45.506+0000] {processor.py:829} INFO - Processing file /home/airflow/.local/lib/python3.10/site-packages/airflow/example_dags/example_xcomargs.py for tasks to queue
[2025-06-02T22:08:45.509+0000] {logging_mixin.py:154} INFO - [2025-06-02T22:08:45.508+0000] {dagbag.py:536} INFO - Filling up the DagBag from /home/airflow/.local/lib/python3.10/site-packages/airflow/example_dags/example_xcomargs.py
[2025-06-02T22:08:45.520+0000] {processor.py:839} INFO - DAG(s) dict_keys(['example_xcom_args', 'example_xcom_args_with_operators']) retrieved from /home/airflow/.local/lib/python3.10/site-packages/airflow/example_dags/example_xcomargs.py
[2025-06-02T22:08:45.566+0000] {logging_mixin.py:154} INFO - [2025-06-02T22:08:45.566+0000] {dag.py:2941} INFO - Sync 2 DAGs
[2025-06-02T22:08:45.585+0000] {logging_mixin.py:154} INFO - [2025-06-02T22:08:45.584+0000] {dag.py:3722} INFO - Setting next_dagrun for example_xcom_args to None, run_after=None
[2025-06-02T22:08:45.781+0000] {logging_mixin.py:154} INFO - [2025-06-02T22:08:45.781+0000] {dag.py:3722} INFO - Setting next_dagrun for example_xcom_args_with_operators to None, run_after=None
[2025-06-02T22:08:45.800+0000] {processor.py:179} INFO - Processing /home/airflow/.local/lib/python3.10/site-packages/airflow/example_dags/example_xcomargs.py took 0.301 seconds
[2025-06-02T22:09:16.702+0000] {processor.py:157} INFO - Started process (PID=1044) to work on /home/airflow/.local/lib/python3.10/site-packages/airflow/example_dags/example_xcomargs.py
[2025-06-02T22:09:16.703+0000] {processor.py:829} INFO - Processing file /home/airflow/.local/lib/python3.10/site-packages/airflow/example_dags/example_xcomargs.py for tasks to queue
[2025-06-02T22:09:16.706+0000] {logging_mixin.py:154} INFO - [2025-06-02T22:09:16.706+0000] {dagbag.py:536} INFO - Filling up the DagBag from /home/airflow/.local/lib/python3.10/site-packages/airflow/example_dags/example_xcomargs.py
[2025-06-02T22:09:16.717+0000] {processor.py:839} INFO - DAG(s) dict_keys(['example_xcom_args', 'example_xcom_args_with_operators']) retrieved from /home/airflow/.local/lib/python3.10/site-packages/airflow/example_dags/example_xcomargs.py
[2025-06-02T22:09:16.751+0000] {logging_mixin.py:154} INFO - [2025-06-02T22:09:16.750+0000] {dag.py:2941} INFO - Sync 2 DAGs
[2025-06-02T22:09:16.769+0000] {logging_mixin.py:154} INFO - [2025-06-02T22:09:16.769+0000] {dag.py:3722} INFO - Setting next_dagrun for example_xcom_args to None, run_after=None
[2025-06-02T22:09:16.774+0000] {logging_mixin.py:154} INFO - [2025-06-02T22:09:16.774+0000] {dag.py:3722} INFO - Setting next_dagrun for example_xcom_args_with_operators to None, run_after=None
[2025-06-02T22:09:16.793+0000] {processor.py:179} INFO - Processing /home/airflow/.local/lib/python3.10/site-packages/airflow/example_dags/example_xcomargs.py took 0.096 seconds
[2025-06-02T22:09:47.600+0000] {processor.py:157} INFO - Started process (PID=1097) to work on /home/airflow/.local/lib/python3.10/site-packages/airflow/example_dags/example_xcomargs.py
[2025-06-02T22:09:47.602+0000] {processor.py:829} INFO - Processing file /home/airflow/.local/lib/python3.10/site-packages/airflow/example_dags/example_xcomargs.py for tasks to queue
[2025-06-02T22:09:47.605+0000] {logging_mixin.py:154} INFO - [2025-06-02T22:09:47.604+0000] {dagbag.py:536} INFO - Filling up the DagBag from /home/airflow/.local/lib/python3.10/site-packages/airflow/example_dags/example_xcomargs.py
[2025-06-02T22:09:47.669+0000] {processor.py:839} INFO - DAG(s) dict_keys(['example_xcom_args', 'example_xcom_args_with_operators']) retrieved from /home/airflow/.local/lib/python3.10/site-packages/airflow/example_dags/example_xcomargs.py
[2025-06-02T22:09:47.804+0000] {logging_mixin.py:154} INFO - [2025-06-02T22:09:47.804+0000] {dag.py:2941} INFO - Sync 2 DAGs
[2025-06-02T22:09:47.851+0000] {logging_mixin.py:154} INFO - [2025-06-02T22:09:47.851+0000] {dag.py:3722} INFO - Setting next_dagrun for example_xcom_args to None, run_after=None
[2025-06-02T22:09:47.869+0000] {logging_mixin.py:154} INFO - [2025-06-02T22:09:47.865+0000] {dag.py:3722} INFO - Setting next_dagrun for example_xcom_args_with_operators to None, run_after=None
[2025-06-02T22:09:47.916+0000] {processor.py:179} INFO - Processing /home/airflow/.local/lib/python3.10/site-packages/airflow/example_dags/example_xcomargs.py took 0.323 seconds
[2025-06-02T22:10:18.350+0000] {processor.py:157} INFO - Started process (PID=1151) to work on /home/airflow/.local/lib/python3.10/site-packages/airflow/example_dags/example_xcomargs.py
[2025-06-02T22:10:18.370+0000] {processor.py:829} INFO - Processing file /home/airflow/.local/lib/python3.10/site-packages/airflow/example_dags/example_xcomargs.py for tasks to queue
[2025-06-02T22:10:18.394+0000] {logging_mixin.py:154} INFO - [2025-06-02T22:10:18.394+0000] {dagbag.py:536} INFO - Filling up the DagBag from /home/airflow/.local/lib/python3.10/site-packages/airflow/example_dags/example_xcomargs.py
[2025-06-02T22:10:18.438+0000] {processor.py:839} INFO - DAG(s) dict_keys(['example_xcom_args', 'example_xcom_args_with_operators']) retrieved from /home/airflow/.local/lib/python3.10/site-packages/airflow/example_dags/example_xcomargs.py
[2025-06-02T22:10:18.618+0000] {logging_mixin.py:154} INFO - [2025-06-02T22:10:18.618+0000] {dag.py:2941} INFO - Sync 2 DAGs
[2025-06-02T22:10:19.204+0000] {logging_mixin.py:154} INFO - [2025-06-02T22:10:19.204+0000] {dag.py:3722} INFO - Setting next_dagrun for example_xcom_args to None, run_after=None
[2025-06-02T22:10:19.226+0000] {logging_mixin.py:154} INFO - [2025-06-02T22:10:19.226+0000] {dag.py:3722} INFO - Setting next_dagrun for example_xcom_args_with_operators to None, run_after=None
[2025-06-02T22:10:19.303+0000] {processor.py:179} INFO - Processing /home/airflow/.local/lib/python3.10/site-packages/airflow/example_dags/example_xcomargs.py took 0.979 seconds
[2025-06-02T22:10:50.014+0000] {processor.py:157} INFO - Started process (PID=1205) to work on /home/airflow/.local/lib/python3.10/site-packages/airflow/example_dags/example_xcomargs.py
[2025-06-02T22:10:50.015+0000] {processor.py:829} INFO - Processing file /home/airflow/.local/lib/python3.10/site-packages/airflow/example_dags/example_xcomargs.py for tasks to queue
[2025-06-02T22:10:50.022+0000] {logging_mixin.py:154} INFO - [2025-06-02T22:10:50.022+0000] {dagbag.py:536} INFO - Filling up the DagBag from /home/airflow/.local/lib/python3.10/site-packages/airflow/example_dags/example_xcomargs.py
[2025-06-02T22:10:50.041+0000] {processor.py:839} INFO - DAG(s) dict_keys(['example_xcom_args', 'example_xcom_args_with_operators']) retrieved from /home/airflow/.local/lib/python3.10/site-packages/airflow/example_dags/example_xcomargs.py
[2025-06-02T22:10:50.116+0000] {logging_mixin.py:154} INFO - [2025-06-02T22:10:50.116+0000] {dag.py:2941} INFO - Sync 2 DAGs
[2025-06-02T22:10:50.148+0000] {logging_mixin.py:154} INFO - [2025-06-02T22:10:50.148+0000] {dag.py:3722} INFO - Setting next_dagrun for example_xcom_args to None, run_after=None
[2025-06-02T22:10:50.160+0000] {logging_mixin.py:154} INFO - [2025-06-02T22:10:50.160+0000] {dag.py:3722} INFO - Setting next_dagrun for example_xcom_args_with_operators to None, run_after=None
[2025-06-02T22:10:50.215+0000] {processor.py:179} INFO - Processing /home/airflow/.local/lib/python3.10/site-packages/airflow/example_dags/example_xcomargs.py took 0.213 seconds
[2025-06-02T23:03:32.746+0000] {processor.py:157} INFO - Started process (PID=65) to work on /home/airflow/.local/lib/python3.10/site-packages/airflow/example_dags/example_xcomargs.py
[2025-06-02T23:03:32.750+0000] {processor.py:829} INFO - Processing file /home/airflow/.local/lib/python3.10/site-packages/airflow/example_dags/example_xcomargs.py for tasks to queue
[2025-06-02T23:03:32.766+0000] {logging_mixin.py:154} INFO - [2025-06-02T23:03:32.765+0000] {dagbag.py:536} INFO - Filling up the DagBag from /home/airflow/.local/lib/python3.10/site-packages/airflow/example_dags/example_xcomargs.py
[2025-06-02T23:03:32.808+0000] {processor.py:839} INFO - DAG(s) dict_keys(['example_xcom_args', 'example_xcom_args_with_operators']) retrieved from /home/airflow/.local/lib/python3.10/site-packages/airflow/example_dags/example_xcomargs.py
[2025-06-02T23:03:32.955+0000] {logging_mixin.py:154} INFO - [2025-06-02T23:03:32.955+0000] {dag.py:2941} INFO - Sync 2 DAGs
[2025-06-02T23:03:33.005+0000] {logging_mixin.py:154} INFO - [2025-06-02T23:03:33.004+0000] {dag.py:3722} INFO - Setting next_dagrun for example_xcom_args to None, run_after=None
[2025-06-02T23:03:33.022+0000] {logging_mixin.py:154} INFO - [2025-06-02T23:03:33.022+0000] {dag.py:3722} INFO - Setting next_dagrun for example_xcom_args_with_operators to None, run_after=None
[2025-06-02T23:03:33.102+0000] {processor.py:179} INFO - Processing /home/airflow/.local/lib/python3.10/site-packages/airflow/example_dags/example_xcomargs.py took 0.387 seconds
[2025-06-02T23:03:59.463+0000] {processor.py:157} INFO - Started process (PID=57) to work on /home/airflow/.local/lib/python3.10/site-packages/airflow/example_dags/example_xcomargs.py
[2025-06-02T23:03:59.464+0000] {processor.py:829} INFO - Processing file /home/airflow/.local/lib/python3.10/site-packages/airflow/example_dags/example_xcomargs.py for tasks to queue
[2025-06-02T23:03:59.467+0000] {logging_mixin.py:154} INFO - [2025-06-02T23:03:59.467+0000] {dagbag.py:536} INFO - Filling up the DagBag from /home/airflow/.local/lib/python3.10/site-packages/airflow/example_dags/example_xcomargs.py
[2025-06-02T23:03:59.478+0000] {processor.py:839} INFO - DAG(s) dict_keys(['example_xcom_args_with_operators', 'example_xcom_args']) retrieved from /home/airflow/.local/lib/python3.10/site-packages/airflow/example_dags/example_xcomargs.py
[2025-06-02T23:03:59.519+0000] {logging_mixin.py:154} INFO - [2025-06-02T23:03:59.519+0000] {dag.py:2941} INFO - Sync 2 DAGs
[2025-06-02T23:03:59.537+0000] {logging_mixin.py:154} INFO - [2025-06-02T23:03:59.536+0000] {dag.py:3722} INFO - Setting next_dagrun for example_xcom_args to None, run_after=None
[2025-06-02T23:03:59.541+0000] {logging_mixin.py:154} INFO - [2025-06-02T23:03:59.541+0000] {dag.py:3722} INFO - Setting next_dagrun for example_xcom_args_with_operators to None, run_after=None
[2025-06-02T23:03:59.565+0000] {processor.py:179} INFO - Processing /home/airflow/.local/lib/python3.10/site-packages/airflow/example_dags/example_xcomargs.py took 0.106 seconds
[2025-06-02T23:04:30.238+0000] {processor.py:157} INFO - Started process (PID=113) to work on /home/airflow/.local/lib/python3.10/site-packages/airflow/example_dags/example_xcomargs.py
[2025-06-02T23:04:30.244+0000] {processor.py:829} INFO - Processing file /home/airflow/.local/lib/python3.10/site-packages/airflow/example_dags/example_xcomargs.py for tasks to queue
[2025-06-02T23:04:30.247+0000] {logging_mixin.py:154} INFO - [2025-06-02T23:04:30.247+0000] {dagbag.py:536} INFO - Filling up the DagBag from /home/airflow/.local/lib/python3.10/site-packages/airflow/example_dags/example_xcomargs.py
[2025-06-02T23:04:30.258+0000] {processor.py:839} INFO - DAG(s) dict_keys(['example_xcom_args', 'example_xcom_args_with_operators']) retrieved from /home/airflow/.local/lib/python3.10/site-packages/airflow/example_dags/example_xcomargs.py
[2025-06-02T23:04:30.296+0000] {logging_mixin.py:154} INFO - [2025-06-02T23:04:30.296+0000] {dag.py:2941} INFO - Sync 2 DAGs
[2025-06-02T23:04:30.317+0000] {logging_mixin.py:154} INFO - [2025-06-02T23:04:30.317+0000] {dag.py:3722} INFO - Setting next_dagrun for example_xcom_args to None, run_after=None
[2025-06-02T23:04:30.322+0000] {logging_mixin.py:154} INFO - [2025-06-02T23:04:30.322+0000] {dag.py:3722} INFO - Setting next_dagrun for example_xcom_args_with_operators to None, run_after=None
[2025-06-02T23:04:30.353+0000] {processor.py:179} INFO - Processing /home/airflow/.local/lib/python3.10/site-packages/airflow/example_dags/example_xcomargs.py took 0.120 seconds
[2025-06-02T23:05:00.386+0000] {processor.py:157} INFO - Started process (PID=169) to work on /home/airflow/.local/lib/python3.10/site-packages/airflow/example_dags/example_xcomargs.py
[2025-06-02T23:05:00.388+0000] {processor.py:829} INFO - Processing file /home/airflow/.local/lib/python3.10/site-packages/airflow/example_dags/example_xcomargs.py for tasks to queue
[2025-06-02T23:05:00.391+0000] {logging_mixin.py:154} INFO - [2025-06-02T23:05:00.390+0000] {dagbag.py:536} INFO - Filling up the DagBag from /home/airflow/.local/lib/python3.10/site-packages/airflow/example_dags/example_xcomargs.py
[2025-06-02T23:05:00.403+0000] {processor.py:839} INFO - DAG(s) dict_keys(['example_xcom_args', 'example_xcom_args_with_operators']) retrieved from /home/airflow/.local/lib/python3.10/site-packages/airflow/example_dags/example_xcomargs.py
[2025-06-02T23:05:00.436+0000] {logging_mixin.py:154} INFO - [2025-06-02T23:05:00.436+0000] {dag.py:2941} INFO - Sync 2 DAGs
[2025-06-02T23:05:00.449+0000] {logging_mixin.py:154} INFO - [2025-06-02T23:05:00.449+0000] {dag.py:3722} INFO - Setting next_dagrun for example_xcom_args to None, run_after=None
[2025-06-02T23:05:00.453+0000] {logging_mixin.py:154} INFO - [2025-06-02T23:05:00.453+0000] {dag.py:3722} INFO - Setting next_dagrun for example_xcom_args_with_operators to None, run_after=None
[2025-06-02T23:05:00.472+0000] {processor.py:179} INFO - Processing /home/airflow/.local/lib/python3.10/site-packages/airflow/example_dags/example_xcomargs.py took 0.090 seconds
[2025-06-02T23:05:32.554+0000] {processor.py:157} INFO - Started process (PID=225) to work on /home/airflow/.local/lib/python3.10/site-packages/airflow/example_dags/example_xcomargs.py
[2025-06-02T23:05:32.556+0000] {processor.py:829} INFO - Processing file /home/airflow/.local/lib/python3.10/site-packages/airflow/example_dags/example_xcomargs.py for tasks to queue
[2025-06-02T23:05:32.559+0000] {logging_mixin.py:154} INFO - [2025-06-02T23:05:32.559+0000] {dagbag.py:536} INFO - Filling up the DagBag from /home/airflow/.local/lib/python3.10/site-packages/airflow/example_dags/example_xcomargs.py
[2025-06-02T23:05:32.570+0000] {processor.py:839} INFO - DAG(s) dict_keys(['example_xcom_args_with_operators', 'example_xcom_args']) retrieved from /home/airflow/.local/lib/python3.10/site-packages/airflow/example_dags/example_xcomargs.py
[2025-06-02T23:05:32.602+0000] {logging_mixin.py:154} INFO - [2025-06-02T23:05:32.602+0000] {dag.py:2941} INFO - Sync 2 DAGs
[2025-06-02T23:05:32.620+0000] {logging_mixin.py:154} INFO - [2025-06-02T23:05:32.619+0000] {dag.py:3722} INFO - Setting next_dagrun for example_xcom_args to None, run_after=None
[2025-06-02T23:05:32.624+0000] {logging_mixin.py:154} INFO - [2025-06-02T23:05:32.624+0000] {dag.py:3722} INFO - Setting next_dagrun for example_xcom_args_with_operators to None, run_after=None
[2025-06-02T23:05:32.649+0000] {processor.py:179} INFO - Processing /home/airflow/.local/lib/python3.10/site-packages/airflow/example_dags/example_xcomargs.py took 0.098 seconds
[2025-06-02T23:06:06.816+0000] {processor.py:157} INFO - Started process (PID=281) to work on /home/airflow/.local/lib/python3.10/site-packages/airflow/example_dags/example_xcomargs.py
[2025-06-02T23:06:06.819+0000] {processor.py:829} INFO - Processing file /home/airflow/.local/lib/python3.10/site-packages/airflow/example_dags/example_xcomargs.py for tasks to queue
[2025-06-02T23:06:06.822+0000] {logging_mixin.py:154} INFO - [2025-06-02T23:06:06.821+0000] {dagbag.py:536} INFO - Filling up the DagBag from /home/airflow/.local/lib/python3.10/site-packages/airflow/example_dags/example_xcomargs.py
[2025-06-02T23:06:06.833+0000] {processor.py:839} INFO - DAG(s) dict_keys(['example_xcom_args', 'example_xcom_args_with_operators']) retrieved from /home/airflow/.local/lib/python3.10/site-packages/airflow/example_dags/example_xcomargs.py
[2025-06-02T23:06:06.866+0000] {logging_mixin.py:154} INFO - [2025-06-02T23:06:06.865+0000] {dag.py:2941} INFO - Sync 2 DAGs
[2025-06-02T23:06:06.882+0000] {logging_mixin.py:154} INFO - [2025-06-02T23:06:06.882+0000] {dag.py:3722} INFO - Setting next_dagrun for example_xcom_args to None, run_after=None
[2025-06-02T23:06:06.886+0000] {logging_mixin.py:154} INFO - [2025-06-02T23:06:06.886+0000] {dag.py:3722} INFO - Setting next_dagrun for example_xcom_args_with_operators to None, run_after=None
[2025-06-02T23:06:06.947+0000] {processor.py:179} INFO - Processing /home/airflow/.local/lib/python3.10/site-packages/airflow/example_dags/example_xcomargs.py took 0.136 seconds
[2025-06-02T23:06:39.383+0000] {processor.py:157} INFO - Started process (PID=337) to work on /home/airflow/.local/lib/python3.10/site-packages/airflow/example_dags/example_xcomargs.py
[2025-06-02T23:06:39.410+0000] {processor.py:829} INFO - Processing file /home/airflow/.local/lib/python3.10/site-packages/airflow/example_dags/example_xcomargs.py for tasks to queue
[2025-06-02T23:06:39.413+0000] {logging_mixin.py:154} INFO - [2025-06-02T23:06:39.413+0000] {dagbag.py:536} INFO - Filling up the DagBag from /home/airflow/.local/lib/python3.10/site-packages/airflow/example_dags/example_xcomargs.py
[2025-06-02T23:06:39.478+0000] {processor.py:839} INFO - DAG(s) dict_keys(['example_xcom_args', 'example_xcom_args_with_operators']) retrieved from /home/airflow/.local/lib/python3.10/site-packages/airflow/example_dags/example_xcomargs.py
[2025-06-02T23:06:39.613+0000] {logging_mixin.py:154} INFO - [2025-06-02T23:06:39.613+0000] {dag.py:2941} INFO - Sync 2 DAGs
[2025-06-02T23:06:39.673+0000] {logging_mixin.py:154} INFO - [2025-06-02T23:06:39.672+0000] {dag.py:3722} INFO - Setting next_dagrun for example_xcom_args to None, run_after=None
[2025-06-02T23:06:39.706+0000] {logging_mixin.py:154} INFO - [2025-06-02T23:06:39.706+0000] {dag.py:3722} INFO - Setting next_dagrun for example_xcom_args_with_operators to None, run_after=None
[2025-06-02T23:06:39.795+0000] {processor.py:179} INFO - Processing /home/airflow/.local/lib/python3.10/site-packages/airflow/example_dags/example_xcomargs.py took 0.429 seconds
[2025-06-02T23:07:10.245+0000] {processor.py:157} INFO - Started process (PID=400) to work on /home/airflow/.local/lib/python3.10/site-packages/airflow/example_dags/example_xcomargs.py
[2025-06-02T23:07:10.261+0000] {processor.py:829} INFO - Processing file /home/airflow/.local/lib/python3.10/site-packages/airflow/example_dags/example_xcomargs.py for tasks to queue
[2025-06-02T23:07:10.264+0000] {logging_mixin.py:154} INFO - [2025-06-02T23:07:10.264+0000] {dagbag.py:536} INFO - Filling up the DagBag from /home/airflow/.local/lib/python3.10/site-packages/airflow/example_dags/example_xcomargs.py
[2025-06-02T23:07:10.280+0000] {processor.py:839} INFO - DAG(s) dict_keys(['example_xcom_args', 'example_xcom_args_with_operators']) retrieved from /home/airflow/.local/lib/python3.10/site-packages/airflow/example_dags/example_xcomargs.py
[2025-06-02T23:07:10.382+0000] {logging_mixin.py:154} INFO - [2025-06-02T23:07:10.382+0000] {dag.py:2941} INFO - Sync 2 DAGs
[2025-06-02T23:07:10.399+0000] {logging_mixin.py:154} INFO - [2025-06-02T23:07:10.399+0000] {dag.py:3722} INFO - Setting next_dagrun for example_xcom_args to None, run_after=None
[2025-06-02T23:07:10.404+0000] {logging_mixin.py:154} INFO - [2025-06-02T23:07:10.404+0000] {dag.py:3722} INFO - Setting next_dagrun for example_xcom_args_with_operators to None, run_after=None
[2025-06-02T23:07:10.442+0000] {processor.py:179} INFO - Processing /home/airflow/.local/lib/python3.10/site-packages/airflow/example_dags/example_xcomargs.py took 0.201 seconds
