[2025-06-02T21:59:52.195+0000] {processor.py:157} INFO - Started process (PID=36) to work on /home/airflow/.local/lib/python3.10/site-packages/airflow/example_dags/tutorial_taskflow_api.py
[2025-06-02T21:59:52.199+0000] {processor.py:829} INFO - Processing file /home/airflow/.local/lib/python3.10/site-packages/airflow/example_dags/tutorial_taskflow_api.py for tasks to queue
[2025-06-02T21:59:52.211+0000] {logging_mixin.py:154} INFO - [2025-06-02T21:59:52.211+0000] {dagbag.py:536} INFO - Filling up the DagBag from /home/airflow/.local/lib/python3.10/site-packages/airflow/example_dags/tutorial_taskflow_api.py
[2025-06-02T21:59:52.240+0000] {processor.py:839} INFO - DAG(s) dict_keys(['tutorial_taskflow_api']) retrieved from /home/airflow/.local/lib/python3.10/site-packages/airflow/example_dags/tutorial_taskflow_api.py
[2025-06-02T21:59:52.780+0000] {logging_mixin.py:154} INFO - [2025-06-02T21:59:52.780+0000] {manager.py:499} INFO - Created Permission View: %s
[2025-06-02T21:59:52.822+0000] {logging_mixin.py:154} INFO - [2025-06-02T21:59:52.821+0000] {manager.py:499} INFO - Created Permission View: %s
[2025-06-02T21:59:52.838+0000] {logging_mixin.py:154} INFO - [2025-06-02T21:59:52.838+0000] {manager.py:499} INFO - Created Permission View: %s
[2025-06-02T21:59:52.839+0000] {logging_mixin.py:154} INFO - [2025-06-02T21:59:52.839+0000] {dag.py:2941} INFO - Sync 1 DAGs
[2025-06-02T21:59:52.877+0000] {logging_mixin.py:154} INFO - [2025-06-02T21:59:52.877+0000] {dag.py:2963} INFO - Creating ORM DAG for tutorial_taskflow_api
[2025-06-02T21:59:52.888+0000] {logging_mixin.py:154} INFO - [2025-06-02T21:59:52.886+0000] {dag.py:3722} INFO - Setting next_dagrun for tutorial_taskflow_api to None, run_after=None
[2025-06-02T21:59:52.923+0000] {processor.py:179} INFO - Processing /home/airflow/.local/lib/python3.10/site-packages/airflow/example_dags/tutorial_taskflow_api.py took 0.750 seconds
[2025-06-02T22:00:23.137+0000] {processor.py:157} INFO - Started process (PID=90) to work on /home/airflow/.local/lib/python3.10/site-packages/airflow/example_dags/tutorial_taskflow_api.py
[2025-06-02T22:00:23.140+0000] {processor.py:829} INFO - Processing file /home/airflow/.local/lib/python3.10/site-packages/airflow/example_dags/tutorial_taskflow_api.py for tasks to queue
[2025-06-02T22:00:23.146+0000] {logging_mixin.py:154} INFO - [2025-06-02T22:00:23.145+0000] {dagbag.py:536} INFO - Filling up the DagBag from /home/airflow/.local/lib/python3.10/site-packages/airflow/example_dags/tutorial_taskflow_api.py
[2025-06-02T22:00:23.151+0000] {processor.py:839} INFO - DAG(s) dict_keys(['tutorial_taskflow_api']) retrieved from /home/airflow/.local/lib/python3.10/site-packages/airflow/example_dags/tutorial_taskflow_api.py
[2025-06-02T22:00:23.170+0000] {logging_mixin.py:154} INFO - [2025-06-02T22:00:23.170+0000] {dag.py:2941} INFO - Sync 1 DAGs
[2025-06-02T22:00:23.183+0000] {logging_mixin.py:154} INFO - [2025-06-02T22:00:23.183+0000] {dag.py:3722} INFO - Setting next_dagrun for tutorial_taskflow_api to None, run_after=None
[2025-06-02T22:00:23.201+0000] {processor.py:179} INFO - Processing /home/airflow/.local/lib/python3.10/site-packages/airflow/example_dags/tutorial_taskflow_api.py took 0.068 seconds
[2025-06-02T22:00:53.587+0000] {processor.py:157} INFO - Started process (PID=144) to work on /home/airflow/.local/lib/python3.10/site-packages/airflow/example_dags/tutorial_taskflow_api.py
[2025-06-02T22:00:53.588+0000] {processor.py:829} INFO - Processing file /home/airflow/.local/lib/python3.10/site-packages/airflow/example_dags/tutorial_taskflow_api.py for tasks to queue
[2025-06-02T22:00:53.591+0000] {logging_mixin.py:154} INFO - [2025-06-02T22:00:53.590+0000] {dagbag.py:536} INFO - Filling up the DagBag from /home/airflow/.local/lib/python3.10/site-packages/airflow/example_dags/tutorial_taskflow_api.py
[2025-06-02T22:00:53.597+0000] {processor.py:839} INFO - DAG(s) dict_keys(['tutorial_taskflow_api']) retrieved from /home/airflow/.local/lib/python3.10/site-packages/airflow/example_dags/tutorial_taskflow_api.py
[2025-06-02T22:00:53.619+0000] {logging_mixin.py:154} INFO - [2025-06-02T22:00:53.619+0000] {dag.py:2941} INFO - Sync 1 DAGs
[2025-06-02T22:00:53.633+0000] {logging_mixin.py:154} INFO - [2025-06-02T22:00:53.632+0000] {dag.py:3722} INFO - Setting next_dagrun for tutorial_taskflow_api to None, run_after=None
[2025-06-02T22:00:53.651+0000] {processor.py:179} INFO - Processing /home/airflow/.local/lib/python3.10/site-packages/airflow/example_dags/tutorial_taskflow_api.py took 0.068 seconds
[2025-06-02T22:01:24.167+0000] {processor.py:157} INFO - Started process (PID=198) to work on /home/airflow/.local/lib/python3.10/site-packages/airflow/example_dags/tutorial_taskflow_api.py
[2025-06-02T22:01:24.175+0000] {processor.py:829} INFO - Processing file /home/airflow/.local/lib/python3.10/site-packages/airflow/example_dags/tutorial_taskflow_api.py for tasks to queue
[2025-06-02T22:01:24.178+0000] {logging_mixin.py:154} INFO - [2025-06-02T22:01:24.178+0000] {dagbag.py:536} INFO - Filling up the DagBag from /home/airflow/.local/lib/python3.10/site-packages/airflow/example_dags/tutorial_taskflow_api.py
[2025-06-02T22:01:24.187+0000] {processor.py:839} INFO - DAG(s) dict_keys(['tutorial_taskflow_api']) retrieved from /home/airflow/.local/lib/python3.10/site-packages/airflow/example_dags/tutorial_taskflow_api.py
[2025-06-02T22:01:24.212+0000] {logging_mixin.py:154} INFO - [2025-06-02T22:01:24.212+0000] {dag.py:2941} INFO - Sync 1 DAGs
[2025-06-02T22:01:24.229+0000] {logging_mixin.py:154} INFO - [2025-06-02T22:01:24.229+0000] {dag.py:3722} INFO - Setting next_dagrun for tutorial_taskflow_api to None, run_after=None
[2025-06-02T22:01:24.250+0000] {processor.py:179} INFO - Processing /home/airflow/.local/lib/python3.10/site-packages/airflow/example_dags/tutorial_taskflow_api.py took 0.087 seconds
[2025-06-02T22:01:54.659+0000] {processor.py:157} INFO - Started process (PID=253) to work on /home/airflow/.local/lib/python3.10/site-packages/airflow/example_dags/tutorial_taskflow_api.py
[2025-06-02T22:01:54.662+0000] {processor.py:829} INFO - Processing file /home/airflow/.local/lib/python3.10/site-packages/airflow/example_dags/tutorial_taskflow_api.py for tasks to queue
[2025-06-02T22:01:54.669+0000] {logging_mixin.py:154} INFO - [2025-06-02T22:01:54.669+0000] {dagbag.py:536} INFO - Filling up the DagBag from /home/airflow/.local/lib/python3.10/site-packages/airflow/example_dags/tutorial_taskflow_api.py
[2025-06-02T22:01:54.681+0000] {processor.py:839} INFO - DAG(s) dict_keys(['tutorial_taskflow_api']) retrieved from /home/airflow/.local/lib/python3.10/site-packages/airflow/example_dags/tutorial_taskflow_api.py
[2025-06-02T22:01:54.727+0000] {logging_mixin.py:154} INFO - [2025-06-02T22:01:54.726+0000] {dag.py:2941} INFO - Sync 1 DAGs
[2025-06-02T22:01:54.745+0000] {logging_mixin.py:154} INFO - [2025-06-02T22:01:54.745+0000] {dag.py:3722} INFO - Setting next_dagrun for tutorial_taskflow_api to None, run_after=None
[2025-06-02T22:01:54.774+0000] {processor.py:179} INFO - Processing /home/airflow/.local/lib/python3.10/site-packages/airflow/example_dags/tutorial_taskflow_api.py took 0.132 seconds
[2025-06-02T22:02:25.022+0000] {processor.py:157} INFO - Started process (PID=306) to work on /home/airflow/.local/lib/python3.10/site-packages/airflow/example_dags/tutorial_taskflow_api.py
[2025-06-02T22:02:25.023+0000] {processor.py:829} INFO - Processing file /home/airflow/.local/lib/python3.10/site-packages/airflow/example_dags/tutorial_taskflow_api.py for tasks to queue
[2025-06-02T22:02:25.026+0000] {logging_mixin.py:154} INFO - [2025-06-02T22:02:25.026+0000] {dagbag.py:536} INFO - Filling up the DagBag from /home/airflow/.local/lib/python3.10/site-packages/airflow/example_dags/tutorial_taskflow_api.py
[2025-06-02T22:02:25.033+0000] {processor.py:839} INFO - DAG(s) dict_keys(['tutorial_taskflow_api']) retrieved from /home/airflow/.local/lib/python3.10/site-packages/airflow/example_dags/tutorial_taskflow_api.py
[2025-06-02T22:02:25.053+0000] {logging_mixin.py:154} INFO - [2025-06-02T22:02:25.052+0000] {dag.py:2941} INFO - Sync 1 DAGs
[2025-06-02T22:02:25.065+0000] {logging_mixin.py:154} INFO - [2025-06-02T22:02:25.065+0000] {dag.py:3722} INFO - Setting next_dagrun for tutorial_taskflow_api to None, run_after=None
[2025-06-02T22:02:25.084+0000] {processor.py:179} INFO - Processing /home/airflow/.local/lib/python3.10/site-packages/airflow/example_dags/tutorial_taskflow_api.py took 0.067 seconds
[2025-06-02T22:02:55.514+0000] {processor.py:157} INFO - Started process (PID=360) to work on /home/airflow/.local/lib/python3.10/site-packages/airflow/example_dags/tutorial_taskflow_api.py
[2025-06-02T22:02:55.516+0000] {processor.py:829} INFO - Processing file /home/airflow/.local/lib/python3.10/site-packages/airflow/example_dags/tutorial_taskflow_api.py for tasks to queue
[2025-06-02T22:02:55.519+0000] {logging_mixin.py:154} INFO - [2025-06-02T22:02:55.518+0000] {dagbag.py:536} INFO - Filling up the DagBag from /home/airflow/.local/lib/python3.10/site-packages/airflow/example_dags/tutorial_taskflow_api.py
[2025-06-02T22:02:55.526+0000] {processor.py:839} INFO - DAG(s) dict_keys(['tutorial_taskflow_api']) retrieved from /home/airflow/.local/lib/python3.10/site-packages/airflow/example_dags/tutorial_taskflow_api.py
[2025-06-02T22:02:55.546+0000] {logging_mixin.py:154} INFO - [2025-06-02T22:02:55.545+0000] {dag.py:2941} INFO - Sync 1 DAGs
[2025-06-02T22:02:55.559+0000] {logging_mixin.py:154} INFO - [2025-06-02T22:02:55.559+0000] {dag.py:3722} INFO - Setting next_dagrun for tutorial_taskflow_api to None, run_after=None
[2025-06-02T22:02:55.596+0000] {processor.py:179} INFO - Processing /home/airflow/.local/lib/python3.10/site-packages/airflow/example_dags/tutorial_taskflow_api.py took 0.086 seconds
[2025-06-02T22:03:26.002+0000] {processor.py:157} INFO - Started process (PID=415) to work on /home/airflow/.local/lib/python3.10/site-packages/airflow/example_dags/tutorial_taskflow_api.py
[2025-06-02T22:03:26.003+0000] {processor.py:829} INFO - Processing file /home/airflow/.local/lib/python3.10/site-packages/airflow/example_dags/tutorial_taskflow_api.py for tasks to queue
[2025-06-02T22:03:26.006+0000] {logging_mixin.py:154} INFO - [2025-06-02T22:03:26.006+0000] {dagbag.py:536} INFO - Filling up the DagBag from /home/airflow/.local/lib/python3.10/site-packages/airflow/example_dags/tutorial_taskflow_api.py
[2025-06-02T22:03:26.012+0000] {processor.py:839} INFO - DAG(s) dict_keys(['tutorial_taskflow_api']) retrieved from /home/airflow/.local/lib/python3.10/site-packages/airflow/example_dags/tutorial_taskflow_api.py
[2025-06-02T22:03:26.032+0000] {logging_mixin.py:154} INFO - [2025-06-02T22:03:26.032+0000] {dag.py:2941} INFO - Sync 1 DAGs
[2025-06-02T22:03:26.045+0000] {logging_mixin.py:154} INFO - [2025-06-02T22:03:26.045+0000] {dag.py:3722} INFO - Setting next_dagrun for tutorial_taskflow_api to None, run_after=None
[2025-06-02T22:03:26.070+0000] {processor.py:179} INFO - Processing /home/airflow/.local/lib/python3.10/site-packages/airflow/example_dags/tutorial_taskflow_api.py took 0.071 seconds
[2025-06-02T22:03:56.387+0000] {processor.py:157} INFO - Started process (PID=469) to work on /home/airflow/.local/lib/python3.10/site-packages/airflow/example_dags/tutorial_taskflow_api.py
[2025-06-02T22:03:56.388+0000] {processor.py:829} INFO - Processing file /home/airflow/.local/lib/python3.10/site-packages/airflow/example_dags/tutorial_taskflow_api.py for tasks to queue
[2025-06-02T22:03:56.391+0000] {logging_mixin.py:154} INFO - [2025-06-02T22:03:56.390+0000] {dagbag.py:536} INFO - Filling up the DagBag from /home/airflow/.local/lib/python3.10/site-packages/airflow/example_dags/tutorial_taskflow_api.py
[2025-06-02T22:03:56.397+0000] {processor.py:839} INFO - DAG(s) dict_keys(['tutorial_taskflow_api']) retrieved from /home/airflow/.local/lib/python3.10/site-packages/airflow/example_dags/tutorial_taskflow_api.py
[2025-06-02T22:03:56.417+0000] {logging_mixin.py:154} INFO - [2025-06-02T22:03:56.417+0000] {dag.py:2941} INFO - Sync 1 DAGs
[2025-06-02T22:03:56.430+0000] {logging_mixin.py:154} INFO - [2025-06-02T22:03:56.430+0000] {dag.py:3722} INFO - Setting next_dagrun for tutorial_taskflow_api to None, run_after=None
[2025-06-02T22:03:56.448+0000] {processor.py:179} INFO - Processing /home/airflow/.local/lib/python3.10/site-packages/airflow/example_dags/tutorial_taskflow_api.py took 0.065 seconds
[2025-06-02T22:04:26.714+0000] {processor.py:157} INFO - Started process (PID=523) to work on /home/airflow/.local/lib/python3.10/site-packages/airflow/example_dags/tutorial_taskflow_api.py
[2025-06-02T22:04:26.716+0000] {processor.py:829} INFO - Processing file /home/airflow/.local/lib/python3.10/site-packages/airflow/example_dags/tutorial_taskflow_api.py for tasks to queue
[2025-06-02T22:04:26.719+0000] {logging_mixin.py:154} INFO - [2025-06-02T22:04:26.718+0000] {dagbag.py:536} INFO - Filling up the DagBag from /home/airflow/.local/lib/python3.10/site-packages/airflow/example_dags/tutorial_taskflow_api.py
[2025-06-02T22:04:26.726+0000] {processor.py:839} INFO - DAG(s) dict_keys(['tutorial_taskflow_api']) retrieved from /home/airflow/.local/lib/python3.10/site-packages/airflow/example_dags/tutorial_taskflow_api.py
[2025-06-02T22:04:26.745+0000] {logging_mixin.py:154} INFO - [2025-06-02T22:04:26.745+0000] {dag.py:2941} INFO - Sync 1 DAGs
[2025-06-02T22:04:26.762+0000] {logging_mixin.py:154} INFO - [2025-06-02T22:04:26.762+0000] {dag.py:3722} INFO - Setting next_dagrun for tutorial_taskflow_api to None, run_after=None
[2025-06-02T22:04:26.781+0000] {processor.py:179} INFO - Processing /home/airflow/.local/lib/python3.10/site-packages/airflow/example_dags/tutorial_taskflow_api.py took 0.071 seconds
[2025-06-02T22:04:57.070+0000] {processor.py:157} INFO - Started process (PID=577) to work on /home/airflow/.local/lib/python3.10/site-packages/airflow/example_dags/tutorial_taskflow_api.py
[2025-06-02T22:04:57.071+0000] {processor.py:829} INFO - Processing file /home/airflow/.local/lib/python3.10/site-packages/airflow/example_dags/tutorial_taskflow_api.py for tasks to queue
[2025-06-02T22:04:57.073+0000] {logging_mixin.py:154} INFO - [2025-06-02T22:04:57.073+0000] {dagbag.py:536} INFO - Filling up the DagBag from /home/airflow/.local/lib/python3.10/site-packages/airflow/example_dags/tutorial_taskflow_api.py
[2025-06-02T22:04:57.079+0000] {processor.py:839} INFO - DAG(s) dict_keys(['tutorial_taskflow_api']) retrieved from /home/airflow/.local/lib/python3.10/site-packages/airflow/example_dags/tutorial_taskflow_api.py
[2025-06-02T22:04:57.099+0000] {logging_mixin.py:154} INFO - [2025-06-02T22:04:57.099+0000] {dag.py:2941} INFO - Sync 1 DAGs
[2025-06-02T22:04:57.112+0000] {logging_mixin.py:154} INFO - [2025-06-02T22:04:57.112+0000] {dag.py:3722} INFO - Setting next_dagrun for tutorial_taskflow_api to None, run_after=None
[2025-06-02T22:04:57.129+0000] {processor.py:179} INFO - Processing /home/airflow/.local/lib/python3.10/site-packages/airflow/example_dags/tutorial_taskflow_api.py took 0.063 seconds
[2025-06-02T22:05:27.913+0000] {processor.py:157} INFO - Started process (PID=632) to work on /home/airflow/.local/lib/python3.10/site-packages/airflow/example_dags/tutorial_taskflow_api.py
[2025-06-02T22:05:27.914+0000] {processor.py:829} INFO - Processing file /home/airflow/.local/lib/python3.10/site-packages/airflow/example_dags/tutorial_taskflow_api.py for tasks to queue
[2025-06-02T22:05:27.917+0000] {logging_mixin.py:154} INFO - [2025-06-02T22:05:27.917+0000] {dagbag.py:536} INFO - Filling up the DagBag from /home/airflow/.local/lib/python3.10/site-packages/airflow/example_dags/tutorial_taskflow_api.py
[2025-06-02T22:05:27.924+0000] {processor.py:839} INFO - DAG(s) dict_keys(['tutorial_taskflow_api']) retrieved from /home/airflow/.local/lib/python3.10/site-packages/airflow/example_dags/tutorial_taskflow_api.py
[2025-06-02T22:05:27.943+0000] {logging_mixin.py:154} INFO - [2025-06-02T22:05:27.943+0000] {dag.py:2941} INFO - Sync 1 DAGs
[2025-06-02T22:05:27.957+0000] {logging_mixin.py:154} INFO - [2025-06-02T22:05:27.956+0000] {dag.py:3722} INFO - Setting next_dagrun for tutorial_taskflow_api to None, run_after=None
[2025-06-02T22:05:27.974+0000] {processor.py:179} INFO - Processing /home/airflow/.local/lib/python3.10/site-packages/airflow/example_dags/tutorial_taskflow_api.py took 0.066 seconds
[2025-06-02T22:05:58.226+0000] {processor.py:157} INFO - Started process (PID=686) to work on /home/airflow/.local/lib/python3.10/site-packages/airflow/example_dags/tutorial_taskflow_api.py
[2025-06-02T22:05:58.227+0000] {processor.py:829} INFO - Processing file /home/airflow/.local/lib/python3.10/site-packages/airflow/example_dags/tutorial_taskflow_api.py for tasks to queue
[2025-06-02T22:05:58.229+0000] {logging_mixin.py:154} INFO - [2025-06-02T22:05:58.229+0000] {dagbag.py:536} INFO - Filling up the DagBag from /home/airflow/.local/lib/python3.10/site-packages/airflow/example_dags/tutorial_taskflow_api.py
[2025-06-02T22:05:58.236+0000] {processor.py:839} INFO - DAG(s) dict_keys(['tutorial_taskflow_api']) retrieved from /home/airflow/.local/lib/python3.10/site-packages/airflow/example_dags/tutorial_taskflow_api.py
[2025-06-02T22:05:58.255+0000] {logging_mixin.py:154} INFO - [2025-06-02T22:05:58.255+0000] {dag.py:2941} INFO - Sync 1 DAGs
[2025-06-02T22:05:58.268+0000] {logging_mixin.py:154} INFO - [2025-06-02T22:05:58.268+0000] {dag.py:3722} INFO - Setting next_dagrun for tutorial_taskflow_api to None, run_after=None
[2025-06-02T22:05:58.285+0000] {processor.py:179} INFO - Processing /home/airflow/.local/lib/python3.10/site-packages/airflow/example_dags/tutorial_taskflow_api.py took 0.063 seconds
[2025-06-02T22:06:28.565+0000] {processor.py:157} INFO - Started process (PID=739) to work on /home/airflow/.local/lib/python3.10/site-packages/airflow/example_dags/tutorial_taskflow_api.py
[2025-06-02T22:06:28.567+0000] {processor.py:829} INFO - Processing file /home/airflow/.local/lib/python3.10/site-packages/airflow/example_dags/tutorial_taskflow_api.py for tasks to queue
[2025-06-02T22:06:28.569+0000] {logging_mixin.py:154} INFO - [2025-06-02T22:06:28.569+0000] {dagbag.py:536} INFO - Filling up the DagBag from /home/airflow/.local/lib/python3.10/site-packages/airflow/example_dags/tutorial_taskflow_api.py
[2025-06-02T22:06:28.575+0000] {processor.py:839} INFO - DAG(s) dict_keys(['tutorial_taskflow_api']) retrieved from /home/airflow/.local/lib/python3.10/site-packages/airflow/example_dags/tutorial_taskflow_api.py
[2025-06-02T22:06:28.594+0000] {logging_mixin.py:154} INFO - [2025-06-02T22:06:28.594+0000] {dag.py:2941} INFO - Sync 1 DAGs
[2025-06-02T22:06:28.606+0000] {logging_mixin.py:154} INFO - [2025-06-02T22:06:28.606+0000] {dag.py:3722} INFO - Setting next_dagrun for tutorial_taskflow_api to None, run_after=None
[2025-06-02T22:06:28.622+0000] {processor.py:179} INFO - Processing /home/airflow/.local/lib/python3.10/site-packages/airflow/example_dags/tutorial_taskflow_api.py took 0.062 seconds
[2025-06-02T22:06:59.493+0000] {processor.py:157} INFO - Started process (PID=794) to work on /home/airflow/.local/lib/python3.10/site-packages/airflow/example_dags/tutorial_taskflow_api.py
[2025-06-02T22:06:59.510+0000] {processor.py:829} INFO - Processing file /home/airflow/.local/lib/python3.10/site-packages/airflow/example_dags/tutorial_taskflow_api.py for tasks to queue
[2025-06-02T22:06:59.513+0000] {logging_mixin.py:154} INFO - [2025-06-02T22:06:59.512+0000] {dagbag.py:536} INFO - Filling up the DagBag from /home/airflow/.local/lib/python3.10/site-packages/airflow/example_dags/tutorial_taskflow_api.py
[2025-06-02T22:06:59.529+0000] {processor.py:839} INFO - DAG(s) dict_keys(['tutorial_taskflow_api']) retrieved from /home/airflow/.local/lib/python3.10/site-packages/airflow/example_dags/tutorial_taskflow_api.py
[2025-06-02T22:06:59.602+0000] {logging_mixin.py:154} INFO - [2025-06-02T22:06:59.602+0000] {dag.py:2941} INFO - Sync 1 DAGs
[2025-06-02T22:06:59.636+0000] {logging_mixin.py:154} INFO - [2025-06-02T22:06:59.636+0000] {dag.py:3722} INFO - Setting next_dagrun for tutorial_taskflow_api to None, run_after=None
[2025-06-02T22:06:59.678+0000] {processor.py:179} INFO - Processing /home/airflow/.local/lib/python3.10/site-packages/airflow/example_dags/tutorial_taskflow_api.py took 0.201 seconds
[2025-06-02T22:07:30.676+0000] {processor.py:157} INFO - Started process (PID=848) to work on /home/airflow/.local/lib/python3.10/site-packages/airflow/example_dags/tutorial_taskflow_api.py
[2025-06-02T22:07:30.678+0000] {processor.py:829} INFO - Processing file /home/airflow/.local/lib/python3.10/site-packages/airflow/example_dags/tutorial_taskflow_api.py for tasks to queue
[2025-06-02T22:07:30.681+0000] {logging_mixin.py:154} INFO - [2025-06-02T22:07:30.680+0000] {dagbag.py:536} INFO - Filling up the DagBag from /home/airflow/.local/lib/python3.10/site-packages/airflow/example_dags/tutorial_taskflow_api.py
[2025-06-02T22:07:30.689+0000] {processor.py:839} INFO - DAG(s) dict_keys(['tutorial_taskflow_api']) retrieved from /home/airflow/.local/lib/python3.10/site-packages/airflow/example_dags/tutorial_taskflow_api.py
[2025-06-02T22:07:30.716+0000] {logging_mixin.py:154} INFO - [2025-06-02T22:07:30.715+0000] {dag.py:2941} INFO - Sync 1 DAGs
[2025-06-02T22:07:30.733+0000] {logging_mixin.py:154} INFO - [2025-06-02T22:07:30.733+0000] {dag.py:3722} INFO - Setting next_dagrun for tutorial_taskflow_api to None, run_after=None
[2025-06-02T22:07:30.776+0000] {processor.py:179} INFO - Processing /home/airflow/.local/lib/python3.10/site-packages/airflow/example_dags/tutorial_taskflow_api.py took 0.112 seconds
[2025-06-02T22:08:01.211+0000] {processor.py:157} INFO - Started process (PID=902) to work on /home/airflow/.local/lib/python3.10/site-packages/airflow/example_dags/tutorial_taskflow_api.py
[2025-06-02T22:08:01.212+0000] {processor.py:829} INFO - Processing file /home/airflow/.local/lib/python3.10/site-packages/airflow/example_dags/tutorial_taskflow_api.py for tasks to queue
[2025-06-02T22:08:01.215+0000] {logging_mixin.py:154} INFO - [2025-06-02T22:08:01.215+0000] {dagbag.py:536} INFO - Filling up the DagBag from /home/airflow/.local/lib/python3.10/site-packages/airflow/example_dags/tutorial_taskflow_api.py
[2025-06-02T22:08:01.222+0000] {processor.py:839} INFO - DAG(s) dict_keys(['tutorial_taskflow_api']) retrieved from /home/airflow/.local/lib/python3.10/site-packages/airflow/example_dags/tutorial_taskflow_api.py
[2025-06-02T22:08:01.245+0000] {logging_mixin.py:154} INFO - [2025-06-02T22:08:01.245+0000] {dag.py:2941} INFO - Sync 1 DAGs
[2025-06-02T22:08:01.258+0000] {logging_mixin.py:154} INFO - [2025-06-02T22:08:01.258+0000] {dag.py:3722} INFO - Setting next_dagrun for tutorial_taskflow_api to None, run_after=None
[2025-06-02T22:08:01.431+0000] {processor.py:179} INFO - Processing /home/airflow/.local/lib/python3.10/site-packages/airflow/example_dags/tutorial_taskflow_api.py took 0.223 seconds
[2025-06-02T22:08:31.537+0000] {processor.py:157} INFO - Started process (PID=956) to work on /home/airflow/.local/lib/python3.10/site-packages/airflow/example_dags/tutorial_taskflow_api.py
[2025-06-02T22:08:31.539+0000] {processor.py:829} INFO - Processing file /home/airflow/.local/lib/python3.10/site-packages/airflow/example_dags/tutorial_taskflow_api.py for tasks to queue
[2025-06-02T22:08:31.543+0000] {logging_mixin.py:154} INFO - [2025-06-02T22:08:31.542+0000] {dagbag.py:536} INFO - Filling up the DagBag from /home/airflow/.local/lib/python3.10/site-packages/airflow/example_dags/tutorial_taskflow_api.py
[2025-06-02T22:08:31.550+0000] {processor.py:839} INFO - DAG(s) dict_keys(['tutorial_taskflow_api']) retrieved from /home/airflow/.local/lib/python3.10/site-packages/airflow/example_dags/tutorial_taskflow_api.py
[2025-06-02T22:08:31.569+0000] {logging_mixin.py:154} INFO - [2025-06-02T22:08:31.569+0000] {dag.py:2941} INFO - Sync 1 DAGs
[2025-06-02T22:08:31.582+0000] {logging_mixin.py:154} INFO - [2025-06-02T22:08:31.582+0000] {dag.py:3722} INFO - Setting next_dagrun for tutorial_taskflow_api to None, run_after=None
[2025-06-02T22:08:31.601+0000] {processor.py:179} INFO - Processing /home/airflow/.local/lib/python3.10/site-packages/airflow/example_dags/tutorial_taskflow_api.py took 0.067 seconds
[2025-06-02T22:09:01.904+0000] {processor.py:157} INFO - Started process (PID=1010) to work on /home/airflow/.local/lib/python3.10/site-packages/airflow/example_dags/tutorial_taskflow_api.py
[2025-06-02T22:09:01.906+0000] {processor.py:829} INFO - Processing file /home/airflow/.local/lib/python3.10/site-packages/airflow/example_dags/tutorial_taskflow_api.py for tasks to queue
[2025-06-02T22:09:01.909+0000] {logging_mixin.py:154} INFO - [2025-06-02T22:09:01.908+0000] {dagbag.py:536} INFO - Filling up the DagBag from /home/airflow/.local/lib/python3.10/site-packages/airflow/example_dags/tutorial_taskflow_api.py
[2025-06-02T22:09:01.915+0000] {processor.py:839} INFO - DAG(s) dict_keys(['tutorial_taskflow_api']) retrieved from /home/airflow/.local/lib/python3.10/site-packages/airflow/example_dags/tutorial_taskflow_api.py
[2025-06-02T22:09:01.936+0000] {logging_mixin.py:154} INFO - [2025-06-02T22:09:01.935+0000] {dag.py:2941} INFO - Sync 1 DAGs
[2025-06-02T22:09:01.949+0000] {logging_mixin.py:154} INFO - [2025-06-02T22:09:01.949+0000] {dag.py:3722} INFO - Setting next_dagrun for tutorial_taskflow_api to None, run_after=None
[2025-06-02T22:09:01.968+0000] {processor.py:179} INFO - Processing /home/airflow/.local/lib/python3.10/site-packages/airflow/example_dags/tutorial_taskflow_api.py took 0.069 seconds
[2025-06-02T22:09:32.652+0000] {processor.py:157} INFO - Started process (PID=1064) to work on /home/airflow/.local/lib/python3.10/site-packages/airflow/example_dags/tutorial_taskflow_api.py
[2025-06-02T22:09:32.653+0000] {processor.py:829} INFO - Processing file /home/airflow/.local/lib/python3.10/site-packages/airflow/example_dags/tutorial_taskflow_api.py for tasks to queue
[2025-06-02T22:09:32.656+0000] {logging_mixin.py:154} INFO - [2025-06-02T22:09:32.656+0000] {dagbag.py:536} INFO - Filling up the DagBag from /home/airflow/.local/lib/python3.10/site-packages/airflow/example_dags/tutorial_taskflow_api.py
[2025-06-02T22:09:32.662+0000] {processor.py:839} INFO - DAG(s) dict_keys(['tutorial_taskflow_api']) retrieved from /home/airflow/.local/lib/python3.10/site-packages/airflow/example_dags/tutorial_taskflow_api.py
[2025-06-02T22:09:32.681+0000] {logging_mixin.py:154} INFO - [2025-06-02T22:09:32.681+0000] {dag.py:2941} INFO - Sync 1 DAGs
[2025-06-02T22:09:32.694+0000] {logging_mixin.py:154} INFO - [2025-06-02T22:09:32.694+0000] {dag.py:3722} INFO - Setting next_dagrun for tutorial_taskflow_api to None, run_after=None
[2025-06-02T22:09:32.871+0000] {processor.py:179} INFO - Processing /home/airflow/.local/lib/python3.10/site-packages/airflow/example_dags/tutorial_taskflow_api.py took 0.223 seconds
[2025-06-02T22:10:03.143+0000] {processor.py:157} INFO - Started process (PID=1117) to work on /home/airflow/.local/lib/python3.10/site-packages/airflow/example_dags/tutorial_taskflow_api.py
[2025-06-02T22:10:03.144+0000] {processor.py:829} INFO - Processing file /home/airflow/.local/lib/python3.10/site-packages/airflow/example_dags/tutorial_taskflow_api.py for tasks to queue
[2025-06-02T22:10:03.147+0000] {logging_mixin.py:154} INFO - [2025-06-02T22:10:03.147+0000] {dagbag.py:536} INFO - Filling up the DagBag from /home/airflow/.local/lib/python3.10/site-packages/airflow/example_dags/tutorial_taskflow_api.py
[2025-06-02T22:10:03.153+0000] {processor.py:839} INFO - DAG(s) dict_keys(['tutorial_taskflow_api']) retrieved from /home/airflow/.local/lib/python3.10/site-packages/airflow/example_dags/tutorial_taskflow_api.py
[2025-06-02T22:10:03.173+0000] {logging_mixin.py:154} INFO - [2025-06-02T22:10:03.173+0000] {dag.py:2941} INFO - Sync 1 DAGs
[2025-06-02T22:10:03.186+0000] {logging_mixin.py:154} INFO - [2025-06-02T22:10:03.186+0000] {dag.py:3722} INFO - Setting next_dagrun for tutorial_taskflow_api to None, run_after=None
[2025-06-02T22:10:03.209+0000] {processor.py:179} INFO - Processing /home/airflow/.local/lib/python3.10/site-packages/airflow/example_dags/tutorial_taskflow_api.py took 0.070 seconds
[2025-06-02T22:10:33.365+0000] {processor.py:157} INFO - Started process (PID=1171) to work on /home/airflow/.local/lib/python3.10/site-packages/airflow/example_dags/tutorial_taskflow_api.py
[2025-06-02T22:10:33.366+0000] {processor.py:829} INFO - Processing file /home/airflow/.local/lib/python3.10/site-packages/airflow/example_dags/tutorial_taskflow_api.py for tasks to queue
[2025-06-02T22:10:33.368+0000] {logging_mixin.py:154} INFO - [2025-06-02T22:10:33.368+0000] {dagbag.py:536} INFO - Filling up the DagBag from /home/airflow/.local/lib/python3.10/site-packages/airflow/example_dags/tutorial_taskflow_api.py
[2025-06-02T22:10:33.376+0000] {processor.py:839} INFO - DAG(s) dict_keys(['tutorial_taskflow_api']) retrieved from /home/airflow/.local/lib/python3.10/site-packages/airflow/example_dags/tutorial_taskflow_api.py
[2025-06-02T22:10:33.398+0000] {logging_mixin.py:154} INFO - [2025-06-02T22:10:33.397+0000] {dag.py:2941} INFO - Sync 1 DAGs
[2025-06-02T22:10:33.411+0000] {logging_mixin.py:154} INFO - [2025-06-02T22:10:33.410+0000] {dag.py:3722} INFO - Setting next_dagrun for tutorial_taskflow_api to None, run_after=None
[2025-06-02T22:10:33.436+0000] {processor.py:179} INFO - Processing /home/airflow/.local/lib/python3.10/site-packages/airflow/example_dags/tutorial_taskflow_api.py took 0.076 seconds
[2025-06-02T22:11:04.029+0000] {processor.py:157} INFO - Started process (PID=1225) to work on /home/airflow/.local/lib/python3.10/site-packages/airflow/example_dags/tutorial_taskflow_api.py
[2025-06-02T22:11:04.032+0000] {processor.py:829} INFO - Processing file /home/airflow/.local/lib/python3.10/site-packages/airflow/example_dags/tutorial_taskflow_api.py for tasks to queue
[2025-06-02T22:11:04.037+0000] {logging_mixin.py:154} INFO - [2025-06-02T22:11:04.036+0000] {dagbag.py:536} INFO - Filling up the DagBag from /home/airflow/.local/lib/python3.10/site-packages/airflow/example_dags/tutorial_taskflow_api.py
[2025-06-02T22:11:04.045+0000] {processor.py:839} INFO - DAG(s) dict_keys(['tutorial_taskflow_api']) retrieved from /home/airflow/.local/lib/python3.10/site-packages/airflow/example_dags/tutorial_taskflow_api.py
[2025-06-02T22:11:04.129+0000] {logging_mixin.py:154} INFO - [2025-06-02T22:11:04.129+0000] {dag.py:2941} INFO - Sync 1 DAGs
[2025-06-02T22:11:04.372+0000] {logging_mixin.py:154} INFO - [2025-06-02T22:11:04.372+0000] {dag.py:3722} INFO - Setting next_dagrun for tutorial_taskflow_api to None, run_after=None
[2025-06-02T22:11:04.395+0000] {processor.py:179} INFO - Processing /home/airflow/.local/lib/python3.10/site-packages/airflow/example_dags/tutorial_taskflow_api.py took 0.370 seconds
[2025-06-02T23:03:19.284+0000] {processor.py:157} INFO - Started process (PID=38) to work on /home/airflow/.local/lib/python3.10/site-packages/airflow/example_dags/tutorial_taskflow_api.py
[2025-06-02T23:03:19.298+0000] {processor.py:829} INFO - Processing file /home/airflow/.local/lib/python3.10/site-packages/airflow/example_dags/tutorial_taskflow_api.py for tasks to queue
[2025-06-02T23:03:19.301+0000] {logging_mixin.py:154} INFO - [2025-06-02T23:03:19.301+0000] {dagbag.py:536} INFO - Filling up the DagBag from /home/airflow/.local/lib/python3.10/site-packages/airflow/example_dags/tutorial_taskflow_api.py
[2025-06-02T23:03:19.333+0000] {processor.py:839} INFO - DAG(s) dict_keys(['tutorial_taskflow_api']) retrieved from /home/airflow/.local/lib/python3.10/site-packages/airflow/example_dags/tutorial_taskflow_api.py
[2025-06-02T23:03:19.438+0000] {logging_mixin.py:154} INFO - [2025-06-02T23:03:19.438+0000] {dag.py:2941} INFO - Sync 1 DAGs
[2025-06-02T23:03:19.526+0000] {logging_mixin.py:154} INFO - [2025-06-02T23:03:19.526+0000] {dag.py:3722} INFO - Setting next_dagrun for tutorial_taskflow_api to None, run_after=None
[2025-06-02T23:03:19.676+0000] {processor.py:179} INFO - Processing /home/airflow/.local/lib/python3.10/site-packages/airflow/example_dags/tutorial_taskflow_api.py took 0.405 seconds
[2025-06-02T23:03:56.934+0000] {processor.py:157} INFO - Started process (PID=30) to work on /home/airflow/.local/lib/python3.10/site-packages/airflow/example_dags/tutorial_taskflow_api.py
[2025-06-02T23:03:56.937+0000] {processor.py:829} INFO - Processing file /home/airflow/.local/lib/python3.10/site-packages/airflow/example_dags/tutorial_taskflow_api.py for tasks to queue
[2025-06-02T23:03:56.941+0000] {logging_mixin.py:154} INFO - [2025-06-02T23:03:56.940+0000] {dagbag.py:536} INFO - Filling up the DagBag from /home/airflow/.local/lib/python3.10/site-packages/airflow/example_dags/tutorial_taskflow_api.py
[2025-06-02T23:03:56.953+0000] {processor.py:839} INFO - DAG(s) dict_keys(['tutorial_taskflow_api']) retrieved from /home/airflow/.local/lib/python3.10/site-packages/airflow/example_dags/tutorial_taskflow_api.py
[2025-06-02T23:03:56.991+0000] {logging_mixin.py:154} INFO - [2025-06-02T23:03:56.990+0000] {dag.py:2941} INFO - Sync 1 DAGs
[2025-06-02T23:03:57.003+0000] {logging_mixin.py:154} INFO - [2025-06-02T23:03:57.003+0000] {dag.py:3722} INFO - Setting next_dagrun for tutorial_taskflow_api to None, run_after=None
[2025-06-02T23:03:57.027+0000] {processor.py:179} INFO - Processing /home/airflow/.local/lib/python3.10/site-packages/airflow/example_dags/tutorial_taskflow_api.py took 0.099 seconds
[2025-06-02T23:04:27.333+0000] {processor.py:157} INFO - Started process (PID=85) to work on /home/airflow/.local/lib/python3.10/site-packages/airflow/example_dags/tutorial_taskflow_api.py
[2025-06-02T23:04:27.335+0000] {processor.py:829} INFO - Processing file /home/airflow/.local/lib/python3.10/site-packages/airflow/example_dags/tutorial_taskflow_api.py for tasks to queue
[2025-06-02T23:04:27.338+0000] {logging_mixin.py:154} INFO - [2025-06-02T23:04:27.338+0000] {dagbag.py:536} INFO - Filling up the DagBag from /home/airflow/.local/lib/python3.10/site-packages/airflow/example_dags/tutorial_taskflow_api.py
[2025-06-02T23:04:27.346+0000] {processor.py:839} INFO - DAG(s) dict_keys(['tutorial_taskflow_api']) retrieved from /home/airflow/.local/lib/python3.10/site-packages/airflow/example_dags/tutorial_taskflow_api.py
[2025-06-02T23:04:27.372+0000] {logging_mixin.py:154} INFO - [2025-06-02T23:04:27.371+0000] {dag.py:2941} INFO - Sync 1 DAGs
[2025-06-02T23:04:27.390+0000] {logging_mixin.py:154} INFO - [2025-06-02T23:04:27.390+0000] {dag.py:3722} INFO - Setting next_dagrun for tutorial_taskflow_api to None, run_after=None
[2025-06-02T23:04:27.417+0000] {processor.py:179} INFO - Processing /home/airflow/.local/lib/python3.10/site-packages/airflow/example_dags/tutorial_taskflow_api.py took 0.089 seconds
[2025-06-02T23:04:57.765+0000] {processor.py:157} INFO - Started process (PID=140) to work on /home/airflow/.local/lib/python3.10/site-packages/airflow/example_dags/tutorial_taskflow_api.py
[2025-06-02T23:04:57.766+0000] {processor.py:829} INFO - Processing file /home/airflow/.local/lib/python3.10/site-packages/airflow/example_dags/tutorial_taskflow_api.py for tasks to queue
[2025-06-02T23:04:57.769+0000] {logging_mixin.py:154} INFO - [2025-06-02T23:04:57.769+0000] {dagbag.py:536} INFO - Filling up the DagBag from /home/airflow/.local/lib/python3.10/site-packages/airflow/example_dags/tutorial_taskflow_api.py
[2025-06-02T23:04:57.777+0000] {processor.py:839} INFO - DAG(s) dict_keys(['tutorial_taskflow_api']) retrieved from /home/airflow/.local/lib/python3.10/site-packages/airflow/example_dags/tutorial_taskflow_api.py
[2025-06-02T23:04:57.802+0000] {logging_mixin.py:154} INFO - [2025-06-02T23:04:57.802+0000] {dag.py:2941} INFO - Sync 1 DAGs
[2025-06-02T23:04:57.819+0000] {logging_mixin.py:154} INFO - [2025-06-02T23:04:57.819+0000] {dag.py:3722} INFO - Setting next_dagrun for tutorial_taskflow_api to None, run_after=None
[2025-06-02T23:04:57.844+0000] {processor.py:179} INFO - Processing /home/airflow/.local/lib/python3.10/site-packages/airflow/example_dags/tutorial_taskflow_api.py took 0.084 seconds
[2025-06-02T23:05:28.774+0000] {processor.py:157} INFO - Started process (PID=196) to work on /home/airflow/.local/lib/python3.10/site-packages/airflow/example_dags/tutorial_taskflow_api.py
[2025-06-02T23:05:28.782+0000] {processor.py:829} INFO - Processing file /home/airflow/.local/lib/python3.10/site-packages/airflow/example_dags/tutorial_taskflow_api.py for tasks to queue
[2025-06-02T23:05:28.790+0000] {logging_mixin.py:154} INFO - [2025-06-02T23:05:28.790+0000] {dagbag.py:536} INFO - Filling up the DagBag from /home/airflow/.local/lib/python3.10/site-packages/airflow/example_dags/tutorial_taskflow_api.py
[2025-06-02T23:05:28.828+0000] {processor.py:839} INFO - DAG(s) dict_keys(['tutorial_taskflow_api']) retrieved from /home/airflow/.local/lib/python3.10/site-packages/airflow/example_dags/tutorial_taskflow_api.py
[2025-06-02T23:05:28.931+0000] {logging_mixin.py:154} INFO - [2025-06-02T23:05:28.931+0000] {dag.py:2941} INFO - Sync 1 DAGs
[2025-06-02T23:05:28.998+0000] {logging_mixin.py:154} INFO - [2025-06-02T23:05:28.992+0000] {dag.py:3722} INFO - Setting next_dagrun for tutorial_taskflow_api to None, run_after=None
[2025-06-02T23:05:29.061+0000] {processor.py:179} INFO - Processing /home/airflow/.local/lib/python3.10/site-packages/airflow/example_dags/tutorial_taskflow_api.py took 0.303 seconds
[2025-06-02T23:05:59.828+0000] {processor.py:157} INFO - Started process (PID=252) to work on /home/airflow/.local/lib/python3.10/site-packages/airflow/example_dags/tutorial_taskflow_api.py
[2025-06-02T23:05:59.835+0000] {processor.py:829} INFO - Processing file /home/airflow/.local/lib/python3.10/site-packages/airflow/example_dags/tutorial_taskflow_api.py for tasks to queue
[2025-06-02T23:05:59.837+0000] {logging_mixin.py:154} INFO - [2025-06-02T23:05:59.836+0000] {dagbag.py:536} INFO - Filling up the DagBag from /home/airflow/.local/lib/python3.10/site-packages/airflow/example_dags/tutorial_taskflow_api.py
[2025-06-02T23:05:59.843+0000] {processor.py:839} INFO - DAG(s) dict_keys(['tutorial_taskflow_api']) retrieved from /home/airflow/.local/lib/python3.10/site-packages/airflow/example_dags/tutorial_taskflow_api.py
[2025-06-02T23:05:59.862+0000] {logging_mixin.py:154} INFO - [2025-06-02T23:05:59.862+0000] {dag.py:2941} INFO - Sync 1 DAGs
[2025-06-02T23:05:59.875+0000] {logging_mixin.py:154} INFO - [2025-06-02T23:05:59.875+0000] {dag.py:3722} INFO - Setting next_dagrun for tutorial_taskflow_api to None, run_after=None
[2025-06-02T23:05:59.895+0000] {processor.py:179} INFO - Processing /home/airflow/.local/lib/python3.10/site-packages/airflow/example_dags/tutorial_taskflow_api.py took 0.072 seconds
[2025-06-02T23:06:30.158+0000] {processor.py:157} INFO - Started process (PID=308) to work on /home/airflow/.local/lib/python3.10/site-packages/airflow/example_dags/tutorial_taskflow_api.py
[2025-06-02T23:06:30.159+0000] {processor.py:829} INFO - Processing file /home/airflow/.local/lib/python3.10/site-packages/airflow/example_dags/tutorial_taskflow_api.py for tasks to queue
[2025-06-02T23:06:30.162+0000] {logging_mixin.py:154} INFO - [2025-06-02T23:06:30.162+0000] {dagbag.py:536} INFO - Filling up the DagBag from /home/airflow/.local/lib/python3.10/site-packages/airflow/example_dags/tutorial_taskflow_api.py
[2025-06-02T23:06:30.170+0000] {processor.py:839} INFO - DAG(s) dict_keys(['tutorial_taskflow_api']) retrieved from /home/airflow/.local/lib/python3.10/site-packages/airflow/example_dags/tutorial_taskflow_api.py
[2025-06-02T23:06:30.189+0000] {logging_mixin.py:154} INFO - [2025-06-02T23:06:30.188+0000] {dag.py:2941} INFO - Sync 1 DAGs
[2025-06-02T23:06:30.201+0000] {logging_mixin.py:154} INFO - [2025-06-02T23:06:30.201+0000] {dag.py:3722} INFO - Setting next_dagrun for tutorial_taskflow_api to None, run_after=None
[2025-06-02T23:06:30.231+0000] {processor.py:179} INFO - Processing /home/airflow/.local/lib/python3.10/site-packages/airflow/example_dags/tutorial_taskflow_api.py took 0.078 seconds
[2025-06-02T23:07:00.687+0000] {processor.py:157} INFO - Started process (PID=364) to work on /home/airflow/.local/lib/python3.10/site-packages/airflow/example_dags/tutorial_taskflow_api.py
[2025-06-02T23:07:00.689+0000] {processor.py:829} INFO - Processing file /home/airflow/.local/lib/python3.10/site-packages/airflow/example_dags/tutorial_taskflow_api.py for tasks to queue
[2025-06-02T23:07:00.698+0000] {logging_mixin.py:154} INFO - [2025-06-02T23:07:00.698+0000] {dagbag.py:536} INFO - Filling up the DagBag from /home/airflow/.local/lib/python3.10/site-packages/airflow/example_dags/tutorial_taskflow_api.py
[2025-06-02T23:07:00.706+0000] {processor.py:839} INFO - DAG(s) dict_keys(['tutorial_taskflow_api']) retrieved from /home/airflow/.local/lib/python3.10/site-packages/airflow/example_dags/tutorial_taskflow_api.py
[2025-06-02T23:07:00.728+0000] {logging_mixin.py:154} INFO - [2025-06-02T23:07:00.728+0000] {dag.py:2941} INFO - Sync 1 DAGs
[2025-06-02T23:07:00.741+0000] {logging_mixin.py:154} INFO - [2025-06-02T23:07:00.741+0000] {dag.py:3722} INFO - Setting next_dagrun for tutorial_taskflow_api to None, run_after=None
[2025-06-02T23:07:00.761+0000] {processor.py:179} INFO - Processing /home/airflow/.local/lib/python3.10/site-packages/airflow/example_dags/tutorial_taskflow_api.py took 0.078 seconds
[2025-06-02T23:07:31.697+0000] {processor.py:157} INFO - Started process (PID=420) to work on /home/airflow/.local/lib/python3.10/site-packages/airflow/example_dags/tutorial_taskflow_api.py
[2025-06-02T23:07:31.698+0000] {processor.py:829} INFO - Processing file /home/airflow/.local/lib/python3.10/site-packages/airflow/example_dags/tutorial_taskflow_api.py for tasks to queue
[2025-06-02T23:07:31.701+0000] {logging_mixin.py:154} INFO - [2025-06-02T23:07:31.701+0000] {dagbag.py:536} INFO - Filling up the DagBag from /home/airflow/.local/lib/python3.10/site-packages/airflow/example_dags/tutorial_taskflow_api.py
[2025-06-02T23:07:31.708+0000] {processor.py:839} INFO - DAG(s) dict_keys(['tutorial_taskflow_api']) retrieved from /home/airflow/.local/lib/python3.10/site-packages/airflow/example_dags/tutorial_taskflow_api.py
[2025-06-02T23:07:31.727+0000] {logging_mixin.py:154} INFO - [2025-06-02T23:07:31.727+0000] {dag.py:2941} INFO - Sync 1 DAGs
[2025-06-02T23:07:31.740+0000] {logging_mixin.py:154} INFO - [2025-06-02T23:07:31.739+0000] {dag.py:3722} INFO - Setting next_dagrun for tutorial_taskflow_api to None, run_after=None
[2025-06-02T23:07:31.759+0000] {processor.py:179} INFO - Processing /home/airflow/.local/lib/python3.10/site-packages/airflow/example_dags/tutorial_taskflow_api.py took 0.067 seconds
