[2025-06-02T21:59:56.653+0000] {processor.py:157} INFO - Started process (PID=45) to work on /home/airflow/.local/lib/python3.10/site-packages/airflow/example_dags/tutorial.py
[2025-06-02T21:59:56.662+0000] {processor.py:829} INFO - Processing file /home/airflow/.local/lib/python3.10/site-packages/airflow/example_dags/tutorial.py for tasks to queue
[2025-06-02T21:59:56.670+0000] {logging_mixin.py:154} INFO - [2025-06-02T21:59:56.670+0000] {dagbag.py:536} INFO - Filling up the DagBag from /home/airflow/.local/lib/python3.10/site-packages/airflow/example_dags/tutorial.py
[2025-06-02T21:59:56.697+0000] {processor.py:839} INFO - DAG(s) dict_keys(['tutorial']) retrieved from /home/airflow/.local/lib/python3.10/site-packages/airflow/example_dags/tutorial.py
[2025-06-02T21:59:57.193+0000] {logging_mixin.py:154} INFO - [2025-06-02T21:59:57.192+0000] {manager.py:499} INFO - Created Permission View: %s
[2025-06-02T21:59:57.266+0000] {logging_mixin.py:154} INFO - [2025-06-02T21:59:57.266+0000] {manager.py:499} INFO - Created Permission View: %s
[2025-06-02T21:59:57.293+0000] {logging_mixin.py:154} INFO - [2025-06-02T21:59:57.293+0000] {manager.py:499} INFO - Created Permission View: %s
[2025-06-02T21:59:57.293+0000] {logging_mixin.py:154} INFO - [2025-06-02T21:59:57.293+0000] {dag.py:2941} INFO - Sync 1 DAGs
[2025-06-02T21:59:57.333+0000] {logging_mixin.py:154} INFO - [2025-06-02T21:59:57.332+0000] {dag.py:2963} INFO - Creating ORM DAG for tutorial
[2025-06-02T21:59:57.374+0000] {logging_mixin.py:154} INFO - [2025-06-02T21:59:57.374+0000] {dag.py:3722} INFO - Setting next_dagrun for tutorial to 2025-06-01T21:59:57.373790+00:00, run_after=2025-06-02T21:59:57.373790+00:00
[2025-06-02T21:59:57.467+0000] {processor.py:179} INFO - Processing /home/airflow/.local/lib/python3.10/site-packages/airflow/example_dags/tutorial.py took 0.820 seconds
[2025-06-02T22:00:27.664+0000] {processor.py:157} INFO - Started process (PID=99) to work on /home/airflow/.local/lib/python3.10/site-packages/airflow/example_dags/tutorial.py
[2025-06-02T22:00:27.667+0000] {processor.py:829} INFO - Processing file /home/airflow/.local/lib/python3.10/site-packages/airflow/example_dags/tutorial.py for tasks to queue
[2025-06-02T22:00:27.670+0000] {logging_mixin.py:154} INFO - [2025-06-02T22:00:27.670+0000] {dagbag.py:536} INFO - Filling up the DagBag from /home/airflow/.local/lib/python3.10/site-packages/airflow/example_dags/tutorial.py
[2025-06-02T22:00:27.678+0000] {processor.py:839} INFO - DAG(s) dict_keys(['tutorial']) retrieved from /home/airflow/.local/lib/python3.10/site-packages/airflow/example_dags/tutorial.py
[2025-06-02T22:00:27.698+0000] {logging_mixin.py:154} INFO - [2025-06-02T22:00:27.698+0000] {dag.py:2941} INFO - Sync 1 DAGs
[2025-06-02T22:00:27.719+0000] {logging_mixin.py:154} INFO - [2025-06-02T22:00:27.719+0000] {dag.py:3722} INFO - Setting next_dagrun for tutorial to 2025-06-01T22:00:27.719505+00:00, run_after=2025-06-02T22:00:27.719505+00:00
[2025-06-02T22:00:27.737+0000] {processor.py:179} INFO - Processing /home/airflow/.local/lib/python3.10/site-packages/airflow/example_dags/tutorial.py took 0.077 seconds
[2025-06-02T22:00:58.008+0000] {processor.py:157} INFO - Started process (PID=153) to work on /home/airflow/.local/lib/python3.10/site-packages/airflow/example_dags/tutorial.py
[2025-06-02T22:00:58.009+0000] {processor.py:829} INFO - Processing file /home/airflow/.local/lib/python3.10/site-packages/airflow/example_dags/tutorial.py for tasks to queue
[2025-06-02T22:00:58.011+0000] {logging_mixin.py:154} INFO - [2025-06-02T22:00:58.011+0000] {dagbag.py:536} INFO - Filling up the DagBag from /home/airflow/.local/lib/python3.10/site-packages/airflow/example_dags/tutorial.py
[2025-06-02T22:00:58.018+0000] {processor.py:839} INFO - DAG(s) dict_keys(['tutorial']) retrieved from /home/airflow/.local/lib/python3.10/site-packages/airflow/example_dags/tutorial.py
[2025-06-02T22:00:58.038+0000] {logging_mixin.py:154} INFO - [2025-06-02T22:00:58.038+0000] {dag.py:2941} INFO - Sync 1 DAGs
[2025-06-02T22:00:58.059+0000] {logging_mixin.py:154} INFO - [2025-06-02T22:00:58.059+0000] {dag.py:3722} INFO - Setting next_dagrun for tutorial to 2025-06-01T22:00:58.059381+00:00, run_after=2025-06-02T22:00:58.059381+00:00
[2025-06-02T22:00:58.078+0000] {processor.py:179} INFO - Processing /home/airflow/.local/lib/python3.10/site-packages/airflow/example_dags/tutorial.py took 0.075 seconds
[2025-06-02T22:01:28.692+0000] {processor.py:157} INFO - Started process (PID=207) to work on /home/airflow/.local/lib/python3.10/site-packages/airflow/example_dags/tutorial.py
[2025-06-02T22:01:28.693+0000] {processor.py:829} INFO - Processing file /home/airflow/.local/lib/python3.10/site-packages/airflow/example_dags/tutorial.py for tasks to queue
[2025-06-02T22:01:28.696+0000] {logging_mixin.py:154} INFO - [2025-06-02T22:01:28.696+0000] {dagbag.py:536} INFO - Filling up the DagBag from /home/airflow/.local/lib/python3.10/site-packages/airflow/example_dags/tutorial.py
[2025-06-02T22:01:28.702+0000] {processor.py:839} INFO - DAG(s) dict_keys(['tutorial']) retrieved from /home/airflow/.local/lib/python3.10/site-packages/airflow/example_dags/tutorial.py
[2025-06-02T22:01:28.721+0000] {logging_mixin.py:154} INFO - [2025-06-02T22:01:28.721+0000] {dag.py:2941} INFO - Sync 1 DAGs
[2025-06-02T22:01:28.743+0000] {logging_mixin.py:154} INFO - [2025-06-02T22:01:28.743+0000] {dag.py:3722} INFO - Setting next_dagrun for tutorial to 2025-06-01T22:01:28.743212+00:00, run_after=2025-06-02T22:01:28.743212+00:00
[2025-06-02T22:01:28.761+0000] {processor.py:179} INFO - Processing /home/airflow/.local/lib/python3.10/site-packages/airflow/example_dags/tutorial.py took 0.073 seconds
[2025-06-02T22:01:59.271+0000] {processor.py:157} INFO - Started process (PID=262) to work on /home/airflow/.local/lib/python3.10/site-packages/airflow/example_dags/tutorial.py
[2025-06-02T22:01:59.272+0000] {processor.py:829} INFO - Processing file /home/airflow/.local/lib/python3.10/site-packages/airflow/example_dags/tutorial.py for tasks to queue
[2025-06-02T22:01:59.275+0000] {logging_mixin.py:154} INFO - [2025-06-02T22:01:59.275+0000] {dagbag.py:536} INFO - Filling up the DagBag from /home/airflow/.local/lib/python3.10/site-packages/airflow/example_dags/tutorial.py
[2025-06-02T22:01:59.281+0000] {processor.py:839} INFO - DAG(s) dict_keys(['tutorial']) retrieved from /home/airflow/.local/lib/python3.10/site-packages/airflow/example_dags/tutorial.py
[2025-06-02T22:01:59.302+0000] {logging_mixin.py:154} INFO - [2025-06-02T22:01:59.302+0000] {dag.py:2941} INFO - Sync 1 DAGs
[2025-06-02T22:01:59.330+0000] {logging_mixin.py:154} INFO - [2025-06-02T22:01:59.330+0000] {dag.py:3722} INFO - Setting next_dagrun for tutorial to 2025-06-01T22:01:59.329773+00:00, run_after=2025-06-02T22:01:59.329773+00:00
[2025-06-02T22:01:59.347+0000] {processor.py:179} INFO - Processing /home/airflow/.local/lib/python3.10/site-packages/airflow/example_dags/tutorial.py took 0.080 seconds
[2025-06-02T22:02:30.130+0000] {processor.py:157} INFO - Started process (PID=315) to work on /home/airflow/.local/lib/python3.10/site-packages/airflow/example_dags/tutorial.py
[2025-06-02T22:02:30.132+0000] {processor.py:829} INFO - Processing file /home/airflow/.local/lib/python3.10/site-packages/airflow/example_dags/tutorial.py for tasks to queue
[2025-06-02T22:02:30.143+0000] {logging_mixin.py:154} INFO - [2025-06-02T22:02:30.143+0000] {dagbag.py:536} INFO - Filling up the DagBag from /home/airflow/.local/lib/python3.10/site-packages/airflow/example_dags/tutorial.py
[2025-06-02T22:02:30.152+0000] {processor.py:839} INFO - DAG(s) dict_keys(['tutorial']) retrieved from /home/airflow/.local/lib/python3.10/site-packages/airflow/example_dags/tutorial.py
[2025-06-02T22:02:30.179+0000] {logging_mixin.py:154} INFO - [2025-06-02T22:02:30.178+0000] {dag.py:2941} INFO - Sync 1 DAGs
[2025-06-02T22:02:30.209+0000] {logging_mixin.py:154} INFO - [2025-06-02T22:02:30.209+0000] {dag.py:3722} INFO - Setting next_dagrun for tutorial to 2025-06-01T22:02:30.209257+00:00, run_after=2025-06-02T22:02:30.209257+00:00
[2025-06-02T22:02:30.238+0000] {processor.py:179} INFO - Processing /home/airflow/.local/lib/python3.10/site-packages/airflow/example_dags/tutorial.py took 0.122 seconds
[2025-06-02T22:03:01.437+0000] {processor.py:157} INFO - Started process (PID=369) to work on /home/airflow/.local/lib/python3.10/site-packages/airflow/example_dags/tutorial.py
[2025-06-02T22:03:01.439+0000] {processor.py:829} INFO - Processing file /home/airflow/.local/lib/python3.10/site-packages/airflow/example_dags/tutorial.py for tasks to queue
[2025-06-02T22:03:01.454+0000] {logging_mixin.py:154} INFO - [2025-06-02T22:03:01.441+0000] {dagbag.py:536} INFO - Filling up the DagBag from /home/airflow/.local/lib/python3.10/site-packages/airflow/example_dags/tutorial.py
[2025-06-02T22:03:01.474+0000] {processor.py:839} INFO - DAG(s) dict_keys(['tutorial']) retrieved from /home/airflow/.local/lib/python3.10/site-packages/airflow/example_dags/tutorial.py
[2025-06-02T22:03:01.567+0000] {logging_mixin.py:154} INFO - [2025-06-02T22:03:01.567+0000] {dag.py:2941} INFO - Sync 1 DAGs
[2025-06-02T22:03:01.659+0000] {logging_mixin.py:154} INFO - [2025-06-02T22:03:01.658+0000] {dag.py:3722} INFO - Setting next_dagrun for tutorial to 2025-06-01T22:03:01.658554+00:00, run_after=2025-06-02T22:03:01.658554+00:00
[2025-06-02T22:03:01.739+0000] {processor.py:179} INFO - Processing /home/airflow/.local/lib/python3.10/site-packages/airflow/example_dags/tutorial.py took 0.320 seconds
[2025-06-02T22:03:32.754+0000] {processor.py:157} INFO - Started process (PID=424) to work on /home/airflow/.local/lib/python3.10/site-packages/airflow/example_dags/tutorial.py
[2025-06-02T22:03:32.759+0000] {processor.py:829} INFO - Processing file /home/airflow/.local/lib/python3.10/site-packages/airflow/example_dags/tutorial.py for tasks to queue
[2025-06-02T22:03:32.762+0000] {logging_mixin.py:154} INFO - [2025-06-02T22:03:32.761+0000] {dagbag.py:536} INFO - Filling up the DagBag from /home/airflow/.local/lib/python3.10/site-packages/airflow/example_dags/tutorial.py
[2025-06-02T22:03:32.777+0000] {processor.py:839} INFO - DAG(s) dict_keys(['tutorial']) retrieved from /home/airflow/.local/lib/python3.10/site-packages/airflow/example_dags/tutorial.py
[2025-06-02T22:03:32.853+0000] {logging_mixin.py:154} INFO - [2025-06-02T22:03:32.852+0000] {dag.py:2941} INFO - Sync 1 DAGs
[2025-06-02T22:03:32.923+0000] {logging_mixin.py:154} INFO - [2025-06-02T22:03:32.922+0000] {dag.py:3722} INFO - Setting next_dagrun for tutorial to 2025-06-01T22:03:32.922632+00:00, run_after=2025-06-02T22:03:32.922632+00:00
[2025-06-02T22:03:32.956+0000] {processor.py:179} INFO - Processing /home/airflow/.local/lib/python3.10/site-packages/airflow/example_dags/tutorial.py took 0.207 seconds
[2025-06-02T22:04:02.984+0000] {processor.py:157} INFO - Started process (PID=478) to work on /home/airflow/.local/lib/python3.10/site-packages/airflow/example_dags/tutorial.py
[2025-06-02T22:04:02.985+0000] {processor.py:829} INFO - Processing file /home/airflow/.local/lib/python3.10/site-packages/airflow/example_dags/tutorial.py for tasks to queue
[2025-06-02T22:04:02.988+0000] {logging_mixin.py:154} INFO - [2025-06-02T22:04:02.987+0000] {dagbag.py:536} INFO - Filling up the DagBag from /home/airflow/.local/lib/python3.10/site-packages/airflow/example_dags/tutorial.py
[2025-06-02T22:04:02.994+0000] {processor.py:839} INFO - DAG(s) dict_keys(['tutorial']) retrieved from /home/airflow/.local/lib/python3.10/site-packages/airflow/example_dags/tutorial.py
[2025-06-02T22:04:03.014+0000] {logging_mixin.py:154} INFO - [2025-06-02T22:04:03.014+0000] {dag.py:2941} INFO - Sync 1 DAGs
[2025-06-02T22:04:03.036+0000] {logging_mixin.py:154} INFO - [2025-06-02T22:04:03.036+0000] {dag.py:3722} INFO - Setting next_dagrun for tutorial to 2025-06-01T22:04:03.036364+00:00, run_after=2025-06-02T22:04:03.036364+00:00
[2025-06-02T22:04:03.054+0000] {processor.py:179} INFO - Processing /home/airflow/.local/lib/python3.10/site-packages/airflow/example_dags/tutorial.py took 0.075 seconds
[2025-06-02T22:04:33.158+0000] {processor.py:157} INFO - Started process (PID=532) to work on /home/airflow/.local/lib/python3.10/site-packages/airflow/example_dags/tutorial.py
[2025-06-02T22:04:33.159+0000] {processor.py:829} INFO - Processing file /home/airflow/.local/lib/python3.10/site-packages/airflow/example_dags/tutorial.py for tasks to queue
[2025-06-02T22:04:33.163+0000] {logging_mixin.py:154} INFO - [2025-06-02T22:04:33.163+0000] {dagbag.py:536} INFO - Filling up the DagBag from /home/airflow/.local/lib/python3.10/site-packages/airflow/example_dags/tutorial.py
[2025-06-02T22:04:33.170+0000] {processor.py:839} INFO - DAG(s) dict_keys(['tutorial']) retrieved from /home/airflow/.local/lib/python3.10/site-packages/airflow/example_dags/tutorial.py
[2025-06-02T22:04:33.196+0000] {logging_mixin.py:154} INFO - [2025-06-02T22:04:33.196+0000] {dag.py:2941} INFO - Sync 1 DAGs
[2025-06-02T22:04:33.226+0000] {logging_mixin.py:154} INFO - [2025-06-02T22:04:33.226+0000] {dag.py:3722} INFO - Setting next_dagrun for tutorial to 2025-06-01T22:04:33.226423+00:00, run_after=2025-06-02T22:04:33.226423+00:00
[2025-06-02T22:04:33.249+0000] {processor.py:179} INFO - Processing /home/airflow/.local/lib/python3.10/site-packages/airflow/example_dags/tutorial.py took 0.096 seconds
[2025-06-02T22:05:03.519+0000] {processor.py:157} INFO - Started process (PID=586) to work on /home/airflow/.local/lib/python3.10/site-packages/airflow/example_dags/tutorial.py
[2025-06-02T22:05:03.521+0000] {processor.py:829} INFO - Processing file /home/airflow/.local/lib/python3.10/site-packages/airflow/example_dags/tutorial.py for tasks to queue
[2025-06-02T22:05:03.525+0000] {logging_mixin.py:154} INFO - [2025-06-02T22:05:03.524+0000] {dagbag.py:536} INFO - Filling up the DagBag from /home/airflow/.local/lib/python3.10/site-packages/airflow/example_dags/tutorial.py
[2025-06-02T22:05:03.533+0000] {processor.py:839} INFO - DAG(s) dict_keys(['tutorial']) retrieved from /home/airflow/.local/lib/python3.10/site-packages/airflow/example_dags/tutorial.py
[2025-06-02T22:05:03.561+0000] {logging_mixin.py:154} INFO - [2025-06-02T22:05:03.561+0000] {dag.py:2941} INFO - Sync 1 DAGs
[2025-06-02T22:05:03.622+0000] {logging_mixin.py:154} INFO - [2025-06-02T22:05:03.622+0000] {dag.py:3722} INFO - Setting next_dagrun for tutorial to 2025-06-01T22:05:03.621742+00:00, run_after=2025-06-02T22:05:03.621742+00:00
[2025-06-02T22:05:03.675+0000] {processor.py:179} INFO - Processing /home/airflow/.local/lib/python3.10/site-packages/airflow/example_dags/tutorial.py took 0.160 seconds
[2025-06-02T22:05:33.779+0000] {processor.py:157} INFO - Started process (PID=641) to work on /home/airflow/.local/lib/python3.10/site-packages/airflow/example_dags/tutorial.py
[2025-06-02T22:05:33.781+0000] {processor.py:829} INFO - Processing file /home/airflow/.local/lib/python3.10/site-packages/airflow/example_dags/tutorial.py for tasks to queue
[2025-06-02T22:05:33.785+0000] {logging_mixin.py:154} INFO - [2025-06-02T22:05:33.784+0000] {dagbag.py:536} INFO - Filling up the DagBag from /home/airflow/.local/lib/python3.10/site-packages/airflow/example_dags/tutorial.py
[2025-06-02T22:05:33.792+0000] {processor.py:839} INFO - DAG(s) dict_keys(['tutorial']) retrieved from /home/airflow/.local/lib/python3.10/site-packages/airflow/example_dags/tutorial.py
[2025-06-02T22:05:33.820+0000] {logging_mixin.py:154} INFO - [2025-06-02T22:05:33.820+0000] {dag.py:2941} INFO - Sync 1 DAGs
[2025-06-02T22:05:33.850+0000] {logging_mixin.py:154} INFO - [2025-06-02T22:05:33.850+0000] {dag.py:3722} INFO - Setting next_dagrun for tutorial to 2025-06-01T22:05:33.850095+00:00, run_after=2025-06-02T22:05:33.850095+00:00
[2025-06-02T22:05:33.909+0000] {processor.py:179} INFO - Processing /home/airflow/.local/lib/python3.10/site-packages/airflow/example_dags/tutorial.py took 0.134 seconds
[2025-06-02T22:06:03.942+0000] {processor.py:157} INFO - Started process (PID=695) to work on /home/airflow/.local/lib/python3.10/site-packages/airflow/example_dags/tutorial.py
[2025-06-02T22:06:03.943+0000] {processor.py:829} INFO - Processing file /home/airflow/.local/lib/python3.10/site-packages/airflow/example_dags/tutorial.py for tasks to queue
[2025-06-02T22:06:03.946+0000] {logging_mixin.py:154} INFO - [2025-06-02T22:06:03.946+0000] {dagbag.py:536} INFO - Filling up the DagBag from /home/airflow/.local/lib/python3.10/site-packages/airflow/example_dags/tutorial.py
[2025-06-02T22:06:03.952+0000] {processor.py:839} INFO - DAG(s) dict_keys(['tutorial']) retrieved from /home/airflow/.local/lib/python3.10/site-packages/airflow/example_dags/tutorial.py
[2025-06-02T22:06:03.973+0000] {logging_mixin.py:154} INFO - [2025-06-02T22:06:03.972+0000] {dag.py:2941} INFO - Sync 1 DAGs
[2025-06-02T22:06:03.995+0000] {logging_mixin.py:154} INFO - [2025-06-02T22:06:03.995+0000] {dag.py:3722} INFO - Setting next_dagrun for tutorial to 2025-06-01T22:06:03.995387+00:00, run_after=2025-06-02T22:06:03.995387+00:00
[2025-06-02T22:06:04.017+0000] {processor.py:179} INFO - Processing /home/airflow/.local/lib/python3.10/site-packages/airflow/example_dags/tutorial.py took 0.079 seconds
[2025-06-02T22:06:34.532+0000] {processor.py:157} INFO - Started process (PID=748) to work on /home/airflow/.local/lib/python3.10/site-packages/airflow/example_dags/tutorial.py
[2025-06-02T22:06:34.534+0000] {processor.py:829} INFO - Processing file /home/airflow/.local/lib/python3.10/site-packages/airflow/example_dags/tutorial.py for tasks to queue
[2025-06-02T22:06:34.538+0000] {logging_mixin.py:154} INFO - [2025-06-02T22:06:34.537+0000] {dagbag.py:536} INFO - Filling up the DagBag from /home/airflow/.local/lib/python3.10/site-packages/airflow/example_dags/tutorial.py
[2025-06-02T22:06:34.545+0000] {processor.py:839} INFO - DAG(s) dict_keys(['tutorial']) retrieved from /home/airflow/.local/lib/python3.10/site-packages/airflow/example_dags/tutorial.py
[2025-06-02T22:06:34.597+0000] {logging_mixin.py:154} INFO - [2025-06-02T22:06:34.597+0000] {dag.py:2941} INFO - Sync 1 DAGs
[2025-06-02T22:06:34.649+0000] {logging_mixin.py:154} INFO - [2025-06-02T22:06:34.649+0000] {dag.py:3722} INFO - Setting next_dagrun for tutorial to 2025-06-01T22:06:34.648734+00:00, run_after=2025-06-02T22:06:34.648734+00:00
[2025-06-02T22:06:34.889+0000] {processor.py:179} INFO - Processing /home/airflow/.local/lib/python3.10/site-packages/airflow/example_dags/tutorial.py took 0.361 seconds
[2025-06-02T22:07:05.245+0000] {processor.py:157} INFO - Started process (PID=803) to work on /home/airflow/.local/lib/python3.10/site-packages/airflow/example_dags/tutorial.py
[2025-06-02T22:07:05.246+0000] {processor.py:829} INFO - Processing file /home/airflow/.local/lib/python3.10/site-packages/airflow/example_dags/tutorial.py for tasks to queue
[2025-06-02T22:07:05.250+0000] {logging_mixin.py:154} INFO - [2025-06-02T22:07:05.249+0000] {dagbag.py:536} INFO - Filling up the DagBag from /home/airflow/.local/lib/python3.10/site-packages/airflow/example_dags/tutorial.py
[2025-06-02T22:07:05.258+0000] {processor.py:839} INFO - DAG(s) dict_keys(['tutorial']) retrieved from /home/airflow/.local/lib/python3.10/site-packages/airflow/example_dags/tutorial.py
[2025-06-02T22:07:05.285+0000] {logging_mixin.py:154} INFO - [2025-06-02T22:07:05.284+0000] {dag.py:2941} INFO - Sync 1 DAGs
[2025-06-02T22:07:05.315+0000] {logging_mixin.py:154} INFO - [2025-06-02T22:07:05.315+0000] {dag.py:3722} INFO - Setting next_dagrun for tutorial to 2025-06-01T22:07:05.315033+00:00, run_after=2025-06-02T22:07:05.315033+00:00
[2025-06-02T22:07:05.353+0000] {processor.py:179} INFO - Processing /home/airflow/.local/lib/python3.10/site-packages/airflow/example_dags/tutorial.py took 0.112 seconds
[2025-06-02T22:07:35.498+0000] {processor.py:157} INFO - Started process (PID=857) to work on /home/airflow/.local/lib/python3.10/site-packages/airflow/example_dags/tutorial.py
[2025-06-02T22:07:35.501+0000] {processor.py:829} INFO - Processing file /home/airflow/.local/lib/python3.10/site-packages/airflow/example_dags/tutorial.py for tasks to queue
[2025-06-02T22:07:35.505+0000] {logging_mixin.py:154} INFO - [2025-06-02T22:07:35.505+0000] {dagbag.py:536} INFO - Filling up the DagBag from /home/airflow/.local/lib/python3.10/site-packages/airflow/example_dags/tutorial.py
[2025-06-02T22:07:35.512+0000] {processor.py:839} INFO - DAG(s) dict_keys(['tutorial']) retrieved from /home/airflow/.local/lib/python3.10/site-packages/airflow/example_dags/tutorial.py
[2025-06-02T22:07:35.540+0000] {logging_mixin.py:154} INFO - [2025-06-02T22:07:35.540+0000] {dag.py:2941} INFO - Sync 1 DAGs
[2025-06-02T22:07:35.595+0000] {logging_mixin.py:154} INFO - [2025-06-02T22:07:35.595+0000] {dag.py:3722} INFO - Setting next_dagrun for tutorial to 2025-06-01T22:07:35.594717+00:00, run_after=2025-06-02T22:07:35.594717+00:00
[2025-06-02T22:07:35.620+0000] {processor.py:179} INFO - Processing /home/airflow/.local/lib/python3.10/site-packages/airflow/example_dags/tutorial.py took 0.127 seconds
[2025-06-02T22:08:06.724+0000] {processor.py:157} INFO - Started process (PID=911) to work on /home/airflow/.local/lib/python3.10/site-packages/airflow/example_dags/tutorial.py
[2025-06-02T22:08:06.725+0000] {processor.py:829} INFO - Processing file /home/airflow/.local/lib/python3.10/site-packages/airflow/example_dags/tutorial.py for tasks to queue
[2025-06-02T22:08:06.728+0000] {logging_mixin.py:154} INFO - [2025-06-02T22:08:06.728+0000] {dagbag.py:536} INFO - Filling up the DagBag from /home/airflow/.local/lib/python3.10/site-packages/airflow/example_dags/tutorial.py
[2025-06-02T22:08:06.757+0000] {processor.py:839} INFO - DAG(s) dict_keys(['tutorial']) retrieved from /home/airflow/.local/lib/python3.10/site-packages/airflow/example_dags/tutorial.py
[2025-06-02T22:08:06.854+0000] {logging_mixin.py:154} INFO - [2025-06-02T22:08:06.854+0000] {dag.py:2941} INFO - Sync 1 DAGs
[2025-06-02T22:08:07.239+0000] {logging_mixin.py:154} INFO - [2025-06-02T22:08:07.239+0000] {dag.py:3722} INFO - Setting next_dagrun for tutorial to 2025-06-01T22:08:07.238827+00:00, run_after=2025-06-02T22:08:07.238827+00:00
[2025-06-02T22:08:07.269+0000] {processor.py:179} INFO - Processing /home/airflow/.local/lib/python3.10/site-packages/airflow/example_dags/tutorial.py took 0.554 seconds
[2025-06-02T22:08:37.648+0000] {processor.py:157} INFO - Started process (PID=965) to work on /home/airflow/.local/lib/python3.10/site-packages/airflow/example_dags/tutorial.py
[2025-06-02T22:08:37.662+0000] {processor.py:829} INFO - Processing file /home/airflow/.local/lib/python3.10/site-packages/airflow/example_dags/tutorial.py for tasks to queue
[2025-06-02T22:08:37.665+0000] {logging_mixin.py:154} INFO - [2025-06-02T22:08:37.665+0000] {dagbag.py:536} INFO - Filling up the DagBag from /home/airflow/.local/lib/python3.10/site-packages/airflow/example_dags/tutorial.py
[2025-06-02T22:08:37.677+0000] {processor.py:839} INFO - DAG(s) dict_keys(['tutorial']) retrieved from /home/airflow/.local/lib/python3.10/site-packages/airflow/example_dags/tutorial.py
[2025-06-02T22:08:37.729+0000] {logging_mixin.py:154} INFO - [2025-06-02T22:08:37.729+0000] {dag.py:2941} INFO - Sync 1 DAGs
[2025-06-02T22:08:37.792+0000] {logging_mixin.py:154} INFO - [2025-06-02T22:08:37.792+0000] {dag.py:3722} INFO - Setting next_dagrun for tutorial to 2025-06-01T22:08:37.792363+00:00, run_after=2025-06-02T22:08:37.792363+00:00
[2025-06-02T22:08:37.861+0000] {processor.py:179} INFO - Processing /home/airflow/.local/lib/python3.10/site-packages/airflow/example_dags/tutorial.py took 0.227 seconds
[2025-06-02T22:09:08.761+0000] {processor.py:157} INFO - Started process (PID=1019) to work on /home/airflow/.local/lib/python3.10/site-packages/airflow/example_dags/tutorial.py
[2025-06-02T22:09:08.766+0000] {processor.py:829} INFO - Processing file /home/airflow/.local/lib/python3.10/site-packages/airflow/example_dags/tutorial.py for tasks to queue
[2025-06-02T22:09:08.775+0000] {logging_mixin.py:154} INFO - [2025-06-02T22:09:08.774+0000] {dagbag.py:536} INFO - Filling up the DagBag from /home/airflow/.local/lib/python3.10/site-packages/airflow/example_dags/tutorial.py
[2025-06-02T22:09:08.792+0000] {processor.py:839} INFO - DAG(s) dict_keys(['tutorial']) retrieved from /home/airflow/.local/lib/python3.10/site-packages/airflow/example_dags/tutorial.py
[2025-06-02T22:09:08.823+0000] {logging_mixin.py:154} INFO - [2025-06-02T22:09:08.823+0000] {dag.py:2941} INFO - Sync 1 DAGs
[2025-06-02T22:09:08.874+0000] {logging_mixin.py:154} INFO - [2025-06-02T22:09:08.874+0000] {dag.py:3722} INFO - Setting next_dagrun for tutorial to 2025-06-01T22:09:08.873949+00:00, run_after=2025-06-02T22:09:08.873949+00:00
[2025-06-02T22:09:08.921+0000] {processor.py:179} INFO - Processing /home/airflow/.local/lib/python3.10/site-packages/airflow/example_dags/tutorial.py took 0.171 seconds
[2025-06-02T22:09:39.106+0000] {processor.py:157} INFO - Started process (PID=1072) to work on /home/airflow/.local/lib/python3.10/site-packages/airflow/example_dags/tutorial.py
[2025-06-02T22:09:39.107+0000] {processor.py:829} INFO - Processing file /home/airflow/.local/lib/python3.10/site-packages/airflow/example_dags/tutorial.py for tasks to queue
[2025-06-02T22:09:39.109+0000] {logging_mixin.py:154} INFO - [2025-06-02T22:09:39.109+0000] {dagbag.py:536} INFO - Filling up the DagBag from /home/airflow/.local/lib/python3.10/site-packages/airflow/example_dags/tutorial.py
[2025-06-02T22:09:39.116+0000] {processor.py:839} INFO - DAG(s) dict_keys(['tutorial']) retrieved from /home/airflow/.local/lib/python3.10/site-packages/airflow/example_dags/tutorial.py
[2025-06-02T22:09:39.136+0000] {logging_mixin.py:154} INFO - [2025-06-02T22:09:39.136+0000] {dag.py:2941} INFO - Sync 1 DAGs
[2025-06-02T22:09:39.302+0000] {logging_mixin.py:154} INFO - [2025-06-02T22:09:39.302+0000] {dag.py:3722} INFO - Setting next_dagrun for tutorial to 2025-06-01T22:09:39.301958+00:00, run_after=2025-06-02T22:09:39.301958+00:00
[2025-06-02T22:09:39.318+0000] {processor.py:179} INFO - Processing /home/airflow/.local/lib/python3.10/site-packages/airflow/example_dags/tutorial.py took 0.215 seconds
[2025-06-02T22:10:09.380+0000] {processor.py:157} INFO - Started process (PID=1125) to work on /home/airflow/.local/lib/python3.10/site-packages/airflow/example_dags/tutorial.py
[2025-06-02T22:10:09.381+0000] {processor.py:829} INFO - Processing file /home/airflow/.local/lib/python3.10/site-packages/airflow/example_dags/tutorial.py for tasks to queue
[2025-06-02T22:10:09.383+0000] {logging_mixin.py:154} INFO - [2025-06-02T22:10:09.383+0000] {dagbag.py:536} INFO - Filling up the DagBag from /home/airflow/.local/lib/python3.10/site-packages/airflow/example_dags/tutorial.py
[2025-06-02T22:10:09.390+0000] {processor.py:839} INFO - DAG(s) dict_keys(['tutorial']) retrieved from /home/airflow/.local/lib/python3.10/site-packages/airflow/example_dags/tutorial.py
[2025-06-02T22:10:09.410+0000] {logging_mixin.py:154} INFO - [2025-06-02T22:10:09.410+0000] {dag.py:2941} INFO - Sync 1 DAGs
[2025-06-02T22:10:09.433+0000] {logging_mixin.py:154} INFO - [2025-06-02T22:10:09.433+0000] {dag.py:3722} INFO - Setting next_dagrun for tutorial to 2025-06-01T22:10:09.433018+00:00, run_after=2025-06-02T22:10:09.433018+00:00
[2025-06-02T22:10:09.600+0000] {processor.py:179} INFO - Processing /home/airflow/.local/lib/python3.10/site-packages/airflow/example_dags/tutorial.py took 0.224 seconds
[2025-06-02T22:10:40.008+0000] {processor.py:157} INFO - Started process (PID=1186) to work on /home/airflow/.local/lib/python3.10/site-packages/airflow/example_dags/tutorial.py
[2025-06-02T22:10:40.010+0000] {processor.py:829} INFO - Processing file /home/airflow/.local/lib/python3.10/site-packages/airflow/example_dags/tutorial.py for tasks to queue
[2025-06-02T22:10:40.012+0000] {logging_mixin.py:154} INFO - [2025-06-02T22:10:40.012+0000] {dagbag.py:536} INFO - Filling up the DagBag from /home/airflow/.local/lib/python3.10/site-packages/airflow/example_dags/tutorial.py
[2025-06-02T22:10:40.019+0000] {processor.py:839} INFO - DAG(s) dict_keys(['tutorial']) retrieved from /home/airflow/.local/lib/python3.10/site-packages/airflow/example_dags/tutorial.py
[2025-06-02T22:10:40.039+0000] {logging_mixin.py:154} INFO - [2025-06-02T22:10:40.039+0000] {dag.py:2941} INFO - Sync 1 DAGs
[2025-06-02T22:10:40.062+0000] {logging_mixin.py:154} INFO - [2025-06-02T22:10:40.062+0000] {dag.py:3722} INFO - Setting next_dagrun for tutorial to 2025-06-01T22:10:40.061801+00:00, run_after=2025-06-02T22:10:40.061801+00:00
[2025-06-02T22:10:40.079+0000] {processor.py:179} INFO - Processing /home/airflow/.local/lib/python3.10/site-packages/airflow/example_dags/tutorial.py took 0.083 seconds
[2025-06-02T23:03:26.829+0000] {processor.py:157} INFO - Started process (PID=47) to work on /home/airflow/.local/lib/python3.10/site-packages/airflow/example_dags/tutorial.py
[2025-06-02T23:03:26.840+0000] {processor.py:829} INFO - Processing file /home/airflow/.local/lib/python3.10/site-packages/airflow/example_dags/tutorial.py for tasks to queue
[2025-06-02T23:03:26.849+0000] {logging_mixin.py:154} INFO - [2025-06-02T23:03:26.849+0000] {dagbag.py:536} INFO - Filling up the DagBag from /home/airflow/.local/lib/python3.10/site-packages/airflow/example_dags/tutorial.py
[2025-06-02T23:03:26.906+0000] {processor.py:839} INFO - DAG(s) dict_keys(['tutorial']) retrieved from /home/airflow/.local/lib/python3.10/site-packages/airflow/example_dags/tutorial.py
[2025-06-02T23:03:27.043+0000] {logging_mixin.py:154} INFO - [2025-06-02T23:03:27.043+0000] {dag.py:2941} INFO - Sync 1 DAGs
[2025-06-02T23:03:27.163+0000] {logging_mixin.py:154} INFO - [2025-06-02T23:03:27.162+0000] {dag.py:3722} INFO - Setting next_dagrun for tutorial to 2025-06-01T23:03:27.162501+00:00, run_after=2025-06-02T23:03:27.162501+00:00
[2025-06-02T23:03:27.234+0000] {processor.py:179} INFO - Processing /home/airflow/.local/lib/python3.10/site-packages/airflow/example_dags/tutorial.py took 0.430 seconds
[2025-06-02T23:03:57.758+0000] {processor.py:157} INFO - Started process (PID=39) to work on /home/airflow/.local/lib/python3.10/site-packages/airflow/example_dags/tutorial.py
[2025-06-02T23:03:57.760+0000] {processor.py:829} INFO - Processing file /home/airflow/.local/lib/python3.10/site-packages/airflow/example_dags/tutorial.py for tasks to queue
[2025-06-02T23:03:57.763+0000] {logging_mixin.py:154} INFO - [2025-06-02T23:03:57.763+0000] {dagbag.py:536} INFO - Filling up the DagBag from /home/airflow/.local/lib/python3.10/site-packages/airflow/example_dags/tutorial.py
[2025-06-02T23:03:57.774+0000] {processor.py:839} INFO - DAG(s) dict_keys(['tutorial']) retrieved from /home/airflow/.local/lib/python3.10/site-packages/airflow/example_dags/tutorial.py
[2025-06-02T23:03:57.813+0000] {logging_mixin.py:154} INFO - [2025-06-02T23:03:57.812+0000] {dag.py:2941} INFO - Sync 1 DAGs
[2025-06-02T23:03:57.840+0000] {logging_mixin.py:154} INFO - [2025-06-02T23:03:57.840+0000] {dag.py:3722} INFO - Setting next_dagrun for tutorial to 2025-06-01T23:03:57.839851+00:00, run_after=2025-06-02T23:03:57.839851+00:00
[2025-06-02T23:03:57.863+0000] {processor.py:179} INFO - Processing /home/airflow/.local/lib/python3.10/site-packages/airflow/example_dags/tutorial.py took 0.110 seconds
[2025-06-02T23:04:28.581+0000] {processor.py:157} INFO - Started process (PID=95) to work on /home/airflow/.local/lib/python3.10/site-packages/airflow/example_dags/tutorial.py
[2025-06-02T23:04:28.583+0000] {processor.py:829} INFO - Processing file /home/airflow/.local/lib/python3.10/site-packages/airflow/example_dags/tutorial.py for tasks to queue
[2025-06-02T23:04:28.586+0000] {logging_mixin.py:154} INFO - [2025-06-02T23:04:28.586+0000] {dagbag.py:536} INFO - Filling up the DagBag from /home/airflow/.local/lib/python3.10/site-packages/airflow/example_dags/tutorial.py
[2025-06-02T23:04:28.594+0000] {processor.py:839} INFO - DAG(s) dict_keys(['tutorial']) retrieved from /home/airflow/.local/lib/python3.10/site-packages/airflow/example_dags/tutorial.py
[2025-06-02T23:04:28.620+0000] {logging_mixin.py:154} INFO - [2025-06-02T23:04:28.620+0000] {dag.py:2941} INFO - Sync 1 DAGs
[2025-06-02T23:04:28.652+0000] {logging_mixin.py:154} INFO - [2025-06-02T23:04:28.651+0000] {dag.py:3722} INFO - Setting next_dagrun for tutorial to 2025-06-01T23:04:28.651461+00:00, run_after=2025-06-02T23:04:28.651461+00:00
[2025-06-02T23:04:28.674+0000] {processor.py:179} INFO - Processing /home/airflow/.local/lib/python3.10/site-packages/airflow/example_dags/tutorial.py took 0.098 seconds
[2025-06-02T23:04:59.041+0000] {processor.py:157} INFO - Started process (PID=151) to work on /home/airflow/.local/lib/python3.10/site-packages/airflow/example_dags/tutorial.py
[2025-06-02T23:04:59.042+0000] {processor.py:829} INFO - Processing file /home/airflow/.local/lib/python3.10/site-packages/airflow/example_dags/tutorial.py for tasks to queue
[2025-06-02T23:04:59.046+0000] {logging_mixin.py:154} INFO - [2025-06-02T23:04:59.045+0000] {dagbag.py:536} INFO - Filling up the DagBag from /home/airflow/.local/lib/python3.10/site-packages/airflow/example_dags/tutorial.py
[2025-06-02T23:04:59.053+0000] {processor.py:839} INFO - DAG(s) dict_keys(['tutorial']) retrieved from /home/airflow/.local/lib/python3.10/site-packages/airflow/example_dags/tutorial.py
[2025-06-02T23:04:59.080+0000] {logging_mixin.py:154} INFO - [2025-06-02T23:04:59.080+0000] {dag.py:2941} INFO - Sync 1 DAGs
[2025-06-02T23:04:59.109+0000] {logging_mixin.py:154} INFO - [2025-06-02T23:04:59.109+0000] {dag.py:3722} INFO - Setting next_dagrun for tutorial to 2025-06-01T23:04:59.108957+00:00, run_after=2025-06-02T23:04:59.108957+00:00
[2025-06-02T23:04:59.130+0000] {processor.py:179} INFO - Processing /home/airflow/.local/lib/python3.10/site-packages/airflow/example_dags/tutorial.py took 0.095 seconds
[2025-06-02T23:05:31.164+0000] {processor.py:157} INFO - Started process (PID=207) to work on /home/airflow/.local/lib/python3.10/site-packages/airflow/example_dags/tutorial.py
[2025-06-02T23:05:31.166+0000] {processor.py:829} INFO - Processing file /home/airflow/.local/lib/python3.10/site-packages/airflow/example_dags/tutorial.py for tasks to queue
[2025-06-02T23:05:31.170+0000] {logging_mixin.py:154} INFO - [2025-06-02T23:05:31.169+0000] {dagbag.py:536} INFO - Filling up the DagBag from /home/airflow/.local/lib/python3.10/site-packages/airflow/example_dags/tutorial.py
[2025-06-02T23:05:31.178+0000] {processor.py:839} INFO - DAG(s) dict_keys(['tutorial']) retrieved from /home/airflow/.local/lib/python3.10/site-packages/airflow/example_dags/tutorial.py
[2025-06-02T23:05:31.205+0000] {logging_mixin.py:154} INFO - [2025-06-02T23:05:31.204+0000] {dag.py:2941} INFO - Sync 1 DAGs
[2025-06-02T23:05:31.233+0000] {logging_mixin.py:154} INFO - [2025-06-02T23:05:31.233+0000] {dag.py:3722} INFO - Setting next_dagrun for tutorial to 2025-06-01T23:05:31.232795+00:00, run_after=2025-06-02T23:05:31.232795+00:00
[2025-06-02T23:05:31.259+0000] {processor.py:179} INFO - Processing /home/airflow/.local/lib/python3.10/site-packages/airflow/example_dags/tutorial.py took 0.100 seconds
[2025-06-02T23:06:04.403+0000] {processor.py:157} INFO - Started process (PID=263) to work on /home/airflow/.local/lib/python3.10/site-packages/airflow/example_dags/tutorial.py
[2025-06-02T23:06:04.407+0000] {processor.py:829} INFO - Processing file /home/airflow/.local/lib/python3.10/site-packages/airflow/example_dags/tutorial.py for tasks to queue
[2025-06-02T23:06:04.418+0000] {logging_mixin.py:154} INFO - [2025-06-02T23:06:04.418+0000] {dagbag.py:536} INFO - Filling up the DagBag from /home/airflow/.local/lib/python3.10/site-packages/airflow/example_dags/tutorial.py
[2025-06-02T23:06:04.438+0000] {processor.py:839} INFO - DAG(s) dict_keys(['tutorial']) retrieved from /home/airflow/.local/lib/python3.10/site-packages/airflow/example_dags/tutorial.py
[2025-06-02T23:06:04.540+0000] {logging_mixin.py:154} INFO - [2025-06-02T23:06:04.539+0000] {dag.py:2941} INFO - Sync 1 DAGs
[2025-06-02T23:06:04.630+0000] {logging_mixin.py:154} INFO - [2025-06-02T23:06:04.630+0000] {dag.py:3722} INFO - Setting next_dagrun for tutorial to 2025-06-01T23:06:04.630269+00:00, run_after=2025-06-02T23:06:04.630269+00:00
[2025-06-02T23:06:04.694+0000] {processor.py:179} INFO - Processing /home/airflow/.local/lib/python3.10/site-packages/airflow/example_dags/tutorial.py took 0.313 seconds
[2025-06-02T23:06:35.315+0000] {processor.py:157} INFO - Started process (PID=319) to work on /home/airflow/.local/lib/python3.10/site-packages/airflow/example_dags/tutorial.py
[2025-06-02T23:06:35.321+0000] {processor.py:829} INFO - Processing file /home/airflow/.local/lib/python3.10/site-packages/airflow/example_dags/tutorial.py for tasks to queue
[2025-06-02T23:06:35.330+0000] {logging_mixin.py:154} INFO - [2025-06-02T23:06:35.330+0000] {dagbag.py:536} INFO - Filling up the DagBag from /home/airflow/.local/lib/python3.10/site-packages/airflow/example_dags/tutorial.py
[2025-06-02T23:06:35.342+0000] {processor.py:839} INFO - DAG(s) dict_keys(['tutorial']) retrieved from /home/airflow/.local/lib/python3.10/site-packages/airflow/example_dags/tutorial.py
[2025-06-02T23:06:35.393+0000] {logging_mixin.py:154} INFO - [2025-06-02T23:06:35.393+0000] {dag.py:2941} INFO - Sync 1 DAGs
[2025-06-02T23:06:35.451+0000] {logging_mixin.py:154} INFO - [2025-06-02T23:06:35.450+0000] {dag.py:3722} INFO - Setting next_dagrun for tutorial to 2025-06-01T23:06:35.450423+00:00, run_after=2025-06-02T23:06:35.450423+00:00
[2025-06-02T23:06:35.497+0000] {processor.py:179} INFO - Processing /home/airflow/.local/lib/python3.10/site-packages/airflow/example_dags/tutorial.py took 0.192 seconds
[2025-06-02T23:07:06.319+0000] {processor.py:157} INFO - Started process (PID=373) to work on /home/airflow/.local/lib/python3.10/site-packages/airflow/example_dags/tutorial.py
[2025-06-02T23:07:06.321+0000] {processor.py:829} INFO - Processing file /home/airflow/.local/lib/python3.10/site-packages/airflow/example_dags/tutorial.py for tasks to queue
[2025-06-02T23:07:06.325+0000] {logging_mixin.py:154} INFO - [2025-06-02T23:07:06.323+0000] {dagbag.py:536} INFO - Filling up the DagBag from /home/airflow/.local/lib/python3.10/site-packages/airflow/example_dags/tutorial.py
[2025-06-02T23:07:06.335+0000] {processor.py:839} INFO - DAG(s) dict_keys(['tutorial']) retrieved from /home/airflow/.local/lib/python3.10/site-packages/airflow/example_dags/tutorial.py
[2025-06-02T23:07:06.367+0000] {logging_mixin.py:154} INFO - [2025-06-02T23:07:06.367+0000] {dag.py:2941} INFO - Sync 1 DAGs
[2025-06-02T23:07:06.436+0000] {logging_mixin.py:154} INFO - [2025-06-02T23:07:06.435+0000] {dag.py:3722} INFO - Setting next_dagrun for tutorial to 2025-06-01T23:07:06.435623+00:00, run_after=2025-06-02T23:07:06.435623+00:00
[2025-06-02T23:07:06.494+0000] {processor.py:179} INFO - Processing /home/airflow/.local/lib/python3.10/site-packages/airflow/example_dags/tutorial.py took 0.179 seconds
