[2025-06-02T22:00:07.667+0000] {processor.py:157} INFO - Started process (PID=81) to work on /home/airflow/.local/lib/python3.10/site-packages/airflow/example_dags/plugins/event_listener.py
[2025-06-02T22:00:07.668+0000] {processor.py:829} INFO - Processing file /home/airflow/.local/lib/python3.10/site-packages/airflow/example_dags/plugins/event_listener.py for tasks to queue
[2025-06-02T22:00:07.674+0000] {logging_mixin.py:154} INFO - [2025-06-02T22:00:07.674+0000] {dagbag.py:536} INFO - Filling up the DagBag from /home/airflow/.local/lib/python3.10/site-packages/airflow/example_dags/plugins/event_listener.py
[2025-06-02T22:00:07.683+0000] {processor.py:841} WARNING - No viable dags retrieved from /home/airflow/.local/lib/python3.10/site-packages/airflow/example_dags/plugins/event_listener.py
[2025-06-02T22:00:07.723+0000] {processor.py:179} INFO - Processing /home/airflow/.local/lib/python3.10/site-packages/airflow/example_dags/plugins/event_listener.py took 0.069 seconds
[2025-06-02T22:00:38.615+0000] {processor.py:157} INFO - Started process (PID=136) to work on /home/airflow/.local/lib/python3.10/site-packages/airflow/example_dags/plugins/event_listener.py
[2025-06-02T22:00:38.616+0000] {processor.py:829} INFO - Processing file /home/airflow/.local/lib/python3.10/site-packages/airflow/example_dags/plugins/event_listener.py for tasks to queue
[2025-06-02T22:00:38.618+0000] {logging_mixin.py:154} INFO - [2025-06-02T22:00:38.618+0000] {dagbag.py:536} INFO - Filling up the DagBag from /home/airflow/.local/lib/python3.10/site-packages/airflow/example_dags/plugins/event_listener.py
[2025-06-02T22:00:38.620+0000] {processor.py:841} WARNING - No viable dags retrieved from /home/airflow/.local/lib/python3.10/site-packages/airflow/example_dags/plugins/event_listener.py
[2025-06-02T22:00:38.633+0000] {processor.py:179} INFO - Processing /home/airflow/.local/lib/python3.10/site-packages/airflow/example_dags/plugins/event_listener.py took 0.022 seconds
[2025-06-02T22:01:09.007+0000] {processor.py:157} INFO - Started process (PID=190) to work on /home/airflow/.local/lib/python3.10/site-packages/airflow/example_dags/plugins/event_listener.py
[2025-06-02T22:01:09.012+0000] {processor.py:829} INFO - Processing file /home/airflow/.local/lib/python3.10/site-packages/airflow/example_dags/plugins/event_listener.py for tasks to queue
[2025-06-02T22:01:09.015+0000] {logging_mixin.py:154} INFO - [2025-06-02T22:01:09.015+0000] {dagbag.py:536} INFO - Filling up the DagBag from /home/airflow/.local/lib/python3.10/site-packages/airflow/example_dags/plugins/event_listener.py
[2025-06-02T22:01:09.018+0000] {processor.py:841} WARNING - No viable dags retrieved from /home/airflow/.local/lib/python3.10/site-packages/airflow/example_dags/plugins/event_listener.py
[2025-06-02T22:01:09.032+0000] {processor.py:179} INFO - Processing /home/airflow/.local/lib/python3.10/site-packages/airflow/example_dags/plugins/event_listener.py took 0.031 seconds
[2025-06-02T22:01:39.677+0000] {processor.py:157} INFO - Started process (PID=245) to work on /home/airflow/.local/lib/python3.10/site-packages/airflow/example_dags/plugins/event_listener.py
[2025-06-02T22:01:39.678+0000] {processor.py:829} INFO - Processing file /home/airflow/.local/lib/python3.10/site-packages/airflow/example_dags/plugins/event_listener.py for tasks to queue
[2025-06-02T22:01:39.680+0000] {logging_mixin.py:154} INFO - [2025-06-02T22:01:39.680+0000] {dagbag.py:536} INFO - Filling up the DagBag from /home/airflow/.local/lib/python3.10/site-packages/airflow/example_dags/plugins/event_listener.py
[2025-06-02T22:01:39.683+0000] {processor.py:841} WARNING - No viable dags retrieved from /home/airflow/.local/lib/python3.10/site-packages/airflow/example_dags/plugins/event_listener.py
[2025-06-02T22:01:39.697+0000] {processor.py:179} INFO - Processing /home/airflow/.local/lib/python3.10/site-packages/airflow/example_dags/plugins/event_listener.py took 0.025 seconds
[2025-06-02T22:02:10.215+0000] {processor.py:157} INFO - Started process (PID=298) to work on /home/airflow/.local/lib/python3.10/site-packages/airflow/example_dags/plugins/event_listener.py
[2025-06-02T22:02:10.216+0000] {processor.py:829} INFO - Processing file /home/airflow/.local/lib/python3.10/site-packages/airflow/example_dags/plugins/event_listener.py for tasks to queue
[2025-06-02T22:02:10.219+0000] {logging_mixin.py:154} INFO - [2025-06-02T22:02:10.219+0000] {dagbag.py:536} INFO - Filling up the DagBag from /home/airflow/.local/lib/python3.10/site-packages/airflow/example_dags/plugins/event_listener.py
[2025-06-02T22:02:10.223+0000] {processor.py:841} WARNING - No viable dags retrieved from /home/airflow/.local/lib/python3.10/site-packages/airflow/example_dags/plugins/event_listener.py
[2025-06-02T22:02:10.236+0000] {processor.py:179} INFO - Processing /home/airflow/.local/lib/python3.10/site-packages/airflow/example_dags/plugins/event_listener.py took 0.025 seconds
[2025-06-02T22:02:41.134+0000] {processor.py:157} INFO - Started process (PID=352) to work on /home/airflow/.local/lib/python3.10/site-packages/airflow/example_dags/plugins/event_listener.py
[2025-06-02T22:02:41.138+0000] {processor.py:829} INFO - Processing file /home/airflow/.local/lib/python3.10/site-packages/airflow/example_dags/plugins/event_listener.py for tasks to queue
[2025-06-02T22:02:41.141+0000] {logging_mixin.py:154} INFO - [2025-06-02T22:02:41.141+0000] {dagbag.py:536} INFO - Filling up the DagBag from /home/airflow/.local/lib/python3.10/site-packages/airflow/example_dags/plugins/event_listener.py
[2025-06-02T22:02:41.143+0000] {processor.py:841} WARNING - No viable dags retrieved from /home/airflow/.local/lib/python3.10/site-packages/airflow/example_dags/plugins/event_listener.py
[2025-06-02T22:02:41.155+0000] {processor.py:179} INFO - Processing /home/airflow/.local/lib/python3.10/site-packages/airflow/example_dags/plugins/event_listener.py took 0.025 seconds
[2025-06-02T22:03:11.738+0000] {processor.py:157} INFO - Started process (PID=407) to work on /home/airflow/.local/lib/python3.10/site-packages/airflow/example_dags/plugins/event_listener.py
[2025-06-02T22:03:11.739+0000] {processor.py:829} INFO - Processing file /home/airflow/.local/lib/python3.10/site-packages/airflow/example_dags/plugins/event_listener.py for tasks to queue
[2025-06-02T22:03:11.742+0000] {logging_mixin.py:154} INFO - [2025-06-02T22:03:11.742+0000] {dagbag.py:536} INFO - Filling up the DagBag from /home/airflow/.local/lib/python3.10/site-packages/airflow/example_dags/plugins/event_listener.py
[2025-06-02T22:03:11.744+0000] {processor.py:841} WARNING - No viable dags retrieved from /home/airflow/.local/lib/python3.10/site-packages/airflow/example_dags/plugins/event_listener.py
[2025-06-02T22:03:11.756+0000] {processor.py:179} INFO - Processing /home/airflow/.local/lib/python3.10/site-packages/airflow/example_dags/plugins/event_listener.py took 0.022 seconds
[2025-06-02T22:03:42.560+0000] {processor.py:157} INFO - Started process (PID=461) to work on /home/airflow/.local/lib/python3.10/site-packages/airflow/example_dags/plugins/event_listener.py
[2025-06-02T22:03:42.561+0000] {processor.py:829} INFO - Processing file /home/airflow/.local/lib/python3.10/site-packages/airflow/example_dags/plugins/event_listener.py for tasks to queue
[2025-06-02T22:03:42.564+0000] {logging_mixin.py:154} INFO - [2025-06-02T22:03:42.564+0000] {dagbag.py:536} INFO - Filling up the DagBag from /home/airflow/.local/lib/python3.10/site-packages/airflow/example_dags/plugins/event_listener.py
[2025-06-02T22:03:42.567+0000] {processor.py:841} WARNING - No viable dags retrieved from /home/airflow/.local/lib/python3.10/site-packages/airflow/example_dags/plugins/event_listener.py
[2025-06-02T22:03:42.582+0000] {processor.py:179} INFO - Processing /home/airflow/.local/lib/python3.10/site-packages/airflow/example_dags/plugins/event_listener.py took 0.027 seconds
[2025-06-02T22:04:13.449+0000] {processor.py:157} INFO - Started process (PID=515) to work on /home/airflow/.local/lib/python3.10/site-packages/airflow/example_dags/plugins/event_listener.py
[2025-06-02T22:04:13.450+0000] {processor.py:829} INFO - Processing file /home/airflow/.local/lib/python3.10/site-packages/airflow/example_dags/plugins/event_listener.py for tasks to queue
[2025-06-02T22:04:13.453+0000] {logging_mixin.py:154} INFO - [2025-06-02T22:04:13.452+0000] {dagbag.py:536} INFO - Filling up the DagBag from /home/airflow/.local/lib/python3.10/site-packages/airflow/example_dags/plugins/event_listener.py
[2025-06-02T22:04:13.456+0000] {processor.py:841} WARNING - No viable dags retrieved from /home/airflow/.local/lib/python3.10/site-packages/airflow/example_dags/plugins/event_listener.py
[2025-06-02T22:04:13.470+0000] {processor.py:179} INFO - Processing /home/airflow/.local/lib/python3.10/site-packages/airflow/example_dags/plugins/event_listener.py took 0.026 seconds
[2025-06-02T22:04:44.318+0000] {processor.py:157} INFO - Started process (PID=569) to work on /home/airflow/.local/lib/python3.10/site-packages/airflow/example_dags/plugins/event_listener.py
[2025-06-02T22:04:44.326+0000] {processor.py:829} INFO - Processing file /home/airflow/.local/lib/python3.10/site-packages/airflow/example_dags/plugins/event_listener.py for tasks to queue
[2025-06-02T22:04:44.329+0000] {logging_mixin.py:154} INFO - [2025-06-02T22:04:44.328+0000] {dagbag.py:536} INFO - Filling up the DagBag from /home/airflow/.local/lib/python3.10/site-packages/airflow/example_dags/plugins/event_listener.py
[2025-06-02T22:04:44.340+0000] {processor.py:841} WARNING - No viable dags retrieved from /home/airflow/.local/lib/python3.10/site-packages/airflow/example_dags/plugins/event_listener.py
[2025-06-02T22:04:44.370+0000] {processor.py:179} INFO - Processing /home/airflow/.local/lib/python3.10/site-packages/airflow/example_dags/plugins/event_listener.py took 0.075 seconds
[2025-06-02T22:05:14.538+0000] {processor.py:157} INFO - Started process (PID=624) to work on /home/airflow/.local/lib/python3.10/site-packages/airflow/example_dags/plugins/event_listener.py
[2025-06-02T22:05:14.539+0000] {processor.py:829} INFO - Processing file /home/airflow/.local/lib/python3.10/site-packages/airflow/example_dags/plugins/event_listener.py for tasks to queue
[2025-06-02T22:05:14.541+0000] {logging_mixin.py:154} INFO - [2025-06-02T22:05:14.541+0000] {dagbag.py:536} INFO - Filling up the DagBag from /home/airflow/.local/lib/python3.10/site-packages/airflow/example_dags/plugins/event_listener.py
[2025-06-02T22:05:14.544+0000] {processor.py:841} WARNING - No viable dags retrieved from /home/airflow/.local/lib/python3.10/site-packages/airflow/example_dags/plugins/event_listener.py
[2025-06-02T22:05:14.557+0000] {processor.py:179} INFO - Processing /home/airflow/.local/lib/python3.10/site-packages/airflow/example_dags/plugins/event_listener.py took 0.023 seconds
[2025-06-02T22:05:44.813+0000] {processor.py:157} INFO - Started process (PID=678) to work on /home/airflow/.local/lib/python3.10/site-packages/airflow/example_dags/plugins/event_listener.py
[2025-06-02T22:05:44.815+0000] {processor.py:829} INFO - Processing file /home/airflow/.local/lib/python3.10/site-packages/airflow/example_dags/plugins/event_listener.py for tasks to queue
[2025-06-02T22:05:44.819+0000] {logging_mixin.py:154} INFO - [2025-06-02T22:05:44.818+0000] {dagbag.py:536} INFO - Filling up the DagBag from /home/airflow/.local/lib/python3.10/site-packages/airflow/example_dags/plugins/event_listener.py
[2025-06-02T22:05:44.822+0000] {processor.py:841} WARNING - No viable dags retrieved from /home/airflow/.local/lib/python3.10/site-packages/airflow/example_dags/plugins/event_listener.py
[2025-06-02T22:05:44.838+0000] {processor.py:179} INFO - Processing /home/airflow/.local/lib/python3.10/site-packages/airflow/example_dags/plugins/event_listener.py took 0.029 seconds
[2025-06-02T22:06:15.037+0000] {processor.py:157} INFO - Started process (PID=731) to work on /home/airflow/.local/lib/python3.10/site-packages/airflow/example_dags/plugins/event_listener.py
[2025-06-02T22:06:15.038+0000] {processor.py:829} INFO - Processing file /home/airflow/.local/lib/python3.10/site-packages/airflow/example_dags/plugins/event_listener.py for tasks to queue
[2025-06-02T22:06:15.041+0000] {logging_mixin.py:154} INFO - [2025-06-02T22:06:15.041+0000] {dagbag.py:536} INFO - Filling up the DagBag from /home/airflow/.local/lib/python3.10/site-packages/airflow/example_dags/plugins/event_listener.py
[2025-06-02T22:06:15.044+0000] {processor.py:841} WARNING - No viable dags retrieved from /home/airflow/.local/lib/python3.10/site-packages/airflow/example_dags/plugins/event_listener.py
[2025-06-02T22:06:15.062+0000] {processor.py:179} INFO - Processing /home/airflow/.local/lib/python3.10/site-packages/airflow/example_dags/plugins/event_listener.py took 0.030 seconds
[2025-06-02T22:06:45.647+0000] {processor.py:157} INFO - Started process (PID=785) to work on /home/airflow/.local/lib/python3.10/site-packages/airflow/example_dags/plugins/event_listener.py
[2025-06-02T22:06:45.649+0000] {processor.py:829} INFO - Processing file /home/airflow/.local/lib/python3.10/site-packages/airflow/example_dags/plugins/event_listener.py for tasks to queue
[2025-06-02T22:06:45.652+0000] {logging_mixin.py:154} INFO - [2025-06-02T22:06:45.651+0000] {dagbag.py:536} INFO - Filling up the DagBag from /home/airflow/.local/lib/python3.10/site-packages/airflow/example_dags/plugins/event_listener.py
[2025-06-02T22:06:45.655+0000] {processor.py:841} WARNING - No viable dags retrieved from /home/airflow/.local/lib/python3.10/site-packages/airflow/example_dags/plugins/event_listener.py
[2025-06-02T22:06:45.671+0000] {processor.py:179} INFO - Processing /home/airflow/.local/lib/python3.10/site-packages/airflow/example_dags/plugins/event_listener.py took 0.029 seconds
[2025-06-02T22:07:15.821+0000] {processor.py:157} INFO - Started process (PID=839) to work on /home/airflow/.local/lib/python3.10/site-packages/airflow/example_dags/plugins/event_listener.py
[2025-06-02T22:07:15.822+0000] {processor.py:829} INFO - Processing file /home/airflow/.local/lib/python3.10/site-packages/airflow/example_dags/plugins/event_listener.py for tasks to queue
[2025-06-02T22:07:15.825+0000] {logging_mixin.py:154} INFO - [2025-06-02T22:07:15.825+0000] {dagbag.py:536} INFO - Filling up the DagBag from /home/airflow/.local/lib/python3.10/site-packages/airflow/example_dags/plugins/event_listener.py
[2025-06-02T22:07:15.828+0000] {processor.py:841} WARNING - No viable dags retrieved from /home/airflow/.local/lib/python3.10/site-packages/airflow/example_dags/plugins/event_listener.py
[2025-06-02T22:07:15.845+0000] {processor.py:179} INFO - Processing /home/airflow/.local/lib/python3.10/site-packages/airflow/example_dags/plugins/event_listener.py took 0.030 seconds
[2025-06-02T22:07:46.741+0000] {processor.py:157} INFO - Started process (PID=894) to work on /home/airflow/.local/lib/python3.10/site-packages/airflow/example_dags/plugins/event_listener.py
[2025-06-02T22:07:46.742+0000] {processor.py:829} INFO - Processing file /home/airflow/.local/lib/python3.10/site-packages/airflow/example_dags/plugins/event_listener.py for tasks to queue
[2025-06-02T22:07:46.745+0000] {logging_mixin.py:154} INFO - [2025-06-02T22:07:46.744+0000] {dagbag.py:536} INFO - Filling up the DagBag from /home/airflow/.local/lib/python3.10/site-packages/airflow/example_dags/plugins/event_listener.py
[2025-06-02T22:07:46.747+0000] {processor.py:841} WARNING - No viable dags retrieved from /home/airflow/.local/lib/python3.10/site-packages/airflow/example_dags/plugins/event_listener.py
[2025-06-02T22:07:46.760+0000] {processor.py:179} INFO - Processing /home/airflow/.local/lib/python3.10/site-packages/airflow/example_dags/plugins/event_listener.py took 0.023 seconds
[2025-06-02T22:08:17.124+0000] {processor.py:157} INFO - Started process (PID=948) to work on /home/airflow/.local/lib/python3.10/site-packages/airflow/example_dags/plugins/event_listener.py
[2025-06-02T22:08:17.125+0000] {processor.py:829} INFO - Processing file /home/airflow/.local/lib/python3.10/site-packages/airflow/example_dags/plugins/event_listener.py for tasks to queue
[2025-06-02T22:08:17.128+0000] {logging_mixin.py:154} INFO - [2025-06-02T22:08:17.128+0000] {dagbag.py:536} INFO - Filling up the DagBag from /home/airflow/.local/lib/python3.10/site-packages/airflow/example_dags/plugins/event_listener.py
[2025-06-02T22:08:17.131+0000] {processor.py:841} WARNING - No viable dags retrieved from /home/airflow/.local/lib/python3.10/site-packages/airflow/example_dags/plugins/event_listener.py
[2025-06-02T22:08:17.148+0000] {processor.py:179} INFO - Processing /home/airflow/.local/lib/python3.10/site-packages/airflow/example_dags/plugins/event_listener.py took 0.029 seconds
[2025-06-02T22:08:48.478+0000] {processor.py:157} INFO - Started process (PID=1002) to work on /home/airflow/.local/lib/python3.10/site-packages/airflow/example_dags/plugins/event_listener.py
[2025-06-02T22:08:48.480+0000] {processor.py:829} INFO - Processing file /home/airflow/.local/lib/python3.10/site-packages/airflow/example_dags/plugins/event_listener.py for tasks to queue
[2025-06-02T22:08:48.484+0000] {logging_mixin.py:154} INFO - [2025-06-02T22:08:48.483+0000] {dagbag.py:536} INFO - Filling up the DagBag from /home/airflow/.local/lib/python3.10/site-packages/airflow/example_dags/plugins/event_listener.py
[2025-06-02T22:08:48.487+0000] {processor.py:841} WARNING - No viable dags retrieved from /home/airflow/.local/lib/python3.10/site-packages/airflow/example_dags/plugins/event_listener.py
[2025-06-02T22:08:48.505+0000] {processor.py:179} INFO - Processing /home/airflow/.local/lib/python3.10/site-packages/airflow/example_dags/plugins/event_listener.py took 0.031 seconds
[2025-06-02T22:09:19.137+0000] {processor.py:157} INFO - Started process (PID=1056) to work on /home/airflow/.local/lib/python3.10/site-packages/airflow/example_dags/plugins/event_listener.py
[2025-06-02T22:09:19.138+0000] {processor.py:829} INFO - Processing file /home/airflow/.local/lib/python3.10/site-packages/airflow/example_dags/plugins/event_listener.py for tasks to queue
[2025-06-02T22:09:19.141+0000] {logging_mixin.py:154} INFO - [2025-06-02T22:09:19.141+0000] {dagbag.py:536} INFO - Filling up the DagBag from /home/airflow/.local/lib/python3.10/site-packages/airflow/example_dags/plugins/event_listener.py
[2025-06-02T22:09:19.145+0000] {processor.py:841} WARNING - No viable dags retrieved from /home/airflow/.local/lib/python3.10/site-packages/airflow/example_dags/plugins/event_listener.py
[2025-06-02T22:09:19.163+0000] {processor.py:179} INFO - Processing /home/airflow/.local/lib/python3.10/site-packages/airflow/example_dags/plugins/event_listener.py took 0.030 seconds
[2025-06-02T22:09:49.611+0000] {processor.py:157} INFO - Started process (PID=1109) to work on /home/airflow/.local/lib/python3.10/site-packages/airflow/example_dags/plugins/event_listener.py
[2025-06-02T22:09:49.612+0000] {processor.py:829} INFO - Processing file /home/airflow/.local/lib/python3.10/site-packages/airflow/example_dags/plugins/event_listener.py for tasks to queue
[2025-06-02T22:09:49.615+0000] {logging_mixin.py:154} INFO - [2025-06-02T22:09:49.614+0000] {dagbag.py:536} INFO - Filling up the DagBag from /home/airflow/.local/lib/python3.10/site-packages/airflow/example_dags/plugins/event_listener.py
[2025-06-02T22:09:49.619+0000] {processor.py:841} WARNING - No viable dags retrieved from /home/airflow/.local/lib/python3.10/site-packages/airflow/example_dags/plugins/event_listener.py
[2025-06-02T22:09:49.636+0000] {processor.py:179} INFO - Processing /home/airflow/.local/lib/python3.10/site-packages/airflow/example_dags/plugins/event_listener.py took 0.030 seconds
[2025-06-02T22:10:23.998+0000] {processor.py:157} INFO - Started process (PID=1163) to work on /home/airflow/.local/lib/python3.10/site-packages/airflow/example_dags/plugins/event_listener.py
[2025-06-02T22:10:24.000+0000] {processor.py:829} INFO - Processing file /home/airflow/.local/lib/python3.10/site-packages/airflow/example_dags/plugins/event_listener.py for tasks to queue
[2025-06-02T22:10:24.003+0000] {logging_mixin.py:154} INFO - [2025-06-02T22:10:24.003+0000] {dagbag.py:536} INFO - Filling up the DagBag from /home/airflow/.local/lib/python3.10/site-packages/airflow/example_dags/plugins/event_listener.py
[2025-06-02T22:10:24.006+0000] {processor.py:841} WARNING - No viable dags retrieved from /home/airflow/.local/lib/python3.10/site-packages/airflow/example_dags/plugins/event_listener.py
[2025-06-02T22:10:24.022+0000] {processor.py:179} INFO - Processing /home/airflow/.local/lib/python3.10/site-packages/airflow/example_dags/plugins/event_listener.py took 0.028 seconds
[2025-06-02T22:10:54.875+0000] {processor.py:157} INFO - Started process (PID=1217) to work on /home/airflow/.local/lib/python3.10/site-packages/airflow/example_dags/plugins/event_listener.py
[2025-06-02T22:10:54.877+0000] {processor.py:829} INFO - Processing file /home/airflow/.local/lib/python3.10/site-packages/airflow/example_dags/plugins/event_listener.py for tasks to queue
[2025-06-02T22:10:54.880+0000] {logging_mixin.py:154} INFO - [2025-06-02T22:10:54.879+0000] {dagbag.py:536} INFO - Filling up the DagBag from /home/airflow/.local/lib/python3.10/site-packages/airflow/example_dags/plugins/event_listener.py
[2025-06-02T22:10:54.883+0000] {processor.py:841} WARNING - No viable dags retrieved from /home/airflow/.local/lib/python3.10/site-packages/airflow/example_dags/plugins/event_listener.py
[2025-06-02T22:10:54.902+0000] {processor.py:179} INFO - Processing /home/airflow/.local/lib/python3.10/site-packages/airflow/example_dags/plugins/event_listener.py took 0.031 seconds
[2025-06-02T23:04:00.326+0000] {processor.py:157} INFO - Started process (PID=69) to work on /home/airflow/.local/lib/python3.10/site-packages/airflow/example_dags/plugins/event_listener.py
[2025-06-02T23:04:00.329+0000] {processor.py:829} INFO - Processing file /home/airflow/.local/lib/python3.10/site-packages/airflow/example_dags/plugins/event_listener.py for tasks to queue
[2025-06-02T23:04:00.332+0000] {logging_mixin.py:154} INFO - [2025-06-02T23:04:00.331+0000] {dagbag.py:536} INFO - Filling up the DagBag from /home/airflow/.local/lib/python3.10/site-packages/airflow/example_dags/plugins/event_listener.py
[2025-06-02T23:04:00.336+0000] {processor.py:841} WARNING - No viable dags retrieved from /home/airflow/.local/lib/python3.10/site-packages/airflow/example_dags/plugins/event_listener.py
[2025-06-02T23:04:00.353+0000] {processor.py:179} INFO - Processing /home/airflow/.local/lib/python3.10/site-packages/airflow/example_dags/plugins/event_listener.py took 0.032 seconds
[2025-06-02T23:04:31.293+0000] {processor.py:157} INFO - Started process (PID=125) to work on /home/airflow/.local/lib/python3.10/site-packages/airflow/example_dags/plugins/event_listener.py
[2025-06-02T23:04:31.295+0000] {processor.py:829} INFO - Processing file /home/airflow/.local/lib/python3.10/site-packages/airflow/example_dags/plugins/event_listener.py for tasks to queue
[2025-06-02T23:04:31.298+0000] {logging_mixin.py:154} INFO - [2025-06-02T23:04:31.298+0000] {dagbag.py:536} INFO - Filling up the DagBag from /home/airflow/.local/lib/python3.10/site-packages/airflow/example_dags/plugins/event_listener.py
[2025-06-02T23:04:31.301+0000] {processor.py:841} WARNING - No viable dags retrieved from /home/airflow/.local/lib/python3.10/site-packages/airflow/example_dags/plugins/event_listener.py
[2025-06-02T23:04:31.317+0000] {processor.py:179} INFO - Processing /home/airflow/.local/lib/python3.10/site-packages/airflow/example_dags/plugins/event_listener.py took 0.028 seconds
[2025-06-02T23:05:02.381+0000] {processor.py:157} INFO - Started process (PID=181) to work on /home/airflow/.local/lib/python3.10/site-packages/airflow/example_dags/plugins/event_listener.py
[2025-06-02T23:05:02.382+0000] {processor.py:829} INFO - Processing file /home/airflow/.local/lib/python3.10/site-packages/airflow/example_dags/plugins/event_listener.py for tasks to queue
[2025-06-02T23:05:02.385+0000] {logging_mixin.py:154} INFO - [2025-06-02T23:05:02.384+0000] {dagbag.py:536} INFO - Filling up the DagBag from /home/airflow/.local/lib/python3.10/site-packages/airflow/example_dags/plugins/event_listener.py
[2025-06-02T23:05:02.387+0000] {processor.py:841} WARNING - No viable dags retrieved from /home/airflow/.local/lib/python3.10/site-packages/airflow/example_dags/plugins/event_listener.py
[2025-06-02T23:05:02.403+0000] {processor.py:179} INFO - Processing /home/airflow/.local/lib/python3.10/site-packages/airflow/example_dags/plugins/event_listener.py took 0.028 seconds
[2025-06-02T23:05:33.406+0000] {processor.py:157} INFO - Started process (PID=237) to work on /home/airflow/.local/lib/python3.10/site-packages/airflow/example_dags/plugins/event_listener.py
[2025-06-02T23:05:33.407+0000] {processor.py:829} INFO - Processing file /home/airflow/.local/lib/python3.10/site-packages/airflow/example_dags/plugins/event_listener.py for tasks to queue
[2025-06-02T23:05:33.409+0000] {logging_mixin.py:154} INFO - [2025-06-02T23:05:33.409+0000] {dagbag.py:536} INFO - Filling up the DagBag from /home/airflow/.local/lib/python3.10/site-packages/airflow/example_dags/plugins/event_listener.py
[2025-06-02T23:05:33.412+0000] {processor.py:841} WARNING - No viable dags retrieved from /home/airflow/.local/lib/python3.10/site-packages/airflow/example_dags/plugins/event_listener.py
[2025-06-02T23:05:33.429+0000] {processor.py:179} INFO - Processing /home/airflow/.local/lib/python3.10/site-packages/airflow/example_dags/plugins/event_listener.py took 0.031 seconds
[2025-06-02T23:06:07.705+0000] {processor.py:157} INFO - Started process (PID=293) to work on /home/airflow/.local/lib/python3.10/site-packages/airflow/example_dags/plugins/event_listener.py
[2025-06-02T23:06:07.707+0000] {processor.py:829} INFO - Processing file /home/airflow/.local/lib/python3.10/site-packages/airflow/example_dags/plugins/event_listener.py for tasks to queue
[2025-06-02T23:06:07.709+0000] {logging_mixin.py:154} INFO - [2025-06-02T23:06:07.709+0000] {dagbag.py:536} INFO - Filling up the DagBag from /home/airflow/.local/lib/python3.10/site-packages/airflow/example_dags/plugins/event_listener.py
[2025-06-02T23:06:07.712+0000] {processor.py:841} WARNING - No viable dags retrieved from /home/airflow/.local/lib/python3.10/site-packages/airflow/example_dags/plugins/event_listener.py
[2025-06-02T23:06:07.727+0000] {processor.py:179} INFO - Processing /home/airflow/.local/lib/python3.10/site-packages/airflow/example_dags/plugins/event_listener.py took 0.026 seconds
[2025-06-02T23:06:41.133+0000] {processor.py:157} INFO - Started process (PID=356) to work on /home/airflow/.local/lib/python3.10/site-packages/airflow/example_dags/plugins/event_listener.py
[2025-06-02T23:06:41.143+0000] {processor.py:829} INFO - Processing file /home/airflow/.local/lib/python3.10/site-packages/airflow/example_dags/plugins/event_listener.py for tasks to queue
[2025-06-02T23:06:41.146+0000] {logging_mixin.py:154} INFO - [2025-06-02T23:06:41.145+0000] {dagbag.py:536} INFO - Filling up the DagBag from /home/airflow/.local/lib/python3.10/site-packages/airflow/example_dags/plugins/event_listener.py
[2025-06-02T23:06:41.148+0000] {processor.py:841} WARNING - No viable dags retrieved from /home/airflow/.local/lib/python3.10/site-packages/airflow/example_dags/plugins/event_listener.py
[2025-06-02T23:06:41.167+0000] {processor.py:179} INFO - Processing /home/airflow/.local/lib/python3.10/site-packages/airflow/example_dags/plugins/event_listener.py took 0.063 seconds
[2025-06-02T23:07:12.038+0000] {processor.py:157} INFO - Started process (PID=412) to work on /home/airflow/.local/lib/python3.10/site-packages/airflow/example_dags/plugins/event_listener.py
[2025-06-02T23:07:12.039+0000] {processor.py:829} INFO - Processing file /home/airflow/.local/lib/python3.10/site-packages/airflow/example_dags/plugins/event_listener.py for tasks to queue
[2025-06-02T23:07:12.054+0000] {logging_mixin.py:154} INFO - [2025-06-02T23:07:12.054+0000] {dagbag.py:536} INFO - Filling up the DagBag from /home/airflow/.local/lib/python3.10/site-packages/airflow/example_dags/plugins/event_listener.py
[2025-06-02T23:07:12.057+0000] {processor.py:841} WARNING - No viable dags retrieved from /home/airflow/.local/lib/python3.10/site-packages/airflow/example_dags/plugins/event_listener.py
[2025-06-02T23:07:12.114+0000] {processor.py:179} INFO - Processing /home/airflow/.local/lib/python3.10/site-packages/airflow/example_dags/plugins/event_listener.py took 0.103 seconds
