[2025-06-02T22:00:08.683+0000] {processor.py:157} INFO - Started process (PID=85) to work on /home/airflow/.local/lib/python3.10/site-packages/airflow/example_dags/plugins/listener_plugin.py
[2025-06-02T22:00:08.684+0000] {processor.py:829} INFO - Processing file /home/airflow/.local/lib/python3.10/site-packages/airflow/example_dags/plugins/listener_plugin.py for tasks to queue
[2025-06-02T22:00:08.691+0000] {logging_mixin.py:154} INFO - [2025-06-02T22:00:08.690+0000] {dagbag.py:536} INFO - Filling up the DagBag from /home/airflow/.local/lib/python3.10/site-packages/airflow/example_dags/plugins/listener_plugin.py
[2025-06-02T22:00:08.699+0000] {processor.py:841} WARNING - No viable dags retrieved from /home/airflow/.local/lib/python3.10/site-packages/airflow/example_dags/plugins/listener_plugin.py
[2025-06-02T22:00:08.730+0000] {processor.py:179} INFO - Processing /home/airflow/.local/lib/python3.10/site-packages/airflow/example_dags/plugins/listener_plugin.py took 0.056 seconds
[2025-06-02T22:00:39.624+0000] {processor.py:157} INFO - Started process (PID=137) to work on /home/airflow/.local/lib/python3.10/site-packages/airflow/example_dags/plugins/listener_plugin.py
[2025-06-02T22:00:39.626+0000] {processor.py:829} INFO - Processing file /home/airflow/.local/lib/python3.10/site-packages/airflow/example_dags/plugins/listener_plugin.py for tasks to queue
[2025-06-02T22:00:39.628+0000] {logging_mixin.py:154} INFO - [2025-06-02T22:00:39.628+0000] {dagbag.py:536} INFO - Filling up the DagBag from /home/airflow/.local/lib/python3.10/site-packages/airflow/example_dags/plugins/listener_plugin.py
[2025-06-02T22:00:39.631+0000] {processor.py:841} WARNING - No viable dags retrieved from /home/airflow/.local/lib/python3.10/site-packages/airflow/example_dags/plugins/listener_plugin.py
[2025-06-02T22:00:39.643+0000] {processor.py:179} INFO - Processing /home/airflow/.local/lib/python3.10/site-packages/airflow/example_dags/plugins/listener_plugin.py took 0.023 seconds
[2025-06-02T22:01:10.047+0000] {processor.py:157} INFO - Started process (PID=191) to work on /home/airflow/.local/lib/python3.10/site-packages/airflow/example_dags/plugins/listener_plugin.py
[2025-06-02T22:01:10.050+0000] {processor.py:829} INFO - Processing file /home/airflow/.local/lib/python3.10/site-packages/airflow/example_dags/plugins/listener_plugin.py for tasks to queue
[2025-06-02T22:01:10.054+0000] {logging_mixin.py:154} INFO - [2025-06-02T22:01:10.054+0000] {dagbag.py:536} INFO - Filling up the DagBag from /home/airflow/.local/lib/python3.10/site-packages/airflow/example_dags/plugins/listener_plugin.py
[2025-06-02T22:01:10.059+0000] {processor.py:841} WARNING - No viable dags retrieved from /home/airflow/.local/lib/python3.10/site-packages/airflow/example_dags/plugins/listener_plugin.py
[2025-06-02T22:01:10.087+0000] {processor.py:179} INFO - Processing /home/airflow/.local/lib/python3.10/site-packages/airflow/example_dags/plugins/listener_plugin.py took 0.045 seconds
[2025-06-02T22:01:40.704+0000] {processor.py:157} INFO - Started process (PID=246) to work on /home/airflow/.local/lib/python3.10/site-packages/airflow/example_dags/plugins/listener_plugin.py
[2025-06-02T22:01:40.705+0000] {processor.py:829} INFO - Processing file /home/airflow/.local/lib/python3.10/site-packages/airflow/example_dags/plugins/listener_plugin.py for tasks to queue
[2025-06-02T22:01:40.707+0000] {logging_mixin.py:154} INFO - [2025-06-02T22:01:40.707+0000] {dagbag.py:536} INFO - Filling up the DagBag from /home/airflow/.local/lib/python3.10/site-packages/airflow/example_dags/plugins/listener_plugin.py
[2025-06-02T22:01:40.711+0000] {processor.py:841} WARNING - No viable dags retrieved from /home/airflow/.local/lib/python3.10/site-packages/airflow/example_dags/plugins/listener_plugin.py
[2025-06-02T22:01:40.727+0000] {processor.py:179} INFO - Processing /home/airflow/.local/lib/python3.10/site-packages/airflow/example_dags/plugins/listener_plugin.py took 0.027 seconds
[2025-06-02T22:02:11.244+0000] {processor.py:157} INFO - Started process (PID=299) to work on /home/airflow/.local/lib/python3.10/site-packages/airflow/example_dags/plugins/listener_plugin.py
[2025-06-02T22:02:11.245+0000] {processor.py:829} INFO - Processing file /home/airflow/.local/lib/python3.10/site-packages/airflow/example_dags/plugins/listener_plugin.py for tasks to queue
[2025-06-02T22:02:11.248+0000] {logging_mixin.py:154} INFO - [2025-06-02T22:02:11.248+0000] {dagbag.py:536} INFO - Filling up the DagBag from /home/airflow/.local/lib/python3.10/site-packages/airflow/example_dags/plugins/listener_plugin.py
[2025-06-02T22:02:11.252+0000] {processor.py:841} WARNING - No viable dags retrieved from /home/airflow/.local/lib/python3.10/site-packages/airflow/example_dags/plugins/listener_plugin.py
[2025-06-02T22:02:11.264+0000] {processor.py:179} INFO - Processing /home/airflow/.local/lib/python3.10/site-packages/airflow/example_dags/plugins/listener_plugin.py took 0.024 seconds
[2025-06-02T22:02:42.158+0000] {processor.py:157} INFO - Started process (PID=353) to work on /home/airflow/.local/lib/python3.10/site-packages/airflow/example_dags/plugins/listener_plugin.py
[2025-06-02T22:02:42.160+0000] {processor.py:829} INFO - Processing file /home/airflow/.local/lib/python3.10/site-packages/airflow/example_dags/plugins/listener_plugin.py for tasks to queue
[2025-06-02T22:02:42.162+0000] {logging_mixin.py:154} INFO - [2025-06-02T22:02:42.162+0000] {dagbag.py:536} INFO - Filling up the DagBag from /home/airflow/.local/lib/python3.10/site-packages/airflow/example_dags/plugins/listener_plugin.py
[2025-06-02T22:02:42.166+0000] {processor.py:841} WARNING - No viable dags retrieved from /home/airflow/.local/lib/python3.10/site-packages/airflow/example_dags/plugins/listener_plugin.py
[2025-06-02T22:02:42.179+0000] {processor.py:179} INFO - Processing /home/airflow/.local/lib/python3.10/site-packages/airflow/example_dags/plugins/listener_plugin.py took 0.026 seconds
[2025-06-02T22:03:12.757+0000] {processor.py:157} INFO - Started process (PID=408) to work on /home/airflow/.local/lib/python3.10/site-packages/airflow/example_dags/plugins/listener_plugin.py
[2025-06-02T22:03:12.758+0000] {processor.py:829} INFO - Processing file /home/airflow/.local/lib/python3.10/site-packages/airflow/example_dags/plugins/listener_plugin.py for tasks to queue
[2025-06-02T22:03:12.760+0000] {logging_mixin.py:154} INFO - [2025-06-02T22:03:12.760+0000] {dagbag.py:536} INFO - Filling up the DagBag from /home/airflow/.local/lib/python3.10/site-packages/airflow/example_dags/plugins/listener_plugin.py
[2025-06-02T22:03:12.763+0000] {processor.py:841} WARNING - No viable dags retrieved from /home/airflow/.local/lib/python3.10/site-packages/airflow/example_dags/plugins/listener_plugin.py
[2025-06-02T22:03:12.777+0000] {processor.py:179} INFO - Processing /home/airflow/.local/lib/python3.10/site-packages/airflow/example_dags/plugins/listener_plugin.py took 0.024 seconds
[2025-06-02T22:03:43.596+0000] {processor.py:157} INFO - Started process (PID=462) to work on /home/airflow/.local/lib/python3.10/site-packages/airflow/example_dags/plugins/listener_plugin.py
[2025-06-02T22:03:43.597+0000] {processor.py:829} INFO - Processing file /home/airflow/.local/lib/python3.10/site-packages/airflow/example_dags/plugins/listener_plugin.py for tasks to queue
[2025-06-02T22:03:43.600+0000] {logging_mixin.py:154} INFO - [2025-06-02T22:03:43.599+0000] {dagbag.py:536} INFO - Filling up the DagBag from /home/airflow/.local/lib/python3.10/site-packages/airflow/example_dags/plugins/listener_plugin.py
[2025-06-02T22:03:43.602+0000] {processor.py:841} WARNING - No viable dags retrieved from /home/airflow/.local/lib/python3.10/site-packages/airflow/example_dags/plugins/listener_plugin.py
[2025-06-02T22:03:43.615+0000] {processor.py:179} INFO - Processing /home/airflow/.local/lib/python3.10/site-packages/airflow/example_dags/plugins/listener_plugin.py took 0.025 seconds
[2025-06-02T22:04:14.483+0000] {processor.py:157} INFO - Started process (PID=516) to work on /home/airflow/.local/lib/python3.10/site-packages/airflow/example_dags/plugins/listener_plugin.py
[2025-06-02T22:04:14.484+0000] {processor.py:829} INFO - Processing file /home/airflow/.local/lib/python3.10/site-packages/airflow/example_dags/plugins/listener_plugin.py for tasks to queue
[2025-06-02T22:04:14.487+0000] {logging_mixin.py:154} INFO - [2025-06-02T22:04:14.487+0000] {dagbag.py:536} INFO - Filling up the DagBag from /home/airflow/.local/lib/python3.10/site-packages/airflow/example_dags/plugins/listener_plugin.py
[2025-06-02T22:04:14.490+0000] {processor.py:841} WARNING - No viable dags retrieved from /home/airflow/.local/lib/python3.10/site-packages/airflow/example_dags/plugins/listener_plugin.py
[2025-06-02T22:04:14.502+0000] {processor.py:179} INFO - Processing /home/airflow/.local/lib/python3.10/site-packages/airflow/example_dags/plugins/listener_plugin.py took 0.023 seconds
[2025-06-02T22:04:45.369+0000] {processor.py:157} INFO - Started process (PID=570) to work on /home/airflow/.local/lib/python3.10/site-packages/airflow/example_dags/plugins/listener_plugin.py
[2025-06-02T22:04:45.370+0000] {processor.py:829} INFO - Processing file /home/airflow/.local/lib/python3.10/site-packages/airflow/example_dags/plugins/listener_plugin.py for tasks to queue
[2025-06-02T22:04:45.373+0000] {logging_mixin.py:154} INFO - [2025-06-02T22:04:45.373+0000] {dagbag.py:536} INFO - Filling up the DagBag from /home/airflow/.local/lib/python3.10/site-packages/airflow/example_dags/plugins/listener_plugin.py
[2025-06-02T22:04:45.384+0000] {processor.py:841} WARNING - No viable dags retrieved from /home/airflow/.local/lib/python3.10/site-packages/airflow/example_dags/plugins/listener_plugin.py
[2025-06-02T22:04:45.414+0000] {processor.py:179} INFO - Processing /home/airflow/.local/lib/python3.10/site-packages/airflow/example_dags/plugins/listener_plugin.py took 0.058 seconds
[2025-06-02T22:05:15.548+0000] {processor.py:157} INFO - Started process (PID=625) to work on /home/airflow/.local/lib/python3.10/site-packages/airflow/example_dags/plugins/listener_plugin.py
[2025-06-02T22:05:15.549+0000] {processor.py:829} INFO - Processing file /home/airflow/.local/lib/python3.10/site-packages/airflow/example_dags/plugins/listener_plugin.py for tasks to queue
[2025-06-02T22:05:15.551+0000] {logging_mixin.py:154} INFO - [2025-06-02T22:05:15.551+0000] {dagbag.py:536} INFO - Filling up the DagBag from /home/airflow/.local/lib/python3.10/site-packages/airflow/example_dags/plugins/listener_plugin.py
[2025-06-02T22:05:15.554+0000] {processor.py:841} WARNING - No viable dags retrieved from /home/airflow/.local/lib/python3.10/site-packages/airflow/example_dags/plugins/listener_plugin.py
[2025-06-02T22:05:15.568+0000] {processor.py:179} INFO - Processing /home/airflow/.local/lib/python3.10/site-packages/airflow/example_dags/plugins/listener_plugin.py took 0.024 seconds
[2025-06-02T22:05:45.853+0000] {processor.py:157} INFO - Started process (PID=679) to work on /home/airflow/.local/lib/python3.10/site-packages/airflow/example_dags/plugins/listener_plugin.py
[2025-06-02T22:05:45.855+0000] {processor.py:829} INFO - Processing file /home/airflow/.local/lib/python3.10/site-packages/airflow/example_dags/plugins/listener_plugin.py for tasks to queue
[2025-06-02T22:05:45.857+0000] {logging_mixin.py:154} INFO - [2025-06-02T22:05:45.857+0000] {dagbag.py:536} INFO - Filling up the DagBag from /home/airflow/.local/lib/python3.10/site-packages/airflow/example_dags/plugins/listener_plugin.py
[2025-06-02T22:05:45.860+0000] {processor.py:841} WARNING - No viable dags retrieved from /home/airflow/.local/lib/python3.10/site-packages/airflow/example_dags/plugins/listener_plugin.py
[2025-06-02T22:05:45.873+0000] {processor.py:179} INFO - Processing /home/airflow/.local/lib/python3.10/site-packages/airflow/example_dags/plugins/listener_plugin.py took 0.024 seconds
[2025-06-02T22:06:16.092+0000] {processor.py:157} INFO - Started process (PID=732) to work on /home/airflow/.local/lib/python3.10/site-packages/airflow/example_dags/plugins/listener_plugin.py
[2025-06-02T22:06:16.093+0000] {processor.py:829} INFO - Processing file /home/airflow/.local/lib/python3.10/site-packages/airflow/example_dags/plugins/listener_plugin.py for tasks to queue
[2025-06-02T22:06:16.095+0000] {logging_mixin.py:154} INFO - [2025-06-02T22:06:16.095+0000] {dagbag.py:536} INFO - Filling up the DagBag from /home/airflow/.local/lib/python3.10/site-packages/airflow/example_dags/plugins/listener_plugin.py
[2025-06-02T22:06:16.098+0000] {processor.py:841} WARNING - No viable dags retrieved from /home/airflow/.local/lib/python3.10/site-packages/airflow/example_dags/plugins/listener_plugin.py
[2025-06-02T22:06:16.111+0000] {processor.py:179} INFO - Processing /home/airflow/.local/lib/python3.10/site-packages/airflow/example_dags/plugins/listener_plugin.py took 0.023 seconds
[2025-06-02T22:06:46.703+0000] {processor.py:157} INFO - Started process (PID=787) to work on /home/airflow/.local/lib/python3.10/site-packages/airflow/example_dags/plugins/listener_plugin.py
[2025-06-02T22:06:46.704+0000] {processor.py:829} INFO - Processing file /home/airflow/.local/lib/python3.10/site-packages/airflow/example_dags/plugins/listener_plugin.py for tasks to queue
[2025-06-02T22:06:46.707+0000] {logging_mixin.py:154} INFO - [2025-06-02T22:06:46.706+0000] {dagbag.py:536} INFO - Filling up the DagBag from /home/airflow/.local/lib/python3.10/site-packages/airflow/example_dags/plugins/listener_plugin.py
[2025-06-02T22:06:46.709+0000] {processor.py:841} WARNING - No viable dags retrieved from /home/airflow/.local/lib/python3.10/site-packages/airflow/example_dags/plugins/listener_plugin.py
[2025-06-02T22:06:46.723+0000] {processor.py:179} INFO - Processing /home/airflow/.local/lib/python3.10/site-packages/airflow/example_dags/plugins/listener_plugin.py took 0.024 seconds
[2025-06-02T22:07:16.879+0000] {processor.py:157} INFO - Started process (PID=841) to work on /home/airflow/.local/lib/python3.10/site-packages/airflow/example_dags/plugins/listener_plugin.py
[2025-06-02T22:07:16.879+0000] {processor.py:829} INFO - Processing file /home/airflow/.local/lib/python3.10/site-packages/airflow/example_dags/plugins/listener_plugin.py for tasks to queue
[2025-06-02T22:07:16.882+0000] {logging_mixin.py:154} INFO - [2025-06-02T22:07:16.882+0000] {dagbag.py:536} INFO - Filling up the DagBag from /home/airflow/.local/lib/python3.10/site-packages/airflow/example_dags/plugins/listener_plugin.py
[2025-06-02T22:07:16.885+0000] {processor.py:841} WARNING - No viable dags retrieved from /home/airflow/.local/lib/python3.10/site-packages/airflow/example_dags/plugins/listener_plugin.py
[2025-06-02T22:07:16.898+0000] {processor.py:179} INFO - Processing /home/airflow/.local/lib/python3.10/site-packages/airflow/example_dags/plugins/listener_plugin.py took 0.024 seconds
[2025-06-02T22:07:47.748+0000] {processor.py:157} INFO - Started process (PID=895) to work on /home/airflow/.local/lib/python3.10/site-packages/airflow/example_dags/plugins/listener_plugin.py
[2025-06-02T22:07:47.750+0000] {processor.py:829} INFO - Processing file /home/airflow/.local/lib/python3.10/site-packages/airflow/example_dags/plugins/listener_plugin.py for tasks to queue
[2025-06-02T22:07:47.753+0000] {logging_mixin.py:154} INFO - [2025-06-02T22:07:47.752+0000] {dagbag.py:536} INFO - Filling up the DagBag from /home/airflow/.local/lib/python3.10/site-packages/airflow/example_dags/plugins/listener_plugin.py
[2025-06-02T22:07:47.756+0000] {processor.py:841} WARNING - No viable dags retrieved from /home/airflow/.local/lib/python3.10/site-packages/airflow/example_dags/plugins/listener_plugin.py
[2025-06-02T22:07:47.773+0000] {processor.py:179} INFO - Processing /home/airflow/.local/lib/python3.10/site-packages/airflow/example_dags/plugins/listener_plugin.py took 0.029 seconds
[2025-06-02T22:08:18.169+0000] {processor.py:157} INFO - Started process (PID=949) to work on /home/airflow/.local/lib/python3.10/site-packages/airflow/example_dags/plugins/listener_plugin.py
[2025-06-02T22:08:18.171+0000] {processor.py:829} INFO - Processing file /home/airflow/.local/lib/python3.10/site-packages/airflow/example_dags/plugins/listener_plugin.py for tasks to queue
[2025-06-02T22:08:18.173+0000] {logging_mixin.py:154} INFO - [2025-06-02T22:08:18.173+0000] {dagbag.py:536} INFO - Filling up the DagBag from /home/airflow/.local/lib/python3.10/site-packages/airflow/example_dags/plugins/listener_plugin.py
[2025-06-02T22:08:18.177+0000] {processor.py:841} WARNING - No viable dags retrieved from /home/airflow/.local/lib/python3.10/site-packages/airflow/example_dags/plugins/listener_plugin.py
[2025-06-02T22:08:18.191+0000] {processor.py:179} INFO - Processing /home/airflow/.local/lib/python3.10/site-packages/airflow/example_dags/plugins/listener_plugin.py took 0.026 seconds
[2025-06-02T22:08:48.536+0000] {processor.py:157} INFO - Started process (PID=1003) to work on /home/airflow/.local/lib/python3.10/site-packages/airflow/example_dags/plugins/listener_plugin.py
[2025-06-02T22:08:48.539+0000] {processor.py:829} INFO - Processing file /home/airflow/.local/lib/python3.10/site-packages/airflow/example_dags/plugins/listener_plugin.py for tasks to queue
[2025-06-02T22:08:48.542+0000] {logging_mixin.py:154} INFO - [2025-06-02T22:08:48.542+0000] {dagbag.py:536} INFO - Filling up the DagBag from /home/airflow/.local/lib/python3.10/site-packages/airflow/example_dags/plugins/listener_plugin.py
[2025-06-02T22:08:48.546+0000] {processor.py:841} WARNING - No viable dags retrieved from /home/airflow/.local/lib/python3.10/site-packages/airflow/example_dags/plugins/listener_plugin.py
[2025-06-02T22:08:48.563+0000] {processor.py:179} INFO - Processing /home/airflow/.local/lib/python3.10/site-packages/airflow/example_dags/plugins/listener_plugin.py took 0.032 seconds
[2025-06-02T22:09:19.194+0000] {processor.py:157} INFO - Started process (PID=1057) to work on /home/airflow/.local/lib/python3.10/site-packages/airflow/example_dags/plugins/listener_plugin.py
[2025-06-02T22:09:19.195+0000] {processor.py:829} INFO - Processing file /home/airflow/.local/lib/python3.10/site-packages/airflow/example_dags/plugins/listener_plugin.py for tasks to queue
[2025-06-02T22:09:19.198+0000] {logging_mixin.py:154} INFO - [2025-06-02T22:09:19.198+0000] {dagbag.py:536} INFO - Filling up the DagBag from /home/airflow/.local/lib/python3.10/site-packages/airflow/example_dags/plugins/listener_plugin.py
[2025-06-02T22:09:19.202+0000] {processor.py:841} WARNING - No viable dags retrieved from /home/airflow/.local/lib/python3.10/site-packages/airflow/example_dags/plugins/listener_plugin.py
[2025-06-02T22:09:19.217+0000] {processor.py:179} INFO - Processing /home/airflow/.local/lib/python3.10/site-packages/airflow/example_dags/plugins/listener_plugin.py took 0.027 seconds
[2025-06-02T22:09:49.666+0000] {processor.py:157} INFO - Started process (PID=1110) to work on /home/airflow/.local/lib/python3.10/site-packages/airflow/example_dags/plugins/listener_plugin.py
[2025-06-02T22:09:49.668+0000] {processor.py:829} INFO - Processing file /home/airflow/.local/lib/python3.10/site-packages/airflow/example_dags/plugins/listener_plugin.py for tasks to queue
[2025-06-02T22:09:49.671+0000] {logging_mixin.py:154} INFO - [2025-06-02T22:09:49.670+0000] {dagbag.py:536} INFO - Filling up the DagBag from /home/airflow/.local/lib/python3.10/site-packages/airflow/example_dags/plugins/listener_plugin.py
[2025-06-02T22:09:49.674+0000] {processor.py:841} WARNING - No viable dags retrieved from /home/airflow/.local/lib/python3.10/site-packages/airflow/example_dags/plugins/listener_plugin.py
[2025-06-02T22:09:49.690+0000] {processor.py:179} INFO - Processing /home/airflow/.local/lib/python3.10/site-packages/airflow/example_dags/plugins/listener_plugin.py took 0.029 seconds
[2025-06-02T22:10:24.039+0000] {processor.py:157} INFO - Started process (PID=1164) to work on /home/airflow/.local/lib/python3.10/site-packages/airflow/example_dags/plugins/listener_plugin.py
[2025-06-02T22:10:24.040+0000] {processor.py:829} INFO - Processing file /home/airflow/.local/lib/python3.10/site-packages/airflow/example_dags/plugins/listener_plugin.py for tasks to queue
[2025-06-02T22:10:24.043+0000] {logging_mixin.py:154} INFO - [2025-06-02T22:10:24.042+0000] {dagbag.py:536} INFO - Filling up the DagBag from /home/airflow/.local/lib/python3.10/site-packages/airflow/example_dags/plugins/listener_plugin.py
[2025-06-02T22:10:24.045+0000] {processor.py:841} WARNING - No viable dags retrieved from /home/airflow/.local/lib/python3.10/site-packages/airflow/example_dags/plugins/listener_plugin.py
[2025-06-02T22:10:24.060+0000] {processor.py:179} INFO - Processing /home/airflow/.local/lib/python3.10/site-packages/airflow/example_dags/plugins/listener_plugin.py took 0.024 seconds
[2025-06-02T22:10:54.932+0000] {processor.py:157} INFO - Started process (PID=1218) to work on /home/airflow/.local/lib/python3.10/site-packages/airflow/example_dags/plugins/listener_plugin.py
[2025-06-02T22:10:54.935+0000] {processor.py:829} INFO - Processing file /home/airflow/.local/lib/python3.10/site-packages/airflow/example_dags/plugins/listener_plugin.py for tasks to queue
[2025-06-02T22:10:54.941+0000] {logging_mixin.py:154} INFO - [2025-06-02T22:10:54.940+0000] {dagbag.py:536} INFO - Filling up the DagBag from /home/airflow/.local/lib/python3.10/site-packages/airflow/example_dags/plugins/listener_plugin.py
[2025-06-02T22:10:54.949+0000] {processor.py:841} WARNING - No viable dags retrieved from /home/airflow/.local/lib/python3.10/site-packages/airflow/example_dags/plugins/listener_plugin.py
[2025-06-02T22:10:54.974+0000] {processor.py:179} INFO - Processing /home/airflow/.local/lib/python3.10/site-packages/airflow/example_dags/plugins/listener_plugin.py took 0.048 seconds
[2025-06-02T23:04:00.874+0000] {processor.py:157} INFO - Started process (PID=72) to work on /home/airflow/.local/lib/python3.10/site-packages/airflow/example_dags/plugins/listener_plugin.py
[2025-06-02T23:04:00.876+0000] {processor.py:829} INFO - Processing file /home/airflow/.local/lib/python3.10/site-packages/airflow/example_dags/plugins/listener_plugin.py for tasks to queue
[2025-06-02T23:04:00.878+0000] {logging_mixin.py:154} INFO - [2025-06-02T23:04:00.878+0000] {dagbag.py:536} INFO - Filling up the DagBag from /home/airflow/.local/lib/python3.10/site-packages/airflow/example_dags/plugins/listener_plugin.py
[2025-06-02T23:04:00.881+0000] {processor.py:841} WARNING - No viable dags retrieved from /home/airflow/.local/lib/python3.10/site-packages/airflow/example_dags/plugins/listener_plugin.py
[2025-06-02T23:04:00.897+0000] {processor.py:179} INFO - Processing /home/airflow/.local/lib/python3.10/site-packages/airflow/example_dags/plugins/listener_plugin.py took 0.030 seconds
[2025-06-02T23:04:31.351+0000] {processor.py:157} INFO - Started process (PID=127) to work on /home/airflow/.local/lib/python3.10/site-packages/airflow/example_dags/plugins/listener_plugin.py
[2025-06-02T23:04:31.352+0000] {processor.py:829} INFO - Processing file /home/airflow/.local/lib/python3.10/site-packages/airflow/example_dags/plugins/listener_plugin.py for tasks to queue
[2025-06-02T23:04:31.355+0000] {logging_mixin.py:154} INFO - [2025-06-02T23:04:31.355+0000] {dagbag.py:536} INFO - Filling up the DagBag from /home/airflow/.local/lib/python3.10/site-packages/airflow/example_dags/plugins/listener_plugin.py
[2025-06-02T23:04:31.358+0000] {processor.py:841} WARNING - No viable dags retrieved from /home/airflow/.local/lib/python3.10/site-packages/airflow/example_dags/plugins/listener_plugin.py
[2025-06-02T23:04:31.376+0000] {processor.py:179} INFO - Processing /home/airflow/.local/lib/python3.10/site-packages/airflow/example_dags/plugins/listener_plugin.py took 0.030 seconds
[2025-06-02T23:05:02.433+0000] {processor.py:157} INFO - Started process (PID=183) to work on /home/airflow/.local/lib/python3.10/site-packages/airflow/example_dags/plugins/listener_plugin.py
[2025-06-02T23:05:02.435+0000] {processor.py:829} INFO - Processing file /home/airflow/.local/lib/python3.10/site-packages/airflow/example_dags/plugins/listener_plugin.py for tasks to queue
[2025-06-02T23:05:02.438+0000] {logging_mixin.py:154} INFO - [2025-06-02T23:05:02.437+0000] {dagbag.py:536} INFO - Filling up the DagBag from /home/airflow/.local/lib/python3.10/site-packages/airflow/example_dags/plugins/listener_plugin.py
[2025-06-02T23:05:02.441+0000] {processor.py:841} WARNING - No viable dags retrieved from /home/airflow/.local/lib/python3.10/site-packages/airflow/example_dags/plugins/listener_plugin.py
[2025-06-02T23:05:02.461+0000] {processor.py:179} INFO - Processing /home/airflow/.local/lib/python3.10/site-packages/airflow/example_dags/plugins/listener_plugin.py took 0.032 seconds
[2025-06-02T23:05:33.421+0000] {processor.py:157} INFO - Started process (PID=238) to work on /home/airflow/.local/lib/python3.10/site-packages/airflow/example_dags/plugins/listener_plugin.py
[2025-06-02T23:05:33.422+0000] {processor.py:829} INFO - Processing file /home/airflow/.local/lib/python3.10/site-packages/airflow/example_dags/plugins/listener_plugin.py for tasks to queue
[2025-06-02T23:05:33.425+0000] {logging_mixin.py:154} INFO - [2025-06-02T23:05:33.425+0000] {dagbag.py:536} INFO - Filling up the DagBag from /home/airflow/.local/lib/python3.10/site-packages/airflow/example_dags/plugins/listener_plugin.py
[2025-06-02T23:05:33.429+0000] {processor.py:841} WARNING - No viable dags retrieved from /home/airflow/.local/lib/python3.10/site-packages/airflow/example_dags/plugins/listener_plugin.py
[2025-06-02T23:05:33.445+0000] {processor.py:179} INFO - Processing /home/airflow/.local/lib/python3.10/site-packages/airflow/example_dags/plugins/listener_plugin.py took 0.029 seconds
[2025-06-02T23:06:07.760+0000] {processor.py:157} INFO - Started process (PID=295) to work on /home/airflow/.local/lib/python3.10/site-packages/airflow/example_dags/plugins/listener_plugin.py
[2025-06-02T23:06:07.761+0000] {processor.py:829} INFO - Processing file /home/airflow/.local/lib/python3.10/site-packages/airflow/example_dags/plugins/listener_plugin.py for tasks to queue
[2025-06-02T23:06:07.764+0000] {logging_mixin.py:154} INFO - [2025-06-02T23:06:07.764+0000] {dagbag.py:536} INFO - Filling up the DagBag from /home/airflow/.local/lib/python3.10/site-packages/airflow/example_dags/plugins/listener_plugin.py
[2025-06-02T23:06:07.768+0000] {processor.py:841} WARNING - No viable dags retrieved from /home/airflow/.local/lib/python3.10/site-packages/airflow/example_dags/plugins/listener_plugin.py
[2025-06-02T23:06:07.786+0000] {processor.py:179} INFO - Processing /home/airflow/.local/lib/python3.10/site-packages/airflow/example_dags/plugins/listener_plugin.py took 0.031 seconds
[2025-06-02T23:06:41.230+0000] {processor.py:157} INFO - Started process (PID=358) to work on /home/airflow/.local/lib/python3.10/site-packages/airflow/example_dags/plugins/listener_plugin.py
[2025-06-02T23:06:41.239+0000] {processor.py:829} INFO - Processing file /home/airflow/.local/lib/python3.10/site-packages/airflow/example_dags/plugins/listener_plugin.py for tasks to queue
[2025-06-02T23:06:41.250+0000] {logging_mixin.py:154} INFO - [2025-06-02T23:06:41.250+0000] {dagbag.py:536} INFO - Filling up the DagBag from /home/airflow/.local/lib/python3.10/site-packages/airflow/example_dags/plugins/listener_plugin.py
[2025-06-02T23:06:41.255+0000] {processor.py:841} WARNING - No viable dags retrieved from /home/airflow/.local/lib/python3.10/site-packages/airflow/example_dags/plugins/listener_plugin.py
[2025-06-02T23:06:41.312+0000] {processor.py:179} INFO - Processing /home/airflow/.local/lib/python3.10/site-packages/airflow/example_dags/plugins/listener_plugin.py took 0.095 seconds
[2025-06-02T23:07:12.207+0000] {processor.py:157} INFO - Started process (PID=413) to work on /home/airflow/.local/lib/python3.10/site-packages/airflow/example_dags/plugins/listener_plugin.py
[2025-06-02T23:07:12.214+0000] {processor.py:829} INFO - Processing file /home/airflow/.local/lib/python3.10/site-packages/airflow/example_dags/plugins/listener_plugin.py for tasks to queue
[2025-06-02T23:07:12.217+0000] {logging_mixin.py:154} INFO - [2025-06-02T23:07:12.217+0000] {dagbag.py:536} INFO - Filling up the DagBag from /home/airflow/.local/lib/python3.10/site-packages/airflow/example_dags/plugins/listener_plugin.py
[2025-06-02T23:07:12.252+0000] {processor.py:841} WARNING - No viable dags retrieved from /home/airflow/.local/lib/python3.10/site-packages/airflow/example_dags/plugins/listener_plugin.py
[2025-06-02T23:07:12.298+0000] {processor.py:179} INFO - Processing /home/airflow/.local/lib/python3.10/site-packages/airflow/example_dags/plugins/listener_plugin.py took 0.108 seconds
