[2025-06-03T06:39:38.951+0000] {processor.py:157} INFO - Started process (PID=32) to work on /opt/airflow/dags/churn.py
[2025-06-03T06:39:38.952+0000] {processor.py:829} INFO - Processing file /opt/airflow/dags/churn.py for tasks to queue
[2025-06-03T06:39:38.975+0000] {logging_mixin.py:154} INFO - [2025-06-03T06:39:38.975+0000] {dagbag.py:536} INFO - Filling up the DagBag from /opt/airflow/dags/churn.py
[2025-06-03T06:39:44.909+0000] {processor.py:839} INFO - DAG(s) dict_keys(['prepare_churn_dataset']) retrieved from /opt/airflow/dags/churn.py
[2025-06-03T06:39:45.217+0000] {logging_mixin.py:154} INFO - [2025-06-03T06:39:45.216+0000] {dag.py:2941} INFO - Sync 1 DAGs
[2025-06-03T06:39:45.276+0000] {logging_mixin.py:154} INFO - [2025-06-03T06:39:45.275+0000] {dag.py:3722} INFO - Setting next_dagrun for prepare_churn_dataset to 2025-06-03T00:00:00+00:00, run_after=2025-06-03T00:00:00+00:00
[2025-06-03T06:39:45.319+0000] {processor.py:179} INFO - Processing /opt/airflow/dags/churn.py took 6.385 seconds
[2025-06-03T06:40:15.453+0000] {processor.py:157} INFO - Started process (PID=95) to work on /opt/airflow/dags/churn.py
[2025-06-03T06:40:15.455+0000] {processor.py:829} INFO - Processing file /opt/airflow/dags/churn.py for tasks to queue
[2025-06-03T06:40:15.458+0000] {logging_mixin.py:154} INFO - [2025-06-03T06:40:15.458+0000] {dagbag.py:536} INFO - Filling up the DagBag from /opt/airflow/dags/churn.py
[2025-06-03T06:40:16.096+0000] {processor.py:839} INFO - DAG(s) dict_keys(['prepare_churn_dataset']) retrieved from /opt/airflow/dags/churn.py
[2025-06-03T06:40:16.117+0000] {logging_mixin.py:154} INFO - [2025-06-03T06:40:16.117+0000] {dag.py:2941} INFO - Sync 1 DAGs
[2025-06-03T06:40:16.145+0000] {logging_mixin.py:154} INFO - [2025-06-03T06:40:16.144+0000] {dag.py:3722} INFO - Setting next_dagrun for prepare_churn_dataset to 2025-06-03T00:00:00+00:00, run_after=2025-06-03T00:00:00+00:00
[2025-06-03T06:40:16.165+0000] {processor.py:179} INFO - Processing /opt/airflow/dags/churn.py took 0.717 seconds
[2025-06-03T06:40:46.896+0000] {processor.py:157} INFO - Started process (PID=154) to work on /opt/airflow/dags/churn.py
[2025-06-03T06:40:46.897+0000] {processor.py:829} INFO - Processing file /opt/airflow/dags/churn.py for tasks to queue
[2025-06-03T06:40:46.900+0000] {logging_mixin.py:154} INFO - [2025-06-03T06:40:46.899+0000] {dagbag.py:536} INFO - Filling up the DagBag from /opt/airflow/dags/churn.py
[2025-06-03T06:40:47.444+0000] {processor.py:839} INFO - DAG(s) dict_keys(['prepare_churn_dataset']) retrieved from /opt/airflow/dags/churn.py
[2025-06-03T06:40:47.460+0000] {logging_mixin.py:154} INFO - [2025-06-03T06:40:47.460+0000] {dag.py:2941} INFO - Sync 1 DAGs
[2025-06-03T06:40:47.479+0000] {logging_mixin.py:154} INFO - [2025-06-03T06:40:47.479+0000] {dag.py:3722} INFO - Setting next_dagrun for prepare_churn_dataset to 2025-06-03T00:00:00+00:00, run_after=2025-06-03T00:00:00+00:00
[2025-06-03T06:40:47.497+0000] {processor.py:179} INFO - Processing /opt/airflow/dags/churn.py took 0.605 seconds
[2025-06-03T06:41:17.647+0000] {processor.py:157} INFO - Started process (PID=210) to work on /opt/airflow/dags/churn.py
[2025-06-03T06:41:17.648+0000] {processor.py:829} INFO - Processing file /opt/airflow/dags/churn.py for tasks to queue
[2025-06-03T06:41:17.651+0000] {logging_mixin.py:154} INFO - [2025-06-03T06:41:17.651+0000] {dagbag.py:536} INFO - Filling up the DagBag from /opt/airflow/dags/churn.py
[2025-06-03T06:41:18.265+0000] {processor.py:839} INFO - DAG(s) dict_keys(['prepare_churn_dataset']) retrieved from /opt/airflow/dags/churn.py
[2025-06-03T06:41:18.288+0000] {logging_mixin.py:154} INFO - [2025-06-03T06:41:18.287+0000] {dag.py:2941} INFO - Sync 1 DAGs
[2025-06-03T06:41:18.313+0000] {logging_mixin.py:154} INFO - [2025-06-03T06:41:18.313+0000] {dag.py:3722} INFO - Setting next_dagrun for prepare_churn_dataset to 2025-06-03T00:00:00+00:00, run_after=2025-06-03T00:00:00+00:00
[2025-06-03T06:41:18.340+0000] {processor.py:179} INFO - Processing /opt/airflow/dags/churn.py took 0.698 seconds
[2025-06-03T06:41:48.631+0000] {processor.py:157} INFO - Started process (PID=270) to work on /opt/airflow/dags/churn.py
[2025-06-03T06:41:48.632+0000] {processor.py:829} INFO - Processing file /opt/airflow/dags/churn.py for tasks to queue
[2025-06-03T06:41:48.635+0000] {logging_mixin.py:154} INFO - [2025-06-03T06:41:48.635+0000] {dagbag.py:536} INFO - Filling up the DagBag from /opt/airflow/dags/churn.py
[2025-06-03T06:41:49.270+0000] {processor.py:839} INFO - DAG(s) dict_keys(['prepare_churn_dataset']) retrieved from /opt/airflow/dags/churn.py
[2025-06-03T06:41:49.292+0000] {logging_mixin.py:154} INFO - [2025-06-03T06:41:49.291+0000] {dag.py:2941} INFO - Sync 1 DAGs
[2025-06-03T06:41:49.319+0000] {logging_mixin.py:154} INFO - [2025-06-03T06:41:49.319+0000] {dag.py:3722} INFO - Setting next_dagrun for prepare_churn_dataset to 2025-06-03T00:00:00+00:00, run_after=2025-06-03T00:00:00+00:00
[2025-06-03T06:41:49.346+0000] {processor.py:179} INFO - Processing /opt/airflow/dags/churn.py took 0.719 seconds
[2025-06-03T06:42:20.297+0000] {processor.py:157} INFO - Started process (PID=328) to work on /opt/airflow/dags/churn.py
[2025-06-03T06:42:20.307+0000] {processor.py:829} INFO - Processing file /opt/airflow/dags/churn.py for tasks to queue
[2025-06-03T06:42:20.310+0000] {logging_mixin.py:154} INFO - [2025-06-03T06:42:20.309+0000] {dagbag.py:536} INFO - Filling up the DagBag from /opt/airflow/dags/churn.py
[2025-06-03T06:42:21.206+0000] {processor.py:839} INFO - DAG(s) dict_keys(['prepare_churn_dataset']) retrieved from /opt/airflow/dags/churn.py
[2025-06-03T06:42:21.227+0000] {logging_mixin.py:154} INFO - [2025-06-03T06:42:21.226+0000] {dag.py:2941} INFO - Sync 1 DAGs
[2025-06-03T06:42:21.254+0000] {logging_mixin.py:154} INFO - [2025-06-03T06:42:21.253+0000] {dag.py:3722} INFO - Setting next_dagrun for prepare_churn_dataset to 2025-06-03T00:00:00+00:00, run_after=2025-06-03T00:00:00+00:00
[2025-06-03T06:42:21.280+0000] {processor.py:179} INFO - Processing /opt/airflow/dags/churn.py took 0.995 seconds
[2025-06-03T06:42:51.375+0000] {processor.py:157} INFO - Started process (PID=385) to work on /opt/airflow/dags/churn.py
[2025-06-03T06:42:51.384+0000] {processor.py:829} INFO - Processing file /opt/airflow/dags/churn.py for tasks to queue
[2025-06-03T06:42:51.387+0000] {logging_mixin.py:154} INFO - [2025-06-03T06:42:51.387+0000] {dagbag.py:536} INFO - Filling up the DagBag from /opt/airflow/dags/churn.py
[2025-06-03T06:42:53.478+0000] {processor.py:839} INFO - DAG(s) dict_keys(['prepare_churn_dataset']) retrieved from /opt/airflow/dags/churn.py
[2025-06-03T06:42:53.543+0000] {logging_mixin.py:154} INFO - [2025-06-03T06:42:53.543+0000] {dag.py:2941} INFO - Sync 1 DAGs
[2025-06-03T06:42:53.624+0000] {logging_mixin.py:154} INFO - [2025-06-03T06:42:53.624+0000] {dag.py:3722} INFO - Setting next_dagrun for prepare_churn_dataset to 2025-06-03T00:00:00+00:00, run_after=2025-06-03T00:00:00+00:00
[2025-06-03T06:42:53.691+0000] {processor.py:179} INFO - Processing /opt/airflow/dags/churn.py took 2.329 seconds
[2025-06-03T06:43:23.902+0000] {processor.py:157} INFO - Started process (PID=446) to work on /opt/airflow/dags/churn.py
[2025-06-03T06:43:23.904+0000] {processor.py:829} INFO - Processing file /opt/airflow/dags/churn.py for tasks to queue
[2025-06-03T06:43:23.907+0000] {logging_mixin.py:154} INFO - [2025-06-03T06:43:23.906+0000] {dagbag.py:536} INFO - Filling up the DagBag from /opt/airflow/dags/churn.py
[2025-06-03T06:43:24.400+0000] {processor.py:839} INFO - DAG(s) dict_keys(['prepare_churn_dataset']) retrieved from /opt/airflow/dags/churn.py
[2025-06-03T06:43:24.417+0000] {logging_mixin.py:154} INFO - [2025-06-03T06:43:24.417+0000] {dag.py:2941} INFO - Sync 1 DAGs
[2025-06-03T06:43:24.438+0000] {logging_mixin.py:154} INFO - [2025-06-03T06:43:24.437+0000] {dag.py:3722} INFO - Setting next_dagrun for prepare_churn_dataset to 2025-06-03T00:00:00+00:00, run_after=2025-06-03T00:00:00+00:00
[2025-06-03T06:43:24.454+0000] {processor.py:179} INFO - Processing /opt/airflow/dags/churn.py took 0.557 seconds
[2025-06-03T06:43:55.035+0000] {processor.py:157} INFO - Started process (PID=502) to work on /opt/airflow/dags/churn.py
[2025-06-03T06:43:55.036+0000] {processor.py:829} INFO - Processing file /opt/airflow/dags/churn.py for tasks to queue
[2025-06-03T06:43:55.039+0000] {logging_mixin.py:154} INFO - [2025-06-03T06:43:55.039+0000] {dagbag.py:536} INFO - Filling up the DagBag from /opt/airflow/dags/churn.py
[2025-06-03T06:43:55.676+0000] {processor.py:839} INFO - DAG(s) dict_keys(['prepare_churn_dataset']) retrieved from /opt/airflow/dags/churn.py
[2025-06-03T06:43:55.692+0000] {logging_mixin.py:154} INFO - [2025-06-03T06:43:55.692+0000] {dag.py:2941} INFO - Sync 1 DAGs
[2025-06-03T06:43:55.712+0000] {logging_mixin.py:154} INFO - [2025-06-03T06:43:55.712+0000] {dag.py:3722} INFO - Setting next_dagrun for prepare_churn_dataset to 2025-06-03T00:00:00+00:00, run_after=2025-06-03T00:00:00+00:00
[2025-06-03T06:43:55.728+0000] {processor.py:179} INFO - Processing /opt/airflow/dags/churn.py took 0.697 seconds
[2025-06-03T06:44:26.493+0000] {processor.py:157} INFO - Started process (PID=562) to work on /opt/airflow/dags/churn.py
[2025-06-03T06:44:26.495+0000] {processor.py:829} INFO - Processing file /opt/airflow/dags/churn.py for tasks to queue
[2025-06-03T06:44:26.499+0000] {logging_mixin.py:154} INFO - [2025-06-03T06:44:26.499+0000] {dagbag.py:536} INFO - Filling up the DagBag from /opt/airflow/dags/churn.py
[2025-06-03T06:44:26.984+0000] {processor.py:839} INFO - DAG(s) dict_keys(['prepare_churn_dataset']) retrieved from /opt/airflow/dags/churn.py
[2025-06-03T06:44:27.002+0000] {logging_mixin.py:154} INFO - [2025-06-03T06:44:27.001+0000] {dag.py:2941} INFO - Sync 1 DAGs
[2025-06-03T06:44:27.028+0000] {logging_mixin.py:154} INFO - [2025-06-03T06:44:27.028+0000] {dag.py:3722} INFO - Setting next_dagrun for prepare_churn_dataset to 2025-06-03T00:00:00+00:00, run_after=2025-06-03T00:00:00+00:00
[2025-06-03T06:44:27.057+0000] {processor.py:179} INFO - Processing /opt/airflow/dags/churn.py took 0.573 seconds
[2025-06-03T06:44:57.948+0000] {processor.py:157} INFO - Started process (PID=627) to work on /opt/airflow/dags/churn.py
[2025-06-03T06:44:57.949+0000] {processor.py:829} INFO - Processing file /opt/airflow/dags/churn.py for tasks to queue
[2025-06-03T06:44:57.952+0000] {logging_mixin.py:154} INFO - [2025-06-03T06:44:57.952+0000] {dagbag.py:536} INFO - Filling up the DagBag from /opt/airflow/dags/churn.py
[2025-06-03T06:44:58.640+0000] {processor.py:839} INFO - DAG(s) dict_keys(['prepare_churn_dataset']) retrieved from /opt/airflow/dags/churn.py
[2025-06-03T06:44:58.664+0000] {logging_mixin.py:154} INFO - [2025-06-03T06:44:58.664+0000] {dag.py:2941} INFO - Sync 1 DAGs
[2025-06-03T06:44:58.692+0000] {logging_mixin.py:154} INFO - [2025-06-03T06:44:58.691+0000] {dag.py:3722} INFO - Setting next_dagrun for prepare_churn_dataset to 2025-06-03T00:00:00+00:00, run_after=2025-06-03T00:00:00+00:00
[2025-06-03T06:44:58.719+0000] {processor.py:179} INFO - Processing /opt/airflow/dags/churn.py took 0.775 seconds
[2025-06-03T06:45:28.944+0000] {processor.py:157} INFO - Started process (PID=686) to work on /opt/airflow/dags/churn.py
[2025-06-03T06:45:28.945+0000] {processor.py:829} INFO - Processing file /opt/airflow/dags/churn.py for tasks to queue
[2025-06-03T06:45:28.948+0000] {logging_mixin.py:154} INFO - [2025-06-03T06:45:28.948+0000] {dagbag.py:536} INFO - Filling up the DagBag from /opt/airflow/dags/churn.py
[2025-06-03T06:45:29.556+0000] {processor.py:839} INFO - DAG(s) dict_keys(['prepare_churn_dataset']) retrieved from /opt/airflow/dags/churn.py
[2025-06-03T06:45:29.576+0000] {logging_mixin.py:154} INFO - [2025-06-03T06:45:29.575+0000] {dag.py:2941} INFO - Sync 1 DAGs
[2025-06-03T06:45:29.599+0000] {logging_mixin.py:154} INFO - [2025-06-03T06:45:29.599+0000] {dag.py:3722} INFO - Setting next_dagrun for prepare_churn_dataset to 2025-06-03T00:00:00+00:00, run_after=2025-06-03T00:00:00+00:00
[2025-06-03T06:45:29.618+0000] {processor.py:179} INFO - Processing /opt/airflow/dags/churn.py took 0.679 seconds
[2025-06-03T06:45:59.691+0000] {processor.py:157} INFO - Started process (PID=746) to work on /opt/airflow/dags/churn.py
[2025-06-03T06:45:59.692+0000] {processor.py:829} INFO - Processing file /opt/airflow/dags/churn.py for tasks to queue
[2025-06-03T06:45:59.695+0000] {logging_mixin.py:154} INFO - [2025-06-03T06:45:59.694+0000] {dagbag.py:536} INFO - Filling up the DagBag from /opt/airflow/dags/churn.py
[2025-06-03T06:46:00.309+0000] {processor.py:839} INFO - DAG(s) dict_keys(['prepare_churn_dataset']) retrieved from /opt/airflow/dags/churn.py
[2025-06-03T06:46:00.326+0000] {logging_mixin.py:154} INFO - [2025-06-03T06:46:00.325+0000] {dag.py:2941} INFO - Sync 1 DAGs
[2025-06-03T06:46:00.346+0000] {logging_mixin.py:154} INFO - [2025-06-03T06:46:00.346+0000] {dag.py:3722} INFO - Setting next_dagrun for prepare_churn_dataset to 2025-06-03T00:00:00+00:00, run_after=2025-06-03T00:00:00+00:00
[2025-06-03T06:46:00.365+0000] {processor.py:179} INFO - Processing /opt/airflow/dags/churn.py took 0.679 seconds
[2025-06-03T06:46:30.598+0000] {processor.py:157} INFO - Started process (PID=804) to work on /opt/airflow/dags/churn.py
[2025-06-03T06:46:30.599+0000] {processor.py:829} INFO - Processing file /opt/airflow/dags/churn.py for tasks to queue
[2025-06-03T06:46:30.602+0000] {logging_mixin.py:154} INFO - [2025-06-03T06:46:30.601+0000] {dagbag.py:536} INFO - Filling up the DagBag from /opt/airflow/dags/churn.py
[2025-06-03T06:46:31.257+0000] {processor.py:839} INFO - DAG(s) dict_keys(['prepare_churn_dataset']) retrieved from /opt/airflow/dags/churn.py
[2025-06-03T06:46:31.274+0000] {logging_mixin.py:154} INFO - [2025-06-03T06:46:31.273+0000] {dag.py:2941} INFO - Sync 1 DAGs
[2025-06-03T06:46:31.293+0000] {logging_mixin.py:154} INFO - [2025-06-03T06:46:31.293+0000] {dag.py:3722} INFO - Setting next_dagrun for prepare_churn_dataset to 2025-06-03T00:00:00+00:00, run_after=2025-06-03T00:00:00+00:00
[2025-06-03T06:46:31.308+0000] {processor.py:179} INFO - Processing /opt/airflow/dags/churn.py took 0.715 seconds
[2025-06-03T06:47:01.928+0000] {processor.py:157} INFO - Started process (PID=862) to work on /opt/airflow/dags/churn.py
[2025-06-03T06:47:01.930+0000] {processor.py:829} INFO - Processing file /opt/airflow/dags/churn.py for tasks to queue
[2025-06-03T06:47:01.933+0000] {logging_mixin.py:154} INFO - [2025-06-03T06:47:01.933+0000] {dagbag.py:536} INFO - Filling up the DagBag from /opt/airflow/dags/churn.py
[2025-06-03T06:47:02.456+0000] {processor.py:839} INFO - DAG(s) dict_keys(['prepare_churn_dataset']) retrieved from /opt/airflow/dags/churn.py
[2025-06-03T06:47:02.473+0000] {logging_mixin.py:154} INFO - [2025-06-03T06:47:02.472+0000] {dag.py:2941} INFO - Sync 1 DAGs
[2025-06-03T06:47:02.492+0000] {logging_mixin.py:154} INFO - [2025-06-03T06:47:02.491+0000] {dag.py:3722} INFO - Setting next_dagrun for prepare_churn_dataset to None, run_after=None
[2025-06-03T06:47:02.521+0000] {processor.py:179} INFO - Processing /opt/airflow/dags/churn.py took 0.597 seconds
[2025-06-03T06:47:33.443+0000] {processor.py:157} INFO - Started process (PID=920) to work on /opt/airflow/dags/churn.py
[2025-06-03T06:47:33.444+0000] {processor.py:829} INFO - Processing file /opt/airflow/dags/churn.py for tasks to queue
[2025-06-03T06:47:33.447+0000] {logging_mixin.py:154} INFO - [2025-06-03T06:47:33.447+0000] {dagbag.py:536} INFO - Filling up the DagBag from /opt/airflow/dags/churn.py
[2025-06-03T06:47:34.060+0000] {processor.py:839} INFO - DAG(s) dict_keys(['prepare_churn_dataset']) retrieved from /opt/airflow/dags/churn.py
[2025-06-03T06:47:34.083+0000] {logging_mixin.py:154} INFO - [2025-06-03T06:47:34.082+0000] {dag.py:2941} INFO - Sync 1 DAGs
[2025-06-03T06:47:34.109+0000] {logging_mixin.py:154} INFO - [2025-06-03T06:47:34.108+0000] {dag.py:3722} INFO - Setting next_dagrun for prepare_churn_dataset to None, run_after=None
[2025-06-03T06:47:34.140+0000] {processor.py:179} INFO - Processing /opt/airflow/dags/churn.py took 0.702 seconds
[2025-06-03T06:48:04.917+0000] {processor.py:157} INFO - Started process (PID=979) to work on /opt/airflow/dags/churn.py
[2025-06-03T06:48:04.930+0000] {processor.py:829} INFO - Processing file /opt/airflow/dags/churn.py for tasks to queue
[2025-06-03T06:48:04.933+0000] {logging_mixin.py:154} INFO - [2025-06-03T06:48:04.933+0000] {dagbag.py:536} INFO - Filling up the DagBag from /opt/airflow/dags/churn.py
[2025-06-03T06:48:05.454+0000] {processor.py:839} INFO - DAG(s) dict_keys(['prepare_churn_dataset']) retrieved from /opt/airflow/dags/churn.py
[2025-06-03T06:48:05.471+0000] {logging_mixin.py:154} INFO - [2025-06-03T06:48:05.471+0000] {dag.py:2941} INFO - Sync 1 DAGs
[2025-06-03T06:48:05.492+0000] {logging_mixin.py:154} INFO - [2025-06-03T06:48:05.492+0000] {dag.py:3722} INFO - Setting next_dagrun for prepare_churn_dataset to None, run_after=None
[2025-06-03T06:48:05.512+0000] {processor.py:179} INFO - Processing /opt/airflow/dags/churn.py took 0.600 seconds
[2025-06-03T06:48:35.679+0000] {processor.py:157} INFO - Started process (PID=1039) to work on /opt/airflow/dags/churn.py
[2025-06-03T06:48:35.680+0000] {processor.py:829} INFO - Processing file /opt/airflow/dags/churn.py for tasks to queue
[2025-06-03T06:48:35.683+0000] {logging_mixin.py:154} INFO - [2025-06-03T06:48:35.683+0000] {dagbag.py:536} INFO - Filling up the DagBag from /opt/airflow/dags/churn.py
[2025-06-03T06:48:36.123+0000] {processor.py:839} INFO - DAG(s) dict_keys(['prepare_churn_dataset']) retrieved from /opt/airflow/dags/churn.py
[2025-06-03T06:48:36.141+0000] {logging_mixin.py:154} INFO - [2025-06-03T06:48:36.140+0000] {dag.py:2941} INFO - Sync 1 DAGs
[2025-06-03T06:48:36.167+0000] {logging_mixin.py:154} INFO - [2025-06-03T06:48:36.167+0000] {dag.py:3722} INFO - Setting next_dagrun for prepare_churn_dataset to None, run_after=None
[2025-06-03T06:48:36.192+0000] {processor.py:179} INFO - Processing /opt/airflow/dags/churn.py took 0.517 seconds
[2025-06-03T06:49:06.379+0000] {processor.py:157} INFO - Started process (PID=1090) to work on /opt/airflow/dags/churn.py
[2025-06-03T06:49:06.380+0000] {processor.py:829} INFO - Processing file /opt/airflow/dags/churn.py for tasks to queue
[2025-06-03T06:49:06.383+0000] {logging_mixin.py:154} INFO - [2025-06-03T06:49:06.383+0000] {dagbag.py:536} INFO - Filling up the DagBag from /opt/airflow/dags/churn.py
[2025-06-03T06:49:07.001+0000] {processor.py:839} INFO - DAG(s) dict_keys(['prepare_churn_dataset']) retrieved from /opt/airflow/dags/churn.py
[2025-06-03T06:49:07.049+0000] {logging_mixin.py:154} INFO - [2025-06-03T06:49:07.048+0000] {dag.py:2941} INFO - Sync 1 DAGs
[2025-06-03T06:49:07.088+0000] {logging_mixin.py:154} INFO - [2025-06-03T06:49:07.088+0000] {dag.py:3722} INFO - Setting next_dagrun for prepare_churn_dataset to None, run_after=None
[2025-06-03T06:49:07.111+0000] {processor.py:179} INFO - Processing /opt/airflow/dags/churn.py took 0.737 seconds
[2025-06-03T06:49:37.663+0000] {processor.py:157} INFO - Started process (PID=1146) to work on /opt/airflow/dags/churn.py
[2025-06-03T06:49:37.664+0000] {processor.py:829} INFO - Processing file /opt/airflow/dags/churn.py for tasks to queue
[2025-06-03T06:49:37.671+0000] {logging_mixin.py:154} INFO - [2025-06-03T06:49:37.671+0000] {dagbag.py:536} INFO - Filling up the DagBag from /opt/airflow/dags/churn.py
[2025-06-03T06:49:38.518+0000] {processor.py:839} INFO - DAG(s) dict_keys(['prepare_churn_dataset']) retrieved from /opt/airflow/dags/churn.py
[2025-06-03T06:49:38.542+0000] {logging_mixin.py:154} INFO - [2025-06-03T06:49:38.541+0000] {dag.py:2941} INFO - Sync 1 DAGs
[2025-06-03T06:49:38.569+0000] {logging_mixin.py:154} INFO - [2025-06-03T06:49:38.569+0000] {dag.py:3722} INFO - Setting next_dagrun for prepare_churn_dataset to None, run_after=None
[2025-06-03T06:49:38.591+0000] {processor.py:179} INFO - Processing /opt/airflow/dags/churn.py took 0.941 seconds
[2025-06-03T06:50:09.622+0000] {processor.py:157} INFO - Started process (PID=1203) to work on /opt/airflow/dags/churn.py
[2025-06-03T06:50:09.625+0000] {processor.py:829} INFO - Processing file /opt/airflow/dags/churn.py for tasks to queue
[2025-06-03T06:50:09.633+0000] {logging_mixin.py:154} INFO - [2025-06-03T06:50:09.632+0000] {dagbag.py:536} INFO - Filling up the DagBag from /opt/airflow/dags/churn.py
[2025-06-03T06:50:11.929+0000] {processor.py:839} INFO - DAG(s) dict_keys(['prepare_churn_dataset']) retrieved from /opt/airflow/dags/churn.py
[2025-06-03T06:50:12.026+0000] {logging_mixin.py:154} INFO - [2025-06-03T06:50:12.025+0000] {dag.py:2941} INFO - Sync 1 DAGs
[2025-06-03T06:50:12.079+0000] {logging_mixin.py:154} INFO - [2025-06-03T06:50:12.079+0000] {dag.py:3722} INFO - Setting next_dagrun for prepare_churn_dataset to None, run_after=None
[2025-06-03T06:50:12.137+0000] {processor.py:179} INFO - Processing /opt/airflow/dags/churn.py took 2.523 seconds
[2025-06-03T06:50:22.547+0000] {processor.py:157} INFO - Started process (PID=1216) to work on /opt/airflow/dags/churn.py
[2025-06-03T06:50:22.550+0000] {processor.py:829} INFO - Processing file /opt/airflow/dags/churn.py for tasks to queue
[2025-06-03T06:50:22.552+0000] {logging_mixin.py:154} INFO - [2025-06-03T06:50:22.552+0000] {dagbag.py:536} INFO - Filling up the DagBag from /opt/airflow/dags/churn.py
[2025-06-03T06:50:23.016+0000] {processor.py:839} INFO - DAG(s) dict_keys(['prepare_churn_dataset']) retrieved from /opt/airflow/dags/churn.py
[2025-06-03T06:50:23.033+0000] {logging_mixin.py:154} INFO - [2025-06-03T06:50:23.032+0000] {dag.py:2941} INFO - Sync 1 DAGs
[2025-06-03T06:50:23.052+0000] {logging_mixin.py:154} INFO - [2025-06-03T06:50:23.052+0000] {dag.py:3722} INFO - Setting next_dagrun for prepare_churn_dataset to None, run_after=None
[2025-06-03T06:50:23.072+0000] {processor.py:179} INFO - Processing /opt/airflow/dags/churn.py took 0.529 seconds
[2025-06-03T06:50:53.381+0000] {processor.py:157} INFO - Started process (PID=1272) to work on /opt/airflow/dags/churn.py
[2025-06-03T06:50:53.382+0000] {processor.py:829} INFO - Processing file /opt/airflow/dags/churn.py for tasks to queue
[2025-06-03T06:50:53.385+0000] {logging_mixin.py:154} INFO - [2025-06-03T06:50:53.384+0000] {dagbag.py:536} INFO - Filling up the DagBag from /opt/airflow/dags/churn.py
[2025-06-03T06:50:53.826+0000] {processor.py:839} INFO - DAG(s) dict_keys(['prepare_churn_dataset']) retrieved from /opt/airflow/dags/churn.py
[2025-06-03T06:50:53.844+0000] {logging_mixin.py:154} INFO - [2025-06-03T06:50:53.844+0000] {dag.py:2941} INFO - Sync 1 DAGs
[2025-06-03T06:50:53.863+0000] {logging_mixin.py:154} INFO - [2025-06-03T06:50:53.863+0000] {dag.py:3722} INFO - Setting next_dagrun for prepare_churn_dataset to None, run_after=None
[2025-06-03T06:50:53.893+0000] {processor.py:179} INFO - Processing /opt/airflow/dags/churn.py took 0.516 seconds
[2025-06-03T06:51:24.696+0000] {processor.py:157} INFO - Started process (PID=1328) to work on /opt/airflow/dags/churn.py
[2025-06-03T06:51:24.697+0000] {processor.py:829} INFO - Processing file /opt/airflow/dags/churn.py for tasks to queue
[2025-06-03T06:51:24.700+0000] {logging_mixin.py:154} INFO - [2025-06-03T06:51:24.700+0000] {dagbag.py:536} INFO - Filling up the DagBag from /opt/airflow/dags/churn.py
[2025-06-03T06:51:25.150+0000] {processor.py:839} INFO - DAG(s) dict_keys(['prepare_churn_dataset']) retrieved from /opt/airflow/dags/churn.py
[2025-06-03T06:51:25.166+0000] {logging_mixin.py:154} INFO - [2025-06-03T06:51:25.166+0000] {dag.py:2941} INFO - Sync 1 DAGs
[2025-06-03T06:51:25.189+0000] {logging_mixin.py:154} INFO - [2025-06-03T06:51:25.189+0000] {dag.py:3722} INFO - Setting next_dagrun for prepare_churn_dataset to None, run_after=None
[2025-06-03T06:51:25.205+0000] {processor.py:179} INFO - Processing /opt/airflow/dags/churn.py took 0.513 seconds
[2025-06-03T06:51:55.299+0000] {processor.py:157} INFO - Started process (PID=1385) to work on /opt/airflow/dags/churn.py
[2025-06-03T06:51:55.300+0000] {processor.py:829} INFO - Processing file /opt/airflow/dags/churn.py for tasks to queue
[2025-06-03T06:51:55.303+0000] {logging_mixin.py:154} INFO - [2025-06-03T06:51:55.302+0000] {dagbag.py:536} INFO - Filling up the DagBag from /opt/airflow/dags/churn.py
[2025-06-03T06:51:55.745+0000] {processor.py:839} INFO - DAG(s) dict_keys(['prepare_churn_dataset']) retrieved from /opt/airflow/dags/churn.py
[2025-06-03T06:51:55.763+0000] {logging_mixin.py:154} INFO - [2025-06-03T06:51:55.762+0000] {dag.py:2941} INFO - Sync 1 DAGs
[2025-06-03T06:51:55.782+0000] {logging_mixin.py:154} INFO - [2025-06-03T06:51:55.781+0000] {dag.py:3722} INFO - Setting next_dagrun for prepare_churn_dataset to None, run_after=None
[2025-06-03T06:51:55.799+0000] {processor.py:179} INFO - Processing /opt/airflow/dags/churn.py took 0.503 seconds
[2025-06-03T06:52:26.010+0000] {processor.py:157} INFO - Started process (PID=1441) to work on /opt/airflow/dags/churn.py
[2025-06-03T06:52:26.011+0000] {processor.py:829} INFO - Processing file /opt/airflow/dags/churn.py for tasks to queue
[2025-06-03T06:52:26.013+0000] {logging_mixin.py:154} INFO - [2025-06-03T06:52:26.013+0000] {dagbag.py:536} INFO - Filling up the DagBag from /opt/airflow/dags/churn.py
[2025-06-03T06:52:26.444+0000] {processor.py:839} INFO - DAG(s) dict_keys(['prepare_churn_dataset']) retrieved from /opt/airflow/dags/churn.py
[2025-06-03T06:52:26.461+0000] {logging_mixin.py:154} INFO - [2025-06-03T06:52:26.461+0000] {dag.py:2941} INFO - Sync 1 DAGs
[2025-06-03T06:52:26.482+0000] {logging_mixin.py:154} INFO - [2025-06-03T06:52:26.482+0000] {dag.py:3722} INFO - Setting next_dagrun for prepare_churn_dataset to None, run_after=None
[2025-06-03T06:52:26.517+0000] {processor.py:179} INFO - Processing /opt/airflow/dags/churn.py took 0.510 seconds
[2025-06-03T06:52:57.299+0000] {processor.py:157} INFO - Started process (PID=1497) to work on /opt/airflow/dags/churn.py
[2025-06-03T06:52:57.300+0000] {processor.py:829} INFO - Processing file /opt/airflow/dags/churn.py for tasks to queue
[2025-06-03T06:52:57.303+0000] {logging_mixin.py:154} INFO - [2025-06-03T06:52:57.303+0000] {dagbag.py:536} INFO - Filling up the DagBag from /opt/airflow/dags/churn.py
[2025-06-03T06:52:57.912+0000] {processor.py:839} INFO - DAG(s) dict_keys(['prepare_churn_dataset']) retrieved from /opt/airflow/dags/churn.py
[2025-06-03T06:52:57.935+0000] {logging_mixin.py:154} INFO - [2025-06-03T06:52:57.934+0000] {dag.py:2941} INFO - Sync 1 DAGs
[2025-06-03T06:52:57.964+0000] {logging_mixin.py:154} INFO - [2025-06-03T06:52:57.964+0000] {dag.py:3722} INFO - Setting next_dagrun for prepare_churn_dataset to None, run_after=None
[2025-06-03T06:52:57.989+0000] {processor.py:179} INFO - Processing /opt/airflow/dags/churn.py took 0.695 seconds
[2025-06-03T06:53:28.174+0000] {processor.py:157} INFO - Started process (PID=1553) to work on /opt/airflow/dags/churn.py
[2025-06-03T06:53:28.176+0000] {processor.py:829} INFO - Processing file /opt/airflow/dags/churn.py for tasks to queue
[2025-06-03T06:53:28.178+0000] {logging_mixin.py:154} INFO - [2025-06-03T06:53:28.178+0000] {dagbag.py:536} INFO - Filling up the DagBag from /opt/airflow/dags/churn.py
[2025-06-03T06:53:28.798+0000] {processor.py:839} INFO - DAG(s) dict_keys(['prepare_churn_dataset']) retrieved from /opt/airflow/dags/churn.py
[2025-06-03T06:53:28.820+0000] {logging_mixin.py:154} INFO - [2025-06-03T06:53:28.820+0000] {dag.py:2941} INFO - Sync 1 DAGs
[2025-06-03T06:53:28.849+0000] {logging_mixin.py:154} INFO - [2025-06-03T06:53:28.848+0000] {dag.py:3722} INFO - Setting next_dagrun for prepare_churn_dataset to None, run_after=None
[2025-06-03T06:53:28.877+0000] {processor.py:179} INFO - Processing /opt/airflow/dags/churn.py took 0.707 seconds
[2025-06-03T06:53:59.112+0000] {processor.py:157} INFO - Started process (PID=1608) to work on /opt/airflow/dags/churn.py
[2025-06-03T06:53:59.113+0000] {processor.py:829} INFO - Processing file /opt/airflow/dags/churn.py for tasks to queue
[2025-06-03T06:53:59.116+0000] {logging_mixin.py:154} INFO - [2025-06-03T06:53:59.116+0000] {dagbag.py:536} INFO - Filling up the DagBag from /opt/airflow/dags/churn.py
[2025-06-03T06:54:00.517+0000] {processor.py:839} INFO - DAG(s) dict_keys(['prepare_churn_dataset']) retrieved from /opt/airflow/dags/churn.py
[2025-06-03T06:54:00.537+0000] {logging_mixin.py:154} INFO - [2025-06-03T06:54:00.537+0000] {dag.py:2941} INFO - Sync 1 DAGs
[2025-06-03T06:54:00.564+0000] {logging_mixin.py:154} INFO - [2025-06-03T06:54:00.564+0000] {dag.py:3722} INFO - Setting next_dagrun for prepare_churn_dataset to None, run_after=None
[2025-06-03T06:54:00.590+0000] {processor.py:179} INFO - Processing /opt/airflow/dags/churn.py took 1.483 seconds
[2025-06-03T06:54:31.298+0000] {processor.py:157} INFO - Started process (PID=1672) to work on /opt/airflow/dags/churn.py
[2025-06-03T06:54:31.307+0000] {processor.py:829} INFO - Processing file /opt/airflow/dags/churn.py for tasks to queue
[2025-06-03T06:54:31.310+0000] {logging_mixin.py:154} INFO - [2025-06-03T06:54:31.310+0000] {dagbag.py:536} INFO - Filling up the DagBag from /opt/airflow/dags/churn.py
[2025-06-03T06:54:32.037+0000] {processor.py:839} INFO - DAG(s) dict_keys(['prepare_churn_dataset']) retrieved from /opt/airflow/dags/churn.py
[2025-06-03T06:54:32.073+0000] {logging_mixin.py:154} INFO - [2025-06-03T06:54:32.072+0000] {dag.py:2941} INFO - Sync 1 DAGs
[2025-06-03T06:54:32.123+0000] {logging_mixin.py:154} INFO - [2025-06-03T06:54:32.123+0000] {dag.py:3722} INFO - Setting next_dagrun for prepare_churn_dataset to None, run_after=None
[2025-06-03T06:54:32.167+0000] {processor.py:179} INFO - Processing /opt/airflow/dags/churn.py took 0.874 seconds
[2025-06-03T06:55:02.555+0000] {processor.py:157} INFO - Started process (PID=1728) to work on /opt/airflow/dags/churn.py
[2025-06-03T06:55:02.558+0000] {processor.py:829} INFO - Processing file /opt/airflow/dags/churn.py for tasks to queue
[2025-06-03T06:55:02.561+0000] {logging_mixin.py:154} INFO - [2025-06-03T06:55:02.560+0000] {dagbag.py:536} INFO - Filling up the DagBag from /opt/airflow/dags/churn.py
[2025-06-03T06:55:03.311+0000] {processor.py:839} INFO - DAG(s) dict_keys(['prepare_churn_dataset']) retrieved from /opt/airflow/dags/churn.py
[2025-06-03T06:55:03.337+0000] {logging_mixin.py:154} INFO - [2025-06-03T06:55:03.336+0000] {dag.py:2941} INFO - Sync 1 DAGs
[2025-06-03T06:55:03.381+0000] {logging_mixin.py:154} INFO - [2025-06-03T06:55:03.381+0000] {dag.py:3722} INFO - Setting next_dagrun for prepare_churn_dataset to None, run_after=None
[2025-06-03T06:55:03.446+0000] {processor.py:179} INFO - Processing /opt/airflow/dags/churn.py took 0.896 seconds
[2025-06-03T06:55:33.983+0000] {processor.py:157} INFO - Started process (PID=1786) to work on /opt/airflow/dags/churn.py
[2025-06-03T06:55:33.984+0000] {processor.py:829} INFO - Processing file /opt/airflow/dags/churn.py for tasks to queue
[2025-06-03T06:55:33.987+0000] {logging_mixin.py:154} INFO - [2025-06-03T06:55:33.987+0000] {dagbag.py:536} INFO - Filling up the DagBag from /opt/airflow/dags/churn.py
[2025-06-03T06:55:34.423+0000] {processor.py:839} INFO - DAG(s) dict_keys(['prepare_churn_dataset']) retrieved from /opt/airflow/dags/churn.py
[2025-06-03T06:55:34.442+0000] {logging_mixin.py:154} INFO - [2025-06-03T06:55:34.442+0000] {dag.py:2941} INFO - Sync 1 DAGs
[2025-06-03T06:55:34.464+0000] {logging_mixin.py:154} INFO - [2025-06-03T06:55:34.464+0000] {dag.py:3722} INFO - Setting next_dagrun for prepare_churn_dataset to None, run_after=None
[2025-06-03T06:55:34.513+0000] {processor.py:179} INFO - Processing /opt/airflow/dags/churn.py took 0.535 seconds
[2025-06-03T06:56:04.810+0000] {processor.py:157} INFO - Started process (PID=1842) to work on /opt/airflow/dags/churn.py
[2025-06-03T06:56:04.811+0000] {processor.py:829} INFO - Processing file /opt/airflow/dags/churn.py for tasks to queue
[2025-06-03T06:56:04.814+0000] {logging_mixin.py:154} INFO - [2025-06-03T06:56:04.814+0000] {dagbag.py:536} INFO - Filling up the DagBag from /opt/airflow/dags/churn.py
[2025-06-03T06:56:05.243+0000] {processor.py:839} INFO - DAG(s) dict_keys(['prepare_churn_dataset']) retrieved from /opt/airflow/dags/churn.py
[2025-06-03T06:56:05.263+0000] {logging_mixin.py:154} INFO - [2025-06-03T06:56:05.263+0000] {dag.py:2941} INFO - Sync 1 DAGs
[2025-06-03T06:56:05.284+0000] {logging_mixin.py:154} INFO - [2025-06-03T06:56:05.284+0000] {dag.py:3722} INFO - Setting next_dagrun for prepare_churn_dataset to None, run_after=None
[2025-06-03T06:56:05.317+0000] {processor.py:179} INFO - Processing /opt/airflow/dags/churn.py took 0.512 seconds
[2025-06-03T06:56:35.548+0000] {processor.py:157} INFO - Started process (PID=1898) to work on /opt/airflow/dags/churn.py
[2025-06-03T06:56:35.549+0000] {processor.py:829} INFO - Processing file /opt/airflow/dags/churn.py for tasks to queue
[2025-06-03T06:56:35.553+0000] {logging_mixin.py:154} INFO - [2025-06-03T06:56:35.552+0000] {dagbag.py:536} INFO - Filling up the DagBag from /opt/airflow/dags/churn.py
[2025-06-03T06:56:36.033+0000] {processor.py:839} INFO - DAG(s) dict_keys(['prepare_churn_dataset']) retrieved from /opt/airflow/dags/churn.py
[2025-06-03T06:56:36.058+0000] {logging_mixin.py:154} INFO - [2025-06-03T06:56:36.057+0000] {dag.py:2941} INFO - Sync 1 DAGs
[2025-06-03T06:56:36.084+0000] {logging_mixin.py:154} INFO - [2025-06-03T06:56:36.084+0000] {dag.py:3722} INFO - Setting next_dagrun for prepare_churn_dataset to None, run_after=None
[2025-06-03T06:56:36.103+0000] {processor.py:179} INFO - Processing /opt/airflow/dags/churn.py took 0.559 seconds
[2025-06-03T06:57:06.951+0000] {processor.py:157} INFO - Started process (PID=1956) to work on /opt/airflow/dags/churn.py
[2025-06-03T06:57:06.953+0000] {processor.py:829} INFO - Processing file /opt/airflow/dags/churn.py for tasks to queue
[2025-06-03T06:57:06.956+0000] {logging_mixin.py:154} INFO - [2025-06-03T06:57:06.956+0000] {dagbag.py:536} INFO - Filling up the DagBag from /opt/airflow/dags/churn.py
[2025-06-03T06:57:07.285+0000] {processor.py:839} INFO - DAG(s) dict_keys(['prepare_churn_dataset']) retrieved from /opt/airflow/dags/churn.py
[2025-06-03T06:57:07.304+0000] {logging_mixin.py:154} INFO - [2025-06-03T06:57:07.304+0000] {dag.py:2941} INFO - Sync 1 DAGs
[2025-06-03T06:57:07.326+0000] {logging_mixin.py:154} INFO - [2025-06-03T06:57:07.326+0000] {dag.py:3722} INFO - Setting next_dagrun for prepare_churn_dataset to None, run_after=None
[2025-06-03T06:57:07.352+0000] {processor.py:179} INFO - Processing /opt/airflow/dags/churn.py took 0.405 seconds
[2025-06-03T06:57:24.639+0000] {processor.py:157} INFO - Started process (PID=1993) to work on /opt/airflow/dags/churn.py
[2025-06-03T06:57:24.640+0000] {processor.py:829} INFO - Processing file /opt/airflow/dags/churn.py for tasks to queue
[2025-06-03T06:57:24.643+0000] {logging_mixin.py:154} INFO - [2025-06-03T06:57:24.642+0000] {dagbag.py:536} INFO - Filling up the DagBag from /opt/airflow/dags/churn.py
[2025-06-03T06:57:24.973+0000] {processor.py:839} INFO - DAG(s) dict_keys(['prepare_churn_dataset']) retrieved from /opt/airflow/dags/churn.py
[2025-06-03T06:57:24.998+0000] {logging_mixin.py:154} INFO - [2025-06-03T06:57:24.997+0000] {dag.py:2941} INFO - Sync 1 DAGs
[2025-06-03T06:57:25.020+0000] {logging_mixin.py:154} INFO - [2025-06-03T06:57:25.020+0000] {dag.py:3722} INFO - Setting next_dagrun for prepare_churn_dataset to None, run_after=None
[2025-06-03T06:57:25.042+0000] {processor.py:179} INFO - Processing /opt/airflow/dags/churn.py took 0.407 seconds
[2025-06-03T06:57:55.801+0000] {processor.py:157} INFO - Started process (PID=2049) to work on /opt/airflow/dags/churn.py
[2025-06-03T06:57:55.803+0000] {processor.py:829} INFO - Processing file /opt/airflow/dags/churn.py for tasks to queue
[2025-06-03T06:57:55.805+0000] {logging_mixin.py:154} INFO - [2025-06-03T06:57:55.805+0000] {dagbag.py:536} INFO - Filling up the DagBag from /opt/airflow/dags/churn.py
[2025-06-03T06:57:56.186+0000] {processor.py:839} INFO - DAG(s) dict_keys(['prepare_churn_dataset']) retrieved from /opt/airflow/dags/churn.py
[2025-06-03T06:57:56.206+0000] {logging_mixin.py:154} INFO - [2025-06-03T06:57:56.206+0000] {dag.py:2941} INFO - Sync 1 DAGs
[2025-06-03T06:57:56.228+0000] {logging_mixin.py:154} INFO - [2025-06-03T06:57:56.228+0000] {dag.py:3722} INFO - Setting next_dagrun for prepare_churn_dataset to None, run_after=None
[2025-06-03T06:57:56.246+0000] {processor.py:179} INFO - Processing /opt/airflow/dags/churn.py took 0.449 seconds
[2025-06-03T06:58:26.625+0000] {processor.py:157} INFO - Started process (PID=2105) to work on /opt/airflow/dags/churn.py
[2025-06-03T06:58:26.626+0000] {processor.py:829} INFO - Processing file /opt/airflow/dags/churn.py for tasks to queue
[2025-06-03T06:58:26.629+0000] {logging_mixin.py:154} INFO - [2025-06-03T06:58:26.629+0000] {dagbag.py:536} INFO - Filling up the DagBag from /opt/airflow/dags/churn.py
[2025-06-03T06:58:27.126+0000] {processor.py:839} INFO - DAG(s) dict_keys(['prepare_churn_dataset']) retrieved from /opt/airflow/dags/churn.py
[2025-06-03T06:58:27.150+0000] {logging_mixin.py:154} INFO - [2025-06-03T06:58:27.150+0000] {dag.py:2941} INFO - Sync 1 DAGs
[2025-06-03T06:58:27.181+0000] {logging_mixin.py:154} INFO - [2025-06-03T06:58:27.180+0000] {dag.py:3722} INFO - Setting next_dagrun for prepare_churn_dataset to None, run_after=None
[2025-06-03T06:58:27.205+0000] {processor.py:179} INFO - Processing /opt/airflow/dags/churn.py took 0.584 seconds
[2025-06-03T06:58:57.365+0000] {processor.py:157} INFO - Started process (PID=2161) to work on /opt/airflow/dags/churn.py
[2025-06-03T06:58:57.370+0000] {processor.py:829} INFO - Processing file /opt/airflow/dags/churn.py for tasks to queue
[2025-06-03T06:58:57.381+0000] {logging_mixin.py:154} INFO - [2025-06-03T06:58:57.380+0000] {dagbag.py:536} INFO - Filling up the DagBag from /opt/airflow/dags/churn.py
[2025-06-03T06:58:58.208+0000] {processor.py:839} INFO - DAG(s) dict_keys(['prepare_churn_dataset']) retrieved from /opt/airflow/dags/churn.py
[2025-06-03T06:58:58.258+0000] {logging_mixin.py:154} INFO - [2025-06-03T06:58:58.257+0000] {dag.py:2941} INFO - Sync 1 DAGs
[2025-06-03T06:58:58.331+0000] {logging_mixin.py:154} INFO - [2025-06-03T06:58:58.331+0000] {dag.py:3722} INFO - Setting next_dagrun for prepare_churn_dataset to None, run_after=None
[2025-06-03T06:58:58.409+0000] {processor.py:179} INFO - Processing /opt/airflow/dags/churn.py took 1.073 seconds
[2025-06-03T06:59:28.551+0000] {processor.py:157} INFO - Started process (PID=2219) to work on /opt/airflow/dags/churn.py
[2025-06-03T06:59:28.552+0000] {processor.py:829} INFO - Processing file /opt/airflow/dags/churn.py for tasks to queue
[2025-06-03T06:59:28.555+0000] {logging_mixin.py:154} INFO - [2025-06-03T06:59:28.554+0000] {dagbag.py:536} INFO - Filling up the DagBag from /opt/airflow/dags/churn.py
[2025-06-03T06:59:28.859+0000] {processor.py:839} INFO - DAG(s) dict_keys(['prepare_churn_dataset']) retrieved from /opt/airflow/dags/churn.py
[2025-06-03T06:59:28.879+0000] {logging_mixin.py:154} INFO - [2025-06-03T06:59:28.878+0000] {dag.py:2941} INFO - Sync 1 DAGs
[2025-06-03T06:59:28.900+0000] {logging_mixin.py:154} INFO - [2025-06-03T06:59:28.900+0000] {dag.py:3722} INFO - Setting next_dagrun for prepare_churn_dataset to None, run_after=None
[2025-06-03T06:59:28.916+0000] {processor.py:179} INFO - Processing /opt/airflow/dags/churn.py took 0.370 seconds
[2025-06-03T06:59:59.015+0000] {processor.py:157} INFO - Started process (PID=2276) to work on /opt/airflow/dags/churn.py
[2025-06-03T06:59:59.016+0000] {processor.py:829} INFO - Processing file /opt/airflow/dags/churn.py for tasks to queue
[2025-06-03T06:59:59.019+0000] {logging_mixin.py:154} INFO - [2025-06-03T06:59:59.018+0000] {dagbag.py:536} INFO - Filling up the DagBag from /opt/airflow/dags/churn.py
[2025-06-03T06:59:59.327+0000] {processor.py:839} INFO - DAG(s) dict_keys(['prepare_churn_dataset']) retrieved from /opt/airflow/dags/churn.py
[2025-06-03T06:59:59.346+0000] {logging_mixin.py:154} INFO - [2025-06-03T06:59:59.345+0000] {dag.py:2941} INFO - Sync 1 DAGs
[2025-06-03T06:59:59.368+0000] {logging_mixin.py:154} INFO - [2025-06-03T06:59:59.367+0000] {dag.py:3722} INFO - Setting next_dagrun for prepare_churn_dataset to None, run_after=None
[2025-06-03T06:59:59.390+0000] {processor.py:179} INFO - Processing /opt/airflow/dags/churn.py took 0.379 seconds
[2025-06-03T07:00:29.562+0000] {processor.py:157} INFO - Started process (PID=2332) to work on /opt/airflow/dags/churn.py
[2025-06-03T07:00:29.565+0000] {processor.py:829} INFO - Processing file /opt/airflow/dags/churn.py for tasks to queue
[2025-06-03T07:00:29.568+0000] {logging_mixin.py:154} INFO - [2025-06-03T07:00:29.568+0000] {dagbag.py:536} INFO - Filling up the DagBag from /opt/airflow/dags/churn.py
[2025-06-03T07:00:30.025+0000] {processor.py:839} INFO - DAG(s) dict_keys(['prepare_churn_dataset']) retrieved from /opt/airflow/dags/churn.py
[2025-06-03T07:00:30.051+0000] {logging_mixin.py:154} INFO - [2025-06-03T07:00:30.050+0000] {dag.py:2941} INFO - Sync 1 DAGs
[2025-06-03T07:00:30.082+0000] {logging_mixin.py:154} INFO - [2025-06-03T07:00:30.082+0000] {dag.py:3722} INFO - Setting next_dagrun for prepare_churn_dataset to None, run_after=None
[2025-06-03T07:00:30.114+0000] {processor.py:179} INFO - Processing /opt/airflow/dags/churn.py took 0.557 seconds
[2025-06-03T07:01:00.922+0000] {processor.py:157} INFO - Started process (PID=2396) to work on /opt/airflow/dags/churn.py
[2025-06-03T07:01:00.924+0000] {processor.py:829} INFO - Processing file /opt/airflow/dags/churn.py for tasks to queue
[2025-06-03T07:01:00.927+0000] {logging_mixin.py:154} INFO - [2025-06-03T07:01:00.927+0000] {dagbag.py:536} INFO - Filling up the DagBag from /opt/airflow/dags/churn.py
[2025-06-03T07:01:01.620+0000] {processor.py:839} INFO - DAG(s) dict_keys(['prepare_churn_dataset']) retrieved from /opt/airflow/dags/churn.py
[2025-06-03T07:01:01.679+0000] {logging_mixin.py:154} INFO - [2025-06-03T07:01:01.679+0000] {dag.py:2941} INFO - Sync 1 DAGs
[2025-06-03T07:01:01.731+0000] {logging_mixin.py:154} INFO - [2025-06-03T07:01:01.731+0000] {dag.py:3722} INFO - Setting next_dagrun for prepare_churn_dataset to None, run_after=None
[2025-06-03T07:01:01.786+0000] {processor.py:179} INFO - Processing /opt/airflow/dags/churn.py took 0.869 seconds
[2025-06-03T07:01:11.746+0000] {processor.py:157} INFO - Started process (PID=2411) to work on /opt/airflow/dags/churn.py
[2025-06-03T07:01:11.747+0000] {processor.py:829} INFO - Processing file /opt/airflow/dags/churn.py for tasks to queue
[2025-06-03T07:01:11.750+0000] {logging_mixin.py:154} INFO - [2025-06-03T07:01:11.750+0000] {dagbag.py:536} INFO - Filling up the DagBag from /opt/airflow/dags/churn.py
[2025-06-03T07:01:12.119+0000] {processor.py:839} INFO - DAG(s) dict_keys(['prepare_churn_dataset']) retrieved from /opt/airflow/dags/churn.py
[2025-06-03T07:01:12.138+0000] {logging_mixin.py:154} INFO - [2025-06-03T07:01:12.138+0000] {dag.py:2941} INFO - Sync 1 DAGs
[2025-06-03T07:01:12.158+0000] {logging_mixin.py:154} INFO - [2025-06-03T07:01:12.158+0000] {dag.py:3722} INFO - Setting next_dagrun for prepare_churn_dataset to None, run_after=None
[2025-06-03T07:01:12.176+0000] {processor.py:179} INFO - Processing /opt/airflow/dags/churn.py took 0.435 seconds
[2025-06-03T07:01:42.308+0000] {processor.py:157} INFO - Started process (PID=2467) to work on /opt/airflow/dags/churn.py
[2025-06-03T07:01:42.310+0000] {processor.py:829} INFO - Processing file /opt/airflow/dags/churn.py for tasks to queue
[2025-06-03T07:01:42.313+0000] {logging_mixin.py:154} INFO - [2025-06-03T07:01:42.313+0000] {dagbag.py:536} INFO - Filling up the DagBag from /opt/airflow/dags/churn.py
[2025-06-03T07:01:42.610+0000] {processor.py:839} INFO - DAG(s) dict_keys(['prepare_churn_dataset']) retrieved from /opt/airflow/dags/churn.py
[2025-06-03T07:01:42.629+0000] {logging_mixin.py:154} INFO - [2025-06-03T07:01:42.628+0000] {dag.py:2941} INFO - Sync 1 DAGs
[2025-06-03T07:01:42.651+0000] {logging_mixin.py:154} INFO - [2025-06-03T07:01:42.651+0000] {dag.py:3722} INFO - Setting next_dagrun for prepare_churn_dataset to None, run_after=None
[2025-06-03T07:01:42.668+0000] {processor.py:179} INFO - Processing /opt/airflow/dags/churn.py took 0.364 seconds
[2025-06-03T07:02:13.493+0000] {processor.py:157} INFO - Started process (PID=2524) to work on /opt/airflow/dags/churn.py
[2025-06-03T07:02:13.494+0000] {processor.py:829} INFO - Processing file /opt/airflow/dags/churn.py for tasks to queue
[2025-06-03T07:02:13.497+0000] {logging_mixin.py:154} INFO - [2025-06-03T07:02:13.497+0000] {dagbag.py:536} INFO - Filling up the DagBag from /opt/airflow/dags/churn.py
[2025-06-03T07:02:13.966+0000] {processor.py:839} INFO - DAG(s) dict_keys(['prepare_churn_dataset']) retrieved from /opt/airflow/dags/churn.py
[2025-06-03T07:02:14.004+0000] {logging_mixin.py:154} INFO - [2025-06-03T07:02:14.003+0000] {dag.py:2941} INFO - Sync 1 DAGs
[2025-06-03T07:02:14.035+0000] {logging_mixin.py:154} INFO - [2025-06-03T07:02:14.035+0000] {dag.py:3722} INFO - Setting next_dagrun for prepare_churn_dataset to None, run_after=None
[2025-06-03T07:02:14.064+0000] {processor.py:179} INFO - Processing /opt/airflow/dags/churn.py took 0.576 seconds
[2025-06-03T07:02:44.273+0000] {processor.py:157} INFO - Started process (PID=2580) to work on /opt/airflow/dags/churn.py
[2025-06-03T07:02:44.275+0000] {processor.py:829} INFO - Processing file /opt/airflow/dags/churn.py for tasks to queue
[2025-06-03T07:02:44.279+0000] {logging_mixin.py:154} INFO - [2025-06-03T07:02:44.278+0000] {dagbag.py:536} INFO - Filling up the DagBag from /opt/airflow/dags/churn.py
[2025-06-03T07:02:44.621+0000] {processor.py:839} INFO - DAG(s) dict_keys(['prepare_churn_dataset']) retrieved from /opt/airflow/dags/churn.py
[2025-06-03T07:02:44.640+0000] {logging_mixin.py:154} INFO - [2025-06-03T07:02:44.639+0000] {dag.py:2941} INFO - Sync 1 DAGs
[2025-06-03T07:02:44.660+0000] {logging_mixin.py:154} INFO - [2025-06-03T07:02:44.660+0000] {dag.py:3722} INFO - Setting next_dagrun for prepare_churn_dataset to None, run_after=None
[2025-06-03T07:02:44.680+0000] {processor.py:179} INFO - Processing /opt/airflow/dags/churn.py took 0.411 seconds
[2025-06-03T07:03:14.947+0000] {processor.py:157} INFO - Started process (PID=2636) to work on /opt/airflow/dags/churn.py
[2025-06-03T07:03:14.949+0000] {processor.py:829} INFO - Processing file /opt/airflow/dags/churn.py for tasks to queue
[2025-06-03T07:03:14.952+0000] {logging_mixin.py:154} INFO - [2025-06-03T07:03:14.952+0000] {dagbag.py:536} INFO - Filling up the DagBag from /opt/airflow/dags/churn.py
[2025-06-03T07:03:15.306+0000] {processor.py:839} INFO - DAG(s) dict_keys(['prepare_churn_dataset']) retrieved from /opt/airflow/dags/churn.py
[2025-06-03T07:03:15.325+0000] {logging_mixin.py:154} INFO - [2025-06-03T07:03:15.325+0000] {dag.py:2941} INFO - Sync 1 DAGs
[2025-06-03T07:03:15.346+0000] {logging_mixin.py:154} INFO - [2025-06-03T07:03:15.346+0000] {dag.py:3722} INFO - Setting next_dagrun for prepare_churn_dataset to None, run_after=None
[2025-06-03T07:03:15.370+0000] {processor.py:179} INFO - Processing /opt/airflow/dags/churn.py took 0.428 seconds
[2025-06-03T07:03:45.512+0000] {processor.py:157} INFO - Started process (PID=2693) to work on /opt/airflow/dags/churn.py
[2025-06-03T07:03:45.513+0000] {processor.py:829} INFO - Processing file /opt/airflow/dags/churn.py for tasks to queue
[2025-06-03T07:03:45.517+0000] {logging_mixin.py:154} INFO - [2025-06-03T07:03:45.516+0000] {dagbag.py:536} INFO - Filling up the DagBag from /opt/airflow/dags/churn.py
[2025-06-03T07:03:45.856+0000] {processor.py:839} INFO - DAG(s) dict_keys(['prepare_churn_dataset']) retrieved from /opt/airflow/dags/churn.py
[2025-06-03T07:03:45.876+0000] {logging_mixin.py:154} INFO - [2025-06-03T07:03:45.875+0000] {dag.py:2941} INFO - Sync 1 DAGs
[2025-06-03T07:03:45.899+0000] {logging_mixin.py:154} INFO - [2025-06-03T07:03:45.899+0000] {dag.py:3722} INFO - Setting next_dagrun for prepare_churn_dataset to None, run_after=None
[2025-06-03T07:03:45.922+0000] {processor.py:179} INFO - Processing /opt/airflow/dags/churn.py took 0.414 seconds
[2025-06-03T07:04:16.074+0000] {processor.py:157} INFO - Started process (PID=2748) to work on /opt/airflow/dags/churn.py
[2025-06-03T07:04:16.079+0000] {processor.py:829} INFO - Processing file /opt/airflow/dags/churn.py for tasks to queue
[2025-06-03T07:04:16.094+0000] {logging_mixin.py:154} INFO - [2025-06-03T07:04:16.093+0000] {dagbag.py:536} INFO - Filling up the DagBag from /opt/airflow/dags/churn.py
[2025-06-03T07:04:16.760+0000] {processor.py:839} INFO - DAG(s) dict_keys(['prepare_churn_dataset']) retrieved from /opt/airflow/dags/churn.py
[2025-06-03T07:04:16.786+0000] {logging_mixin.py:154} INFO - [2025-06-03T07:04:16.785+0000] {dag.py:2941} INFO - Sync 1 DAGs
[2025-06-03T07:04:16.817+0000] {logging_mixin.py:154} INFO - [2025-06-03T07:04:16.817+0000] {dag.py:3722} INFO - Setting next_dagrun for prepare_churn_dataset to None, run_after=None
[2025-06-03T07:04:16.842+0000] {processor.py:179} INFO - Processing /opt/airflow/dags/churn.py took 0.777 seconds
[2025-06-03T07:04:47.303+0000] {processor.py:157} INFO - Started process (PID=2804) to work on /opt/airflow/dags/churn.py
[2025-06-03T07:04:47.304+0000] {processor.py:829} INFO - Processing file /opt/airflow/dags/churn.py for tasks to queue
[2025-06-03T07:04:47.307+0000] {logging_mixin.py:154} INFO - [2025-06-03T07:04:47.307+0000] {dagbag.py:536} INFO - Filling up the DagBag from /opt/airflow/dags/churn.py
[2025-06-03T07:04:47.652+0000] {processor.py:839} INFO - DAG(s) dict_keys(['prepare_churn_dataset']) retrieved from /opt/airflow/dags/churn.py
[2025-06-03T07:04:47.686+0000] {logging_mixin.py:154} INFO - [2025-06-03T07:04:47.685+0000] {dag.py:2941} INFO - Sync 1 DAGs
[2025-06-03T07:04:47.719+0000] {logging_mixin.py:154} INFO - [2025-06-03T07:04:47.719+0000] {dag.py:3722} INFO - Setting next_dagrun for prepare_churn_dataset to None, run_after=None
[2025-06-03T07:04:47.747+0000] {processor.py:179} INFO - Processing /opt/airflow/dags/churn.py took 0.449 seconds
[2025-06-03T07:05:18.505+0000] {processor.py:157} INFO - Started process (PID=2861) to work on /opt/airflow/dags/churn.py
[2025-06-03T07:05:18.507+0000] {processor.py:829} INFO - Processing file /opt/airflow/dags/churn.py for tasks to queue
[2025-06-03T07:05:18.510+0000] {logging_mixin.py:154} INFO - [2025-06-03T07:05:18.509+0000] {dagbag.py:536} INFO - Filling up the DagBag from /opt/airflow/dags/churn.py
[2025-06-03T07:05:18.810+0000] {processor.py:839} INFO - DAG(s) dict_keys(['prepare_churn_dataset']) retrieved from /opt/airflow/dags/churn.py
[2025-06-03T07:05:18.829+0000] {logging_mixin.py:154} INFO - [2025-06-03T07:05:18.828+0000] {dag.py:2941} INFO - Sync 1 DAGs
[2025-06-03T07:05:18.850+0000] {logging_mixin.py:154} INFO - [2025-06-03T07:05:18.850+0000] {dag.py:3722} INFO - Setting next_dagrun for prepare_churn_dataset to None, run_after=None
[2025-06-03T07:05:18.867+0000] {processor.py:179} INFO - Processing /opt/airflow/dags/churn.py took 0.365 seconds
[2025-06-03T07:05:48.968+0000] {processor.py:157} INFO - Started process (PID=2917) to work on /opt/airflow/dags/churn.py
[2025-06-03T07:05:48.968+0000] {processor.py:829} INFO - Processing file /opt/airflow/dags/churn.py for tasks to queue
[2025-06-03T07:05:48.971+0000] {logging_mixin.py:154} INFO - [2025-06-03T07:05:48.971+0000] {dagbag.py:536} INFO - Filling up the DagBag from /opt/airflow/dags/churn.py
[2025-06-03T07:05:49.260+0000] {processor.py:839} INFO - DAG(s) dict_keys(['prepare_churn_dataset']) retrieved from /opt/airflow/dags/churn.py
[2025-06-03T07:05:49.279+0000] {logging_mixin.py:154} INFO - [2025-06-03T07:05:49.279+0000] {dag.py:2941} INFO - Sync 1 DAGs
[2025-06-03T07:05:49.300+0000] {logging_mixin.py:154} INFO - [2025-06-03T07:05:49.300+0000] {dag.py:3722} INFO - Setting next_dagrun for prepare_churn_dataset to None, run_after=None
[2025-06-03T07:05:49.321+0000] {processor.py:179} INFO - Processing /opt/airflow/dags/churn.py took 0.358 seconds
[2025-06-03T07:06:19.386+0000] {processor.py:157} INFO - Started process (PID=2973) to work on /opt/airflow/dags/churn.py
[2025-06-03T07:06:19.389+0000] {processor.py:829} INFO - Processing file /opt/airflow/dags/churn.py for tasks to queue
[2025-06-03T07:06:19.391+0000] {logging_mixin.py:154} INFO - [2025-06-03T07:06:19.391+0000] {dagbag.py:536} INFO - Filling up the DagBag from /opt/airflow/dags/churn.py
[2025-06-03T07:06:19.697+0000] {processor.py:839} INFO - DAG(s) dict_keys(['prepare_churn_dataset']) retrieved from /opt/airflow/dags/churn.py
[2025-06-03T07:06:19.717+0000] {logging_mixin.py:154} INFO - [2025-06-03T07:06:19.716+0000] {dag.py:2941} INFO - Sync 1 DAGs
[2025-06-03T07:06:19.740+0000] {logging_mixin.py:154} INFO - [2025-06-03T07:06:19.740+0000] {dag.py:3722} INFO - Setting next_dagrun for prepare_churn_dataset to None, run_after=None
[2025-06-03T07:06:19.766+0000] {processor.py:179} INFO - Processing /opt/airflow/dags/churn.py took 0.384 seconds
[2025-06-03T07:06:49.872+0000] {processor.py:157} INFO - Started process (PID=3028) to work on /opt/airflow/dags/churn.py
[2025-06-03T07:06:49.873+0000] {processor.py:829} INFO - Processing file /opt/airflow/dags/churn.py for tasks to queue
[2025-06-03T07:06:49.875+0000] {logging_mixin.py:154} INFO - [2025-06-03T07:06:49.875+0000] {dagbag.py:536} INFO - Filling up the DagBag from /opt/airflow/dags/churn.py
[2025-06-03T07:06:50.173+0000] {processor.py:839} INFO - DAG(s) dict_keys(['prepare_churn_dataset']) retrieved from /opt/airflow/dags/churn.py
[2025-06-03T07:06:50.193+0000] {logging_mixin.py:154} INFO - [2025-06-03T07:06:50.192+0000] {dag.py:2941} INFO - Sync 1 DAGs
[2025-06-03T07:06:50.214+0000] {logging_mixin.py:154} INFO - [2025-06-03T07:06:50.213+0000] {dag.py:3722} INFO - Setting next_dagrun for prepare_churn_dataset to None, run_after=None
[2025-06-03T07:06:50.231+0000] {processor.py:179} INFO - Processing /opt/airflow/dags/churn.py took 0.364 seconds
[2025-06-03T07:07:20.312+0000] {processor.py:157} INFO - Started process (PID=3084) to work on /opt/airflow/dags/churn.py
[2025-06-03T07:07:20.313+0000] {processor.py:829} INFO - Processing file /opt/airflow/dags/churn.py for tasks to queue
[2025-06-03T07:07:20.316+0000] {logging_mixin.py:154} INFO - [2025-06-03T07:07:20.316+0000] {dagbag.py:536} INFO - Filling up the DagBag from /opt/airflow/dags/churn.py
[2025-06-03T07:07:20.736+0000] {processor.py:839} INFO - DAG(s) dict_keys(['prepare_churn_dataset']) retrieved from /opt/airflow/dags/churn.py
[2025-06-03T07:07:20.754+0000] {logging_mixin.py:154} INFO - [2025-06-03T07:07:20.754+0000] {dag.py:2941} INFO - Sync 1 DAGs
[2025-06-03T07:07:20.785+0000] {logging_mixin.py:154} INFO - [2025-06-03T07:07:20.785+0000] {dag.py:3722} INFO - Setting next_dagrun for prepare_churn_dataset to None, run_after=None
[2025-06-03T07:07:20.810+0000] {processor.py:179} INFO - Processing /opt/airflow/dags/churn.py took 0.503 seconds
[2025-06-03T07:07:50.836+0000] {processor.py:157} INFO - Started process (PID=3140) to work on /opt/airflow/dags/churn.py
[2025-06-03T07:07:50.837+0000] {processor.py:829} INFO - Processing file /opt/airflow/dags/churn.py for tasks to queue
[2025-06-03T07:07:50.839+0000] {logging_mixin.py:154} INFO - [2025-06-03T07:07:50.839+0000] {dagbag.py:536} INFO - Filling up the DagBag from /opt/airflow/dags/churn.py
[2025-06-03T07:07:51.137+0000] {processor.py:839} INFO - DAG(s) dict_keys(['prepare_churn_dataset']) retrieved from /opt/airflow/dags/churn.py
[2025-06-03T07:07:51.157+0000] {logging_mixin.py:154} INFO - [2025-06-03T07:07:51.157+0000] {dag.py:2941} INFO - Sync 1 DAGs
[2025-06-03T07:07:51.179+0000] {logging_mixin.py:154} INFO - [2025-06-03T07:07:51.179+0000] {dag.py:3722} INFO - Setting next_dagrun for prepare_churn_dataset to None, run_after=None
[2025-06-03T07:07:51.201+0000] {processor.py:179} INFO - Processing /opt/airflow/dags/churn.py took 0.369 seconds
[2025-06-03T07:08:21.920+0000] {processor.py:157} INFO - Started process (PID=3196) to work on /opt/airflow/dags/churn.py
[2025-06-03T07:08:21.924+0000] {processor.py:829} INFO - Processing file /opt/airflow/dags/churn.py for tasks to queue
[2025-06-03T07:08:21.926+0000] {logging_mixin.py:154} INFO - [2025-06-03T07:08:21.926+0000] {dagbag.py:536} INFO - Filling up the DagBag from /opt/airflow/dags/churn.py
[2025-06-03T07:08:22.231+0000] {processor.py:839} INFO - DAG(s) dict_keys(['prepare_churn_dataset']) retrieved from /opt/airflow/dags/churn.py
[2025-06-03T07:08:22.250+0000] {logging_mixin.py:154} INFO - [2025-06-03T07:08:22.250+0000] {dag.py:2941} INFO - Sync 1 DAGs
[2025-06-03T07:08:22.272+0000] {logging_mixin.py:154} INFO - [2025-06-03T07:08:22.272+0000] {dag.py:3722} INFO - Setting next_dagrun for prepare_churn_dataset to None, run_after=None
[2025-06-03T07:08:22.297+0000] {processor.py:179} INFO - Processing /opt/airflow/dags/churn.py took 0.380 seconds
[2025-06-03T07:08:52.807+0000] {processor.py:157} INFO - Started process (PID=3252) to work on /opt/airflow/dags/churn.py
[2025-06-03T07:08:52.808+0000] {processor.py:829} INFO - Processing file /opt/airflow/dags/churn.py for tasks to queue
[2025-06-03T07:08:52.812+0000] {logging_mixin.py:154} INFO - [2025-06-03T07:08:52.811+0000] {dagbag.py:536} INFO - Filling up the DagBag from /opt/airflow/dags/churn.py
[2025-06-03T07:08:53.319+0000] {processor.py:839} INFO - DAG(s) dict_keys(['prepare_churn_dataset']) retrieved from /opt/airflow/dags/churn.py
[2025-06-03T07:08:53.345+0000] {logging_mixin.py:154} INFO - [2025-06-03T07:08:53.344+0000] {dag.py:2941} INFO - Sync 1 DAGs
[2025-06-03T07:08:53.374+0000] {logging_mixin.py:154} INFO - [2025-06-03T07:08:53.374+0000] {dag.py:3722} INFO - Setting next_dagrun for prepare_churn_dataset to None, run_after=None
[2025-06-03T07:08:53.399+0000] {processor.py:179} INFO - Processing /opt/airflow/dags/churn.py took 0.596 seconds
[2025-06-03T07:09:23.686+0000] {processor.py:157} INFO - Started process (PID=3308) to work on /opt/airflow/dags/churn.py
[2025-06-03T07:09:23.688+0000] {processor.py:829} INFO - Processing file /opt/airflow/dags/churn.py for tasks to queue
[2025-06-03T07:09:23.691+0000] {logging_mixin.py:154} INFO - [2025-06-03T07:09:23.690+0000] {dagbag.py:536} INFO - Filling up the DagBag from /opt/airflow/dags/churn.py
[2025-06-03T07:09:24.143+0000] {processor.py:839} INFO - DAG(s) dict_keys(['prepare_churn_dataset']) retrieved from /opt/airflow/dags/churn.py
[2025-06-03T07:09:24.167+0000] {logging_mixin.py:154} INFO - [2025-06-03T07:09:24.166+0000] {dag.py:2941} INFO - Sync 1 DAGs
[2025-06-03T07:09:24.195+0000] {logging_mixin.py:154} INFO - [2025-06-03T07:09:24.195+0000] {dag.py:3722} INFO - Setting next_dagrun for prepare_churn_dataset to None, run_after=None
[2025-06-03T07:09:24.218+0000] {processor.py:179} INFO - Processing /opt/airflow/dags/churn.py took 0.536 seconds
[2025-06-03T07:09:54.611+0000] {processor.py:157} INFO - Started process (PID=3363) to work on /opt/airflow/dags/churn.py
[2025-06-03T07:09:54.612+0000] {processor.py:829} INFO - Processing file /opt/airflow/dags/churn.py for tasks to queue
[2025-06-03T07:09:54.615+0000] {logging_mixin.py:154} INFO - [2025-06-03T07:09:54.614+0000] {dagbag.py:536} INFO - Filling up the DagBag from /opt/airflow/dags/churn.py
[2025-06-03T07:09:55.070+0000] {processor.py:839} INFO - DAG(s) dict_keys(['prepare_churn_dataset']) retrieved from /opt/airflow/dags/churn.py
[2025-06-03T07:09:55.118+0000] {logging_mixin.py:154} INFO - [2025-06-03T07:09:55.115+0000] {dag.py:2941} INFO - Sync 1 DAGs
[2025-06-03T07:09:55.150+0000] {logging_mixin.py:154} INFO - [2025-06-03T07:09:55.150+0000] {dag.py:3722} INFO - Setting next_dagrun for prepare_churn_dataset to None, run_after=None
[2025-06-03T07:09:55.174+0000] {processor.py:179} INFO - Processing /opt/airflow/dags/churn.py took 0.567 seconds
[2025-06-03T07:10:25.244+0000] {processor.py:157} INFO - Started process (PID=3419) to work on /opt/airflow/dags/churn.py
[2025-06-03T07:10:25.246+0000] {processor.py:829} INFO - Processing file /opt/airflow/dags/churn.py for tasks to queue
[2025-06-03T07:10:25.250+0000] {logging_mixin.py:154} INFO - [2025-06-03T07:10:25.249+0000] {dagbag.py:536} INFO - Filling up the DagBag from /opt/airflow/dags/churn.py
[2025-06-03T07:10:25.704+0000] {processor.py:839} INFO - DAG(s) dict_keys(['prepare_churn_dataset']) retrieved from /opt/airflow/dags/churn.py
[2025-06-03T07:10:25.730+0000] {logging_mixin.py:154} INFO - [2025-06-03T07:10:25.729+0000] {dag.py:2941} INFO - Sync 1 DAGs
[2025-06-03T07:10:25.762+0000] {logging_mixin.py:154} INFO - [2025-06-03T07:10:25.761+0000] {dag.py:3722} INFO - Setting next_dagrun for prepare_churn_dataset to None, run_after=None
[2025-06-03T07:10:25.784+0000] {processor.py:179} INFO - Processing /opt/airflow/dags/churn.py took 0.549 seconds
[2025-06-03T07:10:56.043+0000] {processor.py:157} INFO - Started process (PID=3477) to work on /opt/airflow/dags/churn.py
[2025-06-03T07:10:56.046+0000] {processor.py:829} INFO - Processing file /opt/airflow/dags/churn.py for tasks to queue
[2025-06-03T07:10:56.054+0000] {logging_mixin.py:154} INFO - [2025-06-03T07:10:56.053+0000] {dagbag.py:536} INFO - Filling up the DagBag from /opt/airflow/dags/churn.py
[2025-06-03T07:10:56.733+0000] {processor.py:839} INFO - DAG(s) dict_keys(['prepare_churn_dataset']) retrieved from /opt/airflow/dags/churn.py
[2025-06-03T07:10:56.760+0000] {logging_mixin.py:154} INFO - [2025-06-03T07:10:56.759+0000] {dag.py:2941} INFO - Sync 1 DAGs
[2025-06-03T07:10:56.791+0000] {logging_mixin.py:154} INFO - [2025-06-03T07:10:56.791+0000] {dag.py:3722} INFO - Setting next_dagrun for prepare_churn_dataset to None, run_after=None
[2025-06-03T07:10:56.820+0000] {processor.py:179} INFO - Processing /opt/airflow/dags/churn.py took 0.790 seconds
[2025-06-03T07:11:27.743+0000] {processor.py:157} INFO - Started process (PID=3535) to work on /opt/airflow/dags/churn.py
[2025-06-03T07:11:27.745+0000] {processor.py:829} INFO - Processing file /opt/airflow/dags/churn.py for tasks to queue
[2025-06-03T07:11:27.748+0000] {logging_mixin.py:154} INFO - [2025-06-03T07:11:27.748+0000] {dagbag.py:536} INFO - Filling up the DagBag from /opt/airflow/dags/churn.py
[2025-06-03T07:11:28.215+0000] {processor.py:839} INFO - DAG(s) dict_keys(['prepare_churn_dataset']) retrieved from /opt/airflow/dags/churn.py
[2025-06-03T07:11:28.239+0000] {logging_mixin.py:154} INFO - [2025-06-03T07:11:28.239+0000] {dag.py:2941} INFO - Sync 1 DAGs
[2025-06-03T07:11:28.268+0000] {logging_mixin.py:154} INFO - [2025-06-03T07:11:28.268+0000] {dag.py:3722} INFO - Setting next_dagrun for prepare_churn_dataset to None, run_after=None
[2025-06-03T07:11:28.292+0000] {processor.py:179} INFO - Processing /opt/airflow/dags/churn.py took 0.554 seconds
[2025-06-03T07:11:58.397+0000] {processor.py:157} INFO - Started process (PID=3592) to work on /opt/airflow/dags/churn.py
[2025-06-03T07:11:58.398+0000] {processor.py:829} INFO - Processing file /opt/airflow/dags/churn.py for tasks to queue
[2025-06-03T07:11:58.400+0000] {logging_mixin.py:154} INFO - [2025-06-03T07:11:58.400+0000] {dagbag.py:536} INFO - Filling up the DagBag from /opt/airflow/dags/churn.py
[2025-06-03T07:11:58.691+0000] {processor.py:839} INFO - DAG(s) dict_keys(['prepare_churn_dataset']) retrieved from /opt/airflow/dags/churn.py
[2025-06-03T07:11:58.711+0000] {logging_mixin.py:154} INFO - [2025-06-03T07:11:58.710+0000] {dag.py:2941} INFO - Sync 1 DAGs
[2025-06-03T07:11:58.731+0000] {logging_mixin.py:154} INFO - [2025-06-03T07:11:58.731+0000] {dag.py:3722} INFO - Setting next_dagrun for prepare_churn_dataset to None, run_after=None
[2025-06-03T07:11:58.751+0000] {processor.py:179} INFO - Processing /opt/airflow/dags/churn.py took 0.357 seconds
[2025-06-03T07:12:28.778+0000] {processor.py:157} INFO - Started process (PID=3648) to work on /opt/airflow/dags/churn.py
[2025-06-03T07:12:28.779+0000] {processor.py:829} INFO - Processing file /opt/airflow/dags/churn.py for tasks to queue
[2025-06-03T07:12:28.782+0000] {logging_mixin.py:154} INFO - [2025-06-03T07:12:28.781+0000] {dagbag.py:536} INFO - Filling up the DagBag from /opt/airflow/dags/churn.py
[2025-06-03T07:12:29.074+0000] {processor.py:839} INFO - DAG(s) dict_keys(['prepare_churn_dataset']) retrieved from /opt/airflow/dags/churn.py
[2025-06-03T07:12:29.095+0000] {logging_mixin.py:154} INFO - [2025-06-03T07:12:29.095+0000] {dag.py:2941} INFO - Sync 1 DAGs
[2025-06-03T07:12:29.116+0000] {logging_mixin.py:154} INFO - [2025-06-03T07:12:29.116+0000] {dag.py:3722} INFO - Setting next_dagrun for prepare_churn_dataset to None, run_after=None
[2025-06-03T07:12:29.136+0000] {processor.py:179} INFO - Processing /opt/airflow/dags/churn.py took 0.362 seconds
[2025-06-03T07:12:59.236+0000] {processor.py:157} INFO - Started process (PID=3705) to work on /opt/airflow/dags/churn.py
[2025-06-03T07:12:59.237+0000] {processor.py:829} INFO - Processing file /opt/airflow/dags/churn.py for tasks to queue
[2025-06-03T07:12:59.239+0000] {logging_mixin.py:154} INFO - [2025-06-03T07:12:59.239+0000] {dagbag.py:536} INFO - Filling up the DagBag from /opt/airflow/dags/churn.py
[2025-06-03T07:12:59.615+0000] {processor.py:839} INFO - DAG(s) dict_keys(['prepare_churn_dataset']) retrieved from /opt/airflow/dags/churn.py
[2025-06-03T07:12:59.634+0000] {logging_mixin.py:154} INFO - [2025-06-03T07:12:59.634+0000] {dag.py:2941} INFO - Sync 1 DAGs
[2025-06-03T07:12:59.655+0000] {logging_mixin.py:154} INFO - [2025-06-03T07:12:59.655+0000] {dag.py:3722} INFO - Setting next_dagrun for prepare_churn_dataset to None, run_after=None
[2025-06-03T07:12:59.676+0000] {processor.py:179} INFO - Processing /opt/airflow/dags/churn.py took 0.444 seconds
[2025-06-03T07:13:30.127+0000] {processor.py:157} INFO - Started process (PID=3761) to work on /opt/airflow/dags/churn.py
[2025-06-03T07:13:30.138+0000] {processor.py:829} INFO - Processing file /opt/airflow/dags/churn.py for tasks to queue
[2025-06-03T07:13:30.141+0000] {logging_mixin.py:154} INFO - [2025-06-03T07:13:30.141+0000] {dagbag.py:536} INFO - Filling up the DagBag from /opt/airflow/dags/churn.py
[2025-06-03T07:13:30.538+0000] {processor.py:839} INFO - DAG(s) dict_keys(['prepare_churn_dataset']) retrieved from /opt/airflow/dags/churn.py
[2025-06-03T07:13:30.559+0000] {logging_mixin.py:154} INFO - [2025-06-03T07:13:30.559+0000] {dag.py:2941} INFO - Sync 1 DAGs
[2025-06-03T07:13:30.582+0000] {logging_mixin.py:154} INFO - [2025-06-03T07:13:30.582+0000] {dag.py:3722} INFO - Setting next_dagrun for prepare_churn_dataset to None, run_after=None
[2025-06-03T07:13:30.633+0000] {processor.py:179} INFO - Processing /opt/airflow/dags/churn.py took 0.511 seconds
[2025-06-03T07:14:00.905+0000] {processor.py:157} INFO - Started process (PID=3820) to work on /opt/airflow/dags/churn.py
[2025-06-03T07:14:00.906+0000] {processor.py:829} INFO - Processing file /opt/airflow/dags/churn.py for tasks to queue
[2025-06-03T07:14:00.909+0000] {logging_mixin.py:154} INFO - [2025-06-03T07:14:00.908+0000] {dagbag.py:536} INFO - Filling up the DagBag from /opt/airflow/dags/churn.py
[2025-06-03T07:14:01.341+0000] {processor.py:839} INFO - DAG(s) dict_keys(['prepare_churn_dataset']) retrieved from /opt/airflow/dags/churn.py
[2025-06-03T07:14:01.367+0000] {logging_mixin.py:154} INFO - [2025-06-03T07:14:01.366+0000] {dag.py:2941} INFO - Sync 1 DAGs
[2025-06-03T07:14:01.398+0000] {logging_mixin.py:154} INFO - [2025-06-03T07:14:01.398+0000] {dag.py:3722} INFO - Setting next_dagrun for prepare_churn_dataset to None, run_after=None
[2025-06-03T07:14:01.421+0000] {processor.py:179} INFO - Processing /opt/airflow/dags/churn.py took 0.530 seconds
[2025-06-03T07:14:32.131+0000] {processor.py:157} INFO - Started process (PID=3877) to work on /opt/airflow/dags/churn.py
[2025-06-03T07:14:32.134+0000] {processor.py:829} INFO - Processing file /opt/airflow/dags/churn.py for tasks to queue
[2025-06-03T07:14:32.139+0000] {logging_mixin.py:154} INFO - [2025-06-03T07:14:32.138+0000] {dagbag.py:536} INFO - Filling up the DagBag from /opt/airflow/dags/churn.py
[2025-06-03T07:14:33.058+0000] {processor.py:839} INFO - DAG(s) dict_keys(['prepare_churn_dataset']) retrieved from /opt/airflow/dags/churn.py
[2025-06-03T07:14:33.083+0000] {logging_mixin.py:154} INFO - [2025-06-03T07:14:33.083+0000] {dag.py:2941} INFO - Sync 1 DAGs
[2025-06-03T07:14:33.113+0000] {logging_mixin.py:154} INFO - [2025-06-03T07:14:33.113+0000] {dag.py:3722} INFO - Setting next_dagrun for prepare_churn_dataset to None, run_after=None
[2025-06-03T07:14:33.136+0000] {processor.py:179} INFO - Processing /opt/airflow/dags/churn.py took 1.022 seconds
[2025-06-03T07:15:03.396+0000] {processor.py:157} INFO - Started process (PID=3940) to work on /opt/airflow/dags/churn.py
[2025-06-03T07:15:03.397+0000] {processor.py:829} INFO - Processing file /opt/airflow/dags/churn.py for tasks to queue
[2025-06-03T07:15:03.400+0000] {logging_mixin.py:154} INFO - [2025-06-03T07:15:03.400+0000] {dagbag.py:536} INFO - Filling up the DagBag from /opt/airflow/dags/churn.py
[2025-06-03T07:15:03.827+0000] {processor.py:839} INFO - DAG(s) dict_keys(['prepare_churn_dataset']) retrieved from /opt/airflow/dags/churn.py
[2025-06-03T07:15:03.847+0000] {logging_mixin.py:154} INFO - [2025-06-03T07:15:03.847+0000] {dag.py:2941} INFO - Sync 1 DAGs
[2025-06-03T07:15:03.871+0000] {logging_mixin.py:154} INFO - [2025-06-03T07:15:03.870+0000] {dag.py:3722} INFO - Setting next_dagrun for prepare_churn_dataset to None, run_after=None
[2025-06-03T07:15:03.892+0000] {processor.py:179} INFO - Processing /opt/airflow/dags/churn.py took 0.500 seconds
[2025-06-03T07:15:33.946+0000] {processor.py:157} INFO - Started process (PID=3999) to work on /opt/airflow/dags/churn.py
[2025-06-03T07:15:33.947+0000] {processor.py:829} INFO - Processing file /opt/airflow/dags/churn.py for tasks to queue
[2025-06-03T07:15:33.950+0000] {logging_mixin.py:154} INFO - [2025-06-03T07:15:33.950+0000] {dagbag.py:536} INFO - Filling up the DagBag from /opt/airflow/dags/churn.py
[2025-06-03T07:15:34.244+0000] {processor.py:839} INFO - DAG(s) dict_keys(['prepare_churn_dataset']) retrieved from /opt/airflow/dags/churn.py
[2025-06-03T07:15:34.264+0000] {logging_mixin.py:154} INFO - [2025-06-03T07:15:34.264+0000] {dag.py:2941} INFO - Sync 1 DAGs
[2025-06-03T07:15:34.285+0000] {logging_mixin.py:154} INFO - [2025-06-03T07:15:34.285+0000] {dag.py:3722} INFO - Setting next_dagrun for prepare_churn_dataset to None, run_after=None
[2025-06-03T07:15:34.305+0000] {processor.py:179} INFO - Processing /opt/airflow/dags/churn.py took 0.362 seconds
[2025-06-03T07:16:05.102+0000] {processor.py:157} INFO - Started process (PID=4055) to work on /opt/airflow/dags/churn.py
[2025-06-03T07:16:05.103+0000] {processor.py:829} INFO - Processing file /opt/airflow/dags/churn.py for tasks to queue
[2025-06-03T07:16:05.106+0000] {logging_mixin.py:154} INFO - [2025-06-03T07:16:05.106+0000] {dagbag.py:536} INFO - Filling up the DagBag from /opt/airflow/dags/churn.py
[2025-06-03T07:16:05.395+0000] {processor.py:839} INFO - DAG(s) dict_keys(['prepare_churn_dataset']) retrieved from /opt/airflow/dags/churn.py
[2025-06-03T07:16:05.414+0000] {logging_mixin.py:154} INFO - [2025-06-03T07:16:05.414+0000] {dag.py:2941} INFO - Sync 1 DAGs
[2025-06-03T07:16:05.436+0000] {logging_mixin.py:154} INFO - [2025-06-03T07:16:05.435+0000] {dag.py:3722} INFO - Setting next_dagrun for prepare_churn_dataset to None, run_after=None
[2025-06-03T07:16:05.461+0000] {processor.py:179} INFO - Processing /opt/airflow/dags/churn.py took 0.363 seconds
[2025-06-03T07:16:35.642+0000] {processor.py:157} INFO - Started process (PID=4112) to work on /opt/airflow/dags/churn.py
[2025-06-03T07:16:35.643+0000] {processor.py:829} INFO - Processing file /opt/airflow/dags/churn.py for tasks to queue
[2025-06-03T07:16:35.646+0000] {logging_mixin.py:154} INFO - [2025-06-03T07:16:35.646+0000] {dagbag.py:536} INFO - Filling up the DagBag from /opt/airflow/dags/churn.py
[2025-06-03T07:16:36.061+0000] {processor.py:839} INFO - DAG(s) dict_keys(['prepare_churn_dataset']) retrieved from /opt/airflow/dags/churn.py
[2025-06-03T07:16:36.090+0000] {logging_mixin.py:154} INFO - [2025-06-03T07:16:36.090+0000] {dag.py:2941} INFO - Sync 1 DAGs
[2025-06-03T07:16:36.128+0000] {logging_mixin.py:154} INFO - [2025-06-03T07:16:36.128+0000] {dag.py:3722} INFO - Setting next_dagrun for prepare_churn_dataset to None, run_after=None
[2025-06-03T07:16:36.148+0000] {processor.py:179} INFO - Processing /opt/airflow/dags/churn.py took 0.511 seconds
[2025-06-03T07:16:51.910+0000] {processor.py:157} INFO - Started process (PID=4142) to work on /opt/airflow/dags/churn.py
[2025-06-03T07:16:51.911+0000] {processor.py:829} INFO - Processing file /opt/airflow/dags/churn.py for tasks to queue
[2025-06-03T07:16:51.914+0000] {logging_mixin.py:154} INFO - [2025-06-03T07:16:51.913+0000] {dagbag.py:536} INFO - Filling up the DagBag from /opt/airflow/dags/churn.py
[2025-06-03T07:16:52.231+0000] {processor.py:839} INFO - DAG(s) dict_keys(['prepare_churn_dataset']) retrieved from /opt/airflow/dags/churn.py
[2025-06-03T07:16:52.251+0000] {logging_mixin.py:154} INFO - [2025-06-03T07:16:52.250+0000] {dag.py:2941} INFO - Sync 1 DAGs
[2025-06-03T07:16:52.271+0000] {logging_mixin.py:154} INFO - [2025-06-03T07:16:52.271+0000] {dag.py:3722} INFO - Setting next_dagrun for prepare_churn_dataset to None, run_after=None
[2025-06-03T07:16:52.291+0000] {processor.py:179} INFO - Processing /opt/airflow/dags/churn.py took 0.384 seconds
[2025-06-03T07:17:23.008+0000] {processor.py:157} INFO - Started process (PID=4198) to work on /opt/airflow/dags/churn.py
[2025-06-03T07:17:23.010+0000] {processor.py:829} INFO - Processing file /opt/airflow/dags/churn.py for tasks to queue
[2025-06-03T07:17:23.013+0000] {logging_mixin.py:154} INFO - [2025-06-03T07:17:23.013+0000] {dagbag.py:536} INFO - Filling up the DagBag from /opt/airflow/dags/churn.py
[2025-06-03T07:17:23.372+0000] {processor.py:839} INFO - DAG(s) dict_keys(['prepare_churn_dataset']) retrieved from /opt/airflow/dags/churn.py
[2025-06-03T07:17:23.392+0000] {logging_mixin.py:154} INFO - [2025-06-03T07:17:23.392+0000] {dag.py:2941} INFO - Sync 1 DAGs
[2025-06-03T07:17:23.413+0000] {logging_mixin.py:154} INFO - [2025-06-03T07:17:23.412+0000] {dag.py:3722} INFO - Setting next_dagrun for prepare_churn_dataset to None, run_after=None
[2025-06-03T07:17:23.436+0000] {processor.py:179} INFO - Processing /opt/airflow/dags/churn.py took 0.432 seconds
[2025-06-03T07:17:38.186+0000] {processor.py:157} INFO - Started process (PID=4230) to work on /opt/airflow/dags/churn.py
[2025-06-03T07:17:38.187+0000] {processor.py:829} INFO - Processing file /opt/airflow/dags/churn.py for tasks to queue
[2025-06-03T07:17:38.190+0000] {logging_mixin.py:154} INFO - [2025-06-03T07:17:38.190+0000] {dagbag.py:536} INFO - Filling up the DagBag from /opt/airflow/dags/churn.py
[2025-06-03T07:17:38.794+0000] {processor.py:839} INFO - DAG(s) dict_keys(['prepare_churn_dataset']) retrieved from /opt/airflow/dags/churn.py
[2025-06-03T07:17:38.821+0000] {logging_mixin.py:154} INFO - [2025-06-03T07:17:38.820+0000] {dag.py:2941} INFO - Sync 1 DAGs
[2025-06-03T07:17:38.854+0000] {logging_mixin.py:154} INFO - [2025-06-03T07:17:38.854+0000] {dag.py:3722} INFO - Setting next_dagrun for prepare_churn_dataset to None, run_after=None
[2025-06-03T07:17:38.881+0000] {processor.py:179} INFO - Processing /opt/airflow/dags/churn.py took 0.702 seconds
[2025-06-03T07:18:09.058+0000] {processor.py:157} INFO - Started process (PID=4286) to work on /opt/airflow/dags/churn.py
[2025-06-03T07:18:09.061+0000] {processor.py:829} INFO - Processing file /opt/airflow/dags/churn.py for tasks to queue
[2025-06-03T07:18:09.065+0000] {logging_mixin.py:154} INFO - [2025-06-03T07:18:09.065+0000] {dagbag.py:536} INFO - Filling up the DagBag from /opt/airflow/dags/churn.py
[2025-06-03T07:18:09.541+0000] {processor.py:839} INFO - DAG(s) dict_keys(['prepare_churn_dataset']) retrieved from /opt/airflow/dags/churn.py
[2025-06-03T07:18:09.566+0000] {logging_mixin.py:154} INFO - [2025-06-03T07:18:09.565+0000] {dag.py:2941} INFO - Sync 1 DAGs
[2025-06-03T07:18:09.594+0000] {logging_mixin.py:154} INFO - [2025-06-03T07:18:09.594+0000] {dag.py:3722} INFO - Setting next_dagrun for prepare_churn_dataset to None, run_after=None
[2025-06-03T07:18:09.622+0000] {processor.py:179} INFO - Processing /opt/airflow/dags/churn.py took 0.570 seconds
[2025-06-03T07:18:39.749+0000] {processor.py:157} INFO - Started process (PID=4345) to work on /opt/airflow/dags/churn.py
[2025-06-03T07:18:39.750+0000] {processor.py:829} INFO - Processing file /opt/airflow/dags/churn.py for tasks to queue
[2025-06-03T07:18:39.753+0000] {logging_mixin.py:154} INFO - [2025-06-03T07:18:39.752+0000] {dagbag.py:536} INFO - Filling up the DagBag from /opt/airflow/dags/churn.py
[2025-06-03T07:18:40.180+0000] {processor.py:839} INFO - DAG(s) dict_keys(['prepare_churn_dataset']) retrieved from /opt/airflow/dags/churn.py
[2025-06-03T07:18:40.199+0000] {logging_mixin.py:154} INFO - [2025-06-03T07:18:40.199+0000] {dag.py:2941} INFO - Sync 1 DAGs
[2025-06-03T07:18:40.220+0000] {logging_mixin.py:154} INFO - [2025-06-03T07:18:40.220+0000] {dag.py:3722} INFO - Setting next_dagrun for prepare_churn_dataset to None, run_after=None
[2025-06-03T07:18:40.243+0000] {processor.py:179} INFO - Processing /opt/airflow/dags/churn.py took 0.499 seconds
[2025-06-03T07:19:10.436+0000] {processor.py:157} INFO - Started process (PID=4398) to work on /opt/airflow/dags/churn.py
[2025-06-03T07:19:10.439+0000] {processor.py:829} INFO - Processing file /opt/airflow/dags/churn.py for tasks to queue
[2025-06-03T07:19:10.442+0000] {logging_mixin.py:154} INFO - [2025-06-03T07:19:10.442+0000] {dagbag.py:536} INFO - Filling up the DagBag from /opt/airflow/dags/churn.py
[2025-06-03T07:19:10.859+0000] {processor.py:839} INFO - DAG(s) dict_keys(['prepare_churn_dataset']) retrieved from /opt/airflow/dags/churn.py
[2025-06-03T07:19:10.884+0000] {logging_mixin.py:154} INFO - [2025-06-03T07:19:10.883+0000] {dag.py:2941} INFO - Sync 1 DAGs
[2025-06-03T07:19:10.915+0000] {logging_mixin.py:154} INFO - [2025-06-03T07:19:10.914+0000] {dag.py:3722} INFO - Setting next_dagrun for prepare_churn_dataset to None, run_after=None
[2025-06-03T07:19:10.940+0000] {processor.py:179} INFO - Processing /opt/airflow/dags/churn.py took 0.509 seconds
[2025-06-03T07:19:41.029+0000] {processor.py:157} INFO - Started process (PID=4454) to work on /opt/airflow/dags/churn.py
[2025-06-03T07:19:41.030+0000] {processor.py:829} INFO - Processing file /opt/airflow/dags/churn.py for tasks to queue
[2025-06-03T07:19:41.033+0000] {logging_mixin.py:154} INFO - [2025-06-03T07:19:41.032+0000] {dagbag.py:536} INFO - Filling up the DagBag from /opt/airflow/dags/churn.py
[2025-06-03T07:19:41.500+0000] {processor.py:839} INFO - DAG(s) dict_keys(['prepare_churn_dataset']) retrieved from /opt/airflow/dags/churn.py
[2025-06-03T07:19:41.526+0000] {logging_mixin.py:154} INFO - [2025-06-03T07:19:41.526+0000] {dag.py:2941} INFO - Sync 1 DAGs
[2025-06-03T07:19:41.554+0000] {logging_mixin.py:154} INFO - [2025-06-03T07:19:41.553+0000] {dag.py:3722} INFO - Setting next_dagrun for prepare_churn_dataset to None, run_after=None
[2025-06-03T07:19:41.579+0000] {processor.py:179} INFO - Processing /opt/airflow/dags/churn.py took 0.554 seconds
