[2025-06-03T07:09:31.747+0000] {taskinstance.py:1159} INFO - Dependencies all met for dep_context=non-requeueable deps ti=<TaskInstance: prepare_churn_dataset.load scheduled__2025-06-03T00:00:00+00:00 [queued]>
[2025-06-03T07:09:31.756+0000] {taskinstance.py:1159} INFO - Dependencies all met for dep_context=requeueable deps ti=<TaskInstance: prepare_churn_dataset.load scheduled__2025-06-03T00:00:00+00:00 [queued]>
[2025-06-03T07:09:31.756+0000] {taskinstance.py:1361} INFO - Starting attempt 2 of 2
[2025-06-03T07:09:31.774+0000] {taskinstance.py:1382} INFO - Executing <Task(_PythonDecoratedOperator): load> on 2025-06-03 00:00:00+00:00
[2025-06-03T07:09:31.781+0000] {standard_task_runner.py:57} INFO - Started process 468 to run task
[2025-06-03T07:09:31.790+0000] {standard_task_runner.py:84} INFO - Running: ['***', 'tasks', 'run', 'prepare_churn_dataset', 'load', 'scheduled__2025-06-03T00:00:00+00:00', '--job-id', '17', '--raw', '--subdir', 'DAGS_FOLDER/churn.py', '--cfg-path', '/tmp/tmpl89fp8is']
[2025-06-03T07:09:31.791+0000] {standard_task_runner.py:85} INFO - Job 17: Subtask load
[2025-06-03T07:09:31.840+0000] {task_command.py:416} INFO - Running <TaskInstance: prepare_churn_dataset.load scheduled__2025-06-03T00:00:00+00:00 [running]> on host 2ad5921a312f
[2025-06-03T07:09:32.045+0000] {taskinstance.py:1662} INFO - Exporting env vars: AIRFLOW_CTX_DAG_OWNER='***' AIRFLOW_CTX_DAG_ID='prepare_churn_dataset' AIRFLOW_CTX_TASK_ID='load' AIRFLOW_CTX_EXECUTION_DATE='2025-06-03T00:00:00+00:00' AIRFLOW_CTX_TRY_NUMBER='2' AIRFLOW_CTX_DAG_RUN_ID='scheduled__2025-06-03T00:00:00+00:00'
[2025-06-03T07:09:32.065+0000] {base.py:73} INFO - Using connection ID 'destination_db' for task execution.
[2025-06-03T07:09:32.747+0000] {sql.py:512} INFO - Loaded 1000 rows into users_churn so far
[2025-06-03T07:09:33.431+0000] {sql.py:512} INFO - Loaded 2000 rows into users_churn so far
[2025-06-03T07:09:34.018+0000] {sql.py:512} INFO - Loaded 3000 rows into users_churn so far
[2025-06-03T07:09:34.714+0000] {sql.py:512} INFO - Loaded 4000 rows into users_churn so far
[2025-06-03T07:09:35.386+0000] {sql.py:512} INFO - Loaded 5000 rows into users_churn so far
[2025-06-03T07:09:35.981+0000] {sql.py:512} INFO - Loaded 6000 rows into users_churn so far
[2025-06-03T07:09:36.554+0000] {sql.py:512} INFO - Loaded 7000 rows into users_churn so far
[2025-06-03T07:09:36.633+0000] {sql.py:515} INFO - Done loading. Loaded a total of 7043 rows into users_churn
[2025-06-03T07:09:36.635+0000] {python.py:194} INFO - Done. Returned value was: None
[2025-06-03T07:09:36.643+0000] {taskinstance.py:1400} INFO - Marking task as SUCCESS. dag_id=prepare_churn_dataset, task_id=load, execution_date=20250603T000000, start_date=20250603T070931, end_date=20250603T070936
[2025-06-03T07:09:36.695+0000] {local_task_job_runner.py:228} INFO - Task exited with return code 0
[2025-06-03T07:09:36.711+0000] {taskinstance.py:2778} INFO - 0 downstream tasks scheduled from follow-on schedule check
